[2019-08-24 10:05:27] trace  /app/ewei_shopv2_api.php?i=2&r=cacheset&version=&comefrom=wxapp&openid=sns_wa_oWJzS5MAGIpbXvCEBqZW0paVwsWA&mid=&merchid=&authkey=MGQ3ZEM4THhtbmNXWTFpc054Z3RIQ3J2OE1McUI2ZG5oU3RIK0hxUkJIcTFvZFpUNEFDTXB3TlRGdzd3Y010MkRFcjBnQjc2&timestamp=1566612326865 yoxwechatbusinessModel::set_user:BEGIN
[2019-08-24 10:05:28] trace  /app/ewei_shopv2_api.php?i=2&r=cacheset&version=&comefrom=wxapp&openid=sns_wa_oWJzS5MAGIpbXvCEBqZW0paVwsWA&mid=&merchid=&authkey=MjRjMEZuMVJQZXdDSlNVNU1EVmlXSTVJSGZDRnZzQVcwMnBoWG9MUG41QjBwV3c1eDhCOWMzU3ZZWXhlV1RGcDd6T29PZWNM&timestamp=1566612326950 yoxwechatbusinessModel::set_user:BEGIN
[2019-08-24 10:05:52] trace  /app/ewei_shopv2_api.php?i=2&r=yoxwechatbusiness&isajax=1&comefrom=wxapp&openid=sns_wa_oWJzS5MAGIpbXvCEBqZW0paVwsWA&mid=&merchid=&authkey=&timestamp=1566612351568 yoxwechatbusinessModel::set_user:BEGIN
[2019-08-24 10:05:52] trace  /app/ewei_shopv2_api.php?i=2&r=bargain.act&comefrom=wxapp&openid=sns_wa_oWJzS5MAGIpbXvCEBqZW0paVwsWA&mid=&merchid=&authkey=&timestamp=1566612351580 yoxwechatbusinessModel::set_user:BEGIN
[2019-08-24 10:05:56] trace  /app/ewei_shopv2_api.php?i=2&r=diypage&type=home&comefrom=wxapp&openid=sns_wa_oWJzS5MAGIpbXvCEBqZW0paVwsWA&mid=&merchid=&authkey=&timestamp=1566612355791 yoxwechatbusinessModel::set_user:BEGIN
[2019-08-24 10:05:57] trace  /app/ewei_shopv2_api.php?i=2&r=black&comefrom=wxapp&openid=sns_wa_oWJzS5MAGIpbXvCEBqZW0paVwsWA&mid=&merchid=&authkey=&timestamp=1566612355757 yoxwechatbusinessModel::set_user:BEGIN
[2019-08-24 10:05:57] trace  /app/ewei_shopv2_api.php?i=2&r=shop.get_hasnewcoupon&comefrom=wxapp&openid=sns_wa_oWJzS5MAGIpbXvCEBqZW0paVwsWA&mid=&merchid=&authkey=&timestamp=1566612355857 yoxwechatbusinessModel::set_user:BEGIN
[2019-08-24 10:05:57] trace  /app/ewei_shopv2_api.php?i=2&r=shop.get_shopindex&comefrom=wxapp&openid=sns_wa_oWJzS5MAGIpbXvCEBqZW0paVwsWA&mid=&merchid=&authkey=&timestamp=1566612355840 yoxwechatbusinessModel::set_user:BEGIN
[2019-08-24 10:05:57] trace  /app/ewei_shopv2_api.php?i=2&r=shop.get_cpinfos&comefrom=wxapp&openid=sns_wa_oWJzS5MAGIpbXvCEBqZW0paVwsWA&mid=&merchid=&authkey=&timestamp=1566612355874 yoxwechatbusinessModel::set_user:BEGIN
[2019-08-24 10:06:08] trace  /app/ewei_shopv2_api.php?i=2&r=shop.get_category&comefrom=wxapp&openid=sns_wa_oWJzS5MAGIpbXvCEBqZW0paVwsWA&mid=&merchid=&authkey=&timestamp=1566612367246 yoxwechatbusinessModel::set_user:BEGIN
[2019-08-24 10:06:15] trace  /app/ewei_shopv2_api.php?i=2&r=shop.get_hasnewcoupon&comefrom=wxapp&openid=sns_wa_oWJzS5MAGIpbXvCEBqZW0paVwsWA&mid=&merchid=&authkey=&timestamp=1566612374055 yoxwechatbusinessModel::set_user:BEGIN
[2019-08-24 10:06:15] trace  /app/ewei_shopv2_api.php?i=2&r=shop.get_cpinfos&comefrom=wxapp&openid=sns_wa_oWJzS5MAGIpbXvCEBqZW0paVwsWA&mid=&merchid=&authkey=&timestamp=1566612374072 yoxwechatbusinessModel::set_user:BEGIN
[2019-08-24 10:06:15] trace  /app/ewei_shopv2_api.php?i=2&r=shop.get_shopindex&comefrom=wxapp&openid=sns_wa_oWJzS5MAGIpbXvCEBqZW0paVwsWA&mid=&merchid=&authkey=&timestamp=1566612374038 yoxwechatbusinessModel::set_user:BEGIN
[2019-08-24 12:07:10] trace  /app/ewei_shopv2_api.php?i=2&r=cacheset&version=&comefrom=wxapp&openid=sns_wa_oWJzS5P4sMWTaQPJwuDXv7E0h8XM&mid=&merchid=&authkey=ZGRkZkM4ZHZRS0hPTHdRR0lZWUkwYmRkdVdFRXRFdk5lTmVHNjRURlJyQ0RlSDhEbHE5VlRDM0YxL3F0dGRqZENVVHdlSVZB&timestamp=1566619631930 yoxwechatbusinessModel::set_user:BEGIN
[2019-08-24 12:07:10] trace  /app/ewei_shopv2_api.php?i=2&r=cacheset&version=&comefrom=wxapp&openid=sns_wa_oWJzS5P4sMWTaQPJwuDXv7E0h8XM&mid=&merchid=&authkey=OTk0NTRnSnBPZVphVUlWT1BBQy8wQW9pSGFkTm5DdnIxaWxjNmdOaDRYcFU2UGpzU0dneVA0Z1dabktLKzZoWDYxVktDVU0y&timestamp=1566619632002 yoxwechatbusinessModel::set_user:BEGIN
[2019-08-24 12:07:48] trace  /app/ewei_shopv2_api.php?i=2&r=black&comefrom=wxapp&openid=sns_wa_oWJzS5P4sMWTaQPJwuDXv7E0h8XM&mid=&merchid=&authkey=&timestamp=1566619670486 yoxwechatbusinessModel::set_user:BEGIN
[2019-08-24 12:07:49] trace  /app/ewei_shopv2_api.php?i=2&r=diypage&type=goodsdetail&comefrom=wxapp&openid=sns_wa_oWJzS5P4sMWTaQPJwuDXv7E0h8XM&mid=&merchid=&authkey=&timestamp=1566619670498 yoxwechatbusinessModel::set_user:BEGIN
[2019-08-24 12:07:50] trace  /app/ewei_shopv2_api.php?i=2&r=goods.get_detail&id=24&comefrom=wxapp&openid=sns_wa_oWJzS5P4sMWTaQPJwuDXv7E0h8XM&mid=&merchid=&authkey=NDdlMHhXektMNzRPajF4QWlJZllTOGkwM1lmVkE2dmFkbnFvSjVvQ09Zajhoa1Vmay9kZzAxTGF2ZEIzVmJaWGh1Z2djQ2p3VTE4RVoraEppZ2x4VExhTURObUhQUVp2TGZoQTZWQ3dVd1ZKV2c%3D&timestamp=1566619671827 yoxwechatbusinessModel::set_user:BEGIN
[2019-08-24 12:07:50] trace  /app/ewei_shopv2_api.php?i=2&r=goods.get_comments&id=24&comefrom=wxapp&openid=sns_wa_oWJzS5P4sMWTaQPJwuDXv7E0h8XM&mid=&merchid=&authkey=&timestamp=1566619672333 yoxwechatbusinessModel::set_user:BEGIN
[2019-08-24 12:07:55] trace  /app/ewei_shopv2_api.php?i=2&r=shop.get_cpinfos&comefrom=wxapp&openid=sns_wa_oWJzS5P4sMWTaQPJwuDXv7E0h8XM&mid=&merchid=&authkey=&timestamp=1566619676745 yoxwechatbusinessModel::set_user:BEGIN
[2019-08-24 12:07:55] trace  /app/ewei_shopv2_api.php?i=2&r=shop.get_shopindex&comefrom=wxapp&openid=sns_wa_oWJzS5P4sMWTaQPJwuDXv7E0h8XM&mid=&merchid=&authkey=&timestamp=1566619676729 yoxwechatbusinessModel::set_user:BEGIN
[2019-08-24 12:07:55] trace  /app/ewei_shopv2_api.php?i=2&r=shop.get_hasnewcoupon&comefrom=wxapp&openid=sns_wa_oWJzS5P4sMWTaQPJwuDXv7E0h8XM&mid=&merchid=&authkey=&timestamp=1566619676740 yoxwechatbusinessModel::set_user:BEGIN
[2019-08-24 12:07:56] trace  /app/ewei_shopv2_api.php?i=2&r=black&comefrom=wxapp&openid=sns_wa_oWJzS5P4sMWTaQPJwuDXv7E0h8XM&mid=&merchid=&authkey=&timestamp=1566619678366 yoxwechatbusinessModel::set_user:BEGIN
[2019-08-24 12:07:56] trace  /app/ewei_shopv2_api.php?i=2&r=diypage&type=goodsdetail&comefrom=wxapp&openid=sns_wa_oWJzS5P4sMWTaQPJwuDXv7E0h8XM&mid=&merchid=&authkey=&timestamp=1566619678374 yoxwechatbusinessModel::set_user:BEGIN
[2019-08-24 12:07:58] trace  /app/ewei_shopv2_api.php?i=2&r=goods.get_detail&id=17&comefrom=wxapp&openid=sns_wa_oWJzS5P4sMWTaQPJwuDXv7E0h8XM&mid=&merchid=&authkey=MTM0M1pMNm0wNmNZRTVSVVlBSVlQYmgzRjl5VTRNTXNodmlZWGdPeTd4dzNCdE9KTUd3SVgrZEp2UTdsSGhiem9sS2pRbWdUeWFxcU1XN3Jad3p1MEtZa3ZUYjViUWhiR2dnQ3MrNnV2U1o0U1E%3D&timestamp=1566619679759 yoxwechatbusinessModel::set_user:BEGIN
[2019-08-24 12:07:58] trace  /app/ewei_shopv2_api.php?i=2&r=goods.get_comments&id=17&comefrom=wxapp&openid=sns_wa_oWJzS5P4sMWTaQPJwuDXv7E0h8XM&mid=&merchid=&authkey=&timestamp=1566619680221 yoxwechatbusinessModel::set_user:BEGIN
[2019-08-24 12:08:02] trace  /app/ewei_shopv2_api.php?i=2&r=shop.get_cpinfos&comefrom=wxapp&openid=sns_wa_oWJzS5P4sMWTaQPJwuDXv7E0h8XM&mid=&merchid=&authkey=&timestamp=1566619683833 yoxwechatbusinessModel::set_user:BEGIN
[2019-08-24 12:08:02] trace  /app/ewei_shopv2_api.php?i=2&r=shop.get_hasnewcoupon&comefrom=wxapp&openid=sns_wa_oWJzS5P4sMWTaQPJwuDXv7E0h8XM&mid=&merchid=&authkey=&timestamp=1566619683825 yoxwechatbusinessModel::set_user:BEGIN
[2019-08-24 12:08:02] trace  /app/ewei_shopv2_api.php?i=2&r=shop.get_shopindex&comefrom=wxapp&openid=sns_wa_oWJzS5P4sMWTaQPJwuDXv7E0h8XM&mid=&merchid=&authkey=&timestamp=1566619683820 yoxwechatbusinessModel::set_user:BEGIN
[2019-08-24 13:07:29] trace  /app/ewei_shopv2_api.php?i=2&r=shop.get_hasnewcoupon&comefrom=wxapp&openid=sns_wa_oWJzS5P4sMWTaQPJwuDXv7E0h8XM&mid=&merchid=&authkey=&timestamp=1566623251608 yoxwechatbusinessModel::set_user:BEGIN
[2019-08-24 13:07:30] trace  /app/ewei_shopv2_api.php?i=2&r=shop.get_cpinfos&comefrom=wxapp&openid=sns_wa_oWJzS5P4sMWTaQPJwuDXv7E0h8XM&mid=&merchid=&authkey=&timestamp=1566623251621 yoxwechatbusinessModel::set_user:BEGIN
[2019-08-24 13:07:30] trace  /app/ewei_shopv2_api.php?i=2&r=shop.get_shopindex&comefrom=wxapp&openid=sns_wa_oWJzS5P4sMWTaQPJwuDXv7E0h8XM&mid=&merchid=&authkey=&timestamp=1566623251591 yoxwechatbusinessModel::set_user:BEGIN
[2019-08-24 13:08:33] trace  /app/ewei_shopv2_api.php?i=2&r=shop.get_cpinfos&comefrom=wxapp&openid=sns_wa_oWJzS5P4sMWTaQPJwuDXv7E0h8XM&mid=&merchid=&authkey=NTkyMHJENGQvdTNrRDZzR2dWWUpYclJYaldHbTdlam5kRHFCWVc0UGNIV0VhclZiM2twR0VRTlJwL0h3cys1eHhFSUx3anFlazFwaDJmZ1VxSjNsUFBYTFhZR010MncwaTdSZnF1U1ZDL2l1NHc%3D&timestamp=1566623315286 yoxwechatbusinessModel::set_user:BEGIN
[2019-08-24 13:08:33] trace  /app/ewei_shopv2_api.php?i=2&r=shop.get_shopindex&comefrom=wxapp&openid=sns_wa_oWJzS5P4sMWTaQPJwuDXv7E0h8XM&mid=&merchid=&authkey=NTkyMHJENGQvdTNrRDZzR2dWWUpYclJYaldHbTdlam5kRHFCWVc0UGNIV0VhclZiM2twR0VRTlJwL0h3cys1eHhFSUx3anFlazFwaDJmZ1VxSjNsUFBYTFhZR010MncwaTdSZnF1U1ZDL2l1NHc%3D&timestamp=1566623315271 yoxwechatbusinessModel::set_user:BEGIN
[2019-08-24 13:08:34] trace  /app/ewei_shopv2_api.php?i=2&r=shop.get_hasnewcoupon&comefrom=wxapp&openid=sns_wa_oWJzS5P4sMWTaQPJwuDXv7E0h8XM&mid=&merchid=&authkey=NTkyMHJENGQvdTNrRDZzR2dWWUpYclJYaldHbTdlam5kRHFCWVc0UGNIV0VhclZiM2twR0VRTlJwL0h3cys1eHhFSUx3anFlazFwaDJmZ1VxSjNsUFBYTFhZR010MncwaTdSZnF1U1ZDL2l1NHc%3D&timestamp=1566623315277 yoxwechatbusinessModel::set_user:BEGIN
[2019-08-24 13:09:40] trace  /app/ewei_shopv2_api.php?i=2&r=diypage&type=home&comefrom=wxapp&openid=sns_wa_oWJzS5P4sMWTaQPJwuDXv7E0h8XM&mid=&merchid=&authkey=NWYwN2ZTRW5uRWFVVEg1UXVJWElaSy9SQXk4aG93d2tyUENvRFdtSG5GSFlaS040UThKanA3S1VoalFrcXJ1aXB2WnV2S1dPQ3pnTkhPbWp2K3NKUjBER0RCaFVoL0p1QWNKZ0RhRStiR01Vamc%3D&timestamp=1566623381664 yoxwechatbusinessModel::set_user:BEGIN
[2019-08-24 13:11:46] trace  /app/ewei_shopv2_api.php?i=2&r=shop.get_hasnewcoupon&comefrom=wxapp&openid=sns_wa_oWJzS5P4sMWTaQPJwuDXv7E0h8XM&mid=&merchid=&authkey=&timestamp=1566623508131 yoxwechatbusinessModel::set_user:BEGIN
[2019-08-24 13:11:46] trace  /app/ewei_shopv2_api.php?i=2&r=shop.get_cpinfos&comefrom=wxapp&openid=sns_wa_oWJzS5P4sMWTaQPJwuDXv7E0h8XM&mid=&merchid=&authkey=&timestamp=1566623508153 yoxwechatbusinessModel::set_user:BEGIN
[2019-08-24 13:11:46] trace  /app/ewei_shopv2_api.php?i=2&r=shop.get_shopindex&comefrom=wxapp&openid=sns_wa_oWJzS5P4sMWTaQPJwuDXv7E0h8XM&mid=&merchid=&authkey=&timestamp=1566623508118 yoxwechatbusinessModel::set_user:BEGIN
[2019-08-24 16:47:52] trace  /app/ewei_shopv2_api.php?i=2&r=black&comefrom=wxapp&openid=sns_wa_oWJzS5FTNANIxTkr5hgZVYtlOcyg&authkey=&timestamp=1566636471121 yoxwechatbusinessModel::set_user:BEGIN
[2019-08-24 16:47:52] trace  /app/ewei_shopv2_api.php?i=2&r=black&comefrom=wxapp&openid=sns_wa_oWJzS5FTNANIxTkr5hgZVYtlOcyg&authkey=&timestamp=1566636471121 yoxwechatbusinessModel::set_user:END
[2019-08-24 16:47:52] trace  /app/ewei_shopv2_api.php?i=2&r=shop.get_shopindex&comefrom=wxapp&openid=sns_wa_oWJzS5FTNANIxTkr5hgZVYtlOcyg&mid=&merchid=&authkey=&timestamp=1566636471177 yoxwechatbusinessModel::set_user:BEGIN
[2019-08-24 16:47:52] trace  /app/ewei_shopv2_api.php?i=2&r=shop.get_shopindex&comefrom=wxapp&openid=sns_wa_oWJzS5FTNANIxTkr5hgZVYtlOcyg&mid=&merchid=&authkey=&timestamp=1566636471177 yoxwechatbusinessModel::set_user:END
[2019-08-24 16:47:52] trace  /app/ewei_shopv2_api.php?i=2&r=shop.get_hasnewcoupon&comefrom=wxapp&openid=sns_wa_oWJzS5FTNANIxTkr5hgZVYtlOcyg&mid=&merchid=&authkey=&timestamp=1566636471181 yoxwechatbusinessModel::set_user:BEGIN
[2019-08-24 16:47:52] trace  /app/ewei_shopv2_api.php?i=2&r=shop.get_hasnewcoupon&comefrom=wxapp&openid=sns_wa_oWJzS5FTNANIxTkr5hgZVYtlOcyg&mid=&merchid=&authkey=&timestamp=1566636471181 yoxwechatbusinessModel::set_user:END
[2019-08-24 16:47:52] trace  /app/ewei_shopv2_api.php?i=2&r=diypage&type=home&comefrom=wxapp&openid=sns_wa_oWJzS5FTNANIxTkr5hgZVYtlOcyg&mid=&merchid=&authkey=&timestamp=1566636471131 yoxwechatbusinessModel::set_user:BEGIN
[2019-08-24 16:47:52] trace  /app/ewei_shopv2_api.php?i=2&r=diypage&type=home&comefrom=wxapp&openid=sns_wa_oWJzS5FTNANIxTkr5hgZVYtlOcyg&mid=&merchid=&authkey=&timestamp=1566636471131 yoxwechatbusinessModel::set_user:END
[2019-08-24 16:47:53] trace  /app/ewei_shopv2_api.php?i=2&r=shop.get_cpinfos&comefrom=wxapp&openid=sns_wa_oWJzS5FTNANIxTkr5hgZVYtlOcyg&mid=&merchid=&authkey=&timestamp=1566636471183 yoxwechatbusinessModel::set_user:BEGIN
[2019-08-24 16:47:53] trace  /app/ewei_shopv2_api.php?i=2&r=shop.get_cpinfos&comefrom=wxapp&openid=sns_wa_oWJzS5FTNANIxTkr5hgZVYtlOcyg&mid=&merchid=&authkey=&timestamp=1566636471183 yoxwechatbusinessModel::set_user:END
[2019-08-24 17:13:36] trace  /app/ewei_shopv2_api.php?i=2&r=cacheset&version=&comefrom=wxapp&openid=sns_wa_oWJzS5Hsbq2BbSCEAVhS33de22uQ&mid=&merchid=&authkey=ZGJhNXNIYjkrY2JGYk5ucllxeitzeE9LQzhDVGFXWk5XNmdvMklQdGRia3JOOEF3aUViM1VXVmNrRDhNdEpaWDZRQjJiNEdqUXNZYmt2L3VKL1hRcjNsc1RJRQ%3D%3D&timestamp=1566638015090 yoxwechatbusinessModel::set_user:BEGIN
[2019-08-24 17:13:36] trace  /app/ewei_shopv2_api.php?i=2&r=cacheset&version=&comefrom=wxapp&openid=sns_wa_oWJzS5Hsbq2BbSCEAVhS33de22uQ&mid=&merchid=&authkey=ZGJhNXNIYjkrY2JGYk5ucllxeitzeE9LQzhDVGFXWk5XNmdvMklQdGRia3JOOEF3aUViM1VXVmNrRDhNdEpaWDZRQjJiNEdqUXNZYmt2L3VKL1hRcjNsc1RJRQ%3D%3D&timestamp=1566638015090 yoxwechatbusinessModel::set_user:END
[2019-08-24 17:13:36] trace  /app/ewei_shopv2_api.php?i=2&r=cacheset&version=&comefrom=wxapp&openid=sns_wa_oWJzS5Hsbq2BbSCEAVhS33de22uQ&mid=&merchid=&authkey=NzliMGwzeUkzRHFRM0t5N0xqajJTMVVmc0lVV1krbExaUXBMUUZ3YllBbDVHOW5YMC9XaktjVm9JUm9wQlhlcm5PNGJKTUZhanBSMkk5K1Z2Q3haR3FRU0gzVQ%3D%3D&timestamp=1566638015744 yoxwechatbusinessModel::set_user:BEGIN
[2019-08-24 17:13:36] trace  /app/ewei_shopv2_api.php?i=2&r=cacheset&version=&comefrom=wxapp&openid=sns_wa_oWJzS5Hsbq2BbSCEAVhS33de22uQ&mid=&merchid=&authkey=NzliMGwzeUkzRHFRM0t5N0xqajJTMVVmc0lVV1krbExaUXBMUUZ3YllBbDVHOW5YMC9XaktjVm9JUm9wQlhlcm5PNGJKTUZhanBSMkk5K1Z2Q3haR3FRU0gzVQ%3D%3D&timestamp=1566638015744 yoxwechatbusinessModel::set_user:END
[2019-08-24 17:14:05] trace  /app/ewei_shopv2_api.php?i=2&r=groups&comefrom=wxapp&openid=sns_wa_oWJzS5Hsbq2BbSCEAVhS33de22uQ&mid=&merchid=&authkey=&timestamp=1566638044141 yoxwechatbusinessModel::set_user:BEGIN
[2019-08-24 17:14:05] trace  /app/ewei_shopv2_api.php?i=2&r=groups&comefrom=wxapp&openid=sns_wa_oWJzS5Hsbq2BbSCEAVhS33de22uQ&mid=&merchid=&authkey=&timestamp=1566638044141 yoxwechatbusinessModel::set_user:END
[2019-08-24 17:14:21] trace  /app/ewei_shopv2_api.php?i=2&r=groups.goods&timestamp=1566638060728 id=2; comefrom=wxapp; openid=sns_wa_oWJzS5Hsbq2BbSCEAVhS33de22uQ; mid=; merchid=; authkey=; 
yoxwechatbusinessModel::set_user:BEGIN
[2019-08-24 17:14:21] trace  /app/ewei_shopv2_api.php?i=2&r=groups.goods&timestamp=1566638060728 id=2; comefrom=wxapp; openid=sns_wa_oWJzS5Hsbq2BbSCEAVhS33de22uQ; mid=; merchid=; authkey=; 
yoxwechatbusinessModel::set_user:END
[2019-08-24 17:15:29] trace  /app/ewei_shopv2_api.php?i=2&r=shop.get_hasnewcoupon&comefrom=wxapp&openid=sns_wa_oWJzS5Hsbq2BbSCEAVhS33de22uQ&mid=&merchid=&authkey=&timestamp=1566638128326 yoxwechatbusinessModel::set_user:BEGIN
[2019-08-24 17:15:29] trace  /app/ewei_shopv2_api.php?i=2&r=shop.get_hasnewcoupon&comefrom=wxapp&openid=sns_wa_oWJzS5Hsbq2BbSCEAVhS33de22uQ&mid=&merchid=&authkey=&timestamp=1566638128326 yoxwechatbusinessModel::set_user:END
[2019-08-24 17:15:29] trace  /app/ewei_shopv2_api.php?i=2&r=shop.get_shopindex&comefrom=wxapp&openid=sns_wa_oWJzS5Hsbq2BbSCEAVhS33de22uQ&mid=&merchid=&authkey=&timestamp=1566638128298 yoxwechatbusinessModel::set_user:BEGIN
[2019-08-24 17:15:29] trace  /app/ewei_shopv2_api.php?i=2&r=shop.get_shopindex&comefrom=wxapp&openid=sns_wa_oWJzS5Hsbq2BbSCEAVhS33de22uQ&mid=&merchid=&authkey=&timestamp=1566638128298 yoxwechatbusinessModel::set_user:END
[2019-08-24 17:15:29] trace  /app/ewei_shopv2_api.php?i=2&r=shop.get_cpinfos&comefrom=wxapp&openid=sns_wa_oWJzS5Hsbq2BbSCEAVhS33de22uQ&mid=&merchid=&authkey=&timestamp=1566638128353 yoxwechatbusinessModel::set_user:BEGIN
[2019-08-24 17:15:29] trace  /app/ewei_shopv2_api.php?i=2&r=shop.get_cpinfos&comefrom=wxapp&openid=sns_wa_oWJzS5Hsbq2BbSCEAVhS33de22uQ&mid=&merchid=&authkey=&timestamp=1566638128353 yoxwechatbusinessModel::set_user:END
