[2019-08-21 11:58:22] trace  /app/ewei_shopv2_api.php?i=2&r=black&comefrom=wxapp&openid=sns_wa_oWJzS5E6FV0vFTKNh9Sr-s7BSShg&authkey=&timestamp=1566359901456 yoxwechatbusinessModel::set_user:BEGIN
[2019-08-21 11:58:22] trace  /app/ewei_shopv2_api.php?i=2&r=black&comefrom=wxapp&openid=sns_wa_oWJzS5E6FV0vFTKNh9Sr-s7BSShg&authkey=&timestamp=1566359901456 yoxwechatbusinessModel::set_user:END
[2019-08-21 11:58:23] trace  /app/ewei_shopv2_api.php?i=2&r=diypage&type=home&comefrom=wxapp&openid=sns_wa_oWJzS5E6FV0vFTKNh9Sr-s7BSShg&mid=&merchid=&authkey=&timestamp=1566359901503 yoxwechatbusinessModel::set_user:BEGIN
[2019-08-21 11:58:23] trace  /app/ewei_shopv2_api.php?i=2&r=diypage&type=home&comefrom=wxapp&openid=sns_wa_oWJzS5E6FV0vFTKNh9Sr-s7BSShg&mid=&merchid=&authkey=&timestamp=1566359901503 yoxwechatbusinessModel::set_user:END
[2019-08-21 11:58:23] trace  /app/ewei_shopv2_api.php?i=2&r=shop.get_shopindex&comefrom=wxapp&openid=sns_wa_oWJzS5E6FV0vFTKNh9Sr-s7BSShg&mid=&merchid=&authkey=&timestamp=1566359901581 yoxwechatbusinessModel::set_user:BEGIN
[2019-08-21 11:58:23] trace  /app/ewei_shopv2_api.php?i=2&r=shop.get_shopindex&comefrom=wxapp&openid=sns_wa_oWJzS5E6FV0vFTKNh9Sr-s7BSShg&mid=&merchid=&authkey=&timestamp=1566359901581 yoxwechatbusinessModel::set_user:END
[2019-08-21 11:58:23] trace  /app/ewei_shopv2_api.php?i=2&r=shop.get_hasnewcoupon&comefrom=wxapp&openid=sns_wa_oWJzS5E6FV0vFTKNh9Sr-s7BSShg&mid=&merchid=&authkey=&timestamp=1566359901589 yoxwechatbusinessModel::set_user:BEGIN
[2019-08-21 11:58:23] trace  /app/ewei_shopv2_api.php?i=2&r=shop.get_hasnewcoupon&comefrom=wxapp&openid=sns_wa_oWJzS5E6FV0vFTKNh9Sr-s7BSShg&mid=&merchid=&authkey=&timestamp=1566359901589 yoxwechatbusinessModel::set_user:END
[2019-08-21 11:58:23] trace  /app/ewei_shopv2_api.php?i=2&r=shop.get_cpinfos&comefrom=wxapp&openid=sns_wa_oWJzS5E6FV0vFTKNh9Sr-s7BSShg&mid=&merchid=&authkey=&timestamp=1566359901596 yoxwechatbusinessModel::set_user:BEGIN
[2019-08-21 11:58:23] trace  /app/ewei_shopv2_api.php?i=2&r=shop.get_cpinfos&comefrom=wxapp&openid=sns_wa_oWJzS5E6FV0vFTKNh9Sr-s7BSShg&mid=&merchid=&authkey=&timestamp=1566359901596 yoxwechatbusinessModel::set_user:END
[2019-08-21 11:58:24] trace  /app/ewei_shopv2_api.php?i=2&r=yoxwechatbusiness&isajax=1&comefrom=wxapp&openid=sns_wa_oWJzS5E6FV0vFTKNh9Sr-s7BSShg&mid=&merchid=&authkey=&timestamp=1566359904514 yoxwechatbusinessModel::set_user:BEGIN
[2019-08-21 11:58:24] trace  /app/ewei_shopv2_api.php?i=2&r=yoxwechatbusiness&isajax=1&comefrom=wxapp&openid=sns_wa_oWJzS5E6FV0vFTKNh9Sr-s7BSShg&mid=&merchid=&authkey=&timestamp=1566359904514 yoxwechatbusinessModel::set_user:END
[2019-08-21 11:58:24] trace  /app/ewei_shopv2_api.php?i=2&r=bargain.act&comefrom=wxapp&openid=sns_wa_oWJzS5E6FV0vFTKNh9Sr-s7BSShg&mid=&merchid=&authkey=&timestamp=1566359904524 yoxwechatbusinessModel::set_user:BEGIN
[2019-08-21 11:58:24] trace  /app/ewei_shopv2_api.php?i=2&r=bargain.act&comefrom=wxapp&openid=sns_wa_oWJzS5E6FV0vFTKNh9Sr-s7BSShg&mid=&merchid=&authkey=&timestamp=1566359904524 yoxwechatbusinessModel::set_user:END
[2019-08-21 11:58:28] trace  /app/ewei_shopv2_api.php?i=2&r=groups&comefrom=wxapp&openid=sns_wa_oWJzS5E6FV0vFTKNh9Sr-s7BSShg&mid=&merchid=&authkey=&timestamp=1566359907972 yoxwechatbusinessModel::set_user:BEGIN
[2019-08-21 11:58:28] trace  /app/ewei_shopv2_api.php?i=2&r=groups&comefrom=wxapp&openid=sns_wa_oWJzS5E6FV0vFTKNh9Sr-s7BSShg&mid=&merchid=&authkey=&timestamp=1566359907972 yoxwechatbusinessModel::set_user:END
[2019-08-21 11:58:30] trace  /app/ewei_shopv2_api.php?i=2&r=black&comefrom=wxapp&openid=sns_wa_oWJzS5E6FV0vFTKNh9Sr-s7BSShg&mid=&merchid=&authkey=MmYwYStQRVl0NmVxdm1VaHdkQmVGMXRzKzRmRFF2ZFQrRG1WMlVKVU1OUk0xZ1poaGxUSVNlb2xubGxFMHJuRngweTFoS21Ec1c3dnhqMjEwZzkwQUtZTmg1NA%3D%3D&timestamp=1566359910299 yoxwechatbusinessModel::set_user:BEGIN
[2019-08-21 11:58:30] trace  /app/ewei_shopv2_api.php?i=2&r=black&comefrom=wxapp&openid=sns_wa_oWJzS5E6FV0vFTKNh9Sr-s7BSShg&mid=&merchid=&authkey=MmYwYStQRVl0NmVxdm1VaHdkQmVGMXRzKzRmRFF2ZFQrRG1WMlVKVU1OUk0xZ1poaGxUSVNlb2xubGxFMHJuRngweTFoS21Ec1c3dnhqMjEwZzkwQUtZTmg1NA%3D%3D&timestamp=1566359910299 yoxwechatbusinessModel::set_user:END
[2019-08-21 11:58:30] trace  /app/ewei_shopv2_api.php?i=2&r=diypage&type=home&comefrom=wxapp&openid=sns_wa_oWJzS5E6FV0vFTKNh9Sr-s7BSShg&mid=&merchid=&authkey=MmYwYStQRVl0NmVxdm1VaHdkQmVGMXRzKzRmRFF2ZFQrRG1WMlVKVU1OUk0xZ1poaGxUSVNlb2xubGxFMHJuRngweTFoS21Ec1c3dnhqMjEwZzkwQUtZTmg1NA%3D%3D&timestamp=1566359910344 yoxwechatbusinessModel::set_user:BEGIN
[2019-08-21 11:58:30] trace  /app/ewei_shopv2_api.php?i=2&r=diypage&type=home&comefrom=wxapp&openid=sns_wa_oWJzS5E6FV0vFTKNh9Sr-s7BSShg&mid=&merchid=&authkey=MmYwYStQRVl0NmVxdm1VaHdkQmVGMXRzKzRmRFF2ZFQrRG1WMlVKVU1OUk0xZ1poaGxUSVNlb2xubGxFMHJuRngweTFoS21Ec1c3dnhqMjEwZzkwQUtZTmg1NA%3D%3D&timestamp=1566359910344 yoxwechatbusinessModel::set_user:END
[2019-08-21 11:58:30] trace  /app/ewei_shopv2_api.php?i=2&r=shop.get_shopindex&comefrom=wxapp&openid=sns_wa_oWJzS5E6FV0vFTKNh9Sr-s7BSShg&mid=&merchid=&authkey=MmYwYStQRVl0NmVxdm1VaHdkQmVGMXRzKzRmRFF2ZFQrRG1WMlVKVU1OUk0xZ1poaGxUSVNlb2xubGxFMHJuRngweTFoS21Ec1c3dnhqMjEwZzkwQUtZTmg1NA%3D%3D&timestamp=1566359910358 yoxwechatbusinessModel::set_user:BEGIN
[2019-08-21 11:58:30] trace  /app/ewei_shopv2_api.php?i=2&r=shop.get_shopindex&comefrom=wxapp&openid=sns_wa_oWJzS5E6FV0vFTKNh9Sr-s7BSShg&mid=&merchid=&authkey=MmYwYStQRVl0NmVxdm1VaHdkQmVGMXRzKzRmRFF2ZFQrRG1WMlVKVU1OUk0xZ1poaGxUSVNlb2xubGxFMHJuRngweTFoS21Ec1c3dnhqMjEwZzkwQUtZTmg1NA%3D%3D&timestamp=1566359910358 yoxwechatbusinessModel::set_user:END
[2019-08-21 11:58:31] trace  /app/ewei_shopv2_api.php?i=2&r=shop.get_hasnewcoupon&comefrom=wxapp&openid=sns_wa_oWJzS5E6FV0vFTKNh9Sr-s7BSShg&mid=&merchid=&authkey=MmYwYStQRVl0NmVxdm1VaHdkQmVGMXRzKzRmRFF2ZFQrRG1WMlVKVU1OUk0xZ1poaGxUSVNlb2xubGxFMHJuRngweTFoS21Ec1c3dnhqMjEwZzkwQUtZTmg1NA%3D%3D&timestamp=1566359910363 yoxwechatbusinessModel::set_user:BEGIN
[2019-08-21 11:58:31] trace  /app/ewei_shopv2_api.php?i=2&r=shop.get_hasnewcoupon&comefrom=wxapp&openid=sns_wa_oWJzS5E6FV0vFTKNh9Sr-s7BSShg&mid=&merchid=&authkey=MmYwYStQRVl0NmVxdm1VaHdkQmVGMXRzKzRmRFF2ZFQrRG1WMlVKVU1OUk0xZ1poaGxUSVNlb2xubGxFMHJuRngweTFoS21Ec1c3dnhqMjEwZzkwQUtZTmg1NA%3D%3D&timestamp=1566359910363 yoxwechatbusinessModel::set_user:END
[2019-08-21 11:58:31] trace  /app/ewei_shopv2_api.php?i=2&r=shop.get_cpinfos&comefrom=wxapp&openid=sns_wa_oWJzS5E6FV0vFTKNh9Sr-s7BSShg&mid=&merchid=&authkey=MmYwYStQRVl0NmVxdm1VaHdkQmVGMXRzKzRmRFF2ZFQrRG1WMlVKVU1OUk0xZ1poaGxUSVNlb2xubGxFMHJuRngweTFoS21Ec1c3dnhqMjEwZzkwQUtZTmg1NA%3D%3D&timestamp=1566359910367 yoxwechatbusinessModel::set_user:BEGIN
[2019-08-21 11:58:31] trace  /app/ewei_shopv2_api.php?i=2&r=shop.get_cpinfos&comefrom=wxapp&openid=sns_wa_oWJzS5E6FV0vFTKNh9Sr-s7BSShg&mid=&merchid=&authkey=MmYwYStQRVl0NmVxdm1VaHdkQmVGMXRzKzRmRFF2ZFQrRG1WMlVKVU1OUk0xZ1poaGxUSVNlb2xubGxFMHJuRngweTFoS21Ec1c3dnhqMjEwZzkwQUtZTmg1NA%3D%3D&timestamp=1566359910367 yoxwechatbusinessModel::set_user:END
[2019-08-21 11:58:36] trace  /app/ewei_shopv2_api.php?i=2&r=diypage&type=7&comefrom=wxapp&openid=sns_wa_oWJzS5E6FV0vFTKNh9Sr-s7BSShg&mid=&merchid=&authkey=&timestamp=1566359916588 yoxwechatbusinessModel::set_user:BEGIN
[2019-08-21 11:58:36] trace  /app/ewei_shopv2_api.php?i=2&r=diypage&type=7&comefrom=wxapp&openid=sns_wa_oWJzS5E6FV0vFTKNh9Sr-s7BSShg&mid=&merchid=&authkey=&timestamp=1566359916588 yoxwechatbusinessModel::set_user:END
[2019-08-21 11:58:36] trace  /app/ewei_shopv2_api.php?i=2&r=diypage&id=7&comefrom=wxapp&openid=sns_wa_oWJzS5E6FV0vFTKNh9Sr-s7BSShg&mid=&merchid=&authkey=&timestamp=1566359916608 yoxwechatbusinessModel::set_user:BEGIN
[2019-08-21 11:58:36] trace  /app/ewei_shopv2_api.php?i=2&r=diypage&id=7&comefrom=wxapp&openid=sns_wa_oWJzS5E6FV0vFTKNh9Sr-s7BSShg&mid=&merchid=&authkey=&timestamp=1566359916608 yoxwechatbusinessModel::set_user:END
[2019-08-21 11:58:49] trace  /app/ewei_shopv2_api.php?i=2&r=yoxarticlevideo.article&isajax=1&comefrom=wxapp&openid=sns_wa_oWJzS5E6FV0vFTKNh9Sr-s7BSShg&mid=&merchid=&authkey=&timestamp=1566359928944 yoxwechatbusinessModel::set_user:BEGIN
[2019-08-21 11:58:49] trace  /app/ewei_shopv2_api.php?i=2&r=yoxarticlevideo.article&isajax=1&comefrom=wxapp&openid=sns_wa_oWJzS5E6FV0vFTKNh9Sr-s7BSShg&mid=&merchid=&authkey=&timestamp=1566359928944 yoxwechatbusinessModel::set_user:END
[2019-08-21 11:58:49] trace  /app/ewei_shopv2_api.php?i=2&r=yoxarticlevideo.video&isajax=1&comefrom=wxapp&openid=sns_wa_oWJzS5E6FV0vFTKNh9Sr-s7BSShg&mid=&merchid=&authkey=&timestamp=1566359928962 yoxwechatbusinessModel::set_user:BEGIN
[2019-08-21 11:58:49] trace  /app/ewei_shopv2_api.php?i=2&r=yoxarticlevideo.video&isajax=1&comefrom=wxapp&openid=sns_wa_oWJzS5E6FV0vFTKNh9Sr-s7BSShg&mid=&merchid=&authkey=&timestamp=1566359928962 yoxwechatbusinessModel::set_user:END
[2019-08-21 11:58:52] trace  /app/ewei_shopv2_api.php?i=2&r=diypage&id=7&comefrom=wxapp&openid=sns_wa_oWJzS5E6FV0vFTKNh9Sr-s7BSShg&mid=&merchid=&authkey=&timestamp=1566359931879 yoxwechatbusinessModel::set_user:BEGIN
[2019-08-21 11:58:52] trace  /app/ewei_shopv2_api.php?i=2&r=diypage&id=7&comefrom=wxapp&openid=sns_wa_oWJzS5E6FV0vFTKNh9Sr-s7BSShg&mid=&merchid=&authkey=&timestamp=1566359931879 yoxwechatbusinessModel::set_user:END
[2019-08-21 11:58:52] trace  /app/ewei_shopv2_api.php?i=2&r=shop.get_shopindex&comefrom=wxapp&openid=sns_wa_oWJzS5E6FV0vFTKNh9Sr-s7BSShg&mid=&merchid=&authkey=&timestamp=1566359932868 yoxwechatbusinessModel::set_user:BEGIN
[2019-08-21 11:58:52] trace  /app/ewei_shopv2_api.php?i=2&r=shop.get_shopindex&comefrom=wxapp&openid=sns_wa_oWJzS5E6FV0vFTKNh9Sr-s7BSShg&mid=&merchid=&authkey=&timestamp=1566359932868 yoxwechatbusinessModel::set_user:END
[2019-08-21 11:58:53] trace  /app/ewei_shopv2_api.php?i=2&r=shop.get_hasnewcoupon&comefrom=wxapp&openid=sns_wa_oWJzS5E6FV0vFTKNh9Sr-s7BSShg&mid=&merchid=&authkey=&timestamp=1566359932874 yoxwechatbusinessModel::set_user:BEGIN
[2019-08-21 11:58:53] trace  /app/ewei_shopv2_api.php?i=2&r=shop.get_hasnewcoupon&comefrom=wxapp&openid=sns_wa_oWJzS5E6FV0vFTKNh9Sr-s7BSShg&mid=&merchid=&authkey=&timestamp=1566359932874 yoxwechatbusinessModel::set_user:END
[2019-08-21 11:58:53] trace  /app/ewei_shopv2_api.php?i=2&r=shop.get_cpinfos&comefrom=wxapp&openid=sns_wa_oWJzS5E6FV0vFTKNh9Sr-s7BSShg&mid=&merchid=&authkey=&timestamp=1566359932880 yoxwechatbusinessModel::set_user:BEGIN
[2019-08-21 11:58:53] trace  /app/ewei_shopv2_api.php?i=2&r=shop.get_cpinfos&comefrom=wxapp&openid=sns_wa_oWJzS5E6FV0vFTKNh9Sr-s7BSShg&mid=&merchid=&authkey=&timestamp=1566359932880 yoxwechatbusinessModel::set_user:END
[2019-08-21 11:58:53] trace  /app/ewei_shopv2_api.php?i=2&r=diypage&id=6&comefrom=wxapp&openid=sns_wa_oWJzS5E6FV0vFTKNh9Sr-s7BSShg&mid=&merchid=&authkey=&timestamp=1566359933957 yoxwechatbusinessModel::set_user:BEGIN
[2019-08-21 11:58:53] trace  /app/ewei_shopv2_api.php?i=2&r=diypage&id=6&comefrom=wxapp&openid=sns_wa_oWJzS5E6FV0vFTKNh9Sr-s7BSShg&mid=&merchid=&authkey=&timestamp=1566359933957 yoxwechatbusinessModel::set_user:END
[2019-08-21 11:58:54] trace  /app/ewei_shopv2_api.php?i=2&r=diypage&type=6&comefrom=wxapp&openid=sns_wa_oWJzS5E6FV0vFTKNh9Sr-s7BSShg&mid=&merchid=&authkey=&timestamp=1566359933936 yoxwechatbusinessModel::set_user:BEGIN
[2019-08-21 11:58:54] trace  /app/ewei_shopv2_api.php?i=2&r=diypage&type=6&comefrom=wxapp&openid=sns_wa_oWJzS5E6FV0vFTKNh9Sr-s7BSShg&mid=&merchid=&authkey=&timestamp=1566359933936 yoxwechatbusinessModel::set_user:END
[2019-08-21 11:58:57] trace  /app/ewei_shopv2_api.php?i=2&r=shop.get_shopindex&comefrom=wxapp&openid=sns_wa_oWJzS5E6FV0vFTKNh9Sr-s7BSShg&mid=&merchid=&authkey=&timestamp=1566359937417 yoxwechatbusinessModel::set_user:BEGIN
[2019-08-21 11:58:57] trace  /app/ewei_shopv2_api.php?i=2&r=shop.get_shopindex&comefrom=wxapp&openid=sns_wa_oWJzS5E6FV0vFTKNh9Sr-s7BSShg&mid=&merchid=&authkey=&timestamp=1566359937417 yoxwechatbusinessModel::set_user:END
[2019-08-21 11:58:57] trace  /app/ewei_shopv2_api.php?i=2&r=shop.get_hasnewcoupon&comefrom=wxapp&openid=sns_wa_oWJzS5E6FV0vFTKNh9Sr-s7BSShg&mid=&merchid=&authkey=&timestamp=1566359937424 yoxwechatbusinessModel::set_user:BEGIN
[2019-08-21 11:58:57] trace  /app/ewei_shopv2_api.php?i=2&r=shop.get_hasnewcoupon&comefrom=wxapp&openid=sns_wa_oWJzS5E6FV0vFTKNh9Sr-s7BSShg&mid=&merchid=&authkey=&timestamp=1566359937424 yoxwechatbusinessModel::set_user:END
[2019-08-21 11:58:57] trace  /app/ewei_shopv2_api.php?i=2&r=shop.get_cpinfos&comefrom=wxapp&openid=sns_wa_oWJzS5E6FV0vFTKNh9Sr-s7BSShg&mid=&merchid=&authkey=&timestamp=1566359937428 yoxwechatbusinessModel::set_user:BEGIN
[2019-08-21 11:58:57] trace  /app/ewei_shopv2_api.php?i=2&r=shop.get_cpinfos&comefrom=wxapp&openid=sns_wa_oWJzS5E6FV0vFTKNh9Sr-s7BSShg&mid=&merchid=&authkey=&timestamp=1566359937428 yoxwechatbusinessModel::set_user:END
[2019-08-21 11:58:58] trace  /app/ewei_shopv2_api.php?i=2&r=diypage&id=7&comefrom=wxapp&openid=sns_wa_oWJzS5E6FV0vFTKNh9Sr-s7BSShg&mid=&merchid=&authkey=&timestamp=1566359938100 yoxwechatbusinessModel::set_user:BEGIN
[2019-08-21 11:58:58] trace  /app/ewei_shopv2_api.php?i=2&r=diypage&id=7&comefrom=wxapp&openid=sns_wa_oWJzS5E6FV0vFTKNh9Sr-s7BSShg&mid=&merchid=&authkey=&timestamp=1566359938100 yoxwechatbusinessModel::set_user:END
[2019-08-21 11:58:58] trace  /app/ewei_shopv2_api.php?i=2&r=diypage&type=7&comefrom=wxapp&openid=sns_wa_oWJzS5E6FV0vFTKNh9Sr-s7BSShg&mid=&merchid=&authkey=&timestamp=1566359938073 yoxwechatbusinessModel::set_user:BEGIN
[2019-08-21 11:58:58] trace  /app/ewei_shopv2_api.php?i=2&r=diypage&type=7&comefrom=wxapp&openid=sns_wa_oWJzS5E6FV0vFTKNh9Sr-s7BSShg&mid=&merchid=&authkey=&timestamp=1566359938073 yoxwechatbusinessModel::set_user:END
[2019-08-21 11:59:02] trace  /app/ewei_shopv2_api.php?i=2&r=yoxdiy.template_list&isajax=1&comefrom=wxapp&openid=sns_wa_oWJzS5E6FV0vFTKNh9Sr-s7BSShg&mid=&merchid=&authkey=&timestamp=1566359942090 yoxwechatbusinessModel::set_user:BEGIN
[2019-08-21 11:59:02] trace  /app/ewei_shopv2_api.php?i=2&r=yoxdiy.template_list&isajax=1&comefrom=wxapp&openid=sns_wa_oWJzS5E6FV0vFTKNh9Sr-s7BSShg&mid=&merchid=&authkey=&timestamp=1566359942090 yoxwechatbusinessModel::set_user:END
[2019-08-21 11:59:19] trace  /app/ewei_shopv2_api.php?i=2&r=diypage&id=7&comefrom=wxapp&openid=sns_wa_oWJzS5E6FV0vFTKNh9Sr-s7BSShg&mid=&merchid=&authkey=&timestamp=1566359958849 yoxwechatbusinessModel::set_user:BEGIN
[2019-08-21 11:59:19] trace  /app/ewei_shopv2_api.php?i=2&r=diypage&id=7&comefrom=wxapp&openid=sns_wa_oWJzS5E6FV0vFTKNh9Sr-s7BSShg&mid=&merchid=&authkey=&timestamp=1566359958849 yoxwechatbusinessModel::set_user:END
[2019-08-21 11:59:19] trace  /app/ewei_shopv2_api.php?i=2&r=yoxarticlevideo.article&isajax=1&comefrom=wxapp&openid=sns_wa_oWJzS5E6FV0vFTKNh9Sr-s7BSShg&mid=&merchid=&authkey=&timestamp=1566359959944 yoxwechatbusinessModel::set_user:BEGIN
[2019-08-21 11:59:19] trace  /app/ewei_shopv2_api.php?i=2&r=yoxarticlevideo.article&isajax=1&comefrom=wxapp&openid=sns_wa_oWJzS5E6FV0vFTKNh9Sr-s7BSShg&mid=&merchid=&authkey=&timestamp=1566359959944 yoxwechatbusinessModel::set_user:END
[2019-08-21 11:59:20] trace  /app/ewei_shopv2_api.php?i=2&r=yoxarticlevideo.video&isajax=1&comefrom=wxapp&openid=sns_wa_oWJzS5E6FV0vFTKNh9Sr-s7BSShg&mid=&merchid=&authkey=&timestamp=1566359959948 yoxwechatbusinessModel::set_user:BEGIN
[2019-08-21 11:59:20] trace  /app/ewei_shopv2_api.php?i=2&r=yoxarticlevideo.video&isajax=1&comefrom=wxapp&openid=sns_wa_oWJzS5E6FV0vFTKNh9Sr-s7BSShg&mid=&merchid=&authkey=&timestamp=1566359959948 yoxwechatbusinessModel::set_user:END
[2019-08-21 11:59:21] trace  /app/ewei_shopv2_api.php?i=2&r=diypage&id=7&comefrom=wxapp&openid=sns_wa_oWJzS5E6FV0vFTKNh9Sr-s7BSShg&mid=&merchid=&authkey=&timestamp=1566359961802 yoxwechatbusinessModel::set_user:BEGIN
[2019-08-21 11:59:21] trace  /app/ewei_shopv2_api.php?i=2&r=diypage&id=7&comefrom=wxapp&openid=sns_wa_oWJzS5E6FV0vFTKNh9Sr-s7BSShg&mid=&merchid=&authkey=&timestamp=1566359961802 yoxwechatbusinessModel::set_user:END
[2019-08-21 11:59:23] trace  /app/ewei_shopv2_api.php?i=2&r=yoxfriendscircle.friendscircle_list&isajax=1&page=1&comefrom=wxapp&openid=sns_wa_oWJzS5E6FV0vFTKNh9Sr-s7BSShg&mid=&merchid=&authkey=&timestamp=1566359963719 yoxwechatbusinessModel::set_user:BEGIN
[2019-08-21 11:59:23] trace  /app/ewei_shopv2_api.php?i=2&r=yoxfriendscircle.friendscircle_list&isajax=1&page=1&comefrom=wxapp&openid=sns_wa_oWJzS5E6FV0vFTKNh9Sr-s7BSShg&mid=&merchid=&authkey=&timestamp=1566359963719 yoxwechatbusinessModel::set_user:END
[2019-08-21 11:59:28] trace  /app/ewei_shopv2_api.php?i=2&r=diypage&id=7&comefrom=wxapp&openid=sns_wa_oWJzS5E6FV0vFTKNh9Sr-s7BSShg&mid=&merchid=&authkey=&timestamp=1566359967945 yoxwechatbusinessModel::set_user:BEGIN
[2019-08-21 11:59:28] trace  /app/ewei_shopv2_api.php?i=2&r=diypage&id=7&comefrom=wxapp&openid=sns_wa_oWJzS5E6FV0vFTKNh9Sr-s7BSShg&mid=&merchid=&authkey=&timestamp=1566359967945 yoxwechatbusinessModel::set_user:END
[2019-08-21 11:59:28] trace  /app/ewei_shopv2_api.php?i=2&r=yoxfriendscircle.friendscircle_list&isajax=1&page=1&comefrom=wxapp&openid=sns_wa_oWJzS5E6FV0vFTKNh9Sr-s7BSShg&mid=&merchid=&authkey=&timestamp=1566359968507 yoxwechatbusinessModel::set_user:BEGIN
[2019-08-21 11:59:28] trace  /app/ewei_shopv2_api.php?i=2&r=yoxfriendscircle.friendscircle_list&isajax=1&page=1&comefrom=wxapp&openid=sns_wa_oWJzS5E6FV0vFTKNh9Sr-s7BSShg&mid=&merchid=&authkey=&timestamp=1566359968507 yoxwechatbusinessModel::set_user:END
[2019-08-21 11:59:39] trace  /app/ewei_shopv2_api.php?i=2&r=diypage&id=7&comefrom=wxapp&openid=sns_wa_oWJzS5E6FV0vFTKNh9Sr-s7BSShg&mid=&merchid=&authkey=&timestamp=1566359978957 yoxwechatbusinessModel::set_user:BEGIN
[2019-08-21 11:59:39] trace  /app/ewei_shopv2_api.php?i=2&r=diypage&id=7&comefrom=wxapp&openid=sns_wa_oWJzS5E6FV0vFTKNh9Sr-s7BSShg&mid=&merchid=&authkey=&timestamp=1566359978957 yoxwechatbusinessModel::set_user:END
[2019-08-21 11:59:39] trace  /app/ewei_shopv2_api.php?i=2&r=yoxfriendscircle.friendscircle_list&isajax=1&page=1&comefrom=wxapp&openid=sns_wa_oWJzS5E6FV0vFTKNh9Sr-s7BSShg&mid=&merchid=&authkey=&timestamp=1566359979783 yoxwechatbusinessModel::set_user:BEGIN
[2019-08-21 11:59:39] trace  /app/ewei_shopv2_api.php?i=2&r=yoxfriendscircle.friendscircle_list&isajax=1&page=1&comefrom=wxapp&openid=sns_wa_oWJzS5E6FV0vFTKNh9Sr-s7BSShg&mid=&merchid=&authkey=&timestamp=1566359979783 yoxwechatbusinessModel::set_user:END
[2019-08-21 11:59:51] trace  /app/ewei_shopv2_api.php?i=2&r=diypage&id=7&comefrom=wxapp&openid=sns_wa_oWJzS5E6FV0vFTKNh9Sr-s7BSShg&mid=&merchid=&authkey=&timestamp=1566359991468 yoxwechatbusinessModel::set_user:BEGIN
[2019-08-21 11:59:51] trace  /app/ewei_shopv2_api.php?i=2&r=diypage&id=7&comefrom=wxapp&openid=sns_wa_oWJzS5E6FV0vFTKNh9Sr-s7BSShg&mid=&merchid=&authkey=&timestamp=1566359991468 yoxwechatbusinessModel::set_user:END
[2019-08-21 11:59:53] trace  /app/ewei_shopv2_api.php?i=2&r=shop.get_shopindex&comefrom=wxapp&openid=sns_wa_oWJzS5E6FV0vFTKNh9Sr-s7BSShg&mid=&merchid=&authkey=&timestamp=1566359993079 yoxwechatbusinessModel::set_user:BEGIN
[2019-08-21 11:59:53] trace  /app/ewei_shopv2_api.php?i=2&r=shop.get_shopindex&comefrom=wxapp&openid=sns_wa_oWJzS5E6FV0vFTKNh9Sr-s7BSShg&mid=&merchid=&authkey=&timestamp=1566359993079 yoxwechatbusinessModel::set_user:END
[2019-08-21 11:59:53] trace  /app/ewei_shopv2_api.php?i=2&r=shop.get_cpinfos&comefrom=wxapp&openid=sns_wa_oWJzS5E6FV0vFTKNh9Sr-s7BSShg&mid=&merchid=&authkey=&timestamp=1566359993091 yoxwechatbusinessModel::set_user:BEGIN
[2019-08-21 11:59:53] trace  /app/ewei_shopv2_api.php?i=2&r=shop.get_cpinfos&comefrom=wxapp&openid=sns_wa_oWJzS5E6FV0vFTKNh9Sr-s7BSShg&mid=&merchid=&authkey=&timestamp=1566359993091 yoxwechatbusinessModel::set_user:END
[2019-08-21 11:59:53] trace  /app/ewei_shopv2_api.php?i=2&r=shop.get_hasnewcoupon&comefrom=wxapp&openid=sns_wa_oWJzS5E6FV0vFTKNh9Sr-s7BSShg&mid=&merchid=&authkey=&timestamp=1566359993086 yoxwechatbusinessModel::set_user:BEGIN
[2019-08-21 11:59:53] trace  /app/ewei_shopv2_api.php?i=2&r=shop.get_hasnewcoupon&comefrom=wxapp&openid=sns_wa_oWJzS5E6FV0vFTKNh9Sr-s7BSShg&mid=&merchid=&authkey=&timestamp=1566359993086 yoxwechatbusinessModel::set_user:END
[2019-08-21 15:30:45] trace  /app/ewei_shopv2_api.php?i=2&r=black&comefrom=wxapp&openid=sns_wa_oWJzS5Ag7aftNuoctwWWaX4qst_I&authkey=&timestamp=1566372640301 yoxwechatbusinessModel::set_user:BEGIN
[2019-08-21 15:30:45] trace  /app/ewei_shopv2_api.php?i=2&r=black&comefrom=wxapp&openid=sns_wa_oWJzS5Ag7aftNuoctwWWaX4qst_I&authkey=&timestamp=1566372640301 yoxwechatbusinessModel::set_user:END
[2019-08-21 15:30:45] trace  /app/ewei_shopv2_api.php?i=2&r=shop.get_hasnewcoupon&comefrom=wxapp&openid=sns_wa_oWJzS5Ag7aftNuoctwWWaX4qst_I&mid=&merchid=&authkey=&timestamp=1566372640457 yoxwechatbusinessModel::set_user:BEGIN
[2019-08-21 15:30:45] trace  /app/ewei_shopv2_api.php?i=2&r=shop.get_hasnewcoupon&comefrom=wxapp&openid=sns_wa_oWJzS5Ag7aftNuoctwWWaX4qst_I&mid=&merchid=&authkey=&timestamp=1566372640457 yoxwechatbusinessModel::set_user:END
[2019-08-21 15:30:45] trace  /app/ewei_shopv2_api.php?i=2&r=shop.get_shopindex&comefrom=wxapp&openid=sns_wa_oWJzS5Ag7aftNuoctwWWaX4qst_I&mid=&merchid=&authkey=&timestamp=1566372640438 yoxwechatbusinessModel::set_user:BEGIN
[2019-08-21 15:30:45] trace  /app/ewei_shopv2_api.php?i=2&r=shop.get_shopindex&comefrom=wxapp&openid=sns_wa_oWJzS5Ag7aftNuoctwWWaX4qst_I&mid=&merchid=&authkey=&timestamp=1566372640438 yoxwechatbusinessModel::set_user:END
[2019-08-21 15:30:45] trace  /app/ewei_shopv2_api.php?i=2&r=diypage&type=home&comefrom=wxapp&openid=sns_wa_oWJzS5Ag7aftNuoctwWWaX4qst_I&mid=&merchid=&authkey=&timestamp=1566372640372 yoxwechatbusinessModel::set_user:BEGIN
[2019-08-21 15:30:45] trace  /app/ewei_shopv2_api.php?i=2&r=diypage&type=home&comefrom=wxapp&openid=sns_wa_oWJzS5Ag7aftNuoctwWWaX4qst_I&mid=&merchid=&authkey=&timestamp=1566372640372 yoxwechatbusinessModel::set_user:END
[2019-08-21 15:30:45] trace  /app/ewei_shopv2_api.php?i=2&r=shop.get_cpinfos&comefrom=wxapp&openid=sns_wa_oWJzS5Ag7aftNuoctwWWaX4qst_I&mid=&merchid=&authkey=&timestamp=1566372640476 yoxwechatbusinessModel::set_user:BEGIN
[2019-08-21 15:30:45] trace  /app/ewei_shopv2_api.php?i=2&r=shop.get_cpinfos&comefrom=wxapp&openid=sns_wa_oWJzS5Ag7aftNuoctwWWaX4qst_I&mid=&merchid=&authkey=&timestamp=1566372640476 yoxwechatbusinessModel::set_user:END
[2019-08-21 16:59:46] trace  /app/ewei_shopv2_api.php?i=2&r=diypage&type=home&comefrom=wxapp&openid=sns_wa_oWJzS5Ag7aftNuoctwWWaX4qst_I&mid=&merchid=&authkey=&timestamp=1566377983007 yoxwechatbusinessModel::set_user:BEGIN
[2019-08-21 16:59:46] trace  /app/ewei_shopv2_api.php?i=2&r=diypage&type=home&comefrom=wxapp&openid=sns_wa_oWJzS5Ag7aftNuoctwWWaX4qst_I&mid=&merchid=&authkey=&timestamp=1566377983007 yoxwechatbusinessModel::set_user:END
[2019-08-21 16:59:46] trace  /app/ewei_shopv2_api.php?i=2&r=shop.get_shopindex&comefrom=wxapp&openid=sns_wa_oWJzS5Ag7aftNuoctwWWaX4qst_I&mid=&merchid=&authkey=&timestamp=1566377983094 yoxwechatbusinessModel::set_user:BEGIN
[2019-08-21 16:59:46] trace  /app/ewei_shopv2_api.php?i=2&r=shop.get_shopindex&comefrom=wxapp&openid=sns_wa_oWJzS5Ag7aftNuoctwWWaX4qst_I&mid=&merchid=&authkey=&timestamp=1566377983094 yoxwechatbusinessModel::set_user:END
[2019-08-21 16:59:46] trace  /app/ewei_shopv2_api.php?i=2&r=shop.get_hasnewcoupon&comefrom=wxapp&openid=sns_wa_oWJzS5Ag7aftNuoctwWWaX4qst_I&mid=&merchid=&authkey=&timestamp=1566377983115 yoxwechatbusinessModel::set_user:BEGIN
[2019-08-21 16:59:46] trace  /app/ewei_shopv2_api.php?i=2&r=shop.get_hasnewcoupon&comefrom=wxapp&openid=sns_wa_oWJzS5Ag7aftNuoctwWWaX4qst_I&mid=&merchid=&authkey=&timestamp=1566377983115 yoxwechatbusinessModel::set_user:END
[2019-08-21 16:59:46] trace  /app/ewei_shopv2_api.php?i=2&r=shop.get_cpinfos&comefrom=wxapp&openid=sns_wa_oWJzS5Ag7aftNuoctwWWaX4qst_I&mid=&merchid=&authkey=&timestamp=1566377983135 yoxwechatbusinessModel::set_user:BEGIN
[2019-08-21 16:59:46] trace  /app/ewei_shopv2_api.php?i=2&r=shop.get_cpinfos&comefrom=wxapp&openid=sns_wa_oWJzS5Ag7aftNuoctwWWaX4qst_I&mid=&merchid=&authkey=&timestamp=1566377983135 yoxwechatbusinessModel::set_user:END
[2019-08-21 16:59:46] trace  /app/ewei_shopv2_api.php?i=2&r=black&comefrom=wxapp&openid=sns_wa_oWJzS5Ag7aftNuoctwWWaX4qst_I&mid=&merchid=&authkey=&timestamp=1566377982964 yoxwechatbusinessModel::set_user:BEGIN
[2019-08-21 16:59:46] trace  /app/ewei_shopv2_api.php?i=2&r=black&comefrom=wxapp&openid=sns_wa_oWJzS5Ag7aftNuoctwWWaX4qst_I&mid=&merchid=&authkey=&timestamp=1566377982964 yoxwechatbusinessModel::set_user:END
[2019-08-21 16:59:55] trace  /app/ewei_shopv2_api.php?i=2&r=shop.get_category&comefrom=wxapp&openid=sns_wa_oWJzS5Ag7aftNuoctwWWaX4qst_I&mid=&merchid=&authkey=M2YzNFZSM0lZRFFIUDM3aDdOT1dIZThPYnZEUWsxTExtUVZPc1cxL0o4WERiZW5pMkJMc2t1RWVzMEpIT0RhcitEbkUrWFg3Qy9wdjFZTHlqNXp0Y1hvR3lCWQ%3D%3D&timestamp=1566377993480 yoxwechatbusinessModel::set_user:BEGIN
[2019-08-21 16:59:55] trace  /app/ewei_shopv2_api.php?i=2&r=shop.get_category&comefrom=wxapp&openid=sns_wa_oWJzS5Ag7aftNuoctwWWaX4qst_I&mid=&merchid=&authkey=M2YzNFZSM0lZRFFIUDM3aDdOT1dIZThPYnZEUWsxTExtUVZPc1cxL0o4WERiZW5pMkJMc2t1RWVzMEpIT0RhcitEbkUrWFg3Qy9wdjFZTHlqNXp0Y1hvR3lCWQ%3D%3D&timestamp=1566377993480 yoxwechatbusinessModel::set_user:END
[2019-08-21 17:00:18] trace  /app/ewei_shopv2_api.php?i=2&r=shop.get_hasnewcoupon&comefrom=wxapp&openid=sns_wa_oWJzS5Ag7aftNuoctwWWaX4qst_I&mid=&merchid=&authkey=&timestamp=1566378017130 yoxwechatbusinessModel::set_user:BEGIN
[2019-08-21 17:00:18] trace  /app/ewei_shopv2_api.php?i=2&r=shop.get_hasnewcoupon&comefrom=wxapp&openid=sns_wa_oWJzS5Ag7aftNuoctwWWaX4qst_I&mid=&merchid=&authkey=&timestamp=1566378017130 yoxwechatbusinessModel::set_user:END
[2019-08-21 17:00:18] trace  /app/ewei_shopv2_api.php?i=2&r=shop.get_shopindex&comefrom=wxapp&openid=sns_wa_oWJzS5Ag7aftNuoctwWWaX4qst_I&mid=&merchid=&authkey=&timestamp=1566378017110 yoxwechatbusinessModel::set_user:BEGIN
[2019-08-21 17:00:18] trace  /app/ewei_shopv2_api.php?i=2&r=shop.get_shopindex&comefrom=wxapp&openid=sns_wa_oWJzS5Ag7aftNuoctwWWaX4qst_I&mid=&merchid=&authkey=&timestamp=1566378017110 yoxwechatbusinessModel::set_user:END
[2019-08-21 17:00:18] trace  /app/ewei_shopv2_api.php?i=2&r=shop.get_cpinfos&comefrom=wxapp&openid=sns_wa_oWJzS5Ag7aftNuoctwWWaX4qst_I&mid=&merchid=&authkey=&timestamp=1566378017149 yoxwechatbusinessModel::set_user:BEGIN
[2019-08-21 17:00:18] trace  /app/ewei_shopv2_api.php?i=2&r=shop.get_cpinfos&comefrom=wxapp&openid=sns_wa_oWJzS5Ag7aftNuoctwWWaX4qst_I&mid=&merchid=&authkey=&timestamp=1566378017149 yoxwechatbusinessModel::set_user:END
[2019-08-21 17:00:21] trace  /app/ewei_shopv2_api.php?i=2&r=yoxwechatbusiness&isajax=1&comefrom=wxapp&openid=sns_wa_oWJzS5Ag7aftNuoctwWWaX4qst_I&mid=&merchid=&authkey=&timestamp=1566378019718 yoxwechatbusinessModel::set_user:BEGIN
[2019-08-21 17:00:21] trace  /app/ewei_shopv2_api.php?i=2&r=yoxwechatbusiness&isajax=1&comefrom=wxapp&openid=sns_wa_oWJzS5Ag7aftNuoctwWWaX4qst_I&mid=&merchid=&authkey=&timestamp=1566378019718 yoxwechatbusinessModel::set_user:END
[2019-08-21 17:00:21] trace  /app/ewei_shopv2_api.php?i=2&r=bargain.act&comefrom=wxapp&openid=sns_wa_oWJzS5Ag7aftNuoctwWWaX4qst_I&mid=&merchid=&authkey=&timestamp=1566378019732 yoxwechatbusinessModel::set_user:BEGIN
[2019-08-21 17:00:21] trace  /app/ewei_shopv2_api.php?i=2&r=bargain.act&comefrom=wxapp&openid=sns_wa_oWJzS5Ag7aftNuoctwWWaX4qst_I&mid=&merchid=&authkey=&timestamp=1566378019732 yoxwechatbusinessModel::set_user:END
[2019-08-21 17:00:22] trace  /app/ewei_shopv2_api.php?i=2&r=shop.get_shopindex&comefrom=wxapp&openid=sns_wa_oWJzS5Ag7aftNuoctwWWaX4qst_I&mid=&merchid=&authkey=&timestamp=1566378021117 yoxwechatbusinessModel::set_user:BEGIN
[2019-08-21 17:00:22] trace  /app/ewei_shopv2_api.php?i=2&r=shop.get_shopindex&comefrom=wxapp&openid=sns_wa_oWJzS5Ag7aftNuoctwWWaX4qst_I&mid=&merchid=&authkey=&timestamp=1566378021117 yoxwechatbusinessModel::set_user:END
[2019-08-21 17:00:22] trace  /app/ewei_shopv2_api.php?i=2&r=shop.get_hasnewcoupon&comefrom=wxapp&openid=sns_wa_oWJzS5Ag7aftNuoctwWWaX4qst_I&mid=&merchid=&authkey=&timestamp=1566378021131 yoxwechatbusinessModel::set_user:BEGIN
[2019-08-21 17:00:22] trace  /app/ewei_shopv2_api.php?i=2&r=shop.get_hasnewcoupon&comefrom=wxapp&openid=sns_wa_oWJzS5Ag7aftNuoctwWWaX4qst_I&mid=&merchid=&authkey=&timestamp=1566378021131 yoxwechatbusinessModel::set_user:END
[2019-08-21 17:00:22] trace  /app/ewei_shopv2_api.php?i=2&r=shop.get_cpinfos&comefrom=wxapp&openid=sns_wa_oWJzS5Ag7aftNuoctwWWaX4qst_I&mid=&merchid=&authkey=&timestamp=1566378021146 yoxwechatbusinessModel::set_user:BEGIN
[2019-08-21 17:00:22] trace  /app/ewei_shopv2_api.php?i=2&r=shop.get_cpinfos&comefrom=wxapp&openid=sns_wa_oWJzS5Ag7aftNuoctwWWaX4qst_I&mid=&merchid=&authkey=&timestamp=1566378021146 yoxwechatbusinessModel::set_user:END
[2019-08-21 17:04:46] trace  /app/ewei_shopv2_api.php?i=2&r=black&comefrom=wxapp&openid=sns_wa_oWJzS5Ag7aftNuoctwWWaX4qst_I&mid=&merchid=&authkey=&timestamp=1566378284948 yoxwechatbusinessModel::set_user:BEGIN
[2019-08-21 17:04:46] trace  /app/ewei_shopv2_api.php?i=2&r=black&comefrom=wxapp&openid=sns_wa_oWJzS5Ag7aftNuoctwWWaX4qst_I&mid=&merchid=&authkey=&timestamp=1566378284948 yoxwechatbusinessModel::set_user:END
[2019-08-21 17:04:46] trace  /app/ewei_shopv2_api.php?i=2&r=diypage&type=home&comefrom=wxapp&openid=sns_wa_oWJzS5Ag7aftNuoctwWWaX4qst_I&mid=&merchid=&authkey=&timestamp=1566378285007 yoxwechatbusinessModel::set_user:BEGIN
[2019-08-21 17:04:46] trace  /app/ewei_shopv2_api.php?i=2&r=diypage&type=home&comefrom=wxapp&openid=sns_wa_oWJzS5Ag7aftNuoctwWWaX4qst_I&mid=&merchid=&authkey=&timestamp=1566378285007 yoxwechatbusinessModel::set_user:END
[2019-08-21 17:04:46] trace  /app/ewei_shopv2_api.php?i=2&r=shop.get_shopindex&comefrom=wxapp&openid=sns_wa_oWJzS5Ag7aftNuoctwWWaX4qst_I&mid=&merchid=&authkey=&timestamp=1566378285077 yoxwechatbusinessModel::set_user:BEGIN
[2019-08-21 17:04:46] trace  /app/ewei_shopv2_api.php?i=2&r=shop.get_shopindex&comefrom=wxapp&openid=sns_wa_oWJzS5Ag7aftNuoctwWWaX4qst_I&mid=&merchid=&authkey=&timestamp=1566378285077 yoxwechatbusinessModel::set_user:END
[2019-08-21 17:04:47] trace  /app/ewei_shopv2_api.php?i=2&r=shop.get_hasnewcoupon&comefrom=wxapp&openid=sns_wa_oWJzS5Ag7aftNuoctwWWaX4qst_I&mid=&merchid=&authkey=&timestamp=1566378285092 yoxwechatbusinessModel::set_user:BEGIN
[2019-08-21 17:04:47] trace  /app/ewei_shopv2_api.php?i=2&r=shop.get_hasnewcoupon&comefrom=wxapp&openid=sns_wa_oWJzS5Ag7aftNuoctwWWaX4qst_I&mid=&merchid=&authkey=&timestamp=1566378285092 yoxwechatbusinessModel::set_user:END
[2019-08-21 17:04:47] trace  /app/ewei_shopv2_api.php?i=2&r=shop.get_cpinfos&comefrom=wxapp&openid=sns_wa_oWJzS5Ag7aftNuoctwWWaX4qst_I&mid=&merchid=&authkey=&timestamp=1566378285104 yoxwechatbusinessModel::set_user:BEGIN
[2019-08-21 17:04:47] trace  /app/ewei_shopv2_api.php?i=2&r=shop.get_cpinfos&comefrom=wxapp&openid=sns_wa_oWJzS5Ag7aftNuoctwWWaX4qst_I&mid=&merchid=&authkey=&timestamp=1566378285104 yoxwechatbusinessModel::set_user:END
[2019-08-21 17:44:31] trace  /app/ewei_shopv2_api.php?i=2&r=shop.get_cpinfos&comefrom=wxapp&openid=sns_wa_oWJzS5MInDZYlJo0Nxm8LF19Jum4&mid=&merchid=&authkey=&timestamp=1566380668393 yoxwechatbusinessModel::set_user:BEGIN
[2019-08-21 17:44:31] trace  /app/ewei_shopv2_api.php?i=2&r=shop.get_cpinfos&comefrom=wxapp&openid=sns_wa_oWJzS5MInDZYlJo0Nxm8LF19Jum4&mid=&merchid=&authkey=&timestamp=1566380668393 yoxwechatbusinessModel::set_user:END
[2019-08-21 17:44:31] trace  /app/ewei_shopv2_api.php?i=2&r=black&comefrom=wxapp&openid=sns_wa_oWJzS5MInDZYlJo0Nxm8LF19Jum4&authkey=&timestamp=1566380668265 yoxwechatbusinessModel::set_user:BEGIN
[2019-08-21 17:44:31] trace  /app/ewei_shopv2_api.php?i=2&r=black&comefrom=wxapp&openid=sns_wa_oWJzS5MInDZYlJo0Nxm8LF19Jum4&authkey=&timestamp=1566380668265 yoxwechatbusinessModel::set_user:END
[2019-08-21 17:44:32] trace  /app/ewei_shopv2_api.php?i=2&r=shop.get_hasnewcoupon&comefrom=wxapp&openid=sns_wa_oWJzS5MInDZYlJo0Nxm8LF19Jum4&mid=&merchid=&authkey=&timestamp=1566380668356 yoxwechatbusinessModel::set_user:BEGIN
[2019-08-21 17:44:32] trace  /app/ewei_shopv2_api.php?i=2&r=shop.get_hasnewcoupon&comefrom=wxapp&openid=sns_wa_oWJzS5MInDZYlJo0Nxm8LF19Jum4&mid=&merchid=&authkey=&timestamp=1566380668356 yoxwechatbusinessModel::set_user:END
[2019-08-21 17:44:32] trace  /app/ewei_shopv2_api.php?i=2&r=shop.get_shopindex&comefrom=wxapp&openid=sns_wa_oWJzS5MInDZYlJo0Nxm8LF19Jum4&mid=&merchid=&authkey=&timestamp=1566380668342 yoxwechatbusinessModel::set_user:BEGIN
[2019-08-21 17:44:32] trace  /app/ewei_shopv2_api.php?i=2&r=shop.get_shopindex&comefrom=wxapp&openid=sns_wa_oWJzS5MInDZYlJo0Nxm8LF19Jum4&mid=&merchid=&authkey=&timestamp=1566380668342 yoxwechatbusinessModel::set_user:END
[2019-08-21 17:44:32] trace  /app/ewei_shopv2_api.php?i=2&r=diypage&type=home&comefrom=wxapp&openid=sns_wa_oWJzS5MInDZYlJo0Nxm8LF19Jum4&mid=&merchid=&authkey=&timestamp=1566380668300 yoxwechatbusinessModel::set_user:BEGIN
[2019-08-21 17:44:32] trace  /app/ewei_shopv2_api.php?i=2&r=diypage&type=home&comefrom=wxapp&openid=sns_wa_oWJzS5MInDZYlJo0Nxm8LF19Jum4&mid=&merchid=&authkey=&timestamp=1566380668300 yoxwechatbusinessModel::set_user:END
[2019-08-21 20:22:07] trace  /app/ewei_shopv2_api.php?i=2&r=shop.get_shopindex&comefrom=wxapp&openid=sns_wa_oWJzS5Ag7aftNuoctwWWaX4qst_I&mid=&merchid=&authkey=&timestamp=1566390126381 yoxwechatbusinessModel::set_user:BEGIN
[2019-08-21 20:22:07] trace  /app/ewei_shopv2_api.php?i=2&r=shop.get_shopindex&comefrom=wxapp&openid=sns_wa_oWJzS5Ag7aftNuoctwWWaX4qst_I&mid=&merchid=&authkey=&timestamp=1566390126381 yoxwechatbusinessModel::set_user:END
[2019-08-21 20:22:08] trace  /app/ewei_shopv2_api.php?i=2&r=diypage&type=home&comefrom=wxapp&openid=sns_wa_oWJzS5Ag7aftNuoctwWWaX4qst_I&mid=&merchid=&authkey=&timestamp=1566390126313 yoxwechatbusinessModel::set_user:BEGIN
[2019-08-21 20:22:08] trace  /app/ewei_shopv2_api.php?i=2&r=diypage&type=home&comefrom=wxapp&openid=sns_wa_oWJzS5Ag7aftNuoctwWWaX4qst_I&mid=&merchid=&authkey=&timestamp=1566390126313 yoxwechatbusinessModel::set_user:END
[2019-08-21 20:22:08] trace  /app/ewei_shopv2_api.php?i=2&r=shop.get_cpinfos&comefrom=wxapp&openid=sns_wa_oWJzS5Ag7aftNuoctwWWaX4qst_I&mid=&merchid=&authkey=&timestamp=1566390126420 yoxwechatbusinessModel::set_user:BEGIN
[2019-08-21 20:22:08] trace  /app/ewei_shopv2_api.php?i=2&r=shop.get_cpinfos&comefrom=wxapp&openid=sns_wa_oWJzS5Ag7aftNuoctwWWaX4qst_I&mid=&merchid=&authkey=&timestamp=1566390126420 yoxwechatbusinessModel::set_user:END
[2019-08-21 20:22:08] trace  /app/ewei_shopv2_api.php?i=2&r=black&comefrom=wxapp&openid=sns_wa_oWJzS5Ag7aftNuoctwWWaX4qst_I&authkey=&timestamp=1566390126259 yoxwechatbusinessModel::set_user:BEGIN
[2019-08-21 20:22:08] trace  /app/ewei_shopv2_api.php?i=2&r=black&comefrom=wxapp&openid=sns_wa_oWJzS5Ag7aftNuoctwWWaX4qst_I&authkey=&timestamp=1566390126259 yoxwechatbusinessModel::set_user:END
[2019-08-21 20:22:09] trace  /app/ewei_shopv2_api.php?i=2&r=shop.get_hasnewcoupon&comefrom=wxapp&openid=sns_wa_oWJzS5Ag7aftNuoctwWWaX4qst_I&mid=&merchid=&authkey=&timestamp=1566390126403 yoxwechatbusinessModel::set_user:BEGIN
[2019-08-21 20:22:09] trace  /app/ewei_shopv2_api.php?i=2&r=shop.get_hasnewcoupon&comefrom=wxapp&openid=sns_wa_oWJzS5Ag7aftNuoctwWWaX4qst_I&mid=&merchid=&authkey=&timestamp=1566390126403 yoxwechatbusinessModel::set_user:END
[2019-08-21 22:50:37] trace  /app/ewei_shopv2_api.php?i=2&r=black&comefrom=wxapp&openid=sns_wa_oWJzS5I4SwtIvnavadWO1lOR7lAw&authkey=&timestamp=1566399034988 yoxwechatbusinessModel::set_user:BEGIN
[2019-08-21 22:50:37] trace  /app/ewei_shopv2_api.php?i=2&r=black&comefrom=wxapp&openid=sns_wa_oWJzS5I4SwtIvnavadWO1lOR7lAw&authkey=&timestamp=1566399034988 yoxwechatbusinessModel::set_user:END
[2019-08-21 22:50:37] trace  /app/ewei_shopv2_api.php?i=2&r=shop.get_shopindex&comefrom=wxapp&openid=sns_wa_oWJzS5I4SwtIvnavadWO1lOR7lAw&mid=&merchid=&authkey=&timestamp=1566399035052 yoxwechatbusinessModel::set_user:BEGIN
[2019-08-21 22:50:37] trace  /app/ewei_shopv2_api.php?i=2&r=shop.get_shopindex&comefrom=wxapp&openid=sns_wa_oWJzS5I4SwtIvnavadWO1lOR7lAw&mid=&merchid=&authkey=&timestamp=1566399035052 yoxwechatbusinessModel::set_user:END
[2019-08-21 22:50:38] trace  /app/ewei_shopv2_api.php?i=2&r=diypage&type=home&comefrom=wxapp&openid=sns_wa_oWJzS5I4SwtIvnavadWO1lOR7lAw&mid=&merchid=&authkey=&timestamp=1566399035006 yoxwechatbusinessModel::set_user:BEGIN
[2019-08-21 22:50:38] trace  /app/ewei_shopv2_api.php?i=2&r=diypage&type=home&comefrom=wxapp&openid=sns_wa_oWJzS5I4SwtIvnavadWO1lOR7lAw&mid=&merchid=&authkey=&timestamp=1566399035006 yoxwechatbusinessModel::set_user:END
[2019-08-21 22:50:38] trace  /app/ewei_shopv2_api.php?i=2&r=shop.get_cpinfos&comefrom=wxapp&openid=sns_wa_oWJzS5I4SwtIvnavadWO1lOR7lAw&mid=&merchid=&authkey=&timestamp=1566399035065 yoxwechatbusinessModel::set_user:BEGIN
[2019-08-21 22:50:38] trace  /app/ewei_shopv2_api.php?i=2&r=shop.get_cpinfos&comefrom=wxapp&openid=sns_wa_oWJzS5I4SwtIvnavadWO1lOR7lAw&mid=&merchid=&authkey=&timestamp=1566399035065 yoxwechatbusinessModel::set_user:END
[2019-08-21 22:50:38] trace  /app/ewei_shopv2_api.php?i=2&r=shop.get_hasnewcoupon&comefrom=wxapp&openid=sns_wa_oWJzS5I4SwtIvnavadWO1lOR7lAw&mid=&merchid=&authkey=&timestamp=1566399035058 yoxwechatbusinessModel::set_user:BEGIN
[2019-08-21 22:50:38] trace  /app/ewei_shopv2_api.php?i=2&r=shop.get_hasnewcoupon&comefrom=wxapp&openid=sns_wa_oWJzS5I4SwtIvnavadWO1lOR7lAw&mid=&merchid=&authkey=&timestamp=1566399035058 yoxwechatbusinessModel::set_user:END
