[2019-06-23 09:14:02] trace  /app/ewei_shopv2_api.php?i=2&r=shop.get_shopindex&comefrom=wxapp&openid=sns_wa_oWJzS5MLaxm35z0bkAv3si57MUh0&mid=&merchid=&authkey=&timestamp=1561252437483 yoxwechatbusinessModel::set_user:BEGIN
[2019-06-23 09:14:02] trace  /app/ewei_shopv2_api.php?i=2&r=shop.get_hasnewcoupon&comefrom=wxapp&openid=sns_wa_oWJzS5MLaxm35z0bkAv3si57MUh0&mid=&merchid=&authkey=&timestamp=1561252437581 yoxwechatbusinessModel::set_user:BEGIN
[2019-06-23 09:14:02] trace  /app/ewei_shopv2_api.php?i=2&r=shop.get_shopindex&comefrom=wxapp&openid=sns_wa_oWJzS5MLaxm35z0bkAv3si57MUh0&mid=&merchid=&authkey=&timestamp=1561252437483 yoxwechatbusinessModel::set_user:END
[2019-06-23 09:14:02] trace  /app/ewei_shopv2_api.php?i=2&r=shop.get_hasnewcoupon&comefrom=wxapp&openid=sns_wa_oWJzS5MLaxm35z0bkAv3si57MUh0&mid=&merchid=&authkey=&timestamp=1561252437581 yoxwechatbusinessModel::set_user:END
[2019-06-23 09:14:02] trace  /app/ewei_shopv2_api.php?i=2&r=shop.get_cpinfos&comefrom=wxapp&openid=sns_wa_oWJzS5MLaxm35z0bkAv3si57MUh0&mid=&merchid=&authkey=&timestamp=1561252437676 yoxwechatbusinessModel::set_user:BEGIN
[2019-06-23 09:14:02] trace  /app/ewei_shopv2_api.php?i=2&r=diypage&type=home&comefrom=wxapp&openid=sns_wa_oWJzS5MLaxm35z0bkAv3si57MUh0&mid=&merchid=&authkey=&timestamp=1561252437170 yoxwechatbusinessModel::set_user:BEGIN
[2019-06-23 09:14:02] trace  /app/ewei_shopv2_api.php?i=2&r=black&comefrom=wxapp&openid=sns_wa_oWJzS5MLaxm35z0bkAv3si57MUh0&authkey=&timestamp=1561252437014 yoxwechatbusinessModel::set_user:BEGIN
[2019-06-23 09:14:02] trace  /app/ewei_shopv2_api.php?i=2&r=shop.get_cpinfos&comefrom=wxapp&openid=sns_wa_oWJzS5MLaxm35z0bkAv3si57MUh0&mid=&merchid=&authkey=&timestamp=1561252437676 yoxwechatbusinessModel::set_user:END
[2019-06-23 09:14:02] trace  /app/ewei_shopv2_api.php?i=2&r=diypage&type=home&comefrom=wxapp&openid=sns_wa_oWJzS5MLaxm35z0bkAv3si57MUh0&mid=&merchid=&authkey=&timestamp=1561252437170 yoxwechatbusinessModel::set_user:END
[2019-06-23 09:14:02] trace  /app/ewei_shopv2_api.php?i=2&r=black&comefrom=wxapp&openid=sns_wa_oWJzS5MLaxm35z0bkAv3si57MUh0&authkey=&timestamp=1561252437014 yoxwechatbusinessModel::set_user:END
[2019-06-23 09:14:24] trace  /app/ewei_shopv2_api.php?i=2&r=diypage&type=home&comefrom=wxapp&openid=sns_wa_oWJzS5MLaxm35z0bkAv3si57MUh0&mid=&merchid=&authkey=ZTVjYmNIdlhobUZjbWRnNE0zQmozOGtlZVdsNFlScXhRdlNWVExjTitKcGZhcHg5akRDVHE1WmgwQTNKREM3Q0czTVlLeUlnOG90Vk1mWm1UOUkrWFlhUGVSRQ%3D%3D&timestamp=1561252459839 yoxwechatbusinessModel::set_user:BEGIN
[2019-06-23 09:14:24] trace  /app/ewei_shopv2_api.php?i=2&r=diypage&type=home&comefrom=wxapp&openid=sns_wa_oWJzS5MLaxm35z0bkAv3si57MUh0&mid=&merchid=&authkey=ZTVjYmNIdlhobUZjbWRnNE0zQmozOGtlZVdsNFlScXhRdlNWVExjTitKcGZhcHg5akRDVHE1WmgwQTNKREM3Q0czTVlLeUlnOG90Vk1mWm1UOUkrWFlhUGVSRQ%3D%3D&timestamp=1561252459839 yoxwechatbusinessModel::set_user:END
[2019-06-23 09:14:28] trace  /app/ewei_shopv2_api.php?i=2&r=diypage&type=6&comefrom=wxapp&openid=sns_wa_oWJzS5MLaxm35z0bkAv3si57MUh0&mid=&merchid=&authkey=&timestamp=1561252463580 yoxwechatbusinessModel::set_user:BEGIN
[2019-06-23 09:14:28] trace  /app/ewei_shopv2_api.php?i=2&r=diypage&id=6&comefrom=wxapp&openid=sns_wa_oWJzS5MLaxm35z0bkAv3si57MUh0&mid=&merchid=&authkey=&timestamp=1561252463661 yoxwechatbusinessModel::set_user:BEGIN
[2019-06-23 09:14:28] trace  /app/ewei_shopv2_api.php?i=2&r=diypage&type=6&comefrom=wxapp&openid=sns_wa_oWJzS5MLaxm35z0bkAv3si57MUh0&mid=&merchid=&authkey=&timestamp=1561252463580 yoxwechatbusinessModel::set_user:END
[2019-06-23 09:14:28] trace  /app/ewei_shopv2_api.php?i=2&r=diypage&id=6&comefrom=wxapp&openid=sns_wa_oWJzS5MLaxm35z0bkAv3si57MUh0&mid=&merchid=&authkey=&timestamp=1561252463661 yoxwechatbusinessModel::set_user:END
[2019-06-23 09:14:33] trace  /app/ewei_shopv2_api.php?i=2&r=shop.get_shopindex&comefrom=wxapp&openid=sns_wa_oWJzS5MLaxm35z0bkAv3si57MUh0&mid=&merchid=&authkey=&timestamp=1561252468911 yoxwechatbusinessModel::set_user:BEGIN
[2019-06-23 09:14:33] trace  /app/ewei_shopv2_api.php?i=2&r=shop.get_shopindex&comefrom=wxapp&openid=sns_wa_oWJzS5MLaxm35z0bkAv3si57MUh0&mid=&merchid=&authkey=&timestamp=1561252468911 yoxwechatbusinessModel::set_user:END
[2019-06-23 09:14:33] trace  /app/ewei_shopv2_api.php?i=2&r=shop.get_cpinfos&comefrom=wxapp&openid=sns_wa_oWJzS5MLaxm35z0bkAv3si57MUh0&mid=&merchid=&authkey=&timestamp=1561252468998 yoxwechatbusinessModel::set_user:BEGIN
[2019-06-23 09:14:33] trace  /app/ewei_shopv2_api.php?i=2&r=shop.get_cpinfos&comefrom=wxapp&openid=sns_wa_oWJzS5MLaxm35z0bkAv3si57MUh0&mid=&merchid=&authkey=&timestamp=1561252468998 yoxwechatbusinessModel::set_user:END
[2019-06-23 09:14:33] trace  /app/ewei_shopv2_api.php?i=2&r=shop.get_hasnewcoupon&comefrom=wxapp&openid=sns_wa_oWJzS5MLaxm35z0bkAv3si57MUh0&mid=&merchid=&authkey=&timestamp=1561252468954 yoxwechatbusinessModel::set_user:BEGIN
[2019-06-23 09:14:33] trace  /app/ewei_shopv2_api.php?i=2&r=shop.get_hasnewcoupon&comefrom=wxapp&openid=sns_wa_oWJzS5MLaxm35z0bkAv3si57MUh0&mid=&merchid=&authkey=&timestamp=1561252468954 yoxwechatbusinessModel::set_user:END
[2019-06-23 09:14:50] trace  /app/ewei_shopv2_api.php?i=2&r=goods.get_category&comefrom=wxapp&openid=sns_wa_oWJzS5MLaxm35z0bkAv3si57MUh0&mid=&merchid=&authkey=&timestamp=1561252486016 yoxwechatbusinessModel::set_user:BEGIN
[2019-06-23 09:14:50] trace  /app/ewei_shopv2_api.php?i=2&r=goods.get_list&page=1&comefrom=wxapp&openid=sns_wa_oWJzS5MLaxm35z0bkAv3si57MUh0&mid=&merchid=&authkey=&timestamp=1561252486056 yoxwechatbusinessModel::set_user:BEGIN
[2019-06-23 09:14:50] trace  /app/ewei_shopv2_api.php?i=2&r=goods.get_category&comefrom=wxapp&openid=sns_wa_oWJzS5MLaxm35z0bkAv3si57MUh0&mid=&merchid=&authkey=&timestamp=1561252486016 yoxwechatbusinessModel::set_user:END
[2019-06-23 09:14:50] trace  /app/ewei_shopv2_api.php?i=2&r=goods.get_list&page=1&comefrom=wxapp&openid=sns_wa_oWJzS5MLaxm35z0bkAv3si57MUh0&mid=&merchid=&authkey=&timestamp=1561252486056 yoxwechatbusinessModel::set_user:END
[2019-06-23 09:14:57] trace  /app/ewei_shopv2_api.php?i=2&r=goods.get_list&page=2&comefrom=wxapp&openid=sns_wa_oWJzS5MLaxm35z0bkAv3si57MUh0&mid=&merchid=&authkey=&timestamp=1561252493066 yoxwechatbusinessModel::set_user:BEGIN
[2019-06-23 09:14:57] trace  /app/ewei_shopv2_api.php?i=2&r=goods.get_list&page=2&comefrom=wxapp&openid=sns_wa_oWJzS5MLaxm35z0bkAv3si57MUh0&mid=&merchid=&authkey=&timestamp=1561252493066 yoxwechatbusinessModel::set_user:END
[2019-06-23 09:15:09] trace  /app/ewei_shopv2_api.php?i=2&r=goods.get_list&page=3&comefrom=wxapp&openid=sns_wa_oWJzS5MLaxm35z0bkAv3si57MUh0&mid=&merchid=&authkey=&timestamp=1561252504525 yoxwechatbusinessModel::set_user:BEGIN
[2019-06-23 09:15:09] trace  /app/ewei_shopv2_api.php?i=2&r=goods.get_list&page=3&comefrom=wxapp&openid=sns_wa_oWJzS5MLaxm35z0bkAv3si57MUh0&mid=&merchid=&authkey=&timestamp=1561252504525 yoxwechatbusinessModel::set_user:END
[2019-06-23 09:15:09] trace  /app/ewei_shopv2_api.php?i=2&r=goods.get_list&page=3&comefrom=wxapp&openid=sns_wa_oWJzS5MLaxm35z0bkAv3si57MUh0&mid=&merchid=&authkey=&timestamp=1561252505068 yoxwechatbusinessModel::set_user:BEGIN
[2019-06-23 09:15:09] trace  /app/ewei_shopv2_api.php?i=2&r=goods.get_list&page=3&comefrom=wxapp&openid=sns_wa_oWJzS5MLaxm35z0bkAv3si57MUh0&mid=&merchid=&authkey=&timestamp=1561252505068 yoxwechatbusinessModel::set_user:END
[2019-06-23 09:15:15] trace  /app/ewei_shopv2_api.php?i=2&r=goods.get_list&page=5&comefrom=wxapp&openid=sns_wa_oWJzS5MLaxm35z0bkAv3si57MUh0&mid=&merchid=&authkey=&timestamp=1561252510589 yoxwechatbusinessModel::set_user:BEGIN
[2019-06-23 09:15:15] trace  /app/ewei_shopv2_api.php?i=2&r=goods.get_list&page=5&comefrom=wxapp&openid=sns_wa_oWJzS5MLaxm35z0bkAv3si57MUh0&mid=&merchid=&authkey=&timestamp=1561252510589 yoxwechatbusinessModel::set_user:END
[2019-06-23 09:15:20] trace  /app/ewei_shopv2_api.php?i=2&r=goods.get_list&page=6&comefrom=wxapp&openid=sns_wa_oWJzS5MLaxm35z0bkAv3si57MUh0&mid=&merchid=&authkey=&timestamp=1561252516226 yoxwechatbusinessModel::set_user:BEGIN
[2019-06-23 09:15:20] trace  /app/ewei_shopv2_api.php?i=2&r=goods.get_list&page=6&comefrom=wxapp&openid=sns_wa_oWJzS5MLaxm35z0bkAv3si57MUh0&mid=&merchid=&authkey=&timestamp=1561252516226 yoxwechatbusinessModel::set_user:END
[2019-06-23 09:15:23] trace  /app/ewei_shopv2_api.php?i=2&r=goods.get_list&page=6&comefrom=wxapp&openid=sns_wa_oWJzS5MLaxm35z0bkAv3si57MUh0&mid=&merchid=&authkey=&timestamp=1561252518763 yoxwechatbusinessModel::set_user:BEGIN
[2019-06-23 09:15:23] trace  /app/ewei_shopv2_api.php?i=2&r=goods.get_list&page=6&comefrom=wxapp&openid=sns_wa_oWJzS5MLaxm35z0bkAv3si57MUh0&mid=&merchid=&authkey=&timestamp=1561252518763 yoxwechatbusinessModel::set_user:END
[2019-06-23 09:15:25] trace  /app/ewei_shopv2_api.php?i=2&r=shop.get_hasnewcoupon&comefrom=wxapp&openid=sns_wa_oWJzS5MLaxm35z0bkAv3si57MUh0&mid=&merchid=&authkey=&timestamp=1561252520750 yoxwechatbusinessModel::set_user:BEGIN
[2019-06-23 09:15:25] trace  /app/ewei_shopv2_api.php?i=2&r=shop.get_hasnewcoupon&comefrom=wxapp&openid=sns_wa_oWJzS5MLaxm35z0bkAv3si57MUh0&mid=&merchid=&authkey=&timestamp=1561252520750 yoxwechatbusinessModel::set_user:END
[2019-06-23 09:15:25] trace  /app/ewei_shopv2_api.php?i=2&r=shop.get_cpinfos&comefrom=wxapp&openid=sns_wa_oWJzS5MLaxm35z0bkAv3si57MUh0&mid=&merchid=&authkey=&timestamp=1561252520819 yoxwechatbusinessModel::set_user:BEGIN
[2019-06-23 09:15:25] trace  /app/ewei_shopv2_api.php?i=2&r=shop.get_cpinfos&comefrom=wxapp&openid=sns_wa_oWJzS5MLaxm35z0bkAv3si57MUh0&mid=&merchid=&authkey=&timestamp=1561252520819 yoxwechatbusinessModel::set_user:END
[2019-06-23 09:15:25] trace  /app/ewei_shopv2_api.php?i=2&r=shop.get_shopindex&comefrom=wxapp&openid=sns_wa_oWJzS5MLaxm35z0bkAv3si57MUh0&mid=&merchid=&authkey=&timestamp=1561252520706 yoxwechatbusinessModel::set_user:BEGIN
[2019-06-23 09:15:25] trace  /app/ewei_shopv2_api.php?i=2&r=shop.get_shopindex&comefrom=wxapp&openid=sns_wa_oWJzS5MLaxm35z0bkAv3si57MUh0&mid=&merchid=&authkey=&timestamp=1561252520706 yoxwechatbusinessModel::set_user:END
[2019-06-23 09:15:31] trace  /app/ewei_shopv2_api.php?i=2&r=yoxwechatbusiness&isajax=1&comefrom=wxapp&openid=sns_wa_oWJzS5MLaxm35z0bkAv3si57MUh0&mid=&merchid=&authkey=&timestamp=1561252527098 yoxwechatbusinessModel::set_user:BEGIN
[2019-06-23 09:15:31] trace  /app/ewei_shopv2_api.php?i=2&r=yoxwechatbusiness&isajax=1&comefrom=wxapp&openid=sns_wa_oWJzS5MLaxm35z0bkAv3si57MUh0&mid=&merchid=&authkey=&timestamp=1561252527098 yoxwechatbusinessModel::set_user:END
[2019-06-23 09:15:31] trace  /app/ewei_shopv2_api.php?i=2&r=bargain.act&comefrom=wxapp&openid=sns_wa_oWJzS5MLaxm35z0bkAv3si57MUh0&mid=&merchid=&authkey=&timestamp=1561252527137 yoxwechatbusinessModel::set_user:BEGIN
[2019-06-23 09:15:31] trace  /app/ewei_shopv2_api.php?i=2&r=bargain.act&comefrom=wxapp&openid=sns_wa_oWJzS5MLaxm35z0bkAv3si57MUh0&mid=&merchid=&authkey=&timestamp=1561252527137 yoxwechatbusinessModel::set_user:END
[2019-06-23 09:15:57] trace  /app/ewei_shopv2_api.php?i=2&r=membercard.getlist&page=1&cate=&comefrom=wxapp&openid=sns_wa_oWJzS5MLaxm35z0bkAv3si57MUh0&mid=&merchid=&authkey=&timestamp=1561252552850 yoxwechatbusinessModel::set_user:BEGIN
[2019-06-23 09:15:57] trace  /app/ewei_shopv2_api.php?i=2&r=membercard.getlist&page=1&cate=&comefrom=wxapp&openid=sns_wa_oWJzS5MLaxm35z0bkAv3si57MUh0&mid=&merchid=&authkey=&timestamp=1561252552850 yoxwechatbusinessModel::set_user:END
[2019-06-23 09:16:28] trace  /app/ewei_shopv2_api.php?i=2&r=yoxwechatbusiness.certificate.certificate_list&isajax=1&page=1&comefrom=wxapp&openid=sns_wa_oWJzS5MLaxm35z0bkAv3si57MUh0&mid=&merchid=&authkey=&timestamp=1561252584208 yoxwechatbusinessModel::set_user:BEGIN
[2019-06-23 09:16:28] trace  /app/ewei_shopv2_api.php?i=2&r=yoxwechatbusiness.certificate.certificate_list&isajax=1&page=1&comefrom=wxapp&openid=sns_wa_oWJzS5MLaxm35z0bkAv3si57MUh0&mid=&merchid=&authkey=&timestamp=1561252584208 yoxwechatbusinessModel::set_user:END
[2019-06-23 09:16:33] trace  /app/ewei_shopv2_api.php?i=2&r=shop.get_shopindex&comefrom=wxapp&openid=sns_wa_oWJzS5MLaxm35z0bkAv3si57MUh0&mid=&merchid=&authkey=&timestamp=1561252589207 yoxwechatbusinessModel::set_user:BEGIN
[2019-06-23 09:16:33] trace  /app/ewei_shopv2_api.php?i=2&r=shop.get_shopindex&comefrom=wxapp&openid=sns_wa_oWJzS5MLaxm35z0bkAv3si57MUh0&mid=&merchid=&authkey=&timestamp=1561252589207 yoxwechatbusinessModel::set_user:END
[2019-06-23 09:16:33] trace  /app/ewei_shopv2_api.php?i=2&r=shop.get_hasnewcoupon&comefrom=wxapp&openid=sns_wa_oWJzS5MLaxm35z0bkAv3si57MUh0&mid=&merchid=&authkey=&timestamp=1561252589276 yoxwechatbusinessModel::set_user:BEGIN
[2019-06-23 09:16:33] trace  /app/ewei_shopv2_api.php?i=2&r=shop.get_hasnewcoupon&comefrom=wxapp&openid=sns_wa_oWJzS5MLaxm35z0bkAv3si57MUh0&mid=&merchid=&authkey=&timestamp=1561252589276 yoxwechatbusinessModel::set_user:END
[2019-06-23 09:16:34] trace  /app/ewei_shopv2_api.php?i=2&r=shop.get_cpinfos&comefrom=wxapp&openid=sns_wa_oWJzS5MLaxm35z0bkAv3si57MUh0&mid=&merchid=&authkey=&timestamp=1561252589360 yoxwechatbusinessModel::set_user:BEGIN
[2019-06-23 09:16:34] trace  /app/ewei_shopv2_api.php?i=2&r=shop.get_cpinfos&comefrom=wxapp&openid=sns_wa_oWJzS5MLaxm35z0bkAv3si57MUh0&mid=&merchid=&authkey=&timestamp=1561252589360 yoxwechatbusinessModel::set_user:END
[2019-06-23 10:08:55] trace  /app/ewei_shopv2_api.php?i=2&r=cacheset&version=&comefrom=wxapp&openid=sns_wa_oWJzS5EmrraWvVf0v0qrETEtJTe0&mid=&merchid=&authkey=NDhhZGRlSGhHMmpzeXJTZER5NG96alZVbGdoU29RWThYNHdCdTZocjdEcFdOWXVCb1BycVV6NHI0RzE5MFhJTHBLMXZ5YXoz&timestamp=1561255731931 yoxwechatbusinessModel::set_user:BEGIN
[2019-06-23 10:08:55] trace  /app/ewei_shopv2_api.php?i=2&r=cacheset&version=&comefrom=wxapp&openid=sns_wa_oWJzS5EmrraWvVf0v0qrETEtJTe0&mid=&merchid=&authkey=NDhhZGRlSGhHMmpzeXJTZER5NG96alZVbGdoU29RWThYNHdCdTZocjdEcFdOWXVCb1BycVV6NHI0RzE5MFhJTHBLMXZ5YXoz&timestamp=1561255731923 yoxwechatbusinessModel::set_user:BEGIN
[2019-06-23 12:43:43] trace  /app/ewei_shopv2_api.php?i=2&r=cacheset&version=&comefrom=wxapp&openid=sns_wa_oWJzS5Icb5v0UZ2XgEKwAPjtpe4s&mid=&merchid=&authkey=Nzk5OERsakZ6YWY5OGVDd0U5ZUtKYmJTaXp3blhGQWVtdUhZV3BqK1d4N2d0NUZUdWtTZFZIS096ZWRBaStPUGVrOTR1RGxq&timestamp=1561265018593 yoxwechatbusinessModel::set_user:BEGIN
[2019-06-23 12:43:43] trace  /app/ewei_shopv2_api.php?i=2&r=cacheset&version=&comefrom=wxapp&openid=sns_wa_oWJzS5Icb5v0UZ2XgEKwAPjtpe4s&mid=&merchid=&authkey=NmYxYmJ4VG1OY3hWb2ZUR1B5MExQZlNpM3ZLRGtMR0cxSjREVWJobW43bXFUWGt2UHpMWnhFTDB0cEoyQjhDbEw1b3Y5K2hZ&timestamp=1561265018820 yoxwechatbusinessModel::set_user:BEGIN
[2019-06-23 13:16:27] trace  /app/ewei_shopv2_api.php?i=2&r=shop.get_shopindex&comefrom=wxapp&openid=sns_wa_oWJzS5FwmdjUd1tLn64ma3_zHyGw&mid=&merchid=&authkey=MjUyZUV1WlJLTXRGam5ySDBWNE9mMjR6TnQ0TldoTXZ4K2VqRmhSMnEwSVhBcithMHhyV2tYZE5CUFRra1NJV3pzdE9EUjkwUjl5czd6by94Wm5MY3E2WDMydGkwdHhsQml1cGJBcVZ6SnQzMlE%3D&timestamp=1561266972596 yoxwechatbusinessModel::set_user:BEGIN
[2019-06-23 13:16:27] trace  /app/ewei_shopv2_api.php?i=2&r=diypage&type=home&comefrom=wxapp&openid=sns_wa_oWJzS5FwmdjUd1tLn64ma3_zHyGw&mid=&merchid=&authkey=MjUyZUV1WlJLTXRGam5ySDBWNE9mMjR6TnQ0TldoTXZ4K2VqRmhSMnEwSVhBcithMHhyV2tYZE5CUFRra1NJV3pzdE9EUjkwUjl5czd6by94Wm5MY3E2WDMydGkwdHhsQml1cGJBcVZ6SnQzMlE%3D&timestamp=1561266972498 yoxwechatbusinessModel::set_user:BEGIN
[2019-06-23 13:16:27] trace  /app/ewei_shopv2_api.php?i=2&r=black&comefrom=wxapp&openid=sns_wa_oWJzS5FwmdjUd1tLn64ma3_zHyGw&authkey=MjUyZUV1WlJLTXRGam5ySDBWNE9mMjR6TnQ0TldoTXZ4K2VqRmhSMnEwSVhBcithMHhyV2tYZE5CUFRra1NJV3pzdE9EUjkwUjl5czd6by94Wm5MY3E2WDMydGkwdHhsQml1cGJBcVZ6SnQzMlE%3D&timestamp=1561266972428 yoxwechatbusinessModel::set_user:BEGIN
[2019-06-23 13:16:27] trace  /app/ewei_shopv2_api.php?i=2&r=shop.get_hasnewcoupon&comefrom=wxapp&openid=sns_wa_oWJzS5FwmdjUd1tLn64ma3_zHyGw&mid=&merchid=&authkey=MjUyZUV1WlJLTXRGam5ySDBWNE9mMjR6TnQ0TldoTXZ4K2VqRmhSMnEwSVhBcithMHhyV2tYZE5CUFRra1NJV3pzdE9EUjkwUjl5czd6by94Wm5MY3E2WDMydGkwdHhsQml1cGJBcVZ6SnQzMlE%3D&timestamp=1561266972622 yoxwechatbusinessModel::set_user:BEGIN
[2019-06-23 13:16:27] trace  /app/ewei_shopv2_api.php?i=2&r=shop.get_cpinfos&comefrom=wxapp&openid=sns_wa_oWJzS5FwmdjUd1tLn64ma3_zHyGw&mid=&merchid=&authkey=MjUyZUV1WlJLTXRGam5ySDBWNE9mMjR6TnQ0TldoTXZ4K2VqRmhSMnEwSVhBcithMHhyV2tYZE5CUFRra1NJV3pzdE9EUjkwUjl5czd6by94Wm5MY3E2WDMydGkwdHhsQml1cGJBcVZ6SnQzMlE%3D&timestamp=1561266972649 yoxwechatbusinessModel::set_user:BEGIN
[2019-06-23 19:08:03] trace  /app/ewei_shopv2_api.php?i=2&r=shop.get_cpinfos&comefrom=wxapp&openid=sns_wa_oWJzS5Gq5dLnciFLTn4G4cb3wJeM&mid=&merchid=&authkey=&timestamp=1561288078593 yoxwechatbusinessModel::set_user:BEGIN
[2019-06-23 19:08:03] trace  /app/ewei_shopv2_api.php?i=2&r=shop.get_cpinfos&comefrom=wxapp&openid=sns_wa_oWJzS5Gq5dLnciFLTn4G4cb3wJeM&mid=&merchid=&authkey=&timestamp=1561288078593 yoxwechatbusinessModel::set_user:END
[2019-06-23 19:08:03] trace  /app/ewei_shopv2_api.php?i=2&r=shop.get_hasnewcoupon&comefrom=wxapp&openid=sns_wa_oWJzS5Gq5dLnciFLTn4G4cb3wJeM&mid=&merchid=&authkey=&timestamp=1561288078565 yoxwechatbusinessModel::set_user:BEGIN
[2019-06-23 19:08:03] trace  /app/ewei_shopv2_api.php?i=2&r=black&comefrom=wxapp&openid=sns_wa_oWJzS5Gq5dLnciFLTn4G4cb3wJeM&authkey=&timestamp=1561288078403 yoxwechatbusinessModel::set_user:BEGIN
[2019-06-23 19:08:03] trace  /app/ewei_shopv2_api.php?i=2&r=shop.get_shopindex&comefrom=wxapp&openid=sns_wa_oWJzS5Gq5dLnciFLTn4G4cb3wJeM&mid=&merchid=&authkey=&timestamp=1561288078524 yoxwechatbusinessModel::set_user:BEGIN
[2019-06-23 19:08:03] trace  /app/ewei_shopv2_api.php?i=2&r=diypage&type=home&comefrom=wxapp&openid=sns_wa_oWJzS5Gq5dLnciFLTn4G4cb3wJeM&mid=&merchid=&authkey=&timestamp=1561288078458 yoxwechatbusinessModel::set_user:BEGIN
[2019-06-23 19:08:03] trace  /app/ewei_shopv2_api.php?i=2&r=shop.get_hasnewcoupon&comefrom=wxapp&openid=sns_wa_oWJzS5Gq5dLnciFLTn4G4cb3wJeM&mid=&merchid=&authkey=&timestamp=1561288078565 yoxwechatbusinessModel::set_user:END
[2019-06-23 19:08:03] trace  /app/ewei_shopv2_api.php?i=2&r=shop.get_shopindex&comefrom=wxapp&openid=sns_wa_oWJzS5Gq5dLnciFLTn4G4cb3wJeM&mid=&merchid=&authkey=&timestamp=1561288078524 yoxwechatbusinessModel::set_user:END
[2019-06-23 19:08:03] trace  /app/ewei_shopv2_api.php?i=2&r=diypage&type=home&comefrom=wxapp&openid=sns_wa_oWJzS5Gq5dLnciFLTn4G4cb3wJeM&mid=&merchid=&authkey=&timestamp=1561288078458 yoxwechatbusinessModel::set_user:END
[2019-06-23 19:08:03] trace  /app/ewei_shopv2_api.php?i=2&r=black&comefrom=wxapp&openid=sns_wa_oWJzS5Gq5dLnciFLTn4G4cb3wJeM&authkey=&timestamp=1561288078403 yoxwechatbusinessModel::set_user:END
[2019-06-23 19:08:15] trace  /app/ewei_shopv2_api.php?i=2&r=groups&comefrom=wxapp&openid=sns_wa_oWJzS5Gq5dLnciFLTn4G4cb3wJeM&mid=&merchid=&authkey=NWQyMm5sSzJZL3N6eVpISXN4bGdOYlUwRzFSejUzZjRmWHRmRVRkanVleGpPZUtkNUJTMlF1OE9aMEcvSnNmOXk5bTk4TkU1UW8wVDZaVFBZWmJWejhpOTc4RQ%3D%3D&timestamp=1561288091442 yoxwechatbusinessModel::set_user:BEGIN
[2019-06-23 19:08:15] trace  /app/ewei_shopv2_api.php?i=2&r=groups&comefrom=wxapp&openid=sns_wa_oWJzS5Gq5dLnciFLTn4G4cb3wJeM&mid=&merchid=&authkey=NWQyMm5sSzJZL3N6eVpISXN4bGdOYlUwRzFSejUzZjRmWHRmRVRkanVleGpPZUtkNUJTMlF1OE9aMEcvSnNmOXk5bTk4TkU1UW8wVDZaVFBZWmJWejhpOTc4RQ%3D%3D&timestamp=1561288091442 yoxwechatbusinessModel::set_user:END
[2019-06-23 22:01:22] trace  /app/ewei_shopv2_api.php?i=2&r=diypage&type=home&comefrom=wxapp&openid=sns_wa_oWJzS5I4SwtIvnavadWO1lOR7lAw&mid=&merchid=&authkey=NGJjNlplWXpYcmtlQlhvQ1FyazY0THBuZHVYSjBIZUdxTE11UnRoc0hOY1RCQytVYzcyZHgxSWFrbHBtaDhBUUVNRmErZlZUODVhRnBtdFlLMUxJYVdkWXlPYw%3D%3D&timestamp=1561298477212 yoxwechatbusinessModel::set_user:BEGIN
[2019-06-23 22:01:22] trace  /app/ewei_shopv2_api.php?i=2&r=shop.get_hasnewcoupon&comefrom=wxapp&openid=sns_wa_oWJzS5I4SwtIvnavadWO1lOR7lAw&mid=&merchid=&authkey=NGJjNlplWXpYcmtlQlhvQ1FyazY0THBuZHVYSjBIZUdxTE11UnRoc0hOY1RCQytVYzcyZHgxSWFrbHBtaDhBUUVNRmErZlZUODVhRnBtdFlLMUxJYVdkWXlPYw%3D%3D&timestamp=1561298477275 yoxwechatbusinessModel::set_user:BEGIN
[2019-06-23 22:01:22] trace  /app/ewei_shopv2_api.php?i=2&r=diypage&type=home&comefrom=wxapp&openid=sns_wa_oWJzS5I4SwtIvnavadWO1lOR7lAw&mid=&merchid=&authkey=NGJjNlplWXpYcmtlQlhvQ1FyazY0THBuZHVYSjBIZUdxTE11UnRoc0hOY1RCQytVYzcyZHgxSWFrbHBtaDhBUUVNRmErZlZUODVhRnBtdFlLMUxJYVdkWXlPYw%3D%3D&timestamp=1561298477212 yoxwechatbusinessModel::set_user:END
[2019-06-23 22:01:22] trace  /app/ewei_shopv2_api.php?i=2&r=shop.get_hasnewcoupon&comefrom=wxapp&openid=sns_wa_oWJzS5I4SwtIvnavadWO1lOR7lAw&mid=&merchid=&authkey=NGJjNlplWXpYcmtlQlhvQ1FyazY0THBuZHVYSjBIZUdxTE11UnRoc0hOY1RCQytVYzcyZHgxSWFrbHBtaDhBUUVNRmErZlZUODVhRnBtdFlLMUxJYVdkWXlPYw%3D%3D&timestamp=1561298477275 yoxwechatbusinessModel::set_user:END
[2019-06-23 22:01:22] trace  /app/ewei_shopv2_api.php?i=2&r=shop.get_cpinfos&comefrom=wxapp&openid=sns_wa_oWJzS5I4SwtIvnavadWO1lOR7lAw&mid=&merchid=&authkey=NGJjNlplWXpYcmtlQlhvQ1FyazY0THBuZHVYSjBIZUdxTE11UnRoc0hOY1RCQytVYzcyZHgxSWFrbHBtaDhBUUVNRmErZlZUODVhRnBtdFlLMUxJYVdkWXlPYw%3D%3D&timestamp=1561298477279 yoxwechatbusinessModel::set_user:BEGIN
[2019-06-23 22:01:22] trace  /app/ewei_shopv2_api.php?i=2&r=shop.get_cpinfos&comefrom=wxapp&openid=sns_wa_oWJzS5I4SwtIvnavadWO1lOR7lAw&mid=&merchid=&authkey=NGJjNlplWXpYcmtlQlhvQ1FyazY0THBuZHVYSjBIZUdxTE11UnRoc0hOY1RCQytVYzcyZHgxSWFrbHBtaDhBUUVNRmErZlZUODVhRnBtdFlLMUxJYVdkWXlPYw%3D%3D&timestamp=1561298477279 yoxwechatbusinessModel::set_user:END
[2019-06-23 22:01:22] trace  /app/ewei_shopv2_api.php?i=2&r=shop.get_shopindex&comefrom=wxapp&openid=sns_wa_oWJzS5I4SwtIvnavadWO1lOR7lAw&mid=&merchid=&authkey=NGJjNlplWXpYcmtlQlhvQ1FyazY0THBuZHVYSjBIZUdxTE11UnRoc0hOY1RCQytVYzcyZHgxSWFrbHBtaDhBUUVNRmErZlZUODVhRnBtdFlLMUxJYVdkWXlPYw%3D%3D&timestamp=1561298477270 yoxwechatbusinessModel::set_user:BEGIN
[2019-06-23 22:01:22] trace  /app/ewei_shopv2_api.php?i=2&r=shop.get_shopindex&comefrom=wxapp&openid=sns_wa_oWJzS5I4SwtIvnavadWO1lOR7lAw&mid=&merchid=&authkey=NGJjNlplWXpYcmtlQlhvQ1FyazY0THBuZHVYSjBIZUdxTE11UnRoc0hOY1RCQytVYzcyZHgxSWFrbHBtaDhBUUVNRmErZlZUODVhRnBtdFlLMUxJYVdkWXlPYw%3D%3D&timestamp=1561298477270 yoxwechatbusinessModel::set_user:END
[2019-06-23 22:01:22] trace  /app/ewei_shopv2_api.php?i=2&r=black&comefrom=wxapp&openid=sns_wa_oWJzS5I4SwtIvnavadWO1lOR7lAw&authkey=NGJjNlplWXpYcmtlQlhvQ1FyazY0THBuZHVYSjBIZUdxTE11UnRoc0hOY1RCQytVYzcyZHgxSWFrbHBtaDhBUUVNRmErZlZUODVhRnBtdFlLMUxJYVdkWXlPYw%3D%3D&timestamp=1561298477200 yoxwechatbusinessModel::set_user:BEGIN
[2019-06-23 22:01:22] trace  /app/ewei_shopv2_api.php?i=2&r=black&comefrom=wxapp&openid=sns_wa_oWJzS5I4SwtIvnavadWO1lOR7lAw&authkey=NGJjNlplWXpYcmtlQlhvQ1FyazY0THBuZHVYSjBIZUdxTE11UnRoc0hOY1RCQytVYzcyZHgxSWFrbHBtaDhBUUVNRmErZlZUODVhRnBtdFlLMUxJYVdkWXlPYw%3D%3D&timestamp=1561298477200 yoxwechatbusinessModel::set_user:END
[2019-06-23 22:01:54] trace  /app/ewei_shopv2_api.php?i=2&r=bargain.act&comefrom=wxapp&openid=sns_wa_oWJzS5I4SwtIvnavadWO1lOR7lAw&mid=&merchid=&authkey=Y2VmNjhsY1MraytCWmhOKzIvQ3F6WVJKVWgxdnpOczUwZFZKSHpsSUtRN1NxSHZDN2ZlQmZhaUxiR0Q1K05iM2xYeW5oNU83K1lGeWgrQ1l5dUtLNHBEVTV6QQ%3D%3D&timestamp=1561298510657 yoxwechatbusinessModel::set_user:BEGIN
[2019-06-23 22:01:54] trace  /app/ewei_shopv2_api.php?i=2&r=bargain.act&comefrom=wxapp&openid=sns_wa_oWJzS5I4SwtIvnavadWO1lOR7lAw&mid=&merchid=&authkey=Y2VmNjhsY1MraytCWmhOKzIvQ3F6WVJKVWgxdnpOczUwZFZKSHpsSUtRN1NxSHZDN2ZlQmZhaUxiR0Q1K05iM2xYeW5oNU83K1lGeWgrQ1l5dUtLNHBEVTV6QQ%3D%3D&timestamp=1561298510657 yoxwechatbusinessModel::set_user:END
[2019-06-23 22:01:54] trace  /app/ewei_shopv2_api.php?i=2&r=yoxwechatbusiness&isajax=1&comefrom=wxapp&openid=sns_wa_oWJzS5I4SwtIvnavadWO1lOR7lAw&mid=&merchid=&authkey=Y2VmNjhsY1MraytCWmhOKzIvQ3F6WVJKVWgxdnpOczUwZFZKSHpsSUtRN1NxSHZDN2ZlQmZhaUxiR0Q1K05iM2xYeW5oNU83K1lGeWgrQ1l5dUtLNHBEVTV6QQ%3D%3D&timestamp=1561298510648 yoxwechatbusinessModel::set_user:BEGIN
[2019-06-23 22:01:54] trace  /app/ewei_shopv2_api.php?i=2&r=yoxwechatbusiness&isajax=1&comefrom=wxapp&openid=sns_wa_oWJzS5I4SwtIvnavadWO1lOR7lAw&mid=&merchid=&authkey=Y2VmNjhsY1MraytCWmhOKzIvQ3F6WVJKVWgxdnpOczUwZFZKSHpsSUtRN1NxSHZDN2ZlQmZhaUxiR0Q1K05iM2xYeW5oNU83K1lGeWgrQ1l5dUtLNHBEVTV6QQ%3D%3D&timestamp=1561298510648 yoxwechatbusinessModel::set_user:END
[2019-06-23 22:01:56] trace  /app/ewei_shopv2_api.php?i=2&r=yoxwechatbusiness.level.level_list&isajax=1&comefrom=wxapp&openid=sns_wa_oWJzS5I4SwtIvnavadWO1lOR7lAw&mid=&merchid=&authkey=&timestamp=1561298512811 yoxwechatbusinessModel::set_user:BEGIN
[2019-06-23 22:01:56] trace  /app/ewei_shopv2_api.php?i=2&r=yoxwechatbusiness.agent&isajax=1&comefrom=wxapp&openid=sns_wa_oWJzS5I4SwtIvnavadWO1lOR7lAw&mid=&merchid=&authkey=&timestamp=1561298512804 yoxwechatbusinessModel::set_user:BEGIN
[2019-06-23 22:01:56] trace  /app/ewei_shopv2_api.php?i=2&r=yoxwechatbusiness.agent&isajax=1&comefrom=wxapp&openid=sns_wa_oWJzS5I4SwtIvnavadWO1lOR7lAw&mid=&merchid=&authkey=&timestamp=1561298512804 yoxwechatbusinessModel::set_user:END
[2019-06-23 22:01:56] trace  /app/ewei_shopv2_api.php?i=2&r=yoxwechatbusiness.level.level_list&isajax=1&comefrom=wxapp&openid=sns_wa_oWJzS5I4SwtIvnavadWO1lOR7lAw&mid=&merchid=&authkey=&timestamp=1561298512811 yoxwechatbusinessModel::set_user:END
[2019-06-23 22:02:02] trace  /app/ewei_shopv2_api.php?i=2&r=yoxwechatbusiness.user.my_down_level_user&isajax=1&begin_time=&end_time=&comefrom=wxapp&openid=sns_wa_oWJzS5I4SwtIvnavadWO1lOR7lAw&mid=&merchid=&authkey=&timestamp=1561298518410 yoxwechatbusinessModel::set_user:BEGIN
[2019-06-23 22:02:02] trace  /app/ewei_shopv2_api.php?i=2&r=yoxwechatbusiness.user.my_down_level_user&isajax=1&begin_time=&end_time=&comefrom=wxapp&openid=sns_wa_oWJzS5I4SwtIvnavadWO1lOR7lAw&mid=&merchid=&authkey=&timestamp=1561298518410 yoxwechatbusinessModel::set_user:END
[2019-06-23 22:02:03] trace  /app/ewei_shopv2_api.php?i=2&r=yoxwechatbusiness.order.order_list&isajax=1&begin_time=&end_time=&user_mark=TEAM&uid=&comefrom=wxapp&openid=sns_wa_oWJzS5I4SwtIvnavadWO1lOR7lAw&mid=&merchid=&authkey=&timestamp=1561298520275 yoxwechatbusinessModel::set_user:BEGIN
[2019-06-23 22:02:03] trace  /app/ewei_shopv2_api.php?i=2&r=yoxwechatbusiness.order.order_list&isajax=1&begin_time=&end_time=&user_mark=TEAM&uid=&comefrom=wxapp&openid=sns_wa_oWJzS5I4SwtIvnavadWO1lOR7lAw&mid=&merchid=&authkey=&timestamp=1561298520275 yoxwechatbusinessModel::set_user:END
[2019-06-23 22:02:18] trace  /app/ewei_shopv2_api.php?i=2&r=black&comefrom=wxapp&openid=sns_wa_oWJzS5I4SwtIvnavadWO1lOR7lAw&mid=&merchid=&authkey=&timestamp=1561298535256 yoxwechatbusinessModel::set_user:BEGIN
[2019-06-23 22:02:18] trace  /app/ewei_shopv2_api.php?i=2&r=black&comefrom=wxapp&openid=sns_wa_oWJzS5I4SwtIvnavadWO1lOR7lAw&mid=&merchid=&authkey=&timestamp=1561298535256 yoxwechatbusinessModel::set_user:END
[2019-06-23 22:02:18] trace  /app/ewei_shopv2_api.php?i=2&r=diypage&type=home&comefrom=wxapp&openid=sns_wa_oWJzS5I4SwtIvnavadWO1lOR7lAw&mid=&merchid=&authkey=&timestamp=1561298535289 yoxwechatbusinessModel::set_user:BEGIN
[2019-06-23 22:02:18] trace  /app/ewei_shopv2_api.php?i=2&r=diypage&type=home&comefrom=wxapp&openid=sns_wa_oWJzS5I4SwtIvnavadWO1lOR7lAw&mid=&merchid=&authkey=&timestamp=1561298535289 yoxwechatbusinessModel::set_user:END
[2019-06-23 22:02:19] trace  /app/ewei_shopv2_api.php?i=2&r=shop.get_cpinfos&comefrom=wxapp&openid=sns_wa_oWJzS5I4SwtIvnavadWO1lOR7lAw&mid=&merchid=&authkey=&timestamp=1561298535396 yoxwechatbusinessModel::set_user:BEGIN
[2019-06-23 22:02:19] trace  /app/ewei_shopv2_api.php?i=2&r=shop.get_cpinfos&comefrom=wxapp&openid=sns_wa_oWJzS5I4SwtIvnavadWO1lOR7lAw&mid=&merchid=&authkey=&timestamp=1561298535396 yoxwechatbusinessModel::set_user:END
[2019-06-23 22:02:19] trace  /app/ewei_shopv2_api.php?i=2&r=shop.get_shopindex&comefrom=wxapp&openid=sns_wa_oWJzS5I4SwtIvnavadWO1lOR7lAw&mid=&merchid=&authkey=&timestamp=1561298535381 yoxwechatbusinessModel::set_user:BEGIN
[2019-06-23 22:02:19] trace  /app/ewei_shopv2_api.php?i=2&r=shop.get_shopindex&comefrom=wxapp&openid=sns_wa_oWJzS5I4SwtIvnavadWO1lOR7lAw&mid=&merchid=&authkey=&timestamp=1561298535381 yoxwechatbusinessModel::set_user:END
[2019-06-23 22:02:19] trace  /app/ewei_shopv2_api.php?i=2&r=shop.get_hasnewcoupon&comefrom=wxapp&openid=sns_wa_oWJzS5I4SwtIvnavadWO1lOR7lAw&mid=&merchid=&authkey=&timestamp=1561298535390 yoxwechatbusinessModel::set_user:BEGIN
[2019-06-23 22:02:19] trace  /app/ewei_shopv2_api.php?i=2&r=shop.get_hasnewcoupon&comefrom=wxapp&openid=sns_wa_oWJzS5I4SwtIvnavadWO1lOR7lAw&mid=&merchid=&authkey=&timestamp=1561298535390 yoxwechatbusinessModel::set_user:END
[2019-06-23 22:02:22] trace  /app/ewei_shopv2_api.php?i=2&r=diypage&id=6&comefrom=wxapp&openid=sns_wa_oWJzS5I4SwtIvnavadWO1lOR7lAw&mid=&merchid=&authkey=&timestamp=1561298538575 yoxwechatbusinessModel::set_user:BEGIN
[2019-06-23 22:02:22] trace  /app/ewei_shopv2_api.php?i=2&r=diypage&type=6&comefrom=wxapp&openid=sns_wa_oWJzS5I4SwtIvnavadWO1lOR7lAw&mid=&merchid=&authkey=&timestamp=1561298538546 yoxwechatbusinessModel::set_user:BEGIN
[2019-06-23 22:02:22] trace  /app/ewei_shopv2_api.php?i=2&r=diypage&id=6&comefrom=wxapp&openid=sns_wa_oWJzS5I4SwtIvnavadWO1lOR7lAw&mid=&merchid=&authkey=&timestamp=1561298538575 yoxwechatbusinessModel::set_user:END
[2019-06-23 22:02:22] trace  /app/ewei_shopv2_api.php?i=2&r=diypage&type=6&comefrom=wxapp&openid=sns_wa_oWJzS5I4SwtIvnavadWO1lOR7lAw&mid=&merchid=&authkey=&timestamp=1561298538546 yoxwechatbusinessModel::set_user:END
[2019-06-23 22:02:24] trace  /app/ewei_shopv2_api.php?i=2&r=shop.get_shopindex&comefrom=wxapp&openid=sns_wa_oWJzS5I4SwtIvnavadWO1lOR7lAw&mid=&merchid=&authkey=&timestamp=1561298541180 yoxwechatbusinessModel::set_user:BEGIN
[2019-06-23 22:02:24] trace  /app/ewei_shopv2_api.php?i=2&r=shop.get_shopindex&comefrom=wxapp&openid=sns_wa_oWJzS5I4SwtIvnavadWO1lOR7lAw&mid=&merchid=&authkey=&timestamp=1561298541180 yoxwechatbusinessModel::set_user:END
[2019-06-23 22:02:24] trace  /app/ewei_shopv2_api.php?i=2&r=shop.get_hasnewcoupon&comefrom=wxapp&openid=sns_wa_oWJzS5I4SwtIvnavadWO1lOR7lAw&mid=&merchid=&authkey=&timestamp=1561298541185 yoxwechatbusinessModel::set_user:BEGIN
[2019-06-23 22:02:24] trace  /app/ewei_shopv2_api.php?i=2&r=shop.get_hasnewcoupon&comefrom=wxapp&openid=sns_wa_oWJzS5I4SwtIvnavadWO1lOR7lAw&mid=&merchid=&authkey=&timestamp=1561298541185 yoxwechatbusinessModel::set_user:END
[2019-06-23 22:02:24] trace  /app/ewei_shopv2_api.php?i=2&r=shop.get_cpinfos&comefrom=wxapp&openid=sns_wa_oWJzS5I4SwtIvnavadWO1lOR7lAw&mid=&merchid=&authkey=&timestamp=1561298541189 yoxwechatbusinessModel::set_user:BEGIN
[2019-06-23 22:02:24] trace  /app/ewei_shopv2_api.php?i=2&r=shop.get_cpinfos&comefrom=wxapp&openid=sns_wa_oWJzS5I4SwtIvnavadWO1lOR7lAw&mid=&merchid=&authkey=&timestamp=1561298541189 yoxwechatbusinessModel::set_user:END
[2019-06-23 22:02:25] trace  /app/ewei_shopv2_api.php?i=2&r=diypage&type=6&comefrom=wxapp&openid=sns_wa_oWJzS5I4SwtIvnavadWO1lOR7lAw&mid=&merchid=&authkey=&timestamp=1561298542082 yoxwechatbusinessModel::set_user:BEGIN
[2019-06-23 22:02:25] trace  /app/ewei_shopv2_api.php?i=2&r=diypage&type=6&comefrom=wxapp&openid=sns_wa_oWJzS5I4SwtIvnavadWO1lOR7lAw&mid=&merchid=&authkey=&timestamp=1561298542082 yoxwechatbusinessModel::set_user:END
[2019-06-23 22:02:25] trace  /app/ewei_shopv2_api.php?i=2&r=diypage&id=6&comefrom=wxapp&openid=sns_wa_oWJzS5I4SwtIvnavadWO1lOR7lAw&mid=&merchid=&authkey=&timestamp=1561298542124 yoxwechatbusinessModel::set_user:BEGIN
[2019-06-23 22:02:25] trace  /app/ewei_shopv2_api.php?i=2&r=diypage&id=6&comefrom=wxapp&openid=sns_wa_oWJzS5I4SwtIvnavadWO1lOR7lAw&mid=&merchid=&authkey=&timestamp=1561298542124 yoxwechatbusinessModel::set_user:END
[2019-06-23 22:02:27] trace  /app/ewei_shopv2_api.php?i=2&r=shop.get_shopindex&comefrom=wxapp&openid=sns_wa_oWJzS5I4SwtIvnavadWO1lOR7lAw&mid=&merchid=&authkey=&timestamp=1561298543716 yoxwechatbusinessModel::set_user:BEGIN
[2019-06-23 22:02:27] trace  /app/ewei_shopv2_api.php?i=2&r=shop.get_shopindex&comefrom=wxapp&openid=sns_wa_oWJzS5I4SwtIvnavadWO1lOR7lAw&mid=&merchid=&authkey=&timestamp=1561298543716 yoxwechatbusinessModel::set_user:END
[2019-06-23 22:02:27] trace  /app/ewei_shopv2_api.php?i=2&r=shop.get_cpinfos&comefrom=wxapp&openid=sns_wa_oWJzS5I4SwtIvnavadWO1lOR7lAw&mid=&merchid=&authkey=&timestamp=1561298543728 yoxwechatbusinessModel::set_user:BEGIN
[2019-06-23 22:02:27] trace  /app/ewei_shopv2_api.php?i=2&r=shop.get_cpinfos&comefrom=wxapp&openid=sns_wa_oWJzS5I4SwtIvnavadWO1lOR7lAw&mid=&merchid=&authkey=&timestamp=1561298543728 yoxwechatbusinessModel::set_user:END
[2019-06-23 22:02:27] trace  /app/ewei_shopv2_api.php?i=2&r=shop.get_hasnewcoupon&comefrom=wxapp&openid=sns_wa_oWJzS5I4SwtIvnavadWO1lOR7lAw&mid=&merchid=&authkey=&timestamp=1561298543722 yoxwechatbusinessModel::set_user:BEGIN
[2019-06-23 22:02:27] trace  /app/ewei_shopv2_api.php?i=2&r=shop.get_hasnewcoupon&comefrom=wxapp&openid=sns_wa_oWJzS5I4SwtIvnavadWO1lOR7lAw&mid=&merchid=&authkey=&timestamp=1561298543722 yoxwechatbusinessModel::set_user:END
[2019-06-23 22:02:28] trace  /app/ewei_shopv2_api.php?i=2&r=groups&comefrom=wxapp&openid=sns_wa_oWJzS5I4SwtIvnavadWO1lOR7lAw&mid=&merchid=&authkey=&timestamp=1561298544421 yoxwechatbusinessModel::set_user:BEGIN
[2019-06-23 22:02:28] trace  /app/ewei_shopv2_api.php?i=2&r=groups&comefrom=wxapp&openid=sns_wa_oWJzS5I4SwtIvnavadWO1lOR7lAw&mid=&merchid=&authkey=&timestamp=1561298544421 yoxwechatbusinessModel::set_user:END
[2019-06-23 22:02:29] trace  /app/ewei_shopv2_api.php?i=2&r=groups.order&status=&page=1&comefrom=wxapp&openid=sns_wa_oWJzS5I4SwtIvnavadWO1lOR7lAw&mid=&merchid=&authkey=&timestamp=1561298545934 yoxwechatbusinessModel::set_user:BEGIN
[2019-06-23 22:02:29] trace  /app/ewei_shopv2_api.php?i=2&r=groups.order&status=&page=1&comefrom=wxapp&openid=sns_wa_oWJzS5I4SwtIvnavadWO1lOR7lAw&mid=&merchid=&authkey=&timestamp=1561298545934 yoxwechatbusinessModel::set_user:END
[2019-06-23 22:02:30] trace  /app/ewei_shopv2_api.php?i=2&r=groups&comefrom=wxapp&openid=sns_wa_oWJzS5I4SwtIvnavadWO1lOR7lAw&mid=&merchid=&authkey=&timestamp=1561298547048 yoxwechatbusinessModel::set_user:BEGIN
[2019-06-23 22:02:30] trace  /app/ewei_shopv2_api.php?i=2&r=groups&comefrom=wxapp&openid=sns_wa_oWJzS5I4SwtIvnavadWO1lOR7lAw&mid=&merchid=&authkey=&timestamp=1561298547048 yoxwechatbusinessModel::set_user:END
[2019-06-23 22:02:33] trace  /app/ewei_shopv2_api.php?i=2&r=groups.team&success=&page=1&comefrom=wxapp&openid=sns_wa_oWJzS5I4SwtIvnavadWO1lOR7lAw&mid=&merchid=&authkey=&timestamp=1561298550164 yoxwechatbusinessModel::set_user:BEGIN
[2019-06-23 22:02:33] trace  /app/ewei_shopv2_api.php?i=2&r=groups.team&success=&page=1&comefrom=wxapp&openid=sns_wa_oWJzS5I4SwtIvnavadWO1lOR7lAw&mid=&merchid=&authkey=&timestamp=1561298550164 yoxwechatbusinessModel::set_user:END
[2019-06-23 22:02:34] trace  /app/ewei_shopv2_api.php?i=2&r=groups&comefrom=wxapp&openid=sns_wa_oWJzS5I4SwtIvnavadWO1lOR7lAw&mid=&merchid=&authkey=&timestamp=1561298550891 yoxwechatbusinessModel::set_user:BEGIN
[2019-06-23 22:02:34] trace  /app/ewei_shopv2_api.php?i=2&r=groups&comefrom=wxapp&openid=sns_wa_oWJzS5I4SwtIvnavadWO1lOR7lAw&mid=&merchid=&authkey=&timestamp=1561298550891 yoxwechatbusinessModel::set_user:END
[2019-06-23 22:02:35] trace  /app/ewei_shopv2_api.php?i=2&r=diypage&type=home&comefrom=wxapp&openid=sns_wa_oWJzS5I4SwtIvnavadWO1lOR7lAw&mid=&merchid=&authkey=&timestamp=1561298551782 yoxwechatbusinessModel::set_user:BEGIN
[2019-06-23 22:02:35] trace  /app/ewei_shopv2_api.php?i=2&r=diypage&type=home&comefrom=wxapp&openid=sns_wa_oWJzS5I4SwtIvnavadWO1lOR7lAw&mid=&merchid=&authkey=&timestamp=1561298551782 yoxwechatbusinessModel::set_user:END
[2019-06-23 22:02:35] trace  /app/ewei_shopv2_api.php?i=2&r=black&comefrom=wxapp&openid=sns_wa_oWJzS5I4SwtIvnavadWO1lOR7lAw&mid=&merchid=&authkey=&timestamp=1561298551763 yoxwechatbusinessModel::set_user:BEGIN
[2019-06-23 22:02:35] trace  /app/ewei_shopv2_api.php?i=2&r=black&comefrom=wxapp&openid=sns_wa_oWJzS5I4SwtIvnavadWO1lOR7lAw&mid=&merchid=&authkey=&timestamp=1561298551763 yoxwechatbusinessModel::set_user:END
[2019-06-23 22:02:35] trace  /app/ewei_shopv2_api.php?i=2&r=shop.get_shopindex&comefrom=wxapp&openid=sns_wa_oWJzS5I4SwtIvnavadWO1lOR7lAw&mid=&merchid=&authkey=&timestamp=1561298551903 yoxwechatbusinessModel::set_user:BEGIN
[2019-06-23 22:02:35] trace  /app/ewei_shopv2_api.php?i=2&r=shop.get_hasnewcoupon&comefrom=wxapp&openid=sns_wa_oWJzS5I4SwtIvnavadWO1lOR7lAw&mid=&merchid=&authkey=&timestamp=1561298551912 yoxwechatbusinessModel::set_user:BEGIN
[2019-06-23 22:02:35] trace  /app/ewei_shopv2_api.php?i=2&r=shop.get_shopindex&comefrom=wxapp&openid=sns_wa_oWJzS5I4SwtIvnavadWO1lOR7lAw&mid=&merchid=&authkey=&timestamp=1561298551903 yoxwechatbusinessModel::set_user:END
[2019-06-23 22:02:35] trace  /app/ewei_shopv2_api.php?i=2&r=shop.get_hasnewcoupon&comefrom=wxapp&openid=sns_wa_oWJzS5I4SwtIvnavadWO1lOR7lAw&mid=&merchid=&authkey=&timestamp=1561298551912 yoxwechatbusinessModel::set_user:END
[2019-06-23 22:02:35] trace  /app/ewei_shopv2_api.php?i=2&r=shop.get_cpinfos&comefrom=wxapp&openid=sns_wa_oWJzS5I4SwtIvnavadWO1lOR7lAw&mid=&merchid=&authkey=&timestamp=1561298551916 yoxwechatbusinessModel::set_user:BEGIN
[2019-06-23 22:02:35] trace  /app/ewei_shopv2_api.php?i=2&r=shop.get_cpinfos&comefrom=wxapp&openid=sns_wa_oWJzS5I4SwtIvnavadWO1lOR7lAw&mid=&merchid=&authkey=&timestamp=1561298551916 yoxwechatbusinessModel::set_user:END
[2019-06-23 22:02:37] trace  /app/ewei_shopv2_api.php?i=2&r=groups&comefrom=wxapp&openid=sns_wa_oWJzS5I4SwtIvnavadWO1lOR7lAw&mid=&merchid=&authkey=&timestamp=1561298553953 yoxwechatbusinessModel::set_user:BEGIN
[2019-06-23 22:02:37] trace  /app/ewei_shopv2_api.php?i=2&r=groups&comefrom=wxapp&openid=sns_wa_oWJzS5I4SwtIvnavadWO1lOR7lAw&mid=&merchid=&authkey=&timestamp=1561298553953 yoxwechatbusinessModel::set_user:END
[2019-06-23 22:02:39] trace  /app/ewei_shopv2_api.php?i=2&r=groups.list&timestamp=1561298555776 category=; page=1; comefrom=wxapp; openid=sns_wa_oWJzS5I4SwtIvnavadWO1lOR7lAw; mid=; merchid=; authkey=; 
yoxwechatbusinessModel::set_user:BEGIN
[2019-06-23 22:02:39] trace  /app/ewei_shopv2_api.php?i=2&r=groups.list&timestamp=1561298555776 category=; page=1; comefrom=wxapp; openid=sns_wa_oWJzS5I4SwtIvnavadWO1lOR7lAw; mid=; merchid=; authkey=; 
yoxwechatbusinessModel::set_user:END
[2019-06-23 22:02:41] trace  /app/ewei_shopv2_api.php?i=2&r=groups.order&status=&page=1&comefrom=wxapp&openid=sns_wa_oWJzS5I4SwtIvnavadWO1lOR7lAw&mid=&merchid=&authkey=&timestamp=1561298557683 yoxwechatbusinessModel::set_user:BEGIN
[2019-06-23 22:02:41] trace  /app/ewei_shopv2_api.php?i=2&r=groups.order&status=&page=1&comefrom=wxapp&openid=sns_wa_oWJzS5I4SwtIvnavadWO1lOR7lAw&mid=&merchid=&authkey=&timestamp=1561298557683 yoxwechatbusinessModel::set_user:END
[2019-06-23 22:02:42] trace  /app/ewei_shopv2_api.php?i=2&r=groups.team&success=&page=1&comefrom=wxapp&openid=sns_wa_oWJzS5I4SwtIvnavadWO1lOR7lAw&mid=&merchid=&authkey=&timestamp=1561298558988 yoxwechatbusinessModel::set_user:BEGIN
[2019-06-23 22:02:42] trace  /app/ewei_shopv2_api.php?i=2&r=groups.team&success=&page=1&comefrom=wxapp&openid=sns_wa_oWJzS5I4SwtIvnavadWO1lOR7lAw&mid=&merchid=&authkey=&timestamp=1561298558988 yoxwechatbusinessModel::set_user:END
[2019-06-23 22:02:43] trace  /app/ewei_shopv2_api.php?i=2&r=groups&comefrom=wxapp&openid=sns_wa_oWJzS5I4SwtIvnavadWO1lOR7lAw&mid=&merchid=&authkey=&timestamp=1561298560099 yoxwechatbusinessModel::set_user:BEGIN
[2019-06-23 22:02:43] trace  /app/ewei_shopv2_api.php?i=2&r=groups&comefrom=wxapp&openid=sns_wa_oWJzS5I4SwtIvnavadWO1lOR7lAw&mid=&merchid=&authkey=&timestamp=1561298560099 yoxwechatbusinessModel::set_user:END
[2019-06-23 22:02:46] trace  /app/ewei_shopv2_api.php?i=2&r=groups.goods&timestamp=1561298562643 id=1; comefrom=wxapp; openid=sns_wa_oWJzS5I4SwtIvnavadWO1lOR7lAw; mid=; merchid=; authkey=; 
yoxwechatbusinessModel::set_user:BEGIN
[2019-06-23 22:02:46] trace  /app/ewei_shopv2_api.php?i=2&r=groups.goods&timestamp=1561298562643 id=1; comefrom=wxapp; openid=sns_wa_oWJzS5I4SwtIvnavadWO1lOR7lAw; mid=; merchid=; authkey=; 
yoxwechatbusinessModel::set_user:END
[2019-06-23 22:02:49] trace  /app/ewei_shopv2_api.php?i=2&r=groups.goods&timestamp=1561298566089 id=2; comefrom=wxapp; openid=sns_wa_oWJzS5I4SwtIvnavadWO1lOR7lAw; mid=; merchid=; authkey=; 
yoxwechatbusinessModel::set_user:BEGIN
[2019-06-23 22:02:49] trace  /app/ewei_shopv2_api.php?i=2&r=groups.goods&timestamp=1561298566089 id=2; comefrom=wxapp; openid=sns_wa_oWJzS5I4SwtIvnavadWO1lOR7lAw; mid=; merchid=; authkey=; 
yoxwechatbusinessModel::set_user:END
