[2019-08-19 08:24:49] trace  /app/ewei_shopv2_api.php?i=2&r=shop.get_shopindex&comefrom=wxapp&openid=sns_wa_oWJzS5MInDZYlJo0Nxm8LF19Jum4&mid=&merchid=&authkey=&timestamp=1566174285830 yoxwechatbusinessModel::set_user:BEGIN
[2019-08-19 08:24:49] trace  /app/ewei_shopv2_api.php?i=2&r=shop.get_shopindex&comefrom=wxapp&openid=sns_wa_oWJzS5MInDZYlJo0Nxm8LF19Jum4&mid=&merchid=&authkey=&timestamp=1566174285830 yoxwechatbusinessModel::set_user:END
[2019-08-19 08:24:49] trace  /app/ewei_shopv2_api.php?i=2&r=shop.get_hasnewcoupon&comefrom=wxapp&openid=sns_wa_oWJzS5MInDZYlJo0Nxm8LF19Jum4&mid=&merchid=&authkey=&timestamp=1566174285869 yoxwechatbusinessModel::set_user:BEGIN
[2019-08-19 08:24:49] trace  /app/ewei_shopv2_api.php?i=2&r=shop.get_hasnewcoupon&comefrom=wxapp&openid=sns_wa_oWJzS5MInDZYlJo0Nxm8LF19Jum4&mid=&merchid=&authkey=&timestamp=1566174285869 yoxwechatbusinessModel::set_user:END
[2019-08-19 08:24:49] trace  /app/ewei_shopv2_api.php?i=2&r=black&comefrom=wxapp&openid=sns_wa_oWJzS5MInDZYlJo0Nxm8LF19Jum4&authkey=&timestamp=1566174285712 yoxwechatbusinessModel::set_user:BEGIN
[2019-08-19 08:24:49] trace  /app/ewei_shopv2_api.php?i=2&r=black&comefrom=wxapp&openid=sns_wa_oWJzS5MInDZYlJo0Nxm8LF19Jum4&authkey=&timestamp=1566174285712 yoxwechatbusinessModel::set_user:END
[2019-08-19 08:24:49] trace  /app/ewei_shopv2_api.php?i=2&r=diypage&type=home&comefrom=wxapp&openid=sns_wa_oWJzS5MInDZYlJo0Nxm8LF19Jum4&mid=&merchid=&authkey=&timestamp=1566174285774 yoxwechatbusinessModel::set_user:BEGIN
[2019-08-19 08:24:49] trace  /app/ewei_shopv2_api.php?i=2&r=diypage&type=home&comefrom=wxapp&openid=sns_wa_oWJzS5MInDZYlJo0Nxm8LF19Jum4&mid=&merchid=&authkey=&timestamp=1566174285774 yoxwechatbusinessModel::set_user:END
[2019-08-19 08:24:50] trace  /app/ewei_shopv2_api.php?i=2&r=shop.get_cpinfos&comefrom=wxapp&openid=sns_wa_oWJzS5MInDZYlJo0Nxm8LF19Jum4&mid=&merchid=&authkey=&timestamp=1566174285899 yoxwechatbusinessModel::set_user:BEGIN
[2019-08-19 08:24:50] trace  /app/ewei_shopv2_api.php?i=2&r=shop.get_cpinfos&comefrom=wxapp&openid=sns_wa_oWJzS5MInDZYlJo0Nxm8LF19Jum4&mid=&merchid=&authkey=&timestamp=1566174285899 yoxwechatbusinessModel::set_user:END
[2019-08-19 08:25:32] trace  /app/ewei_shopv2_api.php?i=2&r=yoxwechatbusiness&isajax=1&comefrom=wxapp&openid=sns_wa_oWJzS5MInDZYlJo0Nxm8LF19Jum4&mid=&merchid=&authkey=YTgzOGg4d1QwY000b3lSRVRlRkppdFZFNzdpc0tuZU9rTEgzUTNCVWRmM0x1MlMrY25nOGpSSjNDNzQ1UDRpenpMLzA5NC8ybU9kZngzSWlMVDMvZjNiczdLSQ%3D%3D&timestamp=1566174329939 yoxwechatbusinessModel::set_user:BEGIN
[2019-08-19 08:25:32] trace  /app/ewei_shopv2_api.php?i=2&r=yoxwechatbusiness&isajax=1&comefrom=wxapp&openid=sns_wa_oWJzS5MInDZYlJo0Nxm8LF19Jum4&mid=&merchid=&authkey=YTgzOGg4d1QwY000b3lSRVRlRkppdFZFNzdpc0tuZU9rTEgzUTNCVWRmM0x1MlMrY25nOGpSSjNDNzQ1UDRpenpMLzA5NC8ybU9kZngzSWlMVDMvZjNiczdLSQ%3D%3D&timestamp=1566174329939 yoxwechatbusinessModel::set_user:END
[2019-08-19 08:25:32] trace  /app/ewei_shopv2_api.php?i=2&r=bargain.act&comefrom=wxapp&openid=sns_wa_oWJzS5MInDZYlJo0Nxm8LF19Jum4&mid=&merchid=&authkey=YTgzOGg4d1QwY000b3lSRVRlRkppdFZFNzdpc0tuZU9rTEgzUTNCVWRmM0x1MlMrY25nOGpSSjNDNzQ1UDRpenpMLzA5NC8ybU9kZngzSWlMVDMvZjNiczdLSQ%3D%3D&timestamp=1566174329968 yoxwechatbusinessModel::set_user:BEGIN
[2019-08-19 08:25:32] trace  /app/ewei_shopv2_api.php?i=2&r=bargain.act&comefrom=wxapp&openid=sns_wa_oWJzS5MInDZYlJo0Nxm8LF19Jum4&mid=&merchid=&authkey=YTgzOGg4d1QwY000b3lSRVRlRkppdFZFNzdpc0tuZU9rTEgzUTNCVWRmM0x1MlMrY25nOGpSSjNDNzQ1UDRpenpMLzA5NC8ybU9kZngzSWlMVDMvZjNiczdLSQ%3D%3D&timestamp=1566174329968 yoxwechatbusinessModel::set_user:END
[2019-08-19 08:25:40] trace  /app/ewei_shopv2_api.php?i=2&r=order.get_list&page=1&status=4&merchid=&comefrom=wxapp&openid=sns_wa_oWJzS5MInDZYlJo0Nxm8LF19Jum4&mid=&authkey=&timestamp=1566174338652 yoxwechatbusinessModel::set_user:BEGIN
[2019-08-19 08:25:40] trace  /app/ewei_shopv2_api.php?i=2&r=order.get_list&page=1&status=4&merchid=&comefrom=wxapp&openid=sns_wa_oWJzS5MInDZYlJo0Nxm8LF19Jum4&mid=&authkey=&timestamp=1566174338652 yoxwechatbusinessModel::set_user:END
[2019-08-19 08:25:49] trace  /app/ewei_shopv2_api.php?i=2&r=groups&comefrom=wxapp&openid=sns_wa_oWJzS5MInDZYlJo0Nxm8LF19Jum4&mid=&merchid=&authkey=&timestamp=1566174346896 yoxwechatbusinessModel::set_user:BEGIN
[2019-08-19 08:25:49] trace  /app/ewei_shopv2_api.php?i=2&r=groups&comefrom=wxapp&openid=sns_wa_oWJzS5MInDZYlJo0Nxm8LF19Jum4&mid=&merchid=&authkey=&timestamp=1566174346896 yoxwechatbusinessModel::set_user:END
[2019-08-19 08:26:10] trace  /app/ewei_shopv2_api.php?i=2&r=groups.goods&timestamp=1566174368064 id=13; comefrom=wxapp; openid=sns_wa_oWJzS5MInDZYlJo0Nxm8LF19Jum4; mid=; merchid=; authkey=; 
yoxwechatbusinessModel::set_user:BEGIN
[2019-08-19 08:26:10] trace  /app/ewei_shopv2_api.php?i=2&r=groups.goods&timestamp=1566174368064 id=13; comefrom=wxapp; openid=sns_wa_oWJzS5MInDZYlJo0Nxm8LF19Jum4; mid=; merchid=; authkey=; 
yoxwechatbusinessModel::set_user:END
[2019-08-19 08:26:26] trace  /app/ewei_shopv2_api.php?i=2&r=diypage&type=home&comefrom=wxapp&openid=sns_wa_oWJzS5MInDZYlJo0Nxm8LF19Jum4&mid=&merchid=&authkey=&timestamp=1566174384922 yoxwechatbusinessModel::set_user:BEGIN
[2019-08-19 08:26:26] trace  /app/ewei_shopv2_api.php?i=2&r=diypage&type=home&comefrom=wxapp&openid=sns_wa_oWJzS5MInDZYlJo0Nxm8LF19Jum4&mid=&merchid=&authkey=&timestamp=1566174384922 yoxwechatbusinessModel::set_user:END
[2019-08-19 08:26:27] trace  /app/ewei_shopv2_api.php?i=2&r=black&comefrom=wxapp&openid=sns_wa_oWJzS5MInDZYlJo0Nxm8LF19Jum4&mid=&merchid=&authkey=&timestamp=1566174384892 yoxwechatbusinessModel::set_user:BEGIN
[2019-08-19 08:26:27] trace  /app/ewei_shopv2_api.php?i=2&r=black&comefrom=wxapp&openid=sns_wa_oWJzS5MInDZYlJo0Nxm8LF19Jum4&mid=&merchid=&authkey=&timestamp=1566174384892 yoxwechatbusinessModel::set_user:END
[2019-08-19 08:26:27] trace  /app/ewei_shopv2_api.php?i=2&r=shop.get_shopindex&comefrom=wxapp&openid=sns_wa_oWJzS5MInDZYlJo0Nxm8LF19Jum4&mid=&merchid=&authkey=&timestamp=1566174384994 yoxwechatbusinessModel::set_user:BEGIN
[2019-08-19 08:26:27] trace  /app/ewei_shopv2_api.php?i=2&r=shop.get_shopindex&comefrom=wxapp&openid=sns_wa_oWJzS5MInDZYlJo0Nxm8LF19Jum4&mid=&merchid=&authkey=&timestamp=1566174384994 yoxwechatbusinessModel::set_user:END
[2019-08-19 08:26:27] trace  /app/ewei_shopv2_api.php?i=2&r=shop.get_hasnewcoupon&comefrom=wxapp&openid=sns_wa_oWJzS5MInDZYlJo0Nxm8LF19Jum4&mid=&merchid=&authkey=&timestamp=1566174385019 yoxwechatbusinessModel::set_user:BEGIN
[2019-08-19 08:26:27] trace  /app/ewei_shopv2_api.php?i=2&r=shop.get_hasnewcoupon&comefrom=wxapp&openid=sns_wa_oWJzS5MInDZYlJo0Nxm8LF19Jum4&mid=&merchid=&authkey=&timestamp=1566174385019 yoxwechatbusinessModel::set_user:END
[2019-08-19 08:26:27] trace  /app/ewei_shopv2_api.php?i=2&r=shop.get_cpinfos&comefrom=wxapp&openid=sns_wa_oWJzS5MInDZYlJo0Nxm8LF19Jum4&mid=&merchid=&authkey=&timestamp=1566174385043 yoxwechatbusinessModel::set_user:BEGIN
[2019-08-19 08:26:27] trace  /app/ewei_shopv2_api.php?i=2&r=shop.get_cpinfos&comefrom=wxapp&openid=sns_wa_oWJzS5MInDZYlJo0Nxm8LF19Jum4&mid=&merchid=&authkey=&timestamp=1566174385043 yoxwechatbusinessModel::set_user:END
[2019-08-19 08:26:31] trace  /app/ewei_shopv2_api.php?i=2&r=diypage&type=goodsdetail&comefrom=wxapp&openid=sns_wa_oWJzS5MInDZYlJo0Nxm8LF19Jum4&mid=&merchid=&authkey=&timestamp=1566174389920 yoxwechatbusinessModel::set_user:BEGIN
[2019-08-19 08:26:31] trace  /app/ewei_shopv2_api.php?i=2&r=diypage&type=goodsdetail&comefrom=wxapp&openid=sns_wa_oWJzS5MInDZYlJo0Nxm8LF19Jum4&mid=&merchid=&authkey=&timestamp=1566174389920 yoxwechatbusinessModel::set_user:END
[2019-08-19 08:26:32] trace  /app/ewei_shopv2_api.php?i=2&r=black&comefrom=wxapp&openid=sns_wa_oWJzS5MInDZYlJo0Nxm8LF19Jum4&mid=&merchid=&authkey=&timestamp=1566174389906 yoxwechatbusinessModel::set_user:BEGIN
[2019-08-19 08:26:32] trace  /app/ewei_shopv2_api.php?i=2&r=black&comefrom=wxapp&openid=sns_wa_oWJzS5MInDZYlJo0Nxm8LF19Jum4&mid=&merchid=&authkey=&timestamp=1566174389906 yoxwechatbusinessModel::set_user:END
[2019-08-19 08:26:32] trace  /app/ewei_shopv2_api.php?i=2&r=goods.get_detail&id=23&comefrom=wxapp&openid=sns_wa_oWJzS5MInDZYlJo0Nxm8LF19Jum4&mid=&merchid=&authkey=&timestamp=1566174389993 yoxwechatbusinessModel::set_user:BEGIN
[2019-08-19 08:26:32] trace  /app/ewei_shopv2_api.php?i=2&r=goods.get_detail&id=23&comefrom=wxapp&openid=sns_wa_oWJzS5MInDZYlJo0Nxm8LF19Jum4&mid=&merchid=&authkey=&timestamp=1566174389993 yoxwechatbusinessModel::set_user:END
[2019-08-19 08:26:32] trace  /app/ewei_shopv2_api.php?i=2&r=goods.get_comments&id=23&comefrom=wxapp&openid=sns_wa_oWJzS5MInDZYlJo0Nxm8LF19Jum4&mid=&merchid=&authkey=&timestamp=1566174390990 yoxwechatbusinessModel::set_user:BEGIN
[2019-08-19 08:26:32] trace  /app/ewei_shopv2_api.php?i=2&r=goods.get_comments&id=23&comefrom=wxapp&openid=sns_wa_oWJzS5MInDZYlJo0Nxm8LF19Jum4&mid=&merchid=&authkey=&timestamp=1566174390990 yoxwechatbusinessModel::set_user:END
[2019-08-19 08:26:35] trace  /app/ewei_shopv2_api.php?i=2&r=shop.get_shopindex&comefrom=wxapp&openid=sns_wa_oWJzS5MInDZYlJo0Nxm8LF19Jum4&mid=&merchid=&authkey=&timestamp=1566174393788 yoxwechatbusinessModel::set_user:BEGIN
[2019-08-19 08:26:35] trace  /app/ewei_shopv2_api.php?i=2&r=shop.get_shopindex&comefrom=wxapp&openid=sns_wa_oWJzS5MInDZYlJo0Nxm8LF19Jum4&mid=&merchid=&authkey=&timestamp=1566174393788 yoxwechatbusinessModel::set_user:END
[2019-08-19 08:26:35] trace  /app/ewei_shopv2_api.php?i=2&r=shop.get_cpinfos&comefrom=wxapp&openid=sns_wa_oWJzS5MInDZYlJo0Nxm8LF19Jum4&mid=&merchid=&authkey=&timestamp=1566174393816 yoxwechatbusinessModel::set_user:BEGIN
[2019-08-19 08:26:35] trace  /app/ewei_shopv2_api.php?i=2&r=shop.get_cpinfos&comefrom=wxapp&openid=sns_wa_oWJzS5MInDZYlJo0Nxm8LF19Jum4&mid=&merchid=&authkey=&timestamp=1566174393816 yoxwechatbusinessModel::set_user:END
[2019-08-19 08:26:36] trace  /app/ewei_shopv2_api.php?i=2&r=shop.get_hasnewcoupon&comefrom=wxapp&openid=sns_wa_oWJzS5MInDZYlJo0Nxm8LF19Jum4&mid=&merchid=&authkey=&timestamp=1566174393802 yoxwechatbusinessModel::set_user:BEGIN
[2019-08-19 08:26:36] trace  /app/ewei_shopv2_api.php?i=2&r=shop.get_hasnewcoupon&comefrom=wxapp&openid=sns_wa_oWJzS5MInDZYlJo0Nxm8LF19Jum4&mid=&merchid=&authkey=&timestamp=1566174393802 yoxwechatbusinessModel::set_user:END
[2019-08-19 08:26:40] trace  /app/ewei_shopv2_api.php?i=2&r=shop.get_hasnewcoupon&comefrom=wxapp&openid=sns_wa_oWJzS5MInDZYlJo0Nxm8LF19Jum4&mid=&merchid=&authkey=&timestamp=1566174398121 yoxwechatbusinessModel::set_user:BEGIN
[2019-08-19 08:26:40] trace  /app/ewei_shopv2_api.php?i=2&r=shop.get_hasnewcoupon&comefrom=wxapp&openid=sns_wa_oWJzS5MInDZYlJo0Nxm8LF19Jum4&mid=&merchid=&authkey=&timestamp=1566174398121 yoxwechatbusinessModel::set_user:END
[2019-08-19 08:26:40] trace  /app/ewei_shopv2_api.php?i=2&r=shop.get_shopindex&comefrom=wxapp&openid=sns_wa_oWJzS5MInDZYlJo0Nxm8LF19Jum4&mid=&merchid=&authkey=&timestamp=1566174398111 yoxwechatbusinessModel::set_user:BEGIN
[2019-08-19 08:26:40] trace  /app/ewei_shopv2_api.php?i=2&r=shop.get_shopindex&comefrom=wxapp&openid=sns_wa_oWJzS5MInDZYlJo0Nxm8LF19Jum4&mid=&merchid=&authkey=&timestamp=1566174398111 yoxwechatbusinessModel::set_user:END
[2019-08-19 08:26:40] trace  /app/ewei_shopv2_api.php?i=2&r=shop.get_cpinfos&comefrom=wxapp&openid=sns_wa_oWJzS5MInDZYlJo0Nxm8LF19Jum4&mid=&merchid=&authkey=&timestamp=1566174398134 yoxwechatbusinessModel::set_user:BEGIN
[2019-08-19 08:26:40] trace  /app/ewei_shopv2_api.php?i=2&r=shop.get_cpinfos&comefrom=wxapp&openid=sns_wa_oWJzS5MInDZYlJo0Nxm8LF19Jum4&mid=&merchid=&authkey=&timestamp=1566174398134 yoxwechatbusinessModel::set_user:END
[2019-08-19 09:18:45] trace  /app/ewei_shopv2_api.php?i=2&r=shop.get_shopindex&comefrom=wxapp&openid=sns_wa_oWJzS5BH-PJ6OmJMR-YcbPOvikOc&mid=&merchid=&authkey=&timestamp=1566177525388 yoxwechatbusinessModel::set_user:BEGIN
[2019-08-19 09:18:45] trace  /app/ewei_shopv2_api.php?i=2&r=shop.get_shopindex&comefrom=wxapp&openid=sns_wa_oWJzS5BH-PJ6OmJMR-YcbPOvikOc&mid=&merchid=&authkey=&timestamp=1566177525388 yoxwechatbusinessModel::set_user:END
[2019-08-19 09:18:45] trace  /app/ewei_shopv2_api.php?i=2&r=black&comefrom=wxapp&openid=sns_wa_oWJzS5BH-PJ6OmJMR-YcbPOvikOc&authkey=&timestamp=1566177525281 yoxwechatbusinessModel::set_user:BEGIN
[2019-08-19 09:18:45] trace  /app/ewei_shopv2_api.php?i=2&r=black&comefrom=wxapp&openid=sns_wa_oWJzS5BH-PJ6OmJMR-YcbPOvikOc&authkey=&timestamp=1566177525281 yoxwechatbusinessModel::set_user:END
[2019-08-19 09:18:45] trace  /app/ewei_shopv2_api.php?i=2&r=diypage&type=home&comefrom=wxapp&openid=sns_wa_oWJzS5BH-PJ6OmJMR-YcbPOvikOc&mid=&merchid=&authkey=&timestamp=1566177525334 yoxwechatbusinessModel::set_user:BEGIN
[2019-08-19 09:18:45] trace  /app/ewei_shopv2_api.php?i=2&r=diypage&type=home&comefrom=wxapp&openid=sns_wa_oWJzS5BH-PJ6OmJMR-YcbPOvikOc&mid=&merchid=&authkey=&timestamp=1566177525334 yoxwechatbusinessModel::set_user:END
[2019-08-19 09:18:45] trace  /app/ewei_shopv2_api.php?i=2&r=shop.get_cpinfos&comefrom=wxapp&openid=sns_wa_oWJzS5BH-PJ6OmJMR-YcbPOvikOc&mid=&merchid=&authkey=&timestamp=1566177525423 yoxwechatbusinessModel::set_user:BEGIN
[2019-08-19 09:18:45] trace  /app/ewei_shopv2_api.php?i=2&r=shop.get_cpinfos&comefrom=wxapp&openid=sns_wa_oWJzS5BH-PJ6OmJMR-YcbPOvikOc&mid=&merchid=&authkey=&timestamp=1566177525423 yoxwechatbusinessModel::set_user:END
[2019-08-19 09:18:46] trace  /app/ewei_shopv2_api.php?i=2&r=shop.get_hasnewcoupon&comefrom=wxapp&openid=sns_wa_oWJzS5BH-PJ6OmJMR-YcbPOvikOc&mid=&merchid=&authkey=&timestamp=1566177525408 yoxwechatbusinessModel::set_user:BEGIN
[2019-08-19 09:18:46] trace  /app/ewei_shopv2_api.php?i=2&r=shop.get_hasnewcoupon&comefrom=wxapp&openid=sns_wa_oWJzS5BH-PJ6OmJMR-YcbPOvikOc&mid=&merchid=&authkey=&timestamp=1566177525408 yoxwechatbusinessModel::set_user:END
[2019-08-19 09:25:13] trace  /app/ewei_shopv2_api.php?i=2&r=shop.get_cpinfos&comefrom=wxapp&openid=sns_wa_oWJzS5BH-PJ6OmJMR-YcbPOvikOc&mid=&merchid=&authkey=MDliYVhkTzhTRllUTytsS3pncmNNa1JyQkllbEw1b2pJNEoxaFZnK1pvY3hVSS9aRGdoYUd0YVVHdiswZ3JhSUJRSjREc3YvOFV3RUx2Wis4VHVwNW84WDFGQQ%3D%3D&timestamp=1566177913988 yoxwechatbusinessModel::set_user:BEGIN
[2019-08-19 09:25:13] trace  /app/ewei_shopv2_api.php?i=2&r=shop.get_cpinfos&comefrom=wxapp&openid=sns_wa_oWJzS5BH-PJ6OmJMR-YcbPOvikOc&mid=&merchid=&authkey=MDliYVhkTzhTRllUTytsS3pncmNNa1JyQkllbEw1b2pJNEoxaFZnK1pvY3hVSS9aRGdoYUd0YVVHdiswZ3JhSUJRSjREc3YvOFV3RUx2Wis4VHVwNW84WDFGQQ%3D%3D&timestamp=1566177913988 yoxwechatbusinessModel::set_user:END
[2019-08-19 09:25:13] trace  /app/ewei_shopv2_api.php?i=2&r=shop.get_shopindex&comefrom=wxapp&openid=sns_wa_oWJzS5BH-PJ6OmJMR-YcbPOvikOc&mid=&merchid=&authkey=MDliYVhkTzhTRllUTytsS3pncmNNa1JyQkllbEw1b2pJNEoxaFZnK1pvY3hVSS9aRGdoYUd0YVVHdiswZ3JhSUJRSjREc3YvOFV3RUx2Wis4VHVwNW84WDFGQQ%3D%3D&timestamp=1566177913933 yoxwechatbusinessModel::set_user:BEGIN
[2019-08-19 09:25:13] trace  /app/ewei_shopv2_api.php?i=2&r=shop.get_shopindex&comefrom=wxapp&openid=sns_wa_oWJzS5BH-PJ6OmJMR-YcbPOvikOc&mid=&merchid=&authkey=MDliYVhkTzhTRllUTytsS3pncmNNa1JyQkllbEw1b2pJNEoxaFZnK1pvY3hVSS9aRGdoYUd0YVVHdiswZ3JhSUJRSjREc3YvOFV3RUx2Wis4VHVwNW84WDFGQQ%3D%3D&timestamp=1566177913933 yoxwechatbusinessModel::set_user:END
[2019-08-19 09:25:14] trace  /app/ewei_shopv2_api.php?i=2&r=shop.get_hasnewcoupon&comefrom=wxapp&openid=sns_wa_oWJzS5BH-PJ6OmJMR-YcbPOvikOc&mid=&merchid=&authkey=MDliYVhkTzhTRllUTytsS3pncmNNa1JyQkllbEw1b2pJNEoxaFZnK1pvY3hVSS9aRGdoYUd0YVVHdiswZ3JhSUJRSjREc3YvOFV3RUx2Wis4VHVwNW84WDFGQQ%3D%3D&timestamp=1566177913960 yoxwechatbusinessModel::set_user:BEGIN
[2019-08-19 09:25:14] trace  /app/ewei_shopv2_api.php?i=2&r=shop.get_hasnewcoupon&comefrom=wxapp&openid=sns_wa_oWJzS5BH-PJ6OmJMR-YcbPOvikOc&mid=&merchid=&authkey=MDliYVhkTzhTRllUTytsS3pncmNNa1JyQkllbEw1b2pJNEoxaFZnK1pvY3hVSS9aRGdoYUd0YVVHdiswZ3JhSUJRSjREc3YvOFV3RUx2Wis4VHVwNW84WDFGQQ%3D%3D&timestamp=1566177913960 yoxwechatbusinessModel::set_user:END
[2019-08-19 11:25:15] trace  /app/ewei_shopv2_api.php?i=2&r=black&comefrom=wxapp&openid=sns_wa_oWJzS5JtL8zUaQcitPV6YQ9E-HDE&authkey=NTY3OGovV1JWNlJQSDZ0TTd5ZzBiZUtxVktId3dici80NXBRdVp0OXZnRXhqN0I4eHZSd3k2OWVMeW9OWXVIWVhjUTU1THU1Zmh1eUk2ZXlEYklnZzd3OHMyVmpuWWhGRy92Mmh3SWdRcDZJeFE%3D&timestamp=1566185114007 yoxwechatbusinessModel::set_user:BEGIN
[2019-08-19 11:25:15] trace  /app/ewei_shopv2_api.php?i=2&r=diypage&type=home&comefrom=wxapp&openid=sns_wa_oWJzS5JtL8zUaQcitPV6YQ9E-HDE&mid=&merchid=&authkey=NTY3OGovV1JWNlJQSDZ0TTd5ZzBiZUtxVktId3dici80NXBRdVp0OXZnRXhqN0I4eHZSd3k2OWVMeW9OWXVIWVhjUTU1THU1Zmh1eUk2ZXlEYklnZzd3OHMyVmpuWWhGRy92Mmh3SWdRcDZJeFE%3D&timestamp=1566185114028 yoxwechatbusinessModel::set_user:BEGIN
[2019-08-19 11:25:16] trace  /app/ewei_shopv2_api.php?i=2&r=shop.get_shopindex&comefrom=wxapp&openid=sns_wa_oWJzS5JtL8zUaQcitPV6YQ9E-HDE&mid=&merchid=&authkey=NTY3OGovV1JWNlJQSDZ0TTd5ZzBiZUtxVktId3dici80NXBRdVp0OXZnRXhqN0I4eHZSd3k2OWVMeW9OWXVIWVhjUTU1THU1Zmh1eUk2ZXlEYklnZzd3OHMyVmpuWWhGRy92Mmh3SWdRcDZJeFE%3D&timestamp=1566185114047 yoxwechatbusinessModel::set_user:BEGIN
[2019-08-19 11:25:16] trace  /app/ewei_shopv2_api.php?i=2&r=shop.get_cpinfos&comefrom=wxapp&openid=sns_wa_oWJzS5JtL8zUaQcitPV6YQ9E-HDE&mid=&merchid=&authkey=NTY3OGovV1JWNlJQSDZ0TTd5ZzBiZUtxVktId3dici80NXBRdVp0OXZnRXhqN0I4eHZSd3k2OWVMeW9OWXVIWVhjUTU1THU1Zmh1eUk2ZXlEYklnZzd3OHMyVmpuWWhGRy92Mmh3SWdRcDZJeFE%3D&timestamp=1566185114057 yoxwechatbusinessModel::set_user:BEGIN
[2019-08-19 11:25:16] trace  /app/ewei_shopv2_api.php?i=2&r=shop.get_hasnewcoupon&comefrom=wxapp&openid=sns_wa_oWJzS5JtL8zUaQcitPV6YQ9E-HDE&mid=&merchid=&authkey=NTY3OGovV1JWNlJQSDZ0TTd5ZzBiZUtxVktId3dici80NXBRdVp0OXZnRXhqN0I4eHZSd3k2OWVMeW9OWXVIWVhjUTU1THU1Zmh1eUk2ZXlEYklnZzd3OHMyVmpuWWhGRy92Mmh3SWdRcDZJeFE%3D&timestamp=1566185114052 yoxwechatbusinessModel::set_user:BEGIN
[2019-08-19 13:57:03] trace  /app/ewei_shopv2_api.php?i=2&r=shop.get_hasnewcoupon&comefrom=wxapp&openid=sns_wa_oWJzS5Dh2YYWVQaoTj9FHB6I3E5c&mid=&merchid=&authkey=&timestamp=1566194221440 yoxwechatbusinessModel::set_user:BEGIN
[2019-08-19 13:57:03] trace  /app/ewei_shopv2_api.php?i=2&r=shop.get_cpinfos&comefrom=wxapp&openid=sns_wa_oWJzS5Dh2YYWVQaoTj9FHB6I3E5c&mid=&merchid=&authkey=&timestamp=1566194221452 yoxwechatbusinessModel::set_user:BEGIN
[2019-08-19 13:57:03] trace  /app/ewei_shopv2_api.php?i=2&r=black&comefrom=wxapp&openid=sns_wa_oWJzS5Dh2YYWVQaoTj9FHB6I3E5c&authkey=&timestamp=1566194221346 yoxwechatbusinessModel::set_user:BEGIN
[2019-08-19 13:57:03] trace  /app/ewei_shopv2_api.php?i=2&r=diypage&type=home&comefrom=wxapp&openid=sns_wa_oWJzS5Dh2YYWVQaoTj9FHB6I3E5c&mid=&merchid=&authkey=&timestamp=1566194221382 yoxwechatbusinessModel::set_user:BEGIN
[2019-08-19 13:57:04] trace  /app/ewei_shopv2_api.php?i=2&r=shop.get_shopindex&comefrom=wxapp&openid=sns_wa_oWJzS5Dh2YYWVQaoTj9FHB6I3E5c&mid=&merchid=&authkey=&timestamp=1566194221427 yoxwechatbusinessModel::set_user:BEGIN
[2019-08-19 15:02:00] trace  /app/ewei_shopv2_api.php?i=2&r=yoxwechatbusiness.order.order_list&isajax=1&begin_time=2019-08-19&end_time=2019-08-19&comefrom=wxapp&openid=sns_wa_oWJzS5E6FV0vFTKNh9Sr-s7BSShg&authkey=NGM2YzlvaWZOMVpjbVVScGhvTjF1dmlaMUR1bVUrM1oyY25zLzBDRnZzN3ZYb1pEWmlkd0MvVVI2bDdBZ0UxOWdkdlBQS3pWeHpOTmplT1NkNWJMa1RUam1Jbw%3D%3D&timestamp=1566198115109 yoxwechatbusinessModel::set_user:BEGIN
[2019-08-19 15:02:00] trace  /app/ewei_shopv2_api.php?i=2&r=yoxwechatbusiness.order.order_list&isajax=1&begin_time=2019-08-19&end_time=2019-08-19&comefrom=wxapp&openid=sns_wa_oWJzS5E6FV0vFTKNh9Sr-s7BSShg&authkey=NGM2YzlvaWZOMVpjbVVScGhvTjF1dmlaMUR1bVUrM1oyY25zLzBDRnZzN3ZYb1pEWmlkd0MvVVI2bDdBZ0UxOWdkdlBQS3pWeHpOTmplT1NkNWJMa1RUam1Jbw%3D%3D&timestamp=1566198115109 yoxwechatbusinessModel::set_user:END
[2019-08-19 15:02:02] trace  /app/ewei_shopv2_api.php?i=2&r=yoxwechatbusiness.order.order_list&isajax=1&begin_time=2019-08-19&end_time=2019-08-25&comefrom=wxapp&openid=sns_wa_oWJzS5E6FV0vFTKNh9Sr-s7BSShg&authkey=&timestamp=1566198117206 yoxwechatbusinessModel::set_user:BEGIN
[2019-08-19 15:02:02] trace  /app/ewei_shopv2_api.php?i=2&r=yoxwechatbusiness.order.order_list&isajax=1&begin_time=2019-08-19&end_time=2019-08-25&comefrom=wxapp&openid=sns_wa_oWJzS5E6FV0vFTKNh9Sr-s7BSShg&authkey=&timestamp=1566198117206 yoxwechatbusinessModel::set_user:END
[2019-08-19 15:02:40] trace  /app/ewei_shopv2_api.php?i=2&r=yoxwechatbusiness.order.order_list&isajax=1&begin_time=2019-08-19&end_time=2019-08-19&comefrom=wxapp&openid=sns_wa_oWJzS5E6FV0vFTKNh9Sr-s7BSShg&authkey=MTg4YlhVMm11YVBocXdCMHdrNEZvQUFMbWdmMTBlYU1NUFpOTEFDL3p4OXdleWVPaE1oejJwak51M3drWTBDTjIwYmt6Q1VXQ1RVU0xqalAzZGZPcVpiMzRxOA%3D%3D&timestamp=1566198154956 yoxwechatbusinessModel::set_user:BEGIN
[2019-08-19 15:02:40] trace  /app/ewei_shopv2_api.php?i=2&r=yoxwechatbusiness.order.order_list&isajax=1&begin_time=2019-08-19&end_time=2019-08-19&comefrom=wxapp&openid=sns_wa_oWJzS5E6FV0vFTKNh9Sr-s7BSShg&authkey=MTg4YlhVMm11YVBocXdCMHdrNEZvQUFMbWdmMTBlYU1NUFpOTEFDL3p4OXdleWVPaE1oejJwak51M3drWTBDTjIwYmt6Q1VXQ1RVU0xqalAzZGZPcVpiMzRxOA%3D%3D&timestamp=1566198154956 yoxwechatbusinessModel::set_user:END
[2019-08-19 15:03:44] trace  /app/ewei_shopv2_api.php?i=2&r=black&comefrom=wxapp&openid=sns_wa_oWJzS5E6FV0vFTKNh9Sr-s7BSShg&authkey=&timestamp=1566198219246 yoxwechatbusinessModel::set_user:BEGIN
[2019-08-19 15:03:44] trace  /app/ewei_shopv2_api.php?i=2&r=black&comefrom=wxapp&openid=sns_wa_oWJzS5E6FV0vFTKNh9Sr-s7BSShg&authkey=&timestamp=1566198219246 yoxwechatbusinessModel::set_user:END
[2019-08-19 15:03:44] trace  /app/ewei_shopv2_api.php?i=2&r=diypage&type=home&comefrom=wxapp&openid=sns_wa_oWJzS5E6FV0vFTKNh9Sr-s7BSShg&mid=&merchid=&authkey=&timestamp=1566198219317 yoxwechatbusinessModel::set_user:BEGIN
[2019-08-19 15:03:44] trace  /app/ewei_shopv2_api.php?i=2&r=diypage&type=home&comefrom=wxapp&openid=sns_wa_oWJzS5E6FV0vFTKNh9Sr-s7BSShg&mid=&merchid=&authkey=&timestamp=1566198219317 yoxwechatbusinessModel::set_user:END
[2019-08-19 15:03:44] trace  /app/ewei_shopv2_api.php?i=2&r=shop.get_shopindex&comefrom=wxapp&openid=sns_wa_oWJzS5E6FV0vFTKNh9Sr-s7BSShg&mid=&merchid=&authkey=&timestamp=1566198219387 yoxwechatbusinessModel::set_user:BEGIN
[2019-08-19 15:03:44] trace  /app/ewei_shopv2_api.php?i=2&r=shop.get_shopindex&comefrom=wxapp&openid=sns_wa_oWJzS5E6FV0vFTKNh9Sr-s7BSShg&mid=&merchid=&authkey=&timestamp=1566198219387 yoxwechatbusinessModel::set_user:END
[2019-08-19 15:03:45] trace  /app/ewei_shopv2_api.php?i=2&r=shop.get_hasnewcoupon&comefrom=wxapp&openid=sns_wa_oWJzS5E6FV0vFTKNh9Sr-s7BSShg&mid=&merchid=&authkey=&timestamp=1566198219425 yoxwechatbusinessModel::set_user:BEGIN
[2019-08-19 15:03:45] trace  /app/ewei_shopv2_api.php?i=2&r=shop.get_hasnewcoupon&comefrom=wxapp&openid=sns_wa_oWJzS5E6FV0vFTKNh9Sr-s7BSShg&mid=&merchid=&authkey=&timestamp=1566198219425 yoxwechatbusinessModel::set_user:END
[2019-08-19 15:03:45] trace  /app/ewei_shopv2_api.php?i=2&r=shop.get_cpinfos&comefrom=wxapp&openid=sns_wa_oWJzS5E6FV0vFTKNh9Sr-s7BSShg&mid=&merchid=&authkey=&timestamp=1566198219457 yoxwechatbusinessModel::set_user:BEGIN
[2019-08-19 15:03:45] trace  /app/ewei_shopv2_api.php?i=2&r=shop.get_cpinfos&comefrom=wxapp&openid=sns_wa_oWJzS5E6FV0vFTKNh9Sr-s7BSShg&mid=&merchid=&authkey=&timestamp=1566198219457 yoxwechatbusinessModel::set_user:END
[2019-08-19 15:03:50] trace  /app/ewei_shopv2_api.php?i=2&r=yoxwechatbusiness&isajax=1&comefrom=wxapp&openid=sns_wa_oWJzS5E6FV0vFTKNh9Sr-s7BSShg&mid=&merchid=&authkey=&timestamp=1566198225592 yoxwechatbusinessModel::set_user:BEGIN
[2019-08-19 15:03:50] trace  /app/ewei_shopv2_api.php?i=2&r=yoxwechatbusiness&isajax=1&comefrom=wxapp&openid=sns_wa_oWJzS5E6FV0vFTKNh9Sr-s7BSShg&mid=&merchid=&authkey=&timestamp=1566198225592 yoxwechatbusinessModel::set_user:END
[2019-08-19 15:03:50] trace  /app/ewei_shopv2_api.php?i=2&r=bargain.act&comefrom=wxapp&openid=sns_wa_oWJzS5E6FV0vFTKNh9Sr-s7BSShg&mid=&merchid=&authkey=&timestamp=1566198225645 yoxwechatbusinessModel::set_user:BEGIN
[2019-08-19 15:03:50] trace  /app/ewei_shopv2_api.php?i=2&r=bargain.act&comefrom=wxapp&openid=sns_wa_oWJzS5E6FV0vFTKNh9Sr-s7BSShg&mid=&merchid=&authkey=&timestamp=1566198225645 yoxwechatbusinessModel::set_user:END
[2019-08-19 15:03:57] trace  /app/ewei_shopv2_api.php?i=2&r=yoxwechatbusiness.commission.count&comefrom=wxapp&openid=sns_wa_oWJzS5E6FV0vFTKNh9Sr-s7BSShg&mid=&merchid=&authkey=&timestamp=1566198232232 yoxwechatbusinessModel::set_user:BEGIN
[2019-08-19 15:03:57] trace  /app/ewei_shopv2_api.php?i=2&r=yoxwechatbusiness.commission.count&comefrom=wxapp&openid=sns_wa_oWJzS5E6FV0vFTKNh9Sr-s7BSShg&mid=&merchid=&authkey=&timestamp=1566198232232 yoxwechatbusinessModel::set_user:END
[2019-08-19 15:04:25] trace  /app/ewei_shopv2_api.php?i=2&r=yoxwechatbusiness.order.get_list&page=1&status=0&merchid=&comefrom=wxapp&openid=sns_wa_oWJzS5E6FV0vFTKNh9Sr-s7BSShg&mid=&authkey=&timestamp=1566198260789 yoxwechatbusinessModel::set_user:BEGIN
[2019-08-19 15:04:25] trace  /app/ewei_shopv2_api.php?i=2&r=yoxwechatbusiness.order.get_list&page=1&status=0&merchid=&comefrom=wxapp&openid=sns_wa_oWJzS5E6FV0vFTKNh9Sr-s7BSShg&mid=&authkey=&timestamp=1566198260789 yoxwechatbusinessModel::set_user:END
[2019-08-19 15:24:11] trace  /app/ewei_shopv2_api.php?i=2&r=shop.get_shopindex&comefrom=wxapp&openid=sns_wa_oWJzS5HfsMOFPCg0mk4ic_nHMKqE&mid=&merchid=&authkey=&timestamp=1566199450414 yoxwechatbusinessModel::set_user:BEGIN
[2019-08-19 15:24:12] trace  /app/ewei_shopv2_api.php?i=2&r=diypage&type=home&comefrom=wxapp&openid=sns_wa_oWJzS5HfsMOFPCg0mk4ic_nHMKqE&mid=&merchid=&authkey=&timestamp=1566199450392 yoxwechatbusinessModel::set_user:BEGIN
[2019-08-19 15:24:12] trace  /app/ewei_shopv2_api.php?i=2&r=shop.get_hasnewcoupon&comefrom=wxapp&openid=sns_wa_oWJzS5HfsMOFPCg0mk4ic_nHMKqE&mid=&merchid=&authkey=&timestamp=1566199450419 yoxwechatbusinessModel::set_user:BEGIN
[2019-08-19 15:24:13] trace  /app/ewei_shopv2_api.php?i=2&r=black&comefrom=wxapp&openid=sns_wa_oWJzS5HfsMOFPCg0mk4ic_nHMKqE&authkey=&timestamp=1566199450372 yoxwechatbusinessModel::set_user:BEGIN
[2019-08-19 15:24:13] trace  /app/ewei_shopv2_api.php?i=2&r=shop.get_cpinfos&comefrom=wxapp&openid=sns_wa_oWJzS5HfsMOFPCg0mk4ic_nHMKqE&mid=&merchid=&authkey=&timestamp=1566199450427 yoxwechatbusinessModel::set_user:BEGIN
[2019-08-19 16:03:18] trace  /app/ewei_shopv2_api.php?i=2&r=yoxwechatbusiness.user.my_down_level_user&isajax=1&begin_time=&end_time=&comefrom=wxapp&openid=sns_wa_oWJzS5E6FV0vFTKNh9Sr-s7BSShg&mid=&merchid=&authkey=&timestamp=1566201793410 yoxwechatbusinessModel::set_user:BEGIN
[2019-08-19 16:03:18] trace  /app/ewei_shopv2_api.php?i=2&r=yoxwechatbusiness.user.my_down_level_user&isajax=1&begin_time=&end_time=&comefrom=wxapp&openid=sns_wa_oWJzS5E6FV0vFTKNh9Sr-s7BSShg&mid=&merchid=&authkey=&timestamp=1566201793410 yoxwechatbusinessModel::set_user:END
[2019-08-19 16:03:24] trace  /app/ewei_shopv2_api.php?i=2&r=yoxwechatbusiness.order.order_list&isajax=1&begin_time=2019-08-19&end_time=2019-08-19&comefrom=wxapp&openid=sns_wa_oWJzS5E6FV0vFTKNh9Sr-s7BSShg&mid=&merchid=&authkey=&timestamp=1566201799220 yoxwechatbusinessModel::set_user:BEGIN
[2019-08-19 16:03:24] trace  /app/ewei_shopv2_api.php?i=2&r=yoxwechatbusiness.order.order_list&isajax=1&begin_time=2019-08-19&end_time=2019-08-19&comefrom=wxapp&openid=sns_wa_oWJzS5E6FV0vFTKNh9Sr-s7BSShg&mid=&merchid=&authkey=&timestamp=1566201799220 yoxwechatbusinessModel::set_user:END
[2019-08-19 16:03:33] trace  /app/ewei_shopv2_api.php?i=2&r=yoxwechatbusiness.order.order_list&isajax=1&begin_time=2019-08-19&end_time=2019-08-19&comefrom=wxapp&openid=sns_wa_oWJzS5E6FV0vFTKNh9Sr-s7BSShg&mid=&merchid=&authkey=&timestamp=1566201808078 yoxwechatbusinessModel::set_user:BEGIN
[2019-08-19 16:03:33] trace  /app/ewei_shopv2_api.php?i=2&r=yoxwechatbusiness.order.order_list&isajax=1&begin_time=2019-08-19&end_time=2019-08-19&comefrom=wxapp&openid=sns_wa_oWJzS5E6FV0vFTKNh9Sr-s7BSShg&mid=&merchid=&authkey=&timestamp=1566201808078 yoxwechatbusinessModel::set_user:END
[2019-08-19 16:03:48] trace  /app/ewei_shopv2_api.php?i=2&r=yoxwechatbusiness.order.order_list&isajax=1&begin_time=2019-08-19&end_time=2019-08-19&comefrom=wxapp&openid=sns_wa_oWJzS5E6FV0vFTKNh9Sr-s7BSShg&mid=&merchid=&authkey=&timestamp=1566201823277 yoxwechatbusinessModel::set_user:BEGIN
[2019-08-19 16:03:48] trace  /app/ewei_shopv2_api.php?i=2&r=yoxwechatbusiness.order.order_list&isajax=1&begin_time=2019-08-19&end_time=2019-08-19&comefrom=wxapp&openid=sns_wa_oWJzS5E6FV0vFTKNh9Sr-s7BSShg&mid=&merchid=&authkey=&timestamp=1566201823277 yoxwechatbusinessModel::set_user:END
[2019-08-19 16:08:57] trace  /app/ewei_shopv2_api.php?i=2&r=yoxwechatbusiness.order.order_list&isajax=1&begin_time=2019-08-19&end_time=2019-08-19&comefrom=wxapp&openid=sns_wa_oWJzS5E6FV0vFTKNh9Sr-s7BSShg&mid=&merchid=&authkey=&timestamp=1566202130831 yoxwechatbusinessModel::set_user:BEGIN
[2019-08-19 16:08:57] trace  /app/ewei_shopv2_api.php?i=2&r=yoxwechatbusiness.order.order_list&isajax=1&begin_time=2019-08-19&end_time=2019-08-19&comefrom=wxapp&openid=sns_wa_oWJzS5E6FV0vFTKNh9Sr-s7BSShg&mid=&merchid=&authkey=&timestamp=1566202130831 yoxwechatbusinessModel::set_user:END
[2019-08-19 16:09:54] trace  /app/ewei_shopv2_api.php?i=2&r=yoxwechatbusiness.order.order_list&isajax=1&begin_time=2019-08-19&end_time=2019-08-19&comefrom=wxapp&openid=sns_wa_oWJzS5E6FV0vFTKNh9Sr-s7BSShg&mid=&merchid=&authkey=&timestamp=1566202189516 yoxwechatbusinessModel::set_user:BEGIN
[2019-08-19 16:09:54] trace  /app/ewei_shopv2_api.php?i=2&r=yoxwechatbusiness.order.order_list&isajax=1&begin_time=2019-08-19&end_time=2019-08-19&comefrom=wxapp&openid=sns_wa_oWJzS5E6FV0vFTKNh9Sr-s7BSShg&mid=&merchid=&authkey=&timestamp=1566202189516 yoxwechatbusinessModel::set_user:END
[2019-08-19 16:10:35] trace  /app/ewei_shopv2_api.php?i=2&r=yoxwechatbusiness.order.order_list&isajax=1&begin_time=2019-08-19&end_time=2019-08-19&comefrom=wxapp&openid=sns_wa_oWJzS5E6FV0vFTKNh9Sr-s7BSShg&mid=&merchid=&authkey=&timestamp=1566202229987 yoxwechatbusinessModel::set_user:BEGIN
[2019-08-19 16:10:35] trace  /app/ewei_shopv2_api.php?i=2&r=yoxwechatbusiness.order.order_list&isajax=1&begin_time=2019-08-19&end_time=2019-08-19&comefrom=wxapp&openid=sns_wa_oWJzS5E6FV0vFTKNh9Sr-s7BSShg&mid=&merchid=&authkey=&timestamp=1566202229987 yoxwechatbusinessModel::set_user:END
[2019-08-19 16:18:47] trace  /app/ewei_shopv2_api.php?i=2&r=yoxwechatbusiness.order.order_list&isajax=1&begin_time=2019-08-19&end_time=2019-08-19&comefrom=wxapp&openid=sns_wa_oWJzS5E6FV0vFTKNh9Sr-s7BSShg&mid=&merchid=&authkey=&timestamp=1566202722178 yoxwechatbusinessModel::set_user:BEGIN
[2019-08-19 16:18:47] trace  /app/ewei_shopv2_api.php?i=2&r=yoxwechatbusiness.order.order_list&isajax=1&begin_time=2019-08-19&end_time=2019-08-19&comefrom=wxapp&openid=sns_wa_oWJzS5E6FV0vFTKNh9Sr-s7BSShg&mid=&merchid=&authkey=&timestamp=1566202722178 yoxwechatbusinessModel::set_user:END
[2019-08-19 16:19:01] trace  /app/ewei_shopv2_api.php?i=2&r=yoxwechatbusiness.order.order_list&isajax=1&begin_time=2019-08-19&end_time=2019-08-19&comefrom=wxapp&openid=sns_wa_oWJzS5E6FV0vFTKNh9Sr-s7BSShg&mid=&merchid=&authkey=&timestamp=1566202736663 yoxwechatbusinessModel::set_user:BEGIN
[2019-08-19 16:19:01] trace  /app/ewei_shopv2_api.php?i=2&r=yoxwechatbusiness.order.order_list&isajax=1&begin_time=2019-08-19&end_time=2019-08-19&comefrom=wxapp&openid=sns_wa_oWJzS5E6FV0vFTKNh9Sr-s7BSShg&mid=&merchid=&authkey=&timestamp=1566202736663 yoxwechatbusinessModel::set_user:END
[2019-08-19 16:26:52] trace  /app/ewei_shopv2_api.php?i=2&r=yoxwechatbusiness.order.order_list&isajax=1&begin_time=2019-08-19&end_time=2019-08-19&comefrom=wxapp&openid=sns_wa_oWJzS5E6FV0vFTKNh9Sr-s7BSShg&mid=&merchid=&authkey=&timestamp=1566203207459 yoxwechatbusinessModel::set_user:BEGIN
[2019-08-19 16:26:52] trace  /app/ewei_shopv2_api.php?i=2&r=yoxwechatbusiness.order.order_list&isajax=1&begin_time=2019-08-19&end_time=2019-08-19&comefrom=wxapp&openid=sns_wa_oWJzS5E6FV0vFTKNh9Sr-s7BSShg&mid=&merchid=&authkey=&timestamp=1566203207459 yoxwechatbusinessModel::set_user:END
[2019-08-19 16:27:06] trace  /app/ewei_shopv2_api.php?i=2&r=yoxwechatbusiness.order.order_list&isajax=1&begin_time=2019-08-19&end_time=2019-08-19&comefrom=wxapp&openid=sns_wa_oWJzS5E6FV0vFTKNh9Sr-s7BSShg&mid=&merchid=&authkey=&timestamp=1566203221455 yoxwechatbusinessModel::set_user:BEGIN
[2019-08-19 16:27:06] trace  /app/ewei_shopv2_api.php?i=2&r=yoxwechatbusiness.order.order_list&isajax=1&begin_time=2019-08-19&end_time=2019-08-19&comefrom=wxapp&openid=sns_wa_oWJzS5E6FV0vFTKNh9Sr-s7BSShg&mid=&merchid=&authkey=&timestamp=1566203221455 yoxwechatbusinessModel::set_user:END
[2019-08-19 16:27:17] trace  /app/ewei_shopv2_api.php?i=2&r=yoxwechatbusiness.order.order_list&isajax=1&begin_time=2019-08-19&end_time=2019-08-19&comefrom=wxapp&openid=sns_wa_oWJzS5E6FV0vFTKNh9Sr-s7BSShg&mid=&merchid=&authkey=&timestamp=1566203232472 yoxwechatbusinessModel::set_user:BEGIN
[2019-08-19 16:27:17] trace  /app/ewei_shopv2_api.php?i=2&r=yoxwechatbusiness.order.order_list&isajax=1&begin_time=2019-08-19&end_time=2019-08-19&comefrom=wxapp&openid=sns_wa_oWJzS5E6FV0vFTKNh9Sr-s7BSShg&mid=&merchid=&authkey=&timestamp=1566203232472 yoxwechatbusinessModel::set_user:END
[2019-08-19 16:27:50] trace  /app/ewei_shopv2_api.php?i=2&r=yoxwechatbusiness.order.order_list&isajax=1&begin_time=2019-08-19&end_time=2019-08-19&comefrom=wxapp&openid=sns_wa_oWJzS5E6FV0vFTKNh9Sr-s7BSShg&mid=&merchid=&authkey=&timestamp=1566203265043 yoxwechatbusinessModel::set_user:BEGIN
[2019-08-19 16:27:50] trace  /app/ewei_shopv2_api.php?i=2&r=yoxwechatbusiness.order.order_list&isajax=1&begin_time=2019-08-19&end_time=2019-08-19&comefrom=wxapp&openid=sns_wa_oWJzS5E6FV0vFTKNh9Sr-s7BSShg&mid=&merchid=&authkey=&timestamp=1566203265043 yoxwechatbusinessModel::set_user:END
[2019-08-19 16:27:58] trace  /app/ewei_shopv2_api.php?i=2&r=yoxwechatbusiness.order.order_list&isajax=1&begin_time=2019-08-19&end_time=2019-08-19&comefrom=wxapp&openid=sns_wa_oWJzS5E6FV0vFTKNh9Sr-s7BSShg&mid=&merchid=&authkey=&timestamp=1566203273607 yoxwechatbusinessModel::set_user:BEGIN
[2019-08-19 16:27:58] trace  /app/ewei_shopv2_api.php?i=2&r=yoxwechatbusiness.order.order_list&isajax=1&begin_time=2019-08-19&end_time=2019-08-19&comefrom=wxapp&openid=sns_wa_oWJzS5E6FV0vFTKNh9Sr-s7BSShg&mid=&merchid=&authkey=&timestamp=1566203273607 yoxwechatbusinessModel::set_user:END
[2019-08-19 16:28:51] trace  /app/ewei_shopv2_api.php?i=2&r=yoxwechatbusiness.order.order_list&isajax=1&begin_time=2019-08-19&end_time=2019-08-19&comefrom=wxapp&openid=sns_wa_oWJzS5E6FV0vFTKNh9Sr-s7BSShg&mid=&merchid=&authkey=&timestamp=1566203325943 yoxwechatbusinessModel::set_user:BEGIN
[2019-08-19 16:28:51] trace  /app/ewei_shopv2_api.php?i=2&r=yoxwechatbusiness.order.order_list&isajax=1&begin_time=2019-08-19&end_time=2019-08-19&comefrom=wxapp&openid=sns_wa_oWJzS5E6FV0vFTKNh9Sr-s7BSShg&mid=&merchid=&authkey=&timestamp=1566203325943 yoxwechatbusinessModel::set_user:END
[2019-08-19 16:29:06] trace  /app/ewei_shopv2_api.php?i=2&r=yoxwechatbusiness.order.order_list&isajax=1&begin_time=2019-08-19&end_time=2019-08-19&comefrom=wxapp&openid=sns_wa_oWJzS5E6FV0vFTKNh9Sr-s7BSShg&mid=&merchid=&authkey=&timestamp=1566203341434 yoxwechatbusinessModel::set_user:BEGIN
[2019-08-19 16:29:06] trace  /app/ewei_shopv2_api.php?i=2&r=yoxwechatbusiness.order.order_list&isajax=1&begin_time=2019-08-19&end_time=2019-08-19&comefrom=wxapp&openid=sns_wa_oWJzS5E6FV0vFTKNh9Sr-s7BSShg&mid=&merchid=&authkey=&timestamp=1566203341434 yoxwechatbusinessModel::set_user:END
[2019-08-19 22:55:25] trace  /app/ewei_shopv2_api.php?i=2&r=black&comefrom=wxapp&openid=sns_wa_oWJzS5Cw-HdXUyRpFXmvfBDZan2Q&authkey=NGVmOG1WUWM0RUNCV1VQRlc3MmdwenpUVVVJemZDQ3dhcWswREdrZUY5SnkzZ3pVMnB5ZHdjakpKeE82T1RBTHdJb0c0YUovV0F1REFqVWNLZHNvQzQ1YWlHR2xFejQvUUJCOUNpRUQzYWhqOVE%3D&timestamp=1566226523864 yoxwechatbusinessModel::set_user:BEGIN
[2019-08-19 22:55:25] trace  /app/ewei_shopv2_api.php?i=2&r=diypage&type=home&comefrom=wxapp&openid=sns_wa_oWJzS5Cw-HdXUyRpFXmvfBDZan2Q&mid=&merchid=&authkey=NGVmOG1WUWM0RUNCV1VQRlc3MmdwenpUVVVJemZDQ3dhcWswREdrZUY5SnkzZ3pVMnB5ZHdjakpKeE82T1RBTHdJb0c0YUovV0F1REFqVWNLZHNvQzQ1YWlHR2xFejQvUUJCOUNpRUQzYWhqOVE%3D&timestamp=1566226523882 yoxwechatbusinessModel::set_user:BEGIN
[2019-08-19 22:55:26] trace  /app/ewei_shopv2_api.php?i=2&r=shop.get_shopindex&comefrom=wxapp&openid=sns_wa_oWJzS5Cw-HdXUyRpFXmvfBDZan2Q&mid=&merchid=&authkey=NGVmOG1WUWM0RUNCV1VQRlc3MmdwenpUVVVJemZDQ3dhcWswREdrZUY5SnkzZ3pVMnB5ZHdjakpKeE82T1RBTHdJb0c0YUovV0F1REFqVWNLZHNvQzQ1YWlHR2xFejQvUUJCOUNpRUQzYWhqOVE%3D&timestamp=1566226523888 yoxwechatbusinessModel::set_user:BEGIN
[2019-08-19 22:55:26] trace  /app/ewei_shopv2_api.php?i=2&r=shop.get_hasnewcoupon&comefrom=wxapp&openid=sns_wa_oWJzS5Cw-HdXUyRpFXmvfBDZan2Q&mid=&merchid=&authkey=NGVmOG1WUWM0RUNCV1VQRlc3MmdwenpUVVVJemZDQ3dhcWswREdrZUY5SnkzZ3pVMnB5ZHdjakpKeE82T1RBTHdJb0c0YUovV0F1REFqVWNLZHNvQzQ1YWlHR2xFejQvUUJCOUNpRUQzYWhqOVE%3D&timestamp=1566226523890 yoxwechatbusinessModel::set_user:BEGIN
[2019-08-19 22:55:27] trace  /app/ewei_shopv2_api.php?i=2&r=shop.get_cpinfos&comefrom=wxapp&openid=sns_wa_oWJzS5Cw-HdXUyRpFXmvfBDZan2Q&mid=&merchid=&authkey=NGVmOG1WUWM0RUNCV1VQRlc3MmdwenpUVVVJemZDQ3dhcWswREdrZUY5SnkzZ3pVMnB5ZHdjakpKeE82T1RBTHdJb0c0YUovV0F1REFqVWNLZHNvQzQ1YWlHR2xFejQvUUJCOUNpRUQzYWhqOVE%3D&timestamp=1566226523892 yoxwechatbusinessModel::set_user:BEGIN
