[2019-07-07 00:47:05] trace  /app/ewei_shopv2_api.php?i=2&r=cacheset&version=&comefrom=wxapp&openid=sns_wa_oWJzS5E7573nOcT0HPzrNGwAkL1o&mid=&merchid=&authkey=MWQ4ZjE4WlhWME5WdmM2WGoyRjlVeUZ6Vis5MXdkVFQvbkFNcmh2enZBc0pLd1FLK0ovcnFxdnZ1RjE0NlZTTnJqaVdKSlRSSTdFYjc3UWcxUmxOdDZrbDRtYw%3D%3D&timestamp=1562431624917 yoxwechatbusinessModel::set_user:BEGIN
[2019-07-07 00:47:05] trace  /app/ewei_shopv2_api.php?i=2&r=cacheset&version=&comefrom=wxapp&openid=sns_wa_oWJzS5E7573nOcT0HPzrNGwAkL1o&mid=&merchid=&authkey=MWQ4ZjE4WlhWME5WdmM2WGoyRjlVeUZ6Vis5MXdkVFQvbkFNcmh2enZBc0pLd1FLK0ovcnFxdnZ1RjE0NlZTTnJqaVdKSlRSSTdFYjc3UWcxUmxOdDZrbDRtYw%3D%3D&timestamp=1562431624917 yoxwechatbusinessModel::set_user:END
[2019-07-07 00:47:05] trace  /app/ewei_shopv2_api.php?i=2&r=cacheset&version=&comefrom=wxapp&openid=sns_wa_oWJzS5E7573nOcT0HPzrNGwAkL1o&mid=&merchid=&authkey=ZmQyY1BacTc1TEJQOHRoK25rUUdzN1BDOGI0NklZRll5RUlTQVlwYlB0RTIvZGpxNzBwVDJDMDNUSTh6endsVlA3TUpYbXhSZTRoODJJNnM3QktqeS9Ca0NyYw%3D%3D&timestamp=1562431624987 yoxwechatbusinessModel::set_user:BEGIN
[2019-07-07 00:47:05] trace  /app/ewei_shopv2_api.php?i=2&r=cacheset&version=&comefrom=wxapp&openid=sns_wa_oWJzS5E7573nOcT0HPzrNGwAkL1o&mid=&merchid=&authkey=ZmQyY1BacTc1TEJQOHRoK25rUUdzN1BDOGI0NklZRll5RUlTQVlwYlB0RTIvZGpxNzBwVDJDMDNUSTh6endsVlA3TUpYbXhSZTRoODJJNnM3QktqeS9Ca0NyYw%3D%3D&timestamp=1562431624987 yoxwechatbusinessModel::set_user:END
[2019-07-07 00:47:07] trace  /app/ewei_shopv2_api.php?i=2&r=shop.get_hasnewcoupon&comefrom=wxapp&openid=sns_wa_oWJzS5E7573nOcT0HPzrNGwAkL1o&mid=&merchid=&authkey=&timestamp=1562431627287 yoxwechatbusinessModel::set_user:BEGIN
[2019-07-07 00:47:07] trace  /app/ewei_shopv2_api.php?i=2&r=shop.get_hasnewcoupon&comefrom=wxapp&openid=sns_wa_oWJzS5E7573nOcT0HPzrNGwAkL1o&mid=&merchid=&authkey=&timestamp=1562431627287 yoxwechatbusinessModel::set_user:END
[2019-07-07 00:47:07] trace  /app/ewei_shopv2_api.php?i=2&r=shop.get_shopindex&comefrom=wxapp&openid=sns_wa_oWJzS5E7573nOcT0HPzrNGwAkL1o&mid=&merchid=&authkey=&timestamp=1562431627277 yoxwechatbusinessModel::set_user:BEGIN
[2019-07-07 00:47:07] trace  /app/ewei_shopv2_api.php?i=2&r=shop.get_shopindex&comefrom=wxapp&openid=sns_wa_oWJzS5E7573nOcT0HPzrNGwAkL1o&mid=&merchid=&authkey=&timestamp=1562431627277 yoxwechatbusinessModel::set_user:END
[2019-07-07 00:47:07] trace  /app/ewei_shopv2_api.php?i=2&r=shop.get_cpinfos&comefrom=wxapp&openid=sns_wa_oWJzS5E7573nOcT0HPzrNGwAkL1o&mid=&merchid=&authkey=&timestamp=1562431627296 yoxwechatbusinessModel::set_user:BEGIN
[2019-07-07 00:47:07] trace  /app/ewei_shopv2_api.php?i=2&r=shop.get_cpinfos&comefrom=wxapp&openid=sns_wa_oWJzS5E7573nOcT0HPzrNGwAkL1o&mid=&merchid=&authkey=&timestamp=1562431627296 yoxwechatbusinessModel::set_user:END
[2019-07-07 00:50:45] trace  /app/ewei_shopv2_api.php?i=2&r=cacheset&version=&comefrom=wxapp&openid=sns_wa_oWJzS5JAGtrs_IAFmJF19hI7v8tc&authkey=Y2YzMTJ5Y2xiUTlPdUNBY2ZOVmtNWGZzVzYzT2tUbHhZWDhNa2tuZ0Y3MjdnendzbTJBTitrTHlSK2Y5eVZpSEJMSXJMNDluVUNtUFN4NDNzQUNiZUM0ZCswQQ%3D%3D&timestamp=1562431845225 yoxwechatbusinessModel::set_user:BEGIN
[2019-07-07 00:50:45] trace  /app/ewei_shopv2_api.php?i=2&r=cacheset&version=&comefrom=wxapp&openid=sns_wa_oWJzS5JAGtrs_IAFmJF19hI7v8tc&authkey=Y2YzMTJ5Y2xiUTlPdUNBY2ZOVmtNWGZzVzYzT2tUbHhZWDhNa2tuZ0Y3MjdnendzbTJBTitrTHlSK2Y5eVZpSEJMSXJMNDluVUNtUFN4NDNzQUNiZUM0ZCswQQ%3D%3D&timestamp=1562431845225 yoxwechatbusinessModel::set_user:END
[2019-07-07 00:50:45] trace  /app/ewei_shopv2_api.php?i=2&r=cacheset&version=&comefrom=wxapp&openid=sns_wa_oWJzS5JAGtrs_IAFmJF19hI7v8tc&authkey=YzIzNTkzYWh3WWNWK0hOTFRjc0lQUXkrNkdGNHd5eGYvTTBHeWdjVWlYaUpGVmFoc3JSaHFuamRmbmx3cER4NEY0Z0JoSmhzTFlkVmEvbkt0bXd5dHVDM0laTQ%3D%3D&timestamp=1562431845362 yoxwechatbusinessModel::set_user:BEGIN
[2019-07-07 00:50:45] trace  /app/ewei_shopv2_api.php?i=2&r=cacheset&version=&comefrom=wxapp&openid=sns_wa_oWJzS5JAGtrs_IAFmJF19hI7v8tc&authkey=YzIzNTkzYWh3WWNWK0hOTFRjc0lQUXkrNkdGNHd5eGYvTTBHeWdjVWlYaUpGVmFoc3JSaHFuamRmbmx3cER4NEY0Z0JoSmhzTFlkVmEvbkt0bXd5dHVDM0laTQ%3D%3D&timestamp=1562431845362 yoxwechatbusinessModel::set_user:END
[2019-07-07 00:54:34] trace  /app/ewei_shopv2_api.php?i=2&r=cacheset&version=&comefrom=wxapp&openid=sns_wa_oWJzS5O0A64P2lTl9-d7-k5IbTTQ&authkey=NzdiOFQ2aXB6dmFTVi9XK2FqcjBTdUh6YXlQdS9LVHRYbXdsK0JLNmg1VFplVEpnSjYvREJhK0pNVyt0bldEMWRGWEI4V2gzTUZlWUtqdjBza1J6NlExUGQ2VQ%3D%3D&timestamp=1562432074153 yoxwechatbusinessModel::set_user:BEGIN
[2019-07-07 00:54:34] trace  /app/ewei_shopv2_api.php?i=2&r=cacheset&version=&comefrom=wxapp&openid=sns_wa_oWJzS5O0A64P2lTl9-d7-k5IbTTQ&authkey=NzdiOFQ2aXB6dmFTVi9XK2FqcjBTdUh6YXlQdS9LVHRYbXdsK0JLNmg1VFplVEpnSjYvREJhK0pNVyt0bldEMWRGWEI4V2gzTUZlWUtqdjBza1J6NlExUGQ2VQ%3D%3D&timestamp=1562432074153 yoxwechatbusinessModel::set_user:END
[2019-07-07 00:55:50] trace  /app/ewei_shopv2_api.php?i=2&r=cacheset&version=&comefrom=wxapp&openid=sns_wa_oWJzS5GzLApitGPuE_DNAi3oC4jg&authkey=NWI0M0I1dkNqVzBPRDZvN25xQzUvZnlaK1NNb2VESXhNUm1WN1ZuY1A2cjdRRDNMTGNpYk5zdHdBWkJOMkVTaGQrbFpMMGJPZ3JIb1dMQ1hETkdMZDZBbHB1Yw%3D%3D&timestamp=1562432150470 yoxwechatbusinessModel::set_user:BEGIN
[2019-07-07 00:55:50] trace  /app/ewei_shopv2_api.php?i=2&r=cacheset&version=&comefrom=wxapp&openid=sns_wa_oWJzS5GzLApitGPuE_DNAi3oC4jg&authkey=NWI0M0I1dkNqVzBPRDZvN25xQzUvZnlaK1NNb2VESXhNUm1WN1ZuY1A2cjdRRDNMTGNpYk5zdHdBWkJOMkVTaGQrbFpMMGJPZ3JIb1dMQ1hETkdMZDZBbHB1Yw%3D%3D&timestamp=1562432150470 yoxwechatbusinessModel::set_user:END
[2019-07-07 00:55:51] trace  /app/ewei_shopv2_api.php?i=2&r=cacheset&version=&comefrom=wxapp&openid=sns_wa_oWJzS5GzLApitGPuE_DNAi3oC4jg&authkey=NThjY0RRTVkrVU5XZ3Q3K1cwTHdIaloxdzM3MmVxS2RLSlJtV0FLTithSVE3SmdlSmt1bUdTN0l6ZVVxbGZOV3NDeTdwejVvUmJQbXVsRlZLZDNERmI5bEFUTQ%3D%3D&timestamp=1562432150801 yoxwechatbusinessModel::set_user:BEGIN
[2019-07-07 00:55:51] trace  /app/ewei_shopv2_api.php?i=2&r=cacheset&version=&comefrom=wxapp&openid=sns_wa_oWJzS5GzLApitGPuE_DNAi3oC4jg&authkey=NThjY0RRTVkrVU5XZ3Q3K1cwTHdIaloxdzM3MmVxS2RLSlJtV0FLTithSVE3SmdlSmt1bUdTN0l6ZVVxbGZOV3NDeTdwejVvUmJQbXVsRlZLZDNERmI5bEFUTQ%3D%3D&timestamp=1562432150801 yoxwechatbusinessModel::set_user:END
[2019-07-07 10:35:32] trace  /app/ewei_shopv2_api.php?i=2&r=shop.get_shopindex&comefrom=wxapp&openid=sns_wa_oWJzS5G_1X53M3ZNszbG6lrzKx5c&mid=&merchid=&authkey=&timestamp=1562466931258 yoxwechatbusinessModel::set_user:BEGIN
[2019-07-07 10:35:32] trace  /app/ewei_shopv2_api.php?i=2&r=shop.get_shopindex&comefrom=wxapp&openid=sns_wa_oWJzS5G_1X53M3ZNszbG6lrzKx5c&mid=&merchid=&authkey=&timestamp=1562466931258 yoxwechatbusinessModel::set_user:END
[2019-07-07 10:35:32] trace  /app/ewei_shopv2_api.php?i=2&r=diypage&type=home&comefrom=wxapp&openid=sns_wa_oWJzS5G_1X53M3ZNszbG6lrzKx5c&mid=&merchid=&authkey=&timestamp=1562466931210 yoxwechatbusinessModel::set_user:BEGIN
[2019-07-07 10:35:32] trace  /app/ewei_shopv2_api.php?i=2&r=diypage&type=home&comefrom=wxapp&openid=sns_wa_oWJzS5G_1X53M3ZNszbG6lrzKx5c&mid=&merchid=&authkey=&timestamp=1562466931210 yoxwechatbusinessModel::set_user:END
[2019-07-07 10:35:32] trace  /app/ewei_shopv2_api.php?i=2&r=shop.get_hasnewcoupon&comefrom=wxapp&openid=sns_wa_oWJzS5G_1X53M3ZNszbG6lrzKx5c&mid=&merchid=&authkey=&timestamp=1562466931274 yoxwechatbusinessModel::set_user:BEGIN
[2019-07-07 10:35:32] trace  /app/ewei_shopv2_api.php?i=2&r=shop.get_hasnewcoupon&comefrom=wxapp&openid=sns_wa_oWJzS5G_1X53M3ZNszbG6lrzKx5c&mid=&merchid=&authkey=&timestamp=1562466931274 yoxwechatbusinessModel::set_user:END
[2019-07-07 10:35:33] trace  /app/ewei_shopv2_api.php?i=2&r=black&comefrom=wxapp&openid=sns_wa_oWJzS5G_1X53M3ZNszbG6lrzKx5c&authkey=&timestamp=1562466931158 yoxwechatbusinessModel::set_user:BEGIN
[2019-07-07 10:35:33] trace  /app/ewei_shopv2_api.php?i=2&r=black&comefrom=wxapp&openid=sns_wa_oWJzS5G_1X53M3ZNszbG6lrzKx5c&authkey=&timestamp=1562466931158 yoxwechatbusinessModel::set_user:END
[2019-07-07 10:35:33] trace  /app/ewei_shopv2_api.php?i=2&r=shop.get_cpinfos&comefrom=wxapp&openid=sns_wa_oWJzS5G_1X53M3ZNszbG6lrzKx5c&mid=&merchid=&authkey=&timestamp=1562466931290 yoxwechatbusinessModel::set_user:BEGIN
[2019-07-07 10:35:33] trace  /app/ewei_shopv2_api.php?i=2&r=shop.get_cpinfos&comefrom=wxapp&openid=sns_wa_oWJzS5G_1X53M3ZNszbG6lrzKx5c&mid=&merchid=&authkey=&timestamp=1562466931290 yoxwechatbusinessModel::set_user:END
[2019-07-07 10:37:02] trace  /app/ewei_shopv2_api.php?i=2&r=black&comefrom=wxapp&openid=sns_wa_oWJzS5G_1X53M3ZNszbG6lrzKx5c&mid=&merchid=&authkey=NTdiOUkwUmhCSXM4UG9mNTJpZFEvdG9vMnRxZk0xMzJDN1FmTGI2UzlUMTJzMW80V3N1WEhRbUFRa2tpRTEzcFdsWGp2QVRiTit1dVpvVzh0NUU3eEhDUzdYVQ%3D%3D&timestamp=1562467021549 yoxwechatbusinessModel::set_user:BEGIN
[2019-07-07 10:37:02] trace  /app/ewei_shopv2_api.php?i=2&r=black&comefrom=wxapp&openid=sns_wa_oWJzS5G_1X53M3ZNszbG6lrzKx5c&mid=&merchid=&authkey=NTdiOUkwUmhCSXM4UG9mNTJpZFEvdG9vMnRxZk0xMzJDN1FmTGI2UzlUMTJzMW80V3N1WEhRbUFRa2tpRTEzcFdsWGp2QVRiTit1dVpvVzh0NUU3eEhDUzdYVQ%3D%3D&timestamp=1562467021549 yoxwechatbusinessModel::set_user:END
[2019-07-07 10:37:02] trace  /app/ewei_shopv2_api.php?i=2&r=diypage&type=goodsdetail&comefrom=wxapp&openid=sns_wa_oWJzS5G_1X53M3ZNszbG6lrzKx5c&mid=&merchid=&authkey=NTdiOUkwUmhCSXM4UG9mNTJpZFEvdG9vMnRxZk0xMzJDN1FmTGI2UzlUMTJzMW80V3N1WEhRbUFRa2tpRTEzcFdsWGp2QVRiTit1dVpvVzh0NUU3eEhDUzdYVQ%3D%3D&timestamp=1562467021566 yoxwechatbusinessModel::set_user:BEGIN
[2019-07-07 10:37:02] trace  /app/ewei_shopv2_api.php?i=2&r=diypage&type=goodsdetail&comefrom=wxapp&openid=sns_wa_oWJzS5G_1X53M3ZNszbG6lrzKx5c&mid=&merchid=&authkey=NTdiOUkwUmhCSXM4UG9mNTJpZFEvdG9vMnRxZk0xMzJDN1FmTGI2UzlUMTJzMW80V3N1WEhRbUFRa2tpRTEzcFdsWGp2QVRiTit1dVpvVzh0NUU3eEhDUzdYVQ%3D%3D&timestamp=1562467021566 yoxwechatbusinessModel::set_user:END
[2019-07-07 10:37:02] trace  /app/ewei_shopv2_api.php?i=2&r=goods.get_detail&id=63&comefrom=wxapp&openid=sns_wa_oWJzS5G_1X53M3ZNszbG6lrzKx5c&mid=&merchid=&authkey=NTdiOUkwUmhCSXM4UG9mNTJpZFEvdG9vMnRxZk0xMzJDN1FmTGI2UzlUMTJzMW80V3N1WEhRbUFRa2tpRTEzcFdsWGp2QVRiTit1dVpvVzh0NUU3eEhDUzdYVQ%3D%3D&timestamp=1562467021662 yoxwechatbusinessModel::set_user:BEGIN
[2019-07-07 10:37:02] trace  /app/ewei_shopv2_api.php?i=2&r=goods.get_detail&id=63&comefrom=wxapp&openid=sns_wa_oWJzS5G_1X53M3ZNszbG6lrzKx5c&mid=&merchid=&authkey=NTdiOUkwUmhCSXM4UG9mNTJpZFEvdG9vMnRxZk0xMzJDN1FmTGI2UzlUMTJzMW80V3N1WEhRbUFRa2tpRTEzcFdsWGp2QVRiTit1dVpvVzh0NUU3eEhDUzdYVQ%3D%3D&timestamp=1562467021662 yoxwechatbusinessModel::set_user:END
[2019-07-07 10:37:03] trace  /app/ewei_shopv2_api.php?i=2&r=package.get_list&goodsid=63&comefrom=wxapp&openid=sns_wa_oWJzS5G_1X53M3ZNszbG6lrzKx5c&mid=&merchid=&authkey=&timestamp=1562467022678 yoxwechatbusinessModel::set_user:BEGIN
[2019-07-07 10:37:03] trace  /app/ewei_shopv2_api.php?i=2&r=package.get_list&goodsid=63&comefrom=wxapp&openid=sns_wa_oWJzS5G_1X53M3ZNszbG6lrzKx5c&mid=&merchid=&authkey=&timestamp=1562467022678 yoxwechatbusinessModel::set_user:END
[2019-07-07 10:37:03] trace  /app/ewei_shopv2_api.php?i=2&r=goods.get_comments&id=63&comefrom=wxapp&openid=sns_wa_oWJzS5G_1X53M3ZNszbG6lrzKx5c&mid=&merchid=&authkey=&timestamp=1562467022857 yoxwechatbusinessModel::set_user:BEGIN
[2019-07-07 10:37:03] trace  /app/ewei_shopv2_api.php?i=2&r=goods.get_comments&id=63&comefrom=wxapp&openid=sns_wa_oWJzS5G_1X53M3ZNszbG6lrzKx5c&mid=&merchid=&authkey=&timestamp=1562467022857 yoxwechatbusinessModel::set_user:END
[2019-07-07 11:24:08] trace  /app/ewei_shopv2_api.php?i=2&r=shop.get_hasnewcoupon&comefrom=wxapp&openid=sns_wa_oWJzS5I4SwtIvnavadWO1lOR7lAw&mid=&merchid=&authkey=&timestamp=1562469848030 yoxwechatbusinessModel::set_user:BEGIN
[2019-07-07 11:24:08] trace  /app/ewei_shopv2_api.php?i=2&r=shop.get_hasnewcoupon&comefrom=wxapp&openid=sns_wa_oWJzS5I4SwtIvnavadWO1lOR7lAw&mid=&merchid=&authkey=&timestamp=1562469848030 yoxwechatbusinessModel::set_user:END
[2019-07-07 11:24:08] trace  /app/ewei_shopv2_api.php?i=2&r=shop.get_shopindex&comefrom=wxapp&openid=sns_wa_oWJzS5I4SwtIvnavadWO1lOR7lAw&mid=&merchid=&authkey=&timestamp=1562469848025 yoxwechatbusinessModel::set_user:BEGIN
[2019-07-07 11:24:08] trace  /app/ewei_shopv2_api.php?i=2&r=shop.get_shopindex&comefrom=wxapp&openid=sns_wa_oWJzS5I4SwtIvnavadWO1lOR7lAw&mid=&merchid=&authkey=&timestamp=1562469848025 yoxwechatbusinessModel::set_user:END
[2019-07-07 11:24:09] trace  /app/ewei_shopv2_api.php?i=2&r=black&comefrom=wxapp&openid=sns_wa_oWJzS5I4SwtIvnavadWO1lOR7lAw&authkey=&timestamp=1562469847981 yoxwechatbusinessModel::set_user:BEGIN
[2019-07-07 11:24:09] trace  /app/ewei_shopv2_api.php?i=2&r=black&comefrom=wxapp&openid=sns_wa_oWJzS5I4SwtIvnavadWO1lOR7lAw&authkey=&timestamp=1562469847981 yoxwechatbusinessModel::set_user:END
[2019-07-07 11:24:09] trace  /app/ewei_shopv2_api.php?i=2&r=shop.get_cpinfos&comefrom=wxapp&openid=sns_wa_oWJzS5I4SwtIvnavadWO1lOR7lAw&mid=&merchid=&authkey=&timestamp=1562469848036 yoxwechatbusinessModel::set_user:BEGIN
[2019-07-07 11:24:09] trace  /app/ewei_shopv2_api.php?i=2&r=shop.get_cpinfos&comefrom=wxapp&openid=sns_wa_oWJzS5I4SwtIvnavadWO1lOR7lAw&mid=&merchid=&authkey=&timestamp=1562469848036 yoxwechatbusinessModel::set_user:END
[2019-07-07 11:24:09] trace  /app/ewei_shopv2_api.php?i=2&r=diypage&type=home&comefrom=wxapp&openid=sns_wa_oWJzS5I4SwtIvnavadWO1lOR7lAw&mid=&merchid=&authkey=&timestamp=1562469847993 yoxwechatbusinessModel::set_user:BEGIN
[2019-07-07 11:24:09] trace  /app/ewei_shopv2_api.php?i=2&r=diypage&type=home&comefrom=wxapp&openid=sns_wa_oWJzS5I4SwtIvnavadWO1lOR7lAw&mid=&merchid=&authkey=&timestamp=1562469847993 yoxwechatbusinessModel::set_user:END
[2019-07-07 11:24:18] trace  /app/ewei_shopv2_api.php?i=2&r=groups&comefrom=wxapp&openid=sns_wa_oWJzS5I4SwtIvnavadWO1lOR7lAw&mid=&merchid=&authkey=ZTA3Y2RyU1hRMTRsQWxCT3BySStPK0FIa0NHOWlaYytpZDdLaFlGbVQ1UFczeVlMbzROQnR1bnFKeG5oaHdOSDhIV1RDWjBlMzlPSVVUREl4NnVaSHpBeHpLaw%3D%3D&timestamp=1562469858365 yoxwechatbusinessModel::set_user:BEGIN
[2019-07-07 11:24:18] trace  /app/ewei_shopv2_api.php?i=2&r=groups&comefrom=wxapp&openid=sns_wa_oWJzS5I4SwtIvnavadWO1lOR7lAw&mid=&merchid=&authkey=ZTA3Y2RyU1hRMTRsQWxCT3BySStPK0FIa0NHOWlaYytpZDdLaFlGbVQ1UFczeVlMbzROQnR1bnFKeG5oaHdOSDhIV1RDWjBlMzlPSVVUREl4NnVaSHpBeHpLaw%3D%3D&timestamp=1562469858365 yoxwechatbusinessModel::set_user:END
[2019-07-07 11:24:23] trace  /app/ewei_shopv2_api.php?i=2&r=groups.goods&timestamp=1562469863637 id=10; comefrom=wxapp; openid=sns_wa_oWJzS5I4SwtIvnavadWO1lOR7lAw; mid=; merchid=; authkey=; 
yoxwechatbusinessModel::set_user:BEGIN
[2019-07-07 11:24:23] trace  /app/ewei_shopv2_api.php?i=2&r=groups.goods&timestamp=1562469863637 id=10; comefrom=wxapp; openid=sns_wa_oWJzS5I4SwtIvnavadWO1lOR7lAw; mid=; merchid=; authkey=; 
yoxwechatbusinessModel::set_user:END
[2019-07-07 11:24:36] trace  /app/ewei_shopv2_api.php?i=2&r=groups.goods&timestamp=1562469876423 id=13; comefrom=wxapp; openid=sns_wa_oWJzS5I4SwtIvnavadWO1lOR7lAw; mid=; merchid=; authkey=; 
yoxwechatbusinessModel::set_user:BEGIN
[2019-07-07 11:24:36] trace  /app/ewei_shopv2_api.php?i=2&r=groups.goods&timestamp=1562469876423 id=13; comefrom=wxapp; openid=sns_wa_oWJzS5I4SwtIvnavadWO1lOR7lAw; mid=; merchid=; authkey=; 
yoxwechatbusinessModel::set_user:END
[2019-07-07 11:24:46] trace  /app/ewei_shopv2_api.php?i=2&r=groups.goods&timestamp=1562469886775 id=12; comefrom=wxapp; openid=sns_wa_oWJzS5I4SwtIvnavadWO1lOR7lAw; mid=; merchid=; authkey=; 
yoxwechatbusinessModel::set_user:BEGIN
[2019-07-07 11:24:46] trace  /app/ewei_shopv2_api.php?i=2&r=groups.goods&timestamp=1562469886775 id=12; comefrom=wxapp; openid=sns_wa_oWJzS5I4SwtIvnavadWO1lOR7lAw; mid=; merchid=; authkey=; 
yoxwechatbusinessModel::set_user:END
[2019-07-07 11:24:52] trace  /app/ewei_shopv2_api.php?i=2&r=groups.goods&timestamp=1562469892279 id=11; comefrom=wxapp; openid=sns_wa_oWJzS5I4SwtIvnavadWO1lOR7lAw; mid=; merchid=; authkey=; 
yoxwechatbusinessModel::set_user:BEGIN
[2019-07-07 11:24:52] trace  /app/ewei_shopv2_api.php?i=2&r=groups.goods&timestamp=1562469892279 id=11; comefrom=wxapp; openid=sns_wa_oWJzS5I4SwtIvnavadWO1lOR7lAw; mid=; merchid=; authkey=; 
yoxwechatbusinessModel::set_user:END
[2019-07-07 11:24:56] trace  /app/ewei_shopv2_api.php?i=2&r=groups.goods.openGroups&id=11&comefrom=wxapp&openid=sns_wa_oWJzS5I4SwtIvnavadWO1lOR7lAw&mid=&merchid=&authkey=&timestamp=1562469896647 yoxwechatbusinessModel::set_user:BEGIN
[2019-07-07 11:24:56] trace  /app/ewei_shopv2_api.php?i=2&r=groups.goods.openGroups&id=11&comefrom=wxapp&openid=sns_wa_oWJzS5I4SwtIvnavadWO1lOR7lAw&mid=&merchid=&authkey=&timestamp=1562469896647 yoxwechatbusinessModel::set_user:END
[2019-07-07 11:24:59] trace  /app/ewei_shopv2_api.php?i=2&r=groups.goods.goodsCheck&id=11&type=group&comefrom=wxapp&openid=sns_wa_oWJzS5I4SwtIvnavadWO1lOR7lAw&mid=&merchid=&authkey=&timestamp=1562469899507 yoxwechatbusinessModel::set_user:BEGIN
[2019-07-07 11:24:59] trace  /app/ewei_shopv2_api.php?i=2&r=groups.goods.goodsCheck&id=11&type=group&comefrom=wxapp&openid=sns_wa_oWJzS5I4SwtIvnavadWO1lOR7lAw&mid=&merchid=&authkey=&timestamp=1562469899507 yoxwechatbusinessModel::set_user:END
[2019-07-07 11:25:05] trace  /app/ewei_shopv2_api.php?i=2&r=groups.goods.goodsCheck&id=11&type=group&comefrom=wxapp&openid=sns_wa_oWJzS5I4SwtIvnavadWO1lOR7lAw&mid=&merchid=&authkey=&timestamp=1562469905791 yoxwechatbusinessModel::set_user:BEGIN
[2019-07-07 11:25:05] trace  /app/ewei_shopv2_api.php?i=2&r=groups.goods.goodsCheck&id=11&type=group&comefrom=wxapp&openid=sns_wa_oWJzS5I4SwtIvnavadWO1lOR7lAw&mid=&merchid=&authkey=&timestamp=1562469905791 yoxwechatbusinessModel::set_user:END
[2019-07-07 11:25:12] trace  /app/ewei_shopv2_api.php?i=2&r=groups.order&status=&page=1&comefrom=wxapp&openid=sns_wa_oWJzS5I4SwtIvnavadWO1lOR7lAw&mid=&merchid=&authkey=&timestamp=1562469912597 yoxwechatbusinessModel::set_user:BEGIN
[2019-07-07 11:25:12] trace  /app/ewei_shopv2_api.php?i=2&r=groups.order&status=&page=1&comefrom=wxapp&openid=sns_wa_oWJzS5I4SwtIvnavadWO1lOR7lAw&mid=&merchid=&authkey=&timestamp=1562469912597 yoxwechatbusinessModel::set_user:END
[2019-07-07 11:25:18] trace  /app/ewei_shopv2_api.php?i=2&r=groups.order.cancel&timestamp=1562469918210 id=22; cancel_reason=我不想买了; comefrom=wxapp; openid=sns_wa_oWJzS5I4SwtIvnavadWO1lOR7lAw; mid=; merchid=; authkey=; 
yoxwechatbusinessModel::set_user:BEGIN
[2019-07-07 11:25:18] trace  /app/ewei_shopv2_api.php?i=2&r=groups.order.cancel&timestamp=1562469918210 id=22; cancel_reason=我不想买了; comefrom=wxapp; openid=sns_wa_oWJzS5I4SwtIvnavadWO1lOR7lAw; mid=; merchid=; authkey=; 
yoxwechatbusinessModel::set_user:END
[2019-07-07 11:25:18] trace  /app/ewei_shopv2_api.php?i=2&r=groups.order.details&orderid=22&comefrom=wxapp&openid=sns_wa_oWJzS5I4SwtIvnavadWO1lOR7lAw&mid=&merchid=&authkey=&timestamp=1562469918810 yoxwechatbusinessModel::set_user:BEGIN
[2019-07-07 11:25:18] trace  /app/ewei_shopv2_api.php?i=2&r=groups.order.details&orderid=22&comefrom=wxapp&openid=sns_wa_oWJzS5I4SwtIvnavadWO1lOR7lAw&mid=&merchid=&authkey=&timestamp=1562469918810 yoxwechatbusinessModel::set_user:END
[2019-07-07 11:25:23] trace  /app/ewei_shopv2_api.php?i=2&r=groups.order.delete&id=22&comefrom=wxapp&openid=sns_wa_oWJzS5I4SwtIvnavadWO1lOR7lAw&mid=&merchid=&authkey=&timestamp=1562469923311 yoxwechatbusinessModel::set_user:BEGIN
[2019-07-07 11:25:23] trace  /app/ewei_shopv2_api.php?i=2&r=groups.order.delete&id=22&comefrom=wxapp&openid=sns_wa_oWJzS5I4SwtIvnavadWO1lOR7lAw&mid=&merchid=&authkey=&timestamp=1562469923311 yoxwechatbusinessModel::set_user:END
[2019-07-07 11:25:23] trace  /app/ewei_shopv2_api.php?i=2&r=groups.order&status=&page=1&comefrom=wxapp&openid=sns_wa_oWJzS5I4SwtIvnavadWO1lOR7lAw&mid=&merchid=&authkey=&timestamp=1562469923546 yoxwechatbusinessModel::set_user:BEGIN
[2019-07-07 11:25:23] trace  /app/ewei_shopv2_api.php?i=2&r=groups.order&status=&page=1&comefrom=wxapp&openid=sns_wa_oWJzS5I4SwtIvnavadWO1lOR7lAw&mid=&merchid=&authkey=&timestamp=1562469923546 yoxwechatbusinessModel::set_user:END
[2019-07-07 11:25:25] trace  /app/ewei_shopv2_api.php?i=2&r=groups&comefrom=wxapp&openid=sns_wa_oWJzS5I4SwtIvnavadWO1lOR7lAw&mid=&merchid=&authkey=&timestamp=1562469925265 yoxwechatbusinessModel::set_user:BEGIN
[2019-07-07 11:25:25] trace  /app/ewei_shopv2_api.php?i=2&r=groups&comefrom=wxapp&openid=sns_wa_oWJzS5I4SwtIvnavadWO1lOR7lAw&mid=&merchid=&authkey=&timestamp=1562469925265 yoxwechatbusinessModel::set_user:END
[2019-07-07 11:25:29] trace  /app/ewei_shopv2_api.php?i=2&r=groups.goods&timestamp=1562469929202 id=10; comefrom=wxapp; openid=sns_wa_oWJzS5I4SwtIvnavadWO1lOR7lAw; mid=; merchid=; authkey=; 
yoxwechatbusinessModel::set_user:BEGIN
[2019-07-07 11:25:29] trace  /app/ewei_shopv2_api.php?i=2&r=groups.goods&timestamp=1562469929202 id=10; comefrom=wxapp; openid=sns_wa_oWJzS5I4SwtIvnavadWO1lOR7lAw; mid=; merchid=; authkey=; 
yoxwechatbusinessModel::set_user:END
[2019-07-07 11:25:30] trace  /app/ewei_shopv2_api.php?i=2&r=groups.goods.openGroups&id=10&comefrom=wxapp&openid=sns_wa_oWJzS5I4SwtIvnavadWO1lOR7lAw&mid=&merchid=&authkey=&timestamp=1562469930662 yoxwechatbusinessModel::set_user:BEGIN
[2019-07-07 11:25:30] trace  /app/ewei_shopv2_api.php?i=2&r=groups.goods.openGroups&id=10&comefrom=wxapp&openid=sns_wa_oWJzS5I4SwtIvnavadWO1lOR7lAw&mid=&merchid=&authkey=&timestamp=1562469930662 yoxwechatbusinessModel::set_user:END
[2019-07-07 11:25:32] trace  /app/ewei_shopv2_api.php?i=2&r=groups.goods.goodsCheck&id=10&type=group&comefrom=wxapp&openid=sns_wa_oWJzS5I4SwtIvnavadWO1lOR7lAw&mid=&merchid=&authkey=&timestamp=1562469932590 yoxwechatbusinessModel::set_user:BEGIN
[2019-07-07 11:25:32] trace  /app/ewei_shopv2_api.php?i=2&r=groups.goods.goodsCheck&id=10&type=group&comefrom=wxapp&openid=sns_wa_oWJzS5I4SwtIvnavadWO1lOR7lAw&mid=&merchid=&authkey=&timestamp=1562469932590 yoxwechatbusinessModel::set_user:END
[2019-07-07 11:25:32] trace  /app/ewei_shopv2_api.php?i=2&r=groups.goods.get_spec&id=10&comefrom=wxapp&openid=sns_wa_oWJzS5I4SwtIvnavadWO1lOR7lAw&mid=&merchid=&authkey=&timestamp=1562469932833 yoxwechatbusinessModel::set_user:BEGIN
[2019-07-07 11:25:32] trace  /app/ewei_shopv2_api.php?i=2&r=groups.goods.get_spec&id=10&comefrom=wxapp&openid=sns_wa_oWJzS5I4SwtIvnavadWO1lOR7lAw&mid=&merchid=&authkey=&timestamp=1562469932833 yoxwechatbusinessModel::set_user:END
[2019-07-07 11:25:35] trace  /app/ewei_shopv2_api.php?i=2&r=groups.goods.get_option&timestamp=1562469935362 spec_id={0=33; }; groups_goods_id=10; comefrom=wxapp; openid=sns_wa_oWJzS5I4SwtIvnavadWO1lOR7lAw; mid=; merchid=; authkey=; 
yoxwechatbusinessModel::set_user:BEGIN
[2019-07-07 11:25:35] trace  /app/ewei_shopv2_api.php?i=2&r=groups.goods.get_option&timestamp=1562469935362 spec_id={0=33; }; groups_goods_id=10; comefrom=wxapp; openid=sns_wa_oWJzS5I4SwtIvnavadWO1lOR7lAw; mid=; merchid=; authkey=; 
yoxwechatbusinessModel::set_user:END
[2019-07-07 11:25:36] trace  /app/ewei_shopv2_api.php?i=2&r=groups.goods.get_option&timestamp=1562469936726 spec_id={0=34; }; groups_goods_id=10; comefrom=wxapp; openid=sns_wa_oWJzS5I4SwtIvnavadWO1lOR7lAw; mid=; merchid=; authkey=; 
yoxwechatbusinessModel::set_user:BEGIN
[2019-07-07 11:25:36] trace  /app/ewei_shopv2_api.php?i=2&r=groups.goods.get_option&timestamp=1562469936726 spec_id={0=34; }; groups_goods_id=10; comefrom=wxapp; openid=sns_wa_oWJzS5I4SwtIvnavadWO1lOR7lAw; mid=; merchid=; authkey=; 
yoxwechatbusinessModel::set_user:END
[2019-07-07 11:25:37] trace  /app/ewei_shopv2_api.php?i=2&r=groups.goods.get_option&timestamp=1562469937847 spec_id={0=35; }; groups_goods_id=10; comefrom=wxapp; openid=sns_wa_oWJzS5I4SwtIvnavadWO1lOR7lAw; mid=; merchid=; authkey=; 
yoxwechatbusinessModel::set_user:BEGIN
[2019-07-07 11:25:37] trace  /app/ewei_shopv2_api.php?i=2&r=groups.goods.get_option&timestamp=1562469937847 spec_id={0=35; }; groups_goods_id=10; comefrom=wxapp; openid=sns_wa_oWJzS5I4SwtIvnavadWO1lOR7lAw; mid=; merchid=; authkey=; 
yoxwechatbusinessModel::set_user:END
[2019-07-07 11:25:41] trace  /app/ewei_shopv2_api.php?i=2&r=groups.goods.openGroups&id=10&comefrom=wxapp&openid=sns_wa_oWJzS5I4SwtIvnavadWO1lOR7lAw&mid=&merchid=&authkey=&timestamp=1562469941463 yoxwechatbusinessModel::set_user:BEGIN
[2019-07-07 11:25:41] trace  /app/ewei_shopv2_api.php?i=2&r=groups.goods.openGroups&id=10&comefrom=wxapp&openid=sns_wa_oWJzS5I4SwtIvnavadWO1lOR7lAw&mid=&merchid=&authkey=&timestamp=1562469941463 yoxwechatbusinessModel::set_user:END
[2019-07-07 11:25:43] trace  /app/ewei_shopv2_api.php?i=2&r=groups.goods.goodsCheck&id=10&type=group&comefrom=wxapp&openid=sns_wa_oWJzS5I4SwtIvnavadWO1lOR7lAw&mid=&merchid=&authkey=&timestamp=1562469943003 yoxwechatbusinessModel::set_user:BEGIN
[2019-07-07 11:25:43] trace  /app/ewei_shopv2_api.php?i=2&r=groups.goods.goodsCheck&id=10&type=group&comefrom=wxapp&openid=sns_wa_oWJzS5I4SwtIvnavadWO1lOR7lAw&mid=&merchid=&authkey=&timestamp=1562469943003 yoxwechatbusinessModel::set_user:END
[2019-07-07 11:25:43] trace  /app/ewei_shopv2_api.php?i=2&r=groups.goods.get_spec&id=10&comefrom=wxapp&openid=sns_wa_oWJzS5I4SwtIvnavadWO1lOR7lAw&mid=&merchid=&authkey=&timestamp=1562469943289 yoxwechatbusinessModel::set_user:BEGIN
[2019-07-07 11:25:43] trace  /app/ewei_shopv2_api.php?i=2&r=groups.goods.get_spec&id=10&comefrom=wxapp&openid=sns_wa_oWJzS5I4SwtIvnavadWO1lOR7lAw&mid=&merchid=&authkey=&timestamp=1562469943289 yoxwechatbusinessModel::set_user:END
[2019-07-07 11:25:44] trace  /app/ewei_shopv2_api.php?i=2&r=groups.goods.get_option&timestamp=1562469944433 spec_id={0=33; }; groups_goods_id=10; comefrom=wxapp; openid=sns_wa_oWJzS5I4SwtIvnavadWO1lOR7lAw; mid=; merchid=; authkey=; 
yoxwechatbusinessModel::set_user:BEGIN
[2019-07-07 11:25:44] trace  /app/ewei_shopv2_api.php?i=2&r=groups.goods.get_option&timestamp=1562469944433 spec_id={0=33; }; groups_goods_id=10; comefrom=wxapp; openid=sns_wa_oWJzS5I4SwtIvnavadWO1lOR7lAw; mid=; merchid=; authkey=; 
yoxwechatbusinessModel::set_user:END
[2019-07-07 11:25:46] trace  /app/ewei_shopv2_api.php?i=2&r=groups.goods.goodsCheck&id=10&type=group&comefrom=wxapp&openid=sns_wa_oWJzS5I4SwtIvnavadWO1lOR7lAw&mid=&merchid=&authkey=&timestamp=1562469946395 yoxwechatbusinessModel::set_user:BEGIN
[2019-07-07 11:25:46] trace  /app/ewei_shopv2_api.php?i=2&r=groups.goods.goodsCheck&id=10&type=group&comefrom=wxapp&openid=sns_wa_oWJzS5I4SwtIvnavadWO1lOR7lAw&mid=&merchid=&authkey=&timestamp=1562469946395 yoxwechatbusinessModel::set_user:END
[2019-07-07 11:25:46] trace  /app/ewei_shopv2_api.php?i=2&r=groups.goods.get_spec&id=10&comefrom=wxapp&openid=sns_wa_oWJzS5I4SwtIvnavadWO1lOR7lAw&mid=&merchid=&authkey=&timestamp=1562469946684 yoxwechatbusinessModel::set_user:BEGIN
[2019-07-07 11:25:46] trace  /app/ewei_shopv2_api.php?i=2&r=groups.goods.get_spec&id=10&comefrom=wxapp&openid=sns_wa_oWJzS5I4SwtIvnavadWO1lOR7lAw&mid=&merchid=&authkey=&timestamp=1562469946684 yoxwechatbusinessModel::set_user:END
[2019-07-07 11:25:48] trace  /app/ewei_shopv2_api.php?i=2&r=groups.goods.goodsCheck&id=10&type=group&comefrom=wxapp&openid=sns_wa_oWJzS5I4SwtIvnavadWO1lOR7lAw&mid=&merchid=&authkey=&timestamp=1562469948814 yoxwechatbusinessModel::set_user:BEGIN
[2019-07-07 11:25:48] trace  /app/ewei_shopv2_api.php?i=2&r=groups.goods.goodsCheck&id=10&type=group&comefrom=wxapp&openid=sns_wa_oWJzS5I4SwtIvnavadWO1lOR7lAw&mid=&merchid=&authkey=&timestamp=1562469948814 yoxwechatbusinessModel::set_user:END
[2019-07-07 11:25:49] trace  /app/ewei_shopv2_api.php?i=2&r=groups.goods.get_spec&id=10&comefrom=wxapp&openid=sns_wa_oWJzS5I4SwtIvnavadWO1lOR7lAw&mid=&merchid=&authkey=&timestamp=1562469949123 yoxwechatbusinessModel::set_user:BEGIN
[2019-07-07 11:25:49] trace  /app/ewei_shopv2_api.php?i=2&r=groups.goods.get_spec&id=10&comefrom=wxapp&openid=sns_wa_oWJzS5I4SwtIvnavadWO1lOR7lAw&mid=&merchid=&authkey=&timestamp=1562469949123 yoxwechatbusinessModel::set_user:END
[2019-07-07 11:25:50] trace  /app/ewei_shopv2_api.php?i=2&r=groups.goods.get_option&timestamp=1562469950111 spec_id={0=33; }; groups_goods_id=10; comefrom=wxapp; openid=sns_wa_oWJzS5I4SwtIvnavadWO1lOR7lAw; mid=; merchid=; authkey=; 
yoxwechatbusinessModel::set_user:BEGIN
[2019-07-07 11:25:50] trace  /app/ewei_shopv2_api.php?i=2&r=groups.goods.get_option&timestamp=1562469950111 spec_id={0=33; }; groups_goods_id=10; comefrom=wxapp; openid=sns_wa_oWJzS5I4SwtIvnavadWO1lOR7lAw; mid=; merchid=; authkey=; 
yoxwechatbusinessModel::set_user:END
[2019-07-07 11:25:52] trace  /app/ewei_shopv2_api.php?i=2&r=groups.goods.check_tuan&id=10&type=group&comefrom=wxapp&openid=sns_wa_oWJzS5I4SwtIvnavadWO1lOR7lAw&mid=&merchid=&authkey=&timestamp=1562469952203 yoxwechatbusinessModel::set_user:BEGIN
[2019-07-07 11:25:52] trace  /app/ewei_shopv2_api.php?i=2&r=groups.goods.check_tuan&id=10&type=group&comefrom=wxapp&openid=sns_wa_oWJzS5I4SwtIvnavadWO1lOR7lAw&mid=&merchid=&authkey=&timestamp=1562469952203 yoxwechatbusinessModel::set_user:END
[2019-07-07 13:50:31] trace  /app/ewei_shopv2_api.php?i=2&r=black&comefrom=wxapp&openid=sns_wa_oWJzS5I4SwtIvnavadWO1lOR7lAw&authkey=&timestamp=1562478631011 yoxwechatbusinessModel::set_user:BEGIN
[2019-07-07 13:50:31] trace  /app/ewei_shopv2_api.php?i=2&r=black&comefrom=wxapp&openid=sns_wa_oWJzS5I4SwtIvnavadWO1lOR7lAw&authkey=&timestamp=1562478631011 yoxwechatbusinessModel::set_user:END
[2019-07-07 13:50:32] trace  /app/ewei_shopv2_api.php?i=2&r=shop.get_shopindex&comefrom=wxapp&openid=sns_wa_oWJzS5I4SwtIvnavadWO1lOR7lAw&mid=&merchid=&authkey=&timestamp=1562478631060 yoxwechatbusinessModel::set_user:BEGIN
[2019-07-07 13:50:32] trace  /app/ewei_shopv2_api.php?i=2&r=shop.get_shopindex&comefrom=wxapp&openid=sns_wa_oWJzS5I4SwtIvnavadWO1lOR7lAw&mid=&merchid=&authkey=&timestamp=1562478631060 yoxwechatbusinessModel::set_user:END
[2019-07-07 13:50:32] trace  /app/ewei_shopv2_api.php?i=2&r=diypage&type=home&comefrom=wxapp&openid=sns_wa_oWJzS5I4SwtIvnavadWO1lOR7lAw&mid=&merchid=&authkey=&timestamp=1562478631038 yoxwechatbusinessModel::set_user:BEGIN
[2019-07-07 13:50:32] trace  /app/ewei_shopv2_api.php?i=2&r=diypage&type=home&comefrom=wxapp&openid=sns_wa_oWJzS5I4SwtIvnavadWO1lOR7lAw&mid=&merchid=&authkey=&timestamp=1562478631038 yoxwechatbusinessModel::set_user:END
[2019-07-07 13:50:32] trace  /app/ewei_shopv2_api.php?i=2&r=shop.get_cpinfos&comefrom=wxapp&openid=sns_wa_oWJzS5I4SwtIvnavadWO1lOR7lAw&mid=&merchid=&authkey=&timestamp=1562478631067 yoxwechatbusinessModel::set_user:BEGIN
[2019-07-07 13:50:32] trace  /app/ewei_shopv2_api.php?i=2&r=shop.get_cpinfos&comefrom=wxapp&openid=sns_wa_oWJzS5I4SwtIvnavadWO1lOR7lAw&mid=&merchid=&authkey=&timestamp=1562478631067 yoxwechatbusinessModel::set_user:END
[2019-07-07 13:50:32] trace  /app/ewei_shopv2_api.php?i=2&r=shop.get_hasnewcoupon&comefrom=wxapp&openid=sns_wa_oWJzS5I4SwtIvnavadWO1lOR7lAw&mid=&merchid=&authkey=&timestamp=1562478631064 yoxwechatbusinessModel::set_user:BEGIN
[2019-07-07 13:50:32] trace  /app/ewei_shopv2_api.php?i=2&r=shop.get_hasnewcoupon&comefrom=wxapp&openid=sns_wa_oWJzS5I4SwtIvnavadWO1lOR7lAw&mid=&merchid=&authkey=&timestamp=1562478631064 yoxwechatbusinessModel::set_user:END
[2019-07-07 13:50:36] trace  /app/ewei_shopv2_api.php?i=2&r=groups&comefrom=wxapp&openid=sns_wa_oWJzS5I4SwtIvnavadWO1lOR7lAw&mid=&merchid=&authkey=OWE1ZnNKaUZob2wxUG5kSDI5VTBNWG5kL2srcll0Rkp2VU56NEJNMVhYNVNndTgwaG5nREVVc2Z4WWlTdVpWbUZSWmdQdTlhU2NhQndQb0IxVDAyaE03WnlvUQ%3D%3D&timestamp=1562478636012 yoxwechatbusinessModel::set_user:BEGIN
[2019-07-07 13:50:36] trace  /app/ewei_shopv2_api.php?i=2&r=groups&comefrom=wxapp&openid=sns_wa_oWJzS5I4SwtIvnavadWO1lOR7lAw&mid=&merchid=&authkey=OWE1ZnNKaUZob2wxUG5kSDI5VTBNWG5kL2srcll0Rkp2VU56NEJNMVhYNVNndTgwaG5nREVVc2Z4WWlTdVpWbUZSWmdQdTlhU2NhQndQb0IxVDAyaE03WnlvUQ%3D%3D&timestamp=1562478636012 yoxwechatbusinessModel::set_user:END
[2019-07-07 13:50:38] trace  /app/ewei_shopv2_api.php?i=2&r=shop.get_shopindex&comefrom=wxapp&openid=sns_wa_oWJzS5I4SwtIvnavadWO1lOR7lAw&mid=&merchid=&authkey=&timestamp=1562478638279 yoxwechatbusinessModel::set_user:BEGIN
[2019-07-07 13:50:38] trace  /app/ewei_shopv2_api.php?i=2&r=shop.get_shopindex&comefrom=wxapp&openid=sns_wa_oWJzS5I4SwtIvnavadWO1lOR7lAw&mid=&merchid=&authkey=&timestamp=1562478638279 yoxwechatbusinessModel::set_user:END
[2019-07-07 13:50:38] trace  /app/ewei_shopv2_api.php?i=2&r=shop.get_cpinfos&comefrom=wxapp&openid=sns_wa_oWJzS5I4SwtIvnavadWO1lOR7lAw&mid=&merchid=&authkey=&timestamp=1562478638290 yoxwechatbusinessModel::set_user:BEGIN
[2019-07-07 13:50:38] trace  /app/ewei_shopv2_api.php?i=2&r=shop.get_cpinfos&comefrom=wxapp&openid=sns_wa_oWJzS5I4SwtIvnavadWO1lOR7lAw&mid=&merchid=&authkey=&timestamp=1562478638290 yoxwechatbusinessModel::set_user:END
[2019-07-07 13:50:39] trace  /app/ewei_shopv2_api.php?i=2&r=groups&comefrom=wxapp&openid=sns_wa_oWJzS5I4SwtIvnavadWO1lOR7lAw&mid=&merchid=&authkey=&timestamp=1562478638971 yoxwechatbusinessModel::set_user:BEGIN
[2019-07-07 13:50:39] trace  /app/ewei_shopv2_api.php?i=2&r=groups&comefrom=wxapp&openid=sns_wa_oWJzS5I4SwtIvnavadWO1lOR7lAw&mid=&merchid=&authkey=&timestamp=1562478638971 yoxwechatbusinessModel::set_user:END
[2019-07-07 13:50:40] trace  /app/ewei_shopv2_api.php?i=2&r=groups.order&status=&page=1&comefrom=wxapp&openid=sns_wa_oWJzS5I4SwtIvnavadWO1lOR7lAw&mid=&merchid=&authkey=&timestamp=1562478640197 yoxwechatbusinessModel::set_user:BEGIN
[2019-07-07 13:50:40] trace  /app/ewei_shopv2_api.php?i=2&r=groups.order&status=&page=1&comefrom=wxapp&openid=sns_wa_oWJzS5I4SwtIvnavadWO1lOR7lAw&mid=&merchid=&authkey=&timestamp=1562478640197 yoxwechatbusinessModel::set_user:END
[2019-07-07 13:50:41] trace  /app/ewei_shopv2_api.php?i=2&r=groups.list&timestamp=1562478641191 category=; page=1; comefrom=wxapp; openid=sns_wa_oWJzS5I4SwtIvnavadWO1lOR7lAw; mid=; merchid=; authkey=; 
yoxwechatbusinessModel::set_user:BEGIN
[2019-07-07 13:50:41] trace  /app/ewei_shopv2_api.php?i=2&r=groups.list&timestamp=1562478641191 category=; page=1; comefrom=wxapp; openid=sns_wa_oWJzS5I4SwtIvnavadWO1lOR7lAw; mid=; merchid=; authkey=; 
yoxwechatbusinessModel::set_user:END
[2019-07-07 13:50:42] trace  /app/ewei_shopv2_api.php?i=2&r=groups.team&success=&page=1&comefrom=wxapp&openid=sns_wa_oWJzS5I4SwtIvnavadWO1lOR7lAw&mid=&merchid=&authkey=&timestamp=1562478642104 yoxwechatbusinessModel::set_user:BEGIN
[2019-07-07 13:50:42] trace  /app/ewei_shopv2_api.php?i=2&r=groups.team&success=&page=1&comefrom=wxapp&openid=sns_wa_oWJzS5I4SwtIvnavadWO1lOR7lAw&mid=&merchid=&authkey=&timestamp=1562478642104 yoxwechatbusinessModel::set_user:END
[2019-07-07 14:42:49] trace  /app/ewei_shopv2_api.php?i=2&r=cacheset&version=&comefrom=wxapp&openid=sns_wa_oWJzS5OkObTr032Vbfz8-TmZn8pc&mid=&merchid=&authkey=NmJkOW45SE5IdUNjRHhnYk5zY3BTNHRHeEc2aC9CbC90NlI2Y211T1duSFljb012UjlUWjNKZngvenVKTTNlT2ZPZ2pVaWJ3&timestamp=1562481769267 yoxwechatbusinessModel::set_user:BEGIN
[2019-07-07 14:42:49] trace  /app/ewei_shopv2_api.php?i=2&r=shop.get_shopindex&comefrom=wxapp&openid=sns_wa_oWJzS5OkObTr032Vbfz8-TmZn8pc&mid=&merchid=&authkey=NmJkOW45SE5IdUNjRHhnYk5zY3BTNHRHeEc2aC9CbC90NlI2Y211T1duSFljb012UjlUWjNKZngvenVKTTNlT2ZPZ2pVaWJ3&timestamp=1562481769386 yoxwechatbusinessModel::set_user:BEGIN
[2019-07-07 14:42:49] trace  /app/ewei_shopv2_api.php?i=2&r=shop.get_cpinfos&comefrom=wxapp&openid=sns_wa_oWJzS5OkObTr032Vbfz8-TmZn8pc&mid=&merchid=&authkey=NmJkOW45SE5IdUNjRHhnYk5zY3BTNHRHeEc2aC9CbC90NlI2Y211T1duSFljb012UjlUWjNKZngvenVKTTNlT2ZPZ2pVaWJ3&timestamp=1562481769394 yoxwechatbusinessModel::set_user:BEGIN
[2019-07-07 14:42:49] trace  /app/ewei_shopv2_api.php?i=2&r=shop.get_hasnewcoupon&comefrom=wxapp&openid=sns_wa_oWJzS5OkObTr032Vbfz8-TmZn8pc&mid=&merchid=&authkey=NmJkOW45SE5IdUNjRHhnYk5zY3BTNHRHeEc2aC9CbC90NlI2Y211T1duSFljb012UjlUWjNKZngvenVKTTNlT2ZPZ2pVaWJ3&timestamp=1562481769389 yoxwechatbusinessModel::set_user:BEGIN
[2019-07-07 14:42:55] trace  /app/ewei_shopv2_api.php?i=2&r=shop.get_shopindex&comefrom=wxapp&openid=sns_wa_oWJzS5OkObTr032Vbfz8-TmZn8pc&mid=&merchid=&authkey=&timestamp=1562481775221 yoxwechatbusinessModel::set_user:BEGIN
[2019-07-07 14:42:55] trace  /app/ewei_shopv2_api.php?i=2&r=shop.get_cpinfos&comefrom=wxapp&openid=sns_wa_oWJzS5OkObTr032Vbfz8-TmZn8pc&mid=&merchid=&authkey=&timestamp=1562481775226 yoxwechatbusinessModel::set_user:BEGIN
[2019-07-07 14:42:55] trace  /app/ewei_shopv2_api.php?i=2&r=shop.get_hasnewcoupon&comefrom=wxapp&openid=sns_wa_oWJzS5OkObTr032Vbfz8-TmZn8pc&mid=&merchid=&authkey=&timestamp=1562481775224 yoxwechatbusinessModel::set_user:BEGIN
[2019-07-07 14:43:01] trace  /app/ewei_shopv2_api.php?i=2&r=diypage&type=home&comefrom=wxapp&openid=sns_wa_oWJzS5OkObTr032Vbfz8-TmZn8pc&mid=&merchid=&authkey=MzNlMGZqMW9YOU02dkVtdjZTSm5iZWdSeC83Y2NXVDFyTVdIdk5qQ08wRHFURWp5MUVLckNGSHRReXVSOG1EWk12UVd5ZmRWU1R2dkcwbWs0bGhKMHUvNHlNZw%3D%3D&timestamp=1562481781540 yoxwechatbusinessModel::set_user:BEGIN
[2019-07-07 14:43:01] trace  /app/ewei_shopv2_api.php?i=2&r=diypage&type=home&comefrom=wxapp&openid=sns_wa_oWJzS5OkObTr032Vbfz8-TmZn8pc&mid=&merchid=&authkey=MzNlMGZqMW9YOU02dkVtdjZTSm5iZWdSeC83Y2NXVDFyTVdIdk5qQ08wRHFURWp5MUVLckNGSHRReXVSOG1EWk12UVd5ZmRWU1R2dkcwbWs0bGhKMHUvNHlNZw%3D%3D&timestamp=1562481781540 yoxwechatbusinessModel::set_user:END
[2019-07-07 18:08:16] trace  /app/ewei_shopv2_api.php?i=2&r=black&comefrom=wxapp&openid=sns_wa_oWJzS5E6FV0vFTKNh9Sr-s7BSShg&authkey=&timestamp=1562494095537 yoxwechatbusinessModel::set_user:BEGIN
[2019-07-07 18:08:16] trace  /app/ewei_shopv2_api.php?i=2&r=black&comefrom=wxapp&openid=sns_wa_oWJzS5E6FV0vFTKNh9Sr-s7BSShg&authkey=&timestamp=1562494095537 yoxwechatbusinessModel::set_user:END
[2019-07-07 18:08:16] trace  /app/ewei_shopv2_api.php?i=2&r=diypage&type=home&comefrom=wxapp&openid=sns_wa_oWJzS5E6FV0vFTKNh9Sr-s7BSShg&mid=&merchid=&authkey=&timestamp=1562494095590 yoxwechatbusinessModel::set_user:BEGIN
[2019-07-07 18:08:16] trace  /app/ewei_shopv2_api.php?i=2&r=diypage&type=home&comefrom=wxapp&openid=sns_wa_oWJzS5E6FV0vFTKNh9Sr-s7BSShg&mid=&merchid=&authkey=&timestamp=1562494095590 yoxwechatbusinessModel::set_user:END
[2019-07-07 18:08:16] trace  /app/ewei_shopv2_api.php?i=2&r=shop.get_hasnewcoupon&comefrom=wxapp&openid=sns_wa_oWJzS5E6FV0vFTKNh9Sr-s7BSShg&mid=&merchid=&authkey=&timestamp=1562494095678 yoxwechatbusinessModel::set_user:BEGIN
[2019-07-07 18:08:16] trace  /app/ewei_shopv2_api.php?i=2&r=shop.get_hasnewcoupon&comefrom=wxapp&openid=sns_wa_oWJzS5E6FV0vFTKNh9Sr-s7BSShg&mid=&merchid=&authkey=&timestamp=1562494095678 yoxwechatbusinessModel::set_user:END
[2019-07-07 18:08:17] trace  /app/ewei_shopv2_api.php?i=2&r=shop.get_cpinfos&comefrom=wxapp&openid=sns_wa_oWJzS5E6FV0vFTKNh9Sr-s7BSShg&mid=&merchid=&authkey=&timestamp=1562494095684 yoxwechatbusinessModel::set_user:BEGIN
[2019-07-07 18:08:17] trace  /app/ewei_shopv2_api.php?i=2&r=shop.get_cpinfos&comefrom=wxapp&openid=sns_wa_oWJzS5E6FV0vFTKNh9Sr-s7BSShg&mid=&merchid=&authkey=&timestamp=1562494095684 yoxwechatbusinessModel::set_user:END
[2019-07-07 18:08:17] trace  /app/ewei_shopv2_api.php?i=2&r=shop.get_shopindex&comefrom=wxapp&openid=sns_wa_oWJzS5E6FV0vFTKNh9Sr-s7BSShg&mid=&merchid=&authkey=&timestamp=1562494095664 yoxwechatbusinessModel::set_user:BEGIN
[2019-07-07 18:08:17] trace  /app/ewei_shopv2_api.php?i=2&r=shop.get_shopindex&comefrom=wxapp&openid=sns_wa_oWJzS5E6FV0vFTKNh9Sr-s7BSShg&mid=&merchid=&authkey=&timestamp=1562494095664 yoxwechatbusinessModel::set_user:END
[2019-07-07 18:08:20] trace  /app/ewei_shopv2_api.php?i=2&r=diypage&type=7&comefrom=wxapp&openid=sns_wa_oWJzS5E6FV0vFTKNh9Sr-s7BSShg&mid=&merchid=&authkey=YjcyYVN4c1dBRTB1SXJrdjVPbVRIQXZISjQvK2lzYWcxS3pqUVZoSG1PRW80S0RJWXJERjBLeEhGTW1FNktTZS8zZWpHTzkxQThxbVdhL0N0Q0V6clVuQjUycw%3D%3D&timestamp=1562494100429 yoxwechatbusinessModel::set_user:BEGIN
[2019-07-07 18:08:20] trace  /app/ewei_shopv2_api.php?i=2&r=diypage&type=7&comefrom=wxapp&openid=sns_wa_oWJzS5E6FV0vFTKNh9Sr-s7BSShg&mid=&merchid=&authkey=YjcyYVN4c1dBRTB1SXJrdjVPbVRIQXZISjQvK2lzYWcxS3pqUVZoSG1PRW80S0RJWXJERjBLeEhGTW1FNktTZS8zZWpHTzkxQThxbVdhL0N0Q0V6clVuQjUycw%3D%3D&timestamp=1562494100429 yoxwechatbusinessModel::set_user:END
[2019-07-07 18:08:20] trace  /app/ewei_shopv2_api.php?i=2&r=diypage&id=7&comefrom=wxapp&openid=sns_wa_oWJzS5E6FV0vFTKNh9Sr-s7BSShg&mid=&merchid=&authkey=YjcyYVN4c1dBRTB1SXJrdjVPbVRIQXZISjQvK2lzYWcxS3pqUVZoSG1PRW80S0RJWXJERjBLeEhGTW1FNktTZS8zZWpHTzkxQThxbVdhL0N0Q0V6clVuQjUycw%3D%3D&timestamp=1562494100520 yoxwechatbusinessModel::set_user:BEGIN
[2019-07-07 18:08:20] trace  /app/ewei_shopv2_api.php?i=2&r=diypage&id=7&comefrom=wxapp&openid=sns_wa_oWJzS5E6FV0vFTKNh9Sr-s7BSShg&mid=&merchid=&authkey=YjcyYVN4c1dBRTB1SXJrdjVPbVRIQXZISjQvK2lzYWcxS3pqUVZoSG1PRW80S0RJWXJERjBLeEhGTW1FNktTZS8zZWpHTzkxQThxbVdhL0N0Q0V6clVuQjUycw%3D%3D&timestamp=1562494100520 yoxwechatbusinessModel::set_user:END
[2019-07-07 18:08:22] trace  /app/ewei_shopv2_api.php?i=2&r=shop.get_shopindex&comefrom=wxapp&openid=sns_wa_oWJzS5E6FV0vFTKNh9Sr-s7BSShg&mid=&merchid=&authkey=&timestamp=1562494102324 yoxwechatbusinessModel::set_user:BEGIN
[2019-07-07 18:08:22] trace  /app/ewei_shopv2_api.php?i=2&r=shop.get_shopindex&comefrom=wxapp&openid=sns_wa_oWJzS5E6FV0vFTKNh9Sr-s7BSShg&mid=&merchid=&authkey=&timestamp=1562494102324 yoxwechatbusinessModel::set_user:END
[2019-07-07 18:08:22] trace  /app/ewei_shopv2_api.php?i=2&r=shop.get_hasnewcoupon&comefrom=wxapp&openid=sns_wa_oWJzS5E6FV0vFTKNh9Sr-s7BSShg&mid=&merchid=&authkey=&timestamp=1562494102331 yoxwechatbusinessModel::set_user:BEGIN
[2019-07-07 18:08:22] trace  /app/ewei_shopv2_api.php?i=2&r=shop.get_hasnewcoupon&comefrom=wxapp&openid=sns_wa_oWJzS5E6FV0vFTKNh9Sr-s7BSShg&mid=&merchid=&authkey=&timestamp=1562494102331 yoxwechatbusinessModel::set_user:END
[2019-07-07 18:08:22] trace  /app/ewei_shopv2_api.php?i=2&r=shop.get_cpinfos&comefrom=wxapp&openid=sns_wa_oWJzS5E6FV0vFTKNh9Sr-s7BSShg&mid=&merchid=&authkey=&timestamp=1562494102337 yoxwechatbusinessModel::set_user:BEGIN
[2019-07-07 18:08:22] trace  /app/ewei_shopv2_api.php?i=2&r=shop.get_cpinfos&comefrom=wxapp&openid=sns_wa_oWJzS5E6FV0vFTKNh9Sr-s7BSShg&mid=&merchid=&authkey=&timestamp=1562494102337 yoxwechatbusinessModel::set_user:END
[2019-07-07 18:08:23] trace  /app/ewei_shopv2_api.php?i=2&r=shop.notice.get_list&page=1&comefrom=wxapp&openid=sns_wa_oWJzS5E6FV0vFTKNh9Sr-s7BSShg&mid=&merchid=&authkey=&timestamp=1562494103140 yoxwechatbusinessModel::set_user:BEGIN
[2019-07-07 18:08:23] trace  /app/ewei_shopv2_api.php?i=2&r=shop.notice.get_list&page=1&comefrom=wxapp&openid=sns_wa_oWJzS5E6FV0vFTKNh9Sr-s7BSShg&mid=&merchid=&authkey=&timestamp=1562494103140 yoxwechatbusinessModel::set_user:END
[2019-07-07 18:08:26] trace  /app/ewei_shopv2_api.php?i=2&r=shop.get_shopindex&comefrom=wxapp&openid=sns_wa_oWJzS5E6FV0vFTKNh9Sr-s7BSShg&mid=&merchid=&authkey=&timestamp=1562494106182 yoxwechatbusinessModel::set_user:BEGIN
[2019-07-07 18:08:26] trace  /app/ewei_shopv2_api.php?i=2&r=shop.get_shopindex&comefrom=wxapp&openid=sns_wa_oWJzS5E6FV0vFTKNh9Sr-s7BSShg&mid=&merchid=&authkey=&timestamp=1562494106182 yoxwechatbusinessModel::set_user:END
[2019-07-07 18:08:26] trace  /app/ewei_shopv2_api.php?i=2&r=shop.get_hasnewcoupon&comefrom=wxapp&openid=sns_wa_oWJzS5E6FV0vFTKNh9Sr-s7BSShg&mid=&merchid=&authkey=&timestamp=1562494106198 yoxwechatbusinessModel::set_user:BEGIN
[2019-07-07 18:08:26] trace  /app/ewei_shopv2_api.php?i=2&r=shop.get_hasnewcoupon&comefrom=wxapp&openid=sns_wa_oWJzS5E6FV0vFTKNh9Sr-s7BSShg&mid=&merchid=&authkey=&timestamp=1562494106198 yoxwechatbusinessModel::set_user:END
[2019-07-07 18:08:26] trace  /app/ewei_shopv2_api.php?i=2&r=shop.get_cpinfos&comefrom=wxapp&openid=sns_wa_oWJzS5E6FV0vFTKNh9Sr-s7BSShg&mid=&merchid=&authkey=&timestamp=1562494106202 yoxwechatbusinessModel::set_user:BEGIN
[2019-07-07 18:08:26] trace  /app/ewei_shopv2_api.php?i=2&r=shop.get_cpinfos&comefrom=wxapp&openid=sns_wa_oWJzS5E6FV0vFTKNh9Sr-s7BSShg&mid=&merchid=&authkey=&timestamp=1562494106202 yoxwechatbusinessModel::set_user:END
[2019-07-07 18:08:27] trace  /app/ewei_shopv2_api.php?i=2&r=diypage&type=home&comefrom=wxapp&openid=sns_wa_oWJzS5E6FV0vFTKNh9Sr-s7BSShg&mid=&merchid=&authkey=&timestamp=1562494107652 yoxwechatbusinessModel::set_user:BEGIN
[2019-07-07 18:08:27] trace  /app/ewei_shopv2_api.php?i=2&r=diypage&type=home&comefrom=wxapp&openid=sns_wa_oWJzS5E6FV0vFTKNh9Sr-s7BSShg&mid=&merchid=&authkey=&timestamp=1562494107652 yoxwechatbusinessModel::set_user:END
[2019-07-07 18:08:35] trace  /app/ewei_shopv2_api.php?i=2&r=groups&comefrom=wxapp&openid=sns_wa_oWJzS5E6FV0vFTKNh9Sr-s7BSShg&mid=&merchid=&authkey=&timestamp=1562494114884 yoxwechatbusinessModel::set_user:BEGIN
[2019-07-07 18:08:35] trace  /app/ewei_shopv2_api.php?i=2&r=groups&comefrom=wxapp&openid=sns_wa_oWJzS5E6FV0vFTKNh9Sr-s7BSShg&mid=&merchid=&authkey=&timestamp=1562494114884 yoxwechatbusinessModel::set_user:END
