[2019-08-29 09:10:47] trace  /app/ewei_shopv2_api.php?i=2&r=cacheset&version=&comefrom=wxapp&openid=sns_wa_oWJzS5E6FV0vFTKNh9Sr-s7BSShg&mid=&merchid=&authkey=NmI0MWNpQXAwcHFRdG5LSGZzOGswdjlpUkhEYlJhMmRYVzFJckdrTzAvTDdLU2U1cFNjd2xrT1NzWVIwTWhpVERTeGFBc0tPZmF4c3RONjhKdzB2R0Mra0xUaw%3D%3D&timestamp=1567041045874 yoxwechatbusinessModel::set_user:BEGIN
[2019-08-29 09:10:47] trace  /app/ewei_shopv2_api.php?i=2&r=cacheset&version=&comefrom=wxapp&openid=sns_wa_oWJzS5E6FV0vFTKNh9Sr-s7BSShg&mid=&merchid=&authkey=NmI0MWNpQXAwcHFRdG5LSGZzOGswdjlpUkhEYlJhMmRYVzFJckdrTzAvTDdLU2U1cFNjd2xrT1NzWVIwTWhpVERTeGFBc0tPZmF4c3RONjhKdzB2R0Mra0xUaw%3D%3D&timestamp=1567041045874 yoxwechatbusinessModel::set_user:END
[2019-08-29 10:34:09] trace  /app/ewei_shopv2_api.php?i=2&r=shop.get_hasnewcoupon&comefrom=wxapp&openid=sns_wa_oWJzS5OByKKADbs11e-dizI94IIw&mid=&merchid=&authkey=NjBiYitxWUExaGFyZ0s0d092N0ZCQjBOT3VzU0dUeTd1STNYQmY5Rkg2c1dIMjRpN2lROHg5eWZYWnNzSjErczBObHBJdC9PekdyZ3hRUU4xZUlLUFlUTnFuOA%3D%3D&timestamp=1567046047168 yoxwechatbusinessModel::set_user:BEGIN
[2019-08-29 10:34:09] trace  /app/ewei_shopv2_api.php?i=2&r=shop.get_hasnewcoupon&comefrom=wxapp&openid=sns_wa_oWJzS5OByKKADbs11e-dizI94IIw&mid=&merchid=&authkey=NjBiYitxWUExaGFyZ0s0d092N0ZCQjBOT3VzU0dUeTd1STNYQmY5Rkg2c1dIMjRpN2lROHg5eWZYWnNzSjErczBObHBJdC9PekdyZ3hRUU4xZUlLUFlUTnFuOA%3D%3D&timestamp=1567046047168 yoxwechatbusinessModel::set_user:END
[2019-08-29 10:34:09] trace  /app/ewei_shopv2_api.php?i=2&r=shop.get_shopindex&comefrom=wxapp&openid=sns_wa_oWJzS5OByKKADbs11e-dizI94IIw&mid=&merchid=&authkey=NjBiYitxWUExaGFyZ0s0d092N0ZCQjBOT3VzU0dUeTd1STNYQmY5Rkg2c1dIMjRpN2lROHg5eWZYWnNzSjErczBObHBJdC9PekdyZ3hRUU4xZUlLUFlUTnFuOA%3D%3D&timestamp=1567046047155 yoxwechatbusinessModel::set_user:BEGIN
[2019-08-29 10:34:09] trace  /app/ewei_shopv2_api.php?i=2&r=shop.get_shopindex&comefrom=wxapp&openid=sns_wa_oWJzS5OByKKADbs11e-dizI94IIw&mid=&merchid=&authkey=NjBiYitxWUExaGFyZ0s0d092N0ZCQjBOT3VzU0dUeTd1STNYQmY5Rkg2c1dIMjRpN2lROHg5eWZYWnNzSjErczBObHBJdC9PekdyZ3hRUU4xZUlLUFlUTnFuOA%3D%3D&timestamp=1567046047155 yoxwechatbusinessModel::set_user:END
[2019-08-29 10:34:09] trace  /app/ewei_shopv2_api.php?i=2&r=black&comefrom=wxapp&openid=sns_wa_oWJzS5OByKKADbs11e-dizI94IIw&authkey=NjBiYitxWUExaGFyZ0s0d092N0ZCQjBOT3VzU0dUeTd1STNYQmY5Rkg2c1dIMjRpN2lROHg5eWZYWnNzSjErczBObHBJdC9PekdyZ3hRUU4xZUlLUFlUTnFuOA%3D%3D&timestamp=1567046047063 yoxwechatbusinessModel::set_user:BEGIN
[2019-08-29 10:34:09] trace  /app/ewei_shopv2_api.php?i=2&r=black&comefrom=wxapp&openid=sns_wa_oWJzS5OByKKADbs11e-dizI94IIw&authkey=NjBiYitxWUExaGFyZ0s0d092N0ZCQjBOT3VzU0dUeTd1STNYQmY5Rkg2c1dIMjRpN2lROHg5eWZYWnNzSjErczBObHBJdC9PekdyZ3hRUU4xZUlLUFlUTnFuOA%3D%3D&timestamp=1567046047063 yoxwechatbusinessModel::set_user:END
[2019-08-29 10:34:09] trace  /app/ewei_shopv2_api.php?i=2&r=diypage&type=home&comefrom=wxapp&openid=sns_wa_oWJzS5OByKKADbs11e-dizI94IIw&mid=&merchid=&authkey=NjBiYitxWUExaGFyZ0s0d092N0ZCQjBOT3VzU0dUeTd1STNYQmY5Rkg2c1dIMjRpN2lROHg5eWZYWnNzSjErczBObHBJdC9PekdyZ3hRUU4xZUlLUFlUTnFuOA%3D%3D&timestamp=1567046047103 yoxwechatbusinessModel::set_user:BEGIN
[2019-08-29 10:34:09] trace  /app/ewei_shopv2_api.php?i=2&r=diypage&type=home&comefrom=wxapp&openid=sns_wa_oWJzS5OByKKADbs11e-dizI94IIw&mid=&merchid=&authkey=NjBiYitxWUExaGFyZ0s0d092N0ZCQjBOT3VzU0dUeTd1STNYQmY5Rkg2c1dIMjRpN2lROHg5eWZYWnNzSjErczBObHBJdC9PekdyZ3hRUU4xZUlLUFlUTnFuOA%3D%3D&timestamp=1567046047103 yoxwechatbusinessModel::set_user:END
[2019-08-29 10:34:11] trace  /app/ewei_shopv2_api.php?i=2&r=shop.get_cpinfos&comefrom=wxapp&openid=sns_wa_oWJzS5OByKKADbs11e-dizI94IIw&mid=&merchid=&authkey=NjBiYitxWUExaGFyZ0s0d092N0ZCQjBOT3VzU0dUeTd1STNYQmY5Rkg2c1dIMjRpN2lROHg5eWZYWnNzSjErczBObHBJdC9PekdyZ3hRUU4xZUlLUFlUTnFuOA%3D%3D&timestamp=1567046047185 yoxwechatbusinessModel::set_user:BEGIN
[2019-08-29 10:34:11] trace  /app/ewei_shopv2_api.php?i=2&r=shop.get_cpinfos&comefrom=wxapp&openid=sns_wa_oWJzS5OByKKADbs11e-dizI94IIw&mid=&merchid=&authkey=NjBiYitxWUExaGFyZ0s0d092N0ZCQjBOT3VzU0dUeTd1STNYQmY5Rkg2c1dIMjRpN2lROHg5eWZYWnNzSjErczBObHBJdC9PekdyZ3hRUU4xZUlLUFlUTnFuOA%3D%3D&timestamp=1567046047185 yoxwechatbusinessModel::set_user:END
[2019-08-29 10:49:39] trace  /app/ewei_shopv2_api.php?i=2&r=cacheset&version=&comefrom=wxapp&openid=sns_wa_oWJzS5BGw9FJJBiNg5wKMyN3vfFI&mid=&merchid=&authkey=OTJlMCsraDlvWWVab3VHd1VBK3dmQVZhREJSQk1NeEQwOTd0cTVQQ3VId3NPcHFxYk5Pa3YyZW5jVTZhZFdVai9SanVkQnZB&timestamp=1567046976419 yoxwechatbusinessModel::set_user:BEGIN
[2019-08-29 10:49:45] trace  /app/ewei_shopv2_api.php?i=2&r=cacheset&version=&comefrom=wxapp&openid=sns_wa_oWJzS5BGw9FJJBiNg5wKMyN3vfFI&mid=&merchid=&authkey=MWUzNm8rK0dDZHU5Y3NpWndKT21jSXk3MUxYQVJiSXZNUUMxYjV1T0V0dzJ2TUp4OWExeFZVdXd5akdSVUdmRVdBWEY4eE1r&timestamp=1567046978129 yoxwechatbusinessModel::set_user:BEGIN
[2019-08-29 10:50:37] trace  /app/ewei_shopv2_api.php?i=2&r=shop.get_cpinfos&comefrom=wxapp&openid=sns_wa_oWJzS5BGw9FJJBiNg5wKMyN3vfFI&mid=&merchid=&authkey=&timestamp=1567047031909 yoxwechatbusinessModel::set_user:BEGIN
[2019-08-29 10:50:37] trace  /app/ewei_shopv2_api.php?i=2&r=shop.get_hasnewcoupon&comefrom=wxapp&openid=sns_wa_oWJzS5BGw9FJJBiNg5wKMyN3vfFI&mid=&merchid=&authkey=&timestamp=1567047031889 yoxwechatbusinessModel::set_user:BEGIN
[2019-08-29 10:50:37] trace  /app/ewei_shopv2_api.php?i=2&r=shop.get_shopindex&comefrom=wxapp&openid=sns_wa_oWJzS5BGw9FJJBiNg5wKMyN3vfFI&mid=&merchid=&authkey=&timestamp=1567047031850 yoxwechatbusinessModel::set_user:BEGIN
[2019-08-29 10:51:13] trace  /app/ewei_shopv2_api.php?i=2&r=yoxwechatbusiness&isajax=1&comefrom=wxapp&openid=sns_wa_oWJzS5BGw9FJJBiNg5wKMyN3vfFI&mid=&merchid=&authkey=&timestamp=1567047072774 yoxwechatbusinessModel::set_user:BEGIN
[2019-08-29 10:51:13] trace  /app/ewei_shopv2_api.php?i=2&r=bargain.act&comefrom=wxapp&openid=sns_wa_oWJzS5BGw9FJJBiNg5wKMyN3vfFI&mid=&merchid=&authkey=&timestamp=1567047072792 yoxwechatbusinessModel::set_user:BEGIN
[2019-08-29 10:51:17] trace  /app/ewei_shopv2_api.php?i=2&r=black&comefrom=wxapp&openid=sns_wa_oWJzS5BGw9FJJBiNg5wKMyN3vfFI&mid=&merchid=&authkey=&timestamp=1567047076948 yoxwechatbusinessModel::set_user:BEGIN
[2019-08-29 10:51:17] trace  /app/ewei_shopv2_api.php?i=2&r=diypage&type=home&comefrom=wxapp&openid=sns_wa_oWJzS5BGw9FJJBiNg5wKMyN3vfFI&mid=&merchid=&authkey=&timestamp=1567047076988 yoxwechatbusinessModel::set_user:BEGIN
[2019-08-29 10:51:17] trace  /app/ewei_shopv2_api.php?i=2&r=shop.get_shopindex&comefrom=wxapp&openid=sns_wa_oWJzS5BGw9FJJBiNg5wKMyN3vfFI&mid=&merchid=&authkey=&timestamp=1567047077043 yoxwechatbusinessModel::set_user:BEGIN
[2019-08-29 10:51:18] trace  /app/ewei_shopv2_api.php?i=2&r=shop.get_cpinfos&comefrom=wxapp&openid=sns_wa_oWJzS5BGw9FJJBiNg5wKMyN3vfFI&mid=&merchid=&authkey=&timestamp=1567047077094 yoxwechatbusinessModel::set_user:BEGIN
[2019-08-29 10:51:18] trace  /app/ewei_shopv2_api.php?i=2&r=shop.get_hasnewcoupon&comefrom=wxapp&openid=sns_wa_oWJzS5BGw9FJJBiNg5wKMyN3vfFI&mid=&merchid=&authkey=&timestamp=1567047077070 yoxwechatbusinessModel::set_user:BEGIN
[2019-08-29 10:51:22] trace  /app/ewei_shopv2_api.php?i=2&r=yoxwechatbusiness&isajax=1&comefrom=wxapp&openid=sns_wa_oWJzS5BGw9FJJBiNg5wKMyN3vfFI&mid=&merchid=&authkey=&timestamp=1567047081420 yoxwechatbusinessModel::set_user:BEGIN
[2019-08-29 10:51:22] trace  /app/ewei_shopv2_api.php?i=2&r=bargain.act&comefrom=wxapp&openid=sns_wa_oWJzS5BGw9FJJBiNg5wKMyN3vfFI&mid=&merchid=&authkey=&timestamp=1567047081433 yoxwechatbusinessModel::set_user:BEGIN
[2019-08-29 10:51:31] trace  /app/ewei_shopv2_api.php?i=2&r=black&comefrom=wxapp&openid=sns_wa_oWJzS5BGw9FJJBiNg5wKMyN3vfFI&mid=&merchid=&authkey=&timestamp=1567047091206 yoxwechatbusinessModel::set_user:BEGIN
[2019-08-29 10:51:32] trace  /app/ewei_shopv2_api.php?i=2&r=diypage&type=home&comefrom=wxapp&openid=sns_wa_oWJzS5BGw9FJJBiNg5wKMyN3vfFI&mid=&merchid=&authkey=&timestamp=1567047091249 yoxwechatbusinessModel::set_user:BEGIN
[2019-08-29 10:51:32] trace  /app/ewei_shopv2_api.php?i=2&r=shop.get_shopindex&comefrom=wxapp&openid=sns_wa_oWJzS5BGw9FJJBiNg5wKMyN3vfFI&mid=&merchid=&authkey=&timestamp=1567047091301 yoxwechatbusinessModel::set_user:BEGIN
[2019-08-29 10:51:32] trace  /app/ewei_shopv2_api.php?i=2&r=shop.get_hasnewcoupon&comefrom=wxapp&openid=sns_wa_oWJzS5BGw9FJJBiNg5wKMyN3vfFI&mid=&merchid=&authkey=&timestamp=1567047091325 yoxwechatbusinessModel::set_user:BEGIN
[2019-08-29 10:51:32] trace  /app/ewei_shopv2_api.php?i=2&r=shop.get_cpinfos&comefrom=wxapp&openid=sns_wa_oWJzS5BGw9FJJBiNg5wKMyN3vfFI&mid=&merchid=&authkey=&timestamp=1567047091348 yoxwechatbusinessModel::set_user:BEGIN
