[2019-06-29 09:42:38] trace  /app/ewei_shopv2_api.php?i=2&r=cacheset&version=&comefrom=wxapp&openid=sns_wa_oWJzS5Ak51G9M881eXJ2gvCLiwUo&authkey=MDNmZmxyVzhBcVk4WVJKcHR2cEZyRG1qc0tlMGlzUzVrUDZmN2hTVWdKejBia0xPMVEyRTFKVFd5OS92TDJVYnZ0a2JWUlJpbFhsV2YzY3BKVzlka3BaU3NnYw%3D%3D&timestamp=1561772559769 yoxwechatbusinessModel::set_user:BEGIN
[2019-06-29 09:42:38] trace  /app/ewei_shopv2_api.php?i=2&r=cacheset&version=&comefrom=wxapp&openid=sns_wa_oWJzS5Ak51G9M881eXJ2gvCLiwUo&authkey=MDNmZmxyVzhBcVk4WVJKcHR2cEZyRG1qc0tlMGlzUzVrUDZmN2hTVWdKejBia0xPMVEyRTFKVFd5OS92TDJVYnZ0a2JWUlJpbFhsV2YzY3BKVzlka3BaU3NnYw%3D%3D&timestamp=1561772559769 yoxwechatbusinessModel::set_user:END
[2019-06-29 09:42:38] trace  /app/ewei_shopv2_api.php?i=2&r=cacheset&version=&comefrom=wxapp&openid=sns_wa_oWJzS5Ak51G9M881eXJ2gvCLiwUo&authkey=MDNmZmxyVzhBcVk4WVJKcHR2cEZyRG1qc0tlMGlzUzVrUDZmN2hTVWdKejBia0xPMVEyRTFKVFd5OS92TDJVYnZ0a2JWUlJpbFhsV2YzY3BKVzlka3BaU3NnYw%3D%3D&timestamp=1561772559896 yoxwechatbusinessModel::set_user:BEGIN
[2019-06-29 09:42:38] trace  /app/ewei_shopv2_api.php?i=2&r=cacheset&version=&comefrom=wxapp&openid=sns_wa_oWJzS5Ak51G9M881eXJ2gvCLiwUo&authkey=MDNmZmxyVzhBcVk4WVJKcHR2cEZyRG1qc0tlMGlzUzVrUDZmN2hTVWdKejBia0xPMVEyRTFKVFd5OS92TDJVYnZ0a2JWUlJpbFhsV2YzY3BKVzlka3BaU3NnYw%3D%3D&timestamp=1561772559896 yoxwechatbusinessModel::set_user:END
[2019-06-29 09:42:38] trace  /app/ewei_shopv2_api.php?i=2&r=yoxwechatbusiness.user.invited_result&isajax=1&inviteuid=105&invitationcode=X2X105&comefrom=wxapp&openid=sns_wa_oWJzS5Ak51G9M881eXJ2gvCLiwUo&authkey=MDNmZmxyVzhBcVk4WVJKcHR2cEZyRG1qc0tlMGlzUzVrUDZmN2hTVWdKejBia0xPMVEyRTFKVFd5OS92TDJVYnZ0a2JWUlJpbFhsV2YzY3BKVzlka3BaU3NnYw%3D%3D&timestamp=1561772560042 yoxwechatbusinessModel::set_user:BEGIN
[2019-06-29 09:42:38] trace  /app/ewei_shopv2_api.php?i=2&r=yoxwechatbusiness.user.invited_result&isajax=1&inviteuid=105&invitationcode=X2X105&comefrom=wxapp&openid=sns_wa_oWJzS5Ak51G9M881eXJ2gvCLiwUo&authkey=MDNmZmxyVzhBcVk4WVJKcHR2cEZyRG1qc0tlMGlzUzVrUDZmN2hTVWdKejBia0xPMVEyRTFKVFd5OS92TDJVYnZ0a2JWUlJpbFhsV2YzY3BKVzlka3BaU3NnYw%3D%3D&timestamp=1561772560042 yoxwechatbusinessModel::set_user:该用户已在微商模块中330
[2019-06-29 10:38:15] trace  /app/ewei_shopv2_api.php?i=2&r=cacheset&version=&comefrom=wxapp&openid=sns_wa_oWJzS5BUsjjxPazfQ7pXPZ3Iseao&mid=&merchid=&authkey=ZDVhY3NyN3RKdHhIaWZrNTl4ZEMvdm4zK05tb0ZtSkxlMkFUcGZGaUg4V3BvNXNDUVhyeFlpNjdHaWhrZUZvYWVBNWhhbXNr&timestamp=1561775896351 yoxwechatbusinessModel::set_user:BEGIN
[2019-06-29 10:38:15] trace  /app/ewei_shopv2_api.php?i=2&r=cacheset&version=&comefrom=wxapp&openid=sns_wa_oWJzS5BUsjjxPazfQ7pXPZ3Iseao&mid=&merchid=&authkey=OWIyYk5jZ2ZZOXEzNi9tbHVrdzZzaTcxcVFDVnZaa3ZwRjc0QmJ0L3Bkb25Ma2YyemVQL1V5eSt4eERnSkUzdVQ5MEJBUHJz&timestamp=1561775896443 yoxwechatbusinessModel::set_user:BEGIN
[2019-06-29 10:38:20] trace  /app/ewei_shopv2_api.php?i=2&r=shop.get_cpinfos&comefrom=wxapp&openid=sns_wa_oWJzS5BUsjjxPazfQ7pXPZ3Iseao&mid=&merchid=&authkey=&timestamp=1561775901132 yoxwechatbusinessModel::set_user:BEGIN
[2019-06-29 10:38:20] trace  /app/ewei_shopv2_api.php?i=2&r=shop.get_hasnewcoupon&comefrom=wxapp&openid=sns_wa_oWJzS5BUsjjxPazfQ7pXPZ3Iseao&mid=&merchid=&authkey=&timestamp=1561775901116 yoxwechatbusinessModel::set_user:BEGIN
[2019-06-29 10:38:20] trace  /app/ewei_shopv2_api.php?i=2&r=shop.get_shopindex&comefrom=wxapp&openid=sns_wa_oWJzS5BUsjjxPazfQ7pXPZ3Iseao&mid=&merchid=&authkey=&timestamp=1561775901096 yoxwechatbusinessModel::set_user:BEGIN
[2019-06-29 10:38:20] trace  /app/ewei_shopv2_api.php?i=2&r=black&comefrom=wxapp&openid=sns_wa_oWJzS5BUsjjxPazfQ7pXPZ3Iseao&mid=&merchid=&authkey=&timestamp=1561775901015 yoxwechatbusinessModel::set_user:BEGIN
[2019-06-29 10:38:20] trace  /app/ewei_shopv2_api.php?i=2&r=diypage&type=home&comefrom=wxapp&openid=sns_wa_oWJzS5BUsjjxPazfQ7pXPZ3Iseao&mid=&merchid=&authkey=&timestamp=1561775901050 yoxwechatbusinessModel::set_user:BEGIN
[2019-06-29 10:38:20] trace  /app/ewei_shopv2_api.php?i=2&r=shop.get_hasnewcoupon&comefrom=wxapp&openid=sns_wa_oWJzS5BUsjjxPazfQ7pXPZ3Iseao&mid=&merchid=&authkey=&timestamp=1561775901589 yoxwechatbusinessModel::set_user:BEGIN
[2019-06-29 10:38:20] trace  /app/ewei_shopv2_api.php?i=2&r=diypage&type=home&comefrom=wxapp&openid=sns_wa_oWJzS5BUsjjxPazfQ7pXPZ3Iseao&mid=&merchid=&authkey=&timestamp=1561775901536 yoxwechatbusinessModel::set_user:BEGIN
[2019-06-29 10:38:20] trace  /app/ewei_shopv2_api.php?i=2&r=shop.get_cpinfos&comefrom=wxapp&openid=sns_wa_oWJzS5BUsjjxPazfQ7pXPZ3Iseao&mid=&merchid=&authkey=&timestamp=1561775901604 yoxwechatbusinessModel::set_user:BEGIN
[2019-06-29 10:38:20] trace  /app/ewei_shopv2_api.php?i=2&r=shop.get_shopindex&comefrom=wxapp&openid=sns_wa_oWJzS5BUsjjxPazfQ7pXPZ3Iseao&mid=&merchid=&authkey=&timestamp=1561775901574 yoxwechatbusinessModel::set_user:BEGIN
[2019-06-29 10:38:20] trace  /app/ewei_shopv2_api.php?i=2&r=black&comefrom=wxapp&openid=sns_wa_oWJzS5BUsjjxPazfQ7pXPZ3Iseao&mid=&merchid=&authkey=&timestamp=1561775901502 yoxwechatbusinessModel::set_user:BEGIN
[2019-06-29 10:38:32] trace  /app/ewei_shopv2_api.php?i=2&r=black&comefrom=wxapp&openid=sns_wa_oWJzS5BUsjjxPazfQ7pXPZ3Iseao&mid=&merchid=&authkey=&timestamp=1561775913165 yoxwechatbusinessModel::set_user:BEGIN
[2019-06-29 10:38:32] trace  /app/ewei_shopv2_api.php?i=2&r=diypage&type=goodsdetail&comefrom=wxapp&openid=sns_wa_oWJzS5BUsjjxPazfQ7pXPZ3Iseao&mid=&merchid=&authkey=&timestamp=1561775913181 yoxwechatbusinessModel::set_user:BEGIN
[2019-06-29 10:38:35] trace  /app/ewei_shopv2_api.php?i=2&r=goods.get_detail&id=63&comefrom=wxapp&openid=sns_wa_oWJzS5BUsjjxPazfQ7pXPZ3Iseao&mid=&merchid=&authkey=ZWRlZDhLZTV0anJXNXduZ2s3dGh1dUJPcGl3aXdXaUgydXR4ekZ5dzVtamZWWG5qNlBFazkzZHZ2bDMzZG15Y0hEYlhYc2F1UTJUQUNURjJhZkY0b0xWT0h5TQ%3D%3D&timestamp=1561775916594 yoxwechatbusinessModel::set_user:BEGIN
[2019-06-29 10:38:35] trace  /app/ewei_shopv2_api.php?i=2&r=goods.get_detail&id=63&comefrom=wxapp&openid=sns_wa_oWJzS5BUsjjxPazfQ7pXPZ3Iseao&mid=&merchid=&authkey=ZWRlZDhLZTV0anJXNXduZ2s3dGh1dUJPcGl3aXdXaUgydXR4ekZ5dzVtamZWWG5qNlBFazkzZHZ2bDMzZG15Y0hEYlhYc2F1UTJUQUNURjJhZkY0b0xWT0h5TQ%3D%3D&timestamp=1561775916594 yoxwechatbusinessModel::set_user:END
[2019-06-29 10:38:37] trace  /app/ewei_shopv2_api.php?i=2&r=package.get_list&goodsid=63&comefrom=wxapp&openid=sns_wa_oWJzS5BUsjjxPazfQ7pXPZ3Iseao&mid=&merchid=&authkey=&timestamp=1561775917949 yoxwechatbusinessModel::set_user:BEGIN
[2019-06-29 10:38:37] trace  /app/ewei_shopv2_api.php?i=2&r=package.get_list&goodsid=63&comefrom=wxapp&openid=sns_wa_oWJzS5BUsjjxPazfQ7pXPZ3Iseao&mid=&merchid=&authkey=&timestamp=1561775917949 yoxwechatbusinessModel::set_user:END
[2019-06-29 10:38:37] trace  /app/ewei_shopv2_api.php?i=2&r=goods.get_comments&id=63&comefrom=wxapp&openid=sns_wa_oWJzS5BUsjjxPazfQ7pXPZ3Iseao&mid=&merchid=&authkey=&timestamp=1561775918170 yoxwechatbusinessModel::set_user:BEGIN
[2019-06-29 10:38:37] trace  /app/ewei_shopv2_api.php?i=2&r=goods.get_comments&id=63&comefrom=wxapp&openid=sns_wa_oWJzS5BUsjjxPazfQ7pXPZ3Iseao&mid=&merchid=&authkey=&timestamp=1561775918170 yoxwechatbusinessModel::set_user:END
[2019-06-29 10:38:44] trace  /app/ewei_shopv2_api.php?i=2&r=shop.get_shopindex&comefrom=wxapp&openid=sns_wa_oWJzS5BUsjjxPazfQ7pXPZ3Iseao&mid=&merchid=&authkey=&timestamp=1561775924886 yoxwechatbusinessModel::set_user:BEGIN
[2019-06-29 10:38:44] trace  /app/ewei_shopv2_api.php?i=2&r=shop.get_shopindex&comefrom=wxapp&openid=sns_wa_oWJzS5BUsjjxPazfQ7pXPZ3Iseao&mid=&merchid=&authkey=&timestamp=1561775924886 yoxwechatbusinessModel::set_user:END
[2019-06-29 10:38:44] trace  /app/ewei_shopv2_api.php?i=2&r=shop.get_cpinfos&comefrom=wxapp&openid=sns_wa_oWJzS5BUsjjxPazfQ7pXPZ3Iseao&mid=&merchid=&authkey=&timestamp=1561775924923 yoxwechatbusinessModel::set_user:BEGIN
[2019-06-29 10:38:44] trace  /app/ewei_shopv2_api.php?i=2&r=shop.get_hasnewcoupon&comefrom=wxapp&openid=sns_wa_oWJzS5BUsjjxPazfQ7pXPZ3Iseao&mid=&merchid=&authkey=&timestamp=1561775924907 yoxwechatbusinessModel::set_user:BEGIN
[2019-06-29 10:38:44] trace  /app/ewei_shopv2_api.php?i=2&r=shop.get_cpinfos&comefrom=wxapp&openid=sns_wa_oWJzS5BUsjjxPazfQ7pXPZ3Iseao&mid=&merchid=&authkey=&timestamp=1561775924923 yoxwechatbusinessModel::set_user:END
[2019-06-29 10:38:44] trace  /app/ewei_shopv2_api.php?i=2&r=shop.get_hasnewcoupon&comefrom=wxapp&openid=sns_wa_oWJzS5BUsjjxPazfQ7pXPZ3Iseao&mid=&merchid=&authkey=&timestamp=1561775924907 yoxwechatbusinessModel::set_user:END
[2019-06-29 10:39:09] trace  /app/ewei_shopv2_api.php?i=2&r=diypage&id=7&comefrom=wxapp&openid=sns_wa_oWJzS5BUsjjxPazfQ7pXPZ3Iseao&mid=&merchid=&authkey=&timestamp=1561775950001 yoxwechatbusinessModel::set_user:BEGIN
[2019-06-29 10:39:09] trace  /app/ewei_shopv2_api.php?i=2&r=diypage&id=7&comefrom=wxapp&openid=sns_wa_oWJzS5BUsjjxPazfQ7pXPZ3Iseao&mid=&merchid=&authkey=&timestamp=1561775950001 yoxwechatbusinessModel::set_user:END
[2019-06-29 10:39:09] trace  /app/ewei_shopv2_api.php?i=2&r=diypage&type=7&comefrom=wxapp&openid=sns_wa_oWJzS5BUsjjxPazfQ7pXPZ3Iseao&mid=&merchid=&authkey=&timestamp=1561775949953 yoxwechatbusinessModel::set_user:BEGIN
[2019-06-29 10:39:09] trace  /app/ewei_shopv2_api.php?i=2&r=diypage&type=7&comefrom=wxapp&openid=sns_wa_oWJzS5BUsjjxPazfQ7pXPZ3Iseao&mid=&merchid=&authkey=&timestamp=1561775949953 yoxwechatbusinessModel::set_user:END
[2019-06-29 10:39:20] trace  /app/ewei_shopv2_api.php?i=2&r=yoxdiy.template_list&isajax=1&comefrom=wxapp&openid=sns_wa_oWJzS5BUsjjxPazfQ7pXPZ3Iseao&mid=&merchid=&authkey=&timestamp=1561775960665 yoxwechatbusinessModel::set_user:BEGIN
[2019-06-29 10:39:20] trace  /app/ewei_shopv2_api.php?i=2&r=yoxdiy.template_list&isajax=1&comefrom=wxapp&openid=sns_wa_oWJzS5BUsjjxPazfQ7pXPZ3Iseao&mid=&merchid=&authkey=&timestamp=1561775960665 yoxwechatbusinessModel::set_user:END
[2019-06-29 10:39:29] trace  /app/ewei_shopv2_api.php?i=2&r=diypage&id=7&comefrom=wxapp&openid=sns_wa_oWJzS5BUsjjxPazfQ7pXPZ3Iseao&mid=&merchid=&authkey=&timestamp=1561775969849 yoxwechatbusinessModel::set_user:BEGIN
[2019-06-29 10:39:29] trace  /app/ewei_shopv2_api.php?i=2&r=diypage&id=7&comefrom=wxapp&openid=sns_wa_oWJzS5BUsjjxPazfQ7pXPZ3Iseao&mid=&merchid=&authkey=&timestamp=1561775969849 yoxwechatbusinessModel::set_user:END
[2019-06-29 10:39:29] trace  /app/ewei_shopv2_api.php?i=2&r=shop.get_shopindex&comefrom=wxapp&openid=sns_wa_oWJzS5BUsjjxPazfQ7pXPZ3Iseao&mid=&merchid=&authkey=&timestamp=1561775970398 yoxwechatbusinessModel::set_user:BEGIN
[2019-06-29 10:39:29] trace  /app/ewei_shopv2_api.php?i=2&r=shop.get_shopindex&comefrom=wxapp&openid=sns_wa_oWJzS5BUsjjxPazfQ7pXPZ3Iseao&mid=&merchid=&authkey=&timestamp=1561775970398 yoxwechatbusinessModel::set_user:END
[2019-06-29 10:39:29] trace  /app/ewei_shopv2_api.php?i=2&r=shop.get_hasnewcoupon&comefrom=wxapp&openid=sns_wa_oWJzS5BUsjjxPazfQ7pXPZ3Iseao&mid=&merchid=&authkey=&timestamp=1561775970420 yoxwechatbusinessModel::set_user:BEGIN
[2019-06-29 10:39:29] trace  /app/ewei_shopv2_api.php?i=2&r=shop.get_hasnewcoupon&comefrom=wxapp&openid=sns_wa_oWJzS5BUsjjxPazfQ7pXPZ3Iseao&mid=&merchid=&authkey=&timestamp=1561775970420 yoxwechatbusinessModel::set_user:END
[2019-06-29 10:39:29] trace  /app/ewei_shopv2_api.php?i=2&r=shop.get_cpinfos&comefrom=wxapp&openid=sns_wa_oWJzS5BUsjjxPazfQ7pXPZ3Iseao&mid=&merchid=&authkey=&timestamp=1561775970442 yoxwechatbusinessModel::set_user:BEGIN
[2019-06-29 10:39:29] trace  /app/ewei_shopv2_api.php?i=2&r=shop.get_cpinfos&comefrom=wxapp&openid=sns_wa_oWJzS5BUsjjxPazfQ7pXPZ3Iseao&mid=&merchid=&authkey=&timestamp=1561775970442 yoxwechatbusinessModel::set_user:END
[2019-06-29 10:56:26] trace  /app/ewei_shopv2_api.php?i=2&r=cacheset&version=&comefrom=wxapp&openid=sns_wa_oWJzS5K_nVjsOKvAk-8ruqyaNdSk&mid=&merchid=&authkey=NWQwMW4rMElkU1JGcmFrRkZYRTJ3aGF1Ync2RjFMc1lmRmM2czlqcC84dmhnYWUzUzVVRS85MWg1V2lxaE5CNjg4WHZBejQx&timestamp=1561776986257 yoxwechatbusinessModel::set_user:BEGIN
[2019-06-29 10:56:26] trace  /app/ewei_shopv2_api.php?i=2&r=cacheset&version=&comefrom=wxapp&openid=sns_wa_oWJzS5K_nVjsOKvAk-8ruqyaNdSk&mid=&merchid=&authkey=MDIzMzlUcDNaS1RsWjdXM2JMM0hSNDBVM01rVWVCVnJINk9HUU1kSE9HUnpZQkZkV0hoTGdFZkZpWWNCSzF2WEdDWDZHZFpz&timestamp=1561776986511 yoxwechatbusinessModel::set_user:BEGIN
[2019-06-29 10:56:29] trace  /app/ewei_shopv2_api.php?i=2&r=black&comefrom=wxapp&openid=sns_wa_oWJzS5K_nVjsOKvAk-8ruqyaNdSk&mid=&merchid=&authkey=&timestamp=1561776989171 yoxwechatbusinessModel::set_user:BEGIN
[2019-06-29 10:56:29] trace  /app/ewei_shopv2_api.php?i=2&r=diypage&type=home&comefrom=wxapp&openid=sns_wa_oWJzS5K_nVjsOKvAk-8ruqyaNdSk&mid=&merchid=&authkey=&timestamp=1561776989206 yoxwechatbusinessModel::set_user:BEGIN
[2019-06-29 10:56:29] trace  /app/ewei_shopv2_api.php?i=2&r=shop.get_hasnewcoupon&comefrom=wxapp&openid=sns_wa_oWJzS5K_nVjsOKvAk-8ruqyaNdSk&mid=&merchid=&authkey=&timestamp=1561776989275 yoxwechatbusinessModel::set_user:BEGIN
[2019-06-29 10:56:29] trace  /app/ewei_shopv2_api.php?i=2&r=shop.get_cpinfos&comefrom=wxapp&openid=sns_wa_oWJzS5K_nVjsOKvAk-8ruqyaNdSk&mid=&merchid=&authkey=&timestamp=1561776989285 yoxwechatbusinessModel::set_user:BEGIN
[2019-06-29 10:56:29] trace  /app/ewei_shopv2_api.php?i=2&r=shop.get_shopindex&comefrom=wxapp&openid=sns_wa_oWJzS5K_nVjsOKvAk-8ruqyaNdSk&mid=&merchid=&authkey=&timestamp=1561776989258 yoxwechatbusinessModel::set_user:BEGIN
[2019-06-29 10:56:38] trace  /app/ewei_shopv2_api.php?i=2&r=yoxwechatbusiness&isajax=1&comefrom=wxapp&openid=sns_wa_oWJzS5K_nVjsOKvAk-8ruqyaNdSk&mid=&merchid=&authkey=&timestamp=1561776997426 yoxwechatbusinessModel::set_user:BEGIN
[2019-06-29 10:56:38] trace  /app/ewei_shopv2_api.php?i=2&r=bargain.act&comefrom=wxapp&openid=sns_wa_oWJzS5K_nVjsOKvAk-8ruqyaNdSk&mid=&merchid=&authkey=&timestamp=1561776997453 yoxwechatbusinessModel::set_user:BEGIN
[2019-06-29 10:56:46] trace  /app/ewei_shopv2_api.php?i=2&r=yoxwechatbusiness.certificate.certificate_list&isajax=1&page=1&comefrom=wxapp&openid=sns_wa_oWJzS5K_nVjsOKvAk-8ruqyaNdSk&mid=&merchid=&authkey=&timestamp=1561777005940 yoxwechatbusinessModel::set_user:BEGIN
[2019-06-29 10:56:59] trace  /app/ewei_shopv2_api.php?i=2&r=shop.get_shopindex&comefrom=wxapp&openid=sns_wa_oWJzS5K_nVjsOKvAk-8ruqyaNdSk&mid=&merchid=&authkey=&timestamp=1561777019105 yoxwechatbusinessModel::set_user:BEGIN
[2019-06-29 10:56:59] trace  /app/ewei_shopv2_api.php?i=2&r=shop.get_cpinfos&comefrom=wxapp&openid=sns_wa_oWJzS5K_nVjsOKvAk-8ruqyaNdSk&mid=&merchid=&authkey=&timestamp=1561777019117 yoxwechatbusinessModel::set_user:BEGIN
[2019-06-29 10:56:59] trace  /app/ewei_shopv2_api.php?i=2&r=shop.get_hasnewcoupon&comefrom=wxapp&openid=sns_wa_oWJzS5K_nVjsOKvAk-8ruqyaNdSk&mid=&merchid=&authkey=&timestamp=1561777019111 yoxwechatbusinessModel::set_user:BEGIN
[2019-06-29 10:57:14] trace  /app/ewei_shopv2_api.php?i=2&r=shop.get_category&comefrom=wxapp&openid=sns_wa_oWJzS5K_nVjsOKvAk-8ruqyaNdSk&mid=&merchid=&authkey=&timestamp=1561777034266 yoxwechatbusinessModel::set_user:BEGIN
[2019-06-29 10:57:22] trace  /app/ewei_shopv2_api.php?i=2&r=shop.get_shopindex&comefrom=wxapp&openid=sns_wa_oWJzS5K_nVjsOKvAk-8ruqyaNdSk&mid=&merchid=&authkey=&timestamp=1561777041551 yoxwechatbusinessModel::set_user:BEGIN
[2019-06-29 10:57:22] trace  /app/ewei_shopv2_api.php?i=2&r=shop.get_hasnewcoupon&comefrom=wxapp&openid=sns_wa_oWJzS5K_nVjsOKvAk-8ruqyaNdSk&mid=&merchid=&authkey=&timestamp=1561777041556 yoxwechatbusinessModel::set_user:BEGIN
[2019-06-29 10:57:22] trace  /app/ewei_shopv2_api.php?i=2&r=shop.get_cpinfos&comefrom=wxapp&openid=sns_wa_oWJzS5K_nVjsOKvAk-8ruqyaNdSk&mid=&merchid=&authkey=&timestamp=1561777041560 yoxwechatbusinessModel::set_user:BEGIN
[2019-06-29 10:57:25] trace  /app/ewei_shopv2_api.php?i=2&r=shop.get_shopindex&comefrom=wxapp&openid=sns_wa_oWJzS5K_nVjsOKvAk-8ruqyaNdSk&mid=&merchid=&authkey=&timestamp=1561777044742 yoxwechatbusinessModel::set_user:BEGIN
[2019-06-29 10:57:25] trace  /app/ewei_shopv2_api.php?i=2&r=shop.get_cpinfos&comefrom=wxapp&openid=sns_wa_oWJzS5K_nVjsOKvAk-8ruqyaNdSk&mid=&merchid=&authkey=&timestamp=1561777044761 yoxwechatbusinessModel::set_user:BEGIN
[2019-06-29 10:57:25] trace  /app/ewei_shopv2_api.php?i=2&r=shop.get_hasnewcoupon&comefrom=wxapp&openid=sns_wa_oWJzS5K_nVjsOKvAk-8ruqyaNdSk&mid=&merchid=&authkey=&timestamp=1561777044754 yoxwechatbusinessModel::set_user:BEGIN
[2019-06-29 11:30:51] trace  /app/ewei_shopv2_api.php?i=2&r=black&comefrom=wxapp&openid=sns_wa_oWJzS5I4SwtIvnavadWO1lOR7lAw&authkey=&timestamp=1561779050871 yoxwechatbusinessModel::set_user:BEGIN
[2019-06-29 11:30:51] trace  /app/ewei_shopv2_api.php?i=2&r=shop.get_hasnewcoupon&comefrom=wxapp&openid=sns_wa_oWJzS5I4SwtIvnavadWO1lOR7lAw&mid=&merchid=&authkey=&timestamp=1561779050989 yoxwechatbusinessModel::set_user:BEGIN
[2019-06-29 11:30:51] trace  /app/ewei_shopv2_api.php?i=2&r=shop.get_cpinfos&comefrom=wxapp&openid=sns_wa_oWJzS5I4SwtIvnavadWO1lOR7lAw&mid=&merchid=&authkey=&timestamp=1561779050997 yoxwechatbusinessModel::set_user:BEGIN
[2019-06-29 11:30:51] trace  /app/ewei_shopv2_api.php?i=2&r=black&comefrom=wxapp&openid=sns_wa_oWJzS5I4SwtIvnavadWO1lOR7lAw&authkey=&timestamp=1561779050871 yoxwechatbusinessModel::set_user:END
[2019-06-29 11:30:51] trace  /app/ewei_shopv2_api.php?i=2&r=shop.get_hasnewcoupon&comefrom=wxapp&openid=sns_wa_oWJzS5I4SwtIvnavadWO1lOR7lAw&mid=&merchid=&authkey=&timestamp=1561779050989 yoxwechatbusinessModel::set_user:END
[2019-06-29 11:30:51] trace  /app/ewei_shopv2_api.php?i=2&r=shop.get_cpinfos&comefrom=wxapp&openid=sns_wa_oWJzS5I4SwtIvnavadWO1lOR7lAw&mid=&merchid=&authkey=&timestamp=1561779050997 yoxwechatbusinessModel::set_user:END
[2019-06-29 11:30:51] trace  /app/ewei_shopv2_api.php?i=2&r=shop.get_shopindex&comefrom=wxapp&openid=sns_wa_oWJzS5I4SwtIvnavadWO1lOR7lAw&mid=&merchid=&authkey=&timestamp=1561779050942 yoxwechatbusinessModel::set_user:BEGIN
[2019-06-29 11:30:51] trace  /app/ewei_shopv2_api.php?i=2&r=shop.get_shopindex&comefrom=wxapp&openid=sns_wa_oWJzS5I4SwtIvnavadWO1lOR7lAw&mid=&merchid=&authkey=&timestamp=1561779050942 yoxwechatbusinessModel::set_user:END
[2019-06-29 11:30:51] trace  /app/ewei_shopv2_api.php?i=2&r=diypage&type=home&comefrom=wxapp&openid=sns_wa_oWJzS5I4SwtIvnavadWO1lOR7lAw&mid=&merchid=&authkey=&timestamp=1561779050891 yoxwechatbusinessModel::set_user:BEGIN
[2019-06-29 11:30:51] trace  /app/ewei_shopv2_api.php?i=2&r=diypage&type=home&comefrom=wxapp&openid=sns_wa_oWJzS5I4SwtIvnavadWO1lOR7lAw&mid=&merchid=&authkey=&timestamp=1561779050891 yoxwechatbusinessModel::set_user:END
[2019-06-29 11:30:59] trace  /app/ewei_shopv2_api.php?i=2&r=groups&comefrom=wxapp&openid=sns_wa_oWJzS5I4SwtIvnavadWO1lOR7lAw&mid=&merchid=&authkey=MjViZXpvVUxobmlHVy9NMDJKSVZURkxqVytENWRhb2JQdDNwbUFGeC81SURwKzdnTjVBRkhEUkhUcWtZMG9rVU9kQXZSY3RYdG53VWF6bzJWUHNLWHZOdzlzOA%3D%3D&timestamp=1561779058572 yoxwechatbusinessModel::set_user:BEGIN
[2019-06-29 11:30:59] trace  /app/ewei_shopv2_api.php?i=2&r=groups&comefrom=wxapp&openid=sns_wa_oWJzS5I4SwtIvnavadWO1lOR7lAw&mid=&merchid=&authkey=MjViZXpvVUxobmlHVy9NMDJKSVZURkxqVytENWRhb2JQdDNwbUFGeC81SURwKzdnTjVBRkhEUkhUcWtZMG9rVU9kQXZSY3RYdG53VWF6bzJWUHNLWHZOdzlzOA%3D%3D&timestamp=1561779058572 yoxwechatbusinessModel::set_user:END
[2019-06-29 11:31:00] trace  /app/ewei_shopv2_api.php?i=2&r=groups.list&timestamp=1561779060735 category=; page=1; comefrom=wxapp; openid=sns_wa_oWJzS5I4SwtIvnavadWO1lOR7lAw; mid=; merchid=; authkey=; 
yoxwechatbusinessModel::set_user:BEGIN
[2019-06-29 11:31:00] trace  /app/ewei_shopv2_api.php?i=2&r=groups.list&timestamp=1561779060735 category=; page=1; comefrom=wxapp; openid=sns_wa_oWJzS5I4SwtIvnavadWO1lOR7lAw; mid=; merchid=; authkey=; 
yoxwechatbusinessModel::set_user:END
[2019-06-29 11:31:02] trace  /app/ewei_shopv2_api.php?i=2&r=groups.list&timestamp=1561779062343 category=; page=1; comefrom=wxapp; openid=sns_wa_oWJzS5I4SwtIvnavadWO1lOR7lAw; mid=; merchid=; authkey=; 
yoxwechatbusinessModel::set_user:BEGIN
[2019-06-29 11:31:02] trace  /app/ewei_shopv2_api.php?i=2&r=groups.list&timestamp=1561779062343 category=; page=1; comefrom=wxapp; openid=sns_wa_oWJzS5I4SwtIvnavadWO1lOR7lAw; mid=; merchid=; authkey=; 
yoxwechatbusinessModel::set_user:END
[2019-06-29 11:31:06] trace  /app/ewei_shopv2_api.php?i=2&r=groups&comefrom=wxapp&openid=sns_wa_oWJzS5I4SwtIvnavadWO1lOR7lAw&mid=&merchid=&authkey=&timestamp=1561779065479 yoxwechatbusinessModel::set_user:BEGIN
[2019-06-29 11:31:06] trace  /app/ewei_shopv2_api.php?i=2&r=groups&comefrom=wxapp&openid=sns_wa_oWJzS5I4SwtIvnavadWO1lOR7lAw&mid=&merchid=&authkey=&timestamp=1561779065479 yoxwechatbusinessModel::set_user:END
[2019-06-29 11:31:07] trace  /app/ewei_shopv2_api.php?i=2&r=groups.list&timestamp=1561779066854 category=; page=1; comefrom=wxapp; openid=sns_wa_oWJzS5I4SwtIvnavadWO1lOR7lAw; mid=; merchid=; authkey=; 
yoxwechatbusinessModel::set_user:BEGIN
[2019-06-29 11:31:07] trace  /app/ewei_shopv2_api.php?i=2&r=groups.list&timestamp=1561779066854 category=; page=1; comefrom=wxapp; openid=sns_wa_oWJzS5I4SwtIvnavadWO1lOR7lAw; mid=; merchid=; authkey=; 
yoxwechatbusinessModel::set_user:END
[2019-06-29 11:31:08] trace  /app/ewei_shopv2_api.php?i=2&r=groups&comefrom=wxapp&openid=sns_wa_oWJzS5I4SwtIvnavadWO1lOR7lAw&mid=&merchid=&authkey=&timestamp=1561779068217 yoxwechatbusinessModel::set_user:BEGIN
[2019-06-29 11:31:08] trace  /app/ewei_shopv2_api.php?i=2&r=groups&comefrom=wxapp&openid=sns_wa_oWJzS5I4SwtIvnavadWO1lOR7lAw&mid=&merchid=&authkey=&timestamp=1561779068217 yoxwechatbusinessModel::set_user:END
[2019-06-29 11:31:23] trace  /app/ewei_shopv2_api.php?i=2&r=black&comefrom=wxapp&openid=sns_wa_oWJzS5K_nVjsOKvAk-8ruqyaNdSk&mid=&merchid=&authkey=NGNkMzQ0aGJBbnZIOE42eU9NZVhsYmxEWisrNDVQbXEyTUpBMVV6eW9xblBnWGhGb0NmTnlxRVBxN3NZbTV0ZjN4dlVVOVlZc1ZtVnIyY0I3L2MwVHpNZ0FRcw%3D%3D&timestamp=1561779083079 yoxwechatbusinessModel::set_user:BEGIN
[2019-06-29 11:31:23] trace  /app/ewei_shopv2_api.php?i=2&r=black&comefrom=wxapp&openid=sns_wa_oWJzS5K_nVjsOKvAk-8ruqyaNdSk&mid=&merchid=&authkey=NGNkMzQ0aGJBbnZIOE42eU9NZVhsYmxEWisrNDVQbXEyTUpBMVV6eW9xblBnWGhGb0NmTnlxRVBxN3NZbTV0ZjN4dlVVOVlZc1ZtVnIyY0I3L2MwVHpNZ0FRcw%3D%3D&timestamp=1561779083079 yoxwechatbusinessModel::set_user:END
[2019-06-29 11:31:23] trace  /app/ewei_shopv2_api.php?i=2&r=shop.get_cpinfos&comefrom=wxapp&openid=sns_wa_oWJzS5K_nVjsOKvAk-8ruqyaNdSk&mid=&merchid=&authkey=NGNkMzQ0aGJBbnZIOE42eU9NZVhsYmxEWisrNDVQbXEyTUpBMVV6eW9xblBnWGhGb0NmTnlxRVBxN3NZbTV0ZjN4dlVVOVlZc1ZtVnIyY0I3L2MwVHpNZ0FRcw%3D%3D&timestamp=1561779083124 yoxwechatbusinessModel::set_user:BEGIN
[2019-06-29 11:31:23] trace  /app/ewei_shopv2_api.php?i=2&r=shop.get_cpinfos&comefrom=wxapp&openid=sns_wa_oWJzS5K_nVjsOKvAk-8ruqyaNdSk&mid=&merchid=&authkey=NGNkMzQ0aGJBbnZIOE42eU9NZVhsYmxEWisrNDVQbXEyTUpBMVV6eW9xblBnWGhGb0NmTnlxRVBxN3NZbTV0ZjN4dlVVOVlZc1ZtVnIyY0I3L2MwVHpNZ0FRcw%3D%3D&timestamp=1561779083124 yoxwechatbusinessModel::set_user:END
[2019-06-29 11:31:23] trace  /app/ewei_shopv2_api.php?i=2&r=shop.get_hasnewcoupon&comefrom=wxapp&openid=sns_wa_oWJzS5K_nVjsOKvAk-8ruqyaNdSk&mid=&merchid=&authkey=NGNkMzQ0aGJBbnZIOE42eU9NZVhsYmxEWisrNDVQbXEyTUpBMVV6eW9xblBnWGhGb0NmTnlxRVBxN3NZbTV0ZjN4dlVVOVlZc1ZtVnIyY0I3L2MwVHpNZ0FRcw%3D%3D&timestamp=1561779083121 yoxwechatbusinessModel::set_user:BEGIN
[2019-06-29 11:31:23] trace  /app/ewei_shopv2_api.php?i=2&r=shop.get_hasnewcoupon&comefrom=wxapp&openid=sns_wa_oWJzS5K_nVjsOKvAk-8ruqyaNdSk&mid=&merchid=&authkey=NGNkMzQ0aGJBbnZIOE42eU9NZVhsYmxEWisrNDVQbXEyTUpBMVV6eW9xblBnWGhGb0NmTnlxRVBxN3NZbTV0ZjN4dlVVOVlZc1ZtVnIyY0I3L2MwVHpNZ0FRcw%3D%3D&timestamp=1561779083121 yoxwechatbusinessModel::set_user:END
[2019-06-29 11:31:23] trace  /app/ewei_shopv2_api.php?i=2&r=shop.get_shopindex&comefrom=wxapp&openid=sns_wa_oWJzS5K_nVjsOKvAk-8ruqyaNdSk&mid=&merchid=&authkey=NGNkMzQ0aGJBbnZIOE42eU9NZVhsYmxEWisrNDVQbXEyTUpBMVV6eW9xblBnWGhGb0NmTnlxRVBxN3NZbTV0ZjN4dlVVOVlZc1ZtVnIyY0I3L2MwVHpNZ0FRcw%3D%3D&timestamp=1561779083116 yoxwechatbusinessModel::set_user:BEGIN
[2019-06-29 11:31:23] trace  /app/ewei_shopv2_api.php?i=2&r=diypage&type=home&comefrom=wxapp&openid=sns_wa_oWJzS5K_nVjsOKvAk-8ruqyaNdSk&mid=&merchid=&authkey=NGNkMzQ0aGJBbnZIOE42eU9NZVhsYmxEWisrNDVQbXEyTUpBMVV6eW9xblBnWGhGb0NmTnlxRVBxN3NZbTV0ZjN4dlVVOVlZc1ZtVnIyY0I3L2MwVHpNZ0FRcw%3D%3D&timestamp=1561779083099 yoxwechatbusinessModel::set_user:BEGIN
[2019-06-29 11:31:23] trace  /app/ewei_shopv2_api.php?i=2&r=diypage&type=home&comefrom=wxapp&openid=sns_wa_oWJzS5K_nVjsOKvAk-8ruqyaNdSk&mid=&merchid=&authkey=NGNkMzQ0aGJBbnZIOE42eU9NZVhsYmxEWisrNDVQbXEyTUpBMVV6eW9xblBnWGhGb0NmTnlxRVBxN3NZbTV0ZjN4dlVVOVlZc1ZtVnIyY0I3L2MwVHpNZ0FRcw%3D%3D&timestamp=1561779083099 yoxwechatbusinessModel::set_user:END
[2019-06-29 11:31:23] trace  /app/ewei_shopv2_api.php?i=2&r=shop.get_shopindex&comefrom=wxapp&openid=sns_wa_oWJzS5K_nVjsOKvAk-8ruqyaNdSk&mid=&merchid=&authkey=NGNkMzQ0aGJBbnZIOE42eU9NZVhsYmxEWisrNDVQbXEyTUpBMVV6eW9xblBnWGhGb0NmTnlxRVBxN3NZbTV0ZjN4dlVVOVlZc1ZtVnIyY0I3L2MwVHpNZ0FRcw%3D%3D&timestamp=1561779083116 yoxwechatbusinessModel::set_user:END
[2019-06-29 11:31:31] trace  /app/ewei_shopv2_api.php?i=2&r=yoxwechatbusiness&isajax=1&comefrom=wxapp&openid=sns_wa_oWJzS5K_nVjsOKvAk-8ruqyaNdSk&mid=&merchid=&authkey=&timestamp=1561779091351 yoxwechatbusinessModel::set_user:BEGIN
[2019-06-29 11:31:31] trace  /app/ewei_shopv2_api.php?i=2&r=yoxwechatbusiness&isajax=1&comefrom=wxapp&openid=sns_wa_oWJzS5K_nVjsOKvAk-8ruqyaNdSk&mid=&merchid=&authkey=&timestamp=1561779091351 yoxwechatbusinessModel::set_user:END
[2019-06-29 11:31:32] trace  /app/ewei_shopv2_api.php?i=2&r=bargain.act&comefrom=wxapp&openid=sns_wa_oWJzS5K_nVjsOKvAk-8ruqyaNdSk&mid=&merchid=&authkey=&timestamp=1561779091359 yoxwechatbusinessModel::set_user:BEGIN
[2019-06-29 11:31:32] trace  /app/ewei_shopv2_api.php?i=2&r=bargain.act&comefrom=wxapp&openid=sns_wa_oWJzS5K_nVjsOKvAk-8ruqyaNdSk&mid=&merchid=&authkey=&timestamp=1561779091359 yoxwechatbusinessModel::set_user:END
[2019-06-29 11:31:35] trace  /app/ewei_shopv2_api.php?i=2&r=yoxwechatbusiness.certificate.certificate_list&isajax=1&page=1&comefrom=wxapp&openid=sns_wa_oWJzS5K_nVjsOKvAk-8ruqyaNdSk&mid=&merchid=&authkey=&timestamp=1561779095455 yoxwechatbusinessModel::set_user:BEGIN
[2019-06-29 11:31:35] trace  /app/ewei_shopv2_api.php?i=2&r=yoxwechatbusiness.certificate.certificate_list&isajax=1&page=1&comefrom=wxapp&openid=sns_wa_oWJzS5K_nVjsOKvAk-8ruqyaNdSk&mid=&merchid=&authkey=&timestamp=1561779095455 yoxwechatbusinessModel::set_user:END
[2019-06-29 11:31:57] trace  /app/ewei_shopv2_api.php?i=2&r=membercard.getlist&page=1&cate=all&comefrom=wxapp&openid=sns_wa_oWJzS5K_nVjsOKvAk-8ruqyaNdSk&mid=&merchid=&authkey=&timestamp=1561779116899 yoxwechatbusinessModel::set_user:BEGIN
[2019-06-29 11:31:57] trace  /app/ewei_shopv2_api.php?i=2&r=membercard.getlist&page=1&cate=all&comefrom=wxapp&openid=sns_wa_oWJzS5K_nVjsOKvAk-8ruqyaNdSk&mid=&merchid=&authkey=&timestamp=1561779116899 yoxwechatbusinessModel::set_user:END
[2019-06-29 11:32:02] trace  /app/ewei_shopv2_api.php?i=2&r=black&comefrom=wxapp&openid=sns_wa_oWJzS5K_nVjsOKvAk-8ruqyaNdSk&mid=&merchid=&authkey=&timestamp=1561779121813 yoxwechatbusinessModel::set_user:BEGIN
[2019-06-29 11:32:02] trace  /app/ewei_shopv2_api.php?i=2&r=black&comefrom=wxapp&openid=sns_wa_oWJzS5K_nVjsOKvAk-8ruqyaNdSk&mid=&merchid=&authkey=&timestamp=1561779121813 yoxwechatbusinessModel::set_user:END
[2019-06-29 11:32:02] trace  /app/ewei_shopv2_api.php?i=2&r=shop.get_cpinfos&comefrom=wxapp&openid=sns_wa_oWJzS5K_nVjsOKvAk-8ruqyaNdSk&mid=&merchid=&authkey=&timestamp=1561779121879 yoxwechatbusinessModel::set_user:BEGIN
[2019-06-29 11:32:02] trace  /app/ewei_shopv2_api.php?i=2&r=shop.get_cpinfos&comefrom=wxapp&openid=sns_wa_oWJzS5K_nVjsOKvAk-8ruqyaNdSk&mid=&merchid=&authkey=&timestamp=1561779121879 yoxwechatbusinessModel::set_user:END
[2019-06-29 11:32:02] trace  /app/ewei_shopv2_api.php?i=2&r=diypage&type=home&comefrom=wxapp&openid=sns_wa_oWJzS5K_nVjsOKvAk-8ruqyaNdSk&mid=&merchid=&authkey=&timestamp=1561779121860 yoxwechatbusinessModel::set_user:BEGIN
[2019-06-29 11:32:02] trace  /app/ewei_shopv2_api.php?i=2&r=shop.get_hasnewcoupon&comefrom=wxapp&openid=sns_wa_oWJzS5K_nVjsOKvAk-8ruqyaNdSk&mid=&merchid=&authkey=&timestamp=1561779121875 yoxwechatbusinessModel::set_user:BEGIN
[2019-06-29 11:32:02] trace  /app/ewei_shopv2_api.php?i=2&r=shop.get_shopindex&comefrom=wxapp&openid=sns_wa_oWJzS5K_nVjsOKvAk-8ruqyaNdSk&mid=&merchid=&authkey=&timestamp=1561779121871 yoxwechatbusinessModel::set_user:BEGIN
[2019-06-29 11:32:02] trace  /app/ewei_shopv2_api.php?i=2&r=diypage&type=home&comefrom=wxapp&openid=sns_wa_oWJzS5K_nVjsOKvAk-8ruqyaNdSk&mid=&merchid=&authkey=&timestamp=1561779121860 yoxwechatbusinessModel::set_user:END
[2019-06-29 11:32:02] trace  /app/ewei_shopv2_api.php?i=2&r=shop.get_hasnewcoupon&comefrom=wxapp&openid=sns_wa_oWJzS5K_nVjsOKvAk-8ruqyaNdSk&mid=&merchid=&authkey=&timestamp=1561779121875 yoxwechatbusinessModel::set_user:END
[2019-06-29 11:32:02] trace  /app/ewei_shopv2_api.php?i=2&r=shop.get_shopindex&comefrom=wxapp&openid=sns_wa_oWJzS5K_nVjsOKvAk-8ruqyaNdSk&mid=&merchid=&authkey=&timestamp=1561779121871 yoxwechatbusinessModel::set_user:END
[2019-06-29 11:32:14] trace  /app/ewei_shopv2_api.php?i=2&r=black&comefrom=wxapp&openid=sns_wa_oWJzS5K_nVjsOKvAk-8ruqyaNdSk&mid=&merchid=&authkey=&timestamp=1561779134180 yoxwechatbusinessModel::set_user:BEGIN
[2019-06-29 11:32:14] trace  /app/ewei_shopv2_api.php?i=2&r=black&comefrom=wxapp&openid=sns_wa_oWJzS5K_nVjsOKvAk-8ruqyaNdSk&mid=&merchid=&authkey=&timestamp=1561779134180 yoxwechatbusinessModel::set_user:END
[2019-06-29 11:32:15] trace  /app/ewei_shopv2_api.php?i=2&r=diypage&type=goodsdetail&comefrom=wxapp&openid=sns_wa_oWJzS5K_nVjsOKvAk-8ruqyaNdSk&mid=&merchid=&authkey=&timestamp=1561779134211 yoxwechatbusinessModel::set_user:BEGIN
[2019-06-29 11:32:15] trace  /app/ewei_shopv2_api.php?i=2&r=diypage&type=goodsdetail&comefrom=wxapp&openid=sns_wa_oWJzS5K_nVjsOKvAk-8ruqyaNdSk&mid=&merchid=&authkey=&timestamp=1561779134211 yoxwechatbusinessModel::set_user:END
[2019-06-29 11:32:15] trace  /app/ewei_shopv2_api.php?i=2&r=goods.get_detail&id=21&comefrom=wxapp&openid=sns_wa_oWJzS5K_nVjsOKvAk-8ruqyaNdSk&mid=&merchid=&authkey=&timestamp=1561779134338 yoxwechatbusinessModel::set_user:BEGIN
[2019-06-29 11:32:15] trace  /app/ewei_shopv2_api.php?i=2&r=goods.get_detail&id=21&comefrom=wxapp&openid=sns_wa_oWJzS5K_nVjsOKvAk-8ruqyaNdSk&mid=&merchid=&authkey=&timestamp=1561779134338 yoxwechatbusinessModel::set_user:END
[2019-06-29 11:32:16] trace  /app/ewei_shopv2_api.php?i=2&r=goods.get_comments&id=21&comefrom=wxapp&openid=sns_wa_oWJzS5K_nVjsOKvAk-8ruqyaNdSk&mid=&merchid=&authkey=&timestamp=1561779135974 yoxwechatbusinessModel::set_user:BEGIN
[2019-06-29 11:32:16] trace  /app/ewei_shopv2_api.php?i=2&r=goods.get_comments&id=21&comefrom=wxapp&openid=sns_wa_oWJzS5K_nVjsOKvAk-8ruqyaNdSk&mid=&merchid=&authkey=&timestamp=1561779135974 yoxwechatbusinessModel::set_user:END
[2019-06-29 11:32:20] trace  /app/ewei_shopv2_api.php?i=2&r=shop.get_shopindex&comefrom=wxapp&openid=sns_wa_oWJzS5K_nVjsOKvAk-8ruqyaNdSk&mid=&merchid=&authkey=&timestamp=1561779140303 yoxwechatbusinessModel::set_user:BEGIN
[2019-06-29 11:32:20] trace  /app/ewei_shopv2_api.php?i=2&r=shop.get_shopindex&comefrom=wxapp&openid=sns_wa_oWJzS5K_nVjsOKvAk-8ruqyaNdSk&mid=&merchid=&authkey=&timestamp=1561779140303 yoxwechatbusinessModel::set_user:END
[2019-06-29 11:32:20] trace  /app/ewei_shopv2_api.php?i=2&r=shop.get_cpinfos&comefrom=wxapp&openid=sns_wa_oWJzS5K_nVjsOKvAk-8ruqyaNdSk&mid=&merchid=&authkey=&timestamp=1561779140313 yoxwechatbusinessModel::set_user:BEGIN
[2019-06-29 11:32:20] trace  /app/ewei_shopv2_api.php?i=2&r=shop.get_cpinfos&comefrom=wxapp&openid=sns_wa_oWJzS5K_nVjsOKvAk-8ruqyaNdSk&mid=&merchid=&authkey=&timestamp=1561779140313 yoxwechatbusinessModel::set_user:END
[2019-06-29 11:32:20] trace  /app/ewei_shopv2_api.php?i=2&r=shop.get_hasnewcoupon&comefrom=wxapp&openid=sns_wa_oWJzS5K_nVjsOKvAk-8ruqyaNdSk&mid=&merchid=&authkey=&timestamp=1561779140308 yoxwechatbusinessModel::set_user:BEGIN
[2019-06-29 11:32:20] trace  /app/ewei_shopv2_api.php?i=2&r=shop.get_hasnewcoupon&comefrom=wxapp&openid=sns_wa_oWJzS5K_nVjsOKvAk-8ruqyaNdSk&mid=&merchid=&authkey=&timestamp=1561779140308 yoxwechatbusinessModel::set_user:END
[2019-06-29 11:32:25] trace  /app/ewei_shopv2_api.php?i=2&r=shop.get_shopindex&comefrom=wxapp&openid=sns_wa_oWJzS5K_nVjsOKvAk-8ruqyaNdSk&mid=&merchid=&authkey=&timestamp=1561779145306 yoxwechatbusinessModel::set_user:BEGIN
[2019-06-29 11:32:25] trace  /app/ewei_shopv2_api.php?i=2&r=shop.get_shopindex&comefrom=wxapp&openid=sns_wa_oWJzS5K_nVjsOKvAk-8ruqyaNdSk&mid=&merchid=&authkey=&timestamp=1561779145306 yoxwechatbusinessModel::set_user:END
[2019-06-29 11:32:25] trace  /app/ewei_shopv2_api.php?i=2&r=shop.get_cpinfos&comefrom=wxapp&openid=sns_wa_oWJzS5K_nVjsOKvAk-8ruqyaNdSk&mid=&merchid=&authkey=&timestamp=1561779145319 yoxwechatbusinessModel::set_user:BEGIN
[2019-06-29 11:32:25] trace  /app/ewei_shopv2_api.php?i=2&r=shop.get_cpinfos&comefrom=wxapp&openid=sns_wa_oWJzS5K_nVjsOKvAk-8ruqyaNdSk&mid=&merchid=&authkey=&timestamp=1561779145319 yoxwechatbusinessModel::set_user:END
[2019-06-29 11:32:25] trace  /app/ewei_shopv2_api.php?i=2&r=shop.get_hasnewcoupon&comefrom=wxapp&openid=sns_wa_oWJzS5K_nVjsOKvAk-8ruqyaNdSk&mid=&merchid=&authkey=&timestamp=1561779145311 yoxwechatbusinessModel::set_user:BEGIN
[2019-06-29 11:32:25] trace  /app/ewei_shopv2_api.php?i=2&r=shop.get_hasnewcoupon&comefrom=wxapp&openid=sns_wa_oWJzS5K_nVjsOKvAk-8ruqyaNdSk&mid=&merchid=&authkey=&timestamp=1561779145311 yoxwechatbusinessModel::set_user:END
[2019-06-29 11:32:30] trace  /app/ewei_shopv2_api.php?i=2&r=shop.get_shopindex&comefrom=wxapp&openid=sns_wa_oWJzS5K_nVjsOKvAk-8ruqyaNdSk&mid=&merchid=&authkey=&timestamp=1561779150090 yoxwechatbusinessModel::set_user:BEGIN
[2019-06-29 11:32:30] trace  /app/ewei_shopv2_api.php?i=2&r=shop.get_shopindex&comefrom=wxapp&openid=sns_wa_oWJzS5K_nVjsOKvAk-8ruqyaNdSk&mid=&merchid=&authkey=&timestamp=1561779150090 yoxwechatbusinessModel::set_user:END
[2019-06-29 11:32:30] trace  /app/ewei_shopv2_api.php?i=2&r=shop.get_hasnewcoupon&comefrom=wxapp&openid=sns_wa_oWJzS5K_nVjsOKvAk-8ruqyaNdSk&mid=&merchid=&authkey=&timestamp=1561779150103 yoxwechatbusinessModel::set_user:BEGIN
[2019-06-29 11:32:30] trace  /app/ewei_shopv2_api.php?i=2&r=shop.get_hasnewcoupon&comefrom=wxapp&openid=sns_wa_oWJzS5K_nVjsOKvAk-8ruqyaNdSk&mid=&merchid=&authkey=&timestamp=1561779150103 yoxwechatbusinessModel::set_user:END
[2019-06-29 11:32:30] trace  /app/ewei_shopv2_api.php?i=2&r=shop.get_cpinfos&comefrom=wxapp&openid=sns_wa_oWJzS5K_nVjsOKvAk-8ruqyaNdSk&mid=&merchid=&authkey=&timestamp=1561779150108 yoxwechatbusinessModel::set_user:BEGIN
[2019-06-29 11:32:30] trace  /app/ewei_shopv2_api.php?i=2&r=shop.get_cpinfos&comefrom=wxapp&openid=sns_wa_oWJzS5K_nVjsOKvAk-8ruqyaNdSk&mid=&merchid=&authkey=&timestamp=1561779150108 yoxwechatbusinessModel::set_user:END
[2019-06-29 11:36:12] trace  /app/ewei_shopv2_api.php?i=2&r=shop.get_shopindex&comefrom=wxapp&openid=sns_wa_oWJzS5K_nVjsOKvAk-8ruqyaNdSk&mid=&merchid=&authkey=&timestamp=1561779372347 yoxwechatbusinessModel::set_user:BEGIN
[2019-06-29 11:36:12] trace  /app/ewei_shopv2_api.php?i=2&r=shop.get_shopindex&comefrom=wxapp&openid=sns_wa_oWJzS5K_nVjsOKvAk-8ruqyaNdSk&mid=&merchid=&authkey=&timestamp=1561779372347 yoxwechatbusinessModel::set_user:END
[2019-06-29 11:36:13] trace  /app/ewei_shopv2_api.php?i=2&r=shop.get_hasnewcoupon&comefrom=wxapp&openid=sns_wa_oWJzS5K_nVjsOKvAk-8ruqyaNdSk&mid=&merchid=&authkey=&timestamp=1561779372369 yoxwechatbusinessModel::set_user:BEGIN
[2019-06-29 11:36:13] trace  /app/ewei_shopv2_api.php?i=2&r=shop.get_hasnewcoupon&comefrom=wxapp&openid=sns_wa_oWJzS5K_nVjsOKvAk-8ruqyaNdSk&mid=&merchid=&authkey=&timestamp=1561779372369 yoxwechatbusinessModel::set_user:END
[2019-06-29 11:36:13] trace  /app/ewei_shopv2_api.php?i=2&r=shop.get_cpinfos&comefrom=wxapp&openid=sns_wa_oWJzS5K_nVjsOKvAk-8ruqyaNdSk&mid=&merchid=&authkey=&timestamp=1561779372376 yoxwechatbusinessModel::set_user:BEGIN
[2019-06-29 11:36:13] trace  /app/ewei_shopv2_api.php?i=2&r=shop.get_cpinfos&comefrom=wxapp&openid=sns_wa_oWJzS5K_nVjsOKvAk-8ruqyaNdSk&mid=&merchid=&authkey=&timestamp=1561779372376 yoxwechatbusinessModel::set_user:END
[2019-06-29 11:36:17] trace  /app/ewei_shopv2_api.php?i=2&r=shop.get_shopindex&comefrom=wxapp&openid=sns_wa_oWJzS5K_nVjsOKvAk-8ruqyaNdSk&mid=&merchid=&authkey=&timestamp=1561779377195 yoxwechatbusinessModel::set_user:BEGIN
[2019-06-29 11:36:17] trace  /app/ewei_shopv2_api.php?i=2&r=shop.get_shopindex&comefrom=wxapp&openid=sns_wa_oWJzS5K_nVjsOKvAk-8ruqyaNdSk&mid=&merchid=&authkey=&timestamp=1561779377195 yoxwechatbusinessModel::set_user:END
[2019-06-29 11:36:17] trace  /app/ewei_shopv2_api.php?i=2&r=shop.get_hasnewcoupon&comefrom=wxapp&openid=sns_wa_oWJzS5K_nVjsOKvAk-8ruqyaNdSk&mid=&merchid=&authkey=&timestamp=1561779377206 yoxwechatbusinessModel::set_user:BEGIN
[2019-06-29 11:36:17] trace  /app/ewei_shopv2_api.php?i=2&r=shop.get_hasnewcoupon&comefrom=wxapp&openid=sns_wa_oWJzS5K_nVjsOKvAk-8ruqyaNdSk&mid=&merchid=&authkey=&timestamp=1561779377206 yoxwechatbusinessModel::set_user:END
[2019-06-29 11:36:17] trace  /app/ewei_shopv2_api.php?i=2&r=shop.get_cpinfos&comefrom=wxapp&openid=sns_wa_oWJzS5K_nVjsOKvAk-8ruqyaNdSk&mid=&merchid=&authkey=&timestamp=1561779377211 yoxwechatbusinessModel::set_user:BEGIN
[2019-06-29 11:36:17] trace  /app/ewei_shopv2_api.php?i=2&r=shop.get_cpinfos&comefrom=wxapp&openid=sns_wa_oWJzS5K_nVjsOKvAk-8ruqyaNdSk&mid=&merchid=&authkey=&timestamp=1561779377211 yoxwechatbusinessModel::set_user:END
[2019-06-29 11:48:47] trace  /app/ewei_shopv2_api.php?i=2&r=cacheset&version=&comefrom=wxapp&openid=sns_wa_oWJzS5Ao3_CqNd8cZxo1rf8tFflU&mid=&merchid=&authkey=YmRkOXRBbkxKZ05lemlnM0Z1NGZrdGhPU042VHZBdmwzejIreTMwSzVJK0M5R05ueTZRVzR3RUVlQmZYMDNXeFRtZXFtSFk2&timestamp=1561780127579 yoxwechatbusinessModel::set_user:BEGIN
[2019-06-29 11:48:47] trace  /app/ewei_shopv2_api.php?i=2&r=cacheset&version=&comefrom=wxapp&openid=sns_wa_oWJzS5Ao3_CqNd8cZxo1rf8tFflU&mid=&merchid=&authkey=NjlmM2lONmhnSDVRS1BEWjhvZVpNSFJLQTZEUlR3eEVjT2lXano1bHp3d2pQWThVQWx3ai94NDdoREU2UEl5TVpadG5Qc3RX&timestamp=1561780127547 yoxwechatbusinessModel::set_user:BEGIN
[2019-06-29 11:48:51] trace  /app/ewei_shopv2_api.php?i=2&r=diypage&type=home&comefrom=wxapp&openid=sns_wa_oWJzS5Ao3_CqNd8cZxo1rf8tFflU&mid=&merchid=&authkey=&timestamp=1561780131086 yoxwechatbusinessModel::set_user:BEGIN
[2019-06-29 11:48:51] trace  /app/ewei_shopv2_api.php?i=2&r=shop.get_cpinfos&comefrom=wxapp&openid=sns_wa_oWJzS5Ao3_CqNd8cZxo1rf8tFflU&mid=&merchid=&authkey=&timestamp=1561780131109 yoxwechatbusinessModel::set_user:BEGIN
[2019-06-29 11:48:51] trace  /app/ewei_shopv2_api.php?i=2&r=shop.get_shopindex&comefrom=wxapp&openid=sns_wa_oWJzS5Ao3_CqNd8cZxo1rf8tFflU&mid=&merchid=&authkey=&timestamp=1561780131102 yoxwechatbusinessModel::set_user:BEGIN
[2019-06-29 11:48:51] trace  /app/ewei_shopv2_api.php?i=2&r=black&comefrom=wxapp&openid=sns_wa_oWJzS5Ao3_CqNd8cZxo1rf8tFflU&mid=&merchid=&authkey=&timestamp=1561780131075 yoxwechatbusinessModel::set_user:BEGIN
[2019-06-29 11:48:51] trace  /app/ewei_shopv2_api.php?i=2&r=shop.get_hasnewcoupon&comefrom=wxapp&openid=sns_wa_oWJzS5Ao3_CqNd8cZxo1rf8tFflU&mid=&merchid=&authkey=&timestamp=1561780131107 yoxwechatbusinessModel::set_user:BEGIN
[2019-06-29 11:48:56] trace  /app/ewei_shopv2_api.php?i=2&r=bargain.act&comefrom=wxapp&openid=sns_wa_oWJzS5Ao3_CqNd8cZxo1rf8tFflU&mid=&merchid=&authkey=&timestamp=1561780135970 yoxwechatbusinessModel::set_user:BEGIN
[2019-06-29 11:48:56] trace  /app/ewei_shopv2_api.php?i=2&r=yoxwechatbusiness&isajax=1&comefrom=wxapp&openid=sns_wa_oWJzS5Ao3_CqNd8cZxo1rf8tFflU&mid=&merchid=&authkey=&timestamp=1561780135967 yoxwechatbusinessModel::set_user:BEGIN
[2019-06-29 11:49:08] trace  /app/ewei_shopv2_api.php?i=2&r=shop.get_cpinfos&comefrom=wxapp&openid=sns_wa_oWJzS5Ao3_CqNd8cZxo1rf8tFflU&mid=&merchid=&authkey=&timestamp=1561780148422 yoxwechatbusinessModel::set_user:BEGIN
[2019-06-29 11:49:08] trace  /app/ewei_shopv2_api.php?i=2&r=shop.get_hasnewcoupon&comefrom=wxapp&openid=sns_wa_oWJzS5Ao3_CqNd8cZxo1rf8tFflU&mid=&merchid=&authkey=&timestamp=1561780148420 yoxwechatbusinessModel::set_user:BEGIN
[2019-06-29 11:49:08] trace  /app/ewei_shopv2_api.php?i=2&r=shop.get_shopindex&comefrom=wxapp&openid=sns_wa_oWJzS5Ao3_CqNd8cZxo1rf8tFflU&mid=&merchid=&authkey=&timestamp=1561780148416 yoxwechatbusinessModel::set_user:BEGIN
[2019-06-29 11:49:14] trace  /app/ewei_shopv2_api.php?i=2&r=black&comefrom=wxapp&openid=sns_wa_oWJzS5Ao3_CqNd8cZxo1rf8tFflU&mid=&merchid=&authkey=&timestamp=1561780154022 yoxwechatbusinessModel::set_user:BEGIN
[2019-06-29 11:49:14] trace  /app/ewei_shopv2_api.php?i=2&r=diypage&type=goodsdetail&comefrom=wxapp&openid=sns_wa_oWJzS5Ao3_CqNd8cZxo1rf8tFflU&mid=&merchid=&authkey=&timestamp=1561780154025 yoxwechatbusinessModel::set_user:BEGIN
[2019-06-29 11:49:16] trace  /app/ewei_shopv2_api.php?i=2&r=goods.get_detail&id=63&comefrom=wxapp&openid=sns_wa_oWJzS5Ao3_CqNd8cZxo1rf8tFflU&mid=&merchid=&authkey=OTk3ZUI2WWxBbnRqVWRDZE9NYnBjRlFHMFNKaDJrZG90N0FLVXYxSU53UzVwMk5qSnJ4VDZ0ckk0MS9ERGFsUHBNQjJCTDIxRjhaS0FsUGp1U2hvQkp2M05hZw%3D%3D&timestamp=1561780156129 yoxwechatbusinessModel::set_user:BEGIN
[2019-06-29 11:49:16] trace  /app/ewei_shopv2_api.php?i=2&r=goods.get_detail&id=63&comefrom=wxapp&openid=sns_wa_oWJzS5Ao3_CqNd8cZxo1rf8tFflU&mid=&merchid=&authkey=OTk3ZUI2WWxBbnRqVWRDZE9NYnBjRlFHMFNKaDJrZG90N0FLVXYxSU53UzVwMk5qSnJ4VDZ0ckk0MS9ERGFsUHBNQjJCTDIxRjhaS0FsUGp1U2hvQkp2M05hZw%3D%3D&timestamp=1561780156129 yoxwechatbusinessModel::set_user:END
[2019-06-29 11:49:17] trace  /app/ewei_shopv2_api.php?i=2&r=package.get_list&goodsid=63&comefrom=wxapp&openid=sns_wa_oWJzS5Ao3_CqNd8cZxo1rf8tFflU&mid=&merchid=&authkey=&timestamp=1561780157344 yoxwechatbusinessModel::set_user:BEGIN
[2019-06-29 11:49:17] trace  /app/ewei_shopv2_api.php?i=2&r=package.get_list&goodsid=63&comefrom=wxapp&openid=sns_wa_oWJzS5Ao3_CqNd8cZxo1rf8tFflU&mid=&merchid=&authkey=&timestamp=1561780157344 yoxwechatbusinessModel::set_user:END
[2019-06-29 11:49:17] trace  /app/ewei_shopv2_api.php?i=2&r=goods.get_comments&id=63&comefrom=wxapp&openid=sns_wa_oWJzS5Ao3_CqNd8cZxo1rf8tFflU&mid=&merchid=&authkey=&timestamp=1561780157414 yoxwechatbusinessModel::set_user:BEGIN
[2019-06-29 11:49:17] trace  /app/ewei_shopv2_api.php?i=2&r=goods.get_comments&id=63&comefrom=wxapp&openid=sns_wa_oWJzS5Ao3_CqNd8cZxo1rf8tFflU&mid=&merchid=&authkey=&timestamp=1561780157414 yoxwechatbusinessModel::set_user:END
[2019-06-29 11:49:21] trace  /app/ewei_shopv2_api.php?i=2&r=shop.get_shopindex&comefrom=wxapp&openid=sns_wa_oWJzS5Ao3_CqNd8cZxo1rf8tFflU&mid=&merchid=&authkey=&timestamp=1561780161516 yoxwechatbusinessModel::set_user:BEGIN
[2019-06-29 11:49:21] trace  /app/ewei_shopv2_api.php?i=2&r=shop.get_shopindex&comefrom=wxapp&openid=sns_wa_oWJzS5Ao3_CqNd8cZxo1rf8tFflU&mid=&merchid=&authkey=&timestamp=1561780161516 yoxwechatbusinessModel::set_user:END
[2019-06-29 11:49:21] trace  /app/ewei_shopv2_api.php?i=2&r=shop.get_hasnewcoupon&comefrom=wxapp&openid=sns_wa_oWJzS5Ao3_CqNd8cZxo1rf8tFflU&mid=&merchid=&authkey=&timestamp=1561780161519 yoxwechatbusinessModel::set_user:BEGIN
[2019-06-29 11:49:21] trace  /app/ewei_shopv2_api.php?i=2&r=shop.get_hasnewcoupon&comefrom=wxapp&openid=sns_wa_oWJzS5Ao3_CqNd8cZxo1rf8tFflU&mid=&merchid=&authkey=&timestamp=1561780161519 yoxwechatbusinessModel::set_user:END
[2019-06-29 11:49:21] trace  /app/ewei_shopv2_api.php?i=2&r=shop.get_cpinfos&comefrom=wxapp&openid=sns_wa_oWJzS5Ao3_CqNd8cZxo1rf8tFflU&mid=&merchid=&authkey=&timestamp=1561780161522 yoxwechatbusinessModel::set_user:BEGIN
[2019-06-29 11:49:21] trace  /app/ewei_shopv2_api.php?i=2&r=shop.get_cpinfos&comefrom=wxapp&openid=sns_wa_oWJzS5Ao3_CqNd8cZxo1rf8tFflU&mid=&merchid=&authkey=&timestamp=1561780161522 yoxwechatbusinessModel::set_user:END
[2019-06-29 11:49:33] trace  /app/ewei_shopv2_api.php?i=2&r=diypage&type=home&comefrom=wxapp&openid=sns_wa_oWJzS5Ao3_CqNd8cZxo1rf8tFflU&mid=&merchid=&authkey=&timestamp=1561780173224 yoxwechatbusinessModel::set_user:BEGIN
[2019-06-29 11:49:33] trace  /app/ewei_shopv2_api.php?i=2&r=diypage&type=home&comefrom=wxapp&openid=sns_wa_oWJzS5Ao3_CqNd8cZxo1rf8tFflU&mid=&merchid=&authkey=&timestamp=1561780173224 yoxwechatbusinessModel::set_user:END
[2019-06-29 11:49:33] trace  /app/ewei_shopv2_api.php?i=2&r=black&comefrom=wxapp&openid=sns_wa_oWJzS5Ao3_CqNd8cZxo1rf8tFflU&mid=&merchid=&authkey=&timestamp=1561780173213 yoxwechatbusinessModel::set_user:BEGIN
[2019-06-29 11:49:33] trace  /app/ewei_shopv2_api.php?i=2&r=black&comefrom=wxapp&openid=sns_wa_oWJzS5Ao3_CqNd8cZxo1rf8tFflU&mid=&merchid=&authkey=&timestamp=1561780173213 yoxwechatbusinessModel::set_user:END
[2019-06-29 11:49:33] trace  /app/ewei_shopv2_api.php?i=2&r=shop.get_shopindex&comefrom=wxapp&openid=sns_wa_oWJzS5Ao3_CqNd8cZxo1rf8tFflU&mid=&merchid=&authkey=&timestamp=1561780173236 yoxwechatbusinessModel::set_user:BEGIN
[2019-06-29 11:49:33] trace  /app/ewei_shopv2_api.php?i=2&r=shop.get_hasnewcoupon&comefrom=wxapp&openid=sns_wa_oWJzS5Ao3_CqNd8cZxo1rf8tFflU&mid=&merchid=&authkey=&timestamp=1561780173238 yoxwechatbusinessModel::set_user:BEGIN
[2019-06-29 11:49:33] trace  /app/ewei_shopv2_api.php?i=2&r=shop.get_shopindex&comefrom=wxapp&openid=sns_wa_oWJzS5Ao3_CqNd8cZxo1rf8tFflU&mid=&merchid=&authkey=&timestamp=1561780173236 yoxwechatbusinessModel::set_user:END
[2019-06-29 11:49:33] trace  /app/ewei_shopv2_api.php?i=2&r=shop.get_hasnewcoupon&comefrom=wxapp&openid=sns_wa_oWJzS5Ao3_CqNd8cZxo1rf8tFflU&mid=&merchid=&authkey=&timestamp=1561780173238 yoxwechatbusinessModel::set_user:END
[2019-06-29 11:49:33] trace  /app/ewei_shopv2_api.php?i=2&r=shop.get_cpinfos&comefrom=wxapp&openid=sns_wa_oWJzS5Ao3_CqNd8cZxo1rf8tFflU&mid=&merchid=&authkey=&timestamp=1561780173241 yoxwechatbusinessModel::set_user:BEGIN
[2019-06-29 11:49:33] trace  /app/ewei_shopv2_api.php?i=2&r=shop.get_cpinfos&comefrom=wxapp&openid=sns_wa_oWJzS5Ao3_CqNd8cZxo1rf8tFflU&mid=&merchid=&authkey=&timestamp=1561780173241 yoxwechatbusinessModel::set_user:END
[2019-06-29 11:49:37] trace  /app/ewei_shopv2_api.php?i=2&r=shop.get_category&comefrom=wxapp&openid=sns_wa_oWJzS5Ao3_CqNd8cZxo1rf8tFflU&mid=&merchid=&authkey=&timestamp=1561780177824 yoxwechatbusinessModel::set_user:BEGIN
[2019-06-29 11:49:37] trace  /app/ewei_shopv2_api.php?i=2&r=shop.get_category&comefrom=wxapp&openid=sns_wa_oWJzS5Ao3_CqNd8cZxo1rf8tFflU&mid=&merchid=&authkey=&timestamp=1561780177824 yoxwechatbusinessModel::set_user:END
[2019-06-29 11:49:41] trace  /app/ewei_shopv2_api.php?i=2&r=shop.get_cpinfos&comefrom=wxapp&openid=sns_wa_oWJzS5Ao3_CqNd8cZxo1rf8tFflU&mid=&merchid=&authkey=&timestamp=1561780181057 yoxwechatbusinessModel::set_user:BEGIN
[2019-06-29 11:49:41] trace  /app/ewei_shopv2_api.php?i=2&r=shop.get_cpinfos&comefrom=wxapp&openid=sns_wa_oWJzS5Ao3_CqNd8cZxo1rf8tFflU&mid=&merchid=&authkey=&timestamp=1561780181057 yoxwechatbusinessModel::set_user:END
[2019-06-29 11:49:41] trace  /app/ewei_shopv2_api.php?i=2&r=shop.get_hasnewcoupon&comefrom=wxapp&openid=sns_wa_oWJzS5Ao3_CqNd8cZxo1rf8tFflU&mid=&merchid=&authkey=&timestamp=1561780181052 yoxwechatbusinessModel::set_user:BEGIN
[2019-06-29 11:49:41] trace  /app/ewei_shopv2_api.php?i=2&r=shop.get_shopindex&comefrom=wxapp&openid=sns_wa_oWJzS5Ao3_CqNd8cZxo1rf8tFflU&mid=&merchid=&authkey=&timestamp=1561780181048 yoxwechatbusinessModel::set_user:BEGIN
[2019-06-29 11:49:41] trace  /app/ewei_shopv2_api.php?i=2&r=shop.get_shopindex&comefrom=wxapp&openid=sns_wa_oWJzS5Ao3_CqNd8cZxo1rf8tFflU&mid=&merchid=&authkey=&timestamp=1561780181048 yoxwechatbusinessModel::set_user:END
[2019-06-29 11:49:41] trace  /app/ewei_shopv2_api.php?i=2&r=shop.get_hasnewcoupon&comefrom=wxapp&openid=sns_wa_oWJzS5Ao3_CqNd8cZxo1rf8tFflU&mid=&merchid=&authkey=&timestamp=1561780181052 yoxwechatbusinessModel::set_user:END
[2019-06-29 11:49:41] trace  /app/ewei_shopv2_api.php?i=2&r=groups&comefrom=wxapp&openid=sns_wa_oWJzS5Ao3_CqNd8cZxo1rf8tFflU&mid=&merchid=&authkey=&timestamp=1561780181742 yoxwechatbusinessModel::set_user:BEGIN
[2019-06-29 11:49:41] trace  /app/ewei_shopv2_api.php?i=2&r=groups&comefrom=wxapp&openid=sns_wa_oWJzS5Ao3_CqNd8cZxo1rf8tFflU&mid=&merchid=&authkey=&timestamp=1561780181742 yoxwechatbusinessModel::set_user:END
[2019-06-29 11:49:47] trace  /app/ewei_shopv2_api.php?i=2&r=groups.team&success=&page=1&comefrom=wxapp&openid=sns_wa_oWJzS5Ao3_CqNd8cZxo1rf8tFflU&mid=&merchid=&authkey=&timestamp=1561780187357 yoxwechatbusinessModel::set_user:BEGIN
[2019-06-29 11:49:47] trace  /app/ewei_shopv2_api.php?i=2&r=groups.team&success=&page=1&comefrom=wxapp&openid=sns_wa_oWJzS5Ao3_CqNd8cZxo1rf8tFflU&mid=&merchid=&authkey=&timestamp=1561780187357 yoxwechatbusinessModel::set_user:END
[2019-06-29 11:49:49] trace  /app/ewei_shopv2_api.php?i=2&r=groups.team&success=1&page=1&comefrom=wxapp&openid=sns_wa_oWJzS5Ao3_CqNd8cZxo1rf8tFflU&mid=&merchid=&authkey=&timestamp=1561780189551 yoxwechatbusinessModel::set_user:BEGIN
[2019-06-29 11:49:49] trace  /app/ewei_shopv2_api.php?i=2&r=groups.team&success=1&page=1&comefrom=wxapp&openid=sns_wa_oWJzS5Ao3_CqNd8cZxo1rf8tFflU&mid=&merchid=&authkey=&timestamp=1561780189551 yoxwechatbusinessModel::set_user:END
[2019-06-29 11:49:50] trace  /app/ewei_shopv2_api.php?i=2&r=groups.team&success=-1&page=1&comefrom=wxapp&openid=sns_wa_oWJzS5Ao3_CqNd8cZxo1rf8tFflU&mid=&merchid=&authkey=&timestamp=1561780190407 yoxwechatbusinessModel::set_user:BEGIN
[2019-06-29 11:49:50] trace  /app/ewei_shopv2_api.php?i=2&r=groups.team&success=-1&page=1&comefrom=wxapp&openid=sns_wa_oWJzS5Ao3_CqNd8cZxo1rf8tFflU&mid=&merchid=&authkey=&timestamp=1561780190407 yoxwechatbusinessModel::set_user:END
[2019-06-29 11:49:52] trace  /app/ewei_shopv2_api.php?i=2&r=groups.order&status=&page=1&comefrom=wxapp&openid=sns_wa_oWJzS5Ao3_CqNd8cZxo1rf8tFflU&mid=&merchid=&authkey=&timestamp=1561780191833 yoxwechatbusinessModel::set_user:BEGIN
[2019-06-29 11:49:52] trace  /app/ewei_shopv2_api.php?i=2&r=groups.order&status=&page=1&comefrom=wxapp&openid=sns_wa_oWJzS5Ao3_CqNd8cZxo1rf8tFflU&mid=&merchid=&authkey=&timestamp=1561780191833 yoxwechatbusinessModel::set_user:END
[2019-06-29 11:49:52] trace  /app/ewei_shopv2_api.php?i=2&r=groups.order&status=&page=1&comefrom=wxapp&openid=sns_wa_oWJzS5Ao3_CqNd8cZxo1rf8tFflU&mid=&merchid=&authkey=&timestamp=1561780192721 yoxwechatbusinessModel::set_user:BEGIN
[2019-06-29 11:49:52] trace  /app/ewei_shopv2_api.php?i=2&r=groups.order&status=&page=1&comefrom=wxapp&openid=sns_wa_oWJzS5Ao3_CqNd8cZxo1rf8tFflU&mid=&merchid=&authkey=&timestamp=1561780192721 yoxwechatbusinessModel::set_user:END
[2019-06-29 11:49:54] trace  /app/ewei_shopv2_api.php?i=2&r=seckill.get_list&comefrom=wxapp&openid=sns_wa_oWJzS5Ao3_CqNd8cZxo1rf8tFflU&mid=&merchid=&authkey=&timestamp=1561780194160 yoxwechatbusinessModel::set_user:BEGIN
[2019-06-29 11:49:54] trace  /app/ewei_shopv2_api.php?i=2&r=seckill.get_list&comefrom=wxapp&openid=sns_wa_oWJzS5Ao3_CqNd8cZxo1rf8tFflU&mid=&merchid=&authkey=&timestamp=1561780194160 yoxwechatbusinessModel::set_user:END
[2019-06-29 11:49:57] trace  /app/ewei_shopv2_api.php?i=2&r=shop.get_cpinfos&comefrom=wxapp&openid=sns_wa_oWJzS5Ao3_CqNd8cZxo1rf8tFflU&mid=&merchid=&authkey=&timestamp=1561780197540 yoxwechatbusinessModel::set_user:BEGIN
[2019-06-29 11:49:57] trace  /app/ewei_shopv2_api.php?i=2&r=shop.get_cpinfos&comefrom=wxapp&openid=sns_wa_oWJzS5Ao3_CqNd8cZxo1rf8tFflU&mid=&merchid=&authkey=&timestamp=1561780197540 yoxwechatbusinessModel::set_user:END
[2019-06-29 11:49:57] trace  /app/ewei_shopv2_api.php?i=2&r=shop.get_shopindex&comefrom=wxapp&openid=sns_wa_oWJzS5Ao3_CqNd8cZxo1rf8tFflU&mid=&merchid=&authkey=&timestamp=1561780197533 yoxwechatbusinessModel::set_user:BEGIN
[2019-06-29 11:49:57] trace  /app/ewei_shopv2_api.php?i=2&r=diypage&type=home&comefrom=wxapp&openid=sns_wa_oWJzS5Ao3_CqNd8cZxo1rf8tFflU&mid=&merchid=&authkey=&timestamp=1561780197520 yoxwechatbusinessModel::set_user:BEGIN
[2019-06-29 11:49:57] trace  /app/ewei_shopv2_api.php?i=2&r=shop.get_shopindex&comefrom=wxapp&openid=sns_wa_oWJzS5Ao3_CqNd8cZxo1rf8tFflU&mid=&merchid=&authkey=&timestamp=1561780197533 yoxwechatbusinessModel::set_user:END
[2019-06-29 11:49:57] trace  /app/ewei_shopv2_api.php?i=2&r=shop.get_hasnewcoupon&comefrom=wxapp&openid=sns_wa_oWJzS5Ao3_CqNd8cZxo1rf8tFflU&mid=&merchid=&authkey=&timestamp=1561780197535 yoxwechatbusinessModel::set_user:BEGIN
[2019-06-29 11:49:57] trace  /app/ewei_shopv2_api.php?i=2&r=diypage&type=home&comefrom=wxapp&openid=sns_wa_oWJzS5Ao3_CqNd8cZxo1rf8tFflU&mid=&merchid=&authkey=&timestamp=1561780197520 yoxwechatbusinessModel::set_user:END
[2019-06-29 11:49:57] trace  /app/ewei_shopv2_api.php?i=2&r=black&comefrom=wxapp&openid=sns_wa_oWJzS5Ao3_CqNd8cZxo1rf8tFflU&mid=&merchid=&authkey=&timestamp=1561780197514 yoxwechatbusinessModel::set_user:BEGIN
[2019-06-29 11:49:57] trace  /app/ewei_shopv2_api.php?i=2&r=shop.get_hasnewcoupon&comefrom=wxapp&openid=sns_wa_oWJzS5Ao3_CqNd8cZxo1rf8tFflU&mid=&merchid=&authkey=&timestamp=1561780197535 yoxwechatbusinessModel::set_user:END
[2019-06-29 11:49:57] trace  /app/ewei_shopv2_api.php?i=2&r=black&comefrom=wxapp&openid=sns_wa_oWJzS5Ao3_CqNd8cZxo1rf8tFflU&mid=&merchid=&authkey=&timestamp=1561780197514 yoxwechatbusinessModel::set_user:END
[2019-06-29 11:50:05] trace  /app/ewei_shopv2_api.php?i=2&r=diypage&id=6&comefrom=wxapp&openid=sns_wa_oWJzS5Ao3_CqNd8cZxo1rf8tFflU&mid=&merchid=&authkey=&timestamp=1561780205126 yoxwechatbusinessModel::set_user:BEGIN
[2019-06-29 11:50:05] trace  /app/ewei_shopv2_api.php?i=2&r=diypage&type=6&comefrom=wxapp&openid=sns_wa_oWJzS5Ao3_CqNd8cZxo1rf8tFflU&mid=&merchid=&authkey=&timestamp=1561780205111 yoxwechatbusinessModel::set_user:BEGIN
[2019-06-29 11:50:05] trace  /app/ewei_shopv2_api.php?i=2&r=diypage&id=6&comefrom=wxapp&openid=sns_wa_oWJzS5Ao3_CqNd8cZxo1rf8tFflU&mid=&merchid=&authkey=&timestamp=1561780205126 yoxwechatbusinessModel::set_user:END
[2019-06-29 11:50:05] trace  /app/ewei_shopv2_api.php?i=2&r=diypage&type=6&comefrom=wxapp&openid=sns_wa_oWJzS5Ao3_CqNd8cZxo1rf8tFflU&mid=&merchid=&authkey=&timestamp=1561780205111 yoxwechatbusinessModel::set_user:END
[2019-06-29 11:50:10] trace  /app/ewei_shopv2_api.php?i=2&r=shop.get_hasnewcoupon&comefrom=wxapp&openid=sns_wa_oWJzS5Ao3_CqNd8cZxo1rf8tFflU&mid=&merchid=&authkey=&timestamp=1561780210289 yoxwechatbusinessModel::set_user:BEGIN
[2019-06-29 11:50:10] trace  /app/ewei_shopv2_api.php?i=2&r=shop.get_hasnewcoupon&comefrom=wxapp&openid=sns_wa_oWJzS5Ao3_CqNd8cZxo1rf8tFflU&mid=&merchid=&authkey=&timestamp=1561780210289 yoxwechatbusinessModel::set_user:END
[2019-06-29 11:50:10] trace  /app/ewei_shopv2_api.php?i=2&r=shop.get_shopindex&comefrom=wxapp&openid=sns_wa_oWJzS5Ao3_CqNd8cZxo1rf8tFflU&mid=&merchid=&authkey=&timestamp=1561780210286 yoxwechatbusinessModel::set_user:BEGIN
[2019-06-29 11:50:10] trace  /app/ewei_shopv2_api.php?i=2&r=shop.get_cpinfos&comefrom=wxapp&openid=sns_wa_oWJzS5Ao3_CqNd8cZxo1rf8tFflU&mid=&merchid=&authkey=&timestamp=1561780210291 yoxwechatbusinessModel::set_user:BEGIN
[2019-06-29 11:50:10] trace  /app/ewei_shopv2_api.php?i=2&r=shop.get_shopindex&comefrom=wxapp&openid=sns_wa_oWJzS5Ao3_CqNd8cZxo1rf8tFflU&mid=&merchid=&authkey=&timestamp=1561780210286 yoxwechatbusinessModel::set_user:END
[2019-06-29 11:50:10] trace  /app/ewei_shopv2_api.php?i=2&r=shop.get_cpinfos&comefrom=wxapp&openid=sns_wa_oWJzS5Ao3_CqNd8cZxo1rf8tFflU&mid=&merchid=&authkey=&timestamp=1561780210291 yoxwechatbusinessModel::set_user:END
[2019-06-29 11:50:11] trace  /app/ewei_shopv2_api.php?i=2&r=diypage&id=7&comefrom=wxapp&openid=sns_wa_oWJzS5Ao3_CqNd8cZxo1rf8tFflU&mid=&merchid=&authkey=&timestamp=1561780210846 yoxwechatbusinessModel::set_user:BEGIN
[2019-06-29 11:50:11] trace  /app/ewei_shopv2_api.php?i=2&r=diypage&id=7&comefrom=wxapp&openid=sns_wa_oWJzS5Ao3_CqNd8cZxo1rf8tFflU&mid=&merchid=&authkey=&timestamp=1561780210846 yoxwechatbusinessModel::set_user:END
[2019-06-29 11:50:10] trace  /app/ewei_shopv2_api.php?i=2&r=diypage&type=7&comefrom=wxapp&openid=sns_wa_oWJzS5Ao3_CqNd8cZxo1rf8tFflU&mid=&merchid=&authkey=&timestamp=1561780210831 yoxwechatbusinessModel::set_user:BEGIN
[2019-06-29 11:50:10] trace  /app/ewei_shopv2_api.php?i=2&r=diypage&type=7&comefrom=wxapp&openid=sns_wa_oWJzS5Ao3_CqNd8cZxo1rf8tFflU&mid=&merchid=&authkey=&timestamp=1561780210831 yoxwechatbusinessModel::set_user:END
[2019-06-29 11:50:12] trace  /app/ewei_shopv2_api.php?i=2&r=shop.get_cpinfos&comefrom=wxapp&openid=sns_wa_oWJzS5Ao3_CqNd8cZxo1rf8tFflU&mid=&merchid=&authkey=&timestamp=1561780212287 yoxwechatbusinessModel::set_user:BEGIN
[2019-06-29 11:50:12] trace  /app/ewei_shopv2_api.php?i=2&r=shop.get_shopindex&comefrom=wxapp&openid=sns_wa_oWJzS5Ao3_CqNd8cZxo1rf8tFflU&mid=&merchid=&authkey=&timestamp=1561780212282 yoxwechatbusinessModel::set_user:BEGIN
[2019-06-29 11:50:12] trace  /app/ewei_shopv2_api.php?i=2&r=shop.get_cpinfos&comefrom=wxapp&openid=sns_wa_oWJzS5Ao3_CqNd8cZxo1rf8tFflU&mid=&merchid=&authkey=&timestamp=1561780212287 yoxwechatbusinessModel::set_user:END
[2019-06-29 11:50:12] trace  /app/ewei_shopv2_api.php?i=2&r=shop.get_shopindex&comefrom=wxapp&openid=sns_wa_oWJzS5Ao3_CqNd8cZxo1rf8tFflU&mid=&merchid=&authkey=&timestamp=1561780212282 yoxwechatbusinessModel::set_user:END
[2019-06-29 11:50:12] trace  /app/ewei_shopv2_api.php?i=2&r=shop.get_hasnewcoupon&comefrom=wxapp&openid=sns_wa_oWJzS5Ao3_CqNd8cZxo1rf8tFflU&mid=&merchid=&authkey=&timestamp=1561780212285 yoxwechatbusinessModel::set_user:BEGIN
[2019-06-29 11:50:12] trace  /app/ewei_shopv2_api.php?i=2&r=shop.get_hasnewcoupon&comefrom=wxapp&openid=sns_wa_oWJzS5Ao3_CqNd8cZxo1rf8tFflU&mid=&merchid=&authkey=&timestamp=1561780212285 yoxwechatbusinessModel::set_user:END
[2019-06-29 11:50:13] trace  /app/ewei_shopv2_api.php?i=2&r=diypage&type=7&comefrom=wxapp&openid=sns_wa_oWJzS5Ao3_CqNd8cZxo1rf8tFflU&mid=&merchid=&authkey=&timestamp=1561780212963 yoxwechatbusinessModel::set_user:BEGIN
[2019-06-29 11:50:13] trace  /app/ewei_shopv2_api.php?i=2&r=diypage&type=7&comefrom=wxapp&openid=sns_wa_oWJzS5Ao3_CqNd8cZxo1rf8tFflU&mid=&merchid=&authkey=&timestamp=1561780212963 yoxwechatbusinessModel::set_user:END
[2019-06-29 11:50:13] trace  /app/ewei_shopv2_api.php?i=2&r=diypage&id=7&comefrom=wxapp&openid=sns_wa_oWJzS5Ao3_CqNd8cZxo1rf8tFflU&mid=&merchid=&authkey=&timestamp=1561780212977 yoxwechatbusinessModel::set_user:BEGIN
[2019-06-29 11:50:13] trace  /app/ewei_shopv2_api.php?i=2&r=diypage&id=7&comefrom=wxapp&openid=sns_wa_oWJzS5Ao3_CqNd8cZxo1rf8tFflU&mid=&merchid=&authkey=&timestamp=1561780212977 yoxwechatbusinessModel::set_user:END
[2019-06-29 11:50:16] trace  /app/ewei_shopv2_api.php?i=2&r=yoxfriendscircle.friendscircle_list&isajax=1&page=1&comefrom=wxapp&openid=sns_wa_oWJzS5Ao3_CqNd8cZxo1rf8tFflU&mid=&merchid=&authkey=&timestamp=1561780215862 yoxwechatbusinessModel::set_user:BEGIN
[2019-06-29 11:50:16] trace  /app/ewei_shopv2_api.php?i=2&r=yoxfriendscircle.friendscircle_list&isajax=1&page=1&comefrom=wxapp&openid=sns_wa_oWJzS5Ao3_CqNd8cZxo1rf8tFflU&mid=&merchid=&authkey=&timestamp=1561780215862 yoxwechatbusinessModel::set_user:END
[2019-06-29 11:50:41] trace  /app/ewei_shopv2_api.php?i=2&r=diypage&id=7&comefrom=wxapp&openid=sns_wa_oWJzS5Ao3_CqNd8cZxo1rf8tFflU&mid=&merchid=&authkey=&timestamp=1561780241614 yoxwechatbusinessModel::set_user:BEGIN
[2019-06-29 11:50:41] trace  /app/ewei_shopv2_api.php?i=2&r=diypage&id=7&comefrom=wxapp&openid=sns_wa_oWJzS5Ao3_CqNd8cZxo1rf8tFflU&mid=&merchid=&authkey=&timestamp=1561780241614 yoxwechatbusinessModel::set_user:END
[2019-06-29 11:50:43] trace  /app/ewei_shopv2_api.php?i=2&r=yoxarticlevideo.article&isajax=1&comefrom=wxapp&openid=sns_wa_oWJzS5Ao3_CqNd8cZxo1rf8tFflU&mid=&merchid=&authkey=&timestamp=1561780243533 yoxwechatbusinessModel::set_user:BEGIN
[2019-06-29 11:50:43] trace  /app/ewei_shopv2_api.php?i=2&r=yoxarticlevideo.article&isajax=1&comefrom=wxapp&openid=sns_wa_oWJzS5Ao3_CqNd8cZxo1rf8tFflU&mid=&merchid=&authkey=&timestamp=1561780243533 yoxwechatbusinessModel::set_user:END
[2019-06-29 11:50:43] trace  /app/ewei_shopv2_api.php?i=2&r=yoxarticlevideo.video&isajax=1&comefrom=wxapp&openid=sns_wa_oWJzS5Ao3_CqNd8cZxo1rf8tFflU&mid=&merchid=&authkey=&timestamp=1561780243537 yoxwechatbusinessModel::set_user:BEGIN
[2019-06-29 11:50:43] trace  /app/ewei_shopv2_api.php?i=2&r=yoxarticlevideo.video&isajax=1&comefrom=wxapp&openid=sns_wa_oWJzS5Ao3_CqNd8cZxo1rf8tFflU&mid=&merchid=&authkey=&timestamp=1561780243537 yoxwechatbusinessModel::set_user:END
[2019-06-29 11:50:48] trace  /app/ewei_shopv2_api.php?i=2&r=yoxarticlevideo.edit&isajax=1&id=86&comefrom=wxapp&openid=sns_wa_oWJzS5Ao3_CqNd8cZxo1rf8tFflU&mid=&merchid=&authkey=&timestamp=1561780248660 yoxwechatbusinessModel::set_user:BEGIN
[2019-06-29 11:50:48] trace  /app/ewei_shopv2_api.php?i=2&r=yoxarticlevideo.edit&isajax=1&id=86&comefrom=wxapp&openid=sns_wa_oWJzS5Ao3_CqNd8cZxo1rf8tFflU&mid=&merchid=&authkey=&timestamp=1561780248660 yoxwechatbusinessModel::set_user:END
[2019-06-29 11:51:11] trace  /app/ewei_shopv2_api.php?i=2&r=diypage&id=7&comefrom=wxapp&openid=sns_wa_oWJzS5Ao3_CqNd8cZxo1rf8tFflU&mid=&merchid=&authkey=&timestamp=1561780271760 yoxwechatbusinessModel::set_user:BEGIN
[2019-06-29 11:51:11] trace  /app/ewei_shopv2_api.php?i=2&r=diypage&id=7&comefrom=wxapp&openid=sns_wa_oWJzS5Ao3_CqNd8cZxo1rf8tFflU&mid=&merchid=&authkey=&timestamp=1561780271760 yoxwechatbusinessModel::set_user:END
[2019-06-29 11:51:12] trace  /app/ewei_shopv2_api.php?i=2&r=yoxarticlevideo.article&isajax=1&comefrom=wxapp&openid=sns_wa_oWJzS5Ao3_CqNd8cZxo1rf8tFflU&mid=&merchid=&authkey=&timestamp=1561780272584 yoxwechatbusinessModel::set_user:BEGIN
[2019-06-29 11:51:12] trace  /app/ewei_shopv2_api.php?i=2&r=yoxarticlevideo.video&isajax=1&comefrom=wxapp&openid=sns_wa_oWJzS5Ao3_CqNd8cZxo1rf8tFflU&mid=&merchid=&authkey=&timestamp=1561780272587 yoxwechatbusinessModel::set_user:BEGIN
[2019-06-29 11:51:12] trace  /app/ewei_shopv2_api.php?i=2&r=yoxarticlevideo.article&isajax=1&comefrom=wxapp&openid=sns_wa_oWJzS5Ao3_CqNd8cZxo1rf8tFflU&mid=&merchid=&authkey=&timestamp=1561780272584 yoxwechatbusinessModel::set_user:END
[2019-06-29 11:51:12] trace  /app/ewei_shopv2_api.php?i=2&r=yoxarticlevideo.video&isajax=1&comefrom=wxapp&openid=sns_wa_oWJzS5Ao3_CqNd8cZxo1rf8tFflU&mid=&merchid=&authkey=&timestamp=1561780272587 yoxwechatbusinessModel::set_user:END
[2019-06-29 11:51:16] trace  /app/ewei_shopv2_api.php?i=2&r=diypage&id=7&comefrom=wxapp&openid=sns_wa_oWJzS5Ao3_CqNd8cZxo1rf8tFflU&mid=&merchid=&authkey=&timestamp=1561780276253 yoxwechatbusinessModel::set_user:BEGIN
[2019-06-29 11:51:16] trace  /app/ewei_shopv2_api.php?i=2&r=diypage&id=7&comefrom=wxapp&openid=sns_wa_oWJzS5Ao3_CqNd8cZxo1rf8tFflU&mid=&merchid=&authkey=&timestamp=1561780276253 yoxwechatbusinessModel::set_user:END
[2019-06-29 11:51:17] trace  /app/ewei_shopv2_api.php?i=2&r=yoxdiy.template_list&isajax=1&comefrom=wxapp&openid=sns_wa_oWJzS5Ao3_CqNd8cZxo1rf8tFflU&mid=&merchid=&authkey=&timestamp=1561780277164 yoxwechatbusinessModel::set_user:BEGIN
[2019-06-29 11:51:17] trace  /app/ewei_shopv2_api.php?i=2&r=yoxdiy.template_list&isajax=1&comefrom=wxapp&openid=sns_wa_oWJzS5Ao3_CqNd8cZxo1rf8tFflU&mid=&merchid=&authkey=&timestamp=1561780277164 yoxwechatbusinessModel::set_user:END
[2019-06-29 11:51:24] trace  /app/ewei_shopv2_api.php?i=2&r=diypage&id=7&comefrom=wxapp&openid=sns_wa_oWJzS5Ao3_CqNd8cZxo1rf8tFflU&mid=&merchid=&authkey=&timestamp=1561780284751 yoxwechatbusinessModel::set_user:BEGIN
[2019-06-29 11:51:24] trace  /app/ewei_shopv2_api.php?i=2&r=diypage&id=7&comefrom=wxapp&openid=sns_wa_oWJzS5Ao3_CqNd8cZxo1rf8tFflU&mid=&merchid=&authkey=&timestamp=1561780284751 yoxwechatbusinessModel::set_user:END
[2019-06-29 11:51:25] trace  /app/ewei_shopv2_api.php?i=2&r=yoxdiy.template_list&isajax=1&comefrom=wxapp&openid=sns_wa_oWJzS5Ao3_CqNd8cZxo1rf8tFflU&mid=&merchid=&authkey=&timestamp=1561780285617 yoxwechatbusinessModel::set_user:BEGIN
[2019-06-29 11:51:25] trace  /app/ewei_shopv2_api.php?i=2&r=yoxdiy.template_list&isajax=1&comefrom=wxapp&openid=sns_wa_oWJzS5Ao3_CqNd8cZxo1rf8tFflU&mid=&merchid=&authkey=&timestamp=1561780285617 yoxwechatbusinessModel::set_user:END
[2019-06-29 11:51:27] trace  /app/ewei_shopv2_api.php?i=2&r=diypage&id=7&comefrom=wxapp&openid=sns_wa_oWJzS5Ao3_CqNd8cZxo1rf8tFflU&mid=&merchid=&authkey=&timestamp=1561780287683 yoxwechatbusinessModel::set_user:BEGIN
[2019-06-29 11:51:27] trace  /app/ewei_shopv2_api.php?i=2&r=diypage&id=7&comefrom=wxapp&openid=sns_wa_oWJzS5Ao3_CqNd8cZxo1rf8tFflU&mid=&merchid=&authkey=&timestamp=1561780287683 yoxwechatbusinessModel::set_user:END
[2019-06-29 11:51:28] trace  /app/ewei_shopv2_api.php?i=2&r=shop.get_hasnewcoupon&comefrom=wxapp&openid=sns_wa_oWJzS5Ao3_CqNd8cZxo1rf8tFflU&mid=&merchid=&authkey=&timestamp=1561780288318 yoxwechatbusinessModel::set_user:BEGIN
[2019-06-29 11:51:28] trace  /app/ewei_shopv2_api.php?i=2&r=shop.get_shopindex&comefrom=wxapp&openid=sns_wa_oWJzS5Ao3_CqNd8cZxo1rf8tFflU&mid=&merchid=&authkey=&timestamp=1561780288313 yoxwechatbusinessModel::set_user:BEGIN
[2019-06-29 11:51:28] trace  /app/ewei_shopv2_api.php?i=2&r=shop.get_hasnewcoupon&comefrom=wxapp&openid=sns_wa_oWJzS5Ao3_CqNd8cZxo1rf8tFflU&mid=&merchid=&authkey=&timestamp=1561780288318 yoxwechatbusinessModel::set_user:END
[2019-06-29 11:51:28] trace  /app/ewei_shopv2_api.php?i=2&r=shop.get_shopindex&comefrom=wxapp&openid=sns_wa_oWJzS5Ao3_CqNd8cZxo1rf8tFflU&mid=&merchid=&authkey=&timestamp=1561780288313 yoxwechatbusinessModel::set_user:END
[2019-06-29 11:51:28] trace  /app/ewei_shopv2_api.php?i=2&r=shop.get_cpinfos&comefrom=wxapp&openid=sns_wa_oWJzS5Ao3_CqNd8cZxo1rf8tFflU&mid=&merchid=&authkey=&timestamp=1561780288320 yoxwechatbusinessModel::set_user:BEGIN
[2019-06-29 11:51:28] trace  /app/ewei_shopv2_api.php?i=2&r=shop.get_cpinfos&comefrom=wxapp&openid=sns_wa_oWJzS5Ao3_CqNd8cZxo1rf8tFflU&mid=&merchid=&authkey=&timestamp=1561780288320 yoxwechatbusinessModel::set_user:END
[2019-06-29 11:57:54] trace  /app/ewei_shopv2_api.php?i=2&r=black&comefrom=wxapp&openid=sns_wa_oWJzS5JtL8zUaQcitPV6YQ9E-HDE&authkey=Y2MyMGxia2J6SlE4TjA3TVVGcHh0cS9POE1GQi9lb2Y1UHNUK2dPQ1EwT2Zhc3ZvelY4eExDa3Qwb1g2bDNaOWZ0djZ6U3hlN3hZVmY5RlB5VG9mbUJYVjR1QmIxR0RwcVIzeGxiSkF0MmRPblE%3D&timestamp=1561780673373 yoxwechatbusinessModel::set_user:BEGIN
[2019-06-29 11:57:54] trace  /app/ewei_shopv2_api.php?i=2&r=shop.get_hasnewcoupon&comefrom=wxapp&openid=sns_wa_oWJzS5JtL8zUaQcitPV6YQ9E-HDE&mid=&merchid=&authkey=Y2MyMGxia2J6SlE4TjA3TVVGcHh0cS9POE1GQi9lb2Y1UHNUK2dPQ1EwT2Zhc3ZvelY4eExDa3Qwb1g2bDNaOWZ0djZ6U3hlN3hZVmY5RlB5VG9mbUJYVjR1QmIxR0RwcVIzeGxiSkF0MmRPblE%3D&timestamp=1561780673421 yoxwechatbusinessModel::set_user:BEGIN
[2019-06-29 11:57:54] trace  /app/ewei_shopv2_api.php?i=2&r=shop.get_shopindex&comefrom=wxapp&openid=sns_wa_oWJzS5JtL8zUaQcitPV6YQ9E-HDE&mid=&merchid=&authkey=Y2MyMGxia2J6SlE4TjA3TVVGcHh0cS9POE1GQi9lb2Y1UHNUK2dPQ1EwT2Zhc3ZvelY4eExDa3Qwb1g2bDNaOWZ0djZ6U3hlN3hZVmY5RlB5VG9mbUJYVjR1QmIxR0RwcVIzeGxiSkF0MmRPblE%3D&timestamp=1561780673416 yoxwechatbusinessModel::set_user:BEGIN
[2019-06-29 11:57:54] trace  /app/ewei_shopv2_api.php?i=2&r=diypage&type=home&comefrom=wxapp&openid=sns_wa_oWJzS5JtL8zUaQcitPV6YQ9E-HDE&mid=&merchid=&authkey=Y2MyMGxia2J6SlE4TjA3TVVGcHh0cS9POE1GQi9lb2Y1UHNUK2dPQ1EwT2Zhc3ZvelY4eExDa3Qwb1g2bDNaOWZ0djZ6U3hlN3hZVmY5RlB5VG9mbUJYVjR1QmIxR0RwcVIzeGxiSkF0MmRPblE%3D&timestamp=1561780673388 yoxwechatbusinessModel::set_user:BEGIN
[2019-06-29 11:57:54] trace  /app/ewei_shopv2_api.php?i=2&r=shop.get_cpinfos&comefrom=wxapp&openid=sns_wa_oWJzS5JtL8zUaQcitPV6YQ9E-HDE&mid=&merchid=&authkey=Y2MyMGxia2J6SlE4TjA3TVVGcHh0cS9POE1GQi9lb2Y1UHNUK2dPQ1EwT2Zhc3ZvelY4eExDa3Qwb1g2bDNaOWZ0djZ6U3hlN3hZVmY5RlB5VG9mbUJYVjR1QmIxR0RwcVIzeGxiSkF0MmRPblE%3D&timestamp=1561780673425 yoxwechatbusinessModel::set_user:BEGIN
