[2019-07-28 06:13:54] trace  /app/ewei_shopv2_api.php?i=2&r=shop.get_cpinfos&comefrom=wxapp&openid=sns_wa_oWJzS5MInDZYlJo0Nxm8LF19Jum4&mid=&merchid=&authkey=&timestamp=1564265636826 yoxwechatbusinessModel::set_user:BEGIN
[2019-07-28 06:13:54] trace  /app/ewei_shopv2_api.php?i=2&r=shop.get_cpinfos&comefrom=wxapp&openid=sns_wa_oWJzS5MInDZYlJo0Nxm8LF19Jum4&mid=&merchid=&authkey=&timestamp=1564265636826 yoxwechatbusinessModel::set_user:END
[2019-07-28 06:13:54] trace  /app/ewei_shopv2_api.php?i=2&r=diypage&type=home&comefrom=wxapp&openid=sns_wa_oWJzS5MInDZYlJo0Nxm8LF19Jum4&mid=&merchid=&authkey=&timestamp=1564265636685 yoxwechatbusinessModel::set_user:BEGIN
[2019-07-28 06:13:54] trace  /app/ewei_shopv2_api.php?i=2&r=diypage&type=home&comefrom=wxapp&openid=sns_wa_oWJzS5MInDZYlJo0Nxm8LF19Jum4&mid=&merchid=&authkey=&timestamp=1564265636685 yoxwechatbusinessModel::set_user:END
[2019-07-28 06:13:54] trace  /app/ewei_shopv2_api.php?i=2&r=shop.get_hasnewcoupon&comefrom=wxapp&openid=sns_wa_oWJzS5MInDZYlJo0Nxm8LF19Jum4&mid=&merchid=&authkey=&timestamp=1564265636806 yoxwechatbusinessModel::set_user:BEGIN
[2019-07-28 06:13:54] trace  /app/ewei_shopv2_api.php?i=2&r=shop.get_hasnewcoupon&comefrom=wxapp&openid=sns_wa_oWJzS5MInDZYlJo0Nxm8LF19Jum4&mid=&merchid=&authkey=&timestamp=1564265636806 yoxwechatbusinessModel::set_user:END
[2019-07-28 06:13:54] trace  /app/ewei_shopv2_api.php?i=2&r=shop.get_shopindex&comefrom=wxapp&openid=sns_wa_oWJzS5MInDZYlJo0Nxm8LF19Jum4&mid=&merchid=&authkey=&timestamp=1564265636790 yoxwechatbusinessModel::set_user:BEGIN
[2019-07-28 06:13:54] trace  /app/ewei_shopv2_api.php?i=2&r=shop.get_shopindex&comefrom=wxapp&openid=sns_wa_oWJzS5MInDZYlJo0Nxm8LF19Jum4&mid=&merchid=&authkey=&timestamp=1564265636790 yoxwechatbusinessModel::set_user:END
[2019-07-28 06:13:54] trace  /app/ewei_shopv2_api.php?i=2&r=black&comefrom=wxapp&openid=sns_wa_oWJzS5MInDZYlJo0Nxm8LF19Jum4&authkey=&timestamp=1564265636599 yoxwechatbusinessModel::set_user:BEGIN
[2019-07-28 06:13:54] trace  /app/ewei_shopv2_api.php?i=2&r=black&comefrom=wxapp&openid=sns_wa_oWJzS5MInDZYlJo0Nxm8LF19Jum4&authkey=&timestamp=1564265636599 yoxwechatbusinessModel::set_user:END
[2019-07-28 06:14:02] trace  /app/ewei_shopv2_api.php?i=2&r=shop.get_category&comefrom=wxapp&openid=sns_wa_oWJzS5MInDZYlJo0Nxm8LF19Jum4&mid=&merchid=&authkey=MTIyNWd0c1o5Uml6RFZGaEhJYXlwZjRZczJSQzNXMVhRa2FuUHlCVS9lUDJES1Rqem91ZWhTdG5Nbk5NQnR6emlEanhtSHJNbFo4Q2VtZmxzVy9DcGxsdUZlOA%3D%3D&timestamp=1564265646422 yoxwechatbusinessModel::set_user:BEGIN
[2019-07-28 06:14:02] trace  /app/ewei_shopv2_api.php?i=2&r=shop.get_category&comefrom=wxapp&openid=sns_wa_oWJzS5MInDZYlJo0Nxm8LF19Jum4&mid=&merchid=&authkey=MTIyNWd0c1o5Uml6RFZGaEhJYXlwZjRZczJSQzNXMVhRa2FuUHlCVS9lUDJES1Rqem91ZWhTdG5Nbk5NQnR6emlEanhtSHJNbFo4Q2VtZmxzVy9DcGxsdUZlOA%3D%3D&timestamp=1564265646422 yoxwechatbusinessModel::set_user:END
[2019-07-28 06:14:06] trace  /app/ewei_shopv2_api.php?i=2&r=diypage&type=goodsdetail&comefrom=wxapp&openid=sns_wa_oWJzS5MInDZYlJo0Nxm8LF19Jum4&mid=&merchid=&authkey=&timestamp=1564265650516 yoxwechatbusinessModel::set_user:BEGIN
[2019-07-28 06:14:06] trace  /app/ewei_shopv2_api.php?i=2&r=diypage&type=goodsdetail&comefrom=wxapp&openid=sns_wa_oWJzS5MInDZYlJo0Nxm8LF19Jum4&mid=&merchid=&authkey=&timestamp=1564265650516 yoxwechatbusinessModel::set_user:END
[2019-07-28 06:14:06] trace  /app/ewei_shopv2_api.php?i=2&r=black&comefrom=wxapp&openid=sns_wa_oWJzS5MInDZYlJo0Nxm8LF19Jum4&mid=&merchid=&authkey=&timestamp=1564265650496 yoxwechatbusinessModel::set_user:BEGIN
[2019-07-28 06:14:06] trace  /app/ewei_shopv2_api.php?i=2&r=black&comefrom=wxapp&openid=sns_wa_oWJzS5MInDZYlJo0Nxm8LF19Jum4&mid=&merchid=&authkey=&timestamp=1564265650496 yoxwechatbusinessModel::set_user:END
[2019-07-28 06:14:07] trace  /app/ewei_shopv2_api.php?i=2&r=goods.get_detail&id=66&comefrom=wxapp&openid=sns_wa_oWJzS5MInDZYlJo0Nxm8LF19Jum4&mid=&merchid=&authkey=&timestamp=1564265650609 yoxwechatbusinessModel::set_user:BEGIN
[2019-07-28 06:14:07] trace  /app/ewei_shopv2_api.php?i=2&r=goods.get_detail&id=66&comefrom=wxapp&openid=sns_wa_oWJzS5MInDZYlJo0Nxm8LF19Jum4&mid=&merchid=&authkey=&timestamp=1564265650609 yoxwechatbusinessModel::set_user:END
[2019-07-28 06:14:07] trace  /app/ewei_shopv2_api.php?i=2&r=goods.get_comments&id=66&comefrom=wxapp&openid=sns_wa_oWJzS5MInDZYlJo0Nxm8LF19Jum4&mid=&merchid=&authkey=&timestamp=1564265651489 yoxwechatbusinessModel::set_user:BEGIN
[2019-07-28 06:14:07] trace  /app/ewei_shopv2_api.php?i=2&r=goods.get_comments&id=66&comefrom=wxapp&openid=sns_wa_oWJzS5MInDZYlJo0Nxm8LF19Jum4&mid=&merchid=&authkey=&timestamp=1564265651489 yoxwechatbusinessModel::set_user:END
[2019-07-28 06:14:14] trace  /app/ewei_shopv2_api.php?i=2&r=shop.get_shopindex&comefrom=wxapp&openid=sns_wa_oWJzS5MInDZYlJo0Nxm8LF19Jum4&mid=&merchid=&authkey=&timestamp=1564265658476 yoxwechatbusinessModel::set_user:BEGIN
[2019-07-28 06:14:14] trace  /app/ewei_shopv2_api.php?i=2&r=shop.get_shopindex&comefrom=wxapp&openid=sns_wa_oWJzS5MInDZYlJo0Nxm8LF19Jum4&mid=&merchid=&authkey=&timestamp=1564265658476 yoxwechatbusinessModel::set_user:END
[2019-07-28 06:14:14] trace  /app/ewei_shopv2_api.php?i=2&r=shop.get_hasnewcoupon&comefrom=wxapp&openid=sns_wa_oWJzS5MInDZYlJo0Nxm8LF19Jum4&mid=&merchid=&authkey=&timestamp=1564265658493 yoxwechatbusinessModel::set_user:BEGIN
[2019-07-28 06:14:14] trace  /app/ewei_shopv2_api.php?i=2&r=shop.get_hasnewcoupon&comefrom=wxapp&openid=sns_wa_oWJzS5MInDZYlJo0Nxm8LF19Jum4&mid=&merchid=&authkey=&timestamp=1564265658493 yoxwechatbusinessModel::set_user:END
[2019-07-28 06:14:14] trace  /app/ewei_shopv2_api.php?i=2&r=shop.get_cpinfos&comefrom=wxapp&openid=sns_wa_oWJzS5MInDZYlJo0Nxm8LF19Jum4&mid=&merchid=&authkey=&timestamp=1564265658511 yoxwechatbusinessModel::set_user:BEGIN
[2019-07-28 06:14:14] trace  /app/ewei_shopv2_api.php?i=2&r=shop.get_cpinfos&comefrom=wxapp&openid=sns_wa_oWJzS5MInDZYlJo0Nxm8LF19Jum4&mid=&merchid=&authkey=&timestamp=1564265658511 yoxwechatbusinessModel::set_user:END
[2019-07-28 06:14:16] trace  /app/ewei_shopv2_api.php?i=2&r=black&comefrom=wxapp&openid=sns_wa_oWJzS5MInDZYlJo0Nxm8LF19Jum4&mid=&merchid=&authkey=&timestamp=1564265660304 yoxwechatbusinessModel::set_user:BEGIN
[2019-07-28 06:14:16] trace  /app/ewei_shopv2_api.php?i=2&r=black&comefrom=wxapp&openid=sns_wa_oWJzS5MInDZYlJo0Nxm8LF19Jum4&mid=&merchid=&authkey=&timestamp=1564265660304 yoxwechatbusinessModel::set_user:END
[2019-07-28 06:14:16] trace  /app/ewei_shopv2_api.php?i=2&r=diypage&type=home&comefrom=wxapp&openid=sns_wa_oWJzS5MInDZYlJo0Nxm8LF19Jum4&mid=&merchid=&authkey=&timestamp=1564265660334 yoxwechatbusinessModel::set_user:BEGIN
[2019-07-28 06:14:16] trace  /app/ewei_shopv2_api.php?i=2&r=diypage&type=home&comefrom=wxapp&openid=sns_wa_oWJzS5MInDZYlJo0Nxm8LF19Jum4&mid=&merchid=&authkey=&timestamp=1564265660334 yoxwechatbusinessModel::set_user:END
[2019-07-28 06:14:16] trace  /app/ewei_shopv2_api.php?i=2&r=shop.get_hasnewcoupon&comefrom=wxapp&openid=sns_wa_oWJzS5MInDZYlJo0Nxm8LF19Jum4&mid=&merchid=&authkey=&timestamp=1564265660387 yoxwechatbusinessModel::set_user:BEGIN
[2019-07-28 06:14:16] trace  /app/ewei_shopv2_api.php?i=2&r=shop.get_hasnewcoupon&comefrom=wxapp&openid=sns_wa_oWJzS5MInDZYlJo0Nxm8LF19Jum4&mid=&merchid=&authkey=&timestamp=1564265660387 yoxwechatbusinessModel::set_user:END
[2019-07-28 06:14:16] trace  /app/ewei_shopv2_api.php?i=2&r=shop.get_shopindex&comefrom=wxapp&openid=sns_wa_oWJzS5MInDZYlJo0Nxm8LF19Jum4&mid=&merchid=&authkey=&timestamp=1564265660370 yoxwechatbusinessModel::set_user:BEGIN
[2019-07-28 06:14:16] trace  /app/ewei_shopv2_api.php?i=2&r=shop.get_shopindex&comefrom=wxapp&openid=sns_wa_oWJzS5MInDZYlJo0Nxm8LF19Jum4&mid=&merchid=&authkey=&timestamp=1564265660370 yoxwechatbusinessModel::set_user:END
[2019-07-28 06:14:17] trace  /app/ewei_shopv2_api.php?i=2&r=shop.get_cpinfos&comefrom=wxapp&openid=sns_wa_oWJzS5MInDZYlJo0Nxm8LF19Jum4&mid=&merchid=&authkey=&timestamp=1564265660403 yoxwechatbusinessModel::set_user:BEGIN
[2019-07-28 06:14:17] trace  /app/ewei_shopv2_api.php?i=2&r=shop.get_cpinfos&comefrom=wxapp&openid=sns_wa_oWJzS5MInDZYlJo0Nxm8LF19Jum4&mid=&merchid=&authkey=&timestamp=1564265660403 yoxwechatbusinessModel::set_user:END
[2019-07-28 06:14:17] trace  /app/ewei_shopv2_api.php?i=2&r=black&comefrom=wxapp&openid=sns_wa_oWJzS5MInDZYlJo0Nxm8LF19Jum4&mid=&merchid=&authkey=&timestamp=1564265660821 yoxwechatbusinessModel::set_user:BEGIN
[2019-07-28 06:14:17] trace  /app/ewei_shopv2_api.php?i=2&r=black&comefrom=wxapp&openid=sns_wa_oWJzS5MInDZYlJo0Nxm8LF19Jum4&mid=&merchid=&authkey=&timestamp=1564265660821 yoxwechatbusinessModel::set_user:END
[2019-07-28 06:14:17] trace  /app/ewei_shopv2_api.php?i=2&r=diypage&type=home&comefrom=wxapp&openid=sns_wa_oWJzS5MInDZYlJo0Nxm8LF19Jum4&mid=&merchid=&authkey=&timestamp=1564265660863 yoxwechatbusinessModel::set_user:BEGIN
[2019-07-28 06:14:17] trace  /app/ewei_shopv2_api.php?i=2&r=diypage&type=home&comefrom=wxapp&openid=sns_wa_oWJzS5MInDZYlJo0Nxm8LF19Jum4&mid=&merchid=&authkey=&timestamp=1564265660863 yoxwechatbusinessModel::set_user:END
[2019-07-28 06:14:17] trace  /app/ewei_shopv2_api.php?i=2&r=shop.get_shopindex&comefrom=wxapp&openid=sns_wa_oWJzS5MInDZYlJo0Nxm8LF19Jum4&mid=&merchid=&authkey=&timestamp=1564265660937 yoxwechatbusinessModel::set_user:BEGIN
[2019-07-28 06:14:17] trace  /app/ewei_shopv2_api.php?i=2&r=shop.get_shopindex&comefrom=wxapp&openid=sns_wa_oWJzS5MInDZYlJo0Nxm8LF19Jum4&mid=&merchid=&authkey=&timestamp=1564265660937 yoxwechatbusinessModel::set_user:END
[2019-07-28 06:14:17] trace  /app/ewei_shopv2_api.php?i=2&r=shop.get_cpinfos&comefrom=wxapp&openid=sns_wa_oWJzS5MInDZYlJo0Nxm8LF19Jum4&mid=&merchid=&authkey=&timestamp=1564265660980 yoxwechatbusinessModel::set_user:BEGIN
[2019-07-28 06:14:17] trace  /app/ewei_shopv2_api.php?i=2&r=shop.get_cpinfos&comefrom=wxapp&openid=sns_wa_oWJzS5MInDZYlJo0Nxm8LF19Jum4&mid=&merchid=&authkey=&timestamp=1564265660980 yoxwechatbusinessModel::set_user:END
[2019-07-28 06:14:17] trace  /app/ewei_shopv2_api.php?i=2&r=shop.get_hasnewcoupon&comefrom=wxapp&openid=sns_wa_oWJzS5MInDZYlJo0Nxm8LF19Jum4&mid=&merchid=&authkey=&timestamp=1564265660959 yoxwechatbusinessModel::set_user:BEGIN
[2019-07-28 06:14:17] trace  /app/ewei_shopv2_api.php?i=2&r=shop.get_hasnewcoupon&comefrom=wxapp&openid=sns_wa_oWJzS5MInDZYlJo0Nxm8LF19Jum4&mid=&merchid=&authkey=&timestamp=1564265660959 yoxwechatbusinessModel::set_user:END
[2019-07-28 06:14:19] trace  /app/ewei_shopv2_api.php?i=2&r=shop.get_hasnewcoupon&comefrom=wxapp&openid=sns_wa_oWJzS5MInDZYlJo0Nxm8LF19Jum4&mid=&merchid=&authkey=&timestamp=1564265663060 yoxwechatbusinessModel::set_user:BEGIN
[2019-07-28 06:14:19] trace  /app/ewei_shopv2_api.php?i=2&r=shop.get_hasnewcoupon&comefrom=wxapp&openid=sns_wa_oWJzS5MInDZYlJo0Nxm8LF19Jum4&mid=&merchid=&authkey=&timestamp=1564265663060 yoxwechatbusinessModel::set_user:END
[2019-07-28 06:14:19] trace  /app/ewei_shopv2_api.php?i=2&r=shop.get_shopindex&comefrom=wxapp&openid=sns_wa_oWJzS5MInDZYlJo0Nxm8LF19Jum4&mid=&merchid=&authkey=&timestamp=1564265663017 yoxwechatbusinessModel::set_user:BEGIN
[2019-07-28 06:14:19] trace  /app/ewei_shopv2_api.php?i=2&r=shop.get_shopindex&comefrom=wxapp&openid=sns_wa_oWJzS5MInDZYlJo0Nxm8LF19Jum4&mid=&merchid=&authkey=&timestamp=1564265663017 yoxwechatbusinessModel::set_user:END
[2019-07-28 06:14:19] trace  /app/ewei_shopv2_api.php?i=2&r=shop.get_cpinfos&comefrom=wxapp&openid=sns_wa_oWJzS5MInDZYlJo0Nxm8LF19Jum4&mid=&merchid=&authkey=&timestamp=1564265663083 yoxwechatbusinessModel::set_user:BEGIN
[2019-07-28 06:14:19] trace  /app/ewei_shopv2_api.php?i=2&r=shop.get_cpinfos&comefrom=wxapp&openid=sns_wa_oWJzS5MInDZYlJo0Nxm8LF19Jum4&mid=&merchid=&authkey=&timestamp=1564265663083 yoxwechatbusinessModel::set_user:END
[2019-07-28 06:14:21] trace  /app/ewei_shopv2_api.php?i=2&r=groups&comefrom=wxapp&openid=sns_wa_oWJzS5MInDZYlJo0Nxm8LF19Jum4&mid=&merchid=&authkey=&timestamp=1564265664887 yoxwechatbusinessModel::set_user:BEGIN
[2019-07-28 06:14:21] trace  /app/ewei_shopv2_api.php?i=2&r=groups&comefrom=wxapp&openid=sns_wa_oWJzS5MInDZYlJo0Nxm8LF19Jum4&mid=&merchid=&authkey=&timestamp=1564265664887 yoxwechatbusinessModel::set_user:END
[2019-07-28 06:14:23] trace  /app/ewei_shopv2_api.php?i=2&r=groups.team&success=&page=1&comefrom=wxapp&openid=sns_wa_oWJzS5MInDZYlJo0Nxm8LF19Jum4&mid=&merchid=&authkey=&timestamp=1564265667707 yoxwechatbusinessModel::set_user:BEGIN
[2019-07-28 06:14:23] trace  /app/ewei_shopv2_api.php?i=2&r=groups.team&success=&page=1&comefrom=wxapp&openid=sns_wa_oWJzS5MInDZYlJo0Nxm8LF19Jum4&mid=&merchid=&authkey=&timestamp=1564265667707 yoxwechatbusinessModel::set_user:END
[2019-07-28 06:14:27] trace  /app/ewei_shopv2_api.php?i=2&r=seckill.get_list&comefrom=wxapp&openid=sns_wa_oWJzS5MInDZYlJo0Nxm8LF19Jum4&mid=&merchid=&authkey=&timestamp=1564265670978 yoxwechatbusinessModel::set_user:BEGIN
[2019-07-28 06:14:27] trace  /app/ewei_shopv2_api.php?i=2&r=seckill.get_list&comefrom=wxapp&openid=sns_wa_oWJzS5MInDZYlJo0Nxm8LF19Jum4&mid=&merchid=&authkey=&timestamp=1564265670978 yoxwechatbusinessModel::set_user:END
[2019-07-28 06:14:28] trace  /app/ewei_shopv2_api.php?i=2&r=black&comefrom=wxapp&openid=sns_wa_oWJzS5MInDZYlJo0Nxm8LF19Jum4&mid=&merchid=&authkey=&timestamp=1564265672355 yoxwechatbusinessModel::set_user:BEGIN
[2019-07-28 06:14:28] trace  /app/ewei_shopv2_api.php?i=2&r=black&comefrom=wxapp&openid=sns_wa_oWJzS5MInDZYlJo0Nxm8LF19Jum4&mid=&merchid=&authkey=&timestamp=1564265672355 yoxwechatbusinessModel::set_user:END
[2019-07-28 06:14:28] trace  /app/ewei_shopv2_api.php?i=2&r=diypage&type=home&comefrom=wxapp&openid=sns_wa_oWJzS5MInDZYlJo0Nxm8LF19Jum4&mid=&merchid=&authkey=&timestamp=1564265672389 yoxwechatbusinessModel::set_user:BEGIN
[2019-07-28 06:14:28] trace  /app/ewei_shopv2_api.php?i=2&r=diypage&type=home&comefrom=wxapp&openid=sns_wa_oWJzS5MInDZYlJo0Nxm8LF19Jum4&mid=&merchid=&authkey=&timestamp=1564265672389 yoxwechatbusinessModel::set_user:END
[2019-07-28 06:14:28] trace  /app/ewei_shopv2_api.php?i=2&r=shop.get_shopindex&comefrom=wxapp&openid=sns_wa_oWJzS5MInDZYlJo0Nxm8LF19Jum4&mid=&merchid=&authkey=&timestamp=1564265672443 yoxwechatbusinessModel::set_user:BEGIN
[2019-07-28 06:14:28] trace  /app/ewei_shopv2_api.php?i=2&r=shop.get_shopindex&comefrom=wxapp&openid=sns_wa_oWJzS5MInDZYlJo0Nxm8LF19Jum4&mid=&merchid=&authkey=&timestamp=1564265672443 yoxwechatbusinessModel::set_user:END
[2019-07-28 06:14:28] trace  /app/ewei_shopv2_api.php?i=2&r=shop.get_hasnewcoupon&comefrom=wxapp&openid=sns_wa_oWJzS5MInDZYlJo0Nxm8LF19Jum4&mid=&merchid=&authkey=&timestamp=1564265672463 yoxwechatbusinessModel::set_user:BEGIN
[2019-07-28 06:14:28] trace  /app/ewei_shopv2_api.php?i=2&r=shop.get_hasnewcoupon&comefrom=wxapp&openid=sns_wa_oWJzS5MInDZYlJo0Nxm8LF19Jum4&mid=&merchid=&authkey=&timestamp=1564265672463 yoxwechatbusinessModel::set_user:END
[2019-07-28 06:14:29] trace  /app/ewei_shopv2_api.php?i=2&r=shop.get_cpinfos&comefrom=wxapp&openid=sns_wa_oWJzS5MInDZYlJo0Nxm8LF19Jum4&mid=&merchid=&authkey=&timestamp=1564265672484 yoxwechatbusinessModel::set_user:BEGIN
[2019-07-28 06:14:29] trace  /app/ewei_shopv2_api.php?i=2&r=shop.get_cpinfos&comefrom=wxapp&openid=sns_wa_oWJzS5MInDZYlJo0Nxm8LF19Jum4&mid=&merchid=&authkey=&timestamp=1564265672484 yoxwechatbusinessModel::set_user:END
[2019-07-28 06:14:32] trace  /app/ewei_shopv2_api.php?i=2&r=diypage&type=home&comefrom=wxapp&openid=sns_wa_oWJzS5MInDZYlJo0Nxm8LF19Jum4&mid=&merchid=&authkey=&timestamp=1564265676003 yoxwechatbusinessModel::set_user:BEGIN
[2019-07-28 06:14:32] trace  /app/ewei_shopv2_api.php?i=2&r=diypage&type=home&comefrom=wxapp&openid=sns_wa_oWJzS5MInDZYlJo0Nxm8LF19Jum4&mid=&merchid=&authkey=&timestamp=1564265676003 yoxwechatbusinessModel::set_user:END
[2019-07-28 06:14:32] trace  /app/ewei_shopv2_api.php?i=2&r=black&comefrom=wxapp&openid=sns_wa_oWJzS5MInDZYlJo0Nxm8LF19Jum4&mid=&merchid=&authkey=&timestamp=1564265675962 yoxwechatbusinessModel::set_user:BEGIN
[2019-07-28 06:14:32] trace  /app/ewei_shopv2_api.php?i=2&r=black&comefrom=wxapp&openid=sns_wa_oWJzS5MInDZYlJo0Nxm8LF19Jum4&mid=&merchid=&authkey=&timestamp=1564265675962 yoxwechatbusinessModel::set_user:END
[2019-07-28 06:14:32] trace  /app/ewei_shopv2_api.php?i=2&r=shop.get_shopindex&comefrom=wxapp&openid=sns_wa_oWJzS5MInDZYlJo0Nxm8LF19Jum4&mid=&merchid=&authkey=&timestamp=1564265676043 yoxwechatbusinessModel::set_user:BEGIN
[2019-07-28 06:14:32] trace  /app/ewei_shopv2_api.php?i=2&r=shop.get_shopindex&comefrom=wxapp&openid=sns_wa_oWJzS5MInDZYlJo0Nxm8LF19Jum4&mid=&merchid=&authkey=&timestamp=1564265676043 yoxwechatbusinessModel::set_user:END
[2019-07-28 06:14:32] trace  /app/ewei_shopv2_api.php?i=2&r=shop.get_hasnewcoupon&comefrom=wxapp&openid=sns_wa_oWJzS5MInDZYlJo0Nxm8LF19Jum4&mid=&merchid=&authkey=&timestamp=1564265676060 yoxwechatbusinessModel::set_user:BEGIN
[2019-07-28 06:14:32] trace  /app/ewei_shopv2_api.php?i=2&r=shop.get_hasnewcoupon&comefrom=wxapp&openid=sns_wa_oWJzS5MInDZYlJo0Nxm8LF19Jum4&mid=&merchid=&authkey=&timestamp=1564265676060 yoxwechatbusinessModel::set_user:END
[2019-07-28 06:14:32] trace  /app/ewei_shopv2_api.php?i=2&r=shop.get_cpinfos&comefrom=wxapp&openid=sns_wa_oWJzS5MInDZYlJo0Nxm8LF19Jum4&mid=&merchid=&authkey=&timestamp=1564265676081 yoxwechatbusinessModel::set_user:BEGIN
[2019-07-28 06:14:32] trace  /app/ewei_shopv2_api.php?i=2&r=shop.get_cpinfos&comefrom=wxapp&openid=sns_wa_oWJzS5MInDZYlJo0Nxm8LF19Jum4&mid=&merchid=&authkey=&timestamp=1564265676081 yoxwechatbusinessModel::set_user:END
[2019-07-28 06:14:36] trace  /app/ewei_shopv2_api.php?i=2&r=groups&comefrom=wxapp&openid=sns_wa_oWJzS5MInDZYlJo0Nxm8LF19Jum4&mid=&merchid=&authkey=&timestamp=1564265680181 yoxwechatbusinessModel::set_user:BEGIN
[2019-07-28 06:14:36] trace  /app/ewei_shopv2_api.php?i=2&r=groups&comefrom=wxapp&openid=sns_wa_oWJzS5MInDZYlJo0Nxm8LF19Jum4&mid=&merchid=&authkey=&timestamp=1564265680181 yoxwechatbusinessModel::set_user:END
[2019-07-28 06:14:37] trace  /app/ewei_shopv2_api.php?i=2&r=groups.team&success=&page=1&comefrom=wxapp&openid=sns_wa_oWJzS5MInDZYlJo0Nxm8LF19Jum4&mid=&merchid=&authkey=&timestamp=1564265680990 yoxwechatbusinessModel::set_user:BEGIN
[2019-07-28 06:14:37] trace  /app/ewei_shopv2_api.php?i=2&r=groups.team&success=&page=1&comefrom=wxapp&openid=sns_wa_oWJzS5MInDZYlJo0Nxm8LF19Jum4&mid=&merchid=&authkey=&timestamp=1564265680990 yoxwechatbusinessModel::set_user:END
[2019-07-28 06:14:44] trace  /app/ewei_shopv2_api.php?i=2&r=groups.team&success=1&page=1&comefrom=wxapp&openid=sns_wa_oWJzS5MInDZYlJo0Nxm8LF19Jum4&mid=&merchid=&authkey=&timestamp=1564265688252 yoxwechatbusinessModel::set_user:BEGIN
[2019-07-28 06:14:44] trace  /app/ewei_shopv2_api.php?i=2&r=groups.team&success=1&page=1&comefrom=wxapp&openid=sns_wa_oWJzS5MInDZYlJo0Nxm8LF19Jum4&mid=&merchid=&authkey=&timestamp=1564265688252 yoxwechatbusinessModel::set_user:END
[2019-07-28 06:14:45] trace  /app/ewei_shopv2_api.php?i=2&r=groups.team&success=-1&page=1&comefrom=wxapp&openid=sns_wa_oWJzS5MInDZYlJo0Nxm8LF19Jum4&mid=&merchid=&authkey=&timestamp=1564265688916 yoxwechatbusinessModel::set_user:BEGIN
[2019-07-28 06:14:45] trace  /app/ewei_shopv2_api.php?i=2&r=groups.team&success=-1&page=1&comefrom=wxapp&openid=sns_wa_oWJzS5MInDZYlJo0Nxm8LF19Jum4&mid=&merchid=&authkey=&timestamp=1564265688916 yoxwechatbusinessModel::set_user:END
[2019-07-28 06:14:56] trace  /app/ewei_shopv2_api.php?i=2&r=groups&comefrom=wxapp&openid=sns_wa_oWJzS5MInDZYlJo0Nxm8LF19Jum4&mid=&merchid=&authkey=&timestamp=1564265700716 yoxwechatbusinessModel::set_user:BEGIN
[2019-07-28 06:14:56] trace  /app/ewei_shopv2_api.php?i=2&r=groups&comefrom=wxapp&openid=sns_wa_oWJzS5MInDZYlJo0Nxm8LF19Jum4&mid=&merchid=&authkey=&timestamp=1564265700716 yoxwechatbusinessModel::set_user:END
[2019-07-28 06:14:58] trace  /app/ewei_shopv2_api.php?i=2&r=black&comefrom=wxapp&openid=sns_wa_oWJzS5MInDZYlJo0Nxm8LF19Jum4&mid=&merchid=&authkey=&timestamp=1564265702043 yoxwechatbusinessModel::set_user:BEGIN
[2019-07-28 06:14:58] trace  /app/ewei_shopv2_api.php?i=2&r=black&comefrom=wxapp&openid=sns_wa_oWJzS5MInDZYlJo0Nxm8LF19Jum4&mid=&merchid=&authkey=&timestamp=1564265702043 yoxwechatbusinessModel::set_user:END
[2019-07-28 06:14:58] trace  /app/ewei_shopv2_api.php?i=2&r=diypage&type=home&comefrom=wxapp&openid=sns_wa_oWJzS5MInDZYlJo0Nxm8LF19Jum4&mid=&merchid=&authkey=&timestamp=1564265702076 yoxwechatbusinessModel::set_user:BEGIN
[2019-07-28 06:14:58] trace  /app/ewei_shopv2_api.php?i=2&r=diypage&type=home&comefrom=wxapp&openid=sns_wa_oWJzS5MInDZYlJo0Nxm8LF19Jum4&mid=&merchid=&authkey=&timestamp=1564265702076 yoxwechatbusinessModel::set_user:END
[2019-07-28 06:14:58] trace  /app/ewei_shopv2_api.php?i=2&r=shop.get_shopindex&comefrom=wxapp&openid=sns_wa_oWJzS5MInDZYlJo0Nxm8LF19Jum4&mid=&merchid=&authkey=&timestamp=1564265702133 yoxwechatbusinessModel::set_user:BEGIN
[2019-07-28 06:14:58] trace  /app/ewei_shopv2_api.php?i=2&r=shop.get_shopindex&comefrom=wxapp&openid=sns_wa_oWJzS5MInDZYlJo0Nxm8LF19Jum4&mid=&merchid=&authkey=&timestamp=1564265702133 yoxwechatbusinessModel::set_user:END
[2019-07-28 06:14:58] trace  /app/ewei_shopv2_api.php?i=2&r=shop.get_hasnewcoupon&comefrom=wxapp&openid=sns_wa_oWJzS5MInDZYlJo0Nxm8LF19Jum4&mid=&merchid=&authkey=&timestamp=1564265702157 yoxwechatbusinessModel::set_user:BEGIN
[2019-07-28 06:14:58] trace  /app/ewei_shopv2_api.php?i=2&r=shop.get_hasnewcoupon&comefrom=wxapp&openid=sns_wa_oWJzS5MInDZYlJo0Nxm8LF19Jum4&mid=&merchid=&authkey=&timestamp=1564265702157 yoxwechatbusinessModel::set_user:END
[2019-07-28 06:14:58] trace  /app/ewei_shopv2_api.php?i=2&r=shop.get_cpinfos&comefrom=wxapp&openid=sns_wa_oWJzS5MInDZYlJo0Nxm8LF19Jum4&mid=&merchid=&authkey=&timestamp=1564265702179 yoxwechatbusinessModel::set_user:BEGIN
[2019-07-28 06:14:58] trace  /app/ewei_shopv2_api.php?i=2&r=shop.get_cpinfos&comefrom=wxapp&openid=sns_wa_oWJzS5MInDZYlJo0Nxm8LF19Jum4&mid=&merchid=&authkey=&timestamp=1564265702179 yoxwechatbusinessModel::set_user:END
[2019-07-28 06:15:02] trace  /app/ewei_shopv2_api.php?i=2&r=groups&comefrom=wxapp&openid=sns_wa_oWJzS5MInDZYlJo0Nxm8LF19Jum4&mid=&merchid=&authkey=&timestamp=1564265705818 yoxwechatbusinessModel::set_user:BEGIN
[2019-07-28 06:15:02] trace  /app/ewei_shopv2_api.php?i=2&r=groups&comefrom=wxapp&openid=sns_wa_oWJzS5MInDZYlJo0Nxm8LF19Jum4&mid=&merchid=&authkey=&timestamp=1564265705818 yoxwechatbusinessModel::set_user:END
[2019-07-28 06:15:03] trace  /app/ewei_shopv2_api.php?i=2&r=shop.get_shopindex&comefrom=wxapp&openid=sns_wa_oWJzS5MInDZYlJo0Nxm8LF19Jum4&mid=&merchid=&authkey=&timestamp=1564265707764 yoxwechatbusinessModel::set_user:BEGIN
[2019-07-28 06:15:03] trace  /app/ewei_shopv2_api.php?i=2&r=shop.get_shopindex&comefrom=wxapp&openid=sns_wa_oWJzS5MInDZYlJo0Nxm8LF19Jum4&mid=&merchid=&authkey=&timestamp=1564265707764 yoxwechatbusinessModel::set_user:END
[2019-07-28 06:15:04] trace  /app/ewei_shopv2_api.php?i=2&r=shop.get_hasnewcoupon&comefrom=wxapp&openid=sns_wa_oWJzS5MInDZYlJo0Nxm8LF19Jum4&mid=&merchid=&authkey=&timestamp=1564265707780 yoxwechatbusinessModel::set_user:BEGIN
[2019-07-28 06:15:04] trace  /app/ewei_shopv2_api.php?i=2&r=shop.get_hasnewcoupon&comefrom=wxapp&openid=sns_wa_oWJzS5MInDZYlJo0Nxm8LF19Jum4&mid=&merchid=&authkey=&timestamp=1564265707780 yoxwechatbusinessModel::set_user:END
[2019-07-28 06:15:04] trace  /app/ewei_shopv2_api.php?i=2&r=shop.get_cpinfos&comefrom=wxapp&openid=sns_wa_oWJzS5MInDZYlJo0Nxm8LF19Jum4&mid=&merchid=&authkey=&timestamp=1564265707793 yoxwechatbusinessModel::set_user:BEGIN
[2019-07-28 06:15:04] trace  /app/ewei_shopv2_api.php?i=2&r=shop.get_cpinfos&comefrom=wxapp&openid=sns_wa_oWJzS5MInDZYlJo0Nxm8LF19Jum4&mid=&merchid=&authkey=&timestamp=1564265707793 yoxwechatbusinessModel::set_user:END
[2019-07-28 06:15:10] trace  /app/ewei_shopv2_api.php?i=2&r=shop.get_hasnewcoupon&comefrom=wxapp&openid=sns_wa_oWJzS5MInDZYlJo0Nxm8LF19Jum4&mid=&merchid=&authkey=&timestamp=1564265714112 yoxwechatbusinessModel::set_user:BEGIN
[2019-07-28 06:15:10] trace  /app/ewei_shopv2_api.php?i=2&r=shop.get_hasnewcoupon&comefrom=wxapp&openid=sns_wa_oWJzS5MInDZYlJo0Nxm8LF19Jum4&mid=&merchid=&authkey=&timestamp=1564265714112 yoxwechatbusinessModel::set_user:END
[2019-07-28 06:15:10] trace  /app/ewei_shopv2_api.php?i=2&r=shop.get_shopindex&comefrom=wxapp&openid=sns_wa_oWJzS5MInDZYlJo0Nxm8LF19Jum4&mid=&merchid=&authkey=&timestamp=1564265714095 yoxwechatbusinessModel::set_user:BEGIN
[2019-07-28 06:15:10] trace  /app/ewei_shopv2_api.php?i=2&r=shop.get_shopindex&comefrom=wxapp&openid=sns_wa_oWJzS5MInDZYlJo0Nxm8LF19Jum4&mid=&merchid=&authkey=&timestamp=1564265714095 yoxwechatbusinessModel::set_user:END
[2019-07-28 06:15:10] trace  /app/ewei_shopv2_api.php?i=2&r=shop.get_cpinfos&comefrom=wxapp&openid=sns_wa_oWJzS5MInDZYlJo0Nxm8LF19Jum4&mid=&merchid=&authkey=&timestamp=1564265714123 yoxwechatbusinessModel::set_user:BEGIN
[2019-07-28 06:15:10] trace  /app/ewei_shopv2_api.php?i=2&r=shop.get_cpinfos&comefrom=wxapp&openid=sns_wa_oWJzS5MInDZYlJo0Nxm8LF19Jum4&mid=&merchid=&authkey=&timestamp=1564265714123 yoxwechatbusinessModel::set_user:END
[2019-07-28 06:15:15] trace  /app/ewei_shopv2_api.php?i=2&r=shop.get_hasnewcoupon&comefrom=wxapp&openid=sns_wa_oWJzS5MInDZYlJo0Nxm8LF19Jum4&mid=&merchid=&authkey=&timestamp=1564265719090 yoxwechatbusinessModel::set_user:BEGIN
[2019-07-28 06:15:15] trace  /app/ewei_shopv2_api.php?i=2&r=shop.get_hasnewcoupon&comefrom=wxapp&openid=sns_wa_oWJzS5MInDZYlJo0Nxm8LF19Jum4&mid=&merchid=&authkey=&timestamp=1564265719090 yoxwechatbusinessModel::set_user:END
[2019-07-28 06:15:15] trace  /app/ewei_shopv2_api.php?i=2&r=shop.get_shopindex&comefrom=wxapp&openid=sns_wa_oWJzS5MInDZYlJo0Nxm8LF19Jum4&mid=&merchid=&authkey=&timestamp=1564265719074 yoxwechatbusinessModel::set_user:BEGIN
[2019-07-28 06:15:15] trace  /app/ewei_shopv2_api.php?i=2&r=shop.get_shopindex&comefrom=wxapp&openid=sns_wa_oWJzS5MInDZYlJo0Nxm8LF19Jum4&mid=&merchid=&authkey=&timestamp=1564265719074 yoxwechatbusinessModel::set_user:END
[2019-07-28 06:15:15] trace  /app/ewei_shopv2_api.php?i=2&r=shop.get_cpinfos&comefrom=wxapp&openid=sns_wa_oWJzS5MInDZYlJo0Nxm8LF19Jum4&mid=&merchid=&authkey=&timestamp=1564265719103 yoxwechatbusinessModel::set_user:BEGIN
[2019-07-28 06:15:15] trace  /app/ewei_shopv2_api.php?i=2&r=shop.get_cpinfos&comefrom=wxapp&openid=sns_wa_oWJzS5MInDZYlJo0Nxm8LF19Jum4&mid=&merchid=&authkey=&timestamp=1564265719103 yoxwechatbusinessModel::set_user:END
[2019-07-28 06:15:24] trace  /app/ewei_shopv2_api.php?i=2&r=black&comefrom=wxapp&openid=sns_wa_oWJzS5MInDZYlJo0Nxm8LF19Jum4&mid=&merchid=&authkey=&timestamp=1564265728009 yoxwechatbusinessModel::set_user:BEGIN
[2019-07-28 06:15:24] trace  /app/ewei_shopv2_api.php?i=2&r=black&comefrom=wxapp&openid=sns_wa_oWJzS5MInDZYlJo0Nxm8LF19Jum4&mid=&merchid=&authkey=&timestamp=1564265728009 yoxwechatbusinessModel::set_user:END
[2019-07-28 06:15:24] trace  /app/ewei_shopv2_api.php?i=2&r=diypage&type=home&comefrom=wxapp&openid=sns_wa_oWJzS5MInDZYlJo0Nxm8LF19Jum4&mid=&merchid=&authkey=&timestamp=1564265728051 yoxwechatbusinessModel::set_user:BEGIN
[2019-07-28 06:15:24] trace  /app/ewei_shopv2_api.php?i=2&r=diypage&type=home&comefrom=wxapp&openid=sns_wa_oWJzS5MInDZYlJo0Nxm8LF19Jum4&mid=&merchid=&authkey=&timestamp=1564265728051 yoxwechatbusinessModel::set_user:END
[2019-07-28 06:15:24] trace  /app/ewei_shopv2_api.php?i=2&r=shop.get_shopindex&comefrom=wxapp&openid=sns_wa_oWJzS5MInDZYlJo0Nxm8LF19Jum4&mid=&merchid=&authkey=&timestamp=1564265728114 yoxwechatbusinessModel::set_user:BEGIN
[2019-07-28 06:15:24] trace  /app/ewei_shopv2_api.php?i=2&r=shop.get_shopindex&comefrom=wxapp&openid=sns_wa_oWJzS5MInDZYlJo0Nxm8LF19Jum4&mid=&merchid=&authkey=&timestamp=1564265728114 yoxwechatbusinessModel::set_user:END
[2019-07-28 06:15:24] trace  /app/ewei_shopv2_api.php?i=2&r=shop.get_hasnewcoupon&comefrom=wxapp&openid=sns_wa_oWJzS5MInDZYlJo0Nxm8LF19Jum4&mid=&merchid=&authkey=&timestamp=1564265728132 yoxwechatbusinessModel::set_user:BEGIN
[2019-07-28 06:15:24] trace  /app/ewei_shopv2_api.php?i=2&r=shop.get_hasnewcoupon&comefrom=wxapp&openid=sns_wa_oWJzS5MInDZYlJo0Nxm8LF19Jum4&mid=&merchid=&authkey=&timestamp=1564265728132 yoxwechatbusinessModel::set_user:END
[2019-07-28 06:15:24] trace  /app/ewei_shopv2_api.php?i=2&r=shop.get_cpinfos&comefrom=wxapp&openid=sns_wa_oWJzS5MInDZYlJo0Nxm8LF19Jum4&mid=&merchid=&authkey=&timestamp=1564265728156 yoxwechatbusinessModel::set_user:BEGIN
[2019-07-28 06:15:24] trace  /app/ewei_shopv2_api.php?i=2&r=shop.get_cpinfos&comefrom=wxapp&openid=sns_wa_oWJzS5MInDZYlJo0Nxm8LF19Jum4&mid=&merchid=&authkey=&timestamp=1564265728156 yoxwechatbusinessModel::set_user:END
[2019-07-28 06:15:24] trace  /app/ewei_shopv2_api.php?i=2&r=black&comefrom=wxapp&openid=sns_wa_oWJzS5MInDZYlJo0Nxm8LF19Jum4&mid=&merchid=&authkey=&timestamp=1564265728465 yoxwechatbusinessModel::set_user:BEGIN
[2019-07-28 06:15:24] trace  /app/ewei_shopv2_api.php?i=2&r=black&comefrom=wxapp&openid=sns_wa_oWJzS5MInDZYlJo0Nxm8LF19Jum4&mid=&merchid=&authkey=&timestamp=1564265728465 yoxwechatbusinessModel::set_user:END
[2019-07-28 06:15:25] trace  /app/ewei_shopv2_api.php?i=2&r=diypage&type=home&comefrom=wxapp&openid=sns_wa_oWJzS5MInDZYlJo0Nxm8LF19Jum4&mid=&merchid=&authkey=&timestamp=1564265728506 yoxwechatbusinessModel::set_user:BEGIN
[2019-07-28 06:15:25] trace  /app/ewei_shopv2_api.php?i=2&r=diypage&type=home&comefrom=wxapp&openid=sns_wa_oWJzS5MInDZYlJo0Nxm8LF19Jum4&mid=&merchid=&authkey=&timestamp=1564265728506 yoxwechatbusinessModel::set_user:END
[2019-07-28 06:15:25] trace  /app/ewei_shopv2_api.php?i=2&r=shop.get_shopindex&comefrom=wxapp&openid=sns_wa_oWJzS5MInDZYlJo0Nxm8LF19Jum4&mid=&merchid=&authkey=&timestamp=1564265728560 yoxwechatbusinessModel::set_user:BEGIN
[2019-07-28 06:15:25] trace  /app/ewei_shopv2_api.php?i=2&r=shop.get_shopindex&comefrom=wxapp&openid=sns_wa_oWJzS5MInDZYlJo0Nxm8LF19Jum4&mid=&merchid=&authkey=&timestamp=1564265728560 yoxwechatbusinessModel::set_user:END
[2019-07-28 06:15:25] trace  /app/ewei_shopv2_api.php?i=2&r=shop.get_hasnewcoupon&comefrom=wxapp&openid=sns_wa_oWJzS5MInDZYlJo0Nxm8LF19Jum4&mid=&merchid=&authkey=&timestamp=1564265728581 yoxwechatbusinessModel::set_user:BEGIN
[2019-07-28 06:15:25] trace  /app/ewei_shopv2_api.php?i=2&r=shop.get_hasnewcoupon&comefrom=wxapp&openid=sns_wa_oWJzS5MInDZYlJo0Nxm8LF19Jum4&mid=&merchid=&authkey=&timestamp=1564265728581 yoxwechatbusinessModel::set_user:END
[2019-07-28 06:15:25] trace  /app/ewei_shopv2_api.php?i=2&r=shop.get_cpinfos&comefrom=wxapp&openid=sns_wa_oWJzS5MInDZYlJo0Nxm8LF19Jum4&mid=&merchid=&authkey=&timestamp=1564265728600 yoxwechatbusinessModel::set_user:BEGIN
[2019-07-28 06:15:25] trace  /app/ewei_shopv2_api.php?i=2&r=shop.get_cpinfos&comefrom=wxapp&openid=sns_wa_oWJzS5MInDZYlJo0Nxm8LF19Jum4&mid=&merchid=&authkey=&timestamp=1564265728600 yoxwechatbusinessModel::set_user:END
[2019-07-28 06:15:29] trace  /app/ewei_shopv2_api.php?i=2&r=shop.get_hasnewcoupon&comefrom=wxapp&openid=sns_wa_oWJzS5MInDZYlJo0Nxm8LF19Jum4&mid=&merchid=&authkey=&timestamp=1564265733077 yoxwechatbusinessModel::set_user:BEGIN
[2019-07-28 06:15:29] trace  /app/ewei_shopv2_api.php?i=2&r=shop.get_hasnewcoupon&comefrom=wxapp&openid=sns_wa_oWJzS5MInDZYlJo0Nxm8LF19Jum4&mid=&merchid=&authkey=&timestamp=1564265733077 yoxwechatbusinessModel::set_user:END
[2019-07-28 06:15:29] trace  /app/ewei_shopv2_api.php?i=2&r=shop.get_shopindex&comefrom=wxapp&openid=sns_wa_oWJzS5MInDZYlJo0Nxm8LF19Jum4&mid=&merchid=&authkey=&timestamp=1564265733063 yoxwechatbusinessModel::set_user:BEGIN
[2019-07-28 06:15:29] trace  /app/ewei_shopv2_api.php?i=2&r=shop.get_shopindex&comefrom=wxapp&openid=sns_wa_oWJzS5MInDZYlJo0Nxm8LF19Jum4&mid=&merchid=&authkey=&timestamp=1564265733063 yoxwechatbusinessModel::set_user:END
[2019-07-28 06:15:29] trace  /app/ewei_shopv2_api.php?i=2&r=shop.get_cpinfos&comefrom=wxapp&openid=sns_wa_oWJzS5MInDZYlJo0Nxm8LF19Jum4&mid=&merchid=&authkey=&timestamp=1564265733088 yoxwechatbusinessModel::set_user:BEGIN
[2019-07-28 06:15:29] trace  /app/ewei_shopv2_api.php?i=2&r=shop.get_cpinfos&comefrom=wxapp&openid=sns_wa_oWJzS5MInDZYlJo0Nxm8LF19Jum4&mid=&merchid=&authkey=&timestamp=1564265733088 yoxwechatbusinessModel::set_user:END
[2019-07-28 06:15:37] trace  /app/ewei_shopv2_api.php?i=2&r=shop.get_hasnewcoupon&comefrom=wxapp&openid=sns_wa_oWJzS5MInDZYlJo0Nxm8LF19Jum4&mid=&merchid=&authkey=&timestamp=1564265741210 yoxwechatbusinessModel::set_user:BEGIN
[2019-07-28 06:15:37] trace  /app/ewei_shopv2_api.php?i=2&r=shop.get_hasnewcoupon&comefrom=wxapp&openid=sns_wa_oWJzS5MInDZYlJo0Nxm8LF19Jum4&mid=&merchid=&authkey=&timestamp=1564265741210 yoxwechatbusinessModel::set_user:END
[2019-07-28 06:15:37] trace  /app/ewei_shopv2_api.php?i=2&r=shop.get_shopindex&comefrom=wxapp&openid=sns_wa_oWJzS5MInDZYlJo0Nxm8LF19Jum4&mid=&merchid=&authkey=&timestamp=1564265741192 yoxwechatbusinessModel::set_user:BEGIN
[2019-07-28 06:15:37] trace  /app/ewei_shopv2_api.php?i=2&r=shop.get_shopindex&comefrom=wxapp&openid=sns_wa_oWJzS5MInDZYlJo0Nxm8LF19Jum4&mid=&merchid=&authkey=&timestamp=1564265741192 yoxwechatbusinessModel::set_user:END
[2019-07-28 06:15:37] trace  /app/ewei_shopv2_api.php?i=2&r=shop.get_cpinfos&comefrom=wxapp&openid=sns_wa_oWJzS5MInDZYlJo0Nxm8LF19Jum4&mid=&merchid=&authkey=&timestamp=1564265741225 yoxwechatbusinessModel::set_user:BEGIN
[2019-07-28 06:15:37] trace  /app/ewei_shopv2_api.php?i=2&r=shop.get_cpinfos&comefrom=wxapp&openid=sns_wa_oWJzS5MInDZYlJo0Nxm8LF19Jum4&mid=&merchid=&authkey=&timestamp=1564265741225 yoxwechatbusinessModel::set_user:END
[2019-07-28 06:15:47] trace  /app/ewei_shopv2_api.php?i=2&r=shop.get_hasnewcoupon&comefrom=wxapp&openid=sns_wa_oWJzS5MInDZYlJo0Nxm8LF19Jum4&mid=&merchid=&authkey=&timestamp=1564265751061 yoxwechatbusinessModel::set_user:BEGIN
[2019-07-28 06:15:47] trace  /app/ewei_shopv2_api.php?i=2&r=shop.get_hasnewcoupon&comefrom=wxapp&openid=sns_wa_oWJzS5MInDZYlJo0Nxm8LF19Jum4&mid=&merchid=&authkey=&timestamp=1564265751061 yoxwechatbusinessModel::set_user:END
[2019-07-28 06:15:47] trace  /app/ewei_shopv2_api.php?i=2&r=shop.get_shopindex&comefrom=wxapp&openid=sns_wa_oWJzS5MInDZYlJo0Nxm8LF19Jum4&mid=&merchid=&authkey=&timestamp=1564265751050 yoxwechatbusinessModel::set_user:BEGIN
[2019-07-28 06:15:47] trace  /app/ewei_shopv2_api.php?i=2&r=shop.get_shopindex&comefrom=wxapp&openid=sns_wa_oWJzS5MInDZYlJo0Nxm8LF19Jum4&mid=&merchid=&authkey=&timestamp=1564265751050 yoxwechatbusinessModel::set_user:END
[2019-07-28 06:15:47] trace  /app/ewei_shopv2_api.php?i=2&r=shop.get_cpinfos&comefrom=wxapp&openid=sns_wa_oWJzS5MInDZYlJo0Nxm8LF19Jum4&mid=&merchid=&authkey=&timestamp=1564265751075 yoxwechatbusinessModel::set_user:BEGIN
[2019-07-28 06:15:47] trace  /app/ewei_shopv2_api.php?i=2&r=shop.get_cpinfos&comefrom=wxapp&openid=sns_wa_oWJzS5MInDZYlJo0Nxm8LF19Jum4&mid=&merchid=&authkey=&timestamp=1564265751075 yoxwechatbusinessModel::set_user:END
[2019-07-28 07:50:16] trace  /app/ewei_shopv2_api.php?i=2&r=diypage&type=home&comefrom=wxapp&openid=sns_wa_oWJzS5Nby4XuYgzOxdLbauLLvaTM&mid=&merchid=&authkey=&timestamp=1564271414522 yoxwechatbusinessModel::set_user:BEGIN
[2019-07-28 07:50:16] trace  /app/ewei_shopv2_api.php?i=2&r=diypage&type=home&comefrom=wxapp&openid=sns_wa_oWJzS5Nby4XuYgzOxdLbauLLvaTM&mid=&merchid=&authkey=&timestamp=1564271414522 yoxwechatbusinessModel::set_user:END
[2019-07-28 07:50:16] trace  /app/ewei_shopv2_api.php?i=2&r=shop.get_cpinfos&comefrom=wxapp&openid=sns_wa_oWJzS5Nby4XuYgzOxdLbauLLvaTM&mid=&merchid=&authkey=&timestamp=1564271414688 yoxwechatbusinessModel::set_user:BEGIN
[2019-07-28 07:50:16] trace  /app/ewei_shopv2_api.php?i=2&r=shop.get_cpinfos&comefrom=wxapp&openid=sns_wa_oWJzS5Nby4XuYgzOxdLbauLLvaTM&mid=&merchid=&authkey=&timestamp=1564271414688 yoxwechatbusinessModel::set_user:END
[2019-07-28 07:50:16] trace  /app/ewei_shopv2_api.php?i=2&r=shop.get_hasnewcoupon&comefrom=wxapp&openid=sns_wa_oWJzS5Nby4XuYgzOxdLbauLLvaTM&mid=&merchid=&authkey=&timestamp=1564271414662 yoxwechatbusinessModel::set_user:BEGIN
[2019-07-28 07:50:16] trace  /app/ewei_shopv2_api.php?i=2&r=shop.get_hasnewcoupon&comefrom=wxapp&openid=sns_wa_oWJzS5Nby4XuYgzOxdLbauLLvaTM&mid=&merchid=&authkey=&timestamp=1564271414662 yoxwechatbusinessModel::set_user:END
[2019-07-28 07:50:17] trace  /app/ewei_shopv2_api.php?i=2&r=black&comefrom=wxapp&openid=sns_wa_oWJzS5Nby4XuYgzOxdLbauLLvaTM&authkey=&timestamp=1564271414466 yoxwechatbusinessModel::set_user:BEGIN
[2019-07-28 07:50:17] trace  /app/ewei_shopv2_api.php?i=2&r=black&comefrom=wxapp&openid=sns_wa_oWJzS5Nby4XuYgzOxdLbauLLvaTM&authkey=&timestamp=1564271414466 yoxwechatbusinessModel::set_user:END
[2019-07-28 07:50:17] trace  /app/ewei_shopv2_api.php?i=2&r=shop.get_shopindex&comefrom=wxapp&openid=sns_wa_oWJzS5Nby4XuYgzOxdLbauLLvaTM&mid=&merchid=&authkey=&timestamp=1564271414601 yoxwechatbusinessModel::set_user:BEGIN
[2019-07-28 07:50:17] trace  /app/ewei_shopv2_api.php?i=2&r=shop.get_shopindex&comefrom=wxapp&openid=sns_wa_oWJzS5Nby4XuYgzOxdLbauLLvaTM&mid=&merchid=&authkey=&timestamp=1564271414601 yoxwechatbusinessModel::set_user:END
[2019-07-28 10:02:32] trace  /app/ewei_shopv2_api.php?i=2&r=black&comefrom=wxapp&openid=sns_wa_oWJzS5JcqdapV4FuegGhnUZoLzEU&authkey=&timestamp=1564279350729 yoxwechatbusinessModel::set_user:BEGIN
[2019-07-28 10:02:32] trace  /app/ewei_shopv2_api.php?i=2&r=shop.get_shopindex&comefrom=wxapp&openid=sns_wa_oWJzS5JcqdapV4FuegGhnUZoLzEU&mid=&merchid=&authkey=&timestamp=1564279350795 yoxwechatbusinessModel::set_user:BEGIN
[2019-07-28 10:02:32] trace  /app/ewei_shopv2_api.php?i=2&r=shop.get_cpinfos&comefrom=wxapp&openid=sns_wa_oWJzS5JcqdapV4FuegGhnUZoLzEU&mid=&merchid=&authkey=&timestamp=1564279350813 yoxwechatbusinessModel::set_user:BEGIN
[2019-07-28 10:02:32] trace  /app/ewei_shopv2_api.php?i=2&r=shop.get_hasnewcoupon&comefrom=wxapp&openid=sns_wa_oWJzS5JcqdapV4FuegGhnUZoLzEU&mid=&merchid=&authkey=&timestamp=1564279350806 yoxwechatbusinessModel::set_user:BEGIN
[2019-07-28 10:02:33] trace  /app/ewei_shopv2_api.php?i=2&r=diypage&type=home&comefrom=wxapp&openid=sns_wa_oWJzS5JcqdapV4FuegGhnUZoLzEU&mid=&merchid=&authkey=&timestamp=1564279350744 yoxwechatbusinessModel::set_user:BEGIN
[2019-07-28 10:02:45] trace  /app/ewei_shopv2_api.php?i=2&r=shop.get_hasnewcoupon&comefrom=wxapp&openid=sns_wa_oWJzS5JcqdapV4FuegGhnUZoLzEU&mid=&merchid=&authkey=NDMyOCtRM0FLdnRMSXo5Vmt3OGR6aC9YZjU4djNqRmhsWEtzaVVWR1h5Qlh1d2RuVUtURDdqc2VuQTZFejVpM2orcG1sYWJPVFJ6elZWMkhET2lSWldYNi9ObjdnVStmUUxVOG9Vcmd1QVBDVmc%3D&timestamp=1564279365784 yoxwechatbusinessModel::set_user:BEGIN
[2019-07-28 10:02:45] trace  /app/ewei_shopv2_api.php?i=2&r=shop.get_cpinfos&comefrom=wxapp&openid=sns_wa_oWJzS5JcqdapV4FuegGhnUZoLzEU&mid=&merchid=&authkey=NDMyOCtRM0FLdnRMSXo5Vmt3OGR6aC9YZjU4djNqRmhsWEtzaVVWR1h5Qlh1d2RuVUtURDdqc2VuQTZFejVpM2orcG1sYWJPVFJ6elZWMkhET2lSWldYNi9ObjdnVStmUUxVOG9Vcmd1QVBDVmc%3D&timestamp=1564279365789 yoxwechatbusinessModel::set_user:BEGIN
[2019-07-28 10:02:46] trace  /app/ewei_shopv2_api.php?i=2&r=shop.get_shopindex&comefrom=wxapp&openid=sns_wa_oWJzS5JcqdapV4FuegGhnUZoLzEU&mid=&merchid=&authkey=NDMyOCtRM0FLdnRMSXo5Vmt3OGR6aC9YZjU4djNqRmhsWEtzaVVWR1h5Qlh1d2RuVUtURDdqc2VuQTZFejVpM2orcG1sYWJPVFJ6elZWMkhET2lSWldYNi9ObjdnVStmUUxVOG9Vcmd1QVBDVmc%3D&timestamp=1564279365775 yoxwechatbusinessModel::set_user:BEGIN
[2019-07-28 10:02:56] trace  /app/ewei_shopv2_api.php?i=2&r=goods.get_picker&id=63&comefrom=wxapp&openid=sns_wa_oWJzS5JcqdapV4FuegGhnUZoLzEU&mid=&merchid=&authkey=ZGE3Y3VUSm8zcTVpS3lOQ0ZOZzNuNUNxbUJNcm1CVVliMVl3dzc2cWIzeDVkcUZlWEN2VU1VWWRFd0ljM09OVEE3TkErS1hmaDg0ZUgzdDJFMG5pL0I5RGlURQ%3D%3D&timestamp=1564279376255 yoxwechatbusinessModel::set_user:BEGIN
[2019-07-28 10:02:56] trace  /app/ewei_shopv2_api.php?i=2&r=goods.get_picker&id=63&comefrom=wxapp&openid=sns_wa_oWJzS5JcqdapV4FuegGhnUZoLzEU&mid=&merchid=&authkey=ZGE3Y3VUSm8zcTVpS3lOQ0ZOZzNuNUNxbUJNcm1CVVliMVl3dzc2cWIzeDVkcUZlWEN2VU1VWWRFd0ljM09OVEE3TkErS1hmaDg0ZUgzdDJFMG5pL0I5RGlURQ%3D%3D&timestamp=1564279376255 yoxwechatbusinessModel::set_user:END
[2019-07-28 10:02:59] trace  /app/ewei_shopv2_api.php?i=2&r=yoxwechatbusiness.user.my_info&isajax=1&comefrom=wxapp&openid=sns_wa_oWJzS5JcqdapV4FuegGhnUZoLzEU&mid=&merchid=&authkey=&timestamp=1564279379866 yoxwechatbusinessModel::set_user:BEGIN
[2019-07-28 10:02:59] trace  /app/ewei_shopv2_api.php?i=2&r=yoxwechatbusiness.user.my_info&isajax=1&comefrom=wxapp&openid=sns_wa_oWJzS5JcqdapV4FuegGhnUZoLzEU&mid=&merchid=&authkey=&timestamp=1564279379866 yoxwechatbusinessModel::set_user:END
[2019-07-28 10:03:03] trace  /app/ewei_shopv2_api.php?i=2&r=shop.get_hasnewcoupon&comefrom=wxapp&openid=sns_wa_oWJzS5JcqdapV4FuegGhnUZoLzEU&mid=&merchid=&authkey=&timestamp=1564279383540 yoxwechatbusinessModel::set_user:BEGIN
[2019-07-28 10:03:03] trace  /app/ewei_shopv2_api.php?i=2&r=shop.get_hasnewcoupon&comefrom=wxapp&openid=sns_wa_oWJzS5JcqdapV4FuegGhnUZoLzEU&mid=&merchid=&authkey=&timestamp=1564279383540 yoxwechatbusinessModel::set_user:END
[2019-07-28 10:03:03] trace  /app/ewei_shopv2_api.php?i=2&r=shop.get_cpinfos&comefrom=wxapp&openid=sns_wa_oWJzS5JcqdapV4FuegGhnUZoLzEU&mid=&merchid=&authkey=&timestamp=1564279383546 yoxwechatbusinessModel::set_user:BEGIN
[2019-07-28 10:03:03] trace  /app/ewei_shopv2_api.php?i=2&r=shop.get_cpinfos&comefrom=wxapp&openid=sns_wa_oWJzS5JcqdapV4FuegGhnUZoLzEU&mid=&merchid=&authkey=&timestamp=1564279383546 yoxwechatbusinessModel::set_user:END
[2019-07-28 10:03:03] trace  /app/ewei_shopv2_api.php?i=2&r=shop.get_shopindex&comefrom=wxapp&openid=sns_wa_oWJzS5JcqdapV4FuegGhnUZoLzEU&mid=&merchid=&authkey=&timestamp=1564279383534 yoxwechatbusinessModel::set_user:BEGIN
[2019-07-28 10:03:03] trace  /app/ewei_shopv2_api.php?i=2&r=shop.get_shopindex&comefrom=wxapp&openid=sns_wa_oWJzS5JcqdapV4FuegGhnUZoLzEU&mid=&merchid=&authkey=&timestamp=1564279383534 yoxwechatbusinessModel::set_user:END
[2019-07-28 10:35:05] trace  /app/ewei_shopv2_api.php?i=2&r=black&comefrom=wxapp&openid=sns_wa_oWJzS5GNWLTtHq2-P3tjTwYGtfpk&authkey=&timestamp=1564281303644 yoxwechatbusinessModel::set_user:BEGIN
[2019-07-28 10:35:06] trace  /app/ewei_shopv2_api.php?i=2&r=shop.get_cpinfos&comefrom=wxapp&openid=sns_wa_oWJzS5GNWLTtHq2-P3tjTwYGtfpk&mid=&merchid=&authkey=&timestamp=1564281303742 yoxwechatbusinessModel::set_user:BEGIN
[2019-07-28 10:35:06] trace  /app/ewei_shopv2_api.php?i=2&r=shop.get_hasnewcoupon&comefrom=wxapp&openid=sns_wa_oWJzS5GNWLTtHq2-P3tjTwYGtfpk&mid=&merchid=&authkey=&timestamp=1564281303735 yoxwechatbusinessModel::set_user:BEGIN
[2019-07-28 10:35:06] trace  /app/ewei_shopv2_api.php?i=2&r=diypage&type=home&comefrom=wxapp&openid=sns_wa_oWJzS5GNWLTtHq2-P3tjTwYGtfpk&mid=&merchid=&authkey=&timestamp=1564281303655 yoxwechatbusinessModel::set_user:BEGIN
[2019-07-28 10:35:07] trace  /app/ewei_shopv2_api.php?i=2&r=shop.get_shopindex&comefrom=wxapp&openid=sns_wa_oWJzS5GNWLTtHq2-P3tjTwYGtfpk&mid=&merchid=&authkey=&timestamp=1564281303681 yoxwechatbusinessModel::set_user:BEGIN
[2019-07-28 10:35:09] trace  /app/ewei_shopv2_api.php?i=2&r=shop.get_shopindex&comefrom=wxapp&openid=sns_wa_oWJzS5GNWLTtHq2-P3tjTwYGtfpk&mid=&merchid=&authkey=&timestamp=1564281308927 yoxwechatbusinessModel::set_user:BEGIN
[2019-07-28 10:35:09] trace  /app/ewei_shopv2_api.php?i=2&r=shop.get_shopindex&comefrom=wxapp&openid=sns_wa_oWJzS5GNWLTtHq2-P3tjTwYGtfpk&mid=&merchid=&authkey=&timestamp=1564281308927 yoxwechatbusinessModel::set_user:END
[2019-07-28 10:35:09] trace  /app/ewei_shopv2_api.php?i=2&r=shop.get_hasnewcoupon&comefrom=wxapp&openid=sns_wa_oWJzS5GNWLTtHq2-P3tjTwYGtfpk&mid=&merchid=&authkey=&timestamp=1564281308932 yoxwechatbusinessModel::set_user:BEGIN
[2019-07-28 10:35:09] trace  /app/ewei_shopv2_api.php?i=2&r=shop.get_hasnewcoupon&comefrom=wxapp&openid=sns_wa_oWJzS5GNWLTtHq2-P3tjTwYGtfpk&mid=&merchid=&authkey=&timestamp=1564281308932 yoxwechatbusinessModel::set_user:END
[2019-07-28 10:35:09] trace  /app/ewei_shopv2_api.php?i=2&r=shop.get_cpinfos&comefrom=wxapp&openid=sns_wa_oWJzS5GNWLTtHq2-P3tjTwYGtfpk&mid=&merchid=&authkey=&timestamp=1564281308936 yoxwechatbusinessModel::set_user:BEGIN
[2019-07-28 10:35:09] trace  /app/ewei_shopv2_api.php?i=2&r=shop.get_cpinfos&comefrom=wxapp&openid=sns_wa_oWJzS5GNWLTtHq2-P3tjTwYGtfpk&mid=&merchid=&authkey=&timestamp=1564281308936 yoxwechatbusinessModel::set_user:END
[2019-07-28 11:18:44] trace  /app/ewei_shopv2_api.php?i=2&r=cacheset&version=&comefrom=wxapp&openid=sns_wa_oWJzS5H3vxB6UTydOAI9WqSjXfMc&mid=&merchid=&authkey=NDVjMEpISVVmK2o4aVA2akY1MjQ5ajNscWZodkdZNzhRUzhyY3UrbDRDckpobWJ1d3I4VEsrUmJkejZOWk9Ob000eW42VVF3aU9Lc1JnZTByWjRzU2ZzNkdHVQ%3D%3D&timestamp=1564283815702 yoxwechatbusinessModel::set_user:BEGIN
[2019-07-28 11:18:44] trace  /app/ewei_shopv2_api.php?i=2&r=cacheset&version=&comefrom=wxapp&openid=sns_wa_oWJzS5H3vxB6UTydOAI9WqSjXfMc&mid=&merchid=&authkey=NDVjMEpISVVmK2o4aVA2akY1MjQ5ajNscWZodkdZNzhRUzhyY3UrbDRDckpobWJ1d3I4VEsrUmJkejZOWk9Ob000eW42VVF3aU9Lc1JnZTByWjRzU2ZzNkdHVQ%3D%3D&timestamp=1564283815702 yoxwechatbusinessModel::set_user:END
[2019-07-28 11:18:48] trace  /app/ewei_shopv2_api.php?i=2&r=goods.get_detail&id=34&comefrom=wxapp&openid=sns_wa_oWJzS5H3vxB6UTydOAI9WqSjXfMc&mid=&merchid=&authkey=&timestamp=1564283819847 yoxwechatbusinessModel::set_user:BEGIN
[2019-07-28 11:18:48] trace  /app/ewei_shopv2_api.php?i=2&r=goods.get_detail&id=34&comefrom=wxapp&openid=sns_wa_oWJzS5H3vxB6UTydOAI9WqSjXfMc&mid=&merchid=&authkey=&timestamp=1564283819847 yoxwechatbusinessModel::set_user:END
[2019-07-28 11:18:48] trace  /app/ewei_shopv2_api.php?i=2&r=black&comefrom=wxapp&openid=sns_wa_oWJzS5H3vxB6UTydOAI9WqSjXfMc&mid=&merchid=&authkey=&timestamp=1564283819832 yoxwechatbusinessModel::set_user:BEGIN
[2019-07-28 11:18:48] trace  /app/ewei_shopv2_api.php?i=2&r=black&comefrom=wxapp&openid=sns_wa_oWJzS5H3vxB6UTydOAI9WqSjXfMc&mid=&merchid=&authkey=&timestamp=1564283819832 yoxwechatbusinessModel::set_user:END
[2019-07-28 11:18:48] trace  /app/ewei_shopv2_api.php?i=2&r=diypage&type=goodsdetail&comefrom=wxapp&openid=sns_wa_oWJzS5H3vxB6UTydOAI9WqSjXfMc&mid=&merchid=&authkey=&timestamp=1564283819836 yoxwechatbusinessModel::set_user:BEGIN
[2019-07-28 11:18:48] trace  /app/ewei_shopv2_api.php?i=2&r=diypage&type=goodsdetail&comefrom=wxapp&openid=sns_wa_oWJzS5H3vxB6UTydOAI9WqSjXfMc&mid=&merchid=&authkey=&timestamp=1564283819836 yoxwechatbusinessModel::set_user:END
[2019-07-28 11:18:48] trace  /app/ewei_shopv2_api.php?i=2&r=goods.get_comments&id=34&comefrom=wxapp&openid=sns_wa_oWJzS5H3vxB6UTydOAI9WqSjXfMc&mid=&merchid=&authkey=&timestamp=1564283820332 yoxwechatbusinessModel::set_user:BEGIN
[2019-07-28 11:18:48] trace  /app/ewei_shopv2_api.php?i=2&r=goods.get_comments&id=34&comefrom=wxapp&openid=sns_wa_oWJzS5H3vxB6UTydOAI9WqSjXfMc&mid=&merchid=&authkey=&timestamp=1564283820332 yoxwechatbusinessModel::set_user:END
[2019-07-28 11:18:51] trace  /app/ewei_shopv2_api.php?i=2&r=goods.poster.getimage&id=34&comefrom=wxapp&openid=sns_wa_oWJzS5H3vxB6UTydOAI9WqSjXfMc&mid=&merchid=&authkey=&timestamp=1564283823231 yoxwechatbusinessModel::set_user:BEGIN
[2019-07-28 11:18:51] trace  /app/ewei_shopv2_api.php?i=2&r=goods.poster.getimage&id=34&comefrom=wxapp&openid=sns_wa_oWJzS5H3vxB6UTydOAI9WqSjXfMc&mid=&merchid=&authkey=&timestamp=1564283823231 yoxwechatbusinessModel::set_user:END
[2019-07-28 11:18:53] trace  /app/ewei_shopv2_api.php?i=2&r=shop.get_shopindex&comefrom=wxapp&openid=sns_wa_oWJzS5H3vxB6UTydOAI9WqSjXfMc&mid=&merchid=&authkey=&timestamp=1564283824774 yoxwechatbusinessModel::set_user:BEGIN
[2019-07-28 11:18:53] trace  /app/ewei_shopv2_api.php?i=2&r=shop.get_shopindex&comefrom=wxapp&openid=sns_wa_oWJzS5H3vxB6UTydOAI9WqSjXfMc&mid=&merchid=&authkey=&timestamp=1564283824774 yoxwechatbusinessModel::set_user:END
[2019-07-28 11:18:53] trace  /app/ewei_shopv2_api.php?i=2&r=shop.get_cpinfos&comefrom=wxapp&openid=sns_wa_oWJzS5H3vxB6UTydOAI9WqSjXfMc&mid=&merchid=&authkey=&timestamp=1564283824782 yoxwechatbusinessModel::set_user:BEGIN
[2019-07-28 11:18:53] trace  /app/ewei_shopv2_api.php?i=2&r=shop.get_cpinfos&comefrom=wxapp&openid=sns_wa_oWJzS5H3vxB6UTydOAI9WqSjXfMc&mid=&merchid=&authkey=&timestamp=1564283824782 yoxwechatbusinessModel::set_user:END
[2019-07-28 11:18:54] trace  /app/ewei_shopv2_api.php?i=2&r=shop.get_hasnewcoupon&comefrom=wxapp&openid=sns_wa_oWJzS5H3vxB6UTydOAI9WqSjXfMc&mid=&merchid=&authkey=&timestamp=1564283824779 yoxwechatbusinessModel::set_user:BEGIN
[2019-07-28 11:18:54] trace  /app/ewei_shopv2_api.php?i=2&r=shop.get_hasnewcoupon&comefrom=wxapp&openid=sns_wa_oWJzS5H3vxB6UTydOAI9WqSjXfMc&mid=&merchid=&authkey=&timestamp=1564283824779 yoxwechatbusinessModel::set_user:END
[2019-07-28 11:18:54] trace  /app/ewei_shopv2_api.php?i=2&r=diypage&type=goodsdetail&comefrom=wxapp&openid=sns_wa_oWJzS5H3vxB6UTydOAI9WqSjXfMc&mid=&merchid=&authkey=&timestamp=1564283826299 yoxwechatbusinessModel::set_user:BEGIN
[2019-07-28 11:18:54] trace  /app/ewei_shopv2_api.php?i=2&r=diypage&type=goodsdetail&comefrom=wxapp&openid=sns_wa_oWJzS5H3vxB6UTydOAI9WqSjXfMc&mid=&merchid=&authkey=&timestamp=1564283826299 yoxwechatbusinessModel::set_user:END
[2019-07-28 11:18:54] trace  /app/ewei_shopv2_api.php?i=2&r=goods.get_detail&id=34&comefrom=wxapp&openid=sns_wa_oWJzS5H3vxB6UTydOAI9WqSjXfMc&mid=&merchid=&authkey=&timestamp=1564283826309 yoxwechatbusinessModel::set_user:BEGIN
[2019-07-28 11:18:54] trace  /app/ewei_shopv2_api.php?i=2&r=goods.get_detail&id=34&comefrom=wxapp&openid=sns_wa_oWJzS5H3vxB6UTydOAI9WqSjXfMc&mid=&merchid=&authkey=&timestamp=1564283826309 yoxwechatbusinessModel::set_user:END
[2019-07-28 11:18:55] trace  /app/ewei_shopv2_api.php?i=2&r=black&comefrom=wxapp&openid=sns_wa_oWJzS5H3vxB6UTydOAI9WqSjXfMc&mid=&merchid=&authkey=&timestamp=1564283826295 yoxwechatbusinessModel::set_user:BEGIN
[2019-07-28 11:18:55] trace  /app/ewei_shopv2_api.php?i=2&r=black&comefrom=wxapp&openid=sns_wa_oWJzS5H3vxB6UTydOAI9WqSjXfMc&mid=&merchid=&authkey=&timestamp=1564283826295 yoxwechatbusinessModel::set_user:END
[2019-07-28 11:18:55] trace  /app/ewei_shopv2_api.php?i=2&r=goods.get_comments&id=34&comefrom=wxapp&openid=sns_wa_oWJzS5H3vxB6UTydOAI9WqSjXfMc&mid=&merchid=&authkey=&timestamp=1564283826923 yoxwechatbusinessModel::set_user:BEGIN
[2019-07-28 11:18:55] trace  /app/ewei_shopv2_api.php?i=2&r=goods.get_comments&id=34&comefrom=wxapp&openid=sns_wa_oWJzS5H3vxB6UTydOAI9WqSjXfMc&mid=&merchid=&authkey=&timestamp=1564283826923 yoxwechatbusinessModel::set_user:END
[2019-07-28 11:18:56] trace  /app/ewei_shopv2_api.php?i=2&r=goods.get_picker&id=34&comefrom=wxapp&openid=sns_wa_oWJzS5H3vxB6UTydOAI9WqSjXfMc&mid=&merchid=&authkey=&timestamp=1564283828012 yoxwechatbusinessModel::set_user:BEGIN
[2019-07-28 11:18:56] trace  /app/ewei_shopv2_api.php?i=2&r=goods.get_picker&id=34&comefrom=wxapp&openid=sns_wa_oWJzS5H3vxB6UTydOAI9WqSjXfMc&mid=&merchid=&authkey=&timestamp=1564283828012 yoxwechatbusinessModel::set_user:END
[2019-07-28 11:19:00] trace  /app/ewei_shopv2_api.php?i=2&r=shop.get_hasnewcoupon&comefrom=wxapp&openid=sns_wa_oWJzS5H3vxB6UTydOAI9WqSjXfMc&mid=&merchid=&authkey=&timestamp=1564283831765 yoxwechatbusinessModel::set_user:BEGIN
[2019-07-28 11:19:00] trace  /app/ewei_shopv2_api.php?i=2&r=shop.get_hasnewcoupon&comefrom=wxapp&openid=sns_wa_oWJzS5H3vxB6UTydOAI9WqSjXfMc&mid=&merchid=&authkey=&timestamp=1564283831765 yoxwechatbusinessModel::set_user:END
[2019-07-28 11:19:00] trace  /app/ewei_shopv2_api.php?i=2&r=shop.get_shopindex&comefrom=wxapp&openid=sns_wa_oWJzS5H3vxB6UTydOAI9WqSjXfMc&mid=&merchid=&authkey=&timestamp=1564283831761 yoxwechatbusinessModel::set_user:BEGIN
[2019-07-28 11:19:00] trace  /app/ewei_shopv2_api.php?i=2&r=shop.get_shopindex&comefrom=wxapp&openid=sns_wa_oWJzS5H3vxB6UTydOAI9WqSjXfMc&mid=&merchid=&authkey=&timestamp=1564283831761 yoxwechatbusinessModel::set_user:END
[2019-07-28 11:19:00] trace  /app/ewei_shopv2_api.php?i=2&r=shop.get_cpinfos&comefrom=wxapp&openid=sns_wa_oWJzS5H3vxB6UTydOAI9WqSjXfMc&mid=&merchid=&authkey=&timestamp=1564283831771 yoxwechatbusinessModel::set_user:BEGIN
[2019-07-28 11:19:00] trace  /app/ewei_shopv2_api.php?i=2&r=shop.get_cpinfos&comefrom=wxapp&openid=sns_wa_oWJzS5H3vxB6UTydOAI9WqSjXfMc&mid=&merchid=&authkey=&timestamp=1564283831771 yoxwechatbusinessModel::set_user:END
[2019-07-28 11:19:10] trace  /app/ewei_shopv2_api.php?i=2&r=diypage&type=goodsdetail&comefrom=wxapp&openid=sns_wa_oWJzS5H3vxB6UTydOAI9WqSjXfMc&mid=&merchid=&authkey=&timestamp=1564283841852 yoxwechatbusinessModel::set_user:BEGIN
[2019-07-28 11:19:10] trace  /app/ewei_shopv2_api.php?i=2&r=diypage&type=goodsdetail&comefrom=wxapp&openid=sns_wa_oWJzS5H3vxB6UTydOAI9WqSjXfMc&mid=&merchid=&authkey=&timestamp=1564283841852 yoxwechatbusinessModel::set_user:END
[2019-07-28 11:19:10] trace  /app/ewei_shopv2_api.php?i=2&r=goods.get_detail&id=34&comefrom=wxapp&openid=sns_wa_oWJzS5H3vxB6UTydOAI9WqSjXfMc&mid=&merchid=&authkey=&timestamp=1564283841862 yoxwechatbusinessModel::set_user:BEGIN
[2019-07-28 11:19:10] trace  /app/ewei_shopv2_api.php?i=2&r=goods.get_detail&id=34&comefrom=wxapp&openid=sns_wa_oWJzS5H3vxB6UTydOAI9WqSjXfMc&mid=&merchid=&authkey=&timestamp=1564283841862 yoxwechatbusinessModel::set_user:END
[2019-07-28 11:19:10] trace  /app/ewei_shopv2_api.php?i=2&r=black&comefrom=wxapp&openid=sns_wa_oWJzS5H3vxB6UTydOAI9WqSjXfMc&mid=&merchid=&authkey=&timestamp=1564283841847 yoxwechatbusinessModel::set_user:BEGIN
[2019-07-28 11:19:10] trace  /app/ewei_shopv2_api.php?i=2&r=black&comefrom=wxapp&openid=sns_wa_oWJzS5H3vxB6UTydOAI9WqSjXfMc&mid=&merchid=&authkey=&timestamp=1564283841847 yoxwechatbusinessModel::set_user:END
[2019-07-28 11:19:11] trace  /app/ewei_shopv2_api.php?i=2&r=goods.get_comments&id=34&comefrom=wxapp&openid=sns_wa_oWJzS5H3vxB6UTydOAI9WqSjXfMc&mid=&merchid=&authkey=&timestamp=1564283842577 yoxwechatbusinessModel::set_user:BEGIN
[2019-07-28 11:19:11] trace  /app/ewei_shopv2_api.php?i=2&r=goods.get_comments&id=34&comefrom=wxapp&openid=sns_wa_oWJzS5H3vxB6UTydOAI9WqSjXfMc&mid=&merchid=&authkey=&timestamp=1564283842577 yoxwechatbusinessModel::set_user:END
[2019-07-28 14:12:29] trace  /app/ewei_shopv2_api.php?i=2&r=black&comefrom=wxapp&openid=sns_wa_oWJzS5I4SwtIvnavadWO1lOR7lAw&authkey=&timestamp=1564294348312 yoxwechatbusinessModel::set_user:BEGIN
[2019-07-28 14:12:29] trace  /app/ewei_shopv2_api.php?i=2&r=black&comefrom=wxapp&openid=sns_wa_oWJzS5I4SwtIvnavadWO1lOR7lAw&authkey=&timestamp=1564294348312 yoxwechatbusinessModel::set_user:END
[2019-07-28 14:12:30] trace  /app/ewei_shopv2_api.php?i=2&r=shop.get_shopindex&comefrom=wxapp&openid=sns_wa_oWJzS5I4SwtIvnavadWO1lOR7lAw&mid=&merchid=&authkey=&timestamp=1564294348375 yoxwechatbusinessModel::set_user:BEGIN
[2019-07-28 14:12:30] trace  /app/ewei_shopv2_api.php?i=2&r=shop.get_shopindex&comefrom=wxapp&openid=sns_wa_oWJzS5I4SwtIvnavadWO1lOR7lAw&mid=&merchid=&authkey=&timestamp=1564294348375 yoxwechatbusinessModel::set_user:END
[2019-07-28 14:12:30] trace  /app/ewei_shopv2_api.php?i=2&r=diypage&type=home&comefrom=wxapp&openid=sns_wa_oWJzS5I4SwtIvnavadWO1lOR7lAw&mid=&merchid=&authkey=&timestamp=1564294348351 yoxwechatbusinessModel::set_user:BEGIN
[2019-07-28 14:12:30] trace  /app/ewei_shopv2_api.php?i=2&r=diypage&type=home&comefrom=wxapp&openid=sns_wa_oWJzS5I4SwtIvnavadWO1lOR7lAw&mid=&merchid=&authkey=&timestamp=1564294348351 yoxwechatbusinessModel::set_user:END
[2019-07-28 14:12:30] trace  /app/ewei_shopv2_api.php?i=2&r=shop.get_hasnewcoupon&comefrom=wxapp&openid=sns_wa_oWJzS5I4SwtIvnavadWO1lOR7lAw&mid=&merchid=&authkey=&timestamp=1564294348384 yoxwechatbusinessModel::set_user:BEGIN
[2019-07-28 14:12:30] trace  /app/ewei_shopv2_api.php?i=2&r=shop.get_hasnewcoupon&comefrom=wxapp&openid=sns_wa_oWJzS5I4SwtIvnavadWO1lOR7lAw&mid=&merchid=&authkey=&timestamp=1564294348384 yoxwechatbusinessModel::set_user:END
[2019-07-28 14:12:31] trace  /app/ewei_shopv2_api.php?i=2&r=shop.get_cpinfos&comefrom=wxapp&openid=sns_wa_oWJzS5I4SwtIvnavadWO1lOR7lAw&mid=&merchid=&authkey=&timestamp=1564294348391 yoxwechatbusinessModel::set_user:BEGIN
[2019-07-28 14:12:31] trace  /app/ewei_shopv2_api.php?i=2&r=shop.get_cpinfos&comefrom=wxapp&openid=sns_wa_oWJzS5I4SwtIvnavadWO1lOR7lAw&mid=&merchid=&authkey=&timestamp=1564294348391 yoxwechatbusinessModel::set_user:END
[2019-07-28 14:12:38] trace  /app/ewei_shopv2_api.php?i=2&r=yoxwechatbusiness&isajax=1&comefrom=wxapp&openid=sns_wa_oWJzS5I4SwtIvnavadWO1lOR7lAw&mid=&merchid=&authkey=ZGRmOXNnYXpUc21JSnZDYXlKRDYwRzNETk1GRldQdnNqd1FVMGJNWkdYbDBra1RLNXlNSFpDN09SWkg3MU5OaDNjbEEwQXBWMmZaeTNWVUZ5NDhidnVFTWFnUQ%3D%3D&timestamp=1564294358752 yoxwechatbusinessModel::set_user:BEGIN
[2019-07-28 14:12:38] trace  /app/ewei_shopv2_api.php?i=2&r=yoxwechatbusiness&isajax=1&comefrom=wxapp&openid=sns_wa_oWJzS5I4SwtIvnavadWO1lOR7lAw&mid=&merchid=&authkey=ZGRmOXNnYXpUc21JSnZDYXlKRDYwRzNETk1GRldQdnNqd1FVMGJNWkdYbDBra1RLNXlNSFpDN09SWkg3MU5OaDNjbEEwQXBWMmZaeTNWVUZ5NDhidnVFTWFnUQ%3D%3D&timestamp=1564294358752 yoxwechatbusinessModel::set_user:END
[2019-07-28 14:12:38] trace  /app/ewei_shopv2_api.php?i=2&r=bargain.act&comefrom=wxapp&openid=sns_wa_oWJzS5I4SwtIvnavadWO1lOR7lAw&mid=&merchid=&authkey=ZGRmOXNnYXpUc21JSnZDYXlKRDYwRzNETk1GRldQdnNqd1FVMGJNWkdYbDBra1RLNXlNSFpDN09SWkg3MU5OaDNjbEEwQXBWMmZaeTNWVUZ5NDhidnVFTWFnUQ%3D%3D&timestamp=1564294358763 yoxwechatbusinessModel::set_user:BEGIN
[2019-07-28 14:12:38] trace  /app/ewei_shopv2_api.php?i=2&r=bargain.act&comefrom=wxapp&openid=sns_wa_oWJzS5I4SwtIvnavadWO1lOR7lAw&mid=&merchid=&authkey=ZGRmOXNnYXpUc21JSnZDYXlKRDYwRzNETk1GRldQdnNqd1FVMGJNWkdYbDBra1RLNXlNSFpDN09SWkg3MU5OaDNjbEEwQXBWMmZaeTNWVUZ5NDhidnVFTWFnUQ%3D%3D&timestamp=1564294358763 yoxwechatbusinessModel::set_user:END
