[2019-07-30 02:52:41] trace  /app/ewei_shopv2_api.php?i=2&r=cacheset&version=&comefrom=wxapp&openid=sns_wa_oWJzS5CfC2fyvbj4V8PR2YpbgKpk&mid=&merchid=&authkey=ZTkyNVFxdTI4OXNlTnpPanFUUTM2TlVucWRNRjhpTXBsSnpkTXJCVjZrU2Zkc29NdmpLMzZ2RTAxamdveFIrS0d4eXdlOVE0cFFuRlBsZ2kxNlYrQUw5SzFVYw%3D%3D&timestamp=1564426361093 yoxwechatbusinessModel::set_user:BEGIN
[2019-07-30 02:52:41] trace  /app/ewei_shopv2_api.php?i=2&r=cacheset&version=&comefrom=wxapp&openid=sns_wa_oWJzS5CfC2fyvbj4V8PR2YpbgKpk&mid=&merchid=&authkey=ZTkyNVFxdTI4OXNlTnpPanFUUTM2TlVucWRNRjhpTXBsSnpkTXJCVjZrU2Zkc29NdmpLMzZ2RTAxamdveFIrS0d4eXdlOVE0cFFuRlBsZ2kxNlYrQUw5SzFVYw%3D%3D&timestamp=1564426361093 yoxwechatbusinessModel::set_user:END
[2019-07-30 02:52:41] trace  /app/ewei_shopv2_api.php?i=2&r=cacheset&version=&comefrom=wxapp&openid=sns_wa_oWJzS5CfC2fyvbj4V8PR2YpbgKpk&mid=&merchid=&authkey=ZTkyNVFxdTI4OXNlTnpPanFUUTM2TlVucWRNRjhpTXBsSnpkTXJCVjZrU2Zkc29NdmpLMzZ2RTAxamdveFIrS0d4eXdlOVE0cFFuRlBsZ2kxNlYrQUw5SzFVYw%3D%3D&timestamp=1564426361106 yoxwechatbusinessModel::set_user:BEGIN
[2019-07-30 02:52:41] trace  /app/ewei_shopv2_api.php?i=2&r=cacheset&version=&comefrom=wxapp&openid=sns_wa_oWJzS5CfC2fyvbj4V8PR2YpbgKpk&mid=&merchid=&authkey=ZTkyNVFxdTI4OXNlTnpPanFUUTM2TlVucWRNRjhpTXBsSnpkTXJCVjZrU2Zkc29NdmpLMzZ2RTAxamdveFIrS0d4eXdlOVE0cFFuRlBsZ2kxNlYrQUw5SzFVYw%3D%3D&timestamp=1564426361106 yoxwechatbusinessModel::set_user:END
[2019-07-30 09:10:15] trace  /app/ewei_shopv2_api.php?i=2&r=black&comefrom=wxapp&openid=sns_wa_oWJzS5E6FV0vFTKNh9Sr-s7BSShg&authkey=MTJkOG9vSDVndWdENi84TGFIU01KemRJQXBVdWdqUWZXR1REQ09LV0dDRUxTWHpOQTNET3dQYUpNVCtJSUlZY2ROSUxpUHExYWxCcUtqMG85bm05bnJhSDZCRQ%3D%3D&timestamp=1564449014250 yoxwechatbusinessModel::set_user:BEGIN
[2019-07-30 09:10:15] trace  /app/ewei_shopv2_api.php?i=2&r=black&comefrom=wxapp&openid=sns_wa_oWJzS5E6FV0vFTKNh9Sr-s7BSShg&authkey=MTJkOG9vSDVndWdENi84TGFIU01KemRJQXBVdWdqUWZXR1REQ09LV0dDRUxTWHpOQTNET3dQYUpNVCtJSUlZY2ROSUxpUHExYWxCcUtqMG85bm05bnJhSDZCRQ%3D%3D&timestamp=1564449014250 yoxwechatbusinessModel::set_user:END
[2019-07-30 09:10:15] trace  /app/ewei_shopv2_api.php?i=2&r=shop.get_shopindex&comefrom=wxapp&openid=sns_wa_oWJzS5E6FV0vFTKNh9Sr-s7BSShg&mid=&merchid=&authkey=MTJkOG9vSDVndWdENi84TGFIU01KemRJQXBVdWdqUWZXR1REQ09LV0dDRUxTWHpOQTNET3dQYUpNVCtJSUlZY2ROSUxpUHExYWxCcUtqMG85bm05bnJhSDZCRQ%3D%3D&timestamp=1564449014312 yoxwechatbusinessModel::set_user:BEGIN
[2019-07-30 09:10:15] trace  /app/ewei_shopv2_api.php?i=2&r=shop.get_shopindex&comefrom=wxapp&openid=sns_wa_oWJzS5E6FV0vFTKNh9Sr-s7BSShg&mid=&merchid=&authkey=MTJkOG9vSDVndWdENi84TGFIU01KemRJQXBVdWdqUWZXR1REQ09LV0dDRUxTWHpOQTNET3dQYUpNVCtJSUlZY2ROSUxpUHExYWxCcUtqMG85bm05bnJhSDZCRQ%3D%3D&timestamp=1564449014312 yoxwechatbusinessModel::set_user:END
[2019-07-30 09:10:15] trace  /app/ewei_shopv2_api.php?i=2&r=shop.get_cpinfos&comefrom=wxapp&openid=sns_wa_oWJzS5E6FV0vFTKNh9Sr-s7BSShg&mid=&merchid=&authkey=MTJkOG9vSDVndWdENi84TGFIU01KemRJQXBVdWdqUWZXR1REQ09LV0dDRUxTWHpOQTNET3dQYUpNVCtJSUlZY2ROSUxpUHExYWxCcUtqMG85bm05bnJhSDZCRQ%3D%3D&timestamp=1564449014322 yoxwechatbusinessModel::set_user:BEGIN
[2019-07-30 09:10:15] trace  /app/ewei_shopv2_api.php?i=2&r=shop.get_cpinfos&comefrom=wxapp&openid=sns_wa_oWJzS5E6FV0vFTKNh9Sr-s7BSShg&mid=&merchid=&authkey=MTJkOG9vSDVndWdENi84TGFIU01KemRJQXBVdWdqUWZXR1REQ09LV0dDRUxTWHpOQTNET3dQYUpNVCtJSUlZY2ROSUxpUHExYWxCcUtqMG85bm05bnJhSDZCRQ%3D%3D&timestamp=1564449014322 yoxwechatbusinessModel::set_user:END
[2019-07-30 09:10:15] trace  /app/ewei_shopv2_api.php?i=2&r=shop.get_hasnewcoupon&comefrom=wxapp&openid=sns_wa_oWJzS5E6FV0vFTKNh9Sr-s7BSShg&mid=&merchid=&authkey=MTJkOG9vSDVndWdENi84TGFIU01KemRJQXBVdWdqUWZXR1REQ09LV0dDRUxTWHpOQTNET3dQYUpNVCtJSUlZY2ROSUxpUHExYWxCcUtqMG85bm05bnJhSDZCRQ%3D%3D&timestamp=1564449014318 yoxwechatbusinessModel::set_user:BEGIN
[2019-07-30 09:10:15] trace  /app/ewei_shopv2_api.php?i=2&r=shop.get_hasnewcoupon&comefrom=wxapp&openid=sns_wa_oWJzS5E6FV0vFTKNh9Sr-s7BSShg&mid=&merchid=&authkey=MTJkOG9vSDVndWdENi84TGFIU01KemRJQXBVdWdqUWZXR1REQ09LV0dDRUxTWHpOQTNET3dQYUpNVCtJSUlZY2ROSUxpUHExYWxCcUtqMG85bm05bnJhSDZCRQ%3D%3D&timestamp=1564449014318 yoxwechatbusinessModel::set_user:END
[2019-07-30 09:10:17] trace  /app/ewei_shopv2_api.php?i=2&r=diypage&type=home&comefrom=wxapp&openid=sns_wa_oWJzS5E6FV0vFTKNh9Sr-s7BSShg&mid=&merchid=&authkey=MTJkOG9vSDVndWdENi84TGFIU01KemRJQXBVdWdqUWZXR1REQ09LV0dDRUxTWHpOQTNET3dQYUpNVCtJSUlZY2ROSUxpUHExYWxCcUtqMG85bm05bnJhSDZCRQ%3D%3D&timestamp=1564449014275 yoxwechatbusinessModel::set_user:BEGIN
[2019-07-30 09:10:17] trace  /app/ewei_shopv2_api.php?i=2&r=diypage&type=home&comefrom=wxapp&openid=sns_wa_oWJzS5E6FV0vFTKNh9Sr-s7BSShg&mid=&merchid=&authkey=MTJkOG9vSDVndWdENi84TGFIU01KemRJQXBVdWdqUWZXR1REQ09LV0dDRUxTWHpOQTNET3dQYUpNVCtJSUlZY2ROSUxpUHExYWxCcUtqMG85bm05bnJhSDZCRQ%3D%3D&timestamp=1564449014275 yoxwechatbusinessModel::set_user:END
[2019-07-30 09:10:21] trace  /app/ewei_shopv2_api.php?i=2&r=yoxwechatbusiness&isajax=1&comefrom=wxapp&openid=sns_wa_oWJzS5E6FV0vFTKNh9Sr-s7BSShg&mid=&merchid=&authkey=&timestamp=1564449020830 yoxwechatbusinessModel::set_user:BEGIN
[2019-07-30 09:10:21] trace  /app/ewei_shopv2_api.php?i=2&r=yoxwechatbusiness&isajax=1&comefrom=wxapp&openid=sns_wa_oWJzS5E6FV0vFTKNh9Sr-s7BSShg&mid=&merchid=&authkey=&timestamp=1564449020830 yoxwechatbusinessModel::set_user:END
[2019-07-30 09:10:21] trace  /app/ewei_shopv2_api.php?i=2&r=bargain.act&comefrom=wxapp&openid=sns_wa_oWJzS5E6FV0vFTKNh9Sr-s7BSShg&mid=&merchid=&authkey=&timestamp=1564449020838 yoxwechatbusinessModel::set_user:BEGIN
[2019-07-30 09:10:21] trace  /app/ewei_shopv2_api.php?i=2&r=bargain.act&comefrom=wxapp&openid=sns_wa_oWJzS5E6FV0vFTKNh9Sr-s7BSShg&mid=&merchid=&authkey=&timestamp=1564449020838 yoxwechatbusinessModel::set_user:END
[2019-07-30 09:10:45] trace  /app/ewei_shopv2_api.php?i=2&r=yoxwechatbusiness.user.i_wand_up&isajax=1&comefrom=wxapp&openid=sns_wa_oWJzS5E6FV0vFTKNh9Sr-s7BSShg&mid=&merchid=&authkey=OTM4Y1FPSGlNRnA4Z0FWemEzMitXSVhvdWZpb2QvM00xN0gwRjRqaHpIOFRzNnpIN3ZZVVVMcFBZazc0dEFBa3pyNU5oQ3NiTzF3VGhzb0VrRXpIU3NGN25QOFY3Q0RFaWdYTWxXUUh5TWp3Z2c%3D&timestamp=1564449045535 yoxwechatbusinessModel::set_user:BEGIN
[2019-07-30 09:10:45] trace  /app/ewei_shopv2_api.php?i=2&r=yoxwechatbusiness.user.i_wand_up&isajax=1&comefrom=wxapp&openid=sns_wa_oWJzS5E6FV0vFTKNh9Sr-s7BSShg&mid=&merchid=&authkey=OTM4Y1FPSGlNRnA4Z0FWemEzMitXSVhvdWZpb2QvM00xN0gwRjRqaHpIOFRzNnpIN3ZZVVVMcFBZazc0dEFBa3pyNU5oQ3NiTzF3VGhzb0VrRXpIU3NGN25QOFY3Q0RFaWdYTWxXUUh5TWp3Z2c%3D&timestamp=1564449045535 yoxwechatbusinessModel::set_user:END
[2019-07-30 09:10:52] trace  /app/ewei_shopv2_api.php?i=2&r=yoxwechatbusiness.user.i_wand_up&isajax=1&comefrom=wxapp&openid=sns_wa_oWJzS5E6FV0vFTKNh9Sr-s7BSShg&mid=&merchid=&authkey=&timestamp=1564449052579 yoxwechatbusinessModel::set_user:BEGIN
[2019-07-30 09:10:52] trace  /app/ewei_shopv2_api.php?i=2&r=yoxwechatbusiness.user.i_wand_up&isajax=1&comefrom=wxapp&openid=sns_wa_oWJzS5E6FV0vFTKNh9Sr-s7BSShg&mid=&merchid=&authkey=&timestamp=1564449052579 yoxwechatbusinessModel::set_user:END
[2019-07-30 09:10:56] trace  /app/ewei_shopv2_api.php?i=2&r=yoxwechatbusiness.user.i_wand_up&isajax=1&comefrom=wxapp&openid=sns_wa_oWJzS5E6FV0vFTKNh9Sr-s7BSShg&mid=&merchid=&authkey=&timestamp=1564449055791 yoxwechatbusinessModel::set_user:BEGIN
[2019-07-30 09:10:56] trace  /app/ewei_shopv2_api.php?i=2&r=yoxwechatbusiness.user.i_wand_up&isajax=1&comefrom=wxapp&openid=sns_wa_oWJzS5E6FV0vFTKNh9Sr-s7BSShg&mid=&merchid=&authkey=&timestamp=1564449055791 yoxwechatbusinessModel::set_user:END
[2019-07-30 09:10:59] trace  /app/ewei_shopv2_api.php?i=2&r=yoxwechatbusiness.certificate&comefrom=wxapp&openid=sns_wa_oWJzS5E6FV0vFTKNh9Sr-s7BSShg&mid=&merchid=&authkey=&timestamp=1564449059639 yoxwechatbusinessModel::set_user:BEGIN
[2019-07-30 09:10:59] trace  /app/ewei_shopv2_api.php?i=2&r=yoxwechatbusiness.certificate&comefrom=wxapp&openid=sns_wa_oWJzS5E6FV0vFTKNh9Sr-s7BSShg&mid=&merchid=&authkey=&timestamp=1564449059639 yoxwechatbusinessModel::set_user:END
[2019-07-30 09:11:30] trace  /app/ewei_shopv2_api.php?i=2&r=yoxwechatbusiness.certificate&comefrom=wxapp&openid=sns_wa_oWJzS5E6FV0vFTKNh9Sr-s7BSShg&mid=&merchid=&authkey=&timestamp=1564449089822 yoxwechatbusinessModel::set_user:BEGIN
[2019-07-30 09:11:30] trace  /app/ewei_shopv2_api.php?i=2&r=yoxwechatbusiness.certificate&comefrom=wxapp&openid=sns_wa_oWJzS5E6FV0vFTKNh9Sr-s7BSShg&mid=&merchid=&authkey=&timestamp=1564449089822 yoxwechatbusinessModel::set_user:END
[2019-07-30 09:11:42] trace  /app/ewei_shopv2_api.php?i=2&r=order.get_list&page=1&status=4&merchid=&comefrom=wxapp&openid=sns_wa_oWJzS5E6FV0vFTKNh9Sr-s7BSShg&mid=&authkey=&timestamp=1564449102034 yoxwechatbusinessModel::set_user:BEGIN
[2019-07-30 09:11:42] trace  /app/ewei_shopv2_api.php?i=2&r=order.get_list&page=1&status=4&merchid=&comefrom=wxapp&openid=sns_wa_oWJzS5E6FV0vFTKNh9Sr-s7BSShg&mid=&authkey=&timestamp=1564449102034 yoxwechatbusinessModel::set_user:END
[2019-07-30 09:11:46] trace  /app/ewei_shopv2_api.php?i=2&r=order.get_list&page=1&status=undefined&merchid=&comefrom=wxapp&openid=sns_wa_oWJzS5E6FV0vFTKNh9Sr-s7BSShg&mid=&authkey=&timestamp=1564449106420 yoxwechatbusinessModel::set_user:BEGIN
[2019-07-30 09:11:46] trace  /app/ewei_shopv2_api.php?i=2&r=order.get_list&page=1&status=undefined&merchid=&comefrom=wxapp&openid=sns_wa_oWJzS5E6FV0vFTKNh9Sr-s7BSShg&mid=&authkey=&timestamp=1564449106420 yoxwechatbusinessModel::set_user:END
[2019-07-30 09:11:49] trace  /app/ewei_shopv2_api.php?i=2&r=order.get_list&page=1&status=2&merchid=&comefrom=wxapp&openid=sns_wa_oWJzS5E6FV0vFTKNh9Sr-s7BSShg&mid=&authkey=&timestamp=1564449109012 yoxwechatbusinessModel::set_user:BEGIN
[2019-07-30 09:11:49] trace  /app/ewei_shopv2_api.php?i=2&r=order.get_list&page=1&status=2&merchid=&comefrom=wxapp&openid=sns_wa_oWJzS5E6FV0vFTKNh9Sr-s7BSShg&mid=&authkey=&timestamp=1564449109012 yoxwechatbusinessModel::set_user:END
[2019-07-30 09:11:51] trace  /app/ewei_shopv2_api.php?i=2&r=order.get_list&page=1&status=0&merchid=&comefrom=wxapp&openid=sns_wa_oWJzS5E6FV0vFTKNh9Sr-s7BSShg&mid=&authkey=&timestamp=1564449111414 yoxwechatbusinessModel::set_user:BEGIN
[2019-07-30 09:11:51] trace  /app/ewei_shopv2_api.php?i=2&r=order.get_list&page=1&status=0&merchid=&comefrom=wxapp&openid=sns_wa_oWJzS5E6FV0vFTKNh9Sr-s7BSShg&mid=&authkey=&timestamp=1564449111414 yoxwechatbusinessModel::set_user:END
[2019-07-30 09:11:54] trace  /app/ewei_shopv2_api.php?i=2&r=order.get_list&page=1&status=undefined&merchid=&comefrom=wxapp&openid=sns_wa_oWJzS5E6FV0vFTKNh9Sr-s7BSShg&mid=&authkey=&timestamp=1564449113704 yoxwechatbusinessModel::set_user:BEGIN
[2019-07-30 09:11:54] trace  /app/ewei_shopv2_api.php?i=2&r=order.get_list&page=1&status=undefined&merchid=&comefrom=wxapp&openid=sns_wa_oWJzS5E6FV0vFTKNh9Sr-s7BSShg&mid=&authkey=&timestamp=1564449113704 yoxwechatbusinessModel::set_user:END
[2019-07-30 09:11:56] trace  /app/ewei_shopv2_api.php?i=2&r=order.get_list&page=1&status=undefined&merchid=&comefrom=wxapp&openid=sns_wa_oWJzS5E6FV0vFTKNh9Sr-s7BSShg&mid=&authkey=&timestamp=1564449116101 yoxwechatbusinessModel::set_user:BEGIN
[2019-07-30 09:11:56] trace  /app/ewei_shopv2_api.php?i=2&r=order.get_list&page=1&status=undefined&merchid=&comefrom=wxapp&openid=sns_wa_oWJzS5E6FV0vFTKNh9Sr-s7BSShg&mid=&authkey=&timestamp=1564449116101 yoxwechatbusinessModel::set_user:END
[2019-07-30 09:11:59] trace  /app/ewei_shopv2_api.php?i=2&r=yoxwechatbusiness.user.my_down_level_user&isajax=1&begin_time=&end_time=&comefrom=wxapp&openid=sns_wa_oWJzS5E6FV0vFTKNh9Sr-s7BSShg&mid=&merchid=&authkey=&timestamp=1564449119783 yoxwechatbusinessModel::set_user:BEGIN
[2019-07-30 09:11:59] trace  /app/ewei_shopv2_api.php?i=2&r=yoxwechatbusiness.user.my_down_level_user&isajax=1&begin_time=&end_time=&comefrom=wxapp&openid=sns_wa_oWJzS5E6FV0vFTKNh9Sr-s7BSShg&mid=&merchid=&authkey=&timestamp=1564449119783 yoxwechatbusinessModel::set_user:END
[2019-07-30 09:12:03] trace  /app/ewei_shopv2_api.php?i=2&r=yoxwechatbusiness.certificate&comefrom=wxapp&openid=sns_wa_oWJzS5E6FV0vFTKNh9Sr-s7BSShg&mid=&merchid=&authkey=&timestamp=1564449123362 yoxwechatbusinessModel::set_user:BEGIN
[2019-07-30 09:12:03] trace  /app/ewei_shopv2_api.php?i=2&r=yoxwechatbusiness.certificate&comefrom=wxapp&openid=sns_wa_oWJzS5E6FV0vFTKNh9Sr-s7BSShg&mid=&merchid=&authkey=&timestamp=1564449123362 yoxwechatbusinessModel::set_user:END
[2019-07-30 09:12:33] trace  /app/ewei_shopv2_api.php?i=2&r=black&comefrom=wxapp&openid=sns_wa_oWJzS5E6FV0vFTKNh9Sr-s7BSShg&mid=&merchid=&authkey=YmNjM2FkcUNjNnVhZjJzLzlUUVZDMWpwc29DcXdDNWM0K2NvRktJSEhpN09idG1HR1g1UXNobWNFTFdON1dLZU5kdzNLWHBuSmZFT0cyY3AvejluVzdESmZGYw%3D%3D&timestamp=1564449152953 yoxwechatbusinessModel::set_user:BEGIN
[2019-07-30 09:12:33] trace  /app/ewei_shopv2_api.php?i=2&r=black&comefrom=wxapp&openid=sns_wa_oWJzS5E6FV0vFTKNh9Sr-s7BSShg&mid=&merchid=&authkey=YmNjM2FkcUNjNnVhZjJzLzlUUVZDMWpwc29DcXdDNWM0K2NvRktJSEhpN09idG1HR1g1UXNobWNFTFdON1dLZU5kdzNLWHBuSmZFT0cyY3AvejluVzdESmZGYw%3D%3D&timestamp=1564449152953 yoxwechatbusinessModel::set_user:END
[2019-07-30 09:12:33] trace  /app/ewei_shopv2_api.php?i=2&r=diypage&type=home&comefrom=wxapp&openid=sns_wa_oWJzS5E6FV0vFTKNh9Sr-s7BSShg&mid=&merchid=&authkey=YmNjM2FkcUNjNnVhZjJzLzlUUVZDMWpwc29DcXdDNWM0K2NvRktJSEhpN09idG1HR1g1UXNobWNFTFdON1dLZU5kdzNLWHBuSmZFT0cyY3AvejluVzdESmZGYw%3D%3D&timestamp=1564449152969 yoxwechatbusinessModel::set_user:BEGIN
[2019-07-30 09:12:33] trace  /app/ewei_shopv2_api.php?i=2&r=diypage&type=home&comefrom=wxapp&openid=sns_wa_oWJzS5E6FV0vFTKNh9Sr-s7BSShg&mid=&merchid=&authkey=YmNjM2FkcUNjNnVhZjJzLzlUUVZDMWpwc29DcXdDNWM0K2NvRktJSEhpN09idG1HR1g1UXNobWNFTFdON1dLZU5kdzNLWHBuSmZFT0cyY3AvejluVzdESmZGYw%3D%3D&timestamp=1564449152969 yoxwechatbusinessModel::set_user:END
[2019-07-30 09:12:33] trace  /app/ewei_shopv2_api.php?i=2&r=shop.get_shopindex&comefrom=wxapp&openid=sns_wa_oWJzS5E6FV0vFTKNh9Sr-s7BSShg&mid=&merchid=&authkey=YmNjM2FkcUNjNnVhZjJzLzlUUVZDMWpwc29DcXdDNWM0K2NvRktJSEhpN09idG1HR1g1UXNobWNFTFdON1dLZU5kdzNLWHBuSmZFT0cyY3AvejluVzdESmZGYw%3D%3D&timestamp=1564449152988 yoxwechatbusinessModel::set_user:BEGIN
[2019-07-30 09:12:33] trace  /app/ewei_shopv2_api.php?i=2&r=shop.get_shopindex&comefrom=wxapp&openid=sns_wa_oWJzS5E6FV0vFTKNh9Sr-s7BSShg&mid=&merchid=&authkey=YmNjM2FkcUNjNnVhZjJzLzlUUVZDMWpwc29DcXdDNWM0K2NvRktJSEhpN09idG1HR1g1UXNobWNFTFdON1dLZU5kdzNLWHBuSmZFT0cyY3AvejluVzdESmZGYw%3D%3D&timestamp=1564449152988 yoxwechatbusinessModel::set_user:END
[2019-07-30 09:12:33] trace  /app/ewei_shopv2_api.php?i=2&r=shop.get_hasnewcoupon&comefrom=wxapp&openid=sns_wa_oWJzS5E6FV0vFTKNh9Sr-s7BSShg&mid=&merchid=&authkey=YmNjM2FkcUNjNnVhZjJzLzlUUVZDMWpwc29DcXdDNWM0K2NvRktJSEhpN09idG1HR1g1UXNobWNFTFdON1dLZU5kdzNLWHBuSmZFT0cyY3AvejluVzdESmZGYw%3D%3D&timestamp=1564449152997 yoxwechatbusinessModel::set_user:BEGIN
[2019-07-30 09:12:33] trace  /app/ewei_shopv2_api.php?i=2&r=shop.get_hasnewcoupon&comefrom=wxapp&openid=sns_wa_oWJzS5E6FV0vFTKNh9Sr-s7BSShg&mid=&merchid=&authkey=YmNjM2FkcUNjNnVhZjJzLzlUUVZDMWpwc29DcXdDNWM0K2NvRktJSEhpN09idG1HR1g1UXNobWNFTFdON1dLZU5kdzNLWHBuSmZFT0cyY3AvejluVzdESmZGYw%3D%3D&timestamp=1564449152997 yoxwechatbusinessModel::set_user:END
[2019-07-30 09:12:34] trace  /app/ewei_shopv2_api.php?i=2&r=shop.get_cpinfos&comefrom=wxapp&openid=sns_wa_oWJzS5E6FV0vFTKNh9Sr-s7BSShg&mid=&merchid=&authkey=YmNjM2FkcUNjNnVhZjJzLzlUUVZDMWpwc29DcXdDNWM0K2NvRktJSEhpN09idG1HR1g1UXNobWNFTFdON1dLZU5kdzNLWHBuSmZFT0cyY3AvejluVzdESmZGYw%3D%3D&timestamp=1564449153063 yoxwechatbusinessModel::set_user:BEGIN
[2019-07-30 09:12:34] trace  /app/ewei_shopv2_api.php?i=2&r=shop.get_cpinfos&comefrom=wxapp&openid=sns_wa_oWJzS5E6FV0vFTKNh9Sr-s7BSShg&mid=&merchid=&authkey=YmNjM2FkcUNjNnVhZjJzLzlUUVZDMWpwc29DcXdDNWM0K2NvRktJSEhpN09idG1HR1g1UXNobWNFTFdON1dLZU5kdzNLWHBuSmZFT0cyY3AvejluVzdESmZGYw%3D%3D&timestamp=1564449153063 yoxwechatbusinessModel::set_user:END
[2019-07-30 09:12:35] trace  /app/ewei_shopv2_api.php?i=2&r=shop.get_category&comefrom=wxapp&openid=sns_wa_oWJzS5E6FV0vFTKNh9Sr-s7BSShg&mid=&merchid=&authkey=NDNiODV3WWRtdUREcnhVYks4a0F1c3grUm9iS0k3VmxkSExrSmZmTHhnVXJaNUtFWDNzT3NHU0ZlbzVmTnZOL3l4YXdraWZpR3Rabi9wSHI2eXdPY09PU05odm1hblRpYzJuTVhhNlk4YnpXZ2c%3D&timestamp=1564449155811 yoxwechatbusinessModel::set_user:BEGIN
[2019-07-30 09:12:35] trace  /app/ewei_shopv2_api.php?i=2&r=shop.get_category&comefrom=wxapp&openid=sns_wa_oWJzS5E6FV0vFTKNh9Sr-s7BSShg&mid=&merchid=&authkey=NDNiODV3WWRtdUREcnhVYks4a0F1c3grUm9iS0k3VmxkSExrSmZmTHhnVXJaNUtFWDNzT3NHU0ZlbzVmTnZOL3l4YXdraWZpR3Rabi9wSHI2eXdPY09PU05odm1hblRpYzJuTVhhNlk4YnpXZ2c%3D&timestamp=1564449155811 yoxwechatbusinessModel::set_user:END
[2019-07-30 09:12:41] trace  /app/ewei_shopv2_api.php?i=2&r=shop.get_shopindex&comefrom=wxapp&openid=sns_wa_oWJzS5E6FV0vFTKNh9Sr-s7BSShg&mid=&merchid=&authkey=&timestamp=1564449161388 yoxwechatbusinessModel::set_user:BEGIN
[2019-07-30 09:12:41] trace  /app/ewei_shopv2_api.php?i=2&r=shop.get_shopindex&comefrom=wxapp&openid=sns_wa_oWJzS5E6FV0vFTKNh9Sr-s7BSShg&mid=&merchid=&authkey=&timestamp=1564449161388 yoxwechatbusinessModel::set_user:END
[2019-07-30 09:12:41] trace  /app/ewei_shopv2_api.php?i=2&r=shop.get_hasnewcoupon&comefrom=wxapp&openid=sns_wa_oWJzS5E6FV0vFTKNh9Sr-s7BSShg&mid=&merchid=&authkey=&timestamp=1564449161394 yoxwechatbusinessModel::set_user:BEGIN
[2019-07-30 09:12:41] trace  /app/ewei_shopv2_api.php?i=2&r=shop.get_hasnewcoupon&comefrom=wxapp&openid=sns_wa_oWJzS5E6FV0vFTKNh9Sr-s7BSShg&mid=&merchid=&authkey=&timestamp=1564449161394 yoxwechatbusinessModel::set_user:END
[2019-07-30 09:12:41] trace  /app/ewei_shopv2_api.php?i=2&r=shop.get_cpinfos&comefrom=wxapp&openid=sns_wa_oWJzS5E6FV0vFTKNh9Sr-s7BSShg&mid=&merchid=&authkey=&timestamp=1564449161398 yoxwechatbusinessModel::set_user:BEGIN
[2019-07-30 09:12:41] trace  /app/ewei_shopv2_api.php?i=2&r=shop.get_cpinfos&comefrom=wxapp&openid=sns_wa_oWJzS5E6FV0vFTKNh9Sr-s7BSShg&mid=&merchid=&authkey=&timestamp=1564449161398 yoxwechatbusinessModel::set_user:END
[2019-07-30 09:12:42] trace  /app/ewei_shopv2_api.php?i=2&r=groups&comefrom=wxapp&openid=sns_wa_oWJzS5E6FV0vFTKNh9Sr-s7BSShg&mid=&merchid=&authkey=&timestamp=1564449162211 yoxwechatbusinessModel::set_user:BEGIN
[2019-07-30 09:12:42] trace  /app/ewei_shopv2_api.php?i=2&r=groups&comefrom=wxapp&openid=sns_wa_oWJzS5E6FV0vFTKNh9Sr-s7BSShg&mid=&merchid=&authkey=&timestamp=1564449162211 yoxwechatbusinessModel::set_user:END
[2019-07-30 09:12:43] trace  /app/ewei_shopv2_api.php?i=2&r=groups.order&status=&page=1&comefrom=wxapp&openid=sns_wa_oWJzS5E6FV0vFTKNh9Sr-s7BSShg&mid=&merchid=&authkey=&timestamp=1564449163650 yoxwechatbusinessModel::set_user:BEGIN
[2019-07-30 09:12:43] trace  /app/ewei_shopv2_api.php?i=2&r=groups.order&status=&page=1&comefrom=wxapp&openid=sns_wa_oWJzS5E6FV0vFTKNh9Sr-s7BSShg&mid=&merchid=&authkey=&timestamp=1564449163650 yoxwechatbusinessModel::set_user:END
[2019-07-30 09:12:47] trace  /app/ewei_shopv2_api.php?i=2&r=groups&comefrom=wxapp&openid=sns_wa_oWJzS5E6FV0vFTKNh9Sr-s7BSShg&mid=&merchid=&authkey=&timestamp=1564449166547 yoxwechatbusinessModel::set_user:BEGIN
[2019-07-30 09:12:47] trace  /app/ewei_shopv2_api.php?i=2&r=groups&comefrom=wxapp&openid=sns_wa_oWJzS5E6FV0vFTKNh9Sr-s7BSShg&mid=&merchid=&authkey=&timestamp=1564449166547 yoxwechatbusinessModel::set_user:END
[2019-07-30 09:12:47] trace  /app/ewei_shopv2_api.php?i=2&r=black&comefrom=wxapp&openid=sns_wa_oWJzS5E6FV0vFTKNh9Sr-s7BSShg&mid=&merchid=&authkey=&timestamp=1564449167593 yoxwechatbusinessModel::set_user:BEGIN
[2019-07-30 09:12:47] trace  /app/ewei_shopv2_api.php?i=2&r=black&comefrom=wxapp&openid=sns_wa_oWJzS5E6FV0vFTKNh9Sr-s7BSShg&mid=&merchid=&authkey=&timestamp=1564449167593 yoxwechatbusinessModel::set_user:END
[2019-07-30 09:12:47] trace  /app/ewei_shopv2_api.php?i=2&r=diypage&type=home&comefrom=wxapp&openid=sns_wa_oWJzS5E6FV0vFTKNh9Sr-s7BSShg&mid=&merchid=&authkey=&timestamp=1564449167611 yoxwechatbusinessModel::set_user:BEGIN
[2019-07-30 09:12:47] trace  /app/ewei_shopv2_api.php?i=2&r=diypage&type=home&comefrom=wxapp&openid=sns_wa_oWJzS5E6FV0vFTKNh9Sr-s7BSShg&mid=&merchid=&authkey=&timestamp=1564449167611 yoxwechatbusinessModel::set_user:END
[2019-07-30 09:12:48] trace  /app/ewei_shopv2_api.php?i=2&r=shop.get_shopindex&comefrom=wxapp&openid=sns_wa_oWJzS5E6FV0vFTKNh9Sr-s7BSShg&mid=&merchid=&authkey=&timestamp=1564449167642 yoxwechatbusinessModel::set_user:BEGIN
[2019-07-30 09:12:48] trace  /app/ewei_shopv2_api.php?i=2&r=shop.get_shopindex&comefrom=wxapp&openid=sns_wa_oWJzS5E6FV0vFTKNh9Sr-s7BSShg&mid=&merchid=&authkey=&timestamp=1564449167642 yoxwechatbusinessModel::set_user:END
[2019-07-30 09:12:48] trace  /app/ewei_shopv2_api.php?i=2&r=shop.get_hasnewcoupon&comefrom=wxapp&openid=sns_wa_oWJzS5E6FV0vFTKNh9Sr-s7BSShg&mid=&merchid=&authkey=&timestamp=1564449167650 yoxwechatbusinessModel::set_user:BEGIN
[2019-07-30 09:12:48] trace  /app/ewei_shopv2_api.php?i=2&r=shop.get_hasnewcoupon&comefrom=wxapp&openid=sns_wa_oWJzS5E6FV0vFTKNh9Sr-s7BSShg&mid=&merchid=&authkey=&timestamp=1564449167650 yoxwechatbusinessModel::set_user:END
[2019-07-30 09:12:48] trace  /app/ewei_shopv2_api.php?i=2&r=shop.get_cpinfos&comefrom=wxapp&openid=sns_wa_oWJzS5E6FV0vFTKNh9Sr-s7BSShg&mid=&merchid=&authkey=&timestamp=1564449167658 yoxwechatbusinessModel::set_user:BEGIN
[2019-07-30 09:12:48] trace  /app/ewei_shopv2_api.php?i=2&r=shop.get_cpinfos&comefrom=wxapp&openid=sns_wa_oWJzS5E6FV0vFTKNh9Sr-s7BSShg&mid=&merchid=&authkey=&timestamp=1564449167658 yoxwechatbusinessModel::set_user:END
[2019-07-30 09:12:53] trace  /app/ewei_shopv2_api.php?i=2&r=yoxwechatbusiness&isajax=1&comefrom=wxapp&openid=sns_wa_oWJzS5E6FV0vFTKNh9Sr-s7BSShg&mid=&merchid=&authkey=&timestamp=1564449173499 yoxwechatbusinessModel::set_user:BEGIN
[2019-07-30 09:12:53] trace  /app/ewei_shopv2_api.php?i=2&r=yoxwechatbusiness&isajax=1&comefrom=wxapp&openid=sns_wa_oWJzS5E6FV0vFTKNh9Sr-s7BSShg&mid=&merchid=&authkey=&timestamp=1564449173499 yoxwechatbusinessModel::set_user:END
[2019-07-30 09:12:53] trace  /app/ewei_shopv2_api.php?i=2&r=bargain.act&comefrom=wxapp&openid=sns_wa_oWJzS5E6FV0vFTKNh9Sr-s7BSShg&mid=&merchid=&authkey=&timestamp=1564449173506 yoxwechatbusinessModel::set_user:BEGIN
[2019-07-30 09:12:53] trace  /app/ewei_shopv2_api.php?i=2&r=bargain.act&comefrom=wxapp&openid=sns_wa_oWJzS5E6FV0vFTKNh9Sr-s7BSShg&mid=&merchid=&authkey=&timestamp=1564449173506 yoxwechatbusinessModel::set_user:END
[2019-07-30 09:13:07] trace  /app/ewei_shopv2_api.php?i=2&r=shop.get_shopindex&comefrom=wxapp&openid=sns_wa_oWJzS5E6FV0vFTKNh9Sr-s7BSShg&mid=&merchid=&authkey=&timestamp=1564449187343 yoxwechatbusinessModel::set_user:BEGIN
[2019-07-30 09:13:07] trace  /app/ewei_shopv2_api.php?i=2&r=shop.get_shopindex&comefrom=wxapp&openid=sns_wa_oWJzS5E6FV0vFTKNh9Sr-s7BSShg&mid=&merchid=&authkey=&timestamp=1564449187343 yoxwechatbusinessModel::set_user:END
[2019-07-30 09:13:07] trace  /app/ewei_shopv2_api.php?i=2&r=shop.get_hasnewcoupon&comefrom=wxapp&openid=sns_wa_oWJzS5E6FV0vFTKNh9Sr-s7BSShg&mid=&merchid=&authkey=&timestamp=1564449187351 yoxwechatbusinessModel::set_user:BEGIN
[2019-07-30 09:13:07] trace  /app/ewei_shopv2_api.php?i=2&r=shop.get_hasnewcoupon&comefrom=wxapp&openid=sns_wa_oWJzS5E6FV0vFTKNh9Sr-s7BSShg&mid=&merchid=&authkey=&timestamp=1564449187351 yoxwechatbusinessModel::set_user:END
[2019-07-30 09:13:07] trace  /app/ewei_shopv2_api.php?i=2&r=shop.get_cpinfos&comefrom=wxapp&openid=sns_wa_oWJzS5E6FV0vFTKNh9Sr-s7BSShg&mid=&merchid=&authkey=&timestamp=1564449187356 yoxwechatbusinessModel::set_user:BEGIN
[2019-07-30 09:13:07] trace  /app/ewei_shopv2_api.php?i=2&r=shop.get_cpinfos&comefrom=wxapp&openid=sns_wa_oWJzS5E6FV0vFTKNh9Sr-s7BSShg&mid=&merchid=&authkey=&timestamp=1564449187356 yoxwechatbusinessModel::set_user:END
[2019-07-30 09:13:09] trace  /app/ewei_shopv2_api.php?i=2&r=yoxwechatbusiness&isajax=1&comefrom=wxapp&openid=sns_wa_oWJzS5E6FV0vFTKNh9Sr-s7BSShg&mid=&merchid=&authkey=&timestamp=1564449188968 yoxwechatbusinessModel::set_user:BEGIN
[2019-07-30 09:13:09] trace  /app/ewei_shopv2_api.php?i=2&r=yoxwechatbusiness&isajax=1&comefrom=wxapp&openid=sns_wa_oWJzS5E6FV0vFTKNh9Sr-s7BSShg&mid=&merchid=&authkey=&timestamp=1564449188968 yoxwechatbusinessModel::set_user:END
[2019-07-30 09:13:09] trace  /app/ewei_shopv2_api.php?i=2&r=bargain.act&comefrom=wxapp&openid=sns_wa_oWJzS5E6FV0vFTKNh9Sr-s7BSShg&mid=&merchid=&authkey=&timestamp=1564449188974 yoxwechatbusinessModel::set_user:BEGIN
[2019-07-30 09:13:09] trace  /app/ewei_shopv2_api.php?i=2&r=bargain.act&comefrom=wxapp&openid=sns_wa_oWJzS5E6FV0vFTKNh9Sr-s7BSShg&mid=&merchid=&authkey=&timestamp=1564449188974 yoxwechatbusinessModel::set_user:END
[2019-07-30 09:13:11] trace  /app/ewei_shopv2_api.php?i=2&r=yoxwechatbusiness.certificate&comefrom=wxapp&openid=sns_wa_oWJzS5E6FV0vFTKNh9Sr-s7BSShg&mid=&merchid=&authkey=&timestamp=1564449191661 yoxwechatbusinessModel::set_user:BEGIN
[2019-07-30 09:13:11] trace  /app/ewei_shopv2_api.php?i=2&r=yoxwechatbusiness.certificate&comefrom=wxapp&openid=sns_wa_oWJzS5E6FV0vFTKNh9Sr-s7BSShg&mid=&merchid=&authkey=&timestamp=1564449191661 yoxwechatbusinessModel::set_user:END
[2019-07-30 09:57:19] trace  /app/ewei_shopv2_api.php?i=2&r=yoxwechatbusiness&isajax=1&comefrom=wxapp&openid=sns_wa_oWJzS5E6FV0vFTKNh9Sr-s7BSShg&authkey=&timestamp=1564451839501 yoxwechatbusinessModel::set_user:BEGIN
[2019-07-30 09:57:19] trace  /app/ewei_shopv2_api.php?i=2&r=yoxwechatbusiness&isajax=1&comefrom=wxapp&openid=sns_wa_oWJzS5E6FV0vFTKNh9Sr-s7BSShg&authkey=&timestamp=1564451839501 yoxwechatbusinessModel::set_user:END
[2019-07-30 09:57:19] trace  /app/ewei_shopv2_api.php?i=2&r=bargain.act&comefrom=wxapp&openid=sns_wa_oWJzS5E6FV0vFTKNh9Sr-s7BSShg&authkey=&timestamp=1564451839541 yoxwechatbusinessModel::set_user:BEGIN
[2019-07-30 09:57:19] trace  /app/ewei_shopv2_api.php?i=2&r=bargain.act&comefrom=wxapp&openid=sns_wa_oWJzS5E6FV0vFTKNh9Sr-s7BSShg&authkey=&timestamp=1564451839541 yoxwechatbusinessModel::set_user:END
[2019-07-30 10:27:13] trace  /app/ewei_shopv2_api.php?i=2&r=yoxwechatbusiness&isajax=1&comefrom=wxapp&openid=sns_wa_oWJzS5E6FV0vFTKNh9Sr-s7BSShg&authkey=MWNjY0NXcitRdWFZMEFQVnpYSVBQUFpQeW1YMHJWbUhiSkRQZU92ZEUxMGFRZ0hvNjBDTnNsU2JFV3U2TjFwYjB0dG9FTVM2UDlmMUd0TVlqZ3ZMQjc1cFNGNA%3D%3D&timestamp=1564453632958 yoxwechatbusinessModel::set_user:BEGIN
[2019-07-30 10:27:13] trace  /app/ewei_shopv2_api.php?i=2&r=yoxwechatbusiness&isajax=1&comefrom=wxapp&openid=sns_wa_oWJzS5E6FV0vFTKNh9Sr-s7BSShg&authkey=MWNjY0NXcitRdWFZMEFQVnpYSVBQUFpQeW1YMHJWbUhiSkRQZU92ZEUxMGFRZ0hvNjBDTnNsU2JFV3U2TjFwYjB0dG9FTVM2UDlmMUd0TVlqZ3ZMQjc1cFNGNA%3D%3D&timestamp=1564453632958 yoxwechatbusinessModel::set_user:END
[2019-07-30 10:27:13] trace  /app/ewei_shopv2_api.php?i=2&r=bargain.act&comefrom=wxapp&openid=sns_wa_oWJzS5E6FV0vFTKNh9Sr-s7BSShg&authkey=MWNjY0NXcitRdWFZMEFQVnpYSVBQUFpQeW1YMHJWbUhiSkRQZU92ZEUxMGFRZ0hvNjBDTnNsU2JFV3U2TjFwYjB0dG9FTVM2UDlmMUd0TVlqZ3ZMQjc1cFNGNA%3D%3D&timestamp=1564453633001 yoxwechatbusinessModel::set_user:BEGIN
[2019-07-30 10:27:13] trace  /app/ewei_shopv2_api.php?i=2&r=bargain.act&comefrom=wxapp&openid=sns_wa_oWJzS5E6FV0vFTKNh9Sr-s7BSShg&authkey=MWNjY0NXcitRdWFZMEFQVnpYSVBQUFpQeW1YMHJWbUhiSkRQZU92ZEUxMGFRZ0hvNjBDTnNsU2JFV3U2TjFwYjB0dG9FTVM2UDlmMUd0TVlqZ3ZMQjc1cFNGNA%3D%3D&timestamp=1564453633001 yoxwechatbusinessModel::set_user:END
[2019-07-30 10:27:21] trace  /app/ewei_shopv2_api.php?i=2&r=yoxwechatbusiness.commission.count&comefrom=wxapp&openid=sns_wa_oWJzS5E6FV0vFTKNh9Sr-s7BSShg&authkey=&timestamp=1564453641428 yoxwechatbusinessModel::set_user:BEGIN
[2019-07-30 10:27:21] trace  /app/ewei_shopv2_api.php?i=2&r=yoxwechatbusiness.commission.count&comefrom=wxapp&openid=sns_wa_oWJzS5E6FV0vFTKNh9Sr-s7BSShg&authkey=&timestamp=1564453641428 yoxwechatbusinessModel::set_user:END
[2019-07-30 10:47:10] trace  /app/ewei_shopv2_api.php?i=2&r=black&comefrom=wxapp&openid=sns_wa_oWJzS5AqK5fXwChfll8RgA0GTRF4&authkey=NWU3Mk9Sd285VTdWUnNEcnYycHlISERnY2tpUWVPb1Qybk8ySUN3ZURHYTlKM2M1cm05ZjNneUtoZi9HTlhFRkpFY3pzTjZtTHFkQ3orQ3Y5bXZ5UjVmL2JiOXFZbll2ci95cE1WT2pVMnN5QUE%3D&timestamp=1564454806066 yoxwechatbusinessModel::set_user:BEGIN
[2019-07-30 10:47:10] trace  /app/ewei_shopv2_api.php?i=2&r=black&comefrom=wxapp&openid=sns_wa_oWJzS5AqK5fXwChfll8RgA0GTRF4&authkey=NWU3Mk9Sd285VTdWUnNEcnYycHlISERnY2tpUWVPb1Qybk8ySUN3ZURHYTlKM2M1cm05ZjNneUtoZi9HTlhFRkpFY3pzTjZtTHFkQ3orQ3Y5bXZ5UjVmL2JiOXFZbll2ci95cE1WT2pVMnN5QUE%3D&timestamp=1564454806066 yoxwechatbusinessModel::set_user:END
[2019-07-30 10:47:11] trace  /app/ewei_shopv2_api.php?i=2&r=diypage&type=home&comefrom=wxapp&openid=sns_wa_oWJzS5AqK5fXwChfll8RgA0GTRF4&mid=&merchid=&authkey=NWU3Mk9Sd285VTdWUnNEcnYycHlISERnY2tpUWVPb1Qybk8ySUN3ZURHYTlKM2M1cm05ZjNneUtoZi9HTlhFRkpFY3pzTjZtTHFkQ3orQ3Y5bXZ5UjVmL2JiOXFZbll2ci95cE1WT2pVMnN5QUE%3D&timestamp=1564454806602 yoxwechatbusinessModel::set_user:BEGIN
[2019-07-30 10:47:11] trace  /app/ewei_shopv2_api.php?i=2&r=diypage&type=home&comefrom=wxapp&openid=sns_wa_oWJzS5AqK5fXwChfll8RgA0GTRF4&mid=&merchid=&authkey=NWU3Mk9Sd285VTdWUnNEcnYycHlISERnY2tpUWVPb1Qybk8ySUN3ZURHYTlKM2M1cm05ZjNneUtoZi9HTlhFRkpFY3pzTjZtTHFkQ3orQ3Y5bXZ5UjVmL2JiOXFZbll2ci95cE1WT2pVMnN5QUE%3D&timestamp=1564454806602 yoxwechatbusinessModel::set_user:END
[2019-07-30 10:47:11] trace  /app/ewei_shopv2_api.php?i=2&r=shop.get_shopindex&comefrom=wxapp&openid=sns_wa_oWJzS5AqK5fXwChfll8RgA0GTRF4&mid=&merchid=&authkey=NWU3Mk9Sd285VTdWUnNEcnYycHlISERnY2tpUWVPb1Qybk8ySUN3ZURHYTlKM2M1cm05ZjNneUtoZi9HTlhFRkpFY3pzTjZtTHFkQ3orQ3Y5bXZ5UjVmL2JiOXFZbll2ci95cE1WT2pVMnN5QUE%3D&timestamp=1564454806671 yoxwechatbusinessModel::set_user:BEGIN
[2019-07-30 10:47:11] trace  /app/ewei_shopv2_api.php?i=2&r=shop.get_shopindex&comefrom=wxapp&openid=sns_wa_oWJzS5AqK5fXwChfll8RgA0GTRF4&mid=&merchid=&authkey=NWU3Mk9Sd285VTdWUnNEcnYycHlISERnY2tpUWVPb1Qybk8ySUN3ZURHYTlKM2M1cm05ZjNneUtoZi9HTlhFRkpFY3pzTjZtTHFkQ3orQ3Y5bXZ5UjVmL2JiOXFZbll2ci95cE1WT2pVMnN5QUE%3D&timestamp=1564454806671 yoxwechatbusinessModel::set_user:END
[2019-07-30 10:47:11] trace  /app/ewei_shopv2_api.php?i=2&r=shop.get_hasnewcoupon&comefrom=wxapp&openid=sns_wa_oWJzS5AqK5fXwChfll8RgA0GTRF4&mid=&merchid=&authkey=NWU3Mk9Sd285VTdWUnNEcnYycHlISERnY2tpUWVPb1Qybk8ySUN3ZURHYTlKM2M1cm05ZjNneUtoZi9HTlhFRkpFY3pzTjZtTHFkQ3orQ3Y5bXZ5UjVmL2JiOXFZbll2ci95cE1WT2pVMnN5QUE%3D&timestamp=1564454806714 yoxwechatbusinessModel::set_user:BEGIN
[2019-07-30 10:47:11] trace  /app/ewei_shopv2_api.php?i=2&r=shop.get_hasnewcoupon&comefrom=wxapp&openid=sns_wa_oWJzS5AqK5fXwChfll8RgA0GTRF4&mid=&merchid=&authkey=NWU3Mk9Sd285VTdWUnNEcnYycHlISERnY2tpUWVPb1Qybk8ySUN3ZURHYTlKM2M1cm05ZjNneUtoZi9HTlhFRkpFY3pzTjZtTHFkQ3orQ3Y5bXZ5UjVmL2JiOXFZbll2ci95cE1WT2pVMnN5QUE%3D&timestamp=1564454806714 yoxwechatbusinessModel::set_user:END
[2019-07-30 10:47:11] trace  /app/ewei_shopv2_api.php?i=2&r=shop.get_cpinfos&comefrom=wxapp&openid=sns_wa_oWJzS5AqK5fXwChfll8RgA0GTRF4&mid=&merchid=&authkey=NWU3Mk9Sd285VTdWUnNEcnYycHlISERnY2tpUWVPb1Qybk8ySUN3ZURHYTlKM2M1cm05ZjNneUtoZi9HTlhFRkpFY3pzTjZtTHFkQ3orQ3Y5bXZ5UjVmL2JiOXFZbll2ci95cE1WT2pVMnN5QUE%3D&timestamp=1564454806753 yoxwechatbusinessModel::set_user:BEGIN
[2019-07-30 10:47:11] trace  /app/ewei_shopv2_api.php?i=2&r=shop.get_cpinfos&comefrom=wxapp&openid=sns_wa_oWJzS5AqK5fXwChfll8RgA0GTRF4&mid=&merchid=&authkey=NWU3Mk9Sd285VTdWUnNEcnYycHlISERnY2tpUWVPb1Qybk8ySUN3ZURHYTlKM2M1cm05ZjNneUtoZi9HTlhFRkpFY3pzTjZtTHFkQ3orQ3Y5bXZ5UjVmL2JiOXFZbll2ci95cE1WT2pVMnN5QUE%3D&timestamp=1564454806753 yoxwechatbusinessModel::set_user:END
[2019-07-30 10:47:35] trace  /app/ewei_shopv2_api.php?i=2&r=black&comefrom=wxapp&openid=sns_wa_oWJzS5AqK5fXwChfll8RgA0GTRF4&mid=&merchid=&authkey=YTlmNkJDY3U1YVhieW9aYVBVRUhhZ3owbEtldVZ2WWJFRk1qQjBBUDhVWG9kVnorK3Z4a1JFSFB6M1RTUVovV3JvTVV1V3FGa3dvZzBZdVYwQVA2VUxrTmZWNA%3D%3D&timestamp=1564454830884 yoxwechatbusinessModel::set_user:BEGIN
[2019-07-30 10:47:35] trace  /app/ewei_shopv2_api.php?i=2&r=black&comefrom=wxapp&openid=sns_wa_oWJzS5AqK5fXwChfll8RgA0GTRF4&mid=&merchid=&authkey=YTlmNkJDY3U1YVhieW9aYVBVRUhhZ3owbEtldVZ2WWJFRk1qQjBBUDhVWG9kVnorK3Z4a1JFSFB6M1RTUVovV3JvTVV1V3FGa3dvZzBZdVYwQVA2VUxrTmZWNA%3D%3D&timestamp=1564454830884 yoxwechatbusinessModel::set_user:END
[2019-07-30 10:47:35] trace  /app/ewei_shopv2_api.php?i=2&r=diypage&type=goodsdetail&comefrom=wxapp&openid=sns_wa_oWJzS5AqK5fXwChfll8RgA0GTRF4&mid=&merchid=&authkey=YTlmNkJDY3U1YVhieW9aYVBVRUhhZ3owbEtldVZ2WWJFRk1qQjBBUDhVWG9kVnorK3Z4a1JFSFB6M1RTUVovV3JvTVV1V3FGa3dvZzBZdVYwQVA2VUxrTmZWNA%3D%3D&timestamp=1564454830920 yoxwechatbusinessModel::set_user:BEGIN
[2019-07-30 10:47:35] trace  /app/ewei_shopv2_api.php?i=2&r=diypage&type=goodsdetail&comefrom=wxapp&openid=sns_wa_oWJzS5AqK5fXwChfll8RgA0GTRF4&mid=&merchid=&authkey=YTlmNkJDY3U1YVhieW9aYVBVRUhhZ3owbEtldVZ2WWJFRk1qQjBBUDhVWG9kVnorK3Z4a1JFSFB6M1RTUVovV3JvTVV1V3FGa3dvZzBZdVYwQVA2VUxrTmZWNA%3D%3D&timestamp=1564454830920 yoxwechatbusinessModel::set_user:END
[2019-07-30 10:47:36] trace  /app/ewei_shopv2_api.php?i=2&r=goods.get_detail&id=24&comefrom=wxapp&openid=sns_wa_oWJzS5AqK5fXwChfll8RgA0GTRF4&mid=&merchid=&authkey=YTlmNkJDY3U1YVhieW9aYVBVRUhhZ3owbEtldVZ2WWJFRk1qQjBBUDhVWG9kVnorK3Z4a1JFSFB6M1RTUVovV3JvTVV1V3FGa3dvZzBZdVYwQVA2VUxrTmZWNA%3D%3D&timestamp=1564454831586 yoxwechatbusinessModel::set_user:BEGIN
[2019-07-30 10:47:36] trace  /app/ewei_shopv2_api.php?i=2&r=goods.get_detail&id=24&comefrom=wxapp&openid=sns_wa_oWJzS5AqK5fXwChfll8RgA0GTRF4&mid=&merchid=&authkey=YTlmNkJDY3U1YVhieW9aYVBVRUhhZ3owbEtldVZ2WWJFRk1qQjBBUDhVWG9kVnorK3Z4a1JFSFB6M1RTUVovV3JvTVV1V3FGa3dvZzBZdVYwQVA2VUxrTmZWNA%3D%3D&timestamp=1564454831586 yoxwechatbusinessModel::set_user:END
[2019-07-30 10:47:38] trace  /app/ewei_shopv2_api.php?i=2&r=goods.get_comments&id=24&comefrom=wxapp&openid=sns_wa_oWJzS5AqK5fXwChfll8RgA0GTRF4&mid=&merchid=&authkey=&timestamp=1564454833878 yoxwechatbusinessModel::set_user:BEGIN
[2019-07-30 10:47:38] trace  /app/ewei_shopv2_api.php?i=2&r=goods.get_comments&id=24&comefrom=wxapp&openid=sns_wa_oWJzS5AqK5fXwChfll8RgA0GTRF4&mid=&merchid=&authkey=&timestamp=1564454833878 yoxwechatbusinessModel::set_user:END
[2019-07-30 10:47:46] trace  /app/ewei_shopv2_api.php?i=2&r=goods.get_picker&id=24&comefrom=wxapp&openid=sns_wa_oWJzS5AqK5fXwChfll8RgA0GTRF4&mid=&merchid=&authkey=&timestamp=1564454841571 yoxwechatbusinessModel::set_user:BEGIN
[2019-07-30 10:47:46] trace  /app/ewei_shopv2_api.php?i=2&r=goods.get_picker&id=24&comefrom=wxapp&openid=sns_wa_oWJzS5AqK5fXwChfll8RgA0GTRF4&mid=&merchid=&authkey=&timestamp=1564454841571 yoxwechatbusinessModel::set_user:END
[2019-07-30 10:47:54] trace  /app/ewei_shopv2_api.php?i=2&r=order.create&id=24&total=1&optionid=&selectDate=undefined&comefrom=wxapp&openid=sns_wa_oWJzS5AqK5fXwChfll8RgA0GTRF4&mid=&merchid=&authkey=&timestamp=1564454850140 yoxwechatbusinessModel::set_user:BEGIN
[2019-07-30 10:47:54] trace  /app/ewei_shopv2_api.php?i=2&r=order.create&id=24&total=1&optionid=&selectDate=undefined&comefrom=wxapp&openid=sns_wa_oWJzS5AqK5fXwChfll8RgA0GTRF4&mid=&merchid=&authkey=&timestamp=1564454850140 yoxwechatbusinessModel::set_user:END
[2019-07-30 10:47:54] trace  /app/ewei_shopv2_api.php?i=2&r=member.address.get_detail&id=&comefrom=wxapp&openid=sns_wa_oWJzS5AqK5fXwChfll8RgA0GTRF4&mid=&merchid=&authkey=&timestamp=1564454850190 yoxwechatbusinessModel::set_user:BEGIN
[2019-07-30 10:47:54] trace  /app/ewei_shopv2_api.php?i=2&r=member.address.get_detail&id=&comefrom=wxapp&openid=sns_wa_oWJzS5AqK5fXwChfll8RgA0GTRF4&mid=&merchid=&authkey=&timestamp=1564454850190 yoxwechatbusinessModel::set_user:END
[2019-07-30 10:48:03] trace  /app/ewei_shopv2_api.php?i=2&r=order.create.caculate&timestamp=1564454859298 goods={0={id=24; goodsid=24; title=水母焕肤水精灵喷雾; thumb=https://zdu.gdlrj.com/attachment/images/2/2019/06/CG37yLlga144Q3TfG7A3CCE7CYcqyf.jpg; optionid=0; optiontitle=; hasdiscount=false; total=2; price=68; marketprice=68; level_price=0.00; merchid=0; cates=9; unit=; totalmaxbuy=94; minbuy=0; promotionprice=68; }; }; dflag=0; addressid=16; packageid=0; bargain_id=; discountprice=0; cardid=; couponid=0; comefrom=wxapp; openid=sns_wa_oWJzS5AqK5fXwChfll8RgA0GTRF4; mid=; merchid=; authkey=; 
yoxwechatbusinessModel::set_user:BEGIN
[2019-07-30 10:48:03] trace  /app/ewei_shopv2_api.php?i=2&r=order.create.caculate&timestamp=1564454859298 goods={0={id=24; goodsid=24; title=水母焕肤水精灵喷雾; thumb=https://zdu.gdlrj.com/attachment/images/2/2019/06/CG37yLlga144Q3TfG7A3CCE7CYcqyf.jpg; optionid=0; optiontitle=; hasdiscount=false; total=2; price=68; marketprice=68; level_price=0.00; merchid=0; cates=9; unit=; totalmaxbuy=94; minbuy=0; promotionprice=68; }; }; dflag=0; addressid=16; packageid=0; bargain_id=; discountprice=0; cardid=; couponid=0; comefrom=wxapp; openid=sns_wa_oWJzS5AqK5fXwChfll8RgA0GTRF4; mid=; merchid=; authkey=; 
yoxwechatbusinessModel::set_user:END
[2019-07-30 10:48:04] trace  /app/ewei_shopv2_api.php?i=2&r=order.create.caculate&timestamp=1564454859619 goods={0={id=24; goodsid=24; title=水母焕肤水精灵喷雾; thumb=https://zdu.gdlrj.com/attachment/images/2/2019/06/CG37yLlga144Q3TfG7A3CCE7CYcqyf.jpg; optionid=0; optiontitle=; hasdiscount=false; total=2; price=68; marketprice=68; level_price=0.00; merchid=0; cates=9; unit=; totalmaxbuy=94; minbuy=0; promotionprice=68; }; }; dflag=0; addressid=16; packageid=0; bargain_id=; discountprice=0; cardid=; couponid=0; comefrom=wxapp; openid=sns_wa_oWJzS5AqK5fXwChfll8RgA0GTRF4; mid=; merchid=; authkey=; 
yoxwechatbusinessModel::set_user:BEGIN
[2019-07-30 10:48:04] trace  /app/ewei_shopv2_api.php?i=2&r=order.create.caculate&timestamp=1564454859619 goods={0={id=24; goodsid=24; title=水母焕肤水精灵喷雾; thumb=https://zdu.gdlrj.com/attachment/images/2/2019/06/CG37yLlga144Q3TfG7A3CCE7CYcqyf.jpg; optionid=0; optiontitle=; hasdiscount=false; total=2; price=68; marketprice=68; level_price=0.00; merchid=0; cates=9; unit=; totalmaxbuy=94; minbuy=0; promotionprice=68; }; }; dflag=0; addressid=16; packageid=0; bargain_id=; discountprice=0; cardid=; couponid=0; comefrom=wxapp; openid=sns_wa_oWJzS5AqK5fXwChfll8RgA0GTRF4; mid=; merchid=; authkey=; 
yoxwechatbusinessModel::set_user:END
[2019-07-30 10:48:05] trace  /app/ewei_shopv2_api.php?i=2&r=order.create.caculate&timestamp=1564454860845 goods={0={id=24; goodsid=24; title=水母焕肤水精灵喷雾; thumb=https://zdu.gdlrj.com/attachment/images/2/2019/06/CG37yLlga144Q3TfG7A3CCE7CYcqyf.jpg; optionid=0; optiontitle=; hasdiscount=false; total=1; price=68; marketprice=68; level_price=0.00; merchid=0; cates=9; unit=; totalmaxbuy=94; minbuy=0; promotionprice=68; }; }; dflag=0; addressid=16; packageid=0; bargain_id=; discountprice=0; cardid=0; couponid=0; comefrom=wxapp; openid=sns_wa_oWJzS5AqK5fXwChfll8RgA0GTRF4; mid=; merchid=; authkey=; 
yoxwechatbusinessModel::set_user:BEGIN
[2019-07-30 10:48:05] trace  /app/ewei_shopv2_api.php?i=2&r=order.create.caculate&timestamp=1564454860845 goods={0={id=24; goodsid=24; title=水母焕肤水精灵喷雾; thumb=https://zdu.gdlrj.com/attachment/images/2/2019/06/CG37yLlga144Q3TfG7A3CCE7CYcqyf.jpg; optionid=0; optiontitle=; hasdiscount=false; total=1; price=68; marketprice=68; level_price=0.00; merchid=0; cates=9; unit=; totalmaxbuy=94; minbuy=0; promotionprice=68; }; }; dflag=0; addressid=16; packageid=0; bargain_id=; discountprice=0; cardid=0; couponid=0; comefrom=wxapp; openid=sns_wa_oWJzS5AqK5fXwChfll8RgA0GTRF4; mid=; merchid=; authkey=; 
yoxwechatbusinessModel::set_user:END
[2019-07-30 10:48:06] trace  /app/ewei_shopv2_api.php?i=2&r=order.create.caculate&timestamp=1564454862018 goods={0={id=24; goodsid=24; title=水母焕肤水精灵喷雾; thumb=https://zdu.gdlrj.com/attachment/images/2/2019/06/CG37yLlga144Q3TfG7A3CCE7CYcqyf.jpg; optionid=0; optiontitle=; hasdiscount=false; total=1; price=68; marketprice=68; level_price=0.00; merchid=0; cates=9; unit=; totalmaxbuy=94; minbuy=0; promotionprice=68; }; }; dflag=0; addressid=16; packageid=0; bargain_id=; discountprice=0; cardid=0; couponid=0; comefrom=wxapp; openid=sns_wa_oWJzS5AqK5fXwChfll8RgA0GTRF4; mid=; merchid=; authkey=; 
yoxwechatbusinessModel::set_user:BEGIN
[2019-07-30 10:48:06] trace  /app/ewei_shopv2_api.php?i=2&r=order.create.caculate&timestamp=1564454862018 goods={0={id=24; goodsid=24; title=水母焕肤水精灵喷雾; thumb=https://zdu.gdlrj.com/attachment/images/2/2019/06/CG37yLlga144Q3TfG7A3CCE7CYcqyf.jpg; optionid=0; optiontitle=; hasdiscount=false; total=1; price=68; marketprice=68; level_price=0.00; merchid=0; cates=9; unit=; totalmaxbuy=94; minbuy=0; promotionprice=68; }; }; dflag=0; addressid=16; packageid=0; bargain_id=; discountprice=0; cardid=0; couponid=0; comefrom=wxapp; openid=sns_wa_oWJzS5AqK5fXwChfll8RgA0GTRF4; mid=; merchid=; authkey=; 
yoxwechatbusinessModel::set_user:END
[2019-07-30 10:48:24] trace  /app/ewei_shopv2_api.php?i=2&r=member.address.get_list&comefrom=wxapp&openid=sns_wa_oWJzS5AqK5fXwChfll8RgA0GTRF4&mid=&merchid=&authkey=&timestamp=1564454880269 yoxwechatbusinessModel::set_user:BEGIN
[2019-07-30 10:48:24] trace  /app/ewei_shopv2_api.php?i=2&r=member.address.get_list&comefrom=wxapp&openid=sns_wa_oWJzS5AqK5fXwChfll8RgA0GTRF4&mid=&merchid=&authkey=&timestamp=1564454880269 yoxwechatbusinessModel::set_user:END
[2019-07-30 10:48:41] trace  /app/ewei_shopv2_api.php?i=2&r=member.address.get_detail&id=NaN&comefrom=wxapp&openid=sns_wa_oWJzS5AqK5fXwChfll8RgA0GTRF4&mid=&merchid=&authkey=&timestamp=1564454897339 yoxwechatbusinessModel::set_user:BEGIN
[2019-07-30 10:48:41] trace  /app/ewei_shopv2_api.php?i=2&r=member.address.get_detail&id=NaN&comefrom=wxapp&openid=sns_wa_oWJzS5AqK5fXwChfll8RgA0GTRF4&mid=&merchid=&authkey=&timestamp=1564454897339 yoxwechatbusinessModel::set_user:END
[2019-07-30 10:50:34] trace  /app/ewei_shopv2_api.php?i=2&r=member.address.submit&timestamp=1564455009711 realname=123456; mobile=15136751600; areas=; street=; address=爱神的箭回复看见爱上; province=北京市; city=北京辖区; datavalue=null null null; area=东城区; id=NaN; comefrom=wxapp; openid=sns_wa_oWJzS5AqK5fXwChfll8RgA0GTRF4; mid=; merchid=; authkey=; 
yoxwechatbusinessModel::set_user:BEGIN
[2019-07-30 10:50:34] trace  /app/ewei_shopv2_api.php?i=2&r=member.address.submit&timestamp=1564455009711 realname=123456; mobile=15136751600; areas=; street=; address=爱神的箭回复看见爱上; province=北京市; city=北京辖区; datavalue=null null null; area=东城区; id=NaN; comefrom=wxapp; openid=sns_wa_oWJzS5AqK5fXwChfll8RgA0GTRF4; mid=; merchid=; authkey=; 
yoxwechatbusinessModel::set_user:END
[2019-07-30 10:50:44] trace  /app/ewei_shopv2_api.php?i=2&r=member.address.get_list&comefrom=wxapp&openid=sns_wa_oWJzS5AqK5fXwChfll8RgA0GTRF4&mid=&merchid=&authkey=&timestamp=1564455019532 yoxwechatbusinessModel::set_user:BEGIN
[2019-07-30 10:50:44] trace  /app/ewei_shopv2_api.php?i=2&r=member.address.get_list&comefrom=wxapp&openid=sns_wa_oWJzS5AqK5fXwChfll8RgA0GTRF4&mid=&merchid=&authkey=&timestamp=1564455019532 yoxwechatbusinessModel::set_user:END
[2019-07-30 10:50:51] trace  /app/ewei_shopv2_api.php?i=2&r=order.create.caculate&timestamp=1564455026901 goods={0={id=24; goodsid=24; title=水母焕肤水精灵喷雾; thumb=https://zdu.gdlrj.com/attachment/images/2/2019/06/CG37yLlga144Q3TfG7A3CCE7CYcqyf.jpg; optionid=0; optiontitle=; hasdiscount=false; total=1; price=68; marketprice=68; level_price=0.00; merchid=0; cates=9; unit=; totalmaxbuy=94; minbuy=0; promotionprice=68; }; }; dflag=0; addressid=18; packageid=0; bargain_id=; discountprice=0; cardid=0; couponid=0; comefrom=wxapp; openid=sns_wa_oWJzS5AqK5fXwChfll8RgA0GTRF4; mid=; merchid=; authkey=; 
yoxwechatbusinessModel::set_user:BEGIN
[2019-07-30 10:50:51] trace  /app/ewei_shopv2_api.php?i=2&r=order.create.caculate&timestamp=1564455026901 goods={0={id=24; goodsid=24; title=水母焕肤水精灵喷雾; thumb=https://zdu.gdlrj.com/attachment/images/2/2019/06/CG37yLlga144Q3TfG7A3CCE7CYcqyf.jpg; optionid=0; optiontitle=; hasdiscount=false; total=1; price=68; marketprice=68; level_price=0.00; merchid=0; cates=9; unit=; totalmaxbuy=94; minbuy=0; promotionprice=68; }; }; dflag=0; addressid=18; packageid=0; bargain_id=; discountprice=0; cardid=0; couponid=0; comefrom=wxapp; openid=sns_wa_oWJzS5AqK5fXwChfll8RgA0GTRF4; mid=; merchid=; authkey=; 
yoxwechatbusinessModel::set_user:END
[2019-07-30 10:50:51] trace  /app/ewei_shopv2_api.php?i=2&r=order.create.caculate&timestamp=1564455027080 goods={0={id=24; goodsid=24; title=水母焕肤水精灵喷雾; thumb=https://zdu.gdlrj.com/attachment/images/2/2019/06/CG37yLlga144Q3TfG7A3CCE7CYcqyf.jpg; optionid=0; optiontitle=; hasdiscount=false; total=1; price=68; marketprice=68; level_price=0.00; merchid=0; cates=9; unit=; totalmaxbuy=94; minbuy=0; promotionprice=68; }; }; dflag=0; addressid=18; packageid=0; bargain_id=; discountprice=0; cardid=0; couponid=0; comefrom=wxapp; openid=sns_wa_oWJzS5AqK5fXwChfll8RgA0GTRF4; mid=; merchid=; authkey=; 
yoxwechatbusinessModel::set_user:BEGIN
[2019-07-30 10:50:51] trace  /app/ewei_shopv2_api.php?i=2&r=order.create.caculate&timestamp=1564455027080 goods={0={id=24; goodsid=24; title=水母焕肤水精灵喷雾; thumb=https://zdu.gdlrj.com/attachment/images/2/2019/06/CG37yLlga144Q3TfG7A3CCE7CYcqyf.jpg; optionid=0; optiontitle=; hasdiscount=false; total=1; price=68; marketprice=68; level_price=0.00; merchid=0; cates=9; unit=; totalmaxbuy=94; minbuy=0; promotionprice=68; }; }; dflag=0; addressid=18; packageid=0; bargain_id=; discountprice=0; cardid=0; couponid=0; comefrom=wxapp; openid=sns_wa_oWJzS5AqK5fXwChfll8RgA0GTRF4; mid=; merchid=; authkey=; 
yoxwechatbusinessModel::set_user:END
[2019-07-30 10:51:00] trace  /app/ewei_shopv2_api.php?i=2&r=member.address.get_list&comefrom=wxapp&openid=sns_wa_oWJzS5AqK5fXwChfll8RgA0GTRF4&mid=&merchid=&authkey=&timestamp=1564455036060 yoxwechatbusinessModel::set_user:BEGIN
[2019-07-30 10:51:00] trace  /app/ewei_shopv2_api.php?i=2&r=member.address.get_list&comefrom=wxapp&openid=sns_wa_oWJzS5AqK5fXwChfll8RgA0GTRF4&mid=&merchid=&authkey=&timestamp=1564455036060 yoxwechatbusinessModel::set_user:END
[2019-07-30 10:51:25] trace  /app/ewei_shopv2_api.php?i=2&r=black&comefrom=wxapp&openid=sns_wa_oWJzS5AqK5fXwChfll8RgA0GTRF4&mid=&merchid=&authkey=&timestamp=1564455060961 yoxwechatbusinessModel::set_user:BEGIN
[2019-07-30 10:51:25] trace  /app/ewei_shopv2_api.php?i=2&r=black&comefrom=wxapp&openid=sns_wa_oWJzS5AqK5fXwChfll8RgA0GTRF4&mid=&merchid=&authkey=&timestamp=1564455060961 yoxwechatbusinessModel::set_user:END
[2019-07-30 10:51:25] trace  /app/ewei_shopv2_api.php?i=2&r=diypage&type=home&comefrom=wxapp&openid=sns_wa_oWJzS5AqK5fXwChfll8RgA0GTRF4&mid=&merchid=&authkey=&timestamp=1564455061256 yoxwechatbusinessModel::set_user:BEGIN
[2019-07-30 10:51:25] trace  /app/ewei_shopv2_api.php?i=2&r=diypage&type=home&comefrom=wxapp&openid=sns_wa_oWJzS5AqK5fXwChfll8RgA0GTRF4&mid=&merchid=&authkey=&timestamp=1564455061256 yoxwechatbusinessModel::set_user:END
[2019-07-30 10:51:25] trace  /app/ewei_shopv2_api.php?i=2&r=shop.get_shopindex&comefrom=wxapp&openid=sns_wa_oWJzS5AqK5fXwChfll8RgA0GTRF4&mid=&merchid=&authkey=&timestamp=1564455061320 yoxwechatbusinessModel::set_user:BEGIN
[2019-07-30 10:51:25] trace  /app/ewei_shopv2_api.php?i=2&r=shop.get_shopindex&comefrom=wxapp&openid=sns_wa_oWJzS5AqK5fXwChfll8RgA0GTRF4&mid=&merchid=&authkey=&timestamp=1564455061320 yoxwechatbusinessModel::set_user:END
[2019-07-30 10:51:26] trace  /app/ewei_shopv2_api.php?i=2&r=shop.get_hasnewcoupon&comefrom=wxapp&openid=sns_wa_oWJzS5AqK5fXwChfll8RgA0GTRF4&mid=&merchid=&authkey=&timestamp=1564455061353 yoxwechatbusinessModel::set_user:BEGIN
[2019-07-30 10:51:26] trace  /app/ewei_shopv2_api.php?i=2&r=shop.get_hasnewcoupon&comefrom=wxapp&openid=sns_wa_oWJzS5AqK5fXwChfll8RgA0GTRF4&mid=&merchid=&authkey=&timestamp=1564455061353 yoxwechatbusinessModel::set_user:END
[2019-07-30 10:51:26] trace  /app/ewei_shopv2_api.php?i=2&r=shop.get_cpinfos&comefrom=wxapp&openid=sns_wa_oWJzS5AqK5fXwChfll8RgA0GTRF4&mid=&merchid=&authkey=&timestamp=1564455061390 yoxwechatbusinessModel::set_user:BEGIN
[2019-07-30 10:51:26] trace  /app/ewei_shopv2_api.php?i=2&r=shop.get_cpinfos&comefrom=wxapp&openid=sns_wa_oWJzS5AqK5fXwChfll8RgA0GTRF4&mid=&merchid=&authkey=&timestamp=1564455061390 yoxwechatbusinessModel::set_user:END
[2019-07-30 12:10:41] trace  /app/ewei_shopv2_api.php?i=2&r=cacheset&version=&comefrom=wxapp&openid=sns_wa_oWJzS5IUwLMGvSNP9vnPp-OcKv-I&mid=&merchid=&authkey=NGMxY2k5TkgzSmhRVVlLRFBEVFgramx2NWZTaUxHNlhKN1VqNW1PVWlOOTRiMnN2cFlNcGFIVHNLN2d2c2l2NGRaWkgyZ05qaStWMm9Mbkk2ek9HVTRSU2ZzQQ%3D%3D&timestamp=1564459840751 yoxwechatbusinessModel::set_user:BEGIN
[2019-07-30 12:10:41] trace  /app/ewei_shopv2_api.php?i=2&r=cacheset&version=&comefrom=wxapp&openid=sns_wa_oWJzS5IUwLMGvSNP9vnPp-OcKv-I&mid=&merchid=&authkey=NGMxY2k5TkgzSmhRVVlLRFBEVFgramx2NWZTaUxHNlhKN1VqNW1PVWlOOTRiMnN2cFlNcGFIVHNLN2d2c2l2NGRaWkgyZ05qaStWMm9Mbkk2ek9HVTRSU2ZzQQ%3D%3D&timestamp=1564459840751 yoxwechatbusinessModel::set_user:END
[2019-07-30 12:10:42] trace  /app/ewei_shopv2_api.php?i=2&r=cacheset&version=&comefrom=wxapp&openid=sns_wa_oWJzS5IUwLMGvSNP9vnPp-OcKv-I&mid=&merchid=&authkey=NGMxY2k5TkgzSmhRVVlLRFBEVFgramx2NWZTaUxHNlhKN1VqNW1PVWlOOTRiMnN2cFlNcGFIVHNLN2d2c2l2NGRaWkgyZ05qaStWMm9Mbkk2ek9HVTRSU2ZzQQ%3D%3D&timestamp=1564459840758 yoxwechatbusinessModel::set_user:BEGIN
[2019-07-30 12:10:42] trace  /app/ewei_shopv2_api.php?i=2&r=cacheset&version=&comefrom=wxapp&openid=sns_wa_oWJzS5IUwLMGvSNP9vnPp-OcKv-I&mid=&merchid=&authkey=NGMxY2k5TkgzSmhRVVlLRFBEVFgramx2NWZTaUxHNlhKN1VqNW1PVWlOOTRiMnN2cFlNcGFIVHNLN2d2c2l2NGRaWkgyZ05qaStWMm9Mbkk2ek9HVTRSU2ZzQQ%3D%3D&timestamp=1564459840758 yoxwechatbusinessModel::set_user:END
[2019-07-30 18:03:43] trace  /app/ewei_shopv2_api.php?i=2&r=yoxwechatbusiness&isajax=1&comefrom=wxapp&openid=sns_wa_oWJzS5E6FV0vFTKNh9Sr-s7BSShg&authkey=ZThjNW9lM1FQY2orME02ZXJkWTN4eWpRWDFkVGM0ZzVySzV3T0RVVm5oMEh1Y1p2SzRleXVKTGtpMUQvb2lxTmJWS214cjVraUltajR3SjIyaU04K3BPQXRSNA%3D%3D&timestamp=1564481024628 yoxwechatbusinessModel::set_user:BEGIN
[2019-07-30 18:03:43] trace  /app/ewei_shopv2_api.php?i=2&r=yoxwechatbusiness&isajax=1&comefrom=wxapp&openid=sns_wa_oWJzS5E6FV0vFTKNh9Sr-s7BSShg&authkey=ZThjNW9lM1FQY2orME02ZXJkWTN4eWpRWDFkVGM0ZzVySzV3T0RVVm5oMEh1Y1p2SzRleXVKTGtpMUQvb2lxTmJWS214cjVraUltajR3SjIyaU04K3BPQXRSNA%3D%3D&timestamp=1564481024628 yoxwechatbusinessModel::set_user:END
[2019-07-30 18:03:43] trace  /app/ewei_shopv2_api.php?i=2&r=bargain.act&comefrom=wxapp&openid=sns_wa_oWJzS5E6FV0vFTKNh9Sr-s7BSShg&authkey=ZThjNW9lM1FQY2orME02ZXJkWTN4eWpRWDFkVGM0ZzVySzV3T0RVVm5oMEh1Y1p2SzRleXVKTGtpMUQvb2lxTmJWS214cjVraUltajR3SjIyaU04K3BPQXRSNA%3D%3D&timestamp=1564481024675 yoxwechatbusinessModel::set_user:BEGIN
[2019-07-30 18:03:43] trace  /app/ewei_shopv2_api.php?i=2&r=bargain.act&comefrom=wxapp&openid=sns_wa_oWJzS5E6FV0vFTKNh9Sr-s7BSShg&authkey=ZThjNW9lM1FQY2orME02ZXJkWTN4eWpRWDFkVGM0ZzVySzV3T0RVVm5oMEh1Y1p2SzRleXVKTGtpMUQvb2lxTmJWS214cjVraUltajR3SjIyaU04K3BPQXRSNA%3D%3D&timestamp=1564481024675 yoxwechatbusinessModel::set_user:END
[2019-07-30 18:09:59] trace  /app/ewei_shopv2_api.php?i=2&r=yoxwechatbusiness.user.i_wand_up&isajax=1&comefrom=wxapp&openid=sns_wa_oWJzS5E6FV0vFTKNh9Sr-s7BSShg&authkey=ZmM4YzM4MUJ2U245OVBoQUtMck11ZWY3dkhBZ3ZOK05naDFjOGFFWGhZdnVSM05nTXJpSzVoQzR1OURGaFFQdjFLbnVLWHViVnUzK29WdUZ4QzFIQkx1RTFCdw%3D%3D&timestamp=1564481400042 yoxwechatbusinessModel::set_user:BEGIN
[2019-07-30 18:09:59] trace  /app/ewei_shopv2_api.php?i=2&r=yoxwechatbusiness.user.i_wand_up&isajax=1&comefrom=wxapp&openid=sns_wa_oWJzS5E6FV0vFTKNh9Sr-s7BSShg&authkey=ZmM4YzM4MUJ2U245OVBoQUtMck11ZWY3dkhBZ3ZOK05naDFjOGFFWGhZdnVSM05nTXJpSzVoQzR1OURGaFFQdjFLbnVLWHViVnUzK29WdUZ4QzFIQkx1RTFCdw%3D%3D&timestamp=1564481400042 yoxwechatbusinessModel::set_user:END
[2019-07-30 18:10:13] trace  /app/ewei_shopv2_api.php?i=2&r=black&comefrom=wxapp&openid=sns_wa_oWJzS5E6FV0vFTKNh9Sr-s7BSShg&authkey=&timestamp=1564481414717 yoxwechatbusinessModel::set_user:BEGIN
[2019-07-30 18:10:13] trace  /app/ewei_shopv2_api.php?i=2&r=black&comefrom=wxapp&openid=sns_wa_oWJzS5E6FV0vFTKNh9Sr-s7BSShg&authkey=&timestamp=1564481414717 yoxwechatbusinessModel::set_user:END
[2019-07-30 18:10:14] trace  /app/ewei_shopv2_api.php?i=2&r=diypage&type=home&comefrom=wxapp&openid=sns_wa_oWJzS5E6FV0vFTKNh9Sr-s7BSShg&mid=&merchid=&authkey=&timestamp=1564481415111 yoxwechatbusinessModel::set_user:BEGIN
[2019-07-30 18:10:14] trace  /app/ewei_shopv2_api.php?i=2&r=diypage&type=home&comefrom=wxapp&openid=sns_wa_oWJzS5E6FV0vFTKNh9Sr-s7BSShg&mid=&merchid=&authkey=&timestamp=1564481415111 yoxwechatbusinessModel::set_user:END
[2019-07-30 18:10:14] trace  /app/ewei_shopv2_api.php?i=2&r=shop.get_shopindex&comefrom=wxapp&openid=sns_wa_oWJzS5E6FV0vFTKNh9Sr-s7BSShg&mid=&merchid=&authkey=&timestamp=1564481415328 yoxwechatbusinessModel::set_user:BEGIN
[2019-07-30 18:10:14] trace  /app/ewei_shopv2_api.php?i=2&r=shop.get_shopindex&comefrom=wxapp&openid=sns_wa_oWJzS5E6FV0vFTKNh9Sr-s7BSShg&mid=&merchid=&authkey=&timestamp=1564481415328 yoxwechatbusinessModel::set_user:END
[2019-07-30 18:10:14] trace  /app/ewei_shopv2_api.php?i=2&r=shop.get_hasnewcoupon&comefrom=wxapp&openid=sns_wa_oWJzS5E6FV0vFTKNh9Sr-s7BSShg&mid=&merchid=&authkey=&timestamp=1564481415383 yoxwechatbusinessModel::set_user:BEGIN
[2019-07-30 18:10:14] trace  /app/ewei_shopv2_api.php?i=2&r=shop.get_hasnewcoupon&comefrom=wxapp&openid=sns_wa_oWJzS5E6FV0vFTKNh9Sr-s7BSShg&mid=&merchid=&authkey=&timestamp=1564481415383 yoxwechatbusinessModel::set_user:END
[2019-07-30 18:10:14] trace  /app/ewei_shopv2_api.php?i=2&r=shop.get_cpinfos&comefrom=wxapp&openid=sns_wa_oWJzS5E6FV0vFTKNh9Sr-s7BSShg&mid=&merchid=&authkey=&timestamp=1564481415436 yoxwechatbusinessModel::set_user:BEGIN
[2019-07-30 18:10:14] trace  /app/ewei_shopv2_api.php?i=2&r=shop.get_cpinfos&comefrom=wxapp&openid=sns_wa_oWJzS5E6FV0vFTKNh9Sr-s7BSShg&mid=&merchid=&authkey=&timestamp=1564481415436 yoxwechatbusinessModel::set_user:END
[2019-07-30 18:10:17] trace  /app/ewei_shopv2_api.php?i=2&r=black&comefrom=wxapp&openid=sns_wa_oWJzS5E6FV0vFTKNh9Sr-s7BSShg&mid=&merchid=&authkey=&timestamp=1564481418543 yoxwechatbusinessModel::set_user:BEGIN
[2019-07-30 18:10:17] trace  /app/ewei_shopv2_api.php?i=2&r=black&comefrom=wxapp&openid=sns_wa_oWJzS5E6FV0vFTKNh9Sr-s7BSShg&mid=&merchid=&authkey=&timestamp=1564481418543 yoxwechatbusinessModel::set_user:END
[2019-07-30 18:10:17] trace  /app/ewei_shopv2_api.php?i=2&r=diypage&type=home&comefrom=wxapp&openid=sns_wa_oWJzS5E6FV0vFTKNh9Sr-s7BSShg&mid=&merchid=&authkey=&timestamp=1564481418759 yoxwechatbusinessModel::set_user:BEGIN
[2019-07-30 18:10:17] trace  /app/ewei_shopv2_api.php?i=2&r=diypage&type=home&comefrom=wxapp&openid=sns_wa_oWJzS5E6FV0vFTKNh9Sr-s7BSShg&mid=&merchid=&authkey=&timestamp=1564481418759 yoxwechatbusinessModel::set_user:END
[2019-07-30 18:10:18] trace  /app/ewei_shopv2_api.php?i=2&r=shop.get_shopindex&comefrom=wxapp&openid=sns_wa_oWJzS5E6FV0vFTKNh9Sr-s7BSShg&mid=&merchid=&authkey=&timestamp=1564481419146 yoxwechatbusinessModel::set_user:BEGIN
[2019-07-30 18:10:18] trace  /app/ewei_shopv2_api.php?i=2&r=shop.get_shopindex&comefrom=wxapp&openid=sns_wa_oWJzS5E6FV0vFTKNh9Sr-s7BSShg&mid=&merchid=&authkey=&timestamp=1564481419146 yoxwechatbusinessModel::set_user:END
[2019-07-30 18:10:18] trace  /app/ewei_shopv2_api.php?i=2&r=shop.get_hasnewcoupon&comefrom=wxapp&openid=sns_wa_oWJzS5E6FV0vFTKNh9Sr-s7BSShg&mid=&merchid=&authkey=&timestamp=1564481419187 yoxwechatbusinessModel::set_user:BEGIN
[2019-07-30 18:10:18] trace  /app/ewei_shopv2_api.php?i=2&r=shop.get_hasnewcoupon&comefrom=wxapp&openid=sns_wa_oWJzS5E6FV0vFTKNh9Sr-s7BSShg&mid=&merchid=&authkey=&timestamp=1564481419187 yoxwechatbusinessModel::set_user:END
[2019-07-30 18:10:18] trace  /app/ewei_shopv2_api.php?i=2&r=shop.get_cpinfos&comefrom=wxapp&openid=sns_wa_oWJzS5E6FV0vFTKNh9Sr-s7BSShg&mid=&merchid=&authkey=&timestamp=1564481419227 yoxwechatbusinessModel::set_user:BEGIN
[2019-07-30 18:10:18] trace  /app/ewei_shopv2_api.php?i=2&r=shop.get_cpinfos&comefrom=wxapp&openid=sns_wa_oWJzS5E6FV0vFTKNh9Sr-s7BSShg&mid=&merchid=&authkey=&timestamp=1564481419227 yoxwechatbusinessModel::set_user:END
[2019-07-30 18:26:33] trace  /app/ewei_shopv2_api.php?i=2&r=black&comefrom=wxapp&openid=sns_wa_oWJzS5MInDZYlJo0Nxm8LF19Jum4&authkey=&timestamp=1564482391894 yoxwechatbusinessModel::set_user:BEGIN
[2019-07-30 18:26:33] trace  /app/ewei_shopv2_api.php?i=2&r=black&comefrom=wxapp&openid=sns_wa_oWJzS5MInDZYlJo0Nxm8LF19Jum4&authkey=&timestamp=1564482391894 yoxwechatbusinessModel::set_user:END
[2019-07-30 18:26:34] trace  /app/ewei_shopv2_api.php?i=2&r=shop.get_cpinfos&comefrom=wxapp&openid=sns_wa_oWJzS5MInDZYlJo0Nxm8LF19Jum4&mid=&merchid=&authkey=&timestamp=1564482392092 yoxwechatbusinessModel::set_user:BEGIN
[2019-07-30 18:26:34] trace  /app/ewei_shopv2_api.php?i=2&r=shop.get_cpinfos&comefrom=wxapp&openid=sns_wa_oWJzS5MInDZYlJo0Nxm8LF19Jum4&mid=&merchid=&authkey=&timestamp=1564482392092 yoxwechatbusinessModel::set_user:END
[2019-07-30 18:26:34] trace  /app/ewei_shopv2_api.php?i=2&r=diypage&type=home&comefrom=wxapp&openid=sns_wa_oWJzS5MInDZYlJo0Nxm8LF19Jum4&mid=&merchid=&authkey=&timestamp=1564482391944 yoxwechatbusinessModel::set_user:BEGIN
[2019-07-30 18:26:34] trace  /app/ewei_shopv2_api.php?i=2&r=diypage&type=home&comefrom=wxapp&openid=sns_wa_oWJzS5MInDZYlJo0Nxm8LF19Jum4&mid=&merchid=&authkey=&timestamp=1564482391944 yoxwechatbusinessModel::set_user:END
[2019-07-30 20:09:38] trace  /app/ewei_shopv2_api.php?i=2&r=cacheset&version=&comefrom=wxapp&openid=sns_wa_oWJzS5FTNANIxTkr5hgZVYtlOcyg&mid=&merchid=&authkey=YzNjMktUSjBkYUpDTFc5Qjk3cURjc1E2NC9KdEZ1ZEZLQjYwSUdEeEJFK0ZaTis5RE5pMVhaZWlaZENEbC9oQ1FNU0ExWGNDa0thUnBwYnZDcXdLc0tObGQwdw%3D%3D&timestamp=1564488578420 yoxwechatbusinessModel::set_user:BEGIN
[2019-07-30 20:09:38] trace  /app/ewei_shopv2_api.php?i=2&r=cacheset&version=&comefrom=wxapp&openid=sns_wa_oWJzS5FTNANIxTkr5hgZVYtlOcyg&mid=&merchid=&authkey=YzNjMktUSjBkYUpDTFc5Qjk3cURjc1E2NC9KdEZ1ZEZLQjYwSUdEeEJFK0ZaTis5RE5pMVhaZWlaZENEbC9oQ1FNU0ExWGNDa0thUnBwYnZDcXdLc0tObGQwdw%3D%3D&timestamp=1564488578420 yoxwechatbusinessModel::set_user:END
[2019-07-30 20:09:38] trace  /app/ewei_shopv2_api.php?i=2&r=cacheset&version=&comefrom=wxapp&openid=sns_wa_oWJzS5FTNANIxTkr5hgZVYtlOcyg&mid=&merchid=&authkey=MWE0MUdkc0J5Q3BTRjNNOUV1UXFLMkpmR1FHVUMrU1I0MmZQV3ZNODJxMTk2TkxpWnJqQ1RIYkNNSU9tRUM5d1BYTEtSY3M5OW5lK2VYRmRKUWM3VUNUN3dUdw%3D%3D&timestamp=1564488578554 yoxwechatbusinessModel::set_user:BEGIN
[2019-07-30 20:09:38] trace  /app/ewei_shopv2_api.php?i=2&r=cacheset&version=&comefrom=wxapp&openid=sns_wa_oWJzS5FTNANIxTkr5hgZVYtlOcyg&mid=&merchid=&authkey=MWE0MUdkc0J5Q3BTRjNNOUV1UXFLMkpmR1FHVUMrU1I0MmZQV3ZNODJxMTk2TkxpWnJqQ1RIYkNNSU9tRUM5d1BYTEtSY3M5OW5lK2VYRmRKUWM3VUNUN3dUdw%3D%3D&timestamp=1564488578554 yoxwechatbusinessModel::set_user:END
[2019-07-30 20:09:56] trace  /app/ewei_shopv2_api.php?i=2&r=yoxwechatbusiness&isajax=1&comefrom=wxapp&openid=sns_wa_oWJzS5FTNANIxTkr5hgZVYtlOcyg&mid=&merchid=&authkey=&timestamp=1564488596195 yoxwechatbusinessModel::set_user:BEGIN
[2019-07-30 20:09:56] trace  /app/ewei_shopv2_api.php?i=2&r=yoxwechatbusiness&isajax=1&comefrom=wxapp&openid=sns_wa_oWJzS5FTNANIxTkr5hgZVYtlOcyg&mid=&merchid=&authkey=&timestamp=1564488596195 yoxwechatbusinessModel::set_user:END
[2019-07-30 20:09:56] trace  /app/ewei_shopv2_api.php?i=2&r=bargain.act&comefrom=wxapp&openid=sns_wa_oWJzS5FTNANIxTkr5hgZVYtlOcyg&mid=&merchid=&authkey=&timestamp=1564488596197 yoxwechatbusinessModel::set_user:BEGIN
[2019-07-30 20:09:56] trace  /app/ewei_shopv2_api.php?i=2&r=bargain.act&comefrom=wxapp&openid=sns_wa_oWJzS5FTNANIxTkr5hgZVYtlOcyg&mid=&merchid=&authkey=&timestamp=1564488596197 yoxwechatbusinessModel::set_user:END
[2019-07-30 20:10:14] trace  /app/ewei_shopv2_api.php?i=2&r=shop.get_hasnewcoupon&comefrom=wxapp&openid=sns_wa_oWJzS5FTNANIxTkr5hgZVYtlOcyg&mid=&merchid=&authkey=&timestamp=1564488614762 yoxwechatbusinessModel::set_user:BEGIN
[2019-07-30 20:10:14] trace  /app/ewei_shopv2_api.php?i=2&r=shop.get_hasnewcoupon&comefrom=wxapp&openid=sns_wa_oWJzS5FTNANIxTkr5hgZVYtlOcyg&mid=&merchid=&authkey=&timestamp=1564488614762 yoxwechatbusinessModel::set_user:END
[2019-07-30 20:10:14] trace  /app/ewei_shopv2_api.php?i=2&r=shop.get_shopindex&comefrom=wxapp&openid=sns_wa_oWJzS5FTNANIxTkr5hgZVYtlOcyg&mid=&merchid=&authkey=&timestamp=1564488614759 yoxwechatbusinessModel::set_user:BEGIN
[2019-07-30 20:10:14] trace  /app/ewei_shopv2_api.php?i=2&r=shop.get_shopindex&comefrom=wxapp&openid=sns_wa_oWJzS5FTNANIxTkr5hgZVYtlOcyg&mid=&merchid=&authkey=&timestamp=1564488614759 yoxwechatbusinessModel::set_user:END
[2019-07-30 20:10:15] trace  /app/ewei_shopv2_api.php?i=2&r=shop.get_cpinfos&comefrom=wxapp&openid=sns_wa_oWJzS5FTNANIxTkr5hgZVYtlOcyg&mid=&merchid=&authkey=&timestamp=1564488614765 yoxwechatbusinessModel::set_user:BEGIN
[2019-07-30 20:10:15] trace  /app/ewei_shopv2_api.php?i=2&r=shop.get_cpinfos&comefrom=wxapp&openid=sns_wa_oWJzS5FTNANIxTkr5hgZVYtlOcyg&mid=&merchid=&authkey=&timestamp=1564488614765 yoxwechatbusinessModel::set_user:END
[2019-07-30 20:10:16] trace  /app/ewei_shopv2_api.php?i=2&r=diypage&type=home&comefrom=wxapp&openid=sns_wa_oWJzS5FTNANIxTkr5hgZVYtlOcyg&mid=&merchid=&authkey=&timestamp=1564488616426 yoxwechatbusinessModel::set_user:BEGIN
[2019-07-30 20:10:16] trace  /app/ewei_shopv2_api.php?i=2&r=diypage&type=home&comefrom=wxapp&openid=sns_wa_oWJzS5FTNANIxTkr5hgZVYtlOcyg&mid=&merchid=&authkey=&timestamp=1564488616426 yoxwechatbusinessModel::set_user:END
[2019-07-30 21:01:54] trace  /app/ewei_shopv2_api.php?i=2&r=black&comefrom=wxapp&openid=sns_wa_oWJzS5I4SwtIvnavadWO1lOR7lAw&authkey=&timestamp=1564491713123 yoxwechatbusinessModel::set_user:BEGIN
[2019-07-30 21:01:54] trace  /app/ewei_shopv2_api.php?i=2&r=black&comefrom=wxapp&openid=sns_wa_oWJzS5I4SwtIvnavadWO1lOR7lAw&authkey=&timestamp=1564491713123 yoxwechatbusinessModel::set_user:END
[2019-07-30 21:01:54] trace  /app/ewei_shopv2_api.php?i=2&r=shop.get_cpinfos&comefrom=wxapp&openid=sns_wa_oWJzS5I4SwtIvnavadWO1lOR7lAw&mid=&merchid=&authkey=&timestamp=1564491713163 yoxwechatbusinessModel::set_user:BEGIN
[2019-07-30 21:01:54] trace  /app/ewei_shopv2_api.php?i=2&r=shop.get_cpinfos&comefrom=wxapp&openid=sns_wa_oWJzS5I4SwtIvnavadWO1lOR7lAw&mid=&merchid=&authkey=&timestamp=1564491713163 yoxwechatbusinessModel::set_user:END
[2019-07-30 21:01:54] trace  /app/ewei_shopv2_api.php?i=2&r=shop.get_shopindex&comefrom=wxapp&openid=sns_wa_oWJzS5I4SwtIvnavadWO1lOR7lAw&mid=&merchid=&authkey=&timestamp=1564491713154 yoxwechatbusinessModel::set_user:BEGIN
[2019-07-30 21:01:54] trace  /app/ewei_shopv2_api.php?i=2&r=shop.get_shopindex&comefrom=wxapp&openid=sns_wa_oWJzS5I4SwtIvnavadWO1lOR7lAw&mid=&merchid=&authkey=&timestamp=1564491713154 yoxwechatbusinessModel::set_user:END
[2019-07-30 21:01:54] trace  /app/ewei_shopv2_api.php?i=2&r=diypage&type=home&comefrom=wxapp&openid=sns_wa_oWJzS5I4SwtIvnavadWO1lOR7lAw&mid=&merchid=&authkey=&timestamp=1564491713136 yoxwechatbusinessModel::set_user:BEGIN
[2019-07-30 21:01:54] trace  /app/ewei_shopv2_api.php?i=2&r=diypage&type=home&comefrom=wxapp&openid=sns_wa_oWJzS5I4SwtIvnavadWO1lOR7lAw&mid=&merchid=&authkey=&timestamp=1564491713136 yoxwechatbusinessModel::set_user:END
[2019-07-30 21:01:54] trace  /app/ewei_shopv2_api.php?i=2&r=shop.get_hasnewcoupon&comefrom=wxapp&openid=sns_wa_oWJzS5I4SwtIvnavadWO1lOR7lAw&mid=&merchid=&authkey=&timestamp=1564491713159 yoxwechatbusinessModel::set_user:BEGIN
[2019-07-30 21:01:54] trace  /app/ewei_shopv2_api.php?i=2&r=shop.get_hasnewcoupon&comefrom=wxapp&openid=sns_wa_oWJzS5I4SwtIvnavadWO1lOR7lAw&mid=&merchid=&authkey=&timestamp=1564491713159 yoxwechatbusinessModel::set_user:END
[2019-07-30 21:01:58] trace  /app/ewei_shopv2_api.php?i=2&r=diypage&type=home&comefrom=wxapp&openid=sns_wa_oWJzS5I4SwtIvnavadWO1lOR7lAw&mid=&merchid=&authkey=NDk4ZWtRT3NqeWUwQ2UrZFdnY08vSnRQTkZ2clJYKzlhbHlTaUFPdWFzWS95NG9vSDBQZkZvdlBneExweHk0TXVLYUlLZ1JrR3lCQzExbEZsMEplN1llUG5Sdw%3D%3D&timestamp=1564491718477 yoxwechatbusinessModel::set_user:BEGIN
[2019-07-30 21:01:58] trace  /app/ewei_shopv2_api.php?i=2&r=diypage&type=home&comefrom=wxapp&openid=sns_wa_oWJzS5I4SwtIvnavadWO1lOR7lAw&mid=&merchid=&authkey=NDk4ZWtRT3NqeWUwQ2UrZFdnY08vSnRQTkZ2clJYKzlhbHlTaUFPdWFzWS95NG9vSDBQZkZvdlBneExweHk0TXVLYUlLZ1JrR3lCQzExbEZsMEplN1llUG5Sdw%3D%3D&timestamp=1564491718477 yoxwechatbusinessModel::set_user:END
[2019-07-30 21:02:04] trace  /app/ewei_shopv2_api.php?i=2&r=yoxwechatbusiness&isajax=1&comefrom=wxapp&openid=sns_wa_oWJzS5I4SwtIvnavadWO1lOR7lAw&mid=&merchid=&authkey=&timestamp=1564491724440 yoxwechatbusinessModel::set_user:BEGIN
[2019-07-30 21:02:04] trace  /app/ewei_shopv2_api.php?i=2&r=yoxwechatbusiness&isajax=1&comefrom=wxapp&openid=sns_wa_oWJzS5I4SwtIvnavadWO1lOR7lAw&mid=&merchid=&authkey=&timestamp=1564491724440 yoxwechatbusinessModel::set_user:END
[2019-07-30 21:02:04] trace  /app/ewei_shopv2_api.php?i=2&r=bargain.act&comefrom=wxapp&openid=sns_wa_oWJzS5I4SwtIvnavadWO1lOR7lAw&mid=&merchid=&authkey=&timestamp=1564491724448 yoxwechatbusinessModel::set_user:BEGIN
[2019-07-30 21:02:04] trace  /app/ewei_shopv2_api.php?i=2&r=bargain.act&comefrom=wxapp&openid=sns_wa_oWJzS5I4SwtIvnavadWO1lOR7lAw&mid=&merchid=&authkey=&timestamp=1564491724448 yoxwechatbusinessModel::set_user:END
[2019-07-30 21:02:13] trace  /app/ewei_shopv2_api.php?i=2&r=order.get_list&page=1&status=undefined&merchid=&comefrom=wxapp&openid=sns_wa_oWJzS5I4SwtIvnavadWO1lOR7lAw&mid=&authkey=&timestamp=1564491732791 yoxwechatbusinessModel::set_user:BEGIN
[2019-07-30 21:02:13] trace  /app/ewei_shopv2_api.php?i=2&r=order.get_list&page=1&status=undefined&merchid=&comefrom=wxapp&openid=sns_wa_oWJzS5I4SwtIvnavadWO1lOR7lAw&mid=&authkey=&timestamp=1564491732791 yoxwechatbusinessModel::set_user:END
[2019-07-30 21:02:20] trace  /app/ewei_shopv2_api.php?i=2&r=yoxwechatbusiness.commission.count&comefrom=wxapp&openid=sns_wa_oWJzS5I4SwtIvnavadWO1lOR7lAw&mid=&merchid=&authkey=&timestamp=1564491739972 yoxwechatbusinessModel::set_user:BEGIN
[2019-07-30 21:02:20] trace  /app/ewei_shopv2_api.php?i=2&r=yoxwechatbusiness.commission.count&comefrom=wxapp&openid=sns_wa_oWJzS5I4SwtIvnavadWO1lOR7lAw&mid=&merchid=&authkey=&timestamp=1564491739972 yoxwechatbusinessModel::set_user:END
[2019-07-30 21:02:24] trace  /app/ewei_shopv2_api.php?i=2&r=yoxwechatbusiness.order.get_list&page=1&status=0&merchid=&comefrom=wxapp&openid=sns_wa_oWJzS5I4SwtIvnavadWO1lOR7lAw&mid=&authkey=&timestamp=1564491743675 yoxwechatbusinessModel::set_user:BEGIN
[2019-07-30 21:02:24] trace  /app/ewei_shopv2_api.php?i=2&r=yoxwechatbusiness.order.get_list&page=1&status=0&merchid=&comefrom=wxapp&openid=sns_wa_oWJzS5I4SwtIvnavadWO1lOR7lAw&mid=&authkey=&timestamp=1564491743675 yoxwechatbusinessModel::set_user:END
[2019-07-30 21:05:19] trace  /app/ewei_shopv2_api.php?i=2&r=yoxwechatbusiness.order.get_list&page=1&status=0&merchid=&comefrom=wxapp&openid=sns_wa_oWJzS5I4SwtIvnavadWO1lOR7lAw&mid=&authkey=&timestamp=1564491919370 yoxwechatbusinessModel::set_user:BEGIN
[2019-07-30 21:05:19] trace  /app/ewei_shopv2_api.php?i=2&r=yoxwechatbusiness.order.get_list&page=1&status=0&merchid=&comefrom=wxapp&openid=sns_wa_oWJzS5I4SwtIvnavadWO1lOR7lAw&mid=&authkey=&timestamp=1564491919370 yoxwechatbusinessModel::set_user:END
[2019-07-30 21:33:00] trace  /app/ewei_shopv2_api.php?i=2&r=black&comefrom=wxapp&openid=sns_wa_oWJzS5I4SwtIvnavadWO1lOR7lAw&mid=&merchid=&authkey=&timestamp=1564493573718 yoxwechatbusinessModel::set_user:BEGIN
[2019-07-30 21:33:00] trace  /app/ewei_shopv2_api.php?i=2&r=black&comefrom=wxapp&openid=sns_wa_oWJzS5I4SwtIvnavadWO1lOR7lAw&mid=&merchid=&authkey=&timestamp=1564493573718 yoxwechatbusinessModel::set_user:END
[2019-07-30 21:33:04] trace  /app/ewei_shopv2_api.php?i=2&r=diypage&type=home&comefrom=wxapp&openid=sns_wa_oWJzS5I4SwtIvnavadWO1lOR7lAw&mid=&merchid=&authkey=&timestamp=1564493573727 yoxwechatbusinessModel::set_user:BEGIN
[2019-07-30 21:33:04] trace  /app/ewei_shopv2_api.php?i=2&r=diypage&type=home&comefrom=wxapp&openid=sns_wa_oWJzS5I4SwtIvnavadWO1lOR7lAw&mid=&merchid=&authkey=&timestamp=1564493573727 yoxwechatbusinessModel::set_user:END
[2019-07-30 21:33:04] trace  /app/ewei_shopv2_api.php?i=2&r=shop.get_hasnewcoupon&comefrom=wxapp&openid=sns_wa_oWJzS5I4SwtIvnavadWO1lOR7lAw&mid=&merchid=&authkey=&timestamp=1564493573751 yoxwechatbusinessModel::set_user:BEGIN
[2019-07-30 21:33:04] trace  /app/ewei_shopv2_api.php?i=2&r=shop.get_hasnewcoupon&comefrom=wxapp&openid=sns_wa_oWJzS5I4SwtIvnavadWO1lOR7lAw&mid=&merchid=&authkey=&timestamp=1564493573751 yoxwechatbusinessModel::set_user:END
[2019-07-30 21:33:04] trace  /app/ewei_shopv2_api.php?i=2&r=shop.get_cpinfos&comefrom=wxapp&openid=sns_wa_oWJzS5I4SwtIvnavadWO1lOR7lAw&mid=&merchid=&authkey=&timestamp=1564493573755 yoxwechatbusinessModel::set_user:BEGIN
[2019-07-30 21:33:04] trace  /app/ewei_shopv2_api.php?i=2&r=shop.get_cpinfos&comefrom=wxapp&openid=sns_wa_oWJzS5I4SwtIvnavadWO1lOR7lAw&mid=&merchid=&authkey=&timestamp=1564493573755 yoxwechatbusinessModel::set_user:END
[2019-07-30 21:33:24] trace  /app/ewei_shopv2_api.php?i=2&r=shop.get_shopindex&comefrom=wxapp&openid=sns_wa_oWJzS5I4SwtIvnavadWO1lOR7lAw&mid=&merchid=&authkey=&timestamp=1564493604733 yoxwechatbusinessModel::set_user:BEGIN
[2019-07-30 21:33:24] trace  /app/ewei_shopv2_api.php?i=2&r=shop.get_shopindex&comefrom=wxapp&openid=sns_wa_oWJzS5I4SwtIvnavadWO1lOR7lAw&mid=&merchid=&authkey=&timestamp=1564493604733 yoxwechatbusinessModel::set_user:END
[2019-07-30 21:33:25] trace  /app/ewei_shopv2_api.php?i=2&r=shop.get_hasnewcoupon&comefrom=wxapp&openid=sns_wa_oWJzS5I4SwtIvnavadWO1lOR7lAw&mid=&merchid=&authkey=&timestamp=1564493604743 yoxwechatbusinessModel::set_user:BEGIN
[2019-07-30 21:33:25] trace  /app/ewei_shopv2_api.php?i=2&r=shop.get_hasnewcoupon&comefrom=wxapp&openid=sns_wa_oWJzS5I4SwtIvnavadWO1lOR7lAw&mid=&merchid=&authkey=&timestamp=1564493604743 yoxwechatbusinessModel::set_user:END
[2019-07-30 21:33:25] trace  /app/ewei_shopv2_api.php?i=2&r=shop.get_cpinfos&comefrom=wxapp&openid=sns_wa_oWJzS5I4SwtIvnavadWO1lOR7lAw&mid=&merchid=&authkey=&timestamp=1564493604747 yoxwechatbusinessModel::set_user:BEGIN
[2019-07-30 21:33:25] trace  /app/ewei_shopv2_api.php?i=2&r=shop.get_cpinfos&comefrom=wxapp&openid=sns_wa_oWJzS5I4SwtIvnavadWO1lOR7lAw&mid=&merchid=&authkey=&timestamp=1564493604747 yoxwechatbusinessModel::set_user:END
[2019-07-30 21:33:32] trace  /app/ewei_shopv2_api.php?i=2&r=shop.get_shopindex&comefrom=wxapp&openid=sns_wa_oWJzS5I4SwtIvnavadWO1lOR7lAw&mid=&merchid=&authkey=&timestamp=1564493612442 yoxwechatbusinessModel::set_user:BEGIN
[2019-07-30 21:33:32] trace  /app/ewei_shopv2_api.php?i=2&r=shop.get_shopindex&comefrom=wxapp&openid=sns_wa_oWJzS5I4SwtIvnavadWO1lOR7lAw&mid=&merchid=&authkey=&timestamp=1564493612442 yoxwechatbusinessModel::set_user:END
[2019-07-30 21:33:32] trace  /app/ewei_shopv2_api.php?i=2&r=shop.get_cpinfos&comefrom=wxapp&openid=sns_wa_oWJzS5I4SwtIvnavadWO1lOR7lAw&mid=&merchid=&authkey=&timestamp=1564493612462 yoxwechatbusinessModel::set_user:BEGIN
[2019-07-30 21:33:32] trace  /app/ewei_shopv2_api.php?i=2&r=shop.get_cpinfos&comefrom=wxapp&openid=sns_wa_oWJzS5I4SwtIvnavadWO1lOR7lAw&mid=&merchid=&authkey=&timestamp=1564493612462 yoxwechatbusinessModel::set_user:END
[2019-07-30 21:33:33] trace  /app/ewei_shopv2_api.php?i=2&r=shop.get_hasnewcoupon&comefrom=wxapp&openid=sns_wa_oWJzS5I4SwtIvnavadWO1lOR7lAw&mid=&merchid=&authkey=&timestamp=1564493612454 yoxwechatbusinessModel::set_user:BEGIN
[2019-07-30 21:33:33] trace  /app/ewei_shopv2_api.php?i=2&r=shop.get_hasnewcoupon&comefrom=wxapp&openid=sns_wa_oWJzS5I4SwtIvnavadWO1lOR7lAw&mid=&merchid=&authkey=&timestamp=1564493612454 yoxwechatbusinessModel::set_user:END
