[2019-08-18 00:28:55] trace  /app/ewei_shopv2_api.php?i=2&r=cacheset&version=&comefrom=wxapp&openid=sns_wa_oWJzS5A4PZDubbdq3YiwLL_NWLgw&mid=&merchid=&authkey=ZDE1ZWdlLzFBZG93SFpiNTNPZWo5NVlIU003OW1zVkhHMEQ1dWJwUXJsSnBtVHJ3NWY1cVpJTithNGxGd1kra1gwZjQxWFh0&timestamp=1566059334779 yoxwechatbusinessModel::set_user:BEGIN
[2019-08-18 00:29:12] trace  /app/ewei_shopv2_api.php?i=2&r=goods.get_category&comefrom=wxapp&openid=sns_wa_oWJzS5A4PZDubbdq3YiwLL_NWLgw&mid=&merchid=&authkey=YWY2NzlvNDIxR3g0RE1YN2EvTE9Lb3cycytaeVB3R0FFYjFsQUFQMXlKUm0xM2RIS011WjNNRThORVVCanhMSXI3YWdVeVRQQlZ0RjdaamlDaTZydW1HTW9rdjZuWlVEM292L1JJQlp0TjVFTXc%3D&timestamp=1566059352009 yoxwechatbusinessModel::set_user:BEGIN
[2019-08-18 00:29:19] trace  /app/ewei_shopv2_api.php?i=2&r=goods.get_list&keywords=%E5%A5%97%E7%9B%92&isrecommand=&ishot=&isnew=&isdiscount=&issendfree=&istime=&cate=&order=&by=&merchid=&page=1&comefrom=wxapp&openid=sns_wa_oWJzS5A4PZDubbdq3YiwLL_NWLgw&mid=&authkey=&timestamp=1566059358694 yoxwechatbusinessModel::set_user:BEGIN
[2019-08-18 00:29:23] trace  /app/ewei_shopv2_api.php?i=2&r=black&comefrom=wxapp&openid=sns_wa_oWJzS5A4PZDubbdq3YiwLL_NWLgw&mid=&merchid=&authkey=&timestamp=1566059362427 yoxwechatbusinessModel::set_user:BEGIN
[2019-08-18 00:29:23] trace  /app/ewei_shopv2_api.php?i=2&r=diypage&type=goodsdetail&comefrom=wxapp&openid=sns_wa_oWJzS5A4PZDubbdq3YiwLL_NWLgw&mid=&merchid=&authkey=&timestamp=1566059362446 yoxwechatbusinessModel::set_user:BEGIN
[2019-08-18 00:29:25] trace  /app/ewei_shopv2_api.php?i=2&r=goods.get_detail&id=25&comefrom=wxapp&openid=sns_wa_oWJzS5A4PZDubbdq3YiwLL_NWLgw&mid=&merchid=&authkey=ZDAxZU9nZjZnMjQwNXhOTEVnNFgvRkNyZXlXWXd3QlVoWTF0YnUxWWZmNnhyVld1cm5CcXlGd3IzNzBLbEdha01nUG5FY1IvZjQ1MU1nZmxNRHp1VzV4YlY5VkcvbDQ5VjJhVWJ5MEFlTWRGWVE%3D&timestamp=1566059364615 yoxwechatbusinessModel::set_user:BEGIN
[2019-08-18 00:29:26] trace  /app/ewei_shopv2_api.php?i=2&r=goods.get_comments&id=25&comefrom=wxapp&openid=sns_wa_oWJzS5A4PZDubbdq3YiwLL_NWLgw&mid=&merchid=&authkey=&timestamp=1566059365294 yoxwechatbusinessModel::set_user:BEGIN
[2019-08-18 00:29:39] trace  /app/ewei_shopv2_api.php?i=2&r=shop.get_hasnewcoupon&comefrom=wxapp&openid=sns_wa_oWJzS5A4PZDubbdq3YiwLL_NWLgw&mid=&merchid=&authkey=&timestamp=1566059378200 yoxwechatbusinessModel::set_user:BEGIN
[2019-08-18 00:29:39] trace  /app/ewei_shopv2_api.php?i=2&r=shop.get_shopindex&comefrom=wxapp&openid=sns_wa_oWJzS5A4PZDubbdq3YiwLL_NWLgw&mid=&merchid=&authkey=&timestamp=1566059378161 yoxwechatbusinessModel::set_user:BEGIN
[2019-08-18 00:29:39] trace  /app/ewei_shopv2_api.php?i=2&r=shop.get_cpinfos&comefrom=wxapp&openid=sns_wa_oWJzS5A4PZDubbdq3YiwLL_NWLgw&mid=&merchid=&authkey=&timestamp=1566059378225 yoxwechatbusinessModel::set_user:BEGIN
[2019-08-18 00:29:44] trace  /app/ewei_shopv2_api.php?i=2&r=black&comefrom=wxapp&openid=sns_wa_oWJzS5A4PZDubbdq3YiwLL_NWLgw&mid=&merchid=&authkey=&timestamp=1566059383872 yoxwechatbusinessModel::set_user:BEGIN
[2019-08-18 00:29:44] trace  /app/ewei_shopv2_api.php?i=2&r=diypage&type=goodsdetail&comefrom=wxapp&openid=sns_wa_oWJzS5A4PZDubbdq3YiwLL_NWLgw&mid=&merchid=&authkey=&timestamp=1566059383892 yoxwechatbusinessModel::set_user:BEGIN
[2019-08-18 00:29:46] trace  /app/ewei_shopv2_api.php?i=2&r=goods.get_detail&id=63&comefrom=wxapp&openid=sns_wa_oWJzS5A4PZDubbdq3YiwLL_NWLgw&mid=&merchid=&authkey=NjcyMUZTMlEwUS8vY2pOZ1liUFg4WkliNHV5b2NyUDA3ZGFmNW52UEZ5bmNuYTIzM0svclBONzhyMUxZbXdERitRdlZ1T0VvampnVk9YNzBrcC94UjRmZTVkQ1BSM2Z3RWRSWDRRKzVWTjJIbEE%3D&timestamp=1566059385439 yoxwechatbusinessModel::set_user:BEGIN
[2019-08-18 00:29:46] trace  /app/ewei_shopv2_api.php?i=2&r=package.get_list&goodsid=63&comefrom=wxapp&openid=sns_wa_oWJzS5A4PZDubbdq3YiwLL_NWLgw&mid=&merchid=&authkey=&timestamp=1566059385821 yoxwechatbusinessModel::set_user:BEGIN
[2019-08-18 00:29:46] trace  /app/ewei_shopv2_api.php?i=2&r=goods.get_comments&id=63&comefrom=wxapp&openid=sns_wa_oWJzS5A4PZDubbdq3YiwLL_NWLgw&mid=&merchid=&authkey=&timestamp=1566059386012 yoxwechatbusinessModel::set_user:BEGIN
[2019-08-18 00:29:48] trace  /app/ewei_shopv2_api.php?i=2&r=shop.get_shopindex&comefrom=wxapp&openid=sns_wa_oWJzS5A4PZDubbdq3YiwLL_NWLgw&mid=&merchid=&authkey=&timestamp=1566059387188 yoxwechatbusinessModel::set_user:BEGIN
[2019-08-18 00:29:48] trace  /app/ewei_shopv2_api.php?i=2&r=shop.get_hasnewcoupon&comefrom=wxapp&openid=sns_wa_oWJzS5A4PZDubbdq3YiwLL_NWLgw&mid=&merchid=&authkey=&timestamp=1566059387220 yoxwechatbusinessModel::set_user:BEGIN
[2019-08-18 00:29:48] trace  /app/ewei_shopv2_api.php?i=2&r=shop.get_cpinfos&comefrom=wxapp&openid=sns_wa_oWJzS5A4PZDubbdq3YiwLL_NWLgw&mid=&merchid=&authkey=&timestamp=1566059387257 yoxwechatbusinessModel::set_user:BEGIN
[2019-08-18 00:29:55] trace  /app/ewei_shopv2_api.php?i=2&r=diypage&type=goodsdetail&comefrom=wxapp&openid=sns_wa_oWJzS5A4PZDubbdq3YiwLL_NWLgw&mid=&merchid=&authkey=&timestamp=1566059394849 yoxwechatbusinessModel::set_user:BEGIN
[2019-08-18 00:29:55] trace  /app/ewei_shopv2_api.php?i=2&r=black&comefrom=wxapp&openid=sns_wa_oWJzS5A4PZDubbdq3YiwLL_NWLgw&mid=&merchid=&authkey=&timestamp=1566059394829 yoxwechatbusinessModel::set_user:BEGIN
[2019-08-18 00:29:57] trace  /app/ewei_shopv2_api.php?i=2&r=goods.get_detail&id=23&comefrom=wxapp&openid=sns_wa_oWJzS5A4PZDubbdq3YiwLL_NWLgw&mid=&merchid=&authkey=MzcxY0VJTXNsK2huWURSN2trTVptUG1DWGJjK3pPM24vT2x5MjEyUGVnMVEvQ1pCcmNhUS9ja1piZEJhTk9uWjAxZU00dHpwbGVlcmFxaWRxQUgxTEVYMlFsY2dmYlBKUXYrN1B3SXppV2hieXc%3D&timestamp=1566059396461 yoxwechatbusinessModel::set_user:BEGIN
[2019-08-18 00:29:57] trace  /app/ewei_shopv2_api.php?i=2&r=goods.get_comments&id=23&comefrom=wxapp&openid=sns_wa_oWJzS5A4PZDubbdq3YiwLL_NWLgw&mid=&merchid=&authkey=&timestamp=1566059397006 yoxwechatbusinessModel::set_user:BEGIN
[2019-08-18 00:30:05] trace  /app/ewei_shopv2_api.php?i=2&r=shop.get_shopindex&comefrom=wxapp&openid=sns_wa_oWJzS5A4PZDubbdq3YiwLL_NWLgw&mid=&merchid=&authkey=&timestamp=1566059404124 yoxwechatbusinessModel::set_user:BEGIN
[2019-08-18 00:30:05] trace  /app/ewei_shopv2_api.php?i=2&r=shop.get_hasnewcoupon&comefrom=wxapp&openid=sns_wa_oWJzS5A4PZDubbdq3YiwLL_NWLgw&mid=&merchid=&authkey=&timestamp=1566059404158 yoxwechatbusinessModel::set_user:BEGIN
[2019-08-18 00:30:05] trace  /app/ewei_shopv2_api.php?i=2&r=shop.get_cpinfos&comefrom=wxapp&openid=sns_wa_oWJzS5A4PZDubbdq3YiwLL_NWLgw&mid=&merchid=&authkey=&timestamp=1566059404186 yoxwechatbusinessModel::set_user:BEGIN
[2019-08-18 13:08:57] trace  /app/ewei_shopv2_api.php?i=2&r=shop.get_shopindex&comefrom=wxapp&openid=sns_wa_oWJzS5MInDZYlJo0Nxm8LF19Jum4&mid=&merchid=&authkey=&timestamp=1566104935336 yoxwechatbusinessModel::set_user:BEGIN
[2019-08-18 13:08:57] trace  /app/ewei_shopv2_api.php?i=2&r=shop.get_shopindex&comefrom=wxapp&openid=sns_wa_oWJzS5MInDZYlJo0Nxm8LF19Jum4&mid=&merchid=&authkey=&timestamp=1566104935336 yoxwechatbusinessModel::set_user:END
[2019-08-18 13:08:58] trace  /app/ewei_shopv2_api.php?i=2&r=shop.get_hasnewcoupon&comefrom=wxapp&openid=sns_wa_oWJzS5MInDZYlJo0Nxm8LF19Jum4&mid=&merchid=&authkey=&timestamp=1566104935355 yoxwechatbusinessModel::set_user:BEGIN
[2019-08-18 13:08:58] trace  /app/ewei_shopv2_api.php?i=2&r=shop.get_hasnewcoupon&comefrom=wxapp&openid=sns_wa_oWJzS5MInDZYlJo0Nxm8LF19Jum4&mid=&merchid=&authkey=&timestamp=1566104935355 yoxwechatbusinessModel::set_user:END
[2019-08-18 13:08:59] trace  /app/ewei_shopv2_api.php?i=2&r=diypage&type=home&comefrom=wxapp&openid=sns_wa_oWJzS5MInDZYlJo0Nxm8LF19Jum4&mid=&merchid=&authkey=&timestamp=1566104935256 yoxwechatbusinessModel::set_user:BEGIN
[2019-08-18 13:08:59] trace  /app/ewei_shopv2_api.php?i=2&r=diypage&type=home&comefrom=wxapp&openid=sns_wa_oWJzS5MInDZYlJo0Nxm8LF19Jum4&mid=&merchid=&authkey=&timestamp=1566104935256 yoxwechatbusinessModel::set_user:END
[2019-08-18 13:08:59] trace  /app/ewei_shopv2_api.php?i=2&r=black&comefrom=wxapp&openid=sns_wa_oWJzS5MInDZYlJo0Nxm8LF19Jum4&authkey=&timestamp=1566104935217 yoxwechatbusinessModel::set_user:BEGIN
[2019-08-18 13:08:59] trace  /app/ewei_shopv2_api.php?i=2&r=black&comefrom=wxapp&openid=sns_wa_oWJzS5MInDZYlJo0Nxm8LF19Jum4&authkey=&timestamp=1566104935217 yoxwechatbusinessModel::set_user:END
[2019-08-18 13:08:59] trace  /app/ewei_shopv2_api.php?i=2&r=shop.get_cpinfos&comefrom=wxapp&openid=sns_wa_oWJzS5MInDZYlJo0Nxm8LF19Jum4&mid=&merchid=&authkey=&timestamp=1566104935374 yoxwechatbusinessModel::set_user:BEGIN
[2019-08-18 13:08:59] trace  /app/ewei_shopv2_api.php?i=2&r=shop.get_cpinfos&comefrom=wxapp&openid=sns_wa_oWJzS5MInDZYlJo0Nxm8LF19Jum4&mid=&merchid=&authkey=&timestamp=1566104935374 yoxwechatbusinessModel::set_user:END
[2019-08-18 13:09:05] trace  /app/ewei_shopv2_api.php?i=2&r=shop.get_category&comefrom=wxapp&openid=sns_wa_oWJzS5MInDZYlJo0Nxm8LF19Jum4&mid=&merchid=&authkey=NGYwMmZhcU5hTWdscm5EN0xkUHdxZ0oxb2JIb3k2QXN2T3ZxMUlHQlE3Vjkrc0hkc0E0ZHEzVEVjRDhHSmhIcnNiRWNNN0x3T08zbmdxajhvSjZHMjdrSDV1aw%3D%3D&timestamp=1566104943970 yoxwechatbusinessModel::set_user:BEGIN
[2019-08-18 13:09:05] trace  /app/ewei_shopv2_api.php?i=2&r=shop.get_category&comefrom=wxapp&openid=sns_wa_oWJzS5MInDZYlJo0Nxm8LF19Jum4&mid=&merchid=&authkey=NGYwMmZhcU5hTWdscm5EN0xkUHdxZ0oxb2JIb3k2QXN2T3ZxMUlHQlE3Vjkrc0hkc0E0ZHEzVEVjRDhHSmhIcnNiRWNNN0x3T08zbmdxajhvSjZHMjdrSDV1aw%3D%3D&timestamp=1566104943970 yoxwechatbusinessModel::set_user:END
[2019-08-18 13:09:10] trace  /app/ewei_shopv2_api.php?i=2&r=black&comefrom=wxapp&openid=sns_wa_oWJzS5MInDZYlJo0Nxm8LF19Jum4&mid=&merchid=&authkey=&timestamp=1566104947891 yoxwechatbusinessModel::set_user:BEGIN
[2019-08-18 13:09:10] trace  /app/ewei_shopv2_api.php?i=2&r=black&comefrom=wxapp&openid=sns_wa_oWJzS5MInDZYlJo0Nxm8LF19Jum4&mid=&merchid=&authkey=&timestamp=1566104947891 yoxwechatbusinessModel::set_user:END
[2019-08-18 13:09:10] trace  /app/ewei_shopv2_api.php?i=2&r=diypage&type=goodsdetail&comefrom=wxapp&openid=sns_wa_oWJzS5MInDZYlJo0Nxm8LF19Jum4&mid=&merchid=&authkey=&timestamp=1566104947910 yoxwechatbusinessModel::set_user:BEGIN
[2019-08-18 13:09:10] trace  /app/ewei_shopv2_api.php?i=2&r=diypage&type=goodsdetail&comefrom=wxapp&openid=sns_wa_oWJzS5MInDZYlJo0Nxm8LF19Jum4&mid=&merchid=&authkey=&timestamp=1566104947910 yoxwechatbusinessModel::set_user:END
[2019-08-18 13:09:10] trace  /app/ewei_shopv2_api.php?i=2&r=goods.get_detail&id=66&comefrom=wxapp&openid=sns_wa_oWJzS5MInDZYlJo0Nxm8LF19Jum4&mid=&merchid=&authkey=&timestamp=1566104948006 yoxwechatbusinessModel::set_user:BEGIN
[2019-08-18 13:09:10] trace  /app/ewei_shopv2_api.php?i=2&r=goods.get_detail&id=66&comefrom=wxapp&openid=sns_wa_oWJzS5MInDZYlJo0Nxm8LF19Jum4&mid=&merchid=&authkey=&timestamp=1566104948006 yoxwechatbusinessModel::set_user:END
[2019-08-18 13:09:11] trace  /app/ewei_shopv2_api.php?i=2&r=goods.get_comments&id=66&comefrom=wxapp&openid=sns_wa_oWJzS5MInDZYlJo0Nxm8LF19Jum4&mid=&merchid=&authkey=&timestamp=1566104949301 yoxwechatbusinessModel::set_user:BEGIN
[2019-08-18 13:09:11] trace  /app/ewei_shopv2_api.php?i=2&r=goods.get_comments&id=66&comefrom=wxapp&openid=sns_wa_oWJzS5MInDZYlJo0Nxm8LF19Jum4&mid=&merchid=&authkey=&timestamp=1566104949301 yoxwechatbusinessModel::set_user:END
[2019-08-18 13:09:24] trace  /app/ewei_shopv2_api.php?i=2&r=shop.get_hasnewcoupon&comefrom=wxapp&openid=sns_wa_oWJzS5MInDZYlJo0Nxm8LF19Jum4&mid=&merchid=&authkey=&timestamp=1566104962921 yoxwechatbusinessModel::set_user:BEGIN
[2019-08-18 13:09:24] trace  /app/ewei_shopv2_api.php?i=2&r=shop.get_hasnewcoupon&comefrom=wxapp&openid=sns_wa_oWJzS5MInDZYlJo0Nxm8LF19Jum4&mid=&merchid=&authkey=&timestamp=1566104962921 yoxwechatbusinessModel::set_user:END
[2019-08-18 13:09:24] trace  /app/ewei_shopv2_api.php?i=2&r=shop.get_cpinfos&comefrom=wxapp&openid=sns_wa_oWJzS5MInDZYlJo0Nxm8LF19Jum4&mid=&merchid=&authkey=&timestamp=1566104962937 yoxwechatbusinessModel::set_user:BEGIN
[2019-08-18 13:09:24] trace  /app/ewei_shopv2_api.php?i=2&r=shop.get_cpinfos&comefrom=wxapp&openid=sns_wa_oWJzS5MInDZYlJo0Nxm8LF19Jum4&mid=&merchid=&authkey=&timestamp=1566104962937 yoxwechatbusinessModel::set_user:END
[2019-08-18 13:09:25] trace  /app/ewei_shopv2_api.php?i=2&r=shop.get_shopindex&comefrom=wxapp&openid=sns_wa_oWJzS5MInDZYlJo0Nxm8LF19Jum4&mid=&merchid=&authkey=&timestamp=1566104962907 yoxwechatbusinessModel::set_user:BEGIN
[2019-08-18 13:09:25] trace  /app/ewei_shopv2_api.php?i=2&r=shop.get_shopindex&comefrom=wxapp&openid=sns_wa_oWJzS5MInDZYlJo0Nxm8LF19Jum4&mid=&merchid=&authkey=&timestamp=1566104962907 yoxwechatbusinessModel::set_user:END
[2019-08-18 13:09:27] trace  /app/ewei_shopv2_api.php?i=2&r=shop.get_category&comefrom=wxapp&openid=sns_wa_oWJzS5MInDZYlJo0Nxm8LF19Jum4&mid=&merchid=&authkey=&timestamp=1566104965363 yoxwechatbusinessModel::set_user:BEGIN
[2019-08-18 13:09:27] trace  /app/ewei_shopv2_api.php?i=2&r=shop.get_category&comefrom=wxapp&openid=sns_wa_oWJzS5MInDZYlJo0Nxm8LF19Jum4&mid=&merchid=&authkey=&timestamp=1566104965363 yoxwechatbusinessModel::set_user:END
[2019-08-18 13:09:29] trace  /app/ewei_shopv2_api.php?i=2&r=shop.get_shopindex&comefrom=wxapp&openid=sns_wa_oWJzS5MInDZYlJo0Nxm8LF19Jum4&mid=&merchid=&authkey=&timestamp=1566104967110 yoxwechatbusinessModel::set_user:BEGIN
[2019-08-18 13:09:29] trace  /app/ewei_shopv2_api.php?i=2&r=shop.get_shopindex&comefrom=wxapp&openid=sns_wa_oWJzS5MInDZYlJo0Nxm8LF19Jum4&mid=&merchid=&authkey=&timestamp=1566104967110 yoxwechatbusinessModel::set_user:END
[2019-08-18 13:09:29] trace  /app/ewei_shopv2_api.php?i=2&r=shop.get_hasnewcoupon&comefrom=wxapp&openid=sns_wa_oWJzS5MInDZYlJo0Nxm8LF19Jum4&mid=&merchid=&authkey=&timestamp=1566104967140 yoxwechatbusinessModel::set_user:BEGIN
[2019-08-18 13:09:29] trace  /app/ewei_shopv2_api.php?i=2&r=shop.get_hasnewcoupon&comefrom=wxapp&openid=sns_wa_oWJzS5MInDZYlJo0Nxm8LF19Jum4&mid=&merchid=&authkey=&timestamp=1566104967140 yoxwechatbusinessModel::set_user:END
[2019-08-18 13:09:29] trace  /app/ewei_shopv2_api.php?i=2&r=shop.get_cpinfos&comefrom=wxapp&openid=sns_wa_oWJzS5MInDZYlJo0Nxm8LF19Jum4&mid=&merchid=&authkey=&timestamp=1566104967159 yoxwechatbusinessModel::set_user:BEGIN
[2019-08-18 13:09:29] trace  /app/ewei_shopv2_api.php?i=2&r=shop.get_cpinfos&comefrom=wxapp&openid=sns_wa_oWJzS5MInDZYlJo0Nxm8LF19Jum4&mid=&merchid=&authkey=&timestamp=1566104967159 yoxwechatbusinessModel::set_user:END
[2019-08-18 13:09:34] trace  /app/ewei_shopv2_api.php?i=2&r=shop.get_cpinfos&comefrom=wxapp&openid=sns_wa_oWJzS5MInDZYlJo0Nxm8LF19Jum4&mid=&merchid=&authkey=&timestamp=1566104972362 yoxwechatbusinessModel::set_user:BEGIN
[2019-08-18 13:09:34] trace  /app/ewei_shopv2_api.php?i=2&r=shop.get_cpinfos&comefrom=wxapp&openid=sns_wa_oWJzS5MInDZYlJo0Nxm8LF19Jum4&mid=&merchid=&authkey=&timestamp=1566104972362 yoxwechatbusinessModel::set_user:END
[2019-08-18 13:09:34] trace  /app/ewei_shopv2_api.php?i=2&r=shop.get_hasnewcoupon&comefrom=wxapp&openid=sns_wa_oWJzS5MInDZYlJo0Nxm8LF19Jum4&mid=&merchid=&authkey=&timestamp=1566104972347 yoxwechatbusinessModel::set_user:BEGIN
[2019-08-18 13:09:34] trace  /app/ewei_shopv2_api.php?i=2&r=shop.get_hasnewcoupon&comefrom=wxapp&openid=sns_wa_oWJzS5MInDZYlJo0Nxm8LF19Jum4&mid=&merchid=&authkey=&timestamp=1566104972347 yoxwechatbusinessModel::set_user:END
[2019-08-18 13:09:34] trace  /app/ewei_shopv2_api.php?i=2&r=shop.get_shopindex&comefrom=wxapp&openid=sns_wa_oWJzS5MInDZYlJo0Nxm8LF19Jum4&mid=&merchid=&authkey=&timestamp=1566104972321 yoxwechatbusinessModel::set_user:BEGIN
[2019-08-18 13:09:34] trace  /app/ewei_shopv2_api.php?i=2&r=shop.get_shopindex&comefrom=wxapp&openid=sns_wa_oWJzS5MInDZYlJo0Nxm8LF19Jum4&mid=&merchid=&authkey=&timestamp=1566104972321 yoxwechatbusinessModel::set_user:END
[2019-08-18 13:09:50] trace  /app/ewei_shopv2_api.php?i=2&r=shop.get_hasnewcoupon&comefrom=wxapp&openid=sns_wa_oWJzS5MInDZYlJo0Nxm8LF19Jum4&mid=&merchid=&authkey=&timestamp=1566104988617 yoxwechatbusinessModel::set_user:BEGIN
[2019-08-18 13:09:50] trace  /app/ewei_shopv2_api.php?i=2&r=shop.get_hasnewcoupon&comefrom=wxapp&openid=sns_wa_oWJzS5MInDZYlJo0Nxm8LF19Jum4&mid=&merchid=&authkey=&timestamp=1566104988617 yoxwechatbusinessModel::set_user:END
[2019-08-18 13:09:50] trace  /app/ewei_shopv2_api.php?i=2&r=shop.get_cpinfos&comefrom=wxapp&openid=sns_wa_oWJzS5MInDZYlJo0Nxm8LF19Jum4&mid=&merchid=&authkey=&timestamp=1566104988644 yoxwechatbusinessModel::set_user:BEGIN
[2019-08-18 13:09:50] trace  /app/ewei_shopv2_api.php?i=2&r=shop.get_cpinfos&comefrom=wxapp&openid=sns_wa_oWJzS5MInDZYlJo0Nxm8LF19Jum4&mid=&merchid=&authkey=&timestamp=1566104988644 yoxwechatbusinessModel::set_user:END
[2019-08-18 13:09:50] trace  /app/ewei_shopv2_api.php?i=2&r=shop.get_shopindex&comefrom=wxapp&openid=sns_wa_oWJzS5MInDZYlJo0Nxm8LF19Jum4&mid=&merchid=&authkey=&timestamp=1566104988594 yoxwechatbusinessModel::set_user:BEGIN
[2019-08-18 13:09:50] trace  /app/ewei_shopv2_api.php?i=2&r=shop.get_shopindex&comefrom=wxapp&openid=sns_wa_oWJzS5MInDZYlJo0Nxm8LF19Jum4&mid=&merchid=&authkey=&timestamp=1566104988594 yoxwechatbusinessModel::set_user:END
[2019-08-18 22:33:21] trace  /app/ewei_shopv2_api.php?i=2&r=cacheset&version=&comefrom=wxapp&openid=sns_wa_oWJzS5NLYR_vfl7bbr2AZCj-Iqr0&authkey=MjI1M2s0SWN3dlo5QlhVeFlrUGxaR0MvVDhscE9wZUpIbGpNVkF3OUJkWVkxenNtWGV0WVRFUTNqZU0vMFI2bjVZSWRWNm5jaXlSS3lKTHJXcXBZR2VkZ3U1MA%3D%3D&timestamp=1566138801562 yoxwechatbusinessModel::set_user:BEGIN
[2019-08-18 22:33:21] trace  /app/ewei_shopv2_api.php?i=2&r=cacheset&version=&comefrom=wxapp&openid=sns_wa_oWJzS5NLYR_vfl7bbr2AZCj-Iqr0&authkey=MjI1M2s0SWN3dlo5QlhVeFlrUGxaR0MvVDhscE9wZUpIbGpNVkF3OUJkWVkxenNtWGV0WVRFUTNqZU0vMFI2bjVZSWRWNm5jaXlSS3lKTHJXcXBZR2VkZ3U1MA%3D%3D&timestamp=1566138801562 yoxwechatbusinessModel::set_user:END
