[2019-06-21 09:56:19] trace  /app/ewei_shopv2_api.php?i=2&r=cacheset&version=&comefrom=wxapp&openid=sns_wa_oWJzS5HoLtv8CtYG_fKzC_BWUXVg&mid=&merchid=&authkey=NDAwNVFnb2Y1L01BK1ErdFlpbEV3dUZxOUwzVmpKanJjU2JaRlJWdWhmTzFLY1RWbVJQVkMwNU1vVkNTaFBRK08rSEdVdlpz&timestamp=1561082176869 yoxwechatbusinessModel::set_user:BEGIN
[2019-06-21 09:56:19] trace  /app/ewei_shopv2_api.php?i=2&r=cacheset&version=&comefrom=wxapp&openid=sns_wa_oWJzS5HoLtv8CtYG_fKzC_BWUXVg&mid=&merchid=&authkey=MDY1N0xHZ3dCdzJ2MnBoYzM1eTdZV2MwN1NEb1ZSOXBCUktzNmxqZWRRYUxCblV6RllLUHo0WUpYYzk3OW03OExiRU9LaGpw&timestamp=1561082176988 yoxwechatbusinessModel::set_user:BEGIN
[2019-06-21 09:56:21] trace  /app/ewei_shopv2_api.php?i=2&r=diypage&type=home&comefrom=wxapp&openid=sns_wa_oWJzS5HoLtv8CtYG_fKzC_BWUXVg&mid=&merchid=&authkey=&timestamp=1561082179160 yoxwechatbusinessModel::set_user:BEGIN
[2019-06-21 09:56:21] trace  /app/ewei_shopv2_api.php?i=2&r=black&comefrom=wxapp&openid=sns_wa_oWJzS5HoLtv8CtYG_fKzC_BWUXVg&mid=&merchid=&authkey=&timestamp=1561082179144 yoxwechatbusinessModel::set_user:BEGIN
[2019-06-21 09:56:21] trace  /app/ewei_shopv2_api.php?i=2&r=shop.get_shopindex&comefrom=wxapp&openid=sns_wa_oWJzS5HoLtv8CtYG_fKzC_BWUXVg&mid=&merchid=&authkey=&timestamp=1561082179232 yoxwechatbusinessModel::set_user:BEGIN
[2019-06-21 09:56:21] trace  /app/ewei_shopv2_api.php?i=2&r=shop.get_hasnewcoupon&comefrom=wxapp&openid=sns_wa_oWJzS5HoLtv8CtYG_fKzC_BWUXVg&mid=&merchid=&authkey=&timestamp=1561082179235 yoxwechatbusinessModel::set_user:BEGIN
[2019-06-21 09:56:21] trace  /app/ewei_shopv2_api.php?i=2&r=shop.get_cpinfos&comefrom=wxapp&openid=sns_wa_oWJzS5HoLtv8CtYG_fKzC_BWUXVg&mid=&merchid=&authkey=&timestamp=1561082179237 yoxwechatbusinessModel::set_user:BEGIN
[2019-06-21 09:56:22] trace  /app/ewei_shopv2_api.php?i=2&r=black&comefrom=wxapp&openid=sns_wa_oWJzS5HoLtv8CtYG_fKzC_BWUXVg&mid=&merchid=&authkey=&timestamp=1561082179618 yoxwechatbusinessModel::set_user:BEGIN
[2019-06-21 09:56:22] trace  /app/ewei_shopv2_api.php?i=2&r=shop.get_shopindex&comefrom=wxapp&openid=sns_wa_oWJzS5HoLtv8CtYG_fKzC_BWUXVg&mid=&merchid=&authkey=&timestamp=1561082179662 yoxwechatbusinessModel::set_user:BEGIN
[2019-06-21 09:56:22] trace  /app/ewei_shopv2_api.php?i=2&r=diypage&type=home&comefrom=wxapp&openid=sns_wa_oWJzS5HoLtv8CtYG_fKzC_BWUXVg&mid=&merchid=&authkey=&timestamp=1561082179625 yoxwechatbusinessModel::set_user:BEGIN
[2019-06-21 09:56:22] trace  /app/ewei_shopv2_api.php?i=2&r=shop.get_hasnewcoupon&comefrom=wxapp&openid=sns_wa_oWJzS5HoLtv8CtYG_fKzC_BWUXVg&mid=&merchid=&authkey=&timestamp=1561082179668 yoxwechatbusinessModel::set_user:BEGIN
[2019-06-21 09:56:22] trace  /app/ewei_shopv2_api.php?i=2&r=shop.get_cpinfos&comefrom=wxapp&openid=sns_wa_oWJzS5HoLtv8CtYG_fKzC_BWUXVg&mid=&merchid=&authkey=&timestamp=1561082179675 yoxwechatbusinessModel::set_user:BEGIN
[2019-06-21 09:56:29] trace  /app/ewei_shopv2_api.php?i=2&r=goods.get_category&comefrom=wxapp&openid=sns_wa_oWJzS5HoLtv8CtYG_fKzC_BWUXVg&mid=&merchid=&authkey=&timestamp=1561082187370 yoxwechatbusinessModel::set_user:BEGIN
[2019-06-21 09:56:36] trace  /app/ewei_shopv2_api.php?i=2&r=goods.get_list&keywords=%E5%B8%90%E7%AF%B7&isrecommand=&ishot=&isnew=&isdiscount=&issendfree=&istime=&cate=&order=&by=&merchid=&page=1&comefrom=wxapp&openid=sns_wa_oWJzS5HoLtv8CtYG_fKzC_BWUXVg&mid=&authkey=&timestamp=1561082193442 yoxwechatbusinessModel::set_user:BEGIN
[2019-06-21 09:56:39] trace  /app/ewei_shopv2_api.php?i=2&r=goods.get_list&keywords=%E5%B8%90%E7%AF%B7&isrecommand=&ishot=&isnew=&isdiscount=&issendfree=&istime=&cate=&order=sales&by=desc&merchid=&page=1&comefrom=wxapp&openid=sns_wa_oWJzS5HoLtv8CtYG_fKzC_BWUXVg&mid=&authkey=&timestamp=1561082196452 yoxwechatbusinessModel::set_user:BEGIN
[2019-06-21 09:56:41] trace  /app/ewei_shopv2_api.php?i=2&r=goods.get_list&keywords=%E5%B8%90%E7%AF%B7&isrecommand=&ishot=&isnew=&isdiscount=&issendfree=&istime=&cate=&order=&by=desc&merchid=&page=1&comefrom=wxapp&openid=sns_wa_oWJzS5HoLtv8CtYG_fKzC_BWUXVg&mid=&authkey=&timestamp=1561082198425 yoxwechatbusinessModel::set_user:BEGIN
[2019-06-21 09:56:42] trace  /app/ewei_shopv2_api.php?i=2&r=shop.get_hasnewcoupon&comefrom=wxapp&openid=sns_wa_oWJzS5HoLtv8CtYG_fKzC_BWUXVg&mid=&merchid=&authkey=&timestamp=1561082199846 yoxwechatbusinessModel::set_user:BEGIN
[2019-06-21 09:56:42] trace  /app/ewei_shopv2_api.php?i=2&r=shop.get_shopindex&comefrom=wxapp&openid=sns_wa_oWJzS5HoLtv8CtYG_fKzC_BWUXVg&mid=&merchid=&authkey=&timestamp=1561082199841 yoxwechatbusinessModel::set_user:BEGIN
[2019-06-21 09:56:42] trace  /app/ewei_shopv2_api.php?i=2&r=shop.get_cpinfos&comefrom=wxapp&openid=sns_wa_oWJzS5HoLtv8CtYG_fKzC_BWUXVg&mid=&merchid=&authkey=&timestamp=1561082199849 yoxwechatbusinessModel::set_user:BEGIN
[2019-06-21 15:56:12] trace  /app/ewei_shopv2_api.php?i=2&r=shop.get_shopindex&comefrom=wxapp&openid=sns_wa_oWJzS5Ak51G9M881eXJ2gvCLiwUo&mid=&merchid=&authkey=&timestamp=1561103771531 yoxwechatbusinessModel::set_user:BEGIN
[2019-06-21 15:56:12] trace  /app/ewei_shopv2_api.php?i=2&r=shop.get_shopindex&comefrom=wxapp&openid=sns_wa_oWJzS5Ak51G9M881eXJ2gvCLiwUo&mid=&merchid=&authkey=&timestamp=1561103771531 yoxwechatbusinessModel::set_user:END
[2019-06-21 15:56:12] trace  /app/ewei_shopv2_api.php?i=2&r=shop.get_cpinfos&comefrom=wxapp&openid=sns_wa_oWJzS5Ak51G9M881eXJ2gvCLiwUo&mid=&merchid=&authkey=&timestamp=1561103771633 yoxwechatbusinessModel::set_user:BEGIN
[2019-06-21 15:56:12] trace  /app/ewei_shopv2_api.php?i=2&r=shop.get_hasnewcoupon&comefrom=wxapp&openid=sns_wa_oWJzS5Ak51G9M881eXJ2gvCLiwUo&mid=&merchid=&authkey=&timestamp=1561103771582 yoxwechatbusinessModel::set_user:BEGIN
[2019-06-21 15:56:12] trace  /app/ewei_shopv2_api.php?i=2&r=shop.get_hasnewcoupon&comefrom=wxapp&openid=sns_wa_oWJzS5Ak51G9M881eXJ2gvCLiwUo&mid=&merchid=&authkey=&timestamp=1561103771582 yoxwechatbusinessModel::set_user:END
[2019-06-21 15:56:12] trace  /app/ewei_shopv2_api.php?i=2&r=shop.get_cpinfos&comefrom=wxapp&openid=sns_wa_oWJzS5Ak51G9M881eXJ2gvCLiwUo&mid=&merchid=&authkey=&timestamp=1561103771633 yoxwechatbusinessModel::set_user:END
[2019-06-21 15:56:12] trace  /app/ewei_shopv2_api.php?i=2&r=black&comefrom=wxapp&openid=sns_wa_oWJzS5Ak51G9M881eXJ2gvCLiwUo&authkey=&timestamp=1561103771154 yoxwechatbusinessModel::set_user:BEGIN
[2019-06-21 15:56:12] trace  /app/ewei_shopv2_api.php?i=2&r=diypage&type=home&comefrom=wxapp&openid=sns_wa_oWJzS5Ak51G9M881eXJ2gvCLiwUo&mid=&merchid=&authkey=&timestamp=1561103771418 yoxwechatbusinessModel::set_user:BEGIN
[2019-06-21 15:56:12] trace  /app/ewei_shopv2_api.php?i=2&r=black&comefrom=wxapp&openid=sns_wa_oWJzS5Ak51G9M881eXJ2gvCLiwUo&authkey=&timestamp=1561103771154 yoxwechatbusinessModel::set_user:END
[2019-06-21 15:56:12] trace  /app/ewei_shopv2_api.php?i=2&r=diypage&type=home&comefrom=wxapp&openid=sns_wa_oWJzS5Ak51G9M881eXJ2gvCLiwUo&mid=&merchid=&authkey=&timestamp=1561103771418 yoxwechatbusinessModel::set_user:END
[2019-06-21 16:05:34] trace  /app/ewei_shopv2_api.php?i=2&r=bargain.act&comefrom=wxapp&openid=sns_wa_oWJzS5Ak51G9M881eXJ2gvCLiwUo&mid=&merchid=&authkey=MGQwZXo4b0dGZ2drTVV1aEwrOUdjTC9lTVo0U0Z0OHpCdjVuc0tIMWhiaHZyYlN5d3RHcVZzMmZVR2RNaVBzYXN2ZGNzakl6cUt4YXFiOU4rL1kwT0JQRGxvUQ%3D%3D&timestamp=1561104333639 yoxwechatbusinessModel::set_user:BEGIN
[2019-06-21 16:05:34] trace  /app/ewei_shopv2_api.php?i=2&r=yoxwechatbusiness&isajax=1&comefrom=wxapp&openid=sns_wa_oWJzS5Ak51G9M881eXJ2gvCLiwUo&mid=&merchid=&authkey=MGQwZXo4b0dGZ2drTVV1aEwrOUdjTC9lTVo0U0Z0OHpCdjVuc0tIMWhiaHZyYlN5d3RHcVZzMmZVR2RNaVBzYXN2ZGNzakl6cUt4YXFiOU4rL1kwT0JQRGxvUQ%3D%3D&timestamp=1561104333565 yoxwechatbusinessModel::set_user:BEGIN
[2019-06-21 16:05:34] trace  /app/ewei_shopv2_api.php?i=2&r=bargain.act&comefrom=wxapp&openid=sns_wa_oWJzS5Ak51G9M881eXJ2gvCLiwUo&mid=&merchid=&authkey=MGQwZXo4b0dGZ2drTVV1aEwrOUdjTC9lTVo0U0Z0OHpCdjVuc0tIMWhiaHZyYlN5d3RHcVZzMmZVR2RNaVBzYXN2ZGNzakl6cUt4YXFiOU4rL1kwT0JQRGxvUQ%3D%3D&timestamp=1561104333639 yoxwechatbusinessModel::set_user:END
[2019-06-21 16:05:34] trace  /app/ewei_shopv2_api.php?i=2&r=yoxwechatbusiness&isajax=1&comefrom=wxapp&openid=sns_wa_oWJzS5Ak51G9M881eXJ2gvCLiwUo&mid=&merchid=&authkey=MGQwZXo4b0dGZ2drTVV1aEwrOUdjTC9lTVo0U0Z0OHpCdjVuc0tIMWhiaHZyYlN5d3RHcVZzMmZVR2RNaVBzYXN2ZGNzakl6cUt4YXFiOU4rL1kwT0JQRGxvUQ%3D%3D&timestamp=1561104333565 yoxwechatbusinessModel::set_user:END
[2019-06-21 16:05:39] trace  /app/ewei_shopv2_api.php?i=2&r=yoxwechatbusiness.user.my_invite_user&isajax=1&status=&page=1&comefrom=wxapp&openid=sns_wa_oWJzS5Ak51G9M881eXJ2gvCLiwUo&mid=&merchid=&authkey=&timestamp=1561104338217 yoxwechatbusinessModel::set_user:BEGIN
[2019-06-21 16:05:39] trace  /app/ewei_shopv2_api.php?i=2&r=yoxwechatbusiness.user.my_invite_user&isajax=1&status=&page=1&comefrom=wxapp&openid=sns_wa_oWJzS5Ak51G9M881eXJ2gvCLiwUo&mid=&merchid=&authkey=&timestamp=1561104338217 yoxwechatbusinessModel::set_user:END
[2019-06-21 16:05:43] trace  /app/ewei_shopv2_api.php?i=2&r=yoxwechatbusiness.user.my_invite_user&isajax=1&status=0&page=1&comefrom=wxapp&openid=sns_wa_oWJzS5Ak51G9M881eXJ2gvCLiwUo&mid=&merchid=&authkey=&timestamp=1561104341861 yoxwechatbusinessModel::set_user:BEGIN
[2019-06-21 16:05:43] trace  /app/ewei_shopv2_api.php?i=2&r=yoxwechatbusiness.user.my_invite_user&isajax=1&status=0&page=1&comefrom=wxapp&openid=sns_wa_oWJzS5Ak51G9M881eXJ2gvCLiwUo&mid=&merchid=&authkey=&timestamp=1561104341861 yoxwechatbusinessModel::set_user:END
[2019-06-21 16:05:44] trace  /app/ewei_shopv2_api.php?i=2&r=yoxwechatbusiness.user.my_invite_user&isajax=1&status=0&page=1&comefrom=wxapp&openid=sns_wa_oWJzS5Ak51G9M881eXJ2gvCLiwUo&mid=&merchid=&authkey=&timestamp=1561104343471 yoxwechatbusinessModel::set_user:BEGIN
[2019-06-21 16:05:44] trace  /app/ewei_shopv2_api.php?i=2&r=yoxwechatbusiness.user.my_invite_user&isajax=1&status=0&page=1&comefrom=wxapp&openid=sns_wa_oWJzS5Ak51G9M881eXJ2gvCLiwUo&mid=&merchid=&authkey=&timestamp=1561104343471 yoxwechatbusinessModel::set_user:END
[2019-06-21 16:06:03] trace  /app/ewei_shopv2_api.php?i=2&r=yoxwechatbusiness.user.my_invite_user&isajax=1&status=1&page=1&comefrom=wxapp&openid=sns_wa_oWJzS5Ak51G9M881eXJ2gvCLiwUo&mid=&merchid=&authkey=&timestamp=1561104362587 yoxwechatbusinessModel::set_user:BEGIN
[2019-06-21 16:06:03] trace  /app/ewei_shopv2_api.php?i=2&r=yoxwechatbusiness.user.my_invite_user&isajax=1&status=1&page=1&comefrom=wxapp&openid=sns_wa_oWJzS5Ak51G9M881eXJ2gvCLiwUo&mid=&merchid=&authkey=&timestamp=1561104362587 yoxwechatbusinessModel::set_user:END
[2019-06-21 16:32:46] trace  /app/ewei_shopv2_api.php?i=2&r=black&comefrom=wxapp&openid=sns_wa_oWJzS5Ak51G9M881eXJ2gvCLiwUo&mid=&merchid=&authkey=&timestamp=1561105965558 yoxwechatbusinessModel::set_user:BEGIN
[2019-06-21 16:32:46] trace  /app/ewei_shopv2_api.php?i=2&r=black&comefrom=wxapp&openid=sns_wa_oWJzS5Ak51G9M881eXJ2gvCLiwUo&mid=&merchid=&authkey=&timestamp=1561105965558 yoxwechatbusinessModel::set_user:END
[2019-06-21 16:32:47] trace  /app/ewei_shopv2_api.php?i=2&r=diypage&type=home&comefrom=wxapp&openid=sns_wa_oWJzS5Ak51G9M881eXJ2gvCLiwUo&mid=&merchid=&authkey=&timestamp=1561105965855 yoxwechatbusinessModel::set_user:BEGIN
[2019-06-21 16:32:47] trace  /app/ewei_shopv2_api.php?i=2&r=shop.get_shopindex&comefrom=wxapp&openid=sns_wa_oWJzS5Ak51G9M881eXJ2gvCLiwUo&mid=&merchid=&authkey=&timestamp=1561105966027 yoxwechatbusinessModel::set_user:BEGIN
[2019-06-21 16:32:47] trace  /app/ewei_shopv2_api.php?i=2&r=diypage&type=home&comefrom=wxapp&openid=sns_wa_oWJzS5Ak51G9M881eXJ2gvCLiwUo&mid=&merchid=&authkey=&timestamp=1561105965855 yoxwechatbusinessModel::set_user:END
[2019-06-21 16:32:47] trace  /app/ewei_shopv2_api.php?i=2&r=shop.get_shopindex&comefrom=wxapp&openid=sns_wa_oWJzS5Ak51G9M881eXJ2gvCLiwUo&mid=&merchid=&authkey=&timestamp=1561105966027 yoxwechatbusinessModel::set_user:END
[2019-06-21 16:32:47] trace  /app/ewei_shopv2_api.php?i=2&r=shop.get_hasnewcoupon&comefrom=wxapp&openid=sns_wa_oWJzS5Ak51G9M881eXJ2gvCLiwUo&mid=&merchid=&authkey=&timestamp=1561105966115 yoxwechatbusinessModel::set_user:BEGIN
[2019-06-21 16:32:47] trace  /app/ewei_shopv2_api.php?i=2&r=shop.get_cpinfos&comefrom=wxapp&openid=sns_wa_oWJzS5Ak51G9M881eXJ2gvCLiwUo&mid=&merchid=&authkey=&timestamp=1561105966212 yoxwechatbusinessModel::set_user:BEGIN
[2019-06-21 16:32:47] trace  /app/ewei_shopv2_api.php?i=2&r=shop.get_hasnewcoupon&comefrom=wxapp&openid=sns_wa_oWJzS5Ak51G9M881eXJ2gvCLiwUo&mid=&merchid=&authkey=&timestamp=1561105966115 yoxwechatbusinessModel::set_user:END
[2019-06-21 16:32:47] trace  /app/ewei_shopv2_api.php?i=2&r=shop.get_cpinfos&comefrom=wxapp&openid=sns_wa_oWJzS5Ak51G9M881eXJ2gvCLiwUo&mid=&merchid=&authkey=&timestamp=1561105966212 yoxwechatbusinessModel::set_user:END
[2019-06-21 16:33:22] trace  /app/ewei_shopv2_api.php?i=2&r=yoxwechatbusiness&isajax=1&comefrom=wxapp&openid=sns_wa_oWJzS5Ak51G9M881eXJ2gvCLiwUo&mid=&merchid=&authkey=&timestamp=1561106000908 yoxwechatbusinessModel::set_user:BEGIN
[2019-06-21 16:33:22] trace  /app/ewei_shopv2_api.php?i=2&r=yoxwechatbusiness&isajax=1&comefrom=wxapp&openid=sns_wa_oWJzS5Ak51G9M881eXJ2gvCLiwUo&mid=&merchid=&authkey=&timestamp=1561106000908 yoxwechatbusinessModel::set_user:END
[2019-06-21 16:33:22] trace  /app/ewei_shopv2_api.php?i=2&r=bargain.act&comefrom=wxapp&openid=sns_wa_oWJzS5Ak51G9M881eXJ2gvCLiwUo&mid=&merchid=&authkey=&timestamp=1561106000981 yoxwechatbusinessModel::set_user:BEGIN
[2019-06-21 16:33:22] trace  /app/ewei_shopv2_api.php?i=2&r=bargain.act&comefrom=wxapp&openid=sns_wa_oWJzS5Ak51G9M881eXJ2gvCLiwUo&mid=&merchid=&authkey=&timestamp=1561106000981 yoxwechatbusinessModel::set_user:END
[2019-06-21 16:33:25] trace  /app/ewei_shopv2_api.php?i=2&r=yoxwechatbusiness.user.my_invite_user&isajax=1&status=&page=1&comefrom=wxapp&openid=sns_wa_oWJzS5Ak51G9M881eXJ2gvCLiwUo&mid=&merchid=&authkey=&timestamp=1561106004330 yoxwechatbusinessModel::set_user:BEGIN
[2019-06-21 16:33:25] trace  /app/ewei_shopv2_api.php?i=2&r=yoxwechatbusiness.user.my_invite_user&isajax=1&status=&page=1&comefrom=wxapp&openid=sns_wa_oWJzS5Ak51G9M881eXJ2gvCLiwUo&mid=&merchid=&authkey=&timestamp=1561106004330 yoxwechatbusinessModel::set_user:END
[2019-06-21 17:25:58] trace  /app/ewei_shopv2_api.php?i=2&r=cacheset&version=&comefrom=wxapp&openid=sns_wa_oWJzS5LyES5z9oLaUxOLusOVG6N0&mid=&merchid=&authkey=NjBiYzlnVkZwWHhnSC90YnVqbXcxMGVRRDcyUEprR3BIbkl5eE0yY3FmbVBocXFjaFdXK0pPeGpQRStNY1BQd1Y4MWdXZS96&timestamp=1561109155068 yoxwechatbusinessModel::set_user:BEGIN
[2019-06-21 17:25:58] trace  /app/ewei_shopv2_api.php?i=2&r=cacheset&version=&comefrom=wxapp&openid=sns_wa_oWJzS5LyES5z9oLaUxOLusOVG6N0&mid=&merchid=&authkey=MzAyNVFXakh3V2ppRHhxWTgyL0hKd3c1aHQydDVoNFhKVkJ6RHNDZnEzbTNZMVA3bFZiclhpR2RhRVhCeHlzSENMU1lKMzR1&timestamp=1561109155292 yoxwechatbusinessModel::set_user:BEGIN
[2019-06-21 17:26:07] trace  /app/ewei_shopv2_api.php?i=2&r=diypage&type=home&comefrom=wxapp&openid=sns_wa_oWJzS5LyES5z9oLaUxOLusOVG6N0&mid=&merchid=&authkey=&timestamp=1561109164202 yoxwechatbusinessModel::set_user:BEGIN
[2019-06-21 17:26:07] trace  /app/ewei_shopv2_api.php?i=2&r=black&comefrom=wxapp&openid=sns_wa_oWJzS5LyES5z9oLaUxOLusOVG6N0&mid=&merchid=&authkey=&timestamp=1561109164131 yoxwechatbusinessModel::set_user:BEGIN
[2019-06-21 17:26:07] trace  /app/ewei_shopv2_api.php?i=2&r=shop.get_cpinfos&comefrom=wxapp&openid=sns_wa_oWJzS5LyES5z9oLaUxOLusOVG6N0&mid=&merchid=&authkey=&timestamp=1561109164350 yoxwechatbusinessModel::set_user:BEGIN
[2019-06-21 17:26:07] trace  /app/ewei_shopv2_api.php?i=2&r=shop.get_shopindex&comefrom=wxapp&openid=sns_wa_oWJzS5LyES5z9oLaUxOLusOVG6N0&mid=&merchid=&authkey=&timestamp=1561109164270 yoxwechatbusinessModel::set_user:BEGIN
[2019-06-21 17:26:07] trace  /app/ewei_shopv2_api.php?i=2&r=shop.get_hasnewcoupon&comefrom=wxapp&openid=sns_wa_oWJzS5LyES5z9oLaUxOLusOVG6N0&mid=&merchid=&authkey=&timestamp=1561109164314 yoxwechatbusinessModel::set_user:BEGIN
[2019-06-21 17:26:08] trace  /app/ewei_shopv2_api.php?i=2&r=shop.get_shopindex&comefrom=wxapp&openid=sns_wa_oWJzS5LyES5z9oLaUxOLusOVG6N0&mid=&merchid=&authkey=&timestamp=1561109165111 yoxwechatbusinessModel::set_user:BEGIN
[2019-06-21 17:26:08] trace  /app/ewei_shopv2_api.php?i=2&r=shop.get_hasnewcoupon&comefrom=wxapp&openid=sns_wa_oWJzS5LyES5z9oLaUxOLusOVG6N0&mid=&merchid=&authkey=&timestamp=1561109165131 yoxwechatbusinessModel::set_user:BEGIN
[2019-06-21 17:26:08] trace  /app/ewei_shopv2_api.php?i=2&r=shop.get_cpinfos&comefrom=wxapp&openid=sns_wa_oWJzS5LyES5z9oLaUxOLusOVG6N0&mid=&merchid=&authkey=&timestamp=1561109165150 yoxwechatbusinessModel::set_user:BEGIN
[2019-06-21 17:26:08] trace  /app/ewei_shopv2_api.php?i=2&r=black&comefrom=wxapp&openid=sns_wa_oWJzS5LyES5z9oLaUxOLusOVG6N0&mid=&merchid=&authkey=&timestamp=1561109165016 yoxwechatbusinessModel::set_user:BEGIN
[2019-06-21 17:26:08] trace  /app/ewei_shopv2_api.php?i=2&r=diypage&type=home&comefrom=wxapp&openid=sns_wa_oWJzS5LyES5z9oLaUxOLusOVG6N0&mid=&merchid=&authkey=&timestamp=1561109165059 yoxwechatbusinessModel::set_user:BEGIN
[2019-06-21 17:26:08] trace  /app/ewei_shopv2_api.php?i=2&r=black&comefrom=wxapp&openid=sns_wa_oWJzS5LyES5z9oLaUxOLusOVG6N0&mid=&merchid=&authkey=&timestamp=1561109165796 yoxwechatbusinessModel::set_user:BEGIN
[2019-06-21 17:26:09] trace  /app/ewei_shopv2_api.php?i=2&r=diypage&type=home&comefrom=wxapp&openid=sns_wa_oWJzS5LyES5z9oLaUxOLusOVG6N0&mid=&merchid=&authkey=&timestamp=1561109165851 yoxwechatbusinessModel::set_user:BEGIN
[2019-06-21 17:26:09] trace  /app/ewei_shopv2_api.php?i=2&r=shop.get_hasnewcoupon&comefrom=wxapp&openid=sns_wa_oWJzS5LyES5z9oLaUxOLusOVG6N0&mid=&merchid=&authkey=&timestamp=1561109165942 yoxwechatbusinessModel::set_user:BEGIN
[2019-06-21 17:26:09] trace  /app/ewei_shopv2_api.php?i=2&r=shop.get_cpinfos&comefrom=wxapp&openid=sns_wa_oWJzS5LyES5z9oLaUxOLusOVG6N0&mid=&merchid=&authkey=&timestamp=1561109165970 yoxwechatbusinessModel::set_user:BEGIN
[2019-06-21 17:26:09] trace  /app/ewei_shopv2_api.php?i=2&r=shop.get_shopindex&comefrom=wxapp&openid=sns_wa_oWJzS5LyES5z9oLaUxOLusOVG6N0&mid=&merchid=&authkey=&timestamp=1561109165914 yoxwechatbusinessModel::set_user:BEGIN
[2019-06-21 17:26:09] trace  /app/ewei_shopv2_api.php?i=2&r=shop.get_hasnewcoupon&comefrom=wxapp&openid=sns_wa_oWJzS5LyES5z9oLaUxOLusOVG6N0&mid=&merchid=&authkey=&timestamp=1561109166774 yoxwechatbusinessModel::set_user:BEGIN
[2019-06-21 17:26:09] trace  /app/ewei_shopv2_api.php?i=2&r=black&comefrom=wxapp&openid=sns_wa_oWJzS5LyES5z9oLaUxOLusOVG6N0&mid=&merchid=&authkey=&timestamp=1561109166658 yoxwechatbusinessModel::set_user:BEGIN
[2019-06-21 17:26:09] trace  /app/ewei_shopv2_api.php?i=2&r=shop.get_shopindex&comefrom=wxapp&openid=sns_wa_oWJzS5LyES5z9oLaUxOLusOVG6N0&mid=&merchid=&authkey=&timestamp=1561109166753 yoxwechatbusinessModel::set_user:BEGIN
[2019-06-21 17:26:09] trace  /app/ewei_shopv2_api.php?i=2&r=shop.get_cpinfos&comefrom=wxapp&openid=sns_wa_oWJzS5LyES5z9oLaUxOLusOVG6N0&mid=&merchid=&authkey=&timestamp=1561109166794 yoxwechatbusinessModel::set_user:BEGIN
[2019-06-21 17:26:09] trace  /app/ewei_shopv2_api.php?i=2&r=diypage&type=home&comefrom=wxapp&openid=sns_wa_oWJzS5LyES5z9oLaUxOLusOVG6N0&mid=&merchid=&authkey=&timestamp=1561109166705 yoxwechatbusinessModel::set_user:BEGIN
[2019-06-21 17:26:10] trace  /app/ewei_shopv2_api.php?i=2&r=shop.get_hasnewcoupon&comefrom=wxapp&openid=sns_wa_oWJzS5LyES5z9oLaUxOLusOVG6N0&mid=&merchid=&authkey=&timestamp=1561109167562 yoxwechatbusinessModel::set_user:BEGIN
[2019-06-21 17:26:10] trace  /app/ewei_shopv2_api.php?i=2&r=black&comefrom=wxapp&openid=sns_wa_oWJzS5LyES5z9oLaUxOLusOVG6N0&mid=&merchid=&authkey=&timestamp=1561109167446 yoxwechatbusinessModel::set_user:BEGIN
[2019-06-21 17:26:10] trace  /app/ewei_shopv2_api.php?i=2&r=shop.get_shopindex&comefrom=wxapp&openid=sns_wa_oWJzS5LyES5z9oLaUxOLusOVG6N0&mid=&merchid=&authkey=&timestamp=1561109167538 yoxwechatbusinessModel::set_user:BEGIN
[2019-06-21 17:26:10] trace  /app/ewei_shopv2_api.php?i=2&r=diypage&type=home&comefrom=wxapp&openid=sns_wa_oWJzS5LyES5z9oLaUxOLusOVG6N0&mid=&merchid=&authkey=&timestamp=1561109167484 yoxwechatbusinessModel::set_user:BEGIN
[2019-06-21 17:26:10] trace  /app/ewei_shopv2_api.php?i=2&r=shop.get_cpinfos&comefrom=wxapp&openid=sns_wa_oWJzS5LyES5z9oLaUxOLusOVG6N0&mid=&merchid=&authkey=&timestamp=1561109167582 yoxwechatbusinessModel::set_user:BEGIN
[2019-06-21 17:26:11] trace  /app/ewei_shopv2_api.php?i=2&r=diypage&type=home&comefrom=wxapp&openid=sns_wa_oWJzS5LyES5z9oLaUxOLusOVG6N0&mid=&merchid=&authkey=&timestamp=1561109167990 yoxwechatbusinessModel::set_user:BEGIN
[2019-06-21 17:26:11] trace  /app/ewei_shopv2_api.php?i=2&r=shop.get_cpinfos&comefrom=wxapp&openid=sns_wa_oWJzS5LyES5z9oLaUxOLusOVG6N0&mid=&merchid=&authkey=&timestamp=1561109168083 yoxwechatbusinessModel::set_user:BEGIN
[2019-06-21 17:26:11] trace  /app/ewei_shopv2_api.php?i=2&r=black&comefrom=wxapp&openid=sns_wa_oWJzS5LyES5z9oLaUxOLusOVG6N0&mid=&merchid=&authkey=&timestamp=1561109167941 yoxwechatbusinessModel::set_user:BEGIN
[2019-06-21 17:26:11] trace  /app/ewei_shopv2_api.php?i=2&r=shop.get_hasnewcoupon&comefrom=wxapp&openid=sns_wa_oWJzS5LyES5z9oLaUxOLusOVG6N0&mid=&merchid=&authkey=&timestamp=1561109168066 yoxwechatbusinessModel::set_user:BEGIN
[2019-06-21 17:26:11] trace  /app/ewei_shopv2_api.php?i=2&r=shop.get_shopindex&comefrom=wxapp&openid=sns_wa_oWJzS5LyES5z9oLaUxOLusOVG6N0&mid=&merchid=&authkey=&timestamp=1561109168048 yoxwechatbusinessModel::set_user:BEGIN
[2019-06-21 17:27:03] trace  /app/ewei_shopv2_api.php?i=2&r=black&comefrom=wxapp&openid=sns_wa_oWJzS5LyES5z9oLaUxOLusOVG6N0&mid=&merchid=&authkey=&timestamp=1561109220514 yoxwechatbusinessModel::set_user:BEGIN
[2019-06-21 17:27:03] trace  /app/ewei_shopv2_api.php?i=2&r=diypage&type=goodsdetail&comefrom=wxapp&openid=sns_wa_oWJzS5LyES5z9oLaUxOLusOVG6N0&mid=&merchid=&authkey=&timestamp=1561109220543 yoxwechatbusinessModel::set_user:BEGIN
[2019-06-21 17:27:07] trace  /app/ewei_shopv2_api.php?i=2&r=goods.get_detail&id=25&comefrom=wxapp&openid=sns_wa_oWJzS5LyES5z9oLaUxOLusOVG6N0&mid=&merchid=&authkey=ZjYyM3E4SVE3bVBiZVppUHMwQzdYTnJVZ3pVUmNKdWNDeEZpZU1EblF5OHd1dTVHR3M5OER6dkVTSVZHVXBSTTNOdU9ucXcwdVNHOVl0QUN4K0JuOEN2Q0R6aw%3D%3D&timestamp=1561109223964 yoxwechatbusinessModel::set_user:BEGIN
[2019-06-21 17:27:07] trace  /app/ewei_shopv2_api.php?i=2&r=goods.get_detail&id=25&comefrom=wxapp&openid=sns_wa_oWJzS5LyES5z9oLaUxOLusOVG6N0&mid=&merchid=&authkey=ZjYyM3E4SVE3bVBiZVppUHMwQzdYTnJVZ3pVUmNKdWNDeEZpZU1EblF5OHd1dTVHR3M5OER6dkVTSVZHVXBSTTNOdU9ucXcwdVNHOVl0QUN4K0JuOEN2Q0R6aw%3D%3D&timestamp=1561109223964 yoxwechatbusinessModel::set_user:END
[2019-06-21 17:27:08] trace  /app/ewei_shopv2_api.php?i=2&r=goods.get_comments&id=25&comefrom=wxapp&openid=sns_wa_oWJzS5LyES5z9oLaUxOLusOVG6N0&mid=&merchid=&authkey=&timestamp=1561109225769 yoxwechatbusinessModel::set_user:BEGIN
[2019-06-21 17:27:08] trace  /app/ewei_shopv2_api.php?i=2&r=goods.get_comments&id=25&comefrom=wxapp&openid=sns_wa_oWJzS5LyES5z9oLaUxOLusOVG6N0&mid=&merchid=&authkey=&timestamp=1561109225769 yoxwechatbusinessModel::set_user:END
[2019-06-21 17:27:33] trace  /app/ewei_shopv2_api.php?i=2&r=shop.get_cpinfos&comefrom=wxapp&openid=sns_wa_oWJzS5LyES5z9oLaUxOLusOVG6N0&mid=&merchid=&authkey=&timestamp=1561109250392 yoxwechatbusinessModel::set_user:BEGIN
[2019-06-21 17:27:33] trace  /app/ewei_shopv2_api.php?i=2&r=shop.get_shopindex&comefrom=wxapp&openid=sns_wa_oWJzS5LyES5z9oLaUxOLusOVG6N0&mid=&merchid=&authkey=&timestamp=1561109250348 yoxwechatbusinessModel::set_user:BEGIN
[2019-06-21 17:27:33] trace  /app/ewei_shopv2_api.php?i=2&r=shop.get_cpinfos&comefrom=wxapp&openid=sns_wa_oWJzS5LyES5z9oLaUxOLusOVG6N0&mid=&merchid=&authkey=&timestamp=1561109250392 yoxwechatbusinessModel::set_user:END
[2019-06-21 17:27:33] trace  /app/ewei_shopv2_api.php?i=2&r=shop.get_hasnewcoupon&comefrom=wxapp&openid=sns_wa_oWJzS5LyES5z9oLaUxOLusOVG6N0&mid=&merchid=&authkey=&timestamp=1561109250371 yoxwechatbusinessModel::set_user:BEGIN
[2019-06-21 17:27:33] trace  /app/ewei_shopv2_api.php?i=2&r=shop.get_shopindex&comefrom=wxapp&openid=sns_wa_oWJzS5LyES5z9oLaUxOLusOVG6N0&mid=&merchid=&authkey=&timestamp=1561109250348 yoxwechatbusinessModel::set_user:END
[2019-06-21 17:27:33] trace  /app/ewei_shopv2_api.php?i=2&r=shop.get_hasnewcoupon&comefrom=wxapp&openid=sns_wa_oWJzS5LyES5z9oLaUxOLusOVG6N0&mid=&merchid=&authkey=&timestamp=1561109250371 yoxwechatbusinessModel::set_user:END
[2019-06-21 17:27:53] trace  /app/ewei_shopv2_api.php?i=2&r=diypage&type=7&comefrom=wxapp&openid=sns_wa_oWJzS5LyES5z9oLaUxOLusOVG6N0&mid=&merchid=&authkey=&timestamp=1561109270777 yoxwechatbusinessModel::set_user:BEGIN
[2019-06-21 17:27:53] trace  /app/ewei_shopv2_api.php?i=2&r=diypage&type=7&comefrom=wxapp&openid=sns_wa_oWJzS5LyES5z9oLaUxOLusOVG6N0&mid=&merchid=&authkey=&timestamp=1561109270777 yoxwechatbusinessModel::set_user:END
[2019-06-21 17:27:53] trace  /app/ewei_shopv2_api.php?i=2&r=diypage&id=7&comefrom=wxapp&openid=sns_wa_oWJzS5LyES5z9oLaUxOLusOVG6N0&mid=&merchid=&authkey=&timestamp=1561109270820 yoxwechatbusinessModel::set_user:BEGIN
[2019-06-21 17:27:53] trace  /app/ewei_shopv2_api.php?i=2&r=diypage&id=7&comefrom=wxapp&openid=sns_wa_oWJzS5LyES5z9oLaUxOLusOVG6N0&mid=&merchid=&authkey=&timestamp=1561109270820 yoxwechatbusinessModel::set_user:END
[2019-06-21 17:28:06] trace  /app/ewei_shopv2_api.php?i=2&r=yoxarticlevideo.video&isajax=1&comefrom=wxapp&openid=sns_wa_oWJzS5LyES5z9oLaUxOLusOVG6N0&mid=&merchid=&authkey=&timestamp=1561109280575 yoxwechatbusinessModel::set_user:BEGIN
[2019-06-21 17:28:06] trace  /app/ewei_shopv2_api.php?i=2&r=yoxarticlevideo.video&isajax=1&comefrom=wxapp&openid=sns_wa_oWJzS5LyES5z9oLaUxOLusOVG6N0&mid=&merchid=&authkey=&timestamp=1561109280575 yoxwechatbusinessModel::set_user:END
[2019-06-21 17:28:06] trace  /app/ewei_shopv2_api.php?i=2&r=yoxarticlevideo.article&isajax=1&comefrom=wxapp&openid=sns_wa_oWJzS5LyES5z9oLaUxOLusOVG6N0&mid=&merchid=&authkey=&timestamp=1561109280554 yoxwechatbusinessModel::set_user:BEGIN
[2019-06-21 17:28:06] trace  /app/ewei_shopv2_api.php?i=2&r=yoxarticlevideo.article&isajax=1&comefrom=wxapp&openid=sns_wa_oWJzS5LyES5z9oLaUxOLusOVG6N0&mid=&merchid=&authkey=&timestamp=1561109280554 yoxwechatbusinessModel::set_user:END
[2019-06-21 17:28:52] trace  /app/ewei_shopv2_api.php?i=2&r=yoxarticlevideo.edit&isajax=1&id=71&comefrom=wxapp&openid=sns_wa_oWJzS5LyES5z9oLaUxOLusOVG6N0&mid=&merchid=&authkey=&timestamp=1561109329000 yoxwechatbusinessModel::set_user:BEGIN
[2019-06-21 17:28:52] trace  /app/ewei_shopv2_api.php?i=2&r=yoxarticlevideo.edit&isajax=1&id=71&comefrom=wxapp&openid=sns_wa_oWJzS5LyES5z9oLaUxOLusOVG6N0&mid=&merchid=&authkey=&timestamp=1561109329000 yoxwechatbusinessModel::set_user:END
[2019-06-21 17:29:29] trace  /app/ewei_shopv2_api.php?i=2&r=diypage&id=7&comefrom=wxapp&openid=sns_wa_oWJzS5LyES5z9oLaUxOLusOVG6N0&mid=&merchid=&authkey=&timestamp=1561109366451 yoxwechatbusinessModel::set_user:BEGIN
[2019-06-21 17:29:29] trace  /app/ewei_shopv2_api.php?i=2&r=diypage&id=7&comefrom=wxapp&openid=sns_wa_oWJzS5LyES5z9oLaUxOLusOVG6N0&mid=&merchid=&authkey=&timestamp=1561109366451 yoxwechatbusinessModel::set_user:END
[2019-06-21 17:35:51] trace  /app/ewei_shopv2_api.php?i=2&r=shop.get_hasnewcoupon&comefrom=wxapp&openid=sns_wa_oWJzS5PNScdgjd99Q5JPXDcDMLqo&mid=&merchid=&authkey=&timestamp=1561109748025 yoxwechatbusinessModel::set_user:BEGIN
[2019-06-21 17:35:51] trace  /app/ewei_shopv2_api.php?i=2&r=black&comefrom=wxapp&openid=sns_wa_oWJzS5PNScdgjd99Q5JPXDcDMLqo&authkey=&timestamp=1561109747784 yoxwechatbusinessModel::set_user:BEGIN
[2019-06-21 17:35:51] trace  /app/ewei_shopv2_api.php?i=2&r=diypage&type=home&comefrom=wxapp&openid=sns_wa_oWJzS5PNScdgjd99Q5JPXDcDMLqo&mid=&merchid=&authkey=&timestamp=1561109747902 yoxwechatbusinessModel::set_user:BEGIN
[2019-06-21 17:35:51] trace  /app/ewei_shopv2_api.php?i=2&r=shop.get_shopindex&comefrom=wxapp&openid=sns_wa_oWJzS5PNScdgjd99Q5JPXDcDMLqo&mid=&merchid=&authkey=&timestamp=1561109747998 yoxwechatbusinessModel::set_user:BEGIN
[2019-06-21 17:35:51] trace  /app/ewei_shopv2_api.php?i=2&r=shop.get_cpinfos&comefrom=wxapp&openid=sns_wa_oWJzS5PNScdgjd99Q5JPXDcDMLqo&mid=&merchid=&authkey=&timestamp=1561109748053 yoxwechatbusinessModel::set_user:BEGIN
[2019-06-21 22:51:00] trace  /app/ewei_shopv2_api.php?i=2&r=diypage&type=home&comefrom=wxapp&openid=sns_wa_oWJzS5MLaxm35z0bkAv3si57MUh0&mid=&merchid=&authkey=&timestamp=1561128631291 yoxwechatbusinessModel::set_user:BEGIN
[2019-06-21 22:51:00] trace  /app/ewei_shopv2_api.php?i=2&r=diypage&type=home&comefrom=wxapp&openid=sns_wa_oWJzS5MLaxm35z0bkAv3si57MUh0&mid=&merchid=&authkey=&timestamp=1561128631291 yoxwechatbusinessModel::set_user:END
[2019-06-21 22:51:00] trace  /app/ewei_shopv2_api.php?i=2&r=black&comefrom=wxapp&openid=sns_wa_oWJzS5MLaxm35z0bkAv3si57MUh0&authkey=&timestamp=1561128631209 yoxwechatbusinessModel::set_user:BEGIN
[2019-06-21 22:51:01] trace  /app/ewei_shopv2_api.php?i=2&r=shop.get_hasnewcoupon&comefrom=wxapp&openid=sns_wa_oWJzS5MLaxm35z0bkAv3si57MUh0&mid=&merchid=&authkey=&timestamp=1561128656732 yoxwechatbusinessModel::set_user:BEGIN
[2019-06-21 22:51:00] trace  /app/ewei_shopv2_api.php?i=2&r=black&comefrom=wxapp&openid=sns_wa_oWJzS5MLaxm35z0bkAv3si57MUh0&authkey=&timestamp=1561128631209 yoxwechatbusinessModel::set_user:END
[2019-06-21 22:51:00] trace  /app/ewei_shopv2_api.php?i=2&r=shop.get_hasnewcoupon&comefrom=wxapp&openid=sns_wa_oWJzS5MLaxm35z0bkAv3si57MUh0&mid=&merchid=&authkey=&timestamp=1561128631477 yoxwechatbusinessModel::set_user:BEGIN
[2019-06-21 22:51:00] trace  /app/ewei_shopv2_api.php?i=2&r=shop.get_cpinfos&comefrom=wxapp&openid=sns_wa_oWJzS5MLaxm35z0bkAv3si57MUh0&mid=&merchid=&authkey=&timestamp=1561128631506 yoxwechatbusinessModel::set_user:BEGIN
[2019-06-21 22:51:01] trace  /app/ewei_shopv2_api.php?i=2&r=shop.get_hasnewcoupon&comefrom=wxapp&openid=sns_wa_oWJzS5MLaxm35z0bkAv3si57MUh0&mid=&merchid=&authkey=&timestamp=1561128656732 yoxwechatbusinessModel::set_user:END
[2019-06-21 22:51:00] trace  /app/ewei_shopv2_api.php?i=2&r=shop.get_shopindex&comefrom=wxapp&openid=sns_wa_oWJzS5MLaxm35z0bkAv3si57MUh0&mid=&merchid=&authkey=&timestamp=1561128631450 yoxwechatbusinessModel::set_user:BEGIN
[2019-06-21 22:51:00] trace  /app/ewei_shopv2_api.php?i=2&r=shop.get_cpinfos&comefrom=wxapp&openid=sns_wa_oWJzS5MLaxm35z0bkAv3si57MUh0&mid=&merchid=&authkey=&timestamp=1561128631506 yoxwechatbusinessModel::set_user:END
[2019-06-21 22:51:00] trace  /app/ewei_shopv2_api.php?i=2&r=shop.get_hasnewcoupon&comefrom=wxapp&openid=sns_wa_oWJzS5MLaxm35z0bkAv3si57MUh0&mid=&merchid=&authkey=&timestamp=1561128631477 yoxwechatbusinessModel::set_user:END
[2019-06-21 22:51:00] trace  /app/ewei_shopv2_api.php?i=2&r=shop.get_shopindex&comefrom=wxapp&openid=sns_wa_oWJzS5MLaxm35z0bkAv3si57MUh0&mid=&merchid=&authkey=&timestamp=1561128631450 yoxwechatbusinessModel::set_user:END
[2019-06-21 22:51:01] trace  /app/ewei_shopv2_api.php?i=2&r=shop.get_shopindex&comefrom=wxapp&openid=sns_wa_oWJzS5MLaxm35z0bkAv3si57MUh0&mid=&merchid=&authkey=&timestamp=1561128656683 yoxwechatbusinessModel::set_user:BEGIN
[2019-06-21 22:51:01] trace  /app/ewei_shopv2_api.php?i=2&r=shop.get_shopindex&comefrom=wxapp&openid=sns_wa_oWJzS5MLaxm35z0bkAv3si57MUh0&mid=&merchid=&authkey=&timestamp=1561128656683 yoxwechatbusinessModel::set_user:END
[2019-06-21 22:51:01] trace  /app/ewei_shopv2_api.php?i=2&r=shop.get_cpinfos&comefrom=wxapp&openid=sns_wa_oWJzS5MLaxm35z0bkAv3si57MUh0&mid=&merchid=&authkey=&timestamp=1561128656819 yoxwechatbusinessModel::set_user:BEGIN
[2019-06-21 22:51:01] trace  /app/ewei_shopv2_api.php?i=2&r=shop.get_cpinfos&comefrom=wxapp&openid=sns_wa_oWJzS5MLaxm35z0bkAv3si57MUh0&mid=&merchid=&authkey=&timestamp=1561128656819 yoxwechatbusinessModel::set_user:END
[2019-06-21 22:51:17] trace  /app/ewei_shopv2_api.php?i=2&r=seckill.get_list&comefrom=wxapp&openid=sns_wa_oWJzS5MLaxm35z0bkAv3si57MUh0&mid=&merchid=&authkey=YmIxMWNhQ2pQUVpsYStLaC9PL21EdlUyUS9ZYUFVSEdoNFNvbHZmZHFndmFIeDVUeTNnU3l3MSt4UEFJZjJOMC9IZk9LL0xJelNFZXNIVEpKcmRnOERpMVN4MA%3D%3D&timestamp=1561128667984 yoxwechatbusinessModel::set_user:BEGIN
[2019-06-21 22:51:17] trace  /app/ewei_shopv2_api.php?i=2&r=seckill.get_list&comefrom=wxapp&openid=sns_wa_oWJzS5MLaxm35z0bkAv3si57MUh0&mid=&merchid=&authkey=YmIxMWNhQ2pQUVpsYStLaC9PL21EdlUyUS9ZYUFVSEdoNFNvbHZmZHFndmFIeDVUeTNnU3l3MSt4UEFJZjJOMC9IZk9LL0xJelNFZXNIVEpKcmRnOERpMVN4MA%3D%3D&timestamp=1561128667984 yoxwechatbusinessModel::set_user:END
[2019-06-21 22:51:28] trace  /app/ewei_shopv2_api.php?i=2&r=diypage&type=home&comefrom=wxapp&openid=sns_wa_oWJzS5MLaxm35z0bkAv3si57MUh0&mid=&merchid=&authkey=&timestamp=1561128683607 yoxwechatbusinessModel::set_user:BEGIN
[2019-06-21 22:51:28] trace  /app/ewei_shopv2_api.php?i=2&r=black&comefrom=wxapp&openid=sns_wa_oWJzS5MLaxm35z0bkAv3si57MUh0&mid=&merchid=&authkey=&timestamp=1561128683467 yoxwechatbusinessModel::set_user:BEGIN
[2019-06-21 22:51:28] trace  /app/ewei_shopv2_api.php?i=2&r=black&comefrom=wxapp&openid=sns_wa_oWJzS5MLaxm35z0bkAv3si57MUh0&mid=&merchid=&authkey=&timestamp=1561128683467 yoxwechatbusinessModel::set_user:END
[2019-06-21 22:51:28] trace  /app/ewei_shopv2_api.php?i=2&r=diypage&type=home&comefrom=wxapp&openid=sns_wa_oWJzS5MLaxm35z0bkAv3si57MUh0&mid=&merchid=&authkey=&timestamp=1561128683607 yoxwechatbusinessModel::set_user:END
[2019-06-21 22:51:28] trace  /app/ewei_shopv2_api.php?i=2&r=shop.get_cpinfos&comefrom=wxapp&openid=sns_wa_oWJzS5MLaxm35z0bkAv3si57MUh0&mid=&merchid=&authkey=&timestamp=1561128684027 yoxwechatbusinessModel::set_user:BEGIN
[2019-06-21 22:51:28] trace  /app/ewei_shopv2_api.php?i=2&r=shop.get_cpinfos&comefrom=wxapp&openid=sns_wa_oWJzS5MLaxm35z0bkAv3si57MUh0&mid=&merchid=&authkey=&timestamp=1561128684027 yoxwechatbusinessModel::set_user:END
[2019-06-21 22:51:28] trace  /app/ewei_shopv2_api.php?i=2&r=shop.get_hasnewcoupon&comefrom=wxapp&openid=sns_wa_oWJzS5MLaxm35z0bkAv3si57MUh0&mid=&merchid=&authkey=&timestamp=1561128683926 yoxwechatbusinessModel::set_user:BEGIN
[2019-06-21 22:51:28] trace  /app/ewei_shopv2_api.php?i=2&r=shop.get_shopindex&comefrom=wxapp&openid=sns_wa_oWJzS5MLaxm35z0bkAv3si57MUh0&mid=&merchid=&authkey=&timestamp=1561128683805 yoxwechatbusinessModel::set_user:BEGIN
[2019-06-21 22:51:28] trace  /app/ewei_shopv2_api.php?i=2&r=shop.get_shopindex&comefrom=wxapp&openid=sns_wa_oWJzS5MLaxm35z0bkAv3si57MUh0&mid=&merchid=&authkey=&timestamp=1561128683805 yoxwechatbusinessModel::set_user:END
[2019-06-21 22:51:28] trace  /app/ewei_shopv2_api.php?i=2&r=shop.get_hasnewcoupon&comefrom=wxapp&openid=sns_wa_oWJzS5MLaxm35z0bkAv3si57MUh0&mid=&merchid=&authkey=&timestamp=1561128683926 yoxwechatbusinessModel::set_user:END
[2019-06-21 22:51:39] trace  /app/ewei_shopv2_api.php?i=2&r=diypage&id=7&comefrom=wxapp&openid=sns_wa_oWJzS5MLaxm35z0bkAv3si57MUh0&mid=&merchid=&authkey=&timestamp=1561128695375 yoxwechatbusinessModel::set_user:BEGIN
[2019-06-21 22:51:39] trace  /app/ewei_shopv2_api.php?i=2&r=diypage&id=7&comefrom=wxapp&openid=sns_wa_oWJzS5MLaxm35z0bkAv3si57MUh0&mid=&merchid=&authkey=&timestamp=1561128695375 yoxwechatbusinessModel::set_user:END
[2019-06-21 22:51:39] trace  /app/ewei_shopv2_api.php?i=2&r=diypage&type=7&comefrom=wxapp&openid=sns_wa_oWJzS5MLaxm35z0bkAv3si57MUh0&mid=&merchid=&authkey=&timestamp=1561128695229 yoxwechatbusinessModel::set_user:BEGIN
[2019-06-21 22:51:39] trace  /app/ewei_shopv2_api.php?i=2&r=diypage&type=7&comefrom=wxapp&openid=sns_wa_oWJzS5MLaxm35z0bkAv3si57MUh0&mid=&merchid=&authkey=&timestamp=1561128695229 yoxwechatbusinessModel::set_user:END
[2019-06-21 22:51:53] trace  /app/ewei_shopv2_api.php?i=2&r=yoxarticlevideo.article&isajax=1&comefrom=wxapp&openid=sns_wa_oWJzS5MLaxm35z0bkAv3si57MUh0&mid=&merchid=&authkey=&timestamp=1561128708100 yoxwechatbusinessModel::set_user:BEGIN
[2019-06-21 22:51:53] trace  /app/ewei_shopv2_api.php?i=2&r=yoxarticlevideo.article&isajax=1&comefrom=wxapp&openid=sns_wa_oWJzS5MLaxm35z0bkAv3si57MUh0&mid=&merchid=&authkey=&timestamp=1561128708100 yoxwechatbusinessModel::set_user:END
[2019-06-21 22:51:53] trace  /app/ewei_shopv2_api.php?i=2&r=yoxarticlevideo.video&isajax=1&comefrom=wxapp&openid=sns_wa_oWJzS5MLaxm35z0bkAv3si57MUh0&mid=&merchid=&authkey=&timestamp=1561128708294 yoxwechatbusinessModel::set_user:BEGIN
[2019-06-21 22:51:53] trace  /app/ewei_shopv2_api.php?i=2&r=yoxarticlevideo.video&isajax=1&comefrom=wxapp&openid=sns_wa_oWJzS5MLaxm35z0bkAv3si57MUh0&mid=&merchid=&authkey=&timestamp=1561128708294 yoxwechatbusinessModel::set_user:END
[2019-06-21 22:52:50] trace  /app/ewei_shopv2_api.php?i=2&r=yoxarticlevideo.edit&isajax=1&id=70&comefrom=wxapp&openid=sns_wa_oWJzS5MLaxm35z0bkAv3si57MUh0&mid=&merchid=&authkey=&timestamp=1561128766252 yoxwechatbusinessModel::set_user:BEGIN
[2019-06-21 22:52:50] trace  /app/ewei_shopv2_api.php?i=2&r=yoxarticlevideo.edit&isajax=1&id=70&comefrom=wxapp&openid=sns_wa_oWJzS5MLaxm35z0bkAv3si57MUh0&mid=&merchid=&authkey=&timestamp=1561128766252 yoxwechatbusinessModel::set_user:END
[2019-06-21 23:08:50] trace  /app/ewei_shopv2_api.php?i=2&r=black&comefrom=wxapp&openid=sns_wa_oWJzS5Goe4wGR6zsOpbm48K9_1JA&authkey=&timestamp=1561129724152 yoxwechatbusinessModel::set_user:BEGIN
[2019-06-21 23:08:51] trace  /app/ewei_shopv2_api.php?i=2&r=shop.get_shopindex&comefrom=wxapp&openid=sns_wa_oWJzS5Goe4wGR6zsOpbm48K9_1JA&mid=&merchid=&authkey=&timestamp=1561129724174 yoxwechatbusinessModel::set_user:BEGIN
[2019-06-21 23:08:51] trace  /app/ewei_shopv2_api.php?i=2&r=shop.get_cpinfos&comefrom=wxapp&openid=sns_wa_oWJzS5Goe4wGR6zsOpbm48K9_1JA&mid=&merchid=&authkey=&timestamp=1561129724180 yoxwechatbusinessModel::set_user:BEGIN
[2019-06-21 23:08:51] trace  /app/ewei_shopv2_api.php?i=2&r=shop.get_hasnewcoupon&comefrom=wxapp&openid=sns_wa_oWJzS5Goe4wGR6zsOpbm48K9_1JA&mid=&merchid=&authkey=&timestamp=1561129724178 yoxwechatbusinessModel::set_user:BEGIN
[2019-06-21 23:08:51] trace  /app/ewei_shopv2_api.php?i=2&r=diypage&type=home&comefrom=wxapp&openid=sns_wa_oWJzS5Goe4wGR6zsOpbm48K9_1JA&mid=&merchid=&authkey=&timestamp=1561129724158 yoxwechatbusinessModel::set_user:BEGIN
[2019-06-21 23:08:52] trace  /app/ewei_shopv2_api.php?i=2&r=black&comefrom=wxapp&openid=sns_wa_oWJzS5Goe4wGR6zsOpbm48K9_1JA&mid=&merchid=&authkey=&timestamp=1561129729893 yoxwechatbusinessModel::set_user:BEGIN
[2019-06-21 23:08:52] trace  /app/ewei_shopv2_api.php?i=2&r=diypage&type=home&comefrom=wxapp&openid=sns_wa_oWJzS5Goe4wGR6zsOpbm48K9_1JA&mid=&merchid=&authkey=&timestamp=1561129729898 yoxwechatbusinessModel::set_user:BEGIN
[2019-06-21 23:08:52] trace  /app/ewei_shopv2_api.php?i=2&r=shop.get_cpinfos&comefrom=wxapp&openid=sns_wa_oWJzS5Goe4wGR6zsOpbm48K9_1JA&mid=&merchid=&authkey=&timestamp=1561129729921 yoxwechatbusinessModel::set_user:BEGIN
[2019-06-21 23:08:52] trace  /app/ewei_shopv2_api.php?i=2&r=shop.get_shopindex&comefrom=wxapp&openid=sns_wa_oWJzS5Goe4wGR6zsOpbm48K9_1JA&mid=&merchid=&authkey=&timestamp=1561129729912 yoxwechatbusinessModel::set_user:BEGIN
[2019-06-21 23:08:52] trace  /app/ewei_shopv2_api.php?i=2&r=shop.get_hasnewcoupon&comefrom=wxapp&openid=sns_wa_oWJzS5Goe4wGR6zsOpbm48K9_1JA&mid=&merchid=&authkey=&timestamp=1561129729917 yoxwechatbusinessModel::set_user:BEGIN
[2019-06-21 23:08:53] trace  /app/ewei_shopv2_api.php?i=2&r=shop.get_shopindex&comefrom=wxapp&openid=sns_wa_oWJzS5Goe4wGR6zsOpbm48K9_1JA&mid=&merchid=&authkey=&timestamp=1561129730689 yoxwechatbusinessModel::set_user:BEGIN
[2019-06-21 23:08:53] trace  /app/ewei_shopv2_api.php?i=2&r=shop.get_shopindex&comefrom=wxapp&openid=sns_wa_oWJzS5Goe4wGR6zsOpbm48K9_1JA&mid=&merchid=&authkey=&timestamp=1561129730689 yoxwechatbusinessModel::set_user:END
[2019-06-21 23:08:53] trace  /app/ewei_shopv2_api.php?i=2&r=shop.get_hasnewcoupon&comefrom=wxapp&openid=sns_wa_oWJzS5Goe4wGR6zsOpbm48K9_1JA&mid=&merchid=&authkey=&timestamp=1561129730691 yoxwechatbusinessModel::set_user:BEGIN
[2019-06-21 23:08:53] trace  /app/ewei_shopv2_api.php?i=2&r=shop.get_hasnewcoupon&comefrom=wxapp&openid=sns_wa_oWJzS5Goe4wGR6zsOpbm48K9_1JA&mid=&merchid=&authkey=&timestamp=1561129730691 yoxwechatbusinessModel::set_user:END
[2019-06-21 23:08:53] trace  /app/ewei_shopv2_api.php?i=2&r=black&comefrom=wxapp&openid=sns_wa_oWJzS5Goe4wGR6zsOpbm48K9_1JA&mid=&merchid=&authkey=&timestamp=1561129730669 yoxwechatbusinessModel::set_user:BEGIN
[2019-06-21 23:08:53] trace  /app/ewei_shopv2_api.php?i=2&r=black&comefrom=wxapp&openid=sns_wa_oWJzS5Goe4wGR6zsOpbm48K9_1JA&mid=&merchid=&authkey=&timestamp=1561129730669 yoxwechatbusinessModel::set_user:END
[2019-06-21 23:08:53] trace  /app/ewei_shopv2_api.php?i=2&r=shop.get_cpinfos&comefrom=wxapp&openid=sns_wa_oWJzS5Goe4wGR6zsOpbm48K9_1JA&mid=&merchid=&authkey=&timestamp=1561129730692 yoxwechatbusinessModel::set_user:BEGIN
[2019-06-21 23:08:53] trace  /app/ewei_shopv2_api.php?i=2&r=shop.get_cpinfos&comefrom=wxapp&openid=sns_wa_oWJzS5Goe4wGR6zsOpbm48K9_1JA&mid=&merchid=&authkey=&timestamp=1561129730692 yoxwechatbusinessModel::set_user:END
[2019-06-21 23:08:53] trace  /app/ewei_shopv2_api.php?i=2&r=diypage&type=home&comefrom=wxapp&openid=sns_wa_oWJzS5Goe4wGR6zsOpbm48K9_1JA&mid=&merchid=&authkey=&timestamp=1561129730674 yoxwechatbusinessModel::set_user:BEGIN
[2019-06-21 23:08:53] trace  /app/ewei_shopv2_api.php?i=2&r=diypage&type=home&comefrom=wxapp&openid=sns_wa_oWJzS5Goe4wGR6zsOpbm48K9_1JA&mid=&merchid=&authkey=&timestamp=1561129730674 yoxwechatbusinessModel::set_user:END
[2019-06-21 23:09:01] trace  /app/ewei_shopv2_api.php?i=2&r=diypage&type=home&comefrom=wxapp&openid=sns_wa_oWJzS5Goe4wGR6zsOpbm48K9_1JA&mid=&merchid=&authkey=&timestamp=1561129738414 yoxwechatbusinessModel::set_user:BEGIN
[2019-06-21 23:09:01] trace  /app/ewei_shopv2_api.php?i=2&r=diypage&type=home&comefrom=wxapp&openid=sns_wa_oWJzS5Goe4wGR6zsOpbm48K9_1JA&mid=&merchid=&authkey=&timestamp=1561129738414 yoxwechatbusinessModel::set_user:END
[2019-06-21 23:09:05] trace  /app/ewei_shopv2_api.php?i=2&r=groups&comefrom=wxapp&openid=sns_wa_oWJzS5Goe4wGR6zsOpbm48K9_1JA&mid=&merchid=&authkey=&timestamp=1561129742206 yoxwechatbusinessModel::set_user:BEGIN
[2019-06-21 23:09:05] trace  /app/ewei_shopv2_api.php?i=2&r=groups&comefrom=wxapp&openid=sns_wa_oWJzS5Goe4wGR6zsOpbm48K9_1JA&mid=&merchid=&authkey=&timestamp=1561129742206 yoxwechatbusinessModel::set_user:END
[2019-06-21 23:09:11] trace  /app/ewei_shopv2_api.php?i=2&r=groups.list&timestamp=1561129748146 category=; page=1; comefrom=wxapp; openid=sns_wa_oWJzS5Goe4wGR6zsOpbm48K9_1JA; mid=; merchid=; authkey=; 
yoxwechatbusinessModel::set_user:BEGIN
[2019-06-21 23:09:11] trace  /app/ewei_shopv2_api.php?i=2&r=groups.list&timestamp=1561129748146 category=; page=1; comefrom=wxapp; openid=sns_wa_oWJzS5Goe4wGR6zsOpbm48K9_1JA; mid=; merchid=; authkey=; 
yoxwechatbusinessModel::set_user:END
[2019-06-21 23:09:13] trace  /app/ewei_shopv2_api.php?i=2&r=groups&comefrom=wxapp&openid=sns_wa_oWJzS5Goe4wGR6zsOpbm48K9_1JA&mid=&merchid=&authkey=&timestamp=1561129750781 yoxwechatbusinessModel::set_user:BEGIN
[2019-06-21 23:09:13] trace  /app/ewei_shopv2_api.php?i=2&r=groups&comefrom=wxapp&openid=sns_wa_oWJzS5Goe4wGR6zsOpbm48K9_1JA&mid=&merchid=&authkey=&timestamp=1561129750781 yoxwechatbusinessModel::set_user:END
[2019-06-21 23:09:17] trace  /app/ewei_shopv2_api.php?i=2&r=groups.order&status=&page=1&comefrom=wxapp&openid=sns_wa_oWJzS5Goe4wGR6zsOpbm48K9_1JA&mid=&merchid=&authkey=&timestamp=1561129754368 yoxwechatbusinessModel::set_user:BEGIN
[2019-06-21 23:09:17] trace  /app/ewei_shopv2_api.php?i=2&r=groups.order&status=&page=1&comefrom=wxapp&openid=sns_wa_oWJzS5Goe4wGR6zsOpbm48K9_1JA&mid=&merchid=&authkey=&timestamp=1561129754368 yoxwechatbusinessModel::set_user:END
[2019-06-21 23:09:18] trace  /app/ewei_shopv2_api.php?i=2&r=groups.team&success=&page=1&comefrom=wxapp&openid=sns_wa_oWJzS5Goe4wGR6zsOpbm48K9_1JA&mid=&merchid=&authkey=&timestamp=1561129755724 yoxwechatbusinessModel::set_user:BEGIN
[2019-06-21 23:09:18] trace  /app/ewei_shopv2_api.php?i=2&r=groups.team&success=&page=1&comefrom=wxapp&openid=sns_wa_oWJzS5Goe4wGR6zsOpbm48K9_1JA&mid=&merchid=&authkey=&timestamp=1561129755724 yoxwechatbusinessModel::set_user:END
[2019-06-21 23:09:21] trace  /app/ewei_shopv2_api.php?i=2&r=seckill.get_list&comefrom=wxapp&openid=sns_wa_oWJzS5Goe4wGR6zsOpbm48K9_1JA&mid=&merchid=&authkey=&timestamp=1561129758080 yoxwechatbusinessModel::set_user:BEGIN
[2019-06-21 23:09:21] trace  /app/ewei_shopv2_api.php?i=2&r=seckill.get_list&comefrom=wxapp&openid=sns_wa_oWJzS5Goe4wGR6zsOpbm48K9_1JA&mid=&merchid=&authkey=&timestamp=1561129758080 yoxwechatbusinessModel::set_user:END
