[2019-07-14 13:50:46] trace  /app/ewei_shopv2_api.php?i=2&r=black&comefrom=wxapp&openid=sns_wa_oWJzS5CZ8l90WzXAmFK9JrMgo-XY&authkey=&timestamp=1563083445565 yoxwechatbusinessModel::set_user:BEGIN
[2019-07-14 13:50:46] trace  /app/ewei_shopv2_api.php?i=2&r=shop.get_shopindex&comefrom=wxapp&openid=sns_wa_oWJzS5CZ8l90WzXAmFK9JrMgo-XY&mid=&merchid=&authkey=&timestamp=1563083445671 yoxwechatbusinessModel::set_user:BEGIN
[2019-07-14 13:50:46] trace  /app/ewei_shopv2_api.php?i=2&r=shop.get_cpinfos&comefrom=wxapp&openid=sns_wa_oWJzS5CZ8l90WzXAmFK9JrMgo-XY&mid=&merchid=&authkey=&timestamp=1563083445716 yoxwechatbusinessModel::set_user:BEGIN
[2019-07-14 13:50:47] trace  /app/ewei_shopv2_api.php?i=2&r=diypage&type=home&comefrom=wxapp&openid=sns_wa_oWJzS5CZ8l90WzXAmFK9JrMgo-XY&mid=&merchid=&authkey=&timestamp=1563083445609 yoxwechatbusinessModel::set_user:BEGIN
[2019-07-14 13:50:47] trace  /app/ewei_shopv2_api.php?i=2&r=shop.get_hasnewcoupon&comefrom=wxapp&openid=sns_wa_oWJzS5CZ8l90WzXAmFK9JrMgo-XY&mid=&merchid=&authkey=&timestamp=1563083445696 yoxwechatbusinessModel::set_user:BEGIN
[2019-07-14 13:50:51] trace  /app/ewei_shopv2_api.php?i=2&r=shop.get_hasnewcoupon&comefrom=wxapp&openid=sns_wa_oWJzS5CZ8l90WzXAmFK9JrMgo-XY&mid=&merchid=&authkey=Y2I2OTFXYmo0OTFRd0kyaEpmVTY4eDFPRG8vSzlheitzNWZnQ0IvWjFoU2M3ZFRJQ0IrR3JKRENtcGdadFdpMEdNL3B5bFRBdjFaR2Y2YXhCQWFGK01VYnVEQm1zZnEwVmIrTmxhcWZaQWlSQ3c%3D&timestamp=1563083452444 yoxwechatbusinessModel::set_user:BEGIN
[2019-07-14 13:50:52] trace  /app/ewei_shopv2_api.php?i=2&r=shop.get_shopindex&comefrom=wxapp&openid=sns_wa_oWJzS5CZ8l90WzXAmFK9JrMgo-XY&mid=&merchid=&authkey=Y2I2OTFXYmo0OTFRd0kyaEpmVTY4eDFPRG8vSzlheitzNWZnQ0IvWjFoU2M3ZFRJQ0IrR3JKRENtcGdadFdpMEdNL3B5bFRBdjFaR2Y2YXhCQWFGK01VYnVEQm1zZnEwVmIrTmxhcWZaQWlSQ3c%3D&timestamp=1563083452428 yoxwechatbusinessModel::set_user:BEGIN
[2019-07-14 13:50:52] trace  /app/ewei_shopv2_api.php?i=2&r=shop.get_cpinfos&comefrom=wxapp&openid=sns_wa_oWJzS5CZ8l90WzXAmFK9JrMgo-XY&mid=&merchid=&authkey=Y2I2OTFXYmo0OTFRd0kyaEpmVTY4eDFPRG8vSzlheitzNWZnQ0IvWjFoU2M3ZFRJQ0IrR3JKRENtcGdadFdpMEdNL3B5bFRBdjFaR2Y2YXhCQWFGK01VYnVEQm1zZnEwVmIrTmxhcWZaQWlSQ3c%3D&timestamp=1563083452458 yoxwechatbusinessModel::set_user:BEGIN
[2019-07-14 13:51:19] trace  /app/ewei_shopv2_api.php?i=2&r=black&comefrom=wxapp&openid=sns_wa_oWJzS5CZ8l90WzXAmFK9JrMgo-XY&mid=&merchid=&authkey=YzA0NTluMlhaS0F0M1pZRFdpVTBkTFc2Q0pmWFFianJzMFlGdnlybXlmNnNpaHJJVjJoU1ZvN2Y5NUdGemlFY2JkTEdhcnhEbnBnWWhmZUZJdG0vTFZHRXBCSQ%3D%3D&timestamp=1563083479605 yoxwechatbusinessModel::set_user:BEGIN
[2019-07-14 13:51:19] trace  /app/ewei_shopv2_api.php?i=2&r=black&comefrom=wxapp&openid=sns_wa_oWJzS5CZ8l90WzXAmFK9JrMgo-XY&mid=&merchid=&authkey=YzA0NTluMlhaS0F0M1pZRFdpVTBkTFc2Q0pmWFFianJzMFlGdnlybXlmNnNpaHJJVjJoU1ZvN2Y5NUdGemlFY2JkTEdhcnhEbnBnWWhmZUZJdG0vTFZHRXBCSQ%3D%3D&timestamp=1563083479605 yoxwechatbusinessModel::set_user:END
[2019-07-14 13:51:19] trace  /app/ewei_shopv2_api.php?i=2&r=diypage&type=goodsdetail&comefrom=wxapp&openid=sns_wa_oWJzS5CZ8l90WzXAmFK9JrMgo-XY&mid=&merchid=&authkey=YzA0NTluMlhaS0F0M1pZRFdpVTBkTFc2Q0pmWFFianJzMFlGdnlybXlmNnNpaHJJVjJoU1ZvN2Y5NUdGemlFY2JkTEdhcnhEbnBnWWhmZUZJdG0vTFZHRXBCSQ%3D%3D&timestamp=1563083479619 yoxwechatbusinessModel::set_user:BEGIN
[2019-07-14 13:51:19] trace  /app/ewei_shopv2_api.php?i=2&r=diypage&type=goodsdetail&comefrom=wxapp&openid=sns_wa_oWJzS5CZ8l90WzXAmFK9JrMgo-XY&mid=&merchid=&authkey=YzA0NTluMlhaS0F0M1pZRFdpVTBkTFc2Q0pmWFFianJzMFlGdnlybXlmNnNpaHJJVjJoU1ZvN2Y5NUdGemlFY2JkTEdhcnhEbnBnWWhmZUZJdG0vTFZHRXBCSQ%3D%3D&timestamp=1563083479619 yoxwechatbusinessModel::set_user:END
[2019-07-14 13:51:19] trace  /app/ewei_shopv2_api.php?i=2&r=goods.get_detail&id=29&comefrom=wxapp&openid=sns_wa_oWJzS5CZ8l90WzXAmFK9JrMgo-XY&mid=&merchid=&authkey=YzA0NTluMlhaS0F0M1pZRFdpVTBkTFc2Q0pmWFFianJzMFlGdnlybXlmNnNpaHJJVjJoU1ZvN2Y5NUdGemlFY2JkTEdhcnhEbnBnWWhmZUZJdG0vTFZHRXBCSQ%3D%3D&timestamp=1563083479690 yoxwechatbusinessModel::set_user:BEGIN
[2019-07-14 13:51:19] trace  /app/ewei_shopv2_api.php?i=2&r=goods.get_detail&id=29&comefrom=wxapp&openid=sns_wa_oWJzS5CZ8l90WzXAmFK9JrMgo-XY&mid=&merchid=&authkey=YzA0NTluMlhaS0F0M1pZRFdpVTBkTFc2Q0pmWFFianJzMFlGdnlybXlmNnNpaHJJVjJoU1ZvN2Y5NUdGemlFY2JkTEdhcnhEbnBnWWhmZUZJdG0vTFZHRXBCSQ%3D%3D&timestamp=1563083479690 yoxwechatbusinessModel::set_user:END
[2019-07-14 13:51:20] trace  /app/ewei_shopv2_api.php?i=2&r=goods.get_comments&id=29&comefrom=wxapp&openid=sns_wa_oWJzS5CZ8l90WzXAmFK9JrMgo-XY&mid=&merchid=&authkey=&timestamp=1563083480703 yoxwechatbusinessModel::set_user:BEGIN
[2019-07-14 13:51:20] trace  /app/ewei_shopv2_api.php?i=2&r=goods.get_comments&id=29&comefrom=wxapp&openid=sns_wa_oWJzS5CZ8l90WzXAmFK9JrMgo-XY&mid=&merchid=&authkey=&timestamp=1563083480703 yoxwechatbusinessModel::set_user:END
[2019-07-14 13:51:24] trace  /app/ewei_shopv2_api.php?i=2&r=goods.get_picker&id=29&comefrom=wxapp&openid=sns_wa_oWJzS5CZ8l90WzXAmFK9JrMgo-XY&mid=&merchid=&authkey=&timestamp=1563083484773 yoxwechatbusinessModel::set_user:BEGIN
[2019-07-14 13:51:24] trace  /app/ewei_shopv2_api.php?i=2&r=goods.get_picker&id=29&comefrom=wxapp&openid=sns_wa_oWJzS5CZ8l90WzXAmFK9JrMgo-XY&mid=&merchid=&authkey=&timestamp=1563083484773 yoxwechatbusinessModel::set_user:END
[2019-07-14 13:51:30] trace  /app/ewei_shopv2_api.php?i=2&r=yoxwechatbusiness.user.my_info&isajax=1&comefrom=wxapp&openid=sns_wa_oWJzS5CZ8l90WzXAmFK9JrMgo-XY&mid=&merchid=&authkey=&timestamp=1563083491204 yoxwechatbusinessModel::set_user:BEGIN
[2019-07-14 13:51:30] trace  /app/ewei_shopv2_api.php?i=2&r=yoxwechatbusiness.user.my_info&isajax=1&comefrom=wxapp&openid=sns_wa_oWJzS5CZ8l90WzXAmFK9JrMgo-XY&mid=&merchid=&authkey=&timestamp=1563083491204 yoxwechatbusinessModel::set_user:END
[2019-07-14 13:51:38] trace  /app/ewei_shopv2_api.php?i=2&r=shop.get_shopindex&comefrom=wxapp&openid=sns_wa_oWJzS5CZ8l90WzXAmFK9JrMgo-XY&mid=&merchid=&authkey=&timestamp=1563083499127 yoxwechatbusinessModel::set_user:BEGIN
[2019-07-14 13:51:38] trace  /app/ewei_shopv2_api.php?i=2&r=shop.get_shopindex&comefrom=wxapp&openid=sns_wa_oWJzS5CZ8l90WzXAmFK9JrMgo-XY&mid=&merchid=&authkey=&timestamp=1563083499127 yoxwechatbusinessModel::set_user:END
[2019-07-14 13:51:38] trace  /app/ewei_shopv2_api.php?i=2&r=shop.get_hasnewcoupon&comefrom=wxapp&openid=sns_wa_oWJzS5CZ8l90WzXAmFK9JrMgo-XY&mid=&merchid=&authkey=&timestamp=1563083499142 yoxwechatbusinessModel::set_user:BEGIN
[2019-07-14 13:51:38] trace  /app/ewei_shopv2_api.php?i=2&r=shop.get_hasnewcoupon&comefrom=wxapp&openid=sns_wa_oWJzS5CZ8l90WzXAmFK9JrMgo-XY&mid=&merchid=&authkey=&timestamp=1563083499142 yoxwechatbusinessModel::set_user:END
[2019-07-14 13:51:38] trace  /app/ewei_shopv2_api.php?i=2&r=shop.get_cpinfos&comefrom=wxapp&openid=sns_wa_oWJzS5CZ8l90WzXAmFK9JrMgo-XY&mid=&merchid=&authkey=&timestamp=1563083499155 yoxwechatbusinessModel::set_user:BEGIN
[2019-07-14 13:51:38] trace  /app/ewei_shopv2_api.php?i=2&r=shop.get_cpinfos&comefrom=wxapp&openid=sns_wa_oWJzS5CZ8l90WzXAmFK9JrMgo-XY&mid=&merchid=&authkey=&timestamp=1563083499155 yoxwechatbusinessModel::set_user:END
[2019-07-14 13:51:43] trace  /app/ewei_shopv2_api.php?i=2&r=shop.get_shopindex&comefrom=wxapp&openid=sns_wa_oWJzS5CZ8l90WzXAmFK9JrMgo-XY&mid=&merchid=&authkey=&timestamp=1563083504302 yoxwechatbusinessModel::set_user:BEGIN
[2019-07-14 13:51:43] trace  /app/ewei_shopv2_api.php?i=2&r=shop.get_shopindex&comefrom=wxapp&openid=sns_wa_oWJzS5CZ8l90WzXAmFK9JrMgo-XY&mid=&merchid=&authkey=&timestamp=1563083504302 yoxwechatbusinessModel::set_user:END
[2019-07-14 13:51:43] trace  /app/ewei_shopv2_api.php?i=2&r=shop.get_hasnewcoupon&comefrom=wxapp&openid=sns_wa_oWJzS5CZ8l90WzXAmFK9JrMgo-XY&mid=&merchid=&authkey=&timestamp=1563083504325 yoxwechatbusinessModel::set_user:BEGIN
[2019-07-14 13:51:43] trace  /app/ewei_shopv2_api.php?i=2&r=shop.get_hasnewcoupon&comefrom=wxapp&openid=sns_wa_oWJzS5CZ8l90WzXAmFK9JrMgo-XY&mid=&merchid=&authkey=&timestamp=1563083504325 yoxwechatbusinessModel::set_user:END
[2019-07-14 13:51:44] trace  /app/ewei_shopv2_api.php?i=2&r=shop.get_cpinfos&comefrom=wxapp&openid=sns_wa_oWJzS5CZ8l90WzXAmFK9JrMgo-XY&mid=&merchid=&authkey=&timestamp=1563083504339 yoxwechatbusinessModel::set_user:BEGIN
[2019-07-14 13:51:44] trace  /app/ewei_shopv2_api.php?i=2&r=shop.get_cpinfos&comefrom=wxapp&openid=sns_wa_oWJzS5CZ8l90WzXAmFK9JrMgo-XY&mid=&merchid=&authkey=&timestamp=1563083504339 yoxwechatbusinessModel::set_user:END
[2019-07-14 13:52:06] trace  /app/ewei_shopv2_api.php?i=2&r=shop.get_shopindex&comefrom=wxapp&openid=sns_wa_oWJzS5CZ8l90WzXAmFK9JrMgo-XY&mid=&merchid=&authkey=&timestamp=1563083526617 yoxwechatbusinessModel::set_user:BEGIN
[2019-07-14 13:52:06] trace  /app/ewei_shopv2_api.php?i=2&r=shop.get_shopindex&comefrom=wxapp&openid=sns_wa_oWJzS5CZ8l90WzXAmFK9JrMgo-XY&mid=&merchid=&authkey=&timestamp=1563083526617 yoxwechatbusinessModel::set_user:END
[2019-07-14 13:52:06] trace  /app/ewei_shopv2_api.php?i=2&r=shop.get_hasnewcoupon&comefrom=wxapp&openid=sns_wa_oWJzS5CZ8l90WzXAmFK9JrMgo-XY&mid=&merchid=&authkey=&timestamp=1563083526635 yoxwechatbusinessModel::set_user:BEGIN
[2019-07-14 13:52:06] trace  /app/ewei_shopv2_api.php?i=2&r=shop.get_hasnewcoupon&comefrom=wxapp&openid=sns_wa_oWJzS5CZ8l90WzXAmFK9JrMgo-XY&mid=&merchid=&authkey=&timestamp=1563083526635 yoxwechatbusinessModel::set_user:END
[2019-07-14 13:52:07] trace  /app/ewei_shopv2_api.php?i=2&r=shop.get_cpinfos&comefrom=wxapp&openid=sns_wa_oWJzS5CZ8l90WzXAmFK9JrMgo-XY&mid=&merchid=&authkey=&timestamp=1563083526653 yoxwechatbusinessModel::set_user:BEGIN
[2019-07-14 13:52:07] trace  /app/ewei_shopv2_api.php?i=2&r=shop.get_cpinfos&comefrom=wxapp&openid=sns_wa_oWJzS5CZ8l90WzXAmFK9JrMgo-XY&mid=&merchid=&authkey=&timestamp=1563083526653 yoxwechatbusinessModel::set_user:END
[2019-07-14 18:42:54] trace  /app/ewei_shopv2_api.php?i=2&r=cacheset&version=&comefrom=wxapp&openid=sns_wa_oWJzS5BQQYh8Ax9Yeo-f93GrwJwQ&mid=&merchid=&authkey=ZmU5YlMrbG5BeUVJT1BMeWJQUURIRW1taDAvMXVwdU5RYkhCdTFQc2xhWTRCbThubHJZQUlqVDlFeEVOb3E2dTJQaUMrSHp1cjhtMVBYUHpTSHJwcW1LVlNEcw%3D%3D&timestamp=1563100951373 yoxwechatbusinessModel::set_user:BEGIN
[2019-07-14 18:42:54] trace  /app/ewei_shopv2_api.php?i=2&r=cacheset&version=&comefrom=wxapp&openid=sns_wa_oWJzS5BQQYh8Ax9Yeo-f93GrwJwQ&mid=&merchid=&authkey=ZmU5YlMrbG5BeUVJT1BMeWJQUURIRW1taDAvMXVwdU5RYkhCdTFQc2xhWTRCbThubHJZQUlqVDlFeEVOb3E2dTJQaUMrSHp1cjhtMVBYUHpTSHJwcW1LVlNEcw%3D%3D&timestamp=1563100951373 yoxwechatbusinessModel::set_user:END
[2019-07-14 18:43:00] trace  /app/ewei_shopv2_api.php?i=2&r=goods.get_list&page=1&comefrom=wxapp&openid=sns_wa_oWJzS5BQQYh8Ax9Yeo-f93GrwJwQ&mid=&merchid=&authkey=&timestamp=1563100956586 yoxwechatbusinessModel::set_user:BEGIN
[2019-07-14 18:43:00] trace  /app/ewei_shopv2_api.php?i=2&r=goods.get_list&page=1&comefrom=wxapp&openid=sns_wa_oWJzS5BQQYh8Ax9Yeo-f93GrwJwQ&mid=&merchid=&authkey=&timestamp=1563100956586 yoxwechatbusinessModel::set_user:END
[2019-07-14 18:43:00] trace  /app/ewei_shopv2_api.php?i=2&r=goods.get_category&comefrom=wxapp&openid=sns_wa_oWJzS5BQQYh8Ax9Yeo-f93GrwJwQ&mid=&merchid=&authkey=&timestamp=1563100956580 yoxwechatbusinessModel::set_user:BEGIN
[2019-07-14 18:43:00] trace  /app/ewei_shopv2_api.php?i=2&r=goods.get_category&comefrom=wxapp&openid=sns_wa_oWJzS5BQQYh8Ax9Yeo-f93GrwJwQ&mid=&merchid=&authkey=&timestamp=1563100956580 yoxwechatbusinessModel::set_user:END
[2019-07-14 18:43:02] trace  /app/ewei_shopv2_api.php?i=2&r=goods.get_list&page=2&comefrom=wxapp&openid=sns_wa_oWJzS5BQQYh8Ax9Yeo-f93GrwJwQ&mid=&merchid=&authkey=&timestamp=1563100958755 yoxwechatbusinessModel::set_user:BEGIN
[2019-07-14 18:43:02] trace  /app/ewei_shopv2_api.php?i=2&r=goods.get_list&page=2&comefrom=wxapp&openid=sns_wa_oWJzS5BQQYh8Ax9Yeo-f93GrwJwQ&mid=&merchid=&authkey=&timestamp=1563100958755 yoxwechatbusinessModel::set_user:END
[2019-07-14 18:43:04] trace  /app/ewei_shopv2_api.php?i=2&r=goods.get_list&page=3&comefrom=wxapp&openid=sns_wa_oWJzS5BQQYh8Ax9Yeo-f93GrwJwQ&mid=&merchid=&authkey=&timestamp=1563100960703 yoxwechatbusinessModel::set_user:BEGIN
[2019-07-14 18:43:04] trace  /app/ewei_shopv2_api.php?i=2&r=goods.get_list&page=3&comefrom=wxapp&openid=sns_wa_oWJzS5BQQYh8Ax9Yeo-f93GrwJwQ&mid=&merchid=&authkey=&timestamp=1563100960703 yoxwechatbusinessModel::set_user:END
[2019-07-14 18:43:05] trace  /app/ewei_shopv2_api.php?i=2&r=goods.get_list&page=4&comefrom=wxapp&openid=sns_wa_oWJzS5BQQYh8Ax9Yeo-f93GrwJwQ&mid=&merchid=&authkey=&timestamp=1563100962473 yoxwechatbusinessModel::set_user:BEGIN
[2019-07-14 18:43:05] trace  /app/ewei_shopv2_api.php?i=2&r=goods.get_list&page=4&comefrom=wxapp&openid=sns_wa_oWJzS5BQQYh8Ax9Yeo-f93GrwJwQ&mid=&merchid=&authkey=&timestamp=1563100962473 yoxwechatbusinessModel::set_user:END
[2019-07-14 18:43:07] trace  /app/ewei_shopv2_api.php?i=2&r=goods.get_list&page=5&comefrom=wxapp&openid=sns_wa_oWJzS5BQQYh8Ax9Yeo-f93GrwJwQ&mid=&merchid=&authkey=&timestamp=1563100964123 yoxwechatbusinessModel::set_user:BEGIN
[2019-07-14 18:43:07] trace  /app/ewei_shopv2_api.php?i=2&r=goods.get_list&page=5&comefrom=wxapp&openid=sns_wa_oWJzS5BQQYh8Ax9Yeo-f93GrwJwQ&mid=&merchid=&authkey=&timestamp=1563100964123 yoxwechatbusinessModel::set_user:END
[2019-07-14 18:43:09] trace  /app/ewei_shopv2_api.php?i=2&r=goods.get_list&page=6&comefrom=wxapp&openid=sns_wa_oWJzS5BQQYh8Ax9Yeo-f93GrwJwQ&mid=&merchid=&authkey=&timestamp=1563100965744 yoxwechatbusinessModel::set_user:BEGIN
[2019-07-14 18:43:09] trace  /app/ewei_shopv2_api.php?i=2&r=goods.get_list&page=6&comefrom=wxapp&openid=sns_wa_oWJzS5BQQYh8Ax9Yeo-f93GrwJwQ&mid=&merchid=&authkey=&timestamp=1563100965744 yoxwechatbusinessModel::set_user:END
[2019-07-14 18:43:10] trace  /app/ewei_shopv2_api.php?i=2&r=goods.get_list&page=7&comefrom=wxapp&openid=sns_wa_oWJzS5BQQYh8Ax9Yeo-f93GrwJwQ&mid=&merchid=&authkey=&timestamp=1563100966974 yoxwechatbusinessModel::set_user:BEGIN
[2019-07-14 18:43:10] trace  /app/ewei_shopv2_api.php?i=2&r=goods.get_list&page=7&comefrom=wxapp&openid=sns_wa_oWJzS5BQQYh8Ax9Yeo-f93GrwJwQ&mid=&merchid=&authkey=&timestamp=1563100966974 yoxwechatbusinessModel::set_user:END
[2019-07-14 18:43:11] trace  /app/ewei_shopv2_api.php?i=2&r=diypage&type=goodsdetail&comefrom=wxapp&openid=sns_wa_oWJzS5BQQYh8Ax9Yeo-f93GrwJwQ&mid=&merchid=&authkey=&timestamp=1563100967655 yoxwechatbusinessModel::set_user:BEGIN
[2019-07-14 18:43:11] trace  /app/ewei_shopv2_api.php?i=2&r=diypage&type=goodsdetail&comefrom=wxapp&openid=sns_wa_oWJzS5BQQYh8Ax9Yeo-f93GrwJwQ&mid=&merchid=&authkey=&timestamp=1563100967655 yoxwechatbusinessModel::set_user:END
[2019-07-14 18:43:11] trace  /app/ewei_shopv2_api.php?i=2&r=black&comefrom=wxapp&openid=sns_wa_oWJzS5BQQYh8Ax9Yeo-f93GrwJwQ&mid=&merchid=&authkey=&timestamp=1563100967651 yoxwechatbusinessModel::set_user:BEGIN
[2019-07-14 18:43:11] trace  /app/ewei_shopv2_api.php?i=2&r=black&comefrom=wxapp&openid=sns_wa_oWJzS5BQQYh8Ax9Yeo-f93GrwJwQ&mid=&merchid=&authkey=&timestamp=1563100967651 yoxwechatbusinessModel::set_user:END
[2019-07-14 18:43:11] trace  /app/ewei_shopv2_api.php?i=2&r=goods.get_detail&id=17&comefrom=wxapp&openid=sns_wa_oWJzS5BQQYh8Ax9Yeo-f93GrwJwQ&mid=&merchid=&authkey=&timestamp=1563100967673 yoxwechatbusinessModel::set_user:BEGIN
[2019-07-14 18:43:11] trace  /app/ewei_shopv2_api.php?i=2&r=goods.get_detail&id=17&comefrom=wxapp&openid=sns_wa_oWJzS5BQQYh8Ax9Yeo-f93GrwJwQ&mid=&merchid=&authkey=&timestamp=1563100967673 yoxwechatbusinessModel::set_user:END
[2019-07-14 18:43:12] trace  /app/ewei_shopv2_api.php?i=2&r=goods.get_comments&id=17&comefrom=wxapp&openid=sns_wa_oWJzS5BQQYh8Ax9Yeo-f93GrwJwQ&mid=&merchid=&authkey=&timestamp=1563100968933 yoxwechatbusinessModel::set_user:BEGIN
[2019-07-14 18:43:12] trace  /app/ewei_shopv2_api.php?i=2&r=goods.get_comments&id=17&comefrom=wxapp&openid=sns_wa_oWJzS5BQQYh8Ax9Yeo-f93GrwJwQ&mid=&merchid=&authkey=&timestamp=1563100968933 yoxwechatbusinessModel::set_user:END
[2019-07-14 18:43:14] trace  /app/ewei_shopv2_api.php?i=2&r=goods.poster.getimage&id=17&comefrom=wxapp&openid=sns_wa_oWJzS5BQQYh8Ax9Yeo-f93GrwJwQ&mid=&merchid=&authkey=&timestamp=1563100970657 yoxwechatbusinessModel::set_user:BEGIN
[2019-07-14 18:43:14] trace  /app/ewei_shopv2_api.php?i=2&r=goods.poster.getimage&id=17&comefrom=wxapp&openid=sns_wa_oWJzS5BQQYh8Ax9Yeo-f93GrwJwQ&mid=&merchid=&authkey=&timestamp=1563100970657 yoxwechatbusinessModel::set_user:END
[2019-07-14 18:43:17] trace  /app/ewei_shopv2_api.php?i=2&r=shop.get_shopindex&comefrom=wxapp&openid=sns_wa_oWJzS5BQQYh8Ax9Yeo-f93GrwJwQ&mid=&merchid=&authkey=&timestamp=1563100973566 yoxwechatbusinessModel::set_user:BEGIN
[2019-07-14 18:43:17] trace  /app/ewei_shopv2_api.php?i=2&r=shop.get_shopindex&comefrom=wxapp&openid=sns_wa_oWJzS5BQQYh8Ax9Yeo-f93GrwJwQ&mid=&merchid=&authkey=&timestamp=1563100973566 yoxwechatbusinessModel::set_user:END
[2019-07-14 18:43:17] trace  /app/ewei_shopv2_api.php?i=2&r=goods.poster.getimage&id=17&comefrom=wxapp&openid=sns_wa_oWJzS5BQQYh8Ax9Yeo-f93GrwJwQ&mid=&merchid=&authkey=&timestamp=1563100970657 yoxwechatbusinessModel::set_user:BEGIN
[2019-07-14 18:43:17] trace  /app/ewei_shopv2_api.php?i=2&r=goods.poster.getimage&id=17&comefrom=wxapp&openid=sns_wa_oWJzS5BQQYh8Ax9Yeo-f93GrwJwQ&mid=&merchid=&authkey=&timestamp=1563100970657 yoxwechatbusinessModel::set_user:END
[2019-07-14 18:43:18] trace  /app/ewei_shopv2_api.php?i=2&r=shop.get_cpinfos&comefrom=wxapp&openid=sns_wa_oWJzS5BQQYh8Ax9Yeo-f93GrwJwQ&mid=&merchid=&authkey=&timestamp=1563100973575 yoxwechatbusinessModel::set_user:BEGIN
[2019-07-14 18:43:18] trace  /app/ewei_shopv2_api.php?i=2&r=shop.get_cpinfos&comefrom=wxapp&openid=sns_wa_oWJzS5BQQYh8Ax9Yeo-f93GrwJwQ&mid=&merchid=&authkey=&timestamp=1563100973575 yoxwechatbusinessModel::set_user:END
[2019-07-14 18:43:18] trace  /app/ewei_shopv2_api.php?i=2&r=shop.get_hasnewcoupon&comefrom=wxapp&openid=sns_wa_oWJzS5BQQYh8Ax9Yeo-f93GrwJwQ&mid=&merchid=&authkey=&timestamp=1563100973571 yoxwechatbusinessModel::set_user:BEGIN
[2019-07-14 18:43:18] trace  /app/ewei_shopv2_api.php?i=2&r=shop.get_hasnewcoupon&comefrom=wxapp&openid=sns_wa_oWJzS5BQQYh8Ax9Yeo-f93GrwJwQ&mid=&merchid=&authkey=&timestamp=1563100973571 yoxwechatbusinessModel::set_user:END
[2019-07-14 18:43:19] trace  /app/ewei_shopv2_api.php?i=2&r=yoxwechatbusiness&isajax=1&comefrom=wxapp&openid=sns_wa_oWJzS5BQQYh8Ax9Yeo-f93GrwJwQ&mid=&merchid=&authkey=&timestamp=1563100975650 yoxwechatbusinessModel::set_user:BEGIN
[2019-07-14 18:43:19] trace  /app/ewei_shopv2_api.php?i=2&r=yoxwechatbusiness&isajax=1&comefrom=wxapp&openid=sns_wa_oWJzS5BQQYh8Ax9Yeo-f93GrwJwQ&mid=&merchid=&authkey=&timestamp=1563100975650 yoxwechatbusinessModel::set_user:END
[2019-07-14 18:43:19] trace  /app/ewei_shopv2_api.php?i=2&r=bargain.act&comefrom=wxapp&openid=sns_wa_oWJzS5BQQYh8Ax9Yeo-f93GrwJwQ&mid=&merchid=&authkey=&timestamp=1563100975653 yoxwechatbusinessModel::set_user:BEGIN
[2019-07-14 18:43:19] trace  /app/ewei_shopv2_api.php?i=2&r=bargain.act&comefrom=wxapp&openid=sns_wa_oWJzS5BQQYh8Ax9Yeo-f93GrwJwQ&mid=&merchid=&authkey=&timestamp=1563100975653 yoxwechatbusinessModel::set_user:END
[2019-07-14 19:08:09] trace  /app/ewei_shopv2_api.php?i=2&r=black&comefrom=wxapp&openid=sns_wa_oWJzS5I4SwtIvnavadWO1lOR7lAw&authkey=&timestamp=1563102487503 yoxwechatbusinessModel::set_user:BEGIN
[2019-07-14 19:08:09] trace  /app/ewei_shopv2_api.php?i=2&r=black&comefrom=wxapp&openid=sns_wa_oWJzS5I4SwtIvnavadWO1lOR7lAw&authkey=&timestamp=1563102487503 yoxwechatbusinessModel::set_user:END
[2019-07-14 19:08:09] trace  /app/ewei_shopv2_api.php?i=2&r=diypage&type=home&comefrom=wxapp&openid=sns_wa_oWJzS5I4SwtIvnavadWO1lOR7lAw&mid=&merchid=&authkey=&timestamp=1563102487514 yoxwechatbusinessModel::set_user:BEGIN
[2019-07-14 19:08:09] trace  /app/ewei_shopv2_api.php?i=2&r=diypage&type=home&comefrom=wxapp&openid=sns_wa_oWJzS5I4SwtIvnavadWO1lOR7lAw&mid=&merchid=&authkey=&timestamp=1563102487514 yoxwechatbusinessModel::set_user:END
[2019-07-14 19:08:10] trace  /app/ewei_shopv2_api.php?i=2&r=shop.get_cpinfos&comefrom=wxapp&openid=sns_wa_oWJzS5I4SwtIvnavadWO1lOR7lAw&mid=&merchid=&authkey=&timestamp=1563102487552 yoxwechatbusinessModel::set_user:BEGIN
[2019-07-14 19:08:10] trace  /app/ewei_shopv2_api.php?i=2&r=shop.get_cpinfos&comefrom=wxapp&openid=sns_wa_oWJzS5I4SwtIvnavadWO1lOR7lAw&mid=&merchid=&authkey=&timestamp=1563102487552 yoxwechatbusinessModel::set_user:END
[2019-07-14 19:08:10] trace  /app/ewei_shopv2_api.php?i=2&r=shop.get_hasnewcoupon&comefrom=wxapp&openid=sns_wa_oWJzS5I4SwtIvnavadWO1lOR7lAw&mid=&merchid=&authkey=&timestamp=1563102487549 yoxwechatbusinessModel::set_user:BEGIN
[2019-07-14 19:08:10] trace  /app/ewei_shopv2_api.php?i=2&r=shop.get_hasnewcoupon&comefrom=wxapp&openid=sns_wa_oWJzS5I4SwtIvnavadWO1lOR7lAw&mid=&merchid=&authkey=&timestamp=1563102487549 yoxwechatbusinessModel::set_user:END
[2019-07-14 19:08:10] trace  /app/ewei_shopv2_api.php?i=2&r=shop.get_shopindex&comefrom=wxapp&openid=sns_wa_oWJzS5I4SwtIvnavadWO1lOR7lAw&mid=&merchid=&authkey=&timestamp=1563102487545 yoxwechatbusinessModel::set_user:BEGIN
[2019-07-14 19:08:10] trace  /app/ewei_shopv2_api.php?i=2&r=shop.get_shopindex&comefrom=wxapp&openid=sns_wa_oWJzS5I4SwtIvnavadWO1lOR7lAw&mid=&merchid=&authkey=&timestamp=1563102487545 yoxwechatbusinessModel::set_user:END
[2019-07-14 19:08:12] trace  /app/ewei_shopv2_api.php?i=2&r=groups&comefrom=wxapp&openid=sns_wa_oWJzS5I4SwtIvnavadWO1lOR7lAw&mid=&merchid=&authkey=MzIwME1wVXVBR09IZjlIRGNnMk90TDhVNk9BRnBvVjIyQm5vQzBtOGwzT1R0RW00UXBCREJpRzd4NFNUbW4zT25PRzZpNmh3UmNJekl4aTJ5UW1obTU4bnI4Yw%3D%3D&timestamp=1563102492660 yoxwechatbusinessModel::set_user:BEGIN
[2019-07-14 19:08:12] trace  /app/ewei_shopv2_api.php?i=2&r=groups&comefrom=wxapp&openid=sns_wa_oWJzS5I4SwtIvnavadWO1lOR7lAw&mid=&merchid=&authkey=MzIwME1wVXVBR09IZjlIRGNnMk90TDhVNk9BRnBvVjIyQm5vQzBtOGwzT1R0RW00UXBCREJpRzd4NFNUbW4zT25PRzZpNmh3UmNJekl4aTJ5UW1obTU4bnI4Yw%3D%3D&timestamp=1563102492660 yoxwechatbusinessModel::set_user:END
[2019-07-14 19:08:13] trace  /app/ewei_shopv2_api.php?i=2&r=groups&comefrom=wxapp&openid=sns_wa_oWJzS5I4SwtIvnavadWO1lOR7lAw&mid=&merchid=&authkey=&timestamp=1563102493117 yoxwechatbusinessModel::set_user:BEGIN
[2019-07-14 19:08:13] trace  /app/ewei_shopv2_api.php?i=2&r=groups&comefrom=wxapp&openid=sns_wa_oWJzS5I4SwtIvnavadWO1lOR7lAw&mid=&merchid=&authkey=&timestamp=1563102493117 yoxwechatbusinessModel::set_user:END
[2019-07-14 19:08:14] trace  /app/ewei_shopv2_api.php?i=2&r=groups.goods&timestamp=1563102494788 id=10; comefrom=wxapp; openid=sns_wa_oWJzS5I4SwtIvnavadWO1lOR7lAw; mid=; merchid=; authkey=MjI3YkJWUlo5UlRxTjFIbWpmNkI0R3BYNHRNd2RjMUludWVhMmhiZXNjaGt0VmZ2L3gvd0dIVjRpODUxZEo3UndoOTN2UmlZZE5sdmI0cEdodWFLaXFleGRkbw==; 
yoxwechatbusinessModel::set_user:BEGIN
[2019-07-14 19:08:14] trace  /app/ewei_shopv2_api.php?i=2&r=groups.goods&timestamp=1563102494788 id=10; comefrom=wxapp; openid=sns_wa_oWJzS5I4SwtIvnavadWO1lOR7lAw; mid=; merchid=; authkey=MjI3YkJWUlo5UlRxTjFIbWpmNkI0R3BYNHRNd2RjMUludWVhMmhiZXNjaGt0VmZ2L3gvd0dIVjRpODUxZEo3UndoOTN2UmlZZE5sdmI0cEdodWFLaXFleGRkbw==; 
yoxwechatbusinessModel::set_user:END
[2019-07-14 19:08:19] trace  /app/ewei_shopv2_api.php?i=2&r=groups.goods&timestamp=1563102499836 id=10; comefrom=wxapp; openid=sns_wa_oWJzS5I4SwtIvnavadWO1lOR7lAw; mid=; merchid=; authkey=; 
yoxwechatbusinessModel::set_user:BEGIN
[2019-07-14 19:08:19] trace  /app/ewei_shopv2_api.php?i=2&r=groups.goods&timestamp=1563102499836 id=10; comefrom=wxapp; openid=sns_wa_oWJzS5I4SwtIvnavadWO1lOR7lAw; mid=; merchid=; authkey=; 
yoxwechatbusinessModel::set_user:END
[2019-07-14 19:08:25] trace  /app/ewei_shopv2_api.php?i=2&r=shop.get_shopindex&comefrom=wxapp&openid=sns_wa_oWJzS5I4SwtIvnavadWO1lOR7lAw&mid=&merchid=&authkey=&timestamp=1563102504958 yoxwechatbusinessModel::set_user:BEGIN
[2019-07-14 19:08:25] trace  /app/ewei_shopv2_api.php?i=2&r=shop.get_shopindex&comefrom=wxapp&openid=sns_wa_oWJzS5I4SwtIvnavadWO1lOR7lAw&mid=&merchid=&authkey=&timestamp=1563102504958 yoxwechatbusinessModel::set_user:END
[2019-07-14 19:08:25] trace  /app/ewei_shopv2_api.php?i=2&r=shop.get_hasnewcoupon&comefrom=wxapp&openid=sns_wa_oWJzS5I4SwtIvnavadWO1lOR7lAw&mid=&merchid=&authkey=&timestamp=1563102504964 yoxwechatbusinessModel::set_user:BEGIN
[2019-07-14 19:08:25] trace  /app/ewei_shopv2_api.php?i=2&r=shop.get_hasnewcoupon&comefrom=wxapp&openid=sns_wa_oWJzS5I4SwtIvnavadWO1lOR7lAw&mid=&merchid=&authkey=&timestamp=1563102504964 yoxwechatbusinessModel::set_user:END
[2019-07-14 19:08:25] trace  /app/ewei_shopv2_api.php?i=2&r=shop.get_cpinfos&comefrom=wxapp&openid=sns_wa_oWJzS5I4SwtIvnavadWO1lOR7lAw&mid=&merchid=&authkey=&timestamp=1563102504970 yoxwechatbusinessModel::set_user:BEGIN
[2019-07-14 19:08:25] trace  /app/ewei_shopv2_api.php?i=2&r=shop.get_cpinfos&comefrom=wxapp&openid=sns_wa_oWJzS5I4SwtIvnavadWO1lOR7lAw&mid=&merchid=&authkey=&timestamp=1563102504970 yoxwechatbusinessModel::set_user:END
[2019-07-14 19:08:28] trace  /app/ewei_shopv2_api.php?i=2&r=black&comefrom=wxapp&openid=sns_wa_oWJzS5I4SwtIvnavadWO1lOR7lAw&mid=&merchid=&authkey=&timestamp=1563102507896 yoxwechatbusinessModel::set_user:BEGIN
[2019-07-14 19:08:28] trace  /app/ewei_shopv2_api.php?i=2&r=black&comefrom=wxapp&openid=sns_wa_oWJzS5I4SwtIvnavadWO1lOR7lAw&mid=&merchid=&authkey=&timestamp=1563102507896 yoxwechatbusinessModel::set_user:END
[2019-07-14 19:08:28] trace  /app/ewei_shopv2_api.php?i=2&r=diypage&type=goodsdetail&comefrom=wxapp&openid=sns_wa_oWJzS5I4SwtIvnavadWO1lOR7lAw&mid=&merchid=&authkey=&timestamp=1563102507899 yoxwechatbusinessModel::set_user:BEGIN
[2019-07-14 19:08:28] trace  /app/ewei_shopv2_api.php?i=2&r=diypage&type=goodsdetail&comefrom=wxapp&openid=sns_wa_oWJzS5I4SwtIvnavadWO1lOR7lAw&mid=&merchid=&authkey=&timestamp=1563102507899 yoxwechatbusinessModel::set_user:END
[2019-07-14 19:08:28] trace  /app/ewei_shopv2_api.php?i=2&r=goods.get_detail&id=63&comefrom=wxapp&openid=sns_wa_oWJzS5I4SwtIvnavadWO1lOR7lAw&mid=&merchid=&authkey=&timestamp=1563102507932 yoxwechatbusinessModel::set_user:BEGIN
[2019-07-14 19:08:28] trace  /app/ewei_shopv2_api.php?i=2&r=goods.get_detail&id=63&comefrom=wxapp&openid=sns_wa_oWJzS5I4SwtIvnavadWO1lOR7lAw&mid=&merchid=&authkey=&timestamp=1563102507932 yoxwechatbusinessModel::set_user:END
[2019-07-14 19:08:28] trace  /app/ewei_shopv2_api.php?i=2&r=package.get_list&goodsid=63&comefrom=wxapp&openid=sns_wa_oWJzS5I4SwtIvnavadWO1lOR7lAw&mid=&merchid=&authkey=&timestamp=1563102508703 yoxwechatbusinessModel::set_user:BEGIN
[2019-07-14 19:08:28] trace  /app/ewei_shopv2_api.php?i=2&r=package.get_list&goodsid=63&comefrom=wxapp&openid=sns_wa_oWJzS5I4SwtIvnavadWO1lOR7lAw&mid=&merchid=&authkey=&timestamp=1563102508703 yoxwechatbusinessModel::set_user:END
[2019-07-14 19:08:28] trace  /app/ewei_shopv2_api.php?i=2&r=goods.get_comments&id=63&comefrom=wxapp&openid=sns_wa_oWJzS5I4SwtIvnavadWO1lOR7lAw&mid=&merchid=&authkey=&timestamp=1563102508778 yoxwechatbusinessModel::set_user:BEGIN
[2019-07-14 19:08:28] trace  /app/ewei_shopv2_api.php?i=2&r=goods.get_comments&id=63&comefrom=wxapp&openid=sns_wa_oWJzS5I4SwtIvnavadWO1lOR7lAw&mid=&merchid=&authkey=&timestamp=1563102508778 yoxwechatbusinessModel::set_user:END
[2019-07-14 19:08:31] trace  /app/ewei_shopv2_api.php?i=2&r=shop.get_shopindex&comefrom=wxapp&openid=sns_wa_oWJzS5I4SwtIvnavadWO1lOR7lAw&mid=&merchid=&authkey=&timestamp=1563102511341 yoxwechatbusinessModel::set_user:BEGIN
[2019-07-14 19:08:31] trace  /app/ewei_shopv2_api.php?i=2&r=shop.get_shopindex&comefrom=wxapp&openid=sns_wa_oWJzS5I4SwtIvnavadWO1lOR7lAw&mid=&merchid=&authkey=&timestamp=1563102511341 yoxwechatbusinessModel::set_user:END
[2019-07-14 19:08:31] trace  /app/ewei_shopv2_api.php?i=2&r=shop.get_cpinfos&comefrom=wxapp&openid=sns_wa_oWJzS5I4SwtIvnavadWO1lOR7lAw&mid=&merchid=&authkey=&timestamp=1563102511350 yoxwechatbusinessModel::set_user:BEGIN
[2019-07-14 19:08:31] trace  /app/ewei_shopv2_api.php?i=2&r=shop.get_cpinfos&comefrom=wxapp&openid=sns_wa_oWJzS5I4SwtIvnavadWO1lOR7lAw&mid=&merchid=&authkey=&timestamp=1563102511350 yoxwechatbusinessModel::set_user:END
[2019-07-14 19:08:31] trace  /app/ewei_shopv2_api.php?i=2&r=shop.get_hasnewcoupon&comefrom=wxapp&openid=sns_wa_oWJzS5I4SwtIvnavadWO1lOR7lAw&mid=&merchid=&authkey=&timestamp=1563102511346 yoxwechatbusinessModel::set_user:BEGIN
[2019-07-14 19:08:31] trace  /app/ewei_shopv2_api.php?i=2&r=shop.get_hasnewcoupon&comefrom=wxapp&openid=sns_wa_oWJzS5I4SwtIvnavadWO1lOR7lAw&mid=&merchid=&authkey=&timestamp=1563102511346 yoxwechatbusinessModel::set_user:END
[2019-07-14 20:30:02] trace  /app/ewei_shopv2_api.php?i=2&r=cacheset&version=&comefrom=wxapp&openid=sns_wa_oWJzS5OnbWrkeGd83OqK2VIb89vY&authkey=MmEwNElEajVnYkJqMlB0NVo0STVmaUI2WHZaZE5ML1d0VGMybCtQRVhUUFVLM3ZnVDBFK3pMTHBoUFJYMnVocEhCVGVrN2FiSCs2NjdkMWRCdWZQMmo2YzloNA%3D%3D&timestamp=1563107402754 yoxwechatbusinessModel::set_user:BEGIN
[2019-07-14 20:30:02] trace  /app/ewei_shopv2_api.php?i=2&r=cacheset&version=&comefrom=wxapp&openid=sns_wa_oWJzS5OnbWrkeGd83OqK2VIb89vY&authkey=MmEwNElEajVnYkJqMlB0NVo0STVmaUI2WHZaZE5ML1d0VGMybCtQRVhUUFVLM3ZnVDBFK3pMTHBoUFJYMnVocEhCVGVrN2FiSCs2NjdkMWRCdWZQMmo2YzloNA%3D%3D&timestamp=1563107402754 yoxwechatbusinessModel::set_user:END
[2019-07-14 20:30:03] trace  /app/ewei_shopv2_api.php?i=2&r=cacheset&version=&comefrom=wxapp&openid=sns_wa_oWJzS5OnbWrkeGd83OqK2VIb89vY&authkey=NTJmMkptQ1BsVmZ4ODYzUkxZZXJhSXJKcUxtbVliWFdTeFdBU1lZYWRUTEcyQmtUcXZNTWx1U2p0UkVTckRJQVZxbGsyTHU3UlpuZ2MyZHVpdkN0eU5aeWtzYw%3D%3D&timestamp=1563107402834 yoxwechatbusinessModel::set_user:BEGIN
[2019-07-14 20:30:03] trace  /app/ewei_shopv2_api.php?i=2&r=cacheset&version=&comefrom=wxapp&openid=sns_wa_oWJzS5OnbWrkeGd83OqK2VIb89vY&authkey=NTJmMkptQ1BsVmZ4ODYzUkxZZXJhSXJKcUxtbVliWFdTeFdBU1lZYWRUTEcyQmtUcXZNTWx1U2p0UkVTckRJQVZxbGsyTHU3UlpuZ2MyZHVpdkN0eU5aeWtzYw%3D%3D&timestamp=1563107402834 yoxwechatbusinessModel::set_user:END
[2019-07-14 23:48:09] trace  /app/ewei_shopv2_api.php?i=2&r=cacheset&version=&comefrom=wxapp&openid=sns_wa_oWJzS5MENEDdET6JDLq8c8HMdsU0&authkey=Zjg0N01VNDZKamtialBJbGpaRDNGeU0zaGJFaStDQi9xNFNEV3VPNXdEYWFwem51ZjdpUkdXcnVJU3VUSG5INkJ0ODBpd2V6&timestamp=1563119288841 yoxwechatbusinessModel::set_user:BEGIN
[2019-07-14 23:48:09] trace  /app/ewei_shopv2_api.php?i=2&r=cacheset&version=&comefrom=wxapp&openid=sns_wa_oWJzS5MENEDdET6JDLq8c8HMdsU0&authkey=MWE5OHdWdGQveVRuZzVWcXYrRm1vdzJCcXF5QVFzcXp3UmFzZ1N1c24wQTljNGM1d3lYcVhGSmk5bWpxWG42QXFkSzBidXh4&timestamp=1563119289097 yoxwechatbusinessModel::set_user:BEGIN
