[2019-08-26 04:30:42] trace  /app/ewei_shopv2_api.php?i=2&r=cacheset&version=&comefrom=wxapp&openid=sns_wa_oWJzS5FLVEYXjd3HRaCAY9LyyR_Y&mid=&merchid=&authkey=NzEyYzd3QjZXMmpiK2c4M0FjYVg5VnhrRWF5d0pSdThlWVpDcU1Fc0t4eVUrYnhhQmtHRjBnemx3Mm1mdVJXb24vdU5uNXp2ekxkZUszMUhlV3d0QnpNb3BTMmtDUzJSVjhhU0NZeGhJemxGUFE%3D&timestamp=1566765041117 yoxwechatbusinessModel::set_user:BEGIN
[2019-08-26 04:30:44] trace  /app/ewei_shopv2_api.php?i=2&r=cacheset&version=&comefrom=wxapp&openid=sns_wa_oWJzS5FLVEYXjd3HRaCAY9LyyR_Y&mid=&merchid=&authkey=NTQ5N296cDJOd1FTTGIzc3JJYVZ3RFA5bFU5SnE0Vy8vMG9vM3BSdzJUckMyQzJVY3BlVExtczlCd0NQejVMM1hqTVJOZWN6&timestamp=1566765040120 yoxwechatbusinessModel::set_user:BEGIN
[2019-08-26 04:31:11] trace  /app/ewei_shopv2_api.php?i=2&r=shop.get_cpinfos&comefrom=wxapp&openid=sns_wa_oWJzS5FLVEYXjd3HRaCAY9LyyR_Y&mid=&merchid=&authkey=&timestamp=1566765060982 yoxwechatbusinessModel::set_user:BEGIN
[2019-08-26 04:31:24] trace  /app/ewei_shopv2_api.php?i=2&r=shop.get_hasnewcoupon&comefrom=wxapp&openid=sns_wa_oWJzS5FLVEYXjd3HRaCAY9LyyR_Y&mid=&merchid=&authkey=&timestamp=1566765060971 yoxwechatbusinessModel::set_user:BEGIN
[2019-08-26 04:31:24] trace  /app/ewei_shopv2_api.php?i=2&r=shop.get_shopindex&comefrom=wxapp&openid=sns_wa_oWJzS5FLVEYXjd3HRaCAY9LyyR_Y&mid=&merchid=&authkey=&timestamp=1566765060960 yoxwechatbusinessModel::set_user:BEGIN
[2019-08-26 04:33:18] trace  /app/ewei_shopv2_api.php?i=2&r=shop.get_shopindex&comefrom=wxapp&openid=sns_wa_oWJzS5FLVEYXjd3HRaCAY9LyyR_Y&mid=&merchid=&authkey=&timestamp=1566765196679 yoxwechatbusinessModel::set_user:BEGIN
[2019-08-26 04:33:18] trace  /app/ewei_shopv2_api.php?i=2&r=shop.get_hasnewcoupon&comefrom=wxapp&openid=sns_wa_oWJzS5FLVEYXjd3HRaCAY9LyyR_Y&mid=&merchid=&authkey=&timestamp=1566765196703 yoxwechatbusinessModel::set_user:BEGIN
[2019-08-26 04:33:18] trace  /app/ewei_shopv2_api.php?i=2&r=shop.get_cpinfos&comefrom=wxapp&openid=sns_wa_oWJzS5FLVEYXjd3HRaCAY9LyyR_Y&mid=&merchid=&authkey=&timestamp=1566765196719 yoxwechatbusinessModel::set_user:BEGIN
[2019-08-26 04:33:21] trace  /app/ewei_shopv2_api.php?i=2&r=member.cart.get_cart&comefrom=wxapp&openid=sns_wa_oWJzS5FLVEYXjd3HRaCAY9LyyR_Y&mid=&merchid=&authkey=NDRkNlFzSHFMUnZXWEpxbHFLdjNMdGtuMUZ6ejh5YjBIYzFxLzJHTDgvekRZbS9rUWs0eFFKUEQ3UE5RbUNsMU8zaGk0L0h5S3ZMMEVPRlVQRkt5K1NjMkNzWHliTFB1M25tVy9sY2ZQaWNFbkE%3D&timestamp=1566765200118 yoxwechatbusinessModel::set_user:BEGIN
[2019-08-26 04:33:21] trace  /app/ewei_shopv2_api.php?i=2&r=black&comefrom=wxapp&openid=sns_wa_oWJzS5FLVEYXjd3HRaCAY9LyyR_Y&mid=&merchid=&authkey=NDRkNlFzSHFMUnZXWEpxbHFLdjNMdGtuMUZ6ejh5YjBIYzFxLzJHTDgvekRZbS9rUWs0eFFKUEQ3UE5RbUNsMU8zaGk0L0h5S3ZMMEVPRlVQRkt5K1NjMkNzWHliTFB1M25tVy9sY2ZQaWNFbkE%3D&timestamp=1566765200092 yoxwechatbusinessModel::set_user:BEGIN
[2019-08-26 04:33:27] trace  /app/ewei_shopv2_api.php?i=2&r=shop.get_shopindex&comefrom=wxapp&openid=sns_wa_oWJzS5FLVEYXjd3HRaCAY9LyyR_Y&mid=&merchid=&authkey=&timestamp=1566765205807 yoxwechatbusinessModel::set_user:BEGIN
[2019-08-26 04:33:27] trace  /app/ewei_shopv2_api.php?i=2&r=shop.get_hasnewcoupon&comefrom=wxapp&openid=sns_wa_oWJzS5FLVEYXjd3HRaCAY9LyyR_Y&mid=&merchid=&authkey=&timestamp=1566765205817 yoxwechatbusinessModel::set_user:BEGIN
[2019-08-26 04:33:27] trace  /app/ewei_shopv2_api.php?i=2&r=shop.get_cpinfos&comefrom=wxapp&openid=sns_wa_oWJzS5FLVEYXjd3HRaCAY9LyyR_Y&mid=&merchid=&authkey=&timestamp=1566765205826 yoxwechatbusinessModel::set_user:BEGIN
[2019-08-26 04:33:28] trace  /app/ewei_shopv2_api.php?i=2&r=yoxwechatbusiness&isajax=1&comefrom=wxapp&openid=sns_wa_oWJzS5FLVEYXjd3HRaCAY9LyyR_Y&mid=&merchid=&authkey=&timestamp=1566765207161 yoxwechatbusinessModel::set_user:BEGIN
[2019-08-26 04:33:28] trace  /app/ewei_shopv2_api.php?i=2&r=bargain.act&comefrom=wxapp&openid=sns_wa_oWJzS5FLVEYXjd3HRaCAY9LyyR_Y&mid=&merchid=&authkey=&timestamp=1566765207181 yoxwechatbusinessModel::set_user:BEGIN
[2019-08-26 04:33:46] trace  /app/ewei_shopv2_api.php?i=2&r=shop.get_shopindex&comefrom=wxapp&openid=sns_wa_oWJzS5FLVEYXjd3HRaCAY9LyyR_Y&mid=&merchid=&authkey=&timestamp=1566765224717 yoxwechatbusinessModel::set_user:BEGIN
[2019-08-26 04:33:46] trace  /app/ewei_shopv2_api.php?i=2&r=shop.get_hasnewcoupon&comefrom=wxapp&openid=sns_wa_oWJzS5FLVEYXjd3HRaCAY9LyyR_Y&mid=&merchid=&authkey=&timestamp=1566765224727 yoxwechatbusinessModel::set_user:BEGIN
[2019-08-26 04:33:46] trace  /app/ewei_shopv2_api.php?i=2&r=shop.get_cpinfos&comefrom=wxapp&openid=sns_wa_oWJzS5FLVEYXjd3HRaCAY9LyyR_Y&mid=&merchid=&authkey=&timestamp=1566765224737 yoxwechatbusinessModel::set_user:BEGIN
[2019-08-26 04:33:48] trace  /app/ewei_shopv2_api.php?i=2&r=yoxwechatbusiness&isajax=1&comefrom=wxapp&openid=sns_wa_oWJzS5FLVEYXjd3HRaCAY9LyyR_Y&mid=&merchid=&authkey=&timestamp=1566765226578 yoxwechatbusinessModel::set_user:BEGIN
[2019-08-26 04:33:48] trace  /app/ewei_shopv2_api.php?i=2&r=bargain.act&comefrom=wxapp&openid=sns_wa_oWJzS5FLVEYXjd3HRaCAY9LyyR_Y&mid=&merchid=&authkey=&timestamp=1566765226593 yoxwechatbusinessModel::set_user:BEGIN
[2019-08-26 04:33:52] trace  /app/ewei_shopv2_api.php?i=2&r=yoxwechatbusiness.user.my_info&isajax=1&comefrom=wxapp&openid=sns_wa_oWJzS5FLVEYXjd3HRaCAY9LyyR_Y&mid=&merchid=&authkey=&timestamp=1566765231061 yoxwechatbusinessModel::set_user:BEGIN
[2019-08-26 04:34:14] trace  /app/ewei_shopv2_api.php?i=2&r=yoxwechatbusiness.user.my_info&isajax=1&comefrom=wxapp&openid=sns_wa_oWJzS5FLVEYXjd3HRaCAY9LyyR_Y&mid=&merchid=&authkey=&timestamp=1566765252689 yoxwechatbusinessModel::set_user:BEGIN
[2019-08-26 04:34:31] trace  /app/ewei_shopv2_api.php?i=2&r=yoxwechatbusiness.certificate&comefrom=wxapp&openid=sns_wa_oWJzS5FLVEYXjd3HRaCAY9LyyR_Y&mid=&merchid=&authkey=&timestamp=1566765270053 yoxwechatbusinessModel::set_user:BEGIN
[2019-08-26 04:34:34] trace  /app/ewei_shopv2_api.php?i=2&r=yoxwechatbusiness.user.my_info&isajax=1&comefrom=wxapp&openid=sns_wa_oWJzS5FLVEYXjd3HRaCAY9LyyR_Y&mid=&merchid=&authkey=&timestamp=1566765273254 yoxwechatbusinessModel::set_user:BEGIN
[2019-08-26 04:34:44] trace  /app/ewei_shopv2_api.php?i=2&r=shop.get_hasnewcoupon&comefrom=wxapp&openid=sns_wa_oWJzS5FLVEYXjd3HRaCAY9LyyR_Y&mid=&merchid=&authkey=&timestamp=1566765283078 yoxwechatbusinessModel::set_user:BEGIN
[2019-08-26 04:34:44] trace  /app/ewei_shopv2_api.php?i=2&r=shop.get_shopindex&comefrom=wxapp&openid=sns_wa_oWJzS5FLVEYXjd3HRaCAY9LyyR_Y&mid=&merchid=&authkey=&timestamp=1566765283068 yoxwechatbusinessModel::set_user:BEGIN
[2019-08-26 04:34:44] trace  /app/ewei_shopv2_api.php?i=2&r=black&comefrom=wxapp&openid=sns_wa_oWJzS5FLVEYXjd3HRaCAY9LyyR_Y&mid=&merchid=&authkey=&timestamp=1566765283015 yoxwechatbusinessModel::set_user:BEGIN
[2019-08-26 04:34:44] trace  /app/ewei_shopv2_api.php?i=2&r=diypage&type=home&comefrom=wxapp&openid=sns_wa_oWJzS5FLVEYXjd3HRaCAY9LyyR_Y&mid=&merchid=&authkey=&timestamp=1566765283038 yoxwechatbusinessModel::set_user:BEGIN
[2019-08-26 04:34:45] trace  /app/ewei_shopv2_api.php?i=2&r=shop.get_cpinfos&comefrom=wxapp&openid=sns_wa_oWJzS5FLVEYXjd3HRaCAY9LyyR_Y&mid=&merchid=&authkey=&timestamp=1566765283088 yoxwechatbusinessModel::set_user:BEGIN
[2019-08-26 04:34:55] trace  /app/ewei_shopv2_api.php?i=2&r=black&comefrom=wxapp&openid=sns_wa_oWJzS5FLVEYXjd3HRaCAY9LyyR_Y&mid=&merchid=&authkey=&timestamp=1566765293818 yoxwechatbusinessModel::set_user:BEGIN
[2019-08-26 04:34:55] trace  /app/ewei_shopv2_api.php?i=2&r=diypage&type=goodsdetail&comefrom=wxapp&openid=sns_wa_oWJzS5FLVEYXjd3HRaCAY9LyyR_Y&mid=&merchid=&authkey=&timestamp=1566765293829 yoxwechatbusinessModel::set_user:BEGIN
[2019-08-26 04:34:58] trace  /app/ewei_shopv2_api.php?i=2&r=goods.get_detail&id=23&comefrom=wxapp&openid=sns_wa_oWJzS5FLVEYXjd3HRaCAY9LyyR_Y&mid=&merchid=&authkey=NjBiOExCTHpZclp4M203ekNhYWs0cUVuS1FZMFArOWNYSjhFa3ZsL3ZrSytIVElXVysxSjNGRGJOR0ZwS1pwMmtNYWZXaW80cnhoNGFhV3NsYWVUejU3bXpqcw%3D%3D&timestamp=1566765297258 yoxwechatbusinessModel::set_user:BEGIN
[2019-08-26 04:34:58] trace  /app/ewei_shopv2_api.php?i=2&r=goods.get_detail&id=23&comefrom=wxapp&openid=sns_wa_oWJzS5FLVEYXjd3HRaCAY9LyyR_Y&mid=&merchid=&authkey=NjBiOExCTHpZclp4M203ekNhYWs0cUVuS1FZMFArOWNYSjhFa3ZsL3ZrSytIVElXVysxSjNGRGJOR0ZwS1pwMmtNYWZXaW80cnhoNGFhV3NsYWVUejU3bXpqcw%3D%3D&timestamp=1566765297258 yoxwechatbusinessModel::set_user:END
[2019-08-26 04:34:59] trace  /app/ewei_shopv2_api.php?i=2&r=goods.get_comments&id=23&comefrom=wxapp&openid=sns_wa_oWJzS5FLVEYXjd3HRaCAY9LyyR_Y&mid=&merchid=&authkey=&timestamp=1566765298160 yoxwechatbusinessModel::set_user:BEGIN
[2019-08-26 04:34:59] trace  /app/ewei_shopv2_api.php?i=2&r=goods.get_comments&id=23&comefrom=wxapp&openid=sns_wa_oWJzS5FLVEYXjd3HRaCAY9LyyR_Y&mid=&merchid=&authkey=&timestamp=1566765298160 yoxwechatbusinessModel::set_user:END
[2019-08-26 04:35:05] trace  /app/ewei_shopv2_api.php?i=2&r=goods.get_picker&id=23&comefrom=wxapp&openid=sns_wa_oWJzS5FLVEYXjd3HRaCAY9LyyR_Y&mid=&merchid=&authkey=&timestamp=1566765304533 yoxwechatbusinessModel::set_user:BEGIN
[2019-08-26 04:35:05] trace  /app/ewei_shopv2_api.php?i=2&r=goods.get_picker&id=23&comefrom=wxapp&openid=sns_wa_oWJzS5FLVEYXjd3HRaCAY9LyyR_Y&mid=&merchid=&authkey=&timestamp=1566765304533 yoxwechatbusinessModel::set_user:END
[2019-08-26 04:35:10] trace  /app/ewei_shopv2_api.php?i=2&r=shop.get_cpinfos&comefrom=wxapp&openid=sns_wa_oWJzS5FLVEYXjd3HRaCAY9LyyR_Y&mid=&merchid=&authkey=&timestamp=1566765308583 yoxwechatbusinessModel::set_user:BEGIN
[2019-08-26 04:35:10] trace  /app/ewei_shopv2_api.php?i=2&r=shop.get_cpinfos&comefrom=wxapp&openid=sns_wa_oWJzS5FLVEYXjd3HRaCAY9LyyR_Y&mid=&merchid=&authkey=&timestamp=1566765308583 yoxwechatbusinessModel::set_user:END
[2019-08-26 04:35:10] trace  /app/ewei_shopv2_api.php?i=2&r=shop.get_hasnewcoupon&comefrom=wxapp&openid=sns_wa_oWJzS5FLVEYXjd3HRaCAY9LyyR_Y&mid=&merchid=&authkey=&timestamp=1566765308572 yoxwechatbusinessModel::set_user:BEGIN
[2019-08-26 04:35:10] trace  /app/ewei_shopv2_api.php?i=2&r=shop.get_hasnewcoupon&comefrom=wxapp&openid=sns_wa_oWJzS5FLVEYXjd3HRaCAY9LyyR_Y&mid=&merchid=&authkey=&timestamp=1566765308572 yoxwechatbusinessModel::set_user:END
[2019-08-26 04:35:10] trace  /app/ewei_shopv2_api.php?i=2&r=shop.get_shopindex&comefrom=wxapp&openid=sns_wa_oWJzS5FLVEYXjd3HRaCAY9LyyR_Y&mid=&merchid=&authkey=&timestamp=1566765308563 yoxwechatbusinessModel::set_user:BEGIN
[2019-08-26 04:35:10] trace  /app/ewei_shopv2_api.php?i=2&r=shop.get_shopindex&comefrom=wxapp&openid=sns_wa_oWJzS5FLVEYXjd3HRaCAY9LyyR_Y&mid=&merchid=&authkey=&timestamp=1566765308563 yoxwechatbusinessModel::set_user:END
[2019-08-26 04:35:12] trace  /app/ewei_shopv2_api.php?i=2&r=shop.get_shopindex&comefrom=wxapp&openid=sns_wa_oWJzS5FLVEYXjd3HRaCAY9LyyR_Y&mid=&merchid=&authkey=&timestamp=1566765311414 yoxwechatbusinessModel::set_user:BEGIN
[2019-08-26 04:35:12] trace  /app/ewei_shopv2_api.php?i=2&r=shop.get_shopindex&comefrom=wxapp&openid=sns_wa_oWJzS5FLVEYXjd3HRaCAY9LyyR_Y&mid=&merchid=&authkey=&timestamp=1566765311414 yoxwechatbusinessModel::set_user:END
[2019-08-26 04:35:13] trace  /app/ewei_shopv2_api.php?i=2&r=shop.get_cpinfos&comefrom=wxapp&openid=sns_wa_oWJzS5FLVEYXjd3HRaCAY9LyyR_Y&mid=&merchid=&authkey=&timestamp=1566765311435 yoxwechatbusinessModel::set_user:BEGIN
[2019-08-26 04:35:13] trace  /app/ewei_shopv2_api.php?i=2&r=shop.get_cpinfos&comefrom=wxapp&openid=sns_wa_oWJzS5FLVEYXjd3HRaCAY9LyyR_Y&mid=&merchid=&authkey=&timestamp=1566765311435 yoxwechatbusinessModel::set_user:END
[2019-08-26 04:35:13] trace  /app/ewei_shopv2_api.php?i=2&r=shop.get_hasnewcoupon&comefrom=wxapp&openid=sns_wa_oWJzS5FLVEYXjd3HRaCAY9LyyR_Y&mid=&merchid=&authkey=&timestamp=1566765311426 yoxwechatbusinessModel::set_user:BEGIN
[2019-08-26 04:35:13] trace  /app/ewei_shopv2_api.php?i=2&r=shop.get_hasnewcoupon&comefrom=wxapp&openid=sns_wa_oWJzS5FLVEYXjd3HRaCAY9LyyR_Y&mid=&merchid=&authkey=&timestamp=1566765311426 yoxwechatbusinessModel::set_user:END
[2019-08-26 11:24:39] trace  /app/ewei_shopv2_api.php?i=2&r=diypage&type=home&comefrom=wxapp&openid=sns_wa_oWJzS5F5cBG1J8QpI3JqxaC4A5kY&mid=&merchid=&authkey=&timestamp=1566789878689 yoxwechatbusinessModel::set_user:BEGIN
[2019-08-26 11:24:39] trace  /app/ewei_shopv2_api.php?i=2&r=diypage&type=home&comefrom=wxapp&openid=sns_wa_oWJzS5F5cBG1J8QpI3JqxaC4A5kY&mid=&merchid=&authkey=&timestamp=1566789878689 yoxwechatbusinessModel::set_user:END
[2019-08-26 11:24:40] trace  /app/ewei_shopv2_api.php?i=2&r=shop.get_cpinfos&comefrom=wxapp&openid=sns_wa_oWJzS5F5cBG1J8QpI3JqxaC4A5kY&mid=&merchid=&authkey=&timestamp=1566789878781 yoxwechatbusinessModel::set_user:BEGIN
[2019-08-26 11:24:40] trace  /app/ewei_shopv2_api.php?i=2&r=shop.get_cpinfos&comefrom=wxapp&openid=sns_wa_oWJzS5F5cBG1J8QpI3JqxaC4A5kY&mid=&merchid=&authkey=&timestamp=1566789878781 yoxwechatbusinessModel::set_user:END
[2019-08-26 11:24:40] trace  /app/ewei_shopv2_api.php?i=2&r=shop.get_hasnewcoupon&comefrom=wxapp&openid=sns_wa_oWJzS5F5cBG1J8QpI3JqxaC4A5kY&mid=&merchid=&authkey=&timestamp=1566789878759 yoxwechatbusinessModel::set_user:BEGIN
[2019-08-26 11:24:40] trace  /app/ewei_shopv2_api.php?i=2&r=shop.get_hasnewcoupon&comefrom=wxapp&openid=sns_wa_oWJzS5F5cBG1J8QpI3JqxaC4A5kY&mid=&merchid=&authkey=&timestamp=1566789878759 yoxwechatbusinessModel::set_user:END
[2019-08-26 11:24:40] trace  /app/ewei_shopv2_api.php?i=2&r=shop.get_shopindex&comefrom=wxapp&openid=sns_wa_oWJzS5F5cBG1J8QpI3JqxaC4A5kY&mid=&merchid=&authkey=&timestamp=1566789878738 yoxwechatbusinessModel::set_user:BEGIN
[2019-08-26 11:24:40] trace  /app/ewei_shopv2_api.php?i=2&r=shop.get_shopindex&comefrom=wxapp&openid=sns_wa_oWJzS5F5cBG1J8QpI3JqxaC4A5kY&mid=&merchid=&authkey=&timestamp=1566789878738 yoxwechatbusinessModel::set_user:END
[2019-08-26 11:24:41] trace  /app/ewei_shopv2_api.php?i=2&r=black&comefrom=wxapp&openid=sns_wa_oWJzS5F5cBG1J8QpI3JqxaC4A5kY&authkey=&timestamp=1566789878634 yoxwechatbusinessModel::set_user:BEGIN
[2019-08-26 11:24:41] trace  /app/ewei_shopv2_api.php?i=2&r=black&comefrom=wxapp&openid=sns_wa_oWJzS5F5cBG1J8QpI3JqxaC4A5kY&authkey=&timestamp=1566789878634 yoxwechatbusinessModel::set_user:END
[2019-08-26 11:25:07] trace  /app/ewei_shopv2_api.php?i=2&r=shop.get_shopindex&comefrom=wxapp&openid=sns_wa_oWJzS5F5cBG1J8QpI3JqxaC4A5kY&mid=&merchid=&authkey=YTIxZUptQTJnNmxwVUVzTnhkU1NQSU1vY3IydUNVdVMwVnZ0cUlIMWhhQzFwenl5di95N01oeHVJd0VKTy82YUM3MEI1eE1WSTRsNVZLeEJlNHFhQXF5WFd0TQ%3D%3D&timestamp=1566789907358 yoxwechatbusinessModel::set_user:BEGIN
[2019-08-26 11:25:07] trace  /app/ewei_shopv2_api.php?i=2&r=shop.get_shopindex&comefrom=wxapp&openid=sns_wa_oWJzS5F5cBG1J8QpI3JqxaC4A5kY&mid=&merchid=&authkey=YTIxZUptQTJnNmxwVUVzTnhkU1NQSU1vY3IydUNVdVMwVnZ0cUlIMWhhQzFwenl5di95N01oeHVJd0VKTy82YUM3MEI1eE1WSTRsNVZLeEJlNHFhQXF5WFd0TQ%3D%3D&timestamp=1566789907358 yoxwechatbusinessModel::set_user:END
[2019-08-26 11:25:08] trace  /app/ewei_shopv2_api.php?i=2&r=shop.get_hasnewcoupon&comefrom=wxapp&openid=sns_wa_oWJzS5F5cBG1J8QpI3JqxaC4A5kY&mid=&merchid=&authkey=YTIxZUptQTJnNmxwVUVzTnhkU1NQSU1vY3IydUNVdVMwVnZ0cUlIMWhhQzFwenl5di95N01oeHVJd0VKTy82YUM3MEI1eE1WSTRsNVZLeEJlNHFhQXF5WFd0TQ%3D%3D&timestamp=1566789907375 yoxwechatbusinessModel::set_user:BEGIN
[2019-08-26 11:25:08] trace  /app/ewei_shopv2_api.php?i=2&r=shop.get_hasnewcoupon&comefrom=wxapp&openid=sns_wa_oWJzS5F5cBG1J8QpI3JqxaC4A5kY&mid=&merchid=&authkey=YTIxZUptQTJnNmxwVUVzTnhkU1NQSU1vY3IydUNVdVMwVnZ0cUlIMWhhQzFwenl5di95N01oeHVJd0VKTy82YUM3MEI1eE1WSTRsNVZLeEJlNHFhQXF5WFd0TQ%3D%3D&timestamp=1566789907375 yoxwechatbusinessModel::set_user:END
[2019-08-26 11:25:08] trace  /app/ewei_shopv2_api.php?i=2&r=shop.get_cpinfos&comefrom=wxapp&openid=sns_wa_oWJzS5F5cBG1J8QpI3JqxaC4A5kY&mid=&merchid=&authkey=YTIxZUptQTJnNmxwVUVzTnhkU1NQSU1vY3IydUNVdVMwVnZ0cUlIMWhhQzFwenl5di95N01oeHVJd0VKTy82YUM3MEI1eE1WSTRsNVZLeEJlNHFhQXF5WFd0TQ%3D%3D&timestamp=1566789907426 yoxwechatbusinessModel::set_user:BEGIN
[2019-08-26 11:25:08] trace  /app/ewei_shopv2_api.php?i=2&r=shop.get_cpinfos&comefrom=wxapp&openid=sns_wa_oWJzS5F5cBG1J8QpI3JqxaC4A5kY&mid=&merchid=&authkey=YTIxZUptQTJnNmxwVUVzTnhkU1NQSU1vY3IydUNVdVMwVnZ0cUlIMWhhQzFwenl5di95N01oeHVJd0VKTy82YUM3MEI1eE1WSTRsNVZLeEJlNHFhQXF5WFd0TQ%3D%3D&timestamp=1566789907426 yoxwechatbusinessModel::set_user:END
[2019-08-26 11:25:10] trace  /app/ewei_shopv2_api.php?i=2&r=diypage&type=goodsdetail&comefrom=wxapp&openid=sns_wa_oWJzS5F5cBG1J8QpI3JqxaC4A5kY&mid=&merchid=&authkey=&timestamp=1566789909698 yoxwechatbusinessModel::set_user:BEGIN
[2019-08-26 11:25:10] trace  /app/ewei_shopv2_api.php?i=2&r=diypage&type=goodsdetail&comefrom=wxapp&openid=sns_wa_oWJzS5F5cBG1J8QpI3JqxaC4A5kY&mid=&merchid=&authkey=&timestamp=1566789909698 yoxwechatbusinessModel::set_user:END
[2019-08-26 11:25:10] trace  /app/ewei_shopv2_api.php?i=2&r=black&comefrom=wxapp&openid=sns_wa_oWJzS5F5cBG1J8QpI3JqxaC4A5kY&mid=&merchid=&authkey=&timestamp=1566789909686 yoxwechatbusinessModel::set_user:BEGIN
[2019-08-26 11:25:10] trace  /app/ewei_shopv2_api.php?i=2&r=black&comefrom=wxapp&openid=sns_wa_oWJzS5F5cBG1J8QpI3JqxaC4A5kY&mid=&merchid=&authkey=&timestamp=1566789909686 yoxwechatbusinessModel::set_user:END
[2019-08-26 11:25:10] trace  /app/ewei_shopv2_api.php?i=2&r=goods.get_detail&id=63&comefrom=wxapp&openid=sns_wa_oWJzS5F5cBG1J8QpI3JqxaC4A5kY&mid=&merchid=&authkey=&timestamp=1566789909765 yoxwechatbusinessModel::set_user:BEGIN
[2019-08-26 11:25:10] trace  /app/ewei_shopv2_api.php?i=2&r=goods.get_detail&id=63&comefrom=wxapp&openid=sns_wa_oWJzS5F5cBG1J8QpI3JqxaC4A5kY&mid=&merchid=&authkey=&timestamp=1566789909765 yoxwechatbusinessModel::set_user:END
[2019-08-26 11:25:11] trace  /app/ewei_shopv2_api.php?i=2&r=package.get_list&goodsid=63&comefrom=wxapp&openid=sns_wa_oWJzS5F5cBG1J8QpI3JqxaC4A5kY&mid=&merchid=&authkey=&timestamp=1566789910628 yoxwechatbusinessModel::set_user:BEGIN
[2019-08-26 11:25:11] trace  /app/ewei_shopv2_api.php?i=2&r=package.get_list&goodsid=63&comefrom=wxapp&openid=sns_wa_oWJzS5F5cBG1J8QpI3JqxaC4A5kY&mid=&merchid=&authkey=&timestamp=1566789910628 yoxwechatbusinessModel::set_user:END
[2019-08-26 11:25:11] trace  /app/ewei_shopv2_api.php?i=2&r=goods.get_comments&id=63&comefrom=wxapp&openid=sns_wa_oWJzS5F5cBG1J8QpI3JqxaC4A5kY&mid=&merchid=&authkey=&timestamp=1566789910838 yoxwechatbusinessModel::set_user:BEGIN
[2019-08-26 11:25:11] trace  /app/ewei_shopv2_api.php?i=2&r=goods.get_comments&id=63&comefrom=wxapp&openid=sns_wa_oWJzS5F5cBG1J8QpI3JqxaC4A5kY&mid=&merchid=&authkey=&timestamp=1566789910838 yoxwechatbusinessModel::set_user:END
[2019-08-26 11:25:14] trace  /app/ewei_shopv2_api.php?i=2&r=goods.get_picker&id=63&comefrom=wxapp&openid=sns_wa_oWJzS5F5cBG1J8QpI3JqxaC4A5kY&mid=&merchid=&authkey=&timestamp=1566789913748 yoxwechatbusinessModel::set_user:BEGIN
[2019-08-26 11:25:14] trace  /app/ewei_shopv2_api.php?i=2&r=goods.get_picker&id=63&comefrom=wxapp&openid=sns_wa_oWJzS5F5cBG1J8QpI3JqxaC4A5kY&mid=&merchid=&authkey=&timestamp=1566789913748 yoxwechatbusinessModel::set_user:END
[2019-08-26 11:25:20] trace  /app/ewei_shopv2_api.php?i=2&r=yoxwechatbusiness.user.my_info&isajax=1&comefrom=wxapp&openid=sns_wa_oWJzS5F5cBG1J8QpI3JqxaC4A5kY&mid=&merchid=&authkey=&timestamp=1566789920323 yoxwechatbusinessModel::set_user:BEGIN
[2019-08-26 11:25:20] trace  /app/ewei_shopv2_api.php?i=2&r=yoxwechatbusiness.user.my_info&isajax=1&comefrom=wxapp&openid=sns_wa_oWJzS5F5cBG1J8QpI3JqxaC4A5kY&mid=&merchid=&authkey=&timestamp=1566789920323 yoxwechatbusinessModel::set_user:END
[2019-08-26 11:26:02] trace  /app/ewei_shopv2_api.php?i=2&r=shop.get_shopindex&comefrom=wxapp&openid=sns_wa_oWJzS5F5cBG1J8QpI3JqxaC4A5kY&mid=&merchid=&authkey=&timestamp=1566789961733 yoxwechatbusinessModel::set_user:BEGIN
[2019-08-26 11:26:02] trace  /app/ewei_shopv2_api.php?i=2&r=shop.get_shopindex&comefrom=wxapp&openid=sns_wa_oWJzS5F5cBG1J8QpI3JqxaC4A5kY&mid=&merchid=&authkey=&timestamp=1566789961733 yoxwechatbusinessModel::set_user:END
[2019-08-26 11:26:02] trace  /app/ewei_shopv2_api.php?i=2&r=shop.get_cpinfos&comefrom=wxapp&openid=sns_wa_oWJzS5F5cBG1J8QpI3JqxaC4A5kY&mid=&merchid=&authkey=&timestamp=1566789961764 yoxwechatbusinessModel::set_user:BEGIN
[2019-08-26 11:26:02] trace  /app/ewei_shopv2_api.php?i=2&r=shop.get_cpinfos&comefrom=wxapp&openid=sns_wa_oWJzS5F5cBG1J8QpI3JqxaC4A5kY&mid=&merchid=&authkey=&timestamp=1566789961764 yoxwechatbusinessModel::set_user:END
[2019-08-26 11:26:02] trace  /app/ewei_shopv2_api.php?i=2&r=shop.get_hasnewcoupon&comefrom=wxapp&openid=sns_wa_oWJzS5F5cBG1J8QpI3JqxaC4A5kY&mid=&merchid=&authkey=&timestamp=1566789961752 yoxwechatbusinessModel::set_user:BEGIN
[2019-08-26 11:26:02] trace  /app/ewei_shopv2_api.php?i=2&r=shop.get_hasnewcoupon&comefrom=wxapp&openid=sns_wa_oWJzS5F5cBG1J8QpI3JqxaC4A5kY&mid=&merchid=&authkey=&timestamp=1566789961752 yoxwechatbusinessModel::set_user:END
[2019-08-26 11:26:03] trace  /app/ewei_shopv2_api.php?i=2&r=diypage&type=goodsdetail&comefrom=wxapp&openid=sns_wa_oWJzS5F5cBG1J8QpI3JqxaC4A5kY&mid=&merchid=&authkey=&timestamp=1566789963280 yoxwechatbusinessModel::set_user:BEGIN
[2019-08-26 11:26:03] trace  /app/ewei_shopv2_api.php?i=2&r=diypage&type=goodsdetail&comefrom=wxapp&openid=sns_wa_oWJzS5F5cBG1J8QpI3JqxaC4A5kY&mid=&merchid=&authkey=&timestamp=1566789963280 yoxwechatbusinessModel::set_user:END
[2019-08-26 11:26:03] trace  /app/ewei_shopv2_api.php?i=2&r=black&comefrom=wxapp&openid=sns_wa_oWJzS5F5cBG1J8QpI3JqxaC4A5kY&mid=&merchid=&authkey=&timestamp=1566789963267 yoxwechatbusinessModel::set_user:BEGIN
[2019-08-26 11:26:03] trace  /app/ewei_shopv2_api.php?i=2&r=black&comefrom=wxapp&openid=sns_wa_oWJzS5F5cBG1J8QpI3JqxaC4A5kY&mid=&merchid=&authkey=&timestamp=1566789963267 yoxwechatbusinessModel::set_user:END
[2019-08-26 11:26:04] trace  /app/ewei_shopv2_api.php?i=2&r=goods.get_detail&id=63&comefrom=wxapp&openid=sns_wa_oWJzS5F5cBG1J8QpI3JqxaC4A5kY&mid=&merchid=&authkey=&timestamp=1566789963354 yoxwechatbusinessModel::set_user:BEGIN
[2019-08-26 11:26:04] trace  /app/ewei_shopv2_api.php?i=2&r=goods.get_detail&id=63&comefrom=wxapp&openid=sns_wa_oWJzS5F5cBG1J8QpI3JqxaC4A5kY&mid=&merchid=&authkey=&timestamp=1566789963354 yoxwechatbusinessModel::set_user:END
[2019-08-26 11:26:04] trace  /app/ewei_shopv2_api.php?i=2&r=package.get_list&goodsid=63&comefrom=wxapp&openid=sns_wa_oWJzS5F5cBG1J8QpI3JqxaC4A5kY&mid=&merchid=&authkey=&timestamp=1566789964091 yoxwechatbusinessModel::set_user:BEGIN
[2019-08-26 11:26:04] trace  /app/ewei_shopv2_api.php?i=2&r=package.get_list&goodsid=63&comefrom=wxapp&openid=sns_wa_oWJzS5F5cBG1J8QpI3JqxaC4A5kY&mid=&merchid=&authkey=&timestamp=1566789964091 yoxwechatbusinessModel::set_user:END
[2019-08-26 11:26:04] trace  /app/ewei_shopv2_api.php?i=2&r=goods.get_comments&id=63&comefrom=wxapp&openid=sns_wa_oWJzS5F5cBG1J8QpI3JqxaC4A5kY&mid=&merchid=&authkey=&timestamp=1566789964211 yoxwechatbusinessModel::set_user:BEGIN
[2019-08-26 11:26:04] trace  /app/ewei_shopv2_api.php?i=2&r=goods.get_comments&id=63&comefrom=wxapp&openid=sns_wa_oWJzS5F5cBG1J8QpI3JqxaC4A5kY&mid=&merchid=&authkey=&timestamp=1566789964211 yoxwechatbusinessModel::set_user:END
[2019-08-26 11:26:10] trace  /app/ewei_shopv2_api.php?i=2&r=shop.get_hasnewcoupon&comefrom=wxapp&openid=sns_wa_oWJzS5F5cBG1J8QpI3JqxaC4A5kY&mid=&merchid=&authkey=&timestamp=1566789969923 yoxwechatbusinessModel::set_user:BEGIN
[2019-08-26 11:26:10] trace  /app/ewei_shopv2_api.php?i=2&r=shop.get_hasnewcoupon&comefrom=wxapp&openid=sns_wa_oWJzS5F5cBG1J8QpI3JqxaC4A5kY&mid=&merchid=&authkey=&timestamp=1566789969923 yoxwechatbusinessModel::set_user:END
[2019-08-26 11:26:10] trace  /app/ewei_shopv2_api.php?i=2&r=shop.get_shopindex&comefrom=wxapp&openid=sns_wa_oWJzS5F5cBG1J8QpI3JqxaC4A5kY&mid=&merchid=&authkey=&timestamp=1566789969907 yoxwechatbusinessModel::set_user:BEGIN
[2019-08-26 11:26:10] trace  /app/ewei_shopv2_api.php?i=2&r=shop.get_shopindex&comefrom=wxapp&openid=sns_wa_oWJzS5F5cBG1J8QpI3JqxaC4A5kY&mid=&merchid=&authkey=&timestamp=1566789969907 yoxwechatbusinessModel::set_user:END
[2019-08-26 11:26:10] trace  /app/ewei_shopv2_api.php?i=2&r=shop.get_cpinfos&comefrom=wxapp&openid=sns_wa_oWJzS5F5cBG1J8QpI3JqxaC4A5kY&mid=&merchid=&authkey=&timestamp=1566789969937 yoxwechatbusinessModel::set_user:BEGIN
[2019-08-26 11:26:10] trace  /app/ewei_shopv2_api.php?i=2&r=shop.get_cpinfos&comefrom=wxapp&openid=sns_wa_oWJzS5F5cBG1J8QpI3JqxaC4A5kY&mid=&merchid=&authkey=&timestamp=1566789969937 yoxwechatbusinessModel::set_user:END
[2019-08-26 11:26:13] trace  /app/ewei_shopv2_api.php?i=2&r=black&comefrom=wxapp&openid=sns_wa_oWJzS5F5cBG1J8QpI3JqxaC4A5kY&mid=&merchid=&authkey=&timestamp=1566789973187 yoxwechatbusinessModel::set_user:BEGIN
[2019-08-26 11:26:13] trace  /app/ewei_shopv2_api.php?i=2&r=black&comefrom=wxapp&openid=sns_wa_oWJzS5F5cBG1J8QpI3JqxaC4A5kY&mid=&merchid=&authkey=&timestamp=1566789973187 yoxwechatbusinessModel::set_user:END
[2019-08-26 11:26:13] trace  /app/ewei_shopv2_api.php?i=2&r=diypage&type=goodsdetail&comefrom=wxapp&openid=sns_wa_oWJzS5F5cBG1J8QpI3JqxaC4A5kY&mid=&merchid=&authkey=&timestamp=1566789973202 yoxwechatbusinessModel::set_user:BEGIN
[2019-08-26 11:26:13] trace  /app/ewei_shopv2_api.php?i=2&r=diypage&type=goodsdetail&comefrom=wxapp&openid=sns_wa_oWJzS5F5cBG1J8QpI3JqxaC4A5kY&mid=&merchid=&authkey=&timestamp=1566789973202 yoxwechatbusinessModel::set_user:END
[2019-08-26 11:26:13] trace  /app/ewei_shopv2_api.php?i=2&r=goods.get_detail&id=18&comefrom=wxapp&openid=sns_wa_oWJzS5F5cBG1J8QpI3JqxaC4A5kY&mid=&merchid=&authkey=&timestamp=1566789973298 yoxwechatbusinessModel::set_user:BEGIN
[2019-08-26 11:26:13] trace  /app/ewei_shopv2_api.php?i=2&r=goods.get_detail&id=18&comefrom=wxapp&openid=sns_wa_oWJzS5F5cBG1J8QpI3JqxaC4A5kY&mid=&merchid=&authkey=&timestamp=1566789973298 yoxwechatbusinessModel::set_user:END
[2019-08-26 11:26:14] trace  /app/ewei_shopv2_api.php?i=2&r=goods.get_comments&id=18&comefrom=wxapp&openid=sns_wa_oWJzS5F5cBG1J8QpI3JqxaC4A5kY&mid=&merchid=&authkey=&timestamp=1566789974090 yoxwechatbusinessModel::set_user:BEGIN
[2019-08-26 11:26:14] trace  /app/ewei_shopv2_api.php?i=2&r=goods.get_comments&id=18&comefrom=wxapp&openid=sns_wa_oWJzS5F5cBG1J8QpI3JqxaC4A5kY&mid=&merchid=&authkey=&timestamp=1566789974090 yoxwechatbusinessModel::set_user:END
[2019-08-26 11:26:21] trace  /app/ewei_shopv2_api.php?i=2&r=shop.get_shopindex&comefrom=wxapp&openid=sns_wa_oWJzS5F5cBG1J8QpI3JqxaC4A5kY&mid=&merchid=&authkey=&timestamp=1566789981191 yoxwechatbusinessModel::set_user:BEGIN
[2019-08-26 11:26:21] trace  /app/ewei_shopv2_api.php?i=2&r=shop.get_shopindex&comefrom=wxapp&openid=sns_wa_oWJzS5F5cBG1J8QpI3JqxaC4A5kY&mid=&merchid=&authkey=&timestamp=1566789981191 yoxwechatbusinessModel::set_user:END
[2019-08-26 11:26:21] trace  /app/ewei_shopv2_api.php?i=2&r=shop.get_hasnewcoupon&comefrom=wxapp&openid=sns_wa_oWJzS5F5cBG1J8QpI3JqxaC4A5kY&mid=&merchid=&authkey=&timestamp=1566789981205 yoxwechatbusinessModel::set_user:BEGIN
[2019-08-26 11:26:21] trace  /app/ewei_shopv2_api.php?i=2&r=shop.get_hasnewcoupon&comefrom=wxapp&openid=sns_wa_oWJzS5F5cBG1J8QpI3JqxaC4A5kY&mid=&merchid=&authkey=&timestamp=1566789981205 yoxwechatbusinessModel::set_user:END
[2019-08-26 11:26:21] trace  /app/ewei_shopv2_api.php?i=2&r=shop.get_cpinfos&comefrom=wxapp&openid=sns_wa_oWJzS5F5cBG1J8QpI3JqxaC4A5kY&mid=&merchid=&authkey=&timestamp=1566789981220 yoxwechatbusinessModel::set_user:BEGIN
[2019-08-26 11:26:21] trace  /app/ewei_shopv2_api.php?i=2&r=shop.get_cpinfos&comefrom=wxapp&openid=sns_wa_oWJzS5F5cBG1J8QpI3JqxaC4A5kY&mid=&merchid=&authkey=&timestamp=1566789981220 yoxwechatbusinessModel::set_user:END
[2019-08-26 11:58:25] trace  /app/ewei_shopv2_api.php?i=2&r=black&comefrom=wxapp&openid=sns_wa_oWJzS5H4n1EHkn_NIDxKJBS1xAYQ&authkey=MTNjMGhjTW9iMjNpTXZta0Z6VDdyTlB2NFh2WVhGRDZVZ2E0OVJTeExRN2tXbVNWZzY2dlJsTmFhTTY0eFBCYmhLQU1rMFlRaHd6dFFybitoU3FKTFdsNDE1dw%3D%3D&timestamp=1566791904882 yoxwechatbusinessModel::set_user:BEGIN
[2019-08-26 11:58:25] trace  /app/ewei_shopv2_api.php?i=2&r=black&comefrom=wxapp&openid=sns_wa_oWJzS5H4n1EHkn_NIDxKJBS1xAYQ&authkey=MTNjMGhjTW9iMjNpTXZta0Z6VDdyTlB2NFh2WVhGRDZVZ2E0OVJTeExRN2tXbVNWZzY2dlJsTmFhTTY0eFBCYmhLQU1rMFlRaHd6dFFybitoU3FKTFdsNDE1dw%3D%3D&timestamp=1566791904882 yoxwechatbusinessModel::set_user:END
[2019-08-26 11:58:26] trace  /app/ewei_shopv2_api.php?i=2&r=diypage&type=home&comefrom=wxapp&openid=sns_wa_oWJzS5H4n1EHkn_NIDxKJBS1xAYQ&mid=&merchid=&authkey=MTNjMGhjTW9iMjNpTXZta0Z6VDdyTlB2NFh2WVhGRDZVZ2E0OVJTeExRN2tXbVNWZzY2dlJsTmFhTTY0eFBCYmhLQU1rMFlRaHd6dFFybitoU3FKTFdsNDE1dw%3D%3D&timestamp=1566791904891 yoxwechatbusinessModel::set_user:BEGIN
[2019-08-26 11:58:26] trace  /app/ewei_shopv2_api.php?i=2&r=diypage&type=home&comefrom=wxapp&openid=sns_wa_oWJzS5H4n1EHkn_NIDxKJBS1xAYQ&mid=&merchid=&authkey=MTNjMGhjTW9iMjNpTXZta0Z6VDdyTlB2NFh2WVhGRDZVZ2E0OVJTeExRN2tXbVNWZzY2dlJsTmFhTTY0eFBCYmhLQU1rMFlRaHd6dFFybitoU3FKTFdsNDE1dw%3D%3D&timestamp=1566791904891 yoxwechatbusinessModel::set_user:END
[2019-08-26 11:58:26] trace  /app/ewei_shopv2_api.php?i=2&r=shop.get_shopindex&comefrom=wxapp&openid=sns_wa_oWJzS5H4n1EHkn_NIDxKJBS1xAYQ&mid=&merchid=&authkey=MTNjMGhjTW9iMjNpTXZta0Z6VDdyTlB2NFh2WVhGRDZVZ2E0OVJTeExRN2tXbVNWZzY2dlJsTmFhTTY0eFBCYmhLQU1rMFlRaHd6dFFybitoU3FKTFdsNDE1dw%3D%3D&timestamp=1566791904900 yoxwechatbusinessModel::set_user:BEGIN
[2019-08-26 11:58:26] trace  /app/ewei_shopv2_api.php?i=2&r=shop.get_shopindex&comefrom=wxapp&openid=sns_wa_oWJzS5H4n1EHkn_NIDxKJBS1xAYQ&mid=&merchid=&authkey=MTNjMGhjTW9iMjNpTXZta0Z6VDdyTlB2NFh2WVhGRDZVZ2E0OVJTeExRN2tXbVNWZzY2dlJsTmFhTTY0eFBCYmhLQU1rMFlRaHd6dFFybitoU3FKTFdsNDE1dw%3D%3D&timestamp=1566791904900 yoxwechatbusinessModel::set_user:END
[2019-08-26 11:58:26] trace  /app/ewei_shopv2_api.php?i=2&r=shop.get_hasnewcoupon&comefrom=wxapp&openid=sns_wa_oWJzS5H4n1EHkn_NIDxKJBS1xAYQ&mid=&merchid=&authkey=MTNjMGhjTW9iMjNpTXZta0Z6VDdyTlB2NFh2WVhGRDZVZ2E0OVJTeExRN2tXbVNWZzY2dlJsTmFhTTY0eFBCYmhLQU1rMFlRaHd6dFFybitoU3FKTFdsNDE1dw%3D%3D&timestamp=1566791904903 yoxwechatbusinessModel::set_user:BEGIN
[2019-08-26 11:58:26] trace  /app/ewei_shopv2_api.php?i=2&r=shop.get_hasnewcoupon&comefrom=wxapp&openid=sns_wa_oWJzS5H4n1EHkn_NIDxKJBS1xAYQ&mid=&merchid=&authkey=MTNjMGhjTW9iMjNpTXZta0Z6VDdyTlB2NFh2WVhGRDZVZ2E0OVJTeExRN2tXbVNWZzY2dlJsTmFhTTY0eFBCYmhLQU1rMFlRaHd6dFFybitoU3FKTFdsNDE1dw%3D%3D&timestamp=1566791904903 yoxwechatbusinessModel::set_user:END
[2019-08-26 11:58:27] trace  /app/ewei_shopv2_api.php?i=2&r=shop.get_cpinfos&comefrom=wxapp&openid=sns_wa_oWJzS5H4n1EHkn_NIDxKJBS1xAYQ&mid=&merchid=&authkey=MTNjMGhjTW9iMjNpTXZta0Z6VDdyTlB2NFh2WVhGRDZVZ2E0OVJTeExRN2tXbVNWZzY2dlJsTmFhTTY0eFBCYmhLQU1rMFlRaHd6dFFybitoU3FKTFdsNDE1dw%3D%3D&timestamp=1566791904915 yoxwechatbusinessModel::set_user:BEGIN
[2019-08-26 11:58:27] trace  /app/ewei_shopv2_api.php?i=2&r=shop.get_cpinfos&comefrom=wxapp&openid=sns_wa_oWJzS5H4n1EHkn_NIDxKJBS1xAYQ&mid=&merchid=&authkey=MTNjMGhjTW9iMjNpTXZta0Z6VDdyTlB2NFh2WVhGRDZVZ2E0OVJTeExRN2tXbVNWZzY2dlJsTmFhTTY0eFBCYmhLQU1rMFlRaHd6dFFybitoU3FKTFdsNDE1dw%3D%3D&timestamp=1566791904915 yoxwechatbusinessModel::set_user:END
[2019-08-26 14:25:20] trace  /app/ewei_shopv2_api.php?i=2&r=cacheset&version=&comefrom=wxapp&openid=sns_wa_oWJzS5P3608qDh0FaoGLh9DjI-ro&mid=&merchid=&authkey=OTliMFl4dFRkZFlxcjhtcS83KytJc1Q2dE8zL1N3aTV3SHRkVUpObWZpUVNGTTBQMlM0ZWsvYUJaaFY0Y1g0cGRBWlRrSUZmNUVnMW1hSSthekdkcDFHeVE4NA%3D%3D&timestamp=1566800718700 yoxwechatbusinessModel::set_user:BEGIN
[2019-08-26 14:25:20] trace  /app/ewei_shopv2_api.php?i=2&r=cacheset&version=&comefrom=wxapp&openid=sns_wa_oWJzS5P3608qDh0FaoGLh9DjI-ro&mid=&merchid=&authkey=OTliMFl4dFRkZFlxcjhtcS83KytJc1Q2dE8zL1N3aTV3SHRkVUpObWZpUVNGTTBQMlM0ZWsvYUJaaFY0Y1g0cGRBWlRrSUZmNUVnMW1hSSthekdkcDFHeVE4NA%3D%3D&timestamp=1566800718700 yoxwechatbusinessModel::set_user:END
[2019-08-26 14:25:21] trace  /app/ewei_shopv2_api.php?i=2&r=cacheset&version=&comefrom=wxapp&openid=sns_wa_oWJzS5P3608qDh0FaoGLh9DjI-ro&mid=&merchid=&authkey=NDRhYVNQNElvd1lsZzJ6L0lraUtLL2pSSVAxQ1dva0lRb2NUanllYTR0N3RIeXlEVXQ5VzNkVEh1QzB6RkZiSHVMdWFraFF6VFZOVncrMGcyVW0wdkgvSGJOdw%3D%3D&timestamp=1566800718890 yoxwechatbusinessModel::set_user:BEGIN
[2019-08-26 14:25:21] trace  /app/ewei_shopv2_api.php?i=2&r=cacheset&version=&comefrom=wxapp&openid=sns_wa_oWJzS5P3608qDh0FaoGLh9DjI-ro&mid=&merchid=&authkey=NDRhYVNQNElvd1lsZzJ6L0lraUtLL2pSSVAxQ1dva0lRb2NUanllYTR0N3RIeXlEVXQ5VzNkVEh1QzB6RkZiSHVMdWFraFF6VFZOVncrMGcyVW0wdkgvSGJOdw%3D%3D&timestamp=1566800718890 yoxwechatbusinessModel::set_user:END
[2019-08-26 16:03:54] trace  /app/ewei_shopv2_api.php?i=2&r=shop.get_cpinfos&comefrom=wxapp&openid=sns_wa_oWJzS5Ag7aftNuoctwWWaX4qst_I&mid=&merchid=&authkey=MTFhZGwzbGdEbGQwLzM2bHpPclRJUVBvb25Vd3dqQlhSNDFYTFZQR0FzS25Hbyt6Y2dyR3dLdUJMT1h1NXdqeHFtM0JyTWlUV1hTYkQxdUJhRXN1R3RKOHVqcw%3D%3D&timestamp=1566806632100 yoxwechatbusinessModel::set_user:BEGIN
[2019-08-26 16:03:54] trace  /app/ewei_shopv2_api.php?i=2&r=shop.get_cpinfos&comefrom=wxapp&openid=sns_wa_oWJzS5Ag7aftNuoctwWWaX4qst_I&mid=&merchid=&authkey=MTFhZGwzbGdEbGQwLzM2bHpPclRJUVBvb25Vd3dqQlhSNDFYTFZQR0FzS25Hbyt6Y2dyR3dLdUJMT1h1NXdqeHFtM0JyTWlUV1hTYkQxdUJhRXN1R3RKOHVqcw%3D%3D&timestamp=1566806632100 yoxwechatbusinessModel::set_user:END
[2019-08-26 16:03:54] trace  /app/ewei_shopv2_api.php?i=2&r=black&comefrom=wxapp&openid=sns_wa_oWJzS5Ag7aftNuoctwWWaX4qst_I&authkey=MTFhZGwzbGdEbGQwLzM2bHpPclRJUVBvb25Vd3dqQlhSNDFYTFZQR0FzS25Hbyt6Y2dyR3dLdUJMT1h1NXdqeHFtM0JyTWlUV1hTYkQxdUJhRXN1R3RKOHVqcw%3D%3D&timestamp=1566806631935 yoxwechatbusinessModel::set_user:BEGIN
[2019-08-26 16:03:54] trace  /app/ewei_shopv2_api.php?i=2&r=black&comefrom=wxapp&openid=sns_wa_oWJzS5Ag7aftNuoctwWWaX4qst_I&authkey=MTFhZGwzbGdEbGQwLzM2bHpPclRJUVBvb25Vd3dqQlhSNDFYTFZQR0FzS25Hbyt6Y2dyR3dLdUJMT1h1NXdqeHFtM0JyTWlUV1hTYkQxdUJhRXN1R3RKOHVqcw%3D%3D&timestamp=1566806631935 yoxwechatbusinessModel::set_user:END
[2019-08-26 16:03:55] trace  /app/ewei_shopv2_api.php?i=2&r=shop.get_hasnewcoupon&comefrom=wxapp&openid=sns_wa_oWJzS5Ag7aftNuoctwWWaX4qst_I&mid=&merchid=&authkey=MTFhZGwzbGdEbGQwLzM2bHpPclRJUVBvb25Vd3dqQlhSNDFYTFZQR0FzS25Hbyt6Y2dyR3dLdUJMT1h1NXdqeHFtM0JyTWlUV1hTYkQxdUJhRXN1R3RKOHVqcw%3D%3D&timestamp=1566806632080 yoxwechatbusinessModel::set_user:BEGIN
[2019-08-26 16:03:55] trace  /app/ewei_shopv2_api.php?i=2&r=shop.get_hasnewcoupon&comefrom=wxapp&openid=sns_wa_oWJzS5Ag7aftNuoctwWWaX4qst_I&mid=&merchid=&authkey=MTFhZGwzbGdEbGQwLzM2bHpPclRJUVBvb25Vd3dqQlhSNDFYTFZQR0FzS25Hbyt6Y2dyR3dLdUJMT1h1NXdqeHFtM0JyTWlUV1hTYkQxdUJhRXN1R3RKOHVqcw%3D%3D&timestamp=1566806632080 yoxwechatbusinessModel::set_user:END
[2019-08-26 16:03:55] trace  /app/ewei_shopv2_api.php?i=2&r=diypage&type=home&comefrom=wxapp&openid=sns_wa_oWJzS5Ag7aftNuoctwWWaX4qst_I&mid=&merchid=&authkey=MTFhZGwzbGdEbGQwLzM2bHpPclRJUVBvb25Vd3dqQlhSNDFYTFZQR0FzS25Hbyt6Y2dyR3dLdUJMT1h1NXdqeHFtM0JyTWlUV1hTYkQxdUJhRXN1R3RKOHVqcw%3D%3D&timestamp=1566806631990 yoxwechatbusinessModel::set_user:BEGIN
[2019-08-26 16:03:55] trace  /app/ewei_shopv2_api.php?i=2&r=diypage&type=home&comefrom=wxapp&openid=sns_wa_oWJzS5Ag7aftNuoctwWWaX4qst_I&mid=&merchid=&authkey=MTFhZGwzbGdEbGQwLzM2bHpPclRJUVBvb25Vd3dqQlhSNDFYTFZQR0FzS25Hbyt6Y2dyR3dLdUJMT1h1NXdqeHFtM0JyTWlUV1hTYkQxdUJhRXN1R3RKOHVqcw%3D%3D&timestamp=1566806631990 yoxwechatbusinessModel::set_user:END
[2019-08-26 16:03:55] trace  /app/ewei_shopv2_api.php?i=2&r=shop.get_shopindex&comefrom=wxapp&openid=sns_wa_oWJzS5Ag7aftNuoctwWWaX4qst_I&mid=&merchid=&authkey=MTFhZGwzbGdEbGQwLzM2bHpPclRJUVBvb25Vd3dqQlhSNDFYTFZQR0FzS25Hbyt6Y2dyR3dLdUJMT1h1NXdqeHFtM0JyTWlUV1hTYkQxdUJhRXN1R3RKOHVqcw%3D%3D&timestamp=1566806632058 yoxwechatbusinessModel::set_user:BEGIN
[2019-08-26 16:03:55] trace  /app/ewei_shopv2_api.php?i=2&r=shop.get_shopindex&comefrom=wxapp&openid=sns_wa_oWJzS5Ag7aftNuoctwWWaX4qst_I&mid=&merchid=&authkey=MTFhZGwzbGdEbGQwLzM2bHpPclRJUVBvb25Vd3dqQlhSNDFYTFZQR0FzS25Hbyt6Y2dyR3dLdUJMT1h1NXdqeHFtM0JyTWlUV1hTYkQxdUJhRXN1R3RKOHVqcw%3D%3D&timestamp=1566806632058 yoxwechatbusinessModel::set_user:END
[2019-08-26 17:04:42] trace  /app/ewei_shopv2_api.php?i=2&r=shop.get_shopindex&comefrom=wxapp&openid=sns_wa_oWJzS5Ag7aftNuoctwWWaX4qst_I&mid=&merchid=&authkey=OTlkN3JHM2N1NjZyQ3hwa1k3WE5BeUlwRXRGeGpmS3ZvLzUyTnpjVkhRei92ZHVTbkFqalJ2aGNxMGhJb1lDaytaTzM1amx5NnlHN0hVVFJ4YmV5MmNiZnJKMA%3D%3D&timestamp=1566810281121 yoxwechatbusinessModel::set_user:BEGIN
[2019-08-26 17:04:42] trace  /app/ewei_shopv2_api.php?i=2&r=shop.get_shopindex&comefrom=wxapp&openid=sns_wa_oWJzS5Ag7aftNuoctwWWaX4qst_I&mid=&merchid=&authkey=OTlkN3JHM2N1NjZyQ3hwa1k3WE5BeUlwRXRGeGpmS3ZvLzUyTnpjVkhRei92ZHVTbkFqalJ2aGNxMGhJb1lDaytaTzM1amx5NnlHN0hVVFJ4YmV5MmNiZnJKMA%3D%3D&timestamp=1566810281121 yoxwechatbusinessModel::set_user:END
[2019-08-26 17:04:43] trace  /app/ewei_shopv2_api.php?i=2&r=shop.get_cpinfos&comefrom=wxapp&openid=sns_wa_oWJzS5Ag7aftNuoctwWWaX4qst_I&mid=&merchid=&authkey=OTlkN3JHM2N1NjZyQ3hwa1k3WE5BeUlwRXRGeGpmS3ZvLzUyTnpjVkhRei92ZHVTbkFqalJ2aGNxMGhJb1lDaytaTzM1amx5NnlHN0hVVFJ4YmV5MmNiZnJKMA%3D%3D&timestamp=1566810281162 yoxwechatbusinessModel::set_user:BEGIN
[2019-08-26 17:04:43] trace  /app/ewei_shopv2_api.php?i=2&r=shop.get_cpinfos&comefrom=wxapp&openid=sns_wa_oWJzS5Ag7aftNuoctwWWaX4qst_I&mid=&merchid=&authkey=OTlkN3JHM2N1NjZyQ3hwa1k3WE5BeUlwRXRGeGpmS3ZvLzUyTnpjVkhRei92ZHVTbkFqalJ2aGNxMGhJb1lDaytaTzM1amx5NnlHN0hVVFJ4YmV5MmNiZnJKMA%3D%3D&timestamp=1566810281162 yoxwechatbusinessModel::set_user:END
[2019-08-26 17:04:43] trace  /app/ewei_shopv2_api.php?i=2&r=diypage&type=home&comefrom=wxapp&openid=sns_wa_oWJzS5Ag7aftNuoctwWWaX4qst_I&mid=&merchid=&authkey=OTlkN3JHM2N1NjZyQ3hwa1k3WE5BeUlwRXRGeGpmS3ZvLzUyTnpjVkhRei92ZHVTbkFqalJ2aGNxMGhJb1lDaytaTzM1amx5NnlHN0hVVFJ4YmV5MmNiZnJKMA%3D%3D&timestamp=1566810281061 yoxwechatbusinessModel::set_user:BEGIN
[2019-08-26 17:04:43] trace  /app/ewei_shopv2_api.php?i=2&r=diypage&type=home&comefrom=wxapp&openid=sns_wa_oWJzS5Ag7aftNuoctwWWaX4qst_I&mid=&merchid=&authkey=OTlkN3JHM2N1NjZyQ3hwa1k3WE5BeUlwRXRGeGpmS3ZvLzUyTnpjVkhRei92ZHVTbkFqalJ2aGNxMGhJb1lDaytaTzM1amx5NnlHN0hVVFJ4YmV5MmNiZnJKMA%3D%3D&timestamp=1566810281061 yoxwechatbusinessModel::set_user:END
[2019-08-26 17:04:43] trace  /app/ewei_shopv2_api.php?i=2&r=shop.get_hasnewcoupon&comefrom=wxapp&openid=sns_wa_oWJzS5Ag7aftNuoctwWWaX4qst_I&mid=&merchid=&authkey=OTlkN3JHM2N1NjZyQ3hwa1k3WE5BeUlwRXRGeGpmS3ZvLzUyTnpjVkhRei92ZHVTbkFqalJ2aGNxMGhJb1lDaytaTzM1amx5NnlHN0hVVFJ4YmV5MmNiZnJKMA%3D%3D&timestamp=1566810281142 yoxwechatbusinessModel::set_user:BEGIN
[2019-08-26 17:04:43] trace  /app/ewei_shopv2_api.php?i=2&r=shop.get_hasnewcoupon&comefrom=wxapp&openid=sns_wa_oWJzS5Ag7aftNuoctwWWaX4qst_I&mid=&merchid=&authkey=OTlkN3JHM2N1NjZyQ3hwa1k3WE5BeUlwRXRGeGpmS3ZvLzUyTnpjVkhRei92ZHVTbkFqalJ2aGNxMGhJb1lDaytaTzM1amx5NnlHN0hVVFJ4YmV5MmNiZnJKMA%3D%3D&timestamp=1566810281142 yoxwechatbusinessModel::set_user:END
[2019-08-26 17:04:44] trace  /app/ewei_shopv2_api.php?i=2&r=black&comefrom=wxapp&openid=sns_wa_oWJzS5Ag7aftNuoctwWWaX4qst_I&mid=&merchid=&authkey=OTlkN3JHM2N1NjZyQ3hwa1k3WE5BeUlwRXRGeGpmS3ZvLzUyTnpjVkhRei92ZHVTbkFqalJ2aGNxMGhJb1lDaytaTzM1amx5NnlHN0hVVFJ4YmV5MmNiZnJKMA%3D%3D&timestamp=1566810281010 yoxwechatbusinessModel::set_user:BEGIN
[2019-08-26 17:04:44] trace  /app/ewei_shopv2_api.php?i=2&r=black&comefrom=wxapp&openid=sns_wa_oWJzS5Ag7aftNuoctwWWaX4qst_I&mid=&merchid=&authkey=OTlkN3JHM2N1NjZyQ3hwa1k3WE5BeUlwRXRGeGpmS3ZvLzUyTnpjVkhRei92ZHVTbkFqalJ2aGNxMGhJb1lDaytaTzM1amx5NnlHN0hVVFJ4YmV5MmNiZnJKMA%3D%3D&timestamp=1566810281010 yoxwechatbusinessModel::set_user:END
[2019-08-26 17:36:04] trace  /app/ewei_shopv2_api.php?i=2&r=diypage&type=home&comefrom=wxapp&openid=sns_wa_oWJzS5PmQIH1M0GB_dN8lwcPwCpc&mid=&merchid=&authkey=&timestamp=1566812164221 yoxwechatbusinessModel::set_user:BEGIN
[2019-08-26 17:36:05] trace  /app/ewei_shopv2_api.php?i=2&r=black&comefrom=wxapp&openid=sns_wa_oWJzS5PmQIH1M0GB_dN8lwcPwCpc&authkey=&timestamp=1566812164185 yoxwechatbusinessModel::set_user:BEGIN
[2019-08-26 17:36:05] trace  /app/ewei_shopv2_api.php?i=2&r=shop.get_cpinfos&comefrom=wxapp&openid=sns_wa_oWJzS5PmQIH1M0GB_dN8lwcPwCpc&mid=&merchid=&authkey=&timestamp=1566812164288 yoxwechatbusinessModel::set_user:BEGIN
[2019-08-26 17:36:05] trace  /app/ewei_shopv2_api.php?i=2&r=shop.get_hasnewcoupon&comefrom=wxapp&openid=sns_wa_oWJzS5PmQIH1M0GB_dN8lwcPwCpc&mid=&merchid=&authkey=&timestamp=1566812164276 yoxwechatbusinessModel::set_user:BEGIN
[2019-08-26 17:36:06] trace  /app/ewei_shopv2_api.php?i=2&r=shop.get_shopindex&comefrom=wxapp&openid=sns_wa_oWJzS5PmQIH1M0GB_dN8lwcPwCpc&mid=&merchid=&authkey=&timestamp=1566812164263 yoxwechatbusinessModel::set_user:BEGIN
[2019-08-26 17:36:07] trace  /app/ewei_shopv2_api.php?i=2&r=cacheset&version=&comefrom=wxapp&openid=sns_wa_oWJzS5PmQIH1M0GB_dN8lwcPwCpc&mid=&merchid=&authkey=MGE4NkRpcVVCdlA2K2tLYlM1dE9BT1pNU1NvQ0pMUHdwSUFndStEaXFKRHluQzhqMmVIZHd5czVUck9VQjl0eHhocFBka2E1Rmp4ajhjUCsrOWRMOEVqRkRLa0Y1VXhpdmw2Z0tndTBVbGUxRnc%3D&timestamp=1566812166751 yoxwechatbusinessModel::set_user:BEGIN
[2019-08-26 17:36:07] trace  /app/ewei_shopv2_api.php?i=2&r=cacheset&version=&comefrom=wxapp&openid=sns_wa_oWJzS5PmQIH1M0GB_dN8lwcPwCpc&mid=&merchid=&authkey=Y2M5MzZNY3laTkwwSm5ZckpmZThnL2gwQjVWc2RaSDZQTk85SUVwdDB1cU56QVltd29kS0tOK0RIM2dhZnVuUnJXZDVtcVVXbkRvNEdBcGx5YThPV205dEFlT253ZCtrenhKdlhzRnRLUVcwSGc%3D&timestamp=1566812167077 yoxwechatbusinessModel::set_user:BEGIN
[2019-08-26 17:36:29] trace  /app/ewei_shopv2_api.php?i=2&r=bargain.act&comefrom=wxapp&openid=sns_wa_oWJzS5PmQIH1M0GB_dN8lwcPwCpc&mid=&merchid=&authkey=&timestamp=1566812188713 yoxwechatbusinessModel::set_user:BEGIN
[2019-08-26 17:36:29] trace  /app/ewei_shopv2_api.php?i=2&r=yoxwechatbusiness&isajax=1&comefrom=wxapp&openid=sns_wa_oWJzS5PmQIH1M0GB_dN8lwcPwCpc&mid=&merchid=&authkey=&timestamp=1566812188699 yoxwechatbusinessModel::set_user:BEGIN
[2019-08-26 17:36:45] trace  /app/ewei_shopv2_api.php?i=2&r=shop.get_hasnewcoupon&comefrom=wxapp&openid=sns_wa_oWJzS5PmQIH1M0GB_dN8lwcPwCpc&mid=&merchid=&authkey=&timestamp=1566812204815 yoxwechatbusinessModel::set_user:BEGIN
[2019-08-26 17:36:45] trace  /app/ewei_shopv2_api.php?i=2&r=shop.get_cpinfos&comefrom=wxapp&openid=sns_wa_oWJzS5PmQIH1M0GB_dN8lwcPwCpc&mid=&merchid=&authkey=&timestamp=1566812204826 yoxwechatbusinessModel::set_user:BEGIN
[2019-08-26 17:36:45] trace  /app/ewei_shopv2_api.php?i=2&r=shop.get_shopindex&comefrom=wxapp&openid=sns_wa_oWJzS5PmQIH1M0GB_dN8lwcPwCpc&mid=&merchid=&authkey=&timestamp=1566812204801 yoxwechatbusinessModel::set_user:BEGIN
[2019-08-26 17:36:58] trace  /app/ewei_shopv2_api.php?i=2&r=black&comefrom=wxapp&openid=sns_wa_oWJzS5PmQIH1M0GB_dN8lwcPwCpc&mid=&merchid=&authkey=&timestamp=1566812218069 yoxwechatbusinessModel::set_user:BEGIN
[2019-08-26 17:36:58] trace  /app/ewei_shopv2_api.php?i=2&r=diypage&type=home&comefrom=wxapp&openid=sns_wa_oWJzS5PmQIH1M0GB_dN8lwcPwCpc&mid=&merchid=&authkey=&timestamp=1566812218113 yoxwechatbusinessModel::set_user:BEGIN
[2019-08-26 17:36:58] trace  /app/ewei_shopv2_api.php?i=2&r=shop.get_shopindex&comefrom=wxapp&openid=sns_wa_oWJzS5PmQIH1M0GB_dN8lwcPwCpc&mid=&merchid=&authkey=&timestamp=1566812218167 yoxwechatbusinessModel::set_user:BEGIN
[2019-08-26 17:36:58] trace  /app/ewei_shopv2_api.php?i=2&r=shop.get_hasnewcoupon&comefrom=wxapp&openid=sns_wa_oWJzS5PmQIH1M0GB_dN8lwcPwCpc&mid=&merchid=&authkey=&timestamp=1566812218184 yoxwechatbusinessModel::set_user:BEGIN
[2019-08-26 17:36:59] trace  /app/ewei_shopv2_api.php?i=2&r=shop.get_cpinfos&comefrom=wxapp&openid=sns_wa_oWJzS5PmQIH1M0GB_dN8lwcPwCpc&mid=&merchid=&authkey=&timestamp=1566812218197 yoxwechatbusinessModel::set_user:BEGIN
[2019-08-26 17:37:02] trace  /app/ewei_shopv2_api.php?i=2&r=bargain.act&comefrom=wxapp&openid=sns_wa_oWJzS5PmQIH1M0GB_dN8lwcPwCpc&mid=&merchid=&authkey=&timestamp=1566812222269 yoxwechatbusinessModel::set_user:BEGIN
[2019-08-26 17:37:02] trace  /app/ewei_shopv2_api.php?i=2&r=yoxwechatbusiness&isajax=1&comefrom=wxapp&openid=sns_wa_oWJzS5PmQIH1M0GB_dN8lwcPwCpc&mid=&merchid=&authkey=&timestamp=1566812222253 yoxwechatbusinessModel::set_user:BEGIN
[2019-08-26 17:37:14] trace  /app/ewei_shopv2_api.php?i=2&r=shop.get_hasnewcoupon&comefrom=wxapp&openid=sns_wa_oWJzS5PmQIH1M0GB_dN8lwcPwCpc&mid=&merchid=&authkey=&timestamp=1566812234499 yoxwechatbusinessModel::set_user:BEGIN
[2019-08-26 17:37:15] trace  /app/ewei_shopv2_api.php?i=2&r=shop.get_cpinfos&comefrom=wxapp&openid=sns_wa_oWJzS5PmQIH1M0GB_dN8lwcPwCpc&mid=&merchid=&authkey=&timestamp=1566812234517 yoxwechatbusinessModel::set_user:BEGIN
[2019-08-26 17:37:15] trace  /app/ewei_shopv2_api.php?i=2&r=shop.get_shopindex&comefrom=wxapp&openid=sns_wa_oWJzS5PmQIH1M0GB_dN8lwcPwCpc&mid=&merchid=&authkey=&timestamp=1566812234480 yoxwechatbusinessModel::set_user:BEGIN
[2019-08-26 17:37:15] trace  /app/ewei_shopv2_api.php?i=2&r=shop.get_shopindex&comefrom=wxapp&openid=sns_wa_oWJzS5PmQIH1M0GB_dN8lwcPwCpc&mid=&merchid=&authkey=&timestamp=1566812235401 yoxwechatbusinessModel::set_user:BEGIN
[2019-08-26 17:37:16] trace  /app/ewei_shopv2_api.php?i=2&r=shop.get_cpinfos&comefrom=wxapp&openid=sns_wa_oWJzS5PmQIH1M0GB_dN8lwcPwCpc&mid=&merchid=&authkey=&timestamp=1566812235442 yoxwechatbusinessModel::set_user:BEGIN
[2019-08-26 17:37:16] trace  /app/ewei_shopv2_api.php?i=2&r=shop.get_hasnewcoupon&comefrom=wxapp&openid=sns_wa_oWJzS5PmQIH1M0GB_dN8lwcPwCpc&mid=&merchid=&authkey=&timestamp=1566812235425 yoxwechatbusinessModel::set_user:BEGIN
[2019-08-26 17:37:21] trace  /app/ewei_shopv2_api.php?i=2&r=shop.get_shopindex&comefrom=wxapp&openid=sns_wa_oWJzS5PmQIH1M0GB_dN8lwcPwCpc&mid=&merchid=&authkey=&timestamp=1566812241299 yoxwechatbusinessModel::set_user:BEGIN
[2019-08-26 17:37:21] trace  /app/ewei_shopv2_api.php?i=2&r=shop.get_hasnewcoupon&comefrom=wxapp&openid=sns_wa_oWJzS5PmQIH1M0GB_dN8lwcPwCpc&mid=&merchid=&authkey=&timestamp=1566812241319 yoxwechatbusinessModel::set_user:BEGIN
[2019-08-26 17:37:22] trace  /app/ewei_shopv2_api.php?i=2&r=shop.get_cpinfos&comefrom=wxapp&openid=sns_wa_oWJzS5PmQIH1M0GB_dN8lwcPwCpc&mid=&merchid=&authkey=&timestamp=1566812241338 yoxwechatbusinessModel::set_user:BEGIN
[2019-08-26 17:49:28] trace  /app/ewei_shopv2_api.php?i=2&r=cacheset&version=&comefrom=wxapp&openid=sns_wa_oWJzS5D9tfP5mzMP7QARg9EwiKI8&authkey=MTViM0Vab0lLdzJqUDJvV04xRC9DVTFVS0Z3c1paRXZaYU93TXRFejdXT2dFQTVEVk9Zb1V5VFZ4UHFBejlmT1JwTStJMDhh&timestamp=1566812967099 yoxwechatbusinessModel::set_user:BEGIN
[2019-08-26 17:49:29] trace  /app/ewei_shopv2_api.php?i=2&r=cacheset&version=&comefrom=wxapp&openid=sns_wa_oWJzS5D9tfP5mzMP7QARg9EwiKI8&authkey=MzUyZFNHa1VlaGwxNjQ0OCsxZlZmNnN4NG9HWW5ta2Nham5tU21sV2pJdGQ3cm5FYitNRXNBYk01WkFQMjZFL2N2eXU4NVNs&timestamp=1566812967356 yoxwechatbusinessModel::set_user:BEGIN
[2019-08-26 18:59:39] trace  /app/ewei_shopv2_api.php?i=2&r=shop.get_cpinfos&comefrom=wxapp&openid=sns_wa_oWJzS5MiMWycVwd9QIocsOG2iHIc&mid=&merchid=&authkey=&timestamp=1566817176674 yoxwechatbusinessModel::set_user:BEGIN
[2019-08-26 18:59:39] trace  /app/ewei_shopv2_api.php?i=2&r=diypage&type=home&comefrom=wxapp&openid=sns_wa_oWJzS5MiMWycVwd9QIocsOG2iHIc&mid=&merchid=&authkey=&timestamp=1566817176616 yoxwechatbusinessModel::set_user:BEGIN
[2019-08-26 18:59:39] trace  /app/ewei_shopv2_api.php?i=2&r=shop.get_shopindex&comefrom=wxapp&openid=sns_wa_oWJzS5MiMWycVwd9QIocsOG2iHIc&mid=&merchid=&authkey=&timestamp=1566817176647 yoxwechatbusinessModel::set_user:BEGIN
[2019-08-26 18:59:39] trace  /app/ewei_shopv2_api.php?i=2&r=shop.get_hasnewcoupon&comefrom=wxapp&openid=sns_wa_oWJzS5MiMWycVwd9QIocsOG2iHIc&mid=&merchid=&authkey=&timestamp=1566817176663 yoxwechatbusinessModel::set_user:BEGIN
[2019-08-26 18:59:42] trace  /app/ewei_shopv2_api.php?i=2&r=black&comefrom=wxapp&openid=sns_wa_oWJzS5MiMWycVwd9QIocsOG2iHIc&authkey=&timestamp=1566817176587 yoxwechatbusinessModel::set_user:BEGIN
[2019-08-26 19:01:10] trace  /app/ewei_shopv2_api.php?i=2&r=black&comefrom=wxapp&openid=sns_wa_oWJzS5MiMWycVwd9QIocsOG2iHIc&mid=&merchid=&authkey=NzllNUJKRUdMR0ovd29UcU0yZ0Z0N1AzY1R4N0F4TXZwclBPbXVqOTVUYUF5S3FCY25heG1yYmZ3M0RsVUNrdmk3WGlqZm1WUE1xZ1FBd2dLUUtrUjM0Y2RPQVZWNytWNFFCN1NYTnlJemV6MkE%3D&timestamp=1566817267994 yoxwechatbusinessModel::set_user:BEGIN
[2019-08-26 19:01:10] trace  /app/ewei_shopv2_api.php?i=2&r=diypage&type=home&comefrom=wxapp&openid=sns_wa_oWJzS5MiMWycVwd9QIocsOG2iHIc&mid=&merchid=&authkey=NzllNUJKRUdMR0ovd29UcU0yZ0Z0N1AzY1R4N0F4TXZwclBPbXVqOTVUYUF5S3FCY25heG1yYmZ3M0RsVUNrdmk3WGlqZm1WUE1xZ1FBd2dLUUtrUjM0Y2RPQVZWNytWNFFCN1NYTnlJemV6MkE%3D&timestamp=1566817268043 yoxwechatbusinessModel::set_user:BEGIN
[2019-08-26 19:01:10] trace  /app/ewei_shopv2_api.php?i=2&r=shop.get_shopindex&comefrom=wxapp&openid=sns_wa_oWJzS5MiMWycVwd9QIocsOG2iHIc&mid=&merchid=&authkey=NzllNUJKRUdMR0ovd29UcU0yZ0Z0N1AzY1R4N0F4TXZwclBPbXVqOTVUYUF5S3FCY25heG1yYmZ3M0RsVUNrdmk3WGlqZm1WUE1xZ1FBd2dLUUtrUjM0Y2RPQVZWNytWNFFCN1NYTnlJemV6MkE%3D&timestamp=1566817268086 yoxwechatbusinessModel::set_user:BEGIN
[2019-08-26 19:01:10] trace  /app/ewei_shopv2_api.php?i=2&r=shop.get_cpinfos&comefrom=wxapp&openid=sns_wa_oWJzS5MiMWycVwd9QIocsOG2iHIc&mid=&merchid=&authkey=NzllNUJKRUdMR0ovd29UcU0yZ0Z0N1AzY1R4N0F4TXZwclBPbXVqOTVUYUF5S3FCY25heG1yYmZ3M0RsVUNrdmk3WGlqZm1WUE1xZ1FBd2dLUUtrUjM0Y2RPQVZWNytWNFFCN1NYTnlJemV6MkE%3D&timestamp=1566817268113 yoxwechatbusinessModel::set_user:BEGIN
[2019-08-26 19:01:11] trace  /app/ewei_shopv2_api.php?i=2&r=shop.get_hasnewcoupon&comefrom=wxapp&openid=sns_wa_oWJzS5MiMWycVwd9QIocsOG2iHIc&mid=&merchid=&authkey=NzllNUJKRUdMR0ovd29UcU0yZ0Z0N1AzY1R4N0F4TXZwclBPbXVqOTVUYUF5S3FCY25heG1yYmZ3M0RsVUNrdmk3WGlqZm1WUE1xZ1FBd2dLUUtrUjM0Y2RPQVZWNytWNFFCN1NYTnlJemV6MkE%3D&timestamp=1566817268102 yoxwechatbusinessModel::set_user:BEGIN
