[2019-08-04 12:09:28] trace  /app/ewei_shopv2_api.php?i=2&r=cacheset&version=&comefrom=wxapp&openid=sns_wa_oWJzS5DqVnNOvfzRC5wONWAu7MSQ&mid=&merchid=&authkey=MjM0N2FvbHVDdFlKcExsTlVxSWtYOW9pRmlpZ3FBQXBrYjBTcm5MemZBVFFpaThtc0JXRDhzMjFRTnV0eFNPT3BLMENNVko1&timestamp=1564891765043 yoxwechatbusinessModel::set_user:BEGIN
[2019-08-04 12:09:28] trace  /app/ewei_shopv2_api.php?i=2&r=cacheset&version=&comefrom=wxapp&openid=sns_wa_oWJzS5DqVnNOvfzRC5wONWAu7MSQ&mid=&merchid=&authkey=MGExMHFSMlJWekcrSmVaOVBEVnZabThIWDNRWS92YmxpODJtb0dab0tjZjQzZCt3aklka09JenJTUXpUU0lWRW52RTV0YlQy&timestamp=1564891765307 yoxwechatbusinessModel::set_user:BEGIN
[2019-08-04 12:44:17] trace  /app/ewei_shopv2_api.php?i=2&r=shop.get_cpinfos&comefrom=wxapp&openid=sns_wa_oWJzS5DqVnNOvfzRC5wONWAu7MSQ&mid=&merchid=&authkey=&timestamp=1564893853752 yoxwechatbusinessModel::set_user:BEGIN
[2019-08-04 12:44:17] trace  /app/ewei_shopv2_api.php?i=2&r=shop.get_shopindex&comefrom=wxapp&openid=sns_wa_oWJzS5DqVnNOvfzRC5wONWAu7MSQ&mid=&merchid=&authkey=&timestamp=1564893853695 yoxwechatbusinessModel::set_user:BEGIN
[2019-08-04 12:44:18] trace  /app/ewei_shopv2_api.php?i=2&r=shop.get_hasnewcoupon&comefrom=wxapp&openid=sns_wa_oWJzS5DqVnNOvfzRC5wONWAu7MSQ&mid=&merchid=&authkey=&timestamp=1564893853729 yoxwechatbusinessModel::set_user:BEGIN
[2019-08-04 12:44:57] trace  /app/ewei_shopv2_api.php?i=2&r=shop.get_shopindex&comefrom=wxapp&openid=sns_wa_oWJzS5DqVnNOvfzRC5wONWAu7MSQ&mid=&merchid=&authkey=ZDQ5MmFXNlRZL0JSZ0RPWVhKSFZEK3VFM2FqbFpHMzhkaHl0YnU2VTdBQzVpTlNHQmR0SEQxdnVxT0dwdWc0dytMVXE1WUN3MjZUVW51VmEwTjNMVzZmd0Q1S1NhVi9xWkIwcGV3cnl1czNuMlE%3D&timestamp=1564893894445 yoxwechatbusinessModel::set_user:BEGIN
[2019-08-04 12:44:57] trace  /app/ewei_shopv2_api.php?i=2&r=shop.get_hasnewcoupon&comefrom=wxapp&openid=sns_wa_oWJzS5DqVnNOvfzRC5wONWAu7MSQ&mid=&merchid=&authkey=ZDQ5MmFXNlRZL0JSZ0RPWVhKSFZEK3VFM2FqbFpHMzhkaHl0YnU2VTdBQzVpTlNHQmR0SEQxdnVxT0dwdWc0dytMVXE1WUN3MjZUVW51VmEwTjNMVzZmd0Q1S1NhVi9xWkIwcGV3cnl1czNuMlE%3D&timestamp=1564893894469 yoxwechatbusinessModel::set_user:BEGIN
[2019-08-04 12:44:57] trace  /app/ewei_shopv2_api.php?i=2&r=shop.get_cpinfos&comefrom=wxapp&openid=sns_wa_oWJzS5DqVnNOvfzRC5wONWAu7MSQ&mid=&merchid=&authkey=ZDQ5MmFXNlRZL0JSZ0RPWVhKSFZEK3VFM2FqbFpHMzhkaHl0YnU2VTdBQzVpTlNHQmR0SEQxdnVxT0dwdWc0dytMVXE1WUN3MjZUVW51VmEwTjNMVzZmd0Q1S1NhVi9xWkIwcGV3cnl1czNuMlE%3D&timestamp=1564893894488 yoxwechatbusinessModel::set_user:BEGIN
[2019-08-04 12:45:33] trace  /app/ewei_shopv2_api.php?i=2&r=shop.get_category&comefrom=wxapp&openid=sns_wa_oWJzS5DqVnNOvfzRC5wONWAu7MSQ&mid=&merchid=&authkey=MjA5M1R0WW5KaG5jdE9oVVgwOEJSVGhrb3g3WG5SK2VFSHA5VWFJTzJDcDNLYVpiWDRsTzZTQk9BS2NJS2R4Slc5S0NoUmJhTGxPWUdDdGRXYVNFczM3NHNObWQ3a2ZPVDh1U0Z6aGt3VlBGSXc%3D&timestamp=1564893929961 yoxwechatbusinessModel::set_user:BEGIN
[2019-08-04 12:46:21] trace  /app/ewei_shopv2_api.php?i=2&r=shop.get_hasnewcoupon&comefrom=wxapp&openid=sns_wa_oWJzS5DqVnNOvfzRC5wONWAu7MSQ&mid=&merchid=&authkey=&timestamp=1564893978278 yoxwechatbusinessModel::set_user:BEGIN
[2019-08-04 12:46:21] trace  /app/ewei_shopv2_api.php?i=2&r=shop.get_shopindex&comefrom=wxapp&openid=sns_wa_oWJzS5DqVnNOvfzRC5wONWAu7MSQ&mid=&merchid=&authkey=&timestamp=1564893978246 yoxwechatbusinessModel::set_user:BEGIN
[2019-08-04 12:46:21] trace  /app/ewei_shopv2_api.php?i=2&r=shop.get_cpinfos&comefrom=wxapp&openid=sns_wa_oWJzS5DqVnNOvfzRC5wONWAu7MSQ&mid=&merchid=&authkey=&timestamp=1564893978302 yoxwechatbusinessModel::set_user:BEGIN
[2019-08-04 12:46:32] trace  /app/ewei_shopv2_api.php?i=2&r=black&comefrom=wxapp&openid=sns_wa_oWJzS5DqVnNOvfzRC5wONWAu7MSQ&mid=&merchid=&authkey=&timestamp=1564893989530 yoxwechatbusinessModel::set_user:BEGIN
[2019-08-04 12:46:32] trace  /app/ewei_shopv2_api.php?i=2&r=diypage&type=home&comefrom=wxapp&openid=sns_wa_oWJzS5DqVnNOvfzRC5wONWAu7MSQ&mid=&merchid=&authkey=&timestamp=1564893989579 yoxwechatbusinessModel::set_user:BEGIN
[2019-08-04 12:46:32] trace  /app/ewei_shopv2_api.php?i=2&r=shop.get_shopindex&comefrom=wxapp&openid=sns_wa_oWJzS5DqVnNOvfzRC5wONWAu7MSQ&mid=&merchid=&authkey=&timestamp=1564893989644 yoxwechatbusinessModel::set_user:BEGIN
[2019-08-04 12:46:32] trace  /app/ewei_shopv2_api.php?i=2&r=shop.get_cpinfos&comefrom=wxapp&openid=sns_wa_oWJzS5DqVnNOvfzRC5wONWAu7MSQ&mid=&merchid=&authkey=&timestamp=1564893989691 yoxwechatbusinessModel::set_user:BEGIN
[2019-08-04 12:46:33] trace  /app/ewei_shopv2_api.php?i=2&r=shop.get_hasnewcoupon&comefrom=wxapp&openid=sns_wa_oWJzS5DqVnNOvfzRC5wONWAu7MSQ&mid=&merchid=&authkey=&timestamp=1564893989668 yoxwechatbusinessModel::set_user:BEGIN
[2019-08-04 12:46:40] trace  /app/ewei_shopv2_api.php?i=2&r=shop.get_shopindex&comefrom=wxapp&openid=sns_wa_oWJzS5DqVnNOvfzRC5wONWAu7MSQ&mid=&merchid=&authkey=&timestamp=1564893997817 yoxwechatbusinessModel::set_user:BEGIN
[2019-08-04 12:46:40] trace  /app/ewei_shopv2_api.php?i=2&r=shop.get_hasnewcoupon&comefrom=wxapp&openid=sns_wa_oWJzS5DqVnNOvfzRC5wONWAu7MSQ&mid=&merchid=&authkey=&timestamp=1564893997849 yoxwechatbusinessModel::set_user:BEGIN
[2019-08-04 12:46:41] trace  /app/ewei_shopv2_api.php?i=2&r=shop.get_cpinfos&comefrom=wxapp&openid=sns_wa_oWJzS5DqVnNOvfzRC5wONWAu7MSQ&mid=&merchid=&authkey=&timestamp=1564893997875 yoxwechatbusinessModel::set_user:BEGIN
[2019-08-04 12:47:02] trace  /app/ewei_shopv2_api.php?i=2&r=goods.get_category&comefrom=wxapp&openid=sns_wa_oWJzS5DqVnNOvfzRC5wONWAu7MSQ&mid=&merchid=&authkey=&timestamp=1564894019144 yoxwechatbusinessModel::set_user:BEGIN
[2019-08-04 12:47:07] trace  /app/ewei_shopv2_api.php?i=2&r=shop.get_shopindex&comefrom=wxapp&openid=sns_wa_oWJzS5DqVnNOvfzRC5wONWAu7MSQ&mid=&merchid=&authkey=&timestamp=1564894024644 yoxwechatbusinessModel::set_user:BEGIN
[2019-08-04 12:47:07] trace  /app/ewei_shopv2_api.php?i=2&r=shop.get_hasnewcoupon&comefrom=wxapp&openid=sns_wa_oWJzS5DqVnNOvfzRC5wONWAu7MSQ&mid=&merchid=&authkey=&timestamp=1564894024659 yoxwechatbusinessModel::set_user:BEGIN
[2019-08-04 12:47:07] trace  /app/ewei_shopv2_api.php?i=2&r=shop.get_cpinfos&comefrom=wxapp&openid=sns_wa_oWJzS5DqVnNOvfzRC5wONWAu7MSQ&mid=&merchid=&authkey=&timestamp=1564894024673 yoxwechatbusinessModel::set_user:BEGIN
[2019-08-04 12:47:12] trace  /app/ewei_shopv2_api.php?i=2&r=groups&comefrom=wxapp&openid=sns_wa_oWJzS5DqVnNOvfzRC5wONWAu7MSQ&mid=&merchid=&authkey=&timestamp=1564894029415 yoxwechatbusinessModel::set_user:BEGIN
[2019-08-04 12:47:34] trace  /app/ewei_shopv2_api.php?i=2&r=shop.get_shopindex&comefrom=wxapp&openid=sns_wa_oWJzS5DqVnNOvfzRC5wONWAu7MSQ&mid=&merchid=&authkey=&timestamp=1564894051622 yoxwechatbusinessModel::set_user:BEGIN
[2019-08-04 12:47:34] trace  /app/ewei_shopv2_api.php?i=2&r=shop.get_hasnewcoupon&comefrom=wxapp&openid=sns_wa_oWJzS5DqVnNOvfzRC5wONWAu7MSQ&mid=&merchid=&authkey=&timestamp=1564894051656 yoxwechatbusinessModel::set_user:BEGIN
[2019-08-04 12:47:34] trace  /app/ewei_shopv2_api.php?i=2&r=shop.get_cpinfos&comefrom=wxapp&openid=sns_wa_oWJzS5DqVnNOvfzRC5wONWAu7MSQ&mid=&merchid=&authkey=&timestamp=1564894051685 yoxwechatbusinessModel::set_user:BEGIN
[2019-08-04 12:47:44] trace  /app/ewei_shopv2_api.php?i=2&r=black&comefrom=wxapp&openid=sns_wa_oWJzS5DqVnNOvfzRC5wONWAu7MSQ&mid=&merchid=&authkey=&timestamp=1564894061392 yoxwechatbusinessModel::set_user:BEGIN
[2019-08-04 12:47:44] trace  /app/ewei_shopv2_api.php?i=2&r=diypage&type=home&comefrom=wxapp&openid=sns_wa_oWJzS5DqVnNOvfzRC5wONWAu7MSQ&mid=&merchid=&authkey=&timestamp=1564894061452 yoxwechatbusinessModel::set_user:BEGIN
[2019-08-04 12:47:44] trace  /app/ewei_shopv2_api.php?i=2&r=shop.get_shopindex&comefrom=wxapp&openid=sns_wa_oWJzS5DqVnNOvfzRC5wONWAu7MSQ&mid=&merchid=&authkey=&timestamp=1564894061514 yoxwechatbusinessModel::set_user:BEGIN
[2019-08-04 12:47:44] trace  /app/ewei_shopv2_api.php?i=2&r=shop.get_hasnewcoupon&comefrom=wxapp&openid=sns_wa_oWJzS5DqVnNOvfzRC5wONWAu7MSQ&mid=&merchid=&authkey=&timestamp=1564894061535 yoxwechatbusinessModel::set_user:BEGIN
[2019-08-04 12:47:45] trace  /app/ewei_shopv2_api.php?i=2&r=shop.get_cpinfos&comefrom=wxapp&openid=sns_wa_oWJzS5DqVnNOvfzRC5wONWAu7MSQ&mid=&merchid=&authkey=&timestamp=1564894061557 yoxwechatbusinessModel::set_user:BEGIN
[2019-08-04 12:47:51] trace  /app/ewei_shopv2_api.php?i=2&r=shop.get_cpinfos&comefrom=wxapp&openid=sns_wa_oWJzS5DqVnNOvfzRC5wONWAu7MSQ&mid=&merchid=&authkey=&timestamp=1564894068495 yoxwechatbusinessModel::set_user:BEGIN
[2019-08-04 12:47:51] trace  /app/ewei_shopv2_api.php?i=2&r=shop.get_hasnewcoupon&comefrom=wxapp&openid=sns_wa_oWJzS5DqVnNOvfzRC5wONWAu7MSQ&mid=&merchid=&authkey=&timestamp=1564894068469 yoxwechatbusinessModel::set_user:BEGIN
[2019-08-04 12:47:51] trace  /app/ewei_shopv2_api.php?i=2&r=shop.get_shopindex&comefrom=wxapp&openid=sns_wa_oWJzS5DqVnNOvfzRC5wONWAu7MSQ&mid=&merchid=&authkey=&timestamp=1564894068438 yoxwechatbusinessModel::set_user:BEGIN
[2019-08-04 21:12:38] trace  /app/ewei_shopv2_api.php?i=2&r=shop.get_cpinfos&comefrom=wxapp&openid=sns_wa_oWJzS5P-LE3dY74eLGIBw6e0faeg&mid=&merchid=&authkey=&timestamp=1564924358067 yoxwechatbusinessModel::set_user:BEGIN
[2019-08-04 21:12:38] trace  /app/ewei_shopv2_api.php?i=2&r=shop.get_cpinfos&comefrom=wxapp&openid=sns_wa_oWJzS5P-LE3dY74eLGIBw6e0faeg&mid=&merchid=&authkey=&timestamp=1564924358067 yoxwechatbusinessModel::set_user:END
[2019-08-04 21:12:38] trace  /app/ewei_shopv2_api.php?i=2&r=shop.get_shopindex&comefrom=wxapp&openid=sns_wa_oWJzS5P-LE3dY74eLGIBw6e0faeg&mid=&merchid=&authkey=&timestamp=1564924357997 yoxwechatbusinessModel::set_user:BEGIN
[2019-08-04 21:12:38] trace  /app/ewei_shopv2_api.php?i=2&r=shop.get_shopindex&comefrom=wxapp&openid=sns_wa_oWJzS5P-LE3dY74eLGIBw6e0faeg&mid=&merchid=&authkey=&timestamp=1564924357997 yoxwechatbusinessModel::set_user:END
[2019-08-04 21:12:38] trace  /app/ewei_shopv2_api.php?i=2&r=diypage&type=home&comefrom=wxapp&openid=sns_wa_oWJzS5P-LE3dY74eLGIBw6e0faeg&mid=&merchid=&authkey=&timestamp=1564924357870 yoxwechatbusinessModel::set_user:BEGIN
[2019-08-04 21:12:38] trace  /app/ewei_shopv2_api.php?i=2&r=diypage&type=home&comefrom=wxapp&openid=sns_wa_oWJzS5P-LE3dY74eLGIBw6e0faeg&mid=&merchid=&authkey=&timestamp=1564924357870 yoxwechatbusinessModel::set_user:END
[2019-08-04 21:12:39] trace  /app/ewei_shopv2_api.php?i=2&r=black&comefrom=wxapp&openid=sns_wa_oWJzS5P-LE3dY74eLGIBw6e0faeg&authkey=&timestamp=1564924357763 yoxwechatbusinessModel::set_user:BEGIN
[2019-08-04 21:12:39] trace  /app/ewei_shopv2_api.php?i=2&r=black&comefrom=wxapp&openid=sns_wa_oWJzS5P-LE3dY74eLGIBw6e0faeg&authkey=&timestamp=1564924357763 yoxwechatbusinessModel::set_user:END
[2019-08-04 21:12:39] trace  /app/ewei_shopv2_api.php?i=2&r=shop.get_hasnewcoupon&comefrom=wxapp&openid=sns_wa_oWJzS5P-LE3dY74eLGIBw6e0faeg&mid=&merchid=&authkey=&timestamp=1564924358031 yoxwechatbusinessModel::set_user:BEGIN
[2019-08-04 21:12:39] trace  /app/ewei_shopv2_api.php?i=2&r=shop.get_hasnewcoupon&comefrom=wxapp&openid=sns_wa_oWJzS5P-LE3dY74eLGIBw6e0faeg&mid=&merchid=&authkey=&timestamp=1564924358031 yoxwechatbusinessModel::set_user:END
[2019-08-04 21:12:50] trace  /app/ewei_shopv2_api.php?i=2&r=black&comefrom=wxapp&openid=sns_wa_oWJzS5P-LE3dY74eLGIBw6e0faeg&mid=&merchid=&authkey=YzJjOWIwbGhZOTJPTkZ2QkoxR3hCa1NQcm92YlhwakMzdEFTVm9aVXF2ZTFyNlNZY3Y2NTMvM3dpSHphOEUwYWpITFIyc3R1UnpxRkZVNy90OHV2dkpybUVaWQ%3D%3D&timestamp=1564924370579 yoxwechatbusinessModel::set_user:BEGIN
[2019-08-04 21:12:50] trace  /app/ewei_shopv2_api.php?i=2&r=black&comefrom=wxapp&openid=sns_wa_oWJzS5P-LE3dY74eLGIBw6e0faeg&mid=&merchid=&authkey=YzJjOWIwbGhZOTJPTkZ2QkoxR3hCa1NQcm92YlhwakMzdEFTVm9aVXF2ZTFyNlNZY3Y2NTMvM3dpSHphOEUwYWpITFIyc3R1UnpxRkZVNy90OHV2dkpybUVaWQ%3D%3D&timestamp=1564924370579 yoxwechatbusinessModel::set_user:END
[2019-08-04 21:12:50] trace  /app/ewei_shopv2_api.php?i=2&r=diypage&type=goodsdetail&comefrom=wxapp&openid=sns_wa_oWJzS5P-LE3dY74eLGIBw6e0faeg&mid=&merchid=&authkey=YzJjOWIwbGhZOTJPTkZ2QkoxR3hCa1NQcm92YlhwakMzdEFTVm9aVXF2ZTFyNlNZY3Y2NTMvM3dpSHphOEUwYWpITFIyc3R1UnpxRkZVNy90OHV2dkpybUVaWQ%3D%3D&timestamp=1564924370613 yoxwechatbusinessModel::set_user:BEGIN
[2019-08-04 21:12:50] trace  /app/ewei_shopv2_api.php?i=2&r=diypage&type=goodsdetail&comefrom=wxapp&openid=sns_wa_oWJzS5P-LE3dY74eLGIBw6e0faeg&mid=&merchid=&authkey=YzJjOWIwbGhZOTJPTkZ2QkoxR3hCa1NQcm92YlhwakMzdEFTVm9aVXF2ZTFyNlNZY3Y2NTMvM3dpSHphOEUwYWpITFIyc3R1UnpxRkZVNy90OHV2dkpybUVaWQ%3D%3D&timestamp=1564924370613 yoxwechatbusinessModel::set_user:END
[2019-08-04 21:12:50] trace  /app/ewei_shopv2_api.php?i=2&r=goods.get_detail&id=23&comefrom=wxapp&openid=sns_wa_oWJzS5P-LE3dY74eLGIBw6e0faeg&mid=&merchid=&authkey=YzJjOWIwbGhZOTJPTkZ2QkoxR3hCa1NQcm92YlhwakMzdEFTVm9aVXF2ZTFyNlNZY3Y2NTMvM3dpSHphOEUwYWpITFIyc3R1UnpxRkZVNy90OHV2dkpybUVaWQ%3D%3D&timestamp=1564924370719 yoxwechatbusinessModel::set_user:BEGIN
[2019-08-04 21:12:50] trace  /app/ewei_shopv2_api.php?i=2&r=goods.get_detail&id=23&comefrom=wxapp&openid=sns_wa_oWJzS5P-LE3dY74eLGIBw6e0faeg&mid=&merchid=&authkey=YzJjOWIwbGhZOTJPTkZ2QkoxR3hCa1NQcm92YlhwakMzdEFTVm9aVXF2ZTFyNlNZY3Y2NTMvM3dpSHphOEUwYWpITFIyc3R1UnpxRkZVNy90OHV2dkpybUVaWQ%3D%3D&timestamp=1564924370719 yoxwechatbusinessModel::set_user:END
[2019-08-04 21:12:51] trace  /app/ewei_shopv2_api.php?i=2&r=goods.get_comments&id=23&comefrom=wxapp&openid=sns_wa_oWJzS5P-LE3dY74eLGIBw6e0faeg&mid=&merchid=&authkey=&timestamp=1564924371658 yoxwechatbusinessModel::set_user:BEGIN
[2019-08-04 21:12:51] trace  /app/ewei_shopv2_api.php?i=2&r=goods.get_comments&id=23&comefrom=wxapp&openid=sns_wa_oWJzS5P-LE3dY74eLGIBw6e0faeg&mid=&merchid=&authkey=&timestamp=1564924371658 yoxwechatbusinessModel::set_user:END
[2019-08-04 21:13:13] trace  /app/ewei_shopv2_api.php?i=2&r=shop.get_shopindex&comefrom=wxapp&openid=sns_wa_oWJzS5P-LE3dY74eLGIBw6e0faeg&mid=&merchid=&authkey=&timestamp=1564924393510 yoxwechatbusinessModel::set_user:BEGIN
[2019-08-04 21:13:13] trace  /app/ewei_shopv2_api.php?i=2&r=shop.get_shopindex&comefrom=wxapp&openid=sns_wa_oWJzS5P-LE3dY74eLGIBw6e0faeg&mid=&merchid=&authkey=&timestamp=1564924393510 yoxwechatbusinessModel::set_user:END
[2019-08-04 21:13:13] trace  /app/ewei_shopv2_api.php?i=2&r=shop.get_cpinfos&comefrom=wxapp&openid=sns_wa_oWJzS5P-LE3dY74eLGIBw6e0faeg&mid=&merchid=&authkey=&timestamp=1564924393554 yoxwechatbusinessModel::set_user:BEGIN
[2019-08-04 21:13:13] trace  /app/ewei_shopv2_api.php?i=2&r=shop.get_cpinfos&comefrom=wxapp&openid=sns_wa_oWJzS5P-LE3dY74eLGIBw6e0faeg&mid=&merchid=&authkey=&timestamp=1564924393554 yoxwechatbusinessModel::set_user:END
[2019-08-04 21:13:13] trace  /app/ewei_shopv2_api.php?i=2&r=shop.get_hasnewcoupon&comefrom=wxapp&openid=sns_wa_oWJzS5P-LE3dY74eLGIBw6e0faeg&mid=&merchid=&authkey=&timestamp=1564924393534 yoxwechatbusinessModel::set_user:BEGIN
[2019-08-04 21:13:13] trace  /app/ewei_shopv2_api.php?i=2&r=shop.get_hasnewcoupon&comefrom=wxapp&openid=sns_wa_oWJzS5P-LE3dY74eLGIBw6e0faeg&mid=&merchid=&authkey=&timestamp=1564924393534 yoxwechatbusinessModel::set_user:END
[2019-08-04 21:13:27] trace  /app/ewei_shopv2_api.php?i=2&r=diypage&type=7&comefrom=wxapp&openid=sns_wa_oWJzS5P-LE3dY74eLGIBw6e0faeg&mid=&merchid=&authkey=&timestamp=1564924407323 yoxwechatbusinessModel::set_user:BEGIN
[2019-08-04 21:13:27] trace  /app/ewei_shopv2_api.php?i=2&r=diypage&type=7&comefrom=wxapp&openid=sns_wa_oWJzS5P-LE3dY74eLGIBw6e0faeg&mid=&merchid=&authkey=&timestamp=1564924407323 yoxwechatbusinessModel::set_user:END
[2019-08-04 21:13:27] trace  /app/ewei_shopv2_api.php?i=2&r=diypage&id=7&comefrom=wxapp&openid=sns_wa_oWJzS5P-LE3dY74eLGIBw6e0faeg&mid=&merchid=&authkey=&timestamp=1564924407373 yoxwechatbusinessModel::set_user:BEGIN
[2019-08-04 21:13:27] trace  /app/ewei_shopv2_api.php?i=2&r=diypage&id=7&comefrom=wxapp&openid=sns_wa_oWJzS5P-LE3dY74eLGIBw6e0faeg&mid=&merchid=&authkey=&timestamp=1564924407373 yoxwechatbusinessModel::set_user:END
[2019-08-04 21:13:29] trace  /app/ewei_shopv2_api.php?i=2&r=shop.get_shopindex&comefrom=wxapp&openid=sns_wa_oWJzS5P-LE3dY74eLGIBw6e0faeg&mid=&merchid=&authkey=&timestamp=1564924409883 yoxwechatbusinessModel::set_user:BEGIN
[2019-08-04 21:13:29] trace  /app/ewei_shopv2_api.php?i=2&r=shop.get_shopindex&comefrom=wxapp&openid=sns_wa_oWJzS5P-LE3dY74eLGIBw6e0faeg&mid=&merchid=&authkey=&timestamp=1564924409883 yoxwechatbusinessModel::set_user:END
[2019-08-04 21:13:30] trace  /app/ewei_shopv2_api.php?i=2&r=shop.get_hasnewcoupon&comefrom=wxapp&openid=sns_wa_oWJzS5P-LE3dY74eLGIBw6e0faeg&mid=&merchid=&authkey=&timestamp=1564924409901 yoxwechatbusinessModel::set_user:BEGIN
[2019-08-04 21:13:30] trace  /app/ewei_shopv2_api.php?i=2&r=shop.get_hasnewcoupon&comefrom=wxapp&openid=sns_wa_oWJzS5P-LE3dY74eLGIBw6e0faeg&mid=&merchid=&authkey=&timestamp=1564924409901 yoxwechatbusinessModel::set_user:END
[2019-08-04 21:13:30] trace  /app/ewei_shopv2_api.php?i=2&r=shop.get_cpinfos&comefrom=wxapp&openid=sns_wa_oWJzS5P-LE3dY74eLGIBw6e0faeg&mid=&merchid=&authkey=&timestamp=1564924409918 yoxwechatbusinessModel::set_user:BEGIN
[2019-08-04 21:13:30] trace  /app/ewei_shopv2_api.php?i=2&r=shop.get_cpinfos&comefrom=wxapp&openid=sns_wa_oWJzS5P-LE3dY74eLGIBw6e0faeg&mid=&merchid=&authkey=&timestamp=1564924409918 yoxwechatbusinessModel::set_user:END
[2019-08-04 21:13:38] trace  /app/ewei_shopv2_api.php?i=2&r=shop.get_shopindex&comefrom=wxapp&openid=sns_wa_oWJzS5P-LE3dY74eLGIBw6e0faeg&mid=&merchid=&authkey=&timestamp=1564924418967 yoxwechatbusinessModel::set_user:BEGIN
[2019-08-04 21:13:38] trace  /app/ewei_shopv2_api.php?i=2&r=shop.get_shopindex&comefrom=wxapp&openid=sns_wa_oWJzS5P-LE3dY74eLGIBw6e0faeg&mid=&merchid=&authkey=&timestamp=1564924418967 yoxwechatbusinessModel::set_user:END
[2019-08-04 21:13:39] trace  /app/ewei_shopv2_api.php?i=2&r=shop.get_hasnewcoupon&comefrom=wxapp&openid=sns_wa_oWJzS5P-LE3dY74eLGIBw6e0faeg&mid=&merchid=&authkey=&timestamp=1564924418996 yoxwechatbusinessModel::set_user:BEGIN
[2019-08-04 21:13:39] trace  /app/ewei_shopv2_api.php?i=2&r=shop.get_hasnewcoupon&comefrom=wxapp&openid=sns_wa_oWJzS5P-LE3dY74eLGIBw6e0faeg&mid=&merchid=&authkey=&timestamp=1564924418996 yoxwechatbusinessModel::set_user:END
[2019-08-04 21:13:39] trace  /app/ewei_shopv2_api.php?i=2&r=shop.get_cpinfos&comefrom=wxapp&openid=sns_wa_oWJzS5P-LE3dY74eLGIBw6e0faeg&mid=&merchid=&authkey=&timestamp=1564924419014 yoxwechatbusinessModel::set_user:BEGIN
[2019-08-04 21:13:39] trace  /app/ewei_shopv2_api.php?i=2&r=shop.get_cpinfos&comefrom=wxapp&openid=sns_wa_oWJzS5P-LE3dY74eLGIBw6e0faeg&mid=&merchid=&authkey=&timestamp=1564924419014 yoxwechatbusinessModel::set_user:END
[2019-08-04 21:13:46] trace  /app/ewei_shopv2_api.php?i=2&r=shop.get_shopindex&comefrom=wxapp&openid=sns_wa_oWJzS5P-LE3dY74eLGIBw6e0faeg&mid=&merchid=&authkey=&timestamp=1564924426000 yoxwechatbusinessModel::set_user:BEGIN
[2019-08-04 21:13:46] trace  /app/ewei_shopv2_api.php?i=2&r=shop.get_shopindex&comefrom=wxapp&openid=sns_wa_oWJzS5P-LE3dY74eLGIBw6e0faeg&mid=&merchid=&authkey=&timestamp=1564924426000 yoxwechatbusinessModel::set_user:END
[2019-08-04 21:13:46] trace  /app/ewei_shopv2_api.php?i=2&r=shop.get_hasnewcoupon&comefrom=wxapp&openid=sns_wa_oWJzS5P-LE3dY74eLGIBw6e0faeg&mid=&merchid=&authkey=&timestamp=1564924426024 yoxwechatbusinessModel::set_user:BEGIN
[2019-08-04 21:13:46] trace  /app/ewei_shopv2_api.php?i=2&r=shop.get_hasnewcoupon&comefrom=wxapp&openid=sns_wa_oWJzS5P-LE3dY74eLGIBw6e0faeg&mid=&merchid=&authkey=&timestamp=1564924426024 yoxwechatbusinessModel::set_user:END
[2019-08-04 21:13:46] trace  /app/ewei_shopv2_api.php?i=2&r=shop.get_cpinfos&comefrom=wxapp&openid=sns_wa_oWJzS5P-LE3dY74eLGIBw6e0faeg&mid=&merchid=&authkey=&timestamp=1564924426045 yoxwechatbusinessModel::set_user:BEGIN
[2019-08-04 21:13:46] trace  /app/ewei_shopv2_api.php?i=2&r=shop.get_cpinfos&comefrom=wxapp&openid=sns_wa_oWJzS5P-LE3dY74eLGIBw6e0faeg&mid=&merchid=&authkey=&timestamp=1564924426045 yoxwechatbusinessModel::set_user:END
[2019-08-04 21:14:03] trace  /app/ewei_shopv2_api.php?i=2&r=shop.get_shopindex&comefrom=wxapp&openid=sns_wa_oWJzS5P-LE3dY74eLGIBw6e0faeg&mid=&merchid=&authkey=&timestamp=1564924443036 yoxwechatbusinessModel::set_user:BEGIN
[2019-08-04 21:14:03] trace  /app/ewei_shopv2_api.php?i=2&r=shop.get_shopindex&comefrom=wxapp&openid=sns_wa_oWJzS5P-LE3dY74eLGIBw6e0faeg&mid=&merchid=&authkey=&timestamp=1564924443036 yoxwechatbusinessModel::set_user:END
[2019-08-04 21:14:03] trace  /app/ewei_shopv2_api.php?i=2&r=shop.get_hasnewcoupon&comefrom=wxapp&openid=sns_wa_oWJzS5P-LE3dY74eLGIBw6e0faeg&mid=&merchid=&authkey=&timestamp=1564924443065 yoxwechatbusinessModel::set_user:BEGIN
[2019-08-04 21:14:03] trace  /app/ewei_shopv2_api.php?i=2&r=shop.get_hasnewcoupon&comefrom=wxapp&openid=sns_wa_oWJzS5P-LE3dY74eLGIBw6e0faeg&mid=&merchid=&authkey=&timestamp=1564924443065 yoxwechatbusinessModel::set_user:END
[2019-08-04 21:14:03] trace  /app/ewei_shopv2_api.php?i=2&r=shop.get_cpinfos&comefrom=wxapp&openid=sns_wa_oWJzS5P-LE3dY74eLGIBw6e0faeg&mid=&merchid=&authkey=&timestamp=1564924443089 yoxwechatbusinessModel::set_user:BEGIN
[2019-08-04 21:14:03] trace  /app/ewei_shopv2_api.php?i=2&r=shop.get_cpinfos&comefrom=wxapp&openid=sns_wa_oWJzS5P-LE3dY74eLGIBw6e0faeg&mid=&merchid=&authkey=&timestamp=1564924443089 yoxwechatbusinessModel::set_user:END
[2019-08-04 22:37:37] trace  /app/ewei_shopv2_api.php?i=2&r=cacheset&version=&comefrom=wxapp&openid=sns_wa_oWJzS5Cw-HdXUyRpFXmvfBDZan2Q&mid=&merchid=&authkey=ZjU1M05LWTJlMk4zZDhFM0RyK2wxVUNtQVVMMWtuREcvRWxVU2dtYkVHb0kxTVVLeWhZMXM2RGJwV3l2dm1xUG5YcncvaUhw&timestamp=1564929457025 yoxwechatbusinessModel::set_user:BEGIN
[2019-08-04 23:28:56] trace  /app/ewei_shopv2_api.php?i=2&r=black&comefrom=wxapp&openid=sns_wa_oWJzS5Goe4wGR6zsOpbm48K9_1JA&authkey=&timestamp=1564932535100 yoxwechatbusinessModel::set_user:BEGIN
[2019-08-04 23:28:56] trace  /app/ewei_shopv2_api.php?i=2&r=black&comefrom=wxapp&openid=sns_wa_oWJzS5Goe4wGR6zsOpbm48K9_1JA&authkey=&timestamp=1564932535100 yoxwechatbusinessModel::set_user:END
[2019-08-04 23:28:56] trace  /app/ewei_shopv2_api.php?i=2&r=diypage&type=home&comefrom=wxapp&openid=sns_wa_oWJzS5Goe4wGR6zsOpbm48K9_1JA&mid=&merchid=&authkey=&timestamp=1564932535153 yoxwechatbusinessModel::set_user:BEGIN
[2019-08-04 23:28:56] trace  /app/ewei_shopv2_api.php?i=2&r=diypage&type=home&comefrom=wxapp&openid=sns_wa_oWJzS5Goe4wGR6zsOpbm48K9_1JA&mid=&merchid=&authkey=&timestamp=1564932535153 yoxwechatbusinessModel::set_user:END
[2019-08-04 23:28:57] trace  /app/ewei_shopv2_api.php?i=2&r=shop.get_hasnewcoupon&comefrom=wxapp&openid=sns_wa_oWJzS5Goe4wGR6zsOpbm48K9_1JA&mid=&merchid=&authkey=&timestamp=1564932535182 yoxwechatbusinessModel::set_user:BEGIN
[2019-08-04 23:28:57] trace  /app/ewei_shopv2_api.php?i=2&r=shop.get_hasnewcoupon&comefrom=wxapp&openid=sns_wa_oWJzS5Goe4wGR6zsOpbm48K9_1JA&mid=&merchid=&authkey=&timestamp=1564932535182 yoxwechatbusinessModel::set_user:END
[2019-08-04 23:28:57] trace  /app/ewei_shopv2_api.php?i=2&r=shop.get_shopindex&comefrom=wxapp&openid=sns_wa_oWJzS5Goe4wGR6zsOpbm48K9_1JA&mid=&merchid=&authkey=&timestamp=1564932535171 yoxwechatbusinessModel::set_user:BEGIN
[2019-08-04 23:28:57] trace  /app/ewei_shopv2_api.php?i=2&r=shop.get_shopindex&comefrom=wxapp&openid=sns_wa_oWJzS5Goe4wGR6zsOpbm48K9_1JA&mid=&merchid=&authkey=&timestamp=1564932535171 yoxwechatbusinessModel::set_user:END
[2019-08-04 23:28:58] trace  /app/ewei_shopv2_api.php?i=2&r=shop.get_cpinfos&comefrom=wxapp&openid=sns_wa_oWJzS5Goe4wGR6zsOpbm48K9_1JA&mid=&merchid=&authkey=&timestamp=1564932535185 yoxwechatbusinessModel::set_user:BEGIN
[2019-08-04 23:28:58] trace  /app/ewei_shopv2_api.php?i=2&r=shop.get_cpinfos&comefrom=wxapp&openid=sns_wa_oWJzS5Goe4wGR6zsOpbm48K9_1JA&mid=&merchid=&authkey=&timestamp=1564932535185 yoxwechatbusinessModel::set_user:END
[2019-08-04 23:29:00] trace  /app/ewei_shopv2_api.php?i=2&r=groups&comefrom=wxapp&openid=sns_wa_oWJzS5Goe4wGR6zsOpbm48K9_1JA&mid=&merchid=&authkey=&timestamp=1564932540172 yoxwechatbusinessModel::set_user:BEGIN
[2019-08-04 23:29:00] trace  /app/ewei_shopv2_api.php?i=2&r=groups&comefrom=wxapp&openid=sns_wa_oWJzS5Goe4wGR6zsOpbm48K9_1JA&mid=&merchid=&authkey=&timestamp=1564932540172 yoxwechatbusinessModel::set_user:END
[2019-08-04 23:29:18] trace  /app/ewei_shopv2_api.php?i=2&r=groups.goods&timestamp=1564932558132 id=15; comefrom=wxapp; openid=sns_wa_oWJzS5Goe4wGR6zsOpbm48K9_1JA; mid=; merchid=; authkey=ZjQzOTNiN3J4WGwwZEtSTGZxRkEyay9FMDJ2QU5jbXV0cHRrT1NUZm44WXdSMmxPYW0wdVhIbUgvQUhoUUxJc1RzN2F4R1lWZEU3OWNZRzVLL0htSEpVRXFEQQ==; 
yoxwechatbusinessModel::set_user:BEGIN
[2019-08-04 23:29:18] trace  /app/ewei_shopv2_api.php?i=2&r=groups.goods&timestamp=1564932558132 id=15; comefrom=wxapp; openid=sns_wa_oWJzS5Goe4wGR6zsOpbm48K9_1JA; mid=; merchid=; authkey=ZjQzOTNiN3J4WGwwZEtSTGZxRkEyay9FMDJ2QU5jbXV0cHRrT1NUZm44WXdSMmxPYW0wdVhIbUgvQUhoUUxJc1RzN2F4R1lWZEU3OWNZRzVLL0htSEpVRXFEQQ==; 
yoxwechatbusinessModel::set_user:END
[2019-08-04 23:29:21] trace  /app/ewei_shopv2_api.php?i=2&r=groups.goods&timestamp=1564932561599 id=14; comefrom=wxapp; openid=sns_wa_oWJzS5Goe4wGR6zsOpbm48K9_1JA; mid=; merchid=; authkey=; 
yoxwechatbusinessModel::set_user:BEGIN
[2019-08-04 23:29:21] trace  /app/ewei_shopv2_api.php?i=2&r=groups.goods&timestamp=1564932561599 id=14; comefrom=wxapp; openid=sns_wa_oWJzS5Goe4wGR6zsOpbm48K9_1JA; mid=; merchid=; authkey=; 
yoxwechatbusinessModel::set_user:END
[2019-08-04 23:31:26] trace  /app/ewei_shopv2_api.php?i=2&r=shop.get_shopindex&comefrom=wxapp&openid=sns_wa_oWJzS5Goe4wGR6zsOpbm48K9_1JA&mid=&merchid=&authkey=&timestamp=1564932686649 yoxwechatbusinessModel::set_user:BEGIN
[2019-08-04 23:31:26] trace  /app/ewei_shopv2_api.php?i=2&r=shop.get_shopindex&comefrom=wxapp&openid=sns_wa_oWJzS5Goe4wGR6zsOpbm48K9_1JA&mid=&merchid=&authkey=&timestamp=1564932686649 yoxwechatbusinessModel::set_user:END
[2019-08-04 23:31:26] trace  /app/ewei_shopv2_api.php?i=2&r=shop.get_hasnewcoupon&comefrom=wxapp&openid=sns_wa_oWJzS5Goe4wGR6zsOpbm48K9_1JA&mid=&merchid=&authkey=&timestamp=1564932686654 yoxwechatbusinessModel::set_user:BEGIN
[2019-08-04 23:31:26] trace  /app/ewei_shopv2_api.php?i=2&r=shop.get_hasnewcoupon&comefrom=wxapp&openid=sns_wa_oWJzS5Goe4wGR6zsOpbm48K9_1JA&mid=&merchid=&authkey=&timestamp=1564932686654 yoxwechatbusinessModel::set_user:END
[2019-08-04 23:31:26] trace  /app/ewei_shopv2_api.php?i=2&r=shop.get_cpinfos&comefrom=wxapp&openid=sns_wa_oWJzS5Goe4wGR6zsOpbm48K9_1JA&mid=&merchid=&authkey=&timestamp=1564932686657 yoxwechatbusinessModel::set_user:BEGIN
[2019-08-04 23:31:26] trace  /app/ewei_shopv2_api.php?i=2&r=shop.get_cpinfos&comefrom=wxapp&openid=sns_wa_oWJzS5Goe4wGR6zsOpbm48K9_1JA&mid=&merchid=&authkey=&timestamp=1564932686657 yoxwechatbusinessModel::set_user:END
