[2019-08-10 10:49:25] trace  /app/ewei_shopv2_api.php?i=2&r=diypage&type=home&comefrom=wxapp&openid=sns_wa_oWJzS5P-LE3dY74eLGIBw6e0faeg&mid=&merchid=&authkey=&timestamp=1565405364031 yoxwechatbusinessModel::set_user:BEGIN
[2019-08-10 10:49:25] trace  /app/ewei_shopv2_api.php?i=2&r=diypage&type=home&comefrom=wxapp&openid=sns_wa_oWJzS5P-LE3dY74eLGIBw6e0faeg&mid=&merchid=&authkey=&timestamp=1565405364031 yoxwechatbusinessModel::set_user:END
[2019-08-10 10:49:27] trace  /app/ewei_shopv2_api.php?i=2&r=shop.get_cpinfos&comefrom=wxapp&openid=sns_wa_oWJzS5P-LE3dY74eLGIBw6e0faeg&mid=&merchid=&authkey=&timestamp=1565405364235 yoxwechatbusinessModel::set_user:BEGIN
[2019-08-10 10:49:27] trace  /app/ewei_shopv2_api.php?i=2&r=shop.get_cpinfos&comefrom=wxapp&openid=sns_wa_oWJzS5P-LE3dY74eLGIBw6e0faeg&mid=&merchid=&authkey=&timestamp=1565405364235 yoxwechatbusinessModel::set_user:END
[2019-08-10 10:49:27] trace  /app/ewei_shopv2_api.php?i=2&r=black&comefrom=wxapp&openid=sns_wa_oWJzS5P-LE3dY74eLGIBw6e0faeg&authkey=&timestamp=1565405363923 yoxwechatbusinessModel::set_user:BEGIN
[2019-08-10 10:49:27] trace  /app/ewei_shopv2_api.php?i=2&r=black&comefrom=wxapp&openid=sns_wa_oWJzS5P-LE3dY74eLGIBw6e0faeg&authkey=&timestamp=1565405363923 yoxwechatbusinessModel::set_user:END
[2019-08-10 10:49:28] trace  /app/ewei_shopv2_api.php?i=2&r=shop.get_shopindex&comefrom=wxapp&openid=sns_wa_oWJzS5P-LE3dY74eLGIBw6e0faeg&mid=&merchid=&authkey=&timestamp=1565405364143 yoxwechatbusinessModel::set_user:BEGIN
[2019-08-10 10:49:28] trace  /app/ewei_shopv2_api.php?i=2&r=shop.get_shopindex&comefrom=wxapp&openid=sns_wa_oWJzS5P-LE3dY74eLGIBw6e0faeg&mid=&merchid=&authkey=&timestamp=1565405364143 yoxwechatbusinessModel::set_user:END
[2019-08-10 10:49:28] trace  /app/ewei_shopv2_api.php?i=2&r=shop.get_hasnewcoupon&comefrom=wxapp&openid=sns_wa_oWJzS5P-LE3dY74eLGIBw6e0faeg&mid=&merchid=&authkey=&timestamp=1565405364183 yoxwechatbusinessModel::set_user:BEGIN
[2019-08-10 10:49:28] trace  /app/ewei_shopv2_api.php?i=2&r=shop.get_hasnewcoupon&comefrom=wxapp&openid=sns_wa_oWJzS5P-LE3dY74eLGIBw6e0faeg&mid=&merchid=&authkey=&timestamp=1565405364183 yoxwechatbusinessModel::set_user:END
[2019-08-10 10:49:40] trace  /app/ewei_shopv2_api.php?i=2&r=shop.get_category&comefrom=wxapp&openid=sns_wa_oWJzS5P-LE3dY74eLGIBw6e0faeg&mid=&merchid=&authkey=ODUzMDBNem5BNXR1NHRNaFkzTjhhQU9TWkJMQ3pYWEpEUHR1Q0l0OENFdlM4KzlITGVjaDFZRUJtV09PSlR3aFNlUEFzSEJOSXpSQnlqNkVDdjlSNTJOZ2ZJRQ%3D%3D&timestamp=1565405382375 yoxwechatbusinessModel::set_user:BEGIN
[2019-08-10 10:49:40] trace  /app/ewei_shopv2_api.php?i=2&r=shop.get_category&comefrom=wxapp&openid=sns_wa_oWJzS5P-LE3dY74eLGIBw6e0faeg&mid=&merchid=&authkey=ODUzMDBNem5BNXR1NHRNaFkzTjhhQU9TWkJMQ3pYWEpEUHR1Q0l0OENFdlM4KzlITGVjaDFZRUJtV09PSlR3aFNlUEFzSEJOSXpSQnlqNkVDdjlSNTJOZ2ZJRQ%3D%3D&timestamp=1565405382375 yoxwechatbusinessModel::set_user:END
[2019-08-10 10:49:59] trace  /app/ewei_shopv2_api.php?i=2&r=shop.get_shopindex&comefrom=wxapp&openid=sns_wa_oWJzS5P-LE3dY74eLGIBw6e0faeg&mid=&merchid=&authkey=&timestamp=1565405400946 yoxwechatbusinessModel::set_user:BEGIN
[2019-08-10 10:49:59] trace  /app/ewei_shopv2_api.php?i=2&r=shop.get_shopindex&comefrom=wxapp&openid=sns_wa_oWJzS5P-LE3dY74eLGIBw6e0faeg&mid=&merchid=&authkey=&timestamp=1565405400946 yoxwechatbusinessModel::set_user:END
[2019-08-10 10:49:59] trace  /app/ewei_shopv2_api.php?i=2&r=shop.get_hasnewcoupon&comefrom=wxapp&openid=sns_wa_oWJzS5P-LE3dY74eLGIBw6e0faeg&mid=&merchid=&authkey=&timestamp=1565405400981 yoxwechatbusinessModel::set_user:BEGIN
[2019-08-10 10:49:59] trace  /app/ewei_shopv2_api.php?i=2&r=shop.get_hasnewcoupon&comefrom=wxapp&openid=sns_wa_oWJzS5P-LE3dY74eLGIBw6e0faeg&mid=&merchid=&authkey=&timestamp=1565405400981 yoxwechatbusinessModel::set_user:END
[2019-08-10 10:49:59] trace  /app/ewei_shopv2_api.php?i=2&r=shop.get_cpinfos&comefrom=wxapp&openid=sns_wa_oWJzS5P-LE3dY74eLGIBw6e0faeg&mid=&merchid=&authkey=&timestamp=1565405401015 yoxwechatbusinessModel::set_user:BEGIN
[2019-08-10 10:49:59] trace  /app/ewei_shopv2_api.php?i=2&r=shop.get_cpinfos&comefrom=wxapp&openid=sns_wa_oWJzS5P-LE3dY74eLGIBw6e0faeg&mid=&merchid=&authkey=&timestamp=1565405401015 yoxwechatbusinessModel::set_user:END
[2019-08-10 11:14:25] trace  /app/ewei_shopv2_api.php?i=2&r=shop.get_shopindex&comefrom=wxapp&openid=sns_wa_oWJzS5P-LE3dY74eLGIBw6e0faeg&mid=&merchid=&authkey=&timestamp=1565406867665 yoxwechatbusinessModel::set_user:BEGIN
[2019-08-10 11:14:25] trace  /app/ewei_shopv2_api.php?i=2&r=shop.get_shopindex&comefrom=wxapp&openid=sns_wa_oWJzS5P-LE3dY74eLGIBw6e0faeg&mid=&merchid=&authkey=&timestamp=1565406867665 yoxwechatbusinessModel::set_user:END
[2019-08-10 11:14:26] trace  /app/ewei_shopv2_api.php?i=2&r=shop.get_cpinfos&comefrom=wxapp&openid=sns_wa_oWJzS5P-LE3dY74eLGIBw6e0faeg&mid=&merchid=&authkey=&timestamp=1565406867724 yoxwechatbusinessModel::set_user:BEGIN
[2019-08-10 11:14:26] trace  /app/ewei_shopv2_api.php?i=2&r=shop.get_cpinfos&comefrom=wxapp&openid=sns_wa_oWJzS5P-LE3dY74eLGIBw6e0faeg&mid=&merchid=&authkey=&timestamp=1565406867724 yoxwechatbusinessModel::set_user:END
[2019-08-10 11:14:26] trace  /app/ewei_shopv2_api.php?i=2&r=shop.get_hasnewcoupon&comefrom=wxapp&openid=sns_wa_oWJzS5P-LE3dY74eLGIBw6e0faeg&mid=&merchid=&authkey=&timestamp=1565406867690 yoxwechatbusinessModel::set_user:BEGIN
[2019-08-10 11:14:26] trace  /app/ewei_shopv2_api.php?i=2&r=shop.get_hasnewcoupon&comefrom=wxapp&openid=sns_wa_oWJzS5P-LE3dY74eLGIBw6e0faeg&mid=&merchid=&authkey=&timestamp=1565406867690 yoxwechatbusinessModel::set_user:END
[2019-08-10 11:14:29] trace  /app/ewei_shopv2_api.php?i=2&r=shop.get_hasnewcoupon&comefrom=wxapp&openid=sns_wa_oWJzS5P-LE3dY74eLGIBw6e0faeg&mid=&merchid=&authkey=&timestamp=1565406871674 yoxwechatbusinessModel::set_user:BEGIN
[2019-08-10 11:14:29] trace  /app/ewei_shopv2_api.php?i=2&r=shop.get_hasnewcoupon&comefrom=wxapp&openid=sns_wa_oWJzS5P-LE3dY74eLGIBw6e0faeg&mid=&merchid=&authkey=&timestamp=1565406871674 yoxwechatbusinessModel::set_user:END
[2019-08-10 11:14:29] trace  /app/ewei_shopv2_api.php?i=2&r=shop.get_cpinfos&comefrom=wxapp&openid=sns_wa_oWJzS5P-LE3dY74eLGIBw6e0faeg&mid=&merchid=&authkey=&timestamp=1565406871689 yoxwechatbusinessModel::set_user:BEGIN
[2019-08-10 11:14:29] trace  /app/ewei_shopv2_api.php?i=2&r=shop.get_cpinfos&comefrom=wxapp&openid=sns_wa_oWJzS5P-LE3dY74eLGIBw6e0faeg&mid=&merchid=&authkey=&timestamp=1565406871689 yoxwechatbusinessModel::set_user:END
[2019-08-10 11:14:29] trace  /app/ewei_shopv2_api.php?i=2&r=black&comefrom=wxapp&openid=sns_wa_oWJzS5P-LE3dY74eLGIBw6e0faeg&mid=&merchid=&authkey=&timestamp=1565406871579 yoxwechatbusinessModel::set_user:BEGIN
[2019-08-10 11:14:29] trace  /app/ewei_shopv2_api.php?i=2&r=black&comefrom=wxapp&openid=sns_wa_oWJzS5P-LE3dY74eLGIBw6e0faeg&mid=&merchid=&authkey=&timestamp=1565406871579 yoxwechatbusinessModel::set_user:END
[2019-08-10 11:14:30] trace  /app/ewei_shopv2_api.php?i=2&r=shop.get_shopindex&comefrom=wxapp&openid=sns_wa_oWJzS5P-LE3dY74eLGIBw6e0faeg&mid=&merchid=&authkey=&timestamp=1565406871658 yoxwechatbusinessModel::set_user:BEGIN
[2019-08-10 11:14:30] trace  /app/ewei_shopv2_api.php?i=2&r=shop.get_shopindex&comefrom=wxapp&openid=sns_wa_oWJzS5P-LE3dY74eLGIBw6e0faeg&mid=&merchid=&authkey=&timestamp=1565406871658 yoxwechatbusinessModel::set_user:END
[2019-08-10 11:14:30] trace  /app/ewei_shopv2_api.php?i=2&r=diypage&type=home&comefrom=wxapp&openid=sns_wa_oWJzS5P-LE3dY74eLGIBw6e0faeg&mid=&merchid=&authkey=&timestamp=1565406871613 yoxwechatbusinessModel::set_user:BEGIN
[2019-08-10 11:14:30] trace  /app/ewei_shopv2_api.php?i=2&r=diypage&type=home&comefrom=wxapp&openid=sns_wa_oWJzS5P-LE3dY74eLGIBw6e0faeg&mid=&merchid=&authkey=&timestamp=1565406871613 yoxwechatbusinessModel::set_user:END
[2019-08-10 11:14:37] trace  /app/ewei_shopv2_api.php?i=2&r=shop.get_category&comefrom=wxapp&openid=sns_wa_oWJzS5P-LE3dY74eLGIBw6e0faeg&mid=&merchid=&authkey=&timestamp=1565406879123 yoxwechatbusinessModel::set_user:BEGIN
[2019-08-10 11:14:37] trace  /app/ewei_shopv2_api.php?i=2&r=shop.get_category&comefrom=wxapp&openid=sns_wa_oWJzS5P-LE3dY74eLGIBw6e0faeg&mid=&merchid=&authkey=&timestamp=1565406879123 yoxwechatbusinessModel::set_user:END
[2019-08-10 11:15:05] trace  /app/ewei_shopv2_api.php?i=2&r=shop.get_shopindex&comefrom=wxapp&openid=sns_wa_oWJzS5P-LE3dY74eLGIBw6e0faeg&mid=&merchid=&authkey=&timestamp=1565406907777 yoxwechatbusinessModel::set_user:BEGIN
[2019-08-10 11:15:05] trace  /app/ewei_shopv2_api.php?i=2&r=shop.get_shopindex&comefrom=wxapp&openid=sns_wa_oWJzS5P-LE3dY74eLGIBw6e0faeg&mid=&merchid=&authkey=&timestamp=1565406907777 yoxwechatbusinessModel::set_user:END
[2019-08-10 11:15:05] trace  /app/ewei_shopv2_api.php?i=2&r=shop.get_hasnewcoupon&comefrom=wxapp&openid=sns_wa_oWJzS5P-LE3dY74eLGIBw6e0faeg&mid=&merchid=&authkey=&timestamp=1565406907797 yoxwechatbusinessModel::set_user:BEGIN
[2019-08-10 11:15:05] trace  /app/ewei_shopv2_api.php?i=2&r=shop.get_hasnewcoupon&comefrom=wxapp&openid=sns_wa_oWJzS5P-LE3dY74eLGIBw6e0faeg&mid=&merchid=&authkey=&timestamp=1565406907797 yoxwechatbusinessModel::set_user:END
[2019-08-10 11:15:06] trace  /app/ewei_shopv2_api.php?i=2&r=shop.get_cpinfos&comefrom=wxapp&openid=sns_wa_oWJzS5P-LE3dY74eLGIBw6e0faeg&mid=&merchid=&authkey=&timestamp=1565406907812 yoxwechatbusinessModel::set_user:BEGIN
[2019-08-10 11:15:06] trace  /app/ewei_shopv2_api.php?i=2&r=shop.get_cpinfos&comefrom=wxapp&openid=sns_wa_oWJzS5P-LE3dY74eLGIBw6e0faeg&mid=&merchid=&authkey=&timestamp=1565406907812 yoxwechatbusinessModel::set_user:END
[2019-08-10 11:15:08] trace  /app/ewei_shopv2_api.php?i=2&r=shop.get_shopindex&comefrom=wxapp&openid=sns_wa_oWJzS5P-LE3dY74eLGIBw6e0faeg&mid=&merchid=&authkey=&timestamp=1565406910144 yoxwechatbusinessModel::set_user:BEGIN
[2019-08-10 11:15:08] trace  /app/ewei_shopv2_api.php?i=2&r=shop.get_shopindex&comefrom=wxapp&openid=sns_wa_oWJzS5P-LE3dY74eLGIBw6e0faeg&mid=&merchid=&authkey=&timestamp=1565406910144 yoxwechatbusinessModel::set_user:END
[2019-08-10 11:15:08] trace  /app/ewei_shopv2_api.php?i=2&r=shop.get_cpinfos&comefrom=wxapp&openid=sns_wa_oWJzS5P-LE3dY74eLGIBw6e0faeg&mid=&merchid=&authkey=&timestamp=1565406910186 yoxwechatbusinessModel::set_user:BEGIN
[2019-08-10 11:15:08] trace  /app/ewei_shopv2_api.php?i=2&r=shop.get_cpinfos&comefrom=wxapp&openid=sns_wa_oWJzS5P-LE3dY74eLGIBw6e0faeg&mid=&merchid=&authkey=&timestamp=1565406910186 yoxwechatbusinessModel::set_user:END
[2019-08-10 11:15:08] trace  /app/ewei_shopv2_api.php?i=2&r=shop.get_hasnewcoupon&comefrom=wxapp&openid=sns_wa_oWJzS5P-LE3dY74eLGIBw6e0faeg&mid=&merchid=&authkey=&timestamp=1565406910165 yoxwechatbusinessModel::set_user:BEGIN
[2019-08-10 11:15:08] trace  /app/ewei_shopv2_api.php?i=2&r=shop.get_hasnewcoupon&comefrom=wxapp&openid=sns_wa_oWJzS5P-LE3dY74eLGIBw6e0faeg&mid=&merchid=&authkey=&timestamp=1565406910165 yoxwechatbusinessModel::set_user:END
[2019-08-10 12:00:08] trace  /app/ewei_shopv2_api.php?i=2&r=diypage&type=home&comefrom=wxapp&openid=sns_wa_oWJzS5P-LE3dY74eLGIBw6e0faeg&mid=&merchid=&authkey=&timestamp=1565409610275 yoxwechatbusinessModel::set_user:BEGIN
[2019-08-10 12:00:08] trace  /app/ewei_shopv2_api.php?i=2&r=diypage&type=home&comefrom=wxapp&openid=sns_wa_oWJzS5P-LE3dY74eLGIBw6e0faeg&mid=&merchid=&authkey=&timestamp=1565409610275 yoxwechatbusinessModel::set_user:END
[2019-08-10 12:00:09] trace  /app/ewei_shopv2_api.php?i=2&r=shop.get_shopindex&comefrom=wxapp&openid=sns_wa_oWJzS5P-LE3dY74eLGIBw6e0faeg&mid=&merchid=&authkey=&timestamp=1565409610393 yoxwechatbusinessModel::set_user:BEGIN
[2019-08-10 12:00:09] trace  /app/ewei_shopv2_api.php?i=2&r=shop.get_shopindex&comefrom=wxapp&openid=sns_wa_oWJzS5P-LE3dY74eLGIBw6e0faeg&mid=&merchid=&authkey=&timestamp=1565409610393 yoxwechatbusinessModel::set_user:END
[2019-08-10 12:00:09] trace  /app/ewei_shopv2_api.php?i=2&r=shop.get_cpinfos&comefrom=wxapp&openid=sns_wa_oWJzS5P-LE3dY74eLGIBw6e0faeg&mid=&merchid=&authkey=&timestamp=1565409610457 yoxwechatbusinessModel::set_user:BEGIN
[2019-08-10 12:00:09] trace  /app/ewei_shopv2_api.php?i=2&r=shop.get_cpinfos&comefrom=wxapp&openid=sns_wa_oWJzS5P-LE3dY74eLGIBw6e0faeg&mid=&merchid=&authkey=&timestamp=1565409610457 yoxwechatbusinessModel::set_user:END
[2019-08-10 12:00:09] trace  /app/ewei_shopv2_api.php?i=2&r=shop.get_hasnewcoupon&comefrom=wxapp&openid=sns_wa_oWJzS5P-LE3dY74eLGIBw6e0faeg&mid=&merchid=&authkey=&timestamp=1565409610424 yoxwechatbusinessModel::set_user:BEGIN
[2019-08-10 12:00:09] trace  /app/ewei_shopv2_api.php?i=2&r=shop.get_hasnewcoupon&comefrom=wxapp&openid=sns_wa_oWJzS5P-LE3dY74eLGIBw6e0faeg&mid=&merchid=&authkey=&timestamp=1565409610424 yoxwechatbusinessModel::set_user:END
[2019-08-10 12:00:09] trace  /app/ewei_shopv2_api.php?i=2&r=black&comefrom=wxapp&openid=sns_wa_oWJzS5P-LE3dY74eLGIBw6e0faeg&mid=&merchid=&authkey=&timestamp=1565409610212 yoxwechatbusinessModel::set_user:BEGIN
[2019-08-10 12:00:09] trace  /app/ewei_shopv2_api.php?i=2&r=black&comefrom=wxapp&openid=sns_wa_oWJzS5P-LE3dY74eLGIBw6e0faeg&mid=&merchid=&authkey=&timestamp=1565409610212 yoxwechatbusinessModel::set_user:END
[2019-08-10 12:00:14] trace  /app/ewei_shopv2_api.php?i=2&r=shop.get_category&comefrom=wxapp&openid=sns_wa_oWJzS5P-LE3dY74eLGIBw6e0faeg&mid=&merchid=&authkey=&timestamp=1565409615696 yoxwechatbusinessModel::set_user:BEGIN
[2019-08-10 12:00:14] trace  /app/ewei_shopv2_api.php?i=2&r=shop.get_category&comefrom=wxapp&openid=sns_wa_oWJzS5P-LE3dY74eLGIBw6e0faeg&mid=&merchid=&authkey=&timestamp=1565409615696 yoxwechatbusinessModel::set_user:END
[2019-08-10 12:00:43] trace  /app/ewei_shopv2_api.php?i=2&r=black&comefrom=wxapp&openid=sns_wa_oWJzS5P-LE3dY74eLGIBw6e0faeg&mid=&merchid=&authkey=&timestamp=1565409645191 yoxwechatbusinessModel::set_user:BEGIN
[2019-08-10 12:00:43] trace  /app/ewei_shopv2_api.php?i=2&r=black&comefrom=wxapp&openid=sns_wa_oWJzS5P-LE3dY74eLGIBw6e0faeg&mid=&merchid=&authkey=&timestamp=1565409645191 yoxwechatbusinessModel::set_user:END
[2019-08-10 12:00:43] trace  /app/ewei_shopv2_api.php?i=2&r=diypage&type=goodsdetail&comefrom=wxapp&openid=sns_wa_oWJzS5P-LE3dY74eLGIBw6e0faeg&mid=&merchid=&authkey=&timestamp=1565409645229 yoxwechatbusinessModel::set_user:BEGIN
[2019-08-10 12:00:43] trace  /app/ewei_shopv2_api.php?i=2&r=diypage&type=goodsdetail&comefrom=wxapp&openid=sns_wa_oWJzS5P-LE3dY74eLGIBw6e0faeg&mid=&merchid=&authkey=&timestamp=1565409645229 yoxwechatbusinessModel::set_user:END
[2019-08-10 12:00:43] trace  /app/ewei_shopv2_api.php?i=2&r=goods.get_detail&id=26&comefrom=wxapp&openid=sns_wa_oWJzS5P-LE3dY74eLGIBw6e0faeg&mid=&merchid=&authkey=&timestamp=1565409645659 yoxwechatbusinessModel::set_user:BEGIN
[2019-08-10 12:00:43] trace  /app/ewei_shopv2_api.php?i=2&r=goods.get_detail&id=26&comefrom=wxapp&openid=sns_wa_oWJzS5P-LE3dY74eLGIBw6e0faeg&mid=&merchid=&authkey=&timestamp=1565409645659 yoxwechatbusinessModel::set_user:END
[2019-08-10 12:00:44] trace  /app/ewei_shopv2_api.php?i=2&r=goods.get_comments&id=26&comefrom=wxapp&openid=sns_wa_oWJzS5P-LE3dY74eLGIBw6e0faeg&mid=&merchid=&authkey=&timestamp=1565409646751 yoxwechatbusinessModel::set_user:BEGIN
[2019-08-10 12:00:44] trace  /app/ewei_shopv2_api.php?i=2&r=goods.get_comments&id=26&comefrom=wxapp&openid=sns_wa_oWJzS5P-LE3dY74eLGIBw6e0faeg&mid=&merchid=&authkey=&timestamp=1565409646751 yoxwechatbusinessModel::set_user:END
[2019-08-10 12:01:33] trace  /app/ewei_shopv2_api.php?i=2&r=shop.get_hasnewcoupon&comefrom=wxapp&openid=sns_wa_oWJzS5P-LE3dY74eLGIBw6e0faeg&mid=&merchid=&authkey=&timestamp=1565409695181 yoxwechatbusinessModel::set_user:BEGIN
[2019-08-10 12:01:33] trace  /app/ewei_shopv2_api.php?i=2&r=shop.get_hasnewcoupon&comefrom=wxapp&openid=sns_wa_oWJzS5P-LE3dY74eLGIBw6e0faeg&mid=&merchid=&authkey=&timestamp=1565409695181 yoxwechatbusinessModel::set_user:END
[2019-08-10 12:01:33] trace  /app/ewei_shopv2_api.php?i=2&r=shop.get_shopindex&comefrom=wxapp&openid=sns_wa_oWJzS5P-LE3dY74eLGIBw6e0faeg&mid=&merchid=&authkey=&timestamp=1565409695154 yoxwechatbusinessModel::set_user:BEGIN
[2019-08-10 12:01:33] trace  /app/ewei_shopv2_api.php?i=2&r=shop.get_shopindex&comefrom=wxapp&openid=sns_wa_oWJzS5P-LE3dY74eLGIBw6e0faeg&mid=&merchid=&authkey=&timestamp=1565409695154 yoxwechatbusinessModel::set_user:END
[2019-08-10 12:01:33] trace  /app/ewei_shopv2_api.php?i=2&r=shop.get_cpinfos&comefrom=wxapp&openid=sns_wa_oWJzS5P-LE3dY74eLGIBw6e0faeg&mid=&merchid=&authkey=&timestamp=1565409695206 yoxwechatbusinessModel::set_user:BEGIN
[2019-08-10 12:01:33] trace  /app/ewei_shopv2_api.php?i=2&r=shop.get_cpinfos&comefrom=wxapp&openid=sns_wa_oWJzS5P-LE3dY74eLGIBw6e0faeg&mid=&merchid=&authkey=&timestamp=1565409695206 yoxwechatbusinessModel::set_user:END
[2019-08-10 15:46:01] trace  /app/ewei_shopv2_api.php?i=2&r=black&comefrom=wxapp&openid=sns_wa_oWJzS5E7NHxTSkIFc6Xms55-YGY4&authkey=&timestamp=1565423161211 yoxwechatbusinessModel::set_user:BEGIN
[2019-08-10 15:46:02] trace  /app/ewei_shopv2_api.php?i=2&r=shop.get_cpinfos&comefrom=wxapp&openid=sns_wa_oWJzS5E7NHxTSkIFc6Xms55-YGY4&mid=&merchid=&authkey=&timestamp=1565423161477 yoxwechatbusinessModel::set_user:BEGIN
[2019-08-10 15:46:02] trace  /app/ewei_shopv2_api.php?i=2&r=diypage&type=home&comefrom=wxapp&openid=sns_wa_oWJzS5E7NHxTSkIFc6Xms55-YGY4&mid=&merchid=&authkey=&timestamp=1565423161278 yoxwechatbusinessModel::set_user:BEGIN
[2019-08-10 15:46:02] trace  /app/ewei_shopv2_api.php?i=2&r=shop.get_hasnewcoupon&comefrom=wxapp&openid=sns_wa_oWJzS5E7NHxTSkIFc6Xms55-YGY4&mid=&merchid=&authkey=&timestamp=1565423161462 yoxwechatbusinessModel::set_user:BEGIN
[2019-08-10 15:46:02] trace  /app/ewei_shopv2_api.php?i=2&r=shop.get_shopindex&comefrom=wxapp&openid=sns_wa_oWJzS5E7NHxTSkIFc6Xms55-YGY4&mid=&merchid=&authkey=&timestamp=1565423161445 yoxwechatbusinessModel::set_user:BEGIN
[2019-08-10 15:46:13] trace  /app/ewei_shopv2_api.php?i=2&r=shop.get_category&comefrom=wxapp&openid=sns_wa_oWJzS5E7NHxTSkIFc6Xms55-YGY4&mid=&merchid=&authkey=MTliY1lSN1IveVBIVW5XdWtpTmNGL1AyYWxja00yVWdROUdNOFdxYWJac3RLaUkxVVp0dm11WElYMzhWOTgxaXRoSE03WHdDNmNqYzI1RUpkSFBjbXA1OVFka0xlMGM5SjVTYzVtMGI1NCtueUE%3D&timestamp=1565423173280 yoxwechatbusinessModel::set_user:BEGIN
[2019-08-10 15:47:07] trace  /app/ewei_shopv2_api.php?i=2&r=black&comefrom=wxapp&openid=sns_wa_oWJzS5E7NHxTSkIFc6Xms55-YGY4&mid=&merchid=&authkey=&timestamp=1565423226789 yoxwechatbusinessModel::set_user:BEGIN
[2019-08-10 15:47:07] trace  /app/ewei_shopv2_api.php?i=2&r=diypage&type=goodsdetail&comefrom=wxapp&openid=sns_wa_oWJzS5E7NHxTSkIFc6Xms55-YGY4&mid=&merchid=&authkey=&timestamp=1565423226826 yoxwechatbusinessModel::set_user:BEGIN
[2019-08-10 15:47:08] trace  /app/ewei_shopv2_api.php?i=2&r=goods.get_detail&id=23&comefrom=wxapp&openid=sns_wa_oWJzS5E7NHxTSkIFc6Xms55-YGY4&mid=&merchid=&authkey=ZGE4NU9xOTJUZzhTckpWanZQWFJyUndUT2VHZlhtSlcycWdXZE1yU2wzR00rcFNRaUR6alB5SmFDWjhyKy9kejY2UVpsdE9MTVp4NHpicjdkVTZROHdQd29ERkdrUXc2Qk9rakhkQUNOTkdoL3c%3D&timestamp=1565423228667 yoxwechatbusinessModel::set_user:BEGIN
[2019-08-10 15:47:09] trace  /app/ewei_shopv2_api.php?i=2&r=goods.get_comments&id=23&comefrom=wxapp&openid=sns_wa_oWJzS5E7NHxTSkIFc6Xms55-YGY4&mid=&merchid=&authkey=&timestamp=1565423229260 yoxwechatbusinessModel::set_user:BEGIN
[2019-08-10 15:47:25] trace  /app/ewei_shopv2_api.php?i=2&r=shop.get_shopindex&comefrom=wxapp&openid=sns_wa_oWJzS5E7NHxTSkIFc6Xms55-YGY4&mid=&merchid=&authkey=&timestamp=1565423245393 yoxwechatbusinessModel::set_user:BEGIN
[2019-08-10 15:47:25] trace  /app/ewei_shopv2_api.php?i=2&r=shop.get_hasnewcoupon&comefrom=wxapp&openid=sns_wa_oWJzS5E7NHxTSkIFc6Xms55-YGY4&mid=&merchid=&authkey=&timestamp=1565423245404 yoxwechatbusinessModel::set_user:BEGIN
[2019-08-10 15:47:25] trace  /app/ewei_shopv2_api.php?i=2&r=shop.get_cpinfos&comefrom=wxapp&openid=sns_wa_oWJzS5E7NHxTSkIFc6Xms55-YGY4&mid=&merchid=&authkey=&timestamp=1565423245414 yoxwechatbusinessModel::set_user:BEGIN
[2019-08-10 15:47:34] trace  /app/ewei_shopv2_api.php?i=2&r=yoxwechatbusiness&isajax=1&comefrom=wxapp&openid=sns_wa_oWJzS5E7NHxTSkIFc6Xms55-YGY4&mid=&merchid=&authkey=&timestamp=1565423253949 yoxwechatbusinessModel::set_user:BEGIN
[2019-08-10 15:47:34] trace  /app/ewei_shopv2_api.php?i=2&r=bargain.act&comefrom=wxapp&openid=sns_wa_oWJzS5E7NHxTSkIFc6Xms55-YGY4&mid=&merchid=&authkey=&timestamp=1565423253968 yoxwechatbusinessModel::set_user:BEGIN
[2019-08-10 15:47:36] trace  /app/ewei_shopv2_api.php?i=2&r=black&comefrom=wxapp&openid=sns_wa_oWJzS5E7NHxTSkIFc6Xms55-YGY4&mid=&merchid=&authkey=&timestamp=1565423256625 yoxwechatbusinessModel::set_user:BEGIN
[2019-08-10 15:47:36] trace  /app/ewei_shopv2_api.php?i=2&r=diypage&type=home&comefrom=wxapp&openid=sns_wa_oWJzS5E7NHxTSkIFc6Xms55-YGY4&mid=&merchid=&authkey=&timestamp=1565423256653 yoxwechatbusinessModel::set_user:BEGIN
[2019-08-10 15:47:36] trace  /app/ewei_shopv2_api.php?i=2&r=shop.get_shopindex&comefrom=wxapp&openid=sns_wa_oWJzS5E7NHxTSkIFc6Xms55-YGY4&mid=&merchid=&authkey=&timestamp=1565423256911 yoxwechatbusinessModel::set_user:BEGIN
[2019-08-10 15:47:37] trace  /app/ewei_shopv2_api.php?i=2&r=shop.get_hasnewcoupon&comefrom=wxapp&openid=sns_wa_oWJzS5E7NHxTSkIFc6Xms55-YGY4&mid=&merchid=&authkey=&timestamp=1565423256941 yoxwechatbusinessModel::set_user:BEGIN
[2019-08-10 15:47:37] trace  /app/ewei_shopv2_api.php?i=2&r=shop.get_cpinfos&comefrom=wxapp&openid=sns_wa_oWJzS5E7NHxTSkIFc6Xms55-YGY4&mid=&merchid=&authkey=&timestamp=1565423257053 yoxwechatbusinessModel::set_user:BEGIN
[2019-08-10 15:47:44] trace  /app/ewei_shopv2_api.php?i=2&r=black&comefrom=wxapp&openid=sns_wa_oWJzS5E7NHxTSkIFc6Xms55-YGY4&mid=&merchid=&authkey=&timestamp=1565423264089 yoxwechatbusinessModel::set_user:BEGIN
[2019-08-10 15:47:44] trace  /app/ewei_shopv2_api.php?i=2&r=diypage&type=goodsdetail&comefrom=wxapp&openid=sns_wa_oWJzS5E7NHxTSkIFc6Xms55-YGY4&mid=&merchid=&authkey=&timestamp=1565423264107 yoxwechatbusinessModel::set_user:BEGIN
[2019-08-10 15:47:45] trace  /app/ewei_shopv2_api.php?i=2&r=goods.get_detail&id=23&comefrom=wxapp&openid=sns_wa_oWJzS5E7NHxTSkIFc6Xms55-YGY4&mid=&merchid=&authkey=NzllNjhQd2huamJBTFoxVFVqS09NMTAxSmFmYWRSM1NCTzN3N1QwT1ZyTXVBQTZrOUpUVTdQeHc3cWRxQTZMNzFpS2gyK2NUZHB1R1RlSE5jWEg5c2dzZ3RLbmlIZmc2c0NrUUp2NWVxZHJSZ3c%3D&timestamp=1565423265528 yoxwechatbusinessModel::set_user:BEGIN
[2019-08-10 15:47:46] trace  /app/ewei_shopv2_api.php?i=2&r=goods.get_comments&id=23&comefrom=wxapp&openid=sns_wa_oWJzS5E7NHxTSkIFc6Xms55-YGY4&mid=&merchid=&authkey=&timestamp=1565423266083 yoxwechatbusinessModel::set_user:BEGIN
[2019-08-10 15:47:58] trace  /app/ewei_shopv2_api.php?i=2&r=shop.get_shopindex&comefrom=wxapp&openid=sns_wa_oWJzS5E7NHxTSkIFc6Xms55-YGY4&mid=&merchid=&authkey=&timestamp=1565423278704 yoxwechatbusinessModel::set_user:BEGIN
[2019-08-10 15:47:58] trace  /app/ewei_shopv2_api.php?i=2&r=shop.get_hasnewcoupon&comefrom=wxapp&openid=sns_wa_oWJzS5E7NHxTSkIFc6Xms55-YGY4&mid=&merchid=&authkey=&timestamp=1565423278743 yoxwechatbusinessModel::set_user:BEGIN
[2019-08-10 15:47:59] trace  /app/ewei_shopv2_api.php?i=2&r=shop.get_cpinfos&comefrom=wxapp&openid=sns_wa_oWJzS5E7NHxTSkIFc6Xms55-YGY4&mid=&merchid=&authkey=&timestamp=1565423278755 yoxwechatbusinessModel::set_user:BEGIN
[2019-08-10 15:48:03] trace  /app/ewei_shopv2_api.php?i=2&r=black&comefrom=wxapp&openid=sns_wa_oWJzS5E7NHxTSkIFc6Xms55-YGY4&mid=&merchid=&authkey=&timestamp=1565423282968 yoxwechatbusinessModel::set_user:BEGIN
[2019-08-10 15:48:03] trace  /app/ewei_shopv2_api.php?i=2&r=diypage&type=goodsdetail&comefrom=wxapp&openid=sns_wa_oWJzS5E7NHxTSkIFc6Xms55-YGY4&mid=&merchid=&authkey=&timestamp=1565423282980 yoxwechatbusinessModel::set_user:BEGIN
[2019-08-10 15:48:04] trace  /app/ewei_shopv2_api.php?i=2&r=goods.get_detail&id=31&comefrom=wxapp&openid=sns_wa_oWJzS5E7NHxTSkIFc6Xms55-YGY4&mid=&merchid=&authkey=NzhiZmJIeFRuVXlpYnlNWnhWc0t1WlVHN0R2YTB2Q2RqVzZZNW9penlkaDRmWERRU3ZERDlBMkp5aTBMWDEvWHlnVUNaU0srMzZyOUkxQWNpeGpEYjEreDJjUkFsbWJwQkZXVll2ZkpVckZXdGc%3D&timestamp=1565423284445 yoxwechatbusinessModel::set_user:BEGIN
[2019-08-10 15:48:05] trace  /app/ewei_shopv2_api.php?i=2&r=goods.get_comments&id=31&comefrom=wxapp&openid=sns_wa_oWJzS5E7NHxTSkIFc6Xms55-YGY4&mid=&merchid=&authkey=&timestamp=1565423284933 yoxwechatbusinessModel::set_user:BEGIN
[2019-08-10 16:03:08] trace  /app/ewei_shopv2_api.php?i=2&r=shop.get_shopindex&comefrom=wxapp&openid=sns_wa_oWJzS5E7NHxTSkIFc6Xms55-YGY4&mid=&merchid=&authkey=MmY1N3FhMkQ4SGY1QkpLUzJzM2dCUjZDcFpmLzdadUgvUjJsT2tsNEsrR1FvcHlyeFdjTkZNcGRuYmtZNnRpMlQ0NE5FWkNRVVd3R2hqckV3ejErbTA2QmZYK3pKT2JCbjlMRk92ZzJTNTVlR2c%3D&timestamp=1565424188323 yoxwechatbusinessModel::set_user:BEGIN
[2019-08-10 16:03:08] trace  /app/ewei_shopv2_api.php?i=2&r=shop.get_hasnewcoupon&comefrom=wxapp&openid=sns_wa_oWJzS5E7NHxTSkIFc6Xms55-YGY4&mid=&merchid=&authkey=MmY1N3FhMkQ4SGY1QkpLUzJzM2dCUjZDcFpmLzdadUgvUjJsT2tsNEsrR1FvcHlyeFdjTkZNcGRuYmtZNnRpMlQ0NE5FWkNRVVd3R2hqckV3ejErbTA2QmZYK3pKT2JCbjlMRk92ZzJTNTVlR2c%3D&timestamp=1565424188339 yoxwechatbusinessModel::set_user:BEGIN
[2019-08-10 16:03:11] trace  /app/ewei_shopv2_api.php?i=2&r=shop.get_cpinfos&comefrom=wxapp&openid=sns_wa_oWJzS5E7NHxTSkIFc6Xms55-YGY4&mid=&merchid=&authkey=MmY1N3FhMkQ4SGY1QkpLUzJzM2dCUjZDcFpmLzdadUgvUjJsT2tsNEsrR1FvcHlyeFdjTkZNcGRuYmtZNnRpMlQ0NE5FWkNRVVd3R2hqckV3ejErbTA2QmZYK3pKT2JCbjlMRk92ZzJTNTVlR2c%3D&timestamp=1565424188377 yoxwechatbusinessModel::set_user:BEGIN
[2019-08-10 20:21:39] trace  /app/ewei_shopv2_api.php?i=2&r=cacheset&version=&comefrom=wxapp&openid=sns_wa_oWJzS5D7n2RyxDWjaH-yG7Rc32-U&mid=&merchid=&authkey=OTg0ZjRVeUtLVFhnVTZER3NSUWM4WFBtR1plU2hsbk1DMk1zSlNrazVkS3p2dDJ0Q1hHS3N6bzRweVdQeWZEWEdVSEVPSVUx&timestamp=1565439704747 yoxwechatbusinessModel::set_user:BEGIN
[2019-08-10 20:21:40] trace  /app/ewei_shopv2_api.php?i=2&r=cacheset&version=&comefrom=wxapp&openid=sns_wa_oWJzS5D7n2RyxDWjaH-yG7Rc32-U&mid=&merchid=&authkey=YmYxZkt3QmhvaDJveUo2Ylc3Uzc3Y2FTWWlKdGNkY2NiallPMUdQY3dySm1BNEZiQzUvc1NsWDVKV1ltaHMxNXhxWTU4MUV2&timestamp=1565439704958 yoxwechatbusinessModel::set_user:BEGIN
[2019-08-10 20:24:15] trace  /app/ewei_shopv2_api.php?i=2&r=diypage&type=home&comefrom=wxapp&openid=sns_wa_oWJzS5P-LE3dY74eLGIBw6e0faeg&mid=&merchid=&authkey=&timestamp=1565439857502 yoxwechatbusinessModel::set_user:BEGIN
[2019-08-10 20:24:15] trace  /app/ewei_shopv2_api.php?i=2&r=diypage&type=home&comefrom=wxapp&openid=sns_wa_oWJzS5P-LE3dY74eLGIBw6e0faeg&mid=&merchid=&authkey=&timestamp=1565439857502 yoxwechatbusinessModel::set_user:END
[2019-08-10 20:24:16] trace  /app/ewei_shopv2_api.php?i=2&r=shop.get_cpinfos&comefrom=wxapp&openid=sns_wa_oWJzS5P-LE3dY74eLGIBw6e0faeg&mid=&merchid=&authkey=&timestamp=1565439857602 yoxwechatbusinessModel::set_user:BEGIN
[2019-08-10 20:24:16] trace  /app/ewei_shopv2_api.php?i=2&r=shop.get_cpinfos&comefrom=wxapp&openid=sns_wa_oWJzS5P-LE3dY74eLGIBw6e0faeg&mid=&merchid=&authkey=&timestamp=1565439857602 yoxwechatbusinessModel::set_user:END
[2019-08-10 20:24:17] trace  /app/ewei_shopv2_api.php?i=2&r=shop.get_shopindex&comefrom=wxapp&openid=sns_wa_oWJzS5P-LE3dY74eLGIBw6e0faeg&mid=&merchid=&authkey=&timestamp=1565439857565 yoxwechatbusinessModel::set_user:BEGIN
[2019-08-10 20:24:17] trace  /app/ewei_shopv2_api.php?i=2&r=shop.get_shopindex&comefrom=wxapp&openid=sns_wa_oWJzS5P-LE3dY74eLGIBw6e0faeg&mid=&merchid=&authkey=&timestamp=1565439857565 yoxwechatbusinessModel::set_user:END
[2019-08-10 20:24:17] trace  /app/ewei_shopv2_api.php?i=2&r=black&comefrom=wxapp&openid=sns_wa_oWJzS5P-LE3dY74eLGIBw6e0faeg&authkey=&timestamp=1565439857450 yoxwechatbusinessModel::set_user:BEGIN
[2019-08-10 20:24:17] trace  /app/ewei_shopv2_api.php?i=2&r=black&comefrom=wxapp&openid=sns_wa_oWJzS5P-LE3dY74eLGIBw6e0faeg&authkey=&timestamp=1565439857450 yoxwechatbusinessModel::set_user:END
[2019-08-10 20:24:17] trace  /app/ewei_shopv2_api.php?i=2&r=shop.get_hasnewcoupon&comefrom=wxapp&openid=sns_wa_oWJzS5P-LE3dY74eLGIBw6e0faeg&mid=&merchid=&authkey=&timestamp=1565439857584 yoxwechatbusinessModel::set_user:BEGIN
[2019-08-10 20:24:17] trace  /app/ewei_shopv2_api.php?i=2&r=shop.get_hasnewcoupon&comefrom=wxapp&openid=sns_wa_oWJzS5P-LE3dY74eLGIBw6e0faeg&mid=&merchid=&authkey=&timestamp=1565439857584 yoxwechatbusinessModel::set_user:END
[2019-08-10 20:24:26] trace  /app/ewei_shopv2_api.php?i=2&r=diypage&type=goodsdetail&comefrom=wxapp&openid=sns_wa_oWJzS5P-LE3dY74eLGIBw6e0faeg&mid=&merchid=&authkey=OWMyZkx2aVdJZ3BaYUVXTW1VdWFuK2ZiMWtOZTBTSUxub2hIZFNKMUZ4MXRmZC9EbGE3eFJtTHBCbVljQm1ZVElQbXRmNTJKZlljN3RHSWxCaCttMUs2T3oxSQ%3D%3D&timestamp=1565439868373 yoxwechatbusinessModel::set_user:BEGIN
[2019-08-10 20:24:26] trace  /app/ewei_shopv2_api.php?i=2&r=diypage&type=goodsdetail&comefrom=wxapp&openid=sns_wa_oWJzS5P-LE3dY74eLGIBw6e0faeg&mid=&merchid=&authkey=OWMyZkx2aVdJZ3BaYUVXTW1VdWFuK2ZiMWtOZTBTSUxub2hIZFNKMUZ4MXRmZC9EbGE3eFJtTHBCbVljQm1ZVElQbXRmNTJKZlljN3RHSWxCaCttMUs2T3oxSQ%3D%3D&timestamp=1565439868373 yoxwechatbusinessModel::set_user:END
[2019-08-10 20:24:26] trace  /app/ewei_shopv2_api.php?i=2&r=black&comefrom=wxapp&openid=sns_wa_oWJzS5P-LE3dY74eLGIBw6e0faeg&mid=&merchid=&authkey=OWMyZkx2aVdJZ3BaYUVXTW1VdWFuK2ZiMWtOZTBTSUxub2hIZFNKMUZ4MXRmZC9EbGE3eFJtTHBCbVljQm1ZVElQbXRmNTJKZlljN3RHSWxCaCttMUs2T3oxSQ%3D%3D&timestamp=1565439868350 yoxwechatbusinessModel::set_user:BEGIN
[2019-08-10 20:24:26] trace  /app/ewei_shopv2_api.php?i=2&r=black&comefrom=wxapp&openid=sns_wa_oWJzS5P-LE3dY74eLGIBw6e0faeg&mid=&merchid=&authkey=OWMyZkx2aVdJZ3BaYUVXTW1VdWFuK2ZiMWtOZTBTSUxub2hIZFNKMUZ4MXRmZC9EbGE3eFJtTHBCbVljQm1ZVElQbXRmNTJKZlljN3RHSWxCaCttMUs2T3oxSQ%3D%3D&timestamp=1565439868350 yoxwechatbusinessModel::set_user:END
[2019-08-10 20:24:26] trace  /app/ewei_shopv2_api.php?i=2&r=goods.get_detail&id=34&comefrom=wxapp&openid=sns_wa_oWJzS5P-LE3dY74eLGIBw6e0faeg&mid=&merchid=&authkey=OWMyZkx2aVdJZ3BaYUVXTW1VdWFuK2ZiMWtOZTBTSUxub2hIZFNKMUZ4MXRmZC9EbGE3eFJtTHBCbVljQm1ZVElQbXRmNTJKZlljN3RHSWxCaCttMUs2T3oxSQ%3D%3D&timestamp=1565439868486 yoxwechatbusinessModel::set_user:BEGIN
[2019-08-10 20:24:26] trace  /app/ewei_shopv2_api.php?i=2&r=goods.get_detail&id=34&comefrom=wxapp&openid=sns_wa_oWJzS5P-LE3dY74eLGIBw6e0faeg&mid=&merchid=&authkey=OWMyZkx2aVdJZ3BaYUVXTW1VdWFuK2ZiMWtOZTBTSUxub2hIZFNKMUZ4MXRmZC9EbGE3eFJtTHBCbVljQm1ZVElQbXRmNTJKZlljN3RHSWxCaCttMUs2T3oxSQ%3D%3D&timestamp=1565439868486 yoxwechatbusinessModel::set_user:END
[2019-08-10 20:24:27] trace  /app/ewei_shopv2_api.php?i=2&r=goods.get_comments&id=34&comefrom=wxapp&openid=sns_wa_oWJzS5P-LE3dY74eLGIBw6e0faeg&mid=&merchid=&authkey=&timestamp=1565439869475 yoxwechatbusinessModel::set_user:BEGIN
[2019-08-10 20:24:27] trace  /app/ewei_shopv2_api.php?i=2&r=goods.get_comments&id=34&comefrom=wxapp&openid=sns_wa_oWJzS5P-LE3dY74eLGIBw6e0faeg&mid=&merchid=&authkey=&timestamp=1565439869475 yoxwechatbusinessModel::set_user:END
[2019-08-10 20:24:30] trace  /app/ewei_shopv2_api.php?i=2&r=shop.get_hasnewcoupon&comefrom=wxapp&openid=sns_wa_oWJzS5P-LE3dY74eLGIBw6e0faeg&mid=&merchid=&authkey=&timestamp=1565439873041 yoxwechatbusinessModel::set_user:BEGIN
[2019-08-10 20:24:30] trace  /app/ewei_shopv2_api.php?i=2&r=shop.get_hasnewcoupon&comefrom=wxapp&openid=sns_wa_oWJzS5P-LE3dY74eLGIBw6e0faeg&mid=&merchid=&authkey=&timestamp=1565439873041 yoxwechatbusinessModel::set_user:END
[2019-08-10 20:24:31] trace  /app/ewei_shopv2_api.php?i=2&r=shop.get_cpinfos&comefrom=wxapp&openid=sns_wa_oWJzS5P-LE3dY74eLGIBw6e0faeg&mid=&merchid=&authkey=&timestamp=1565439873060 yoxwechatbusinessModel::set_user:BEGIN
[2019-08-10 20:24:31] trace  /app/ewei_shopv2_api.php?i=2&r=shop.get_cpinfos&comefrom=wxapp&openid=sns_wa_oWJzS5P-LE3dY74eLGIBw6e0faeg&mid=&merchid=&authkey=&timestamp=1565439873060 yoxwechatbusinessModel::set_user:END
[2019-08-10 20:24:31] trace  /app/ewei_shopv2_api.php?i=2&r=shop.get_shopindex&comefrom=wxapp&openid=sns_wa_oWJzS5P-LE3dY74eLGIBw6e0faeg&mid=&merchid=&authkey=&timestamp=1565439873022 yoxwechatbusinessModel::set_user:BEGIN
[2019-08-10 20:24:31] trace  /app/ewei_shopv2_api.php?i=2&r=shop.get_shopindex&comefrom=wxapp&openid=sns_wa_oWJzS5P-LE3dY74eLGIBw6e0faeg&mid=&merchid=&authkey=&timestamp=1565439873022 yoxwechatbusinessModel::set_user:END
