[2019-07-13 09:38:41] trace  /app/ewei_shopv2_api.php?i=2&r=cacheset&version=&comefrom=wxapp&openid=sns_wa_oWJzS5I8QQwUP_toPqYacWmy5QtY&mid=&merchid=&authkey=MzM4NkhQalc2VDdndGpGa0w3QktvNnZQYU9aWGpQTzBoT1piU0U3WCtIbnZ2VDZNeUE4eEJVWnZaOFlObnJsYWxPWUgvY1oyeCtJQjViMVFVRFdrT1I4TGkvQQ%3D%3D&timestamp=1562981921451 yoxwechatbusinessModel::set_user:BEGIN
[2019-07-13 09:38:41] trace  /app/ewei_shopv2_api.php?i=2&r=cacheset&version=&comefrom=wxapp&openid=sns_wa_oWJzS5I8QQwUP_toPqYacWmy5QtY&mid=&merchid=&authkey=MzM4NkhQalc2VDdndGpGa0w3QktvNnZQYU9aWGpQTzBoT1piU0U3WCtIbnZ2VDZNeUE4eEJVWnZaOFlObnJsYWxPWUgvY1oyeCtJQjViMVFVRFdrT1I4TGkvQQ%3D%3D&timestamp=1562981921451 yoxwechatbusinessModel::set_user:END
[2019-07-13 09:38:41] trace  /app/ewei_shopv2_api.php?i=2&r=cacheset&version=&comefrom=wxapp&openid=sns_wa_oWJzS5I8QQwUP_toPqYacWmy5QtY&mid=&merchid=&authkey=NDY4NDUyU01aVTU0SHplaVNBanpLWjJ3RmxBbVlVL0orUHNZUDVCT3V1MTVwejQ2TU9ybWJwTTBhU0JsVDVxbmhyWDhidzd6ZWhVRzUvWlI5TzBNdVhkQ1ZWYw%3D%3D&timestamp=1562981921644 yoxwechatbusinessModel::set_user:BEGIN
[2019-07-13 09:38:41] trace  /app/ewei_shopv2_api.php?i=2&r=cacheset&version=&comefrom=wxapp&openid=sns_wa_oWJzS5I8QQwUP_toPqYacWmy5QtY&mid=&merchid=&authkey=NDY4NDUyU01aVTU0SHplaVNBanpLWjJ3RmxBbVlVL0orUHNZUDVCT3V1MTVwejQ2TU9ybWJwTTBhU0JsVDVxbmhyWDhidzd6ZWhVRzUvWlI5TzBNdVhkQ1ZWYw%3D%3D&timestamp=1562981921644 yoxwechatbusinessModel::set_user:END
[2019-07-13 09:38:52] trace  /app/ewei_shopv2_api.php?i=2&r=goods.get_category&comefrom=wxapp&openid=sns_wa_oWJzS5I8QQwUP_toPqYacWmy5QtY&mid=&merchid=&authkey=&timestamp=1562981932589 yoxwechatbusinessModel::set_user:BEGIN
[2019-07-13 09:38:52] trace  /app/ewei_shopv2_api.php?i=2&r=goods.get_category&comefrom=wxapp&openid=sns_wa_oWJzS5I8QQwUP_toPqYacWmy5QtY&mid=&merchid=&authkey=&timestamp=1562981932589 yoxwechatbusinessModel::set_user:END
[2019-07-13 09:38:54] trace  /app/ewei_shopv2_api.php?i=2&r=shop.get_shopindex&comefrom=wxapp&openid=sns_wa_oWJzS5I8QQwUP_toPqYacWmy5QtY&mid=&merchid=&authkey=&timestamp=1562981934422 yoxwechatbusinessModel::set_user:BEGIN
[2019-07-13 09:38:54] trace  /app/ewei_shopv2_api.php?i=2&r=shop.get_shopindex&comefrom=wxapp&openid=sns_wa_oWJzS5I8QQwUP_toPqYacWmy5QtY&mid=&merchid=&authkey=&timestamp=1562981934422 yoxwechatbusinessModel::set_user:END
[2019-07-13 09:38:54] trace  /app/ewei_shopv2_api.php?i=2&r=shop.get_cpinfos&comefrom=wxapp&openid=sns_wa_oWJzS5I8QQwUP_toPqYacWmy5QtY&mid=&merchid=&authkey=&timestamp=1562981934426 yoxwechatbusinessModel::set_user:BEGIN
[2019-07-13 09:38:54] trace  /app/ewei_shopv2_api.php?i=2&r=shop.get_cpinfos&comefrom=wxapp&openid=sns_wa_oWJzS5I8QQwUP_toPqYacWmy5QtY&mid=&merchid=&authkey=&timestamp=1562981934426 yoxwechatbusinessModel::set_user:END
[2019-07-13 09:38:54] trace  /app/ewei_shopv2_api.php?i=2&r=shop.get_hasnewcoupon&comefrom=wxapp&openid=sns_wa_oWJzS5I8QQwUP_toPqYacWmy5QtY&mid=&merchid=&authkey=&timestamp=1562981934424 yoxwechatbusinessModel::set_user:BEGIN
[2019-07-13 09:38:54] trace  /app/ewei_shopv2_api.php?i=2&r=shop.get_hasnewcoupon&comefrom=wxapp&openid=sns_wa_oWJzS5I8QQwUP_toPqYacWmy5QtY&mid=&merchid=&authkey=&timestamp=1562981934424 yoxwechatbusinessModel::set_user:END
[2019-07-13 09:38:56] trace  /app/ewei_shopv2_api.php?i=2&r=diypage&type=6&comefrom=wxapp&openid=sns_wa_oWJzS5I8QQwUP_toPqYacWmy5QtY&mid=&merchid=&authkey=&timestamp=1562981936871 yoxwechatbusinessModel::set_user:BEGIN
[2019-07-13 09:38:56] trace  /app/ewei_shopv2_api.php?i=2&r=diypage&type=6&comefrom=wxapp&openid=sns_wa_oWJzS5I8QQwUP_toPqYacWmy5QtY&mid=&merchid=&authkey=&timestamp=1562981936871 yoxwechatbusinessModel::set_user:END
[2019-07-13 09:38:57] trace  /app/ewei_shopv2_api.php?i=2&r=diypage&id=6&comefrom=wxapp&openid=sns_wa_oWJzS5I8QQwUP_toPqYacWmy5QtY&mid=&merchid=&authkey=&timestamp=1562981936884 yoxwechatbusinessModel::set_user:BEGIN
[2019-07-13 09:38:57] trace  /app/ewei_shopv2_api.php?i=2&r=diypage&id=6&comefrom=wxapp&openid=sns_wa_oWJzS5I8QQwUP_toPqYacWmy5QtY&mid=&merchid=&authkey=&timestamp=1562981936884 yoxwechatbusinessModel::set_user:END
[2019-07-13 09:39:02] trace  /app/ewei_shopv2_api.php?i=2&r=shop.get_shopindex&comefrom=wxapp&openid=sns_wa_oWJzS5I8QQwUP_toPqYacWmy5QtY&mid=&merchid=&authkey=&timestamp=1562981942022 yoxwechatbusinessModel::set_user:BEGIN
[2019-07-13 09:39:02] trace  /app/ewei_shopv2_api.php?i=2&r=shop.get_shopindex&comefrom=wxapp&openid=sns_wa_oWJzS5I8QQwUP_toPqYacWmy5QtY&mid=&merchid=&authkey=&timestamp=1562981942022 yoxwechatbusinessModel::set_user:END
[2019-07-13 09:39:02] trace  /app/ewei_shopv2_api.php?i=2&r=shop.get_hasnewcoupon&comefrom=wxapp&openid=sns_wa_oWJzS5I8QQwUP_toPqYacWmy5QtY&mid=&merchid=&authkey=&timestamp=1562981942024 yoxwechatbusinessModel::set_user:BEGIN
[2019-07-13 09:39:02] trace  /app/ewei_shopv2_api.php?i=2&r=shop.get_hasnewcoupon&comefrom=wxapp&openid=sns_wa_oWJzS5I8QQwUP_toPqYacWmy5QtY&mid=&merchid=&authkey=&timestamp=1562981942024 yoxwechatbusinessModel::set_user:END
[2019-07-13 09:39:02] trace  /app/ewei_shopv2_api.php?i=2&r=shop.get_cpinfos&comefrom=wxapp&openid=sns_wa_oWJzS5I8QQwUP_toPqYacWmy5QtY&mid=&merchid=&authkey=&timestamp=1562981942025 yoxwechatbusinessModel::set_user:BEGIN
[2019-07-13 09:39:02] trace  /app/ewei_shopv2_api.php?i=2&r=shop.get_cpinfos&comefrom=wxapp&openid=sns_wa_oWJzS5I8QQwUP_toPqYacWmy5QtY&mid=&merchid=&authkey=&timestamp=1562981942025 yoxwechatbusinessModel::set_user:END
[2019-07-13 09:39:05] trace  /app/ewei_shopv2_api.php?i=2&r=yoxwechatbusiness&isajax=1&comefrom=wxapp&openid=sns_wa_oWJzS5I8QQwUP_toPqYacWmy5QtY&mid=&merchid=&authkey=&timestamp=1562981945162 yoxwechatbusinessModel::set_user:BEGIN
[2019-07-13 09:39:05] trace  /app/ewei_shopv2_api.php?i=2&r=yoxwechatbusiness&isajax=1&comefrom=wxapp&openid=sns_wa_oWJzS5I8QQwUP_toPqYacWmy5QtY&mid=&merchid=&authkey=&timestamp=1562981945162 yoxwechatbusinessModel::set_user:END
[2019-07-13 09:39:05] trace  /app/ewei_shopv2_api.php?i=2&r=bargain.act&comefrom=wxapp&openid=sns_wa_oWJzS5I8QQwUP_toPqYacWmy5QtY&mid=&merchid=&authkey=&timestamp=1562981945163 yoxwechatbusinessModel::set_user:BEGIN
[2019-07-13 09:39:05] trace  /app/ewei_shopv2_api.php?i=2&r=bargain.act&comefrom=wxapp&openid=sns_wa_oWJzS5I8QQwUP_toPqYacWmy5QtY&mid=&merchid=&authkey=&timestamp=1562981945163 yoxwechatbusinessModel::set_user:END
[2019-07-13 11:30:45] trace  /app/ewei_shopv2_api.php?i=2&r=cacheset&version=&comefrom=wxapp&openid=sns_wa_oWJzS5H2uoCTAQqz18g-42VNHIDE&authkey=NGU0OFJEQWI1NTR0WmNyYW9WelcrN3JTMWNkKzFpT2RLTHhYa1ErNGpsbURrdEg2QzFTYjY3VlN5b2Z1RnJ2clgzN1hraFR3My90dWZkU1l5M005aC8zSWNuUQ%3D%3D&timestamp=1562988645335 yoxwechatbusinessModel::set_user:BEGIN
[2019-07-13 11:30:45] trace  /app/ewei_shopv2_api.php?i=2&r=cacheset&version=&comefrom=wxapp&openid=sns_wa_oWJzS5H2uoCTAQqz18g-42VNHIDE&authkey=NGU0OFJEQWI1NTR0WmNyYW9WelcrN3JTMWNkKzFpT2RLTHhYa1ErNGpsbURrdEg2QzFTYjY3VlN5b2Z1RnJ2clgzN1hraFR3My90dWZkU1l5M005aC8zSWNuUQ%3D%3D&timestamp=1562988645335 yoxwechatbusinessModel::set_user:END
[2019-07-13 11:30:47] trace  /app/ewei_shopv2_api.php?i=2&r=cacheset&version=&comefrom=wxapp&openid=sns_wa_oWJzS5H2uoCTAQqz18g-42VNHIDE&authkey=YzNjMktUSjBkYUpDTFc5Qjk3aUhJSk5xNUtkcFJlb1lLUjJ3ZlRYeEJFK0RhZCs5RDl1NFhaZWlaZENEbC9Za2UrcU55RTRIaXE2VjlwYVlhTWNva3FSUFNtNA%3D%3D&timestamp=1562988645271 yoxwechatbusinessModel::set_user:BEGIN
[2019-07-13 11:30:47] trace  /app/ewei_shopv2_api.php?i=2&r=cacheset&version=&comefrom=wxapp&openid=sns_wa_oWJzS5H2uoCTAQqz18g-42VNHIDE&authkey=YzNjMktUSjBkYUpDTFc5Qjk3aUhJSk5xNUtkcFJlb1lLUjJ3ZlRYeEJFK0RhZCs5RDl1NFhaZWlaZENEbC9Za2UrcU55RTRIaXE2VjlwYVlhTWNva3FSUFNtNA%3D%3D&timestamp=1562988645271 yoxwechatbusinessModel::set_user:END
[2019-07-13 12:33:06] trace  /app/ewei_shopv2_api.php?i=2&r=cacheset&version=&comefrom=wxapp&openid=sns_wa_oWJzS5MKO2AUMjYPu1Ud2LivOcwI&mid=&merchid=&authkey=ZDg3OC9mdUFyMzdiNjJ2cUpaUlp1Q1lhT3krM2ZGN3FtVk9URmNoM1VaZmtHUzNEa3dtUmc3QkpGZkZDc1BJMHNoZVcyM3ZMaFJZSk1tdzVrZWtTckhQYWh4MA%3D%3D&timestamp=1562992384368 yoxwechatbusinessModel::set_user:BEGIN
[2019-07-13 12:33:06] trace  /app/ewei_shopv2_api.php?i=2&r=cacheset&version=&comefrom=wxapp&openid=sns_wa_oWJzS5MKO2AUMjYPu1Ud2LivOcwI&mid=&merchid=&authkey=ZDg3OC9mdUFyMzdiNjJ2cUpaUlp1Q1lhT3krM2ZGN3FtVk9URmNoM1VaZmtHUzNEa3dtUmc3QkpGZkZDc1BJMHNoZVcyM3ZMaFJZSk1tdzVrZWtTckhQYWh4MA%3D%3D&timestamp=1562992384368 yoxwechatbusinessModel::set_user:END
[2019-07-13 12:33:10] trace  /app/ewei_shopv2_api.php?i=2&r=cacheset&version=&comefrom=wxapp&openid=sns_wa_oWJzS5MKO2AUMjYPu1Ud2LivOcwI&mid=&merchid=&authkey=ZGNlMnJWdHAwYi8wUWxHdWVmS1FkajJGYzR4NlljV0pFekZ0M1VCWGlYTTJWVzFVbTExdFZTUXM0cUVROS9zN3licW1YNEdnYmY4cklMMlpseTh2TnlMVnJoYw%3D%3D&timestamp=1562992388133 yoxwechatbusinessModel::set_user:BEGIN
[2019-07-13 12:33:10] trace  /app/ewei_shopv2_api.php?i=2&r=cacheset&version=&comefrom=wxapp&openid=sns_wa_oWJzS5MKO2AUMjYPu1Ud2LivOcwI&mid=&merchid=&authkey=ZGNlMnJWdHAwYi8wUWxHdWVmS1FkajJGYzR4NlljV0pFekZ0M1VCWGlYTTJWVzFVbTExdFZTUXM0cUVROS9zN3licW1YNEdnYmY4cklMMlpseTh2TnlMVnJoYw%3D%3D&timestamp=1562992388133 yoxwechatbusinessModel::set_user:END
[2019-07-13 12:33:16] trace  /app/ewei_shopv2_api.php?i=2&r=cacheset&version=&comefrom=wxapp&openid=sns_wa_oWJzS5MKO2AUMjYPu1Ud2LivOcwI&mid=&merchid=&authkey=OTE4OHdwSDR3Y25CNkhVQTJObFliVzA1YTJXOHEvUHo1eHpud0RFRHRWaEFQcE5qaGdqZ1gvK2szaFJkS002U0Q3RDhsZWFnR2hybXFHVU1yK2J3cnhXMFNVdw%3D%3D&timestamp=1562992390509 yoxwechatbusinessModel::set_user:BEGIN
[2019-07-13 12:33:16] trace  /app/ewei_shopv2_api.php?i=2&r=cacheset&version=&comefrom=wxapp&openid=sns_wa_oWJzS5MKO2AUMjYPu1Ud2LivOcwI&mid=&merchid=&authkey=OTE4OHdwSDR3Y25CNkhVQTJObFliVzA1YTJXOHEvUHo1eHpud0RFRHRWaEFQcE5qaGdqZ1gvK2szaFJkS002U0Q3RDhsZWFnR2hybXFHVU1yK2J3cnhXMFNVdw%3D%3D&timestamp=1562992390509 yoxwechatbusinessModel::set_user:END
[2019-07-13 12:33:19] trace  /app/ewei_shopv2_api.php?i=2&r=diypage&type=goodsdetail&comefrom=wxapp&openid=sns_wa_oWJzS5MKO2AUMjYPu1Ud2LivOcwI&mid=&merchid=&authkey=OTE4OHdwSDR3Y25CNkhVQTJObFliVzA1YTJXOHEvUHo1eHpud0RFRHRWaEFQcE5qaGdqZ1gvK2szaFJkS002U0Q3RDhsZWFnR2hybXFHVU1yK2J3cnhXMFNVdw%3D%3D&timestamp=1562992395748 yoxwechatbusinessModel::set_user:BEGIN
[2019-07-13 12:33:19] trace  /app/ewei_shopv2_api.php?i=2&r=diypage&type=goodsdetail&comefrom=wxapp&openid=sns_wa_oWJzS5MKO2AUMjYPu1Ud2LivOcwI&mid=&merchid=&authkey=OTE4OHdwSDR3Y25CNkhVQTJObFliVzA1YTJXOHEvUHo1eHpud0RFRHRWaEFQcE5qaGdqZ1gvK2szaFJkS002U0Q3RDhsZWFnR2hybXFHVU1yK2J3cnhXMFNVdw%3D%3D&timestamp=1562992395748 yoxwechatbusinessModel::set_user:END
[2019-07-13 12:33:19] trace  /app/ewei_shopv2_api.php?i=2&r=goods.get_detail&id=17&comefrom=wxapp&openid=sns_wa_oWJzS5MKO2AUMjYPu1Ud2LivOcwI&mid=&merchid=&authkey=OTE4OHdwSDR3Y25CNkhVQTJObFliVzA1YTJXOHEvUHo1eHpud0RFRHRWaEFQcE5qaGdqZ1gvK2szaFJkS002U0Q3RDhsZWFnR2hybXFHVU1yK2J3cnhXMFNVdw%3D%3D&timestamp=1562992395798 yoxwechatbusinessModel::set_user:BEGIN
[2019-07-13 12:33:19] trace  /app/ewei_shopv2_api.php?i=2&r=goods.get_detail&id=17&comefrom=wxapp&openid=sns_wa_oWJzS5MKO2AUMjYPu1Ud2LivOcwI&mid=&merchid=&authkey=OTE4OHdwSDR3Y25CNkhVQTJObFliVzA1YTJXOHEvUHo1eHpud0RFRHRWaEFQcE5qaGdqZ1gvK2szaFJkS002U0Q3RDhsZWFnR2hybXFHVU1yK2J3cnhXMFNVdw%3D%3D&timestamp=1562992395798 yoxwechatbusinessModel::set_user:END
[2019-07-13 12:33:19] trace  /app/ewei_shopv2_api.php?i=2&r=black&comefrom=wxapp&openid=sns_wa_oWJzS5MKO2AUMjYPu1Ud2LivOcwI&mid=&merchid=&authkey=OTE4OHdwSDR3Y25CNkhVQTJObFliVzA1YTJXOHEvUHo1eHpud0RFRHRWaEFQcE5qaGdqZ1gvK2szaFJkS002U0Q3RDhsZWFnR2hybXFHVU1yK2J3cnhXMFNVdw%3D%3D&timestamp=1562992395737 yoxwechatbusinessModel::set_user:BEGIN
[2019-07-13 12:33:19] trace  /app/ewei_shopv2_api.php?i=2&r=black&comefrom=wxapp&openid=sns_wa_oWJzS5MKO2AUMjYPu1Ud2LivOcwI&mid=&merchid=&authkey=OTE4OHdwSDR3Y25CNkhVQTJObFliVzA1YTJXOHEvUHo1eHpud0RFRHRWaEFQcE5qaGdqZ1gvK2szaFJkS002U0Q3RDhsZWFnR2hybXFHVU1yK2J3cnhXMFNVdw%3D%3D&timestamp=1562992395737 yoxwechatbusinessModel::set_user:END
[2019-07-13 12:33:20] trace  /app/ewei_shopv2_api.php?i=2&r=goods.get_comments&id=17&comefrom=wxapp&openid=sns_wa_oWJzS5MKO2AUMjYPu1Ud2LivOcwI&mid=&merchid=&authkey=&timestamp=1562992399356 yoxwechatbusinessModel::set_user:BEGIN
[2019-07-13 12:33:20] trace  /app/ewei_shopv2_api.php?i=2&r=goods.get_comments&id=17&comefrom=wxapp&openid=sns_wa_oWJzS5MKO2AUMjYPu1Ud2LivOcwI&mid=&merchid=&authkey=&timestamp=1562992399356 yoxwechatbusinessModel::set_user:END
[2019-07-13 12:33:28] trace  /app/ewei_shopv2_api.php?i=2&r=shop.get_shopindex&comefrom=wxapp&openid=sns_wa_oWJzS5MKO2AUMjYPu1Ud2LivOcwI&mid=&merchid=&authkey=&timestamp=1562992407455 yoxwechatbusinessModel::set_user:BEGIN
[2019-07-13 12:33:28] trace  /app/ewei_shopv2_api.php?i=2&r=shop.get_shopindex&comefrom=wxapp&openid=sns_wa_oWJzS5MKO2AUMjYPu1Ud2LivOcwI&mid=&merchid=&authkey=&timestamp=1562992407455 yoxwechatbusinessModel::set_user:END
[2019-07-13 12:33:28] trace  /app/ewei_shopv2_api.php?i=2&r=shop.get_hasnewcoupon&comefrom=wxapp&openid=sns_wa_oWJzS5MKO2AUMjYPu1Ud2LivOcwI&mid=&merchid=&authkey=&timestamp=1562992407474 yoxwechatbusinessModel::set_user:BEGIN
[2019-07-13 12:33:28] trace  /app/ewei_shopv2_api.php?i=2&r=shop.get_hasnewcoupon&comefrom=wxapp&openid=sns_wa_oWJzS5MKO2AUMjYPu1Ud2LivOcwI&mid=&merchid=&authkey=&timestamp=1562992407474 yoxwechatbusinessModel::set_user:END
[2019-07-13 12:33:29] trace  /app/ewei_shopv2_api.php?i=2&r=shop.get_cpinfos&comefrom=wxapp&openid=sns_wa_oWJzS5MKO2AUMjYPu1Ud2LivOcwI&mid=&merchid=&authkey=&timestamp=1562992407490 yoxwechatbusinessModel::set_user:BEGIN
[2019-07-13 12:33:29] trace  /app/ewei_shopv2_api.php?i=2&r=shop.get_cpinfos&comefrom=wxapp&openid=sns_wa_oWJzS5MKO2AUMjYPu1Ud2LivOcwI&mid=&merchid=&authkey=&timestamp=1562992407490 yoxwechatbusinessModel::set_user:END
[2019-07-13 12:39:45] trace  /app/ewei_shopv2_api.php?i=2&r=diypage&type=home&comefrom=wxapp&openid=sns_wa_oWJzS5MKO2AUMjYPu1Ud2LivOcwI&mid=&merchid=&authkey=&timestamp=1562992783771 yoxwechatbusinessModel::set_user:BEGIN
[2019-07-13 12:39:45] trace  /app/ewei_shopv2_api.php?i=2&r=diypage&type=home&comefrom=wxapp&openid=sns_wa_oWJzS5MKO2AUMjYPu1Ud2LivOcwI&mid=&merchid=&authkey=&timestamp=1562992783771 yoxwechatbusinessModel::set_user:END
[2019-07-13 12:39:45] trace  /app/ewei_shopv2_api.php?i=2&r=shop.get_shopindex&comefrom=wxapp&openid=sns_wa_oWJzS5MKO2AUMjYPu1Ud2LivOcwI&mid=&merchid=&authkey=&timestamp=1562992783871 yoxwechatbusinessModel::set_user:BEGIN
[2019-07-13 12:39:45] trace  /app/ewei_shopv2_api.php?i=2&r=shop.get_shopindex&comefrom=wxapp&openid=sns_wa_oWJzS5MKO2AUMjYPu1Ud2LivOcwI&mid=&merchid=&authkey=&timestamp=1562992783871 yoxwechatbusinessModel::set_user:END
[2019-07-13 12:39:45] trace  /app/ewei_shopv2_api.php?i=2&r=shop.get_hasnewcoupon&comefrom=wxapp&openid=sns_wa_oWJzS5MKO2AUMjYPu1Ud2LivOcwI&mid=&merchid=&authkey=&timestamp=1562992783895 yoxwechatbusinessModel::set_user:BEGIN
[2019-07-13 12:39:45] trace  /app/ewei_shopv2_api.php?i=2&r=shop.get_hasnewcoupon&comefrom=wxapp&openid=sns_wa_oWJzS5MKO2AUMjYPu1Ud2LivOcwI&mid=&merchid=&authkey=&timestamp=1562992783895 yoxwechatbusinessModel::set_user:END
[2019-07-13 12:39:45] trace  /app/ewei_shopv2_api.php?i=2&r=black&comefrom=wxapp&openid=sns_wa_oWJzS5MKO2AUMjYPu1Ud2LivOcwI&mid=&merchid=&authkey=&timestamp=1562992783698 yoxwechatbusinessModel::set_user:BEGIN
[2019-07-13 12:39:45] trace  /app/ewei_shopv2_api.php?i=2&r=black&comefrom=wxapp&openid=sns_wa_oWJzS5MKO2AUMjYPu1Ud2LivOcwI&mid=&merchid=&authkey=&timestamp=1562992783698 yoxwechatbusinessModel::set_user:END
[2019-07-13 12:39:46] trace  /app/ewei_shopv2_api.php?i=2&r=shop.get_cpinfos&comefrom=wxapp&openid=sns_wa_oWJzS5MKO2AUMjYPu1Ud2LivOcwI&mid=&merchid=&authkey=&timestamp=1562992783912 yoxwechatbusinessModel::set_user:BEGIN
[2019-07-13 12:39:46] trace  /app/ewei_shopv2_api.php?i=2&r=shop.get_cpinfos&comefrom=wxapp&openid=sns_wa_oWJzS5MKO2AUMjYPu1Ud2LivOcwI&mid=&merchid=&authkey=&timestamp=1562992783912 yoxwechatbusinessModel::set_user:END
[2019-07-13 13:43:59] trace  /app/ewei_shopv2_api.php?i=2&r=shop.get_shopindex&comefrom=wxapp&openid=sns_wa_oWJzS5NCip7keMrWNZZvDJqmt6V4&mid=&merchid=&authkey=&timestamp=1562996636044 yoxwechatbusinessModel::set_user:BEGIN
[2019-07-13 13:43:59] trace  /app/ewei_shopv2_api.php?i=2&r=shop.get_shopindex&comefrom=wxapp&openid=sns_wa_oWJzS5NCip7keMrWNZZvDJqmt6V4&mid=&merchid=&authkey=&timestamp=1562996636044 yoxwechatbusinessModel::set_user:END
[2019-07-13 13:43:59] trace  /app/ewei_shopv2_api.php?i=2&r=shop.get_cpinfos&comefrom=wxapp&openid=sns_wa_oWJzS5NCip7keMrWNZZvDJqmt6V4&mid=&merchid=&authkey=&timestamp=1562996636067 yoxwechatbusinessModel::set_user:BEGIN
[2019-07-13 13:43:59] trace  /app/ewei_shopv2_api.php?i=2&r=shop.get_cpinfos&comefrom=wxapp&openid=sns_wa_oWJzS5NCip7keMrWNZZvDJqmt6V4&mid=&merchid=&authkey=&timestamp=1562996636067 yoxwechatbusinessModel::set_user:END
[2019-07-13 13:43:59] trace  /app/ewei_shopv2_api.php?i=2&r=diypage&type=home&comefrom=wxapp&openid=sns_wa_oWJzS5NCip7keMrWNZZvDJqmt6V4&mid=&merchid=&authkey=&timestamp=1562996635990 yoxwechatbusinessModel::set_user:BEGIN
[2019-07-13 13:43:59] trace  /app/ewei_shopv2_api.php?i=2&r=diypage&type=home&comefrom=wxapp&openid=sns_wa_oWJzS5NCip7keMrWNZZvDJqmt6V4&mid=&merchid=&authkey=&timestamp=1562996635990 yoxwechatbusinessModel::set_user:END
[2019-07-13 13:44:00] trace  /app/ewei_shopv2_api.php?i=2&r=shop.get_hasnewcoupon&comefrom=wxapp&openid=sns_wa_oWJzS5NCip7keMrWNZZvDJqmt6V4&mid=&merchid=&authkey=&timestamp=1562996636055 yoxwechatbusinessModel::set_user:BEGIN
[2019-07-13 13:44:00] trace  /app/ewei_shopv2_api.php?i=2&r=shop.get_hasnewcoupon&comefrom=wxapp&openid=sns_wa_oWJzS5NCip7keMrWNZZvDJqmt6V4&mid=&merchid=&authkey=&timestamp=1562996636055 yoxwechatbusinessModel::set_user:END
[2019-07-13 13:44:00] trace  /app/ewei_shopv2_api.php?i=2&r=black&comefrom=wxapp&openid=sns_wa_oWJzS5NCip7keMrWNZZvDJqmt6V4&authkey=&timestamp=1562996635957 yoxwechatbusinessModel::set_user:BEGIN
[2019-07-13 13:44:00] trace  /app/ewei_shopv2_api.php?i=2&r=black&comefrom=wxapp&openid=sns_wa_oWJzS5NCip7keMrWNZZvDJqmt6V4&authkey=&timestamp=1562996635957 yoxwechatbusinessModel::set_user:END
[2019-07-13 13:44:25] trace  /app/ewei_shopv2_api.php?i=2&r=shop.get_shopindex&comefrom=wxapp&openid=sns_wa_oWJzS5NCip7keMrWNZZvDJqmt6V4&mid=&merchid=&authkey=ZGRhYXhFcUkvRE90YTcyUlBTTkNhUmppUkpzakFTUnRJWU1RZ3V4SlczL1I5ZXE0ZHVmNitUeWhmT3ZweW5PSlFZektGNkk4SmJWT1Bid0Vnc2cyQ3o5YmVHWQ%3D%3D&timestamp=1562996664508 yoxwechatbusinessModel::set_user:BEGIN
[2019-07-13 13:44:25] trace  /app/ewei_shopv2_api.php?i=2&r=shop.get_shopindex&comefrom=wxapp&openid=sns_wa_oWJzS5NCip7keMrWNZZvDJqmt6V4&mid=&merchid=&authkey=ZGRhYXhFcUkvRE90YTcyUlBTTkNhUmppUkpzakFTUnRJWU1RZ3V4SlczL1I5ZXE0ZHVmNitUeWhmT3ZweW5PSlFZektGNkk4SmJWT1Bid0Vnc2cyQ3o5YmVHWQ%3D%3D&timestamp=1562996664508 yoxwechatbusinessModel::set_user:END
[2019-07-13 13:44:25] trace  /app/ewei_shopv2_api.php?i=2&r=shop.get_hasnewcoupon&comefrom=wxapp&openid=sns_wa_oWJzS5NCip7keMrWNZZvDJqmt6V4&mid=&merchid=&authkey=ZGRhYXhFcUkvRE90YTcyUlBTTkNhUmppUkpzakFTUnRJWU1RZ3V4SlczL1I5ZXE0ZHVmNitUeWhmT3ZweW5PSlFZektGNkk4SmJWT1Bid0Vnc2cyQ3o5YmVHWQ%3D%3D&timestamp=1562996664522 yoxwechatbusinessModel::set_user:BEGIN
[2019-07-13 13:44:25] trace  /app/ewei_shopv2_api.php?i=2&r=shop.get_hasnewcoupon&comefrom=wxapp&openid=sns_wa_oWJzS5NCip7keMrWNZZvDJqmt6V4&mid=&merchid=&authkey=ZGRhYXhFcUkvRE90YTcyUlBTTkNhUmppUkpzakFTUnRJWU1RZ3V4SlczL1I5ZXE0ZHVmNitUeWhmT3ZweW5PSlFZektGNkk4SmJWT1Bid0Vnc2cyQ3o5YmVHWQ%3D%3D&timestamp=1562996664522 yoxwechatbusinessModel::set_user:END
[2019-07-13 13:44:25] trace  /app/ewei_shopv2_api.php?i=2&r=shop.get_cpinfos&comefrom=wxapp&openid=sns_wa_oWJzS5NCip7keMrWNZZvDJqmt6V4&mid=&merchid=&authkey=ZGRhYXhFcUkvRE90YTcyUlBTTkNhUmppUkpzakFTUnRJWU1RZ3V4SlczL1I5ZXE0ZHVmNitUeWhmT3ZweW5PSlFZektGNkk4SmJWT1Bid0Vnc2cyQ3o5YmVHWQ%3D%3D&timestamp=1562996664541 yoxwechatbusinessModel::set_user:BEGIN
[2019-07-13 13:44:25] trace  /app/ewei_shopv2_api.php?i=2&r=shop.get_cpinfos&comefrom=wxapp&openid=sns_wa_oWJzS5NCip7keMrWNZZvDJqmt6V4&mid=&merchid=&authkey=ZGRhYXhFcUkvRE90YTcyUlBTTkNhUmppUkpzakFTUnRJWU1RZ3V4SlczL1I5ZXE0ZHVmNitUeWhmT3ZweW5PSlFZektGNkk4SmJWT1Bid0Vnc2cyQ3o5YmVHWQ%3D%3D&timestamp=1562996664541 yoxwechatbusinessModel::set_user:END
[2019-07-13 17:20:53] trace  /app/ewei_shopv2_api.php?i=2&r=black&comefrom=wxapp&openid=sns_wa_oWJzS5DeVAg9ItXlxQDyvGMRaGXQ&authkey=&timestamp=1563009651675 yoxwechatbusinessModel::set_user:BEGIN
[2019-07-13 17:20:54] trace  /app/ewei_shopv2_api.php?i=2&r=diypage&type=home&comefrom=wxapp&openid=sns_wa_oWJzS5DeVAg9ItXlxQDyvGMRaGXQ&mid=&merchid=&authkey=&timestamp=1563009651696 yoxwechatbusinessModel::set_user:BEGIN
[2019-07-13 17:20:54] trace  /app/ewei_shopv2_api.php?i=2&r=shop.get_shopindex&comefrom=wxapp&openid=sns_wa_oWJzS5DeVAg9ItXlxQDyvGMRaGXQ&mid=&merchid=&authkey=&timestamp=1563009651710 yoxwechatbusinessModel::set_user:BEGIN
[2019-07-13 17:20:54] trace  /app/ewei_shopv2_api.php?i=2&r=shop.get_hasnewcoupon&comefrom=wxapp&openid=sns_wa_oWJzS5DeVAg9ItXlxQDyvGMRaGXQ&mid=&merchid=&authkey=&timestamp=1563009651712 yoxwechatbusinessModel::set_user:BEGIN
[2019-07-13 17:20:54] trace  /app/ewei_shopv2_api.php?i=2&r=shop.get_cpinfos&comefrom=wxapp&openid=sns_wa_oWJzS5DeVAg9ItXlxQDyvGMRaGXQ&mid=&merchid=&authkey=&timestamp=1563009651715 yoxwechatbusinessModel::set_user:BEGIN
[2019-07-13 18:00:12] trace  /app/ewei_shopv2_api.php?i=2&r=shop.get_hasnewcoupon&comefrom=wxapp&openid=sns_wa_oWJzS5Bo2qRsfX7Y3aJByc4xAmHI&mid=&merchid=&authkey=&timestamp=1563012011235 yoxwechatbusinessModel::set_user:BEGIN
[2019-07-13 18:00:12] trace  /app/ewei_shopv2_api.php?i=2&r=shop.get_hasnewcoupon&comefrom=wxapp&openid=sns_wa_oWJzS5Bo2qRsfX7Y3aJByc4xAmHI&mid=&merchid=&authkey=&timestamp=1563012011235 yoxwechatbusinessModel::set_user:END
[2019-07-13 18:00:12] trace  /app/ewei_shopv2_api.php?i=2&r=shop.get_cpinfos&comefrom=wxapp&openid=sns_wa_oWJzS5Bo2qRsfX7Y3aJByc4xAmHI&mid=&merchid=&authkey=&timestamp=1563012011246 yoxwechatbusinessModel::set_user:BEGIN
[2019-07-13 18:00:12] trace  /app/ewei_shopv2_api.php?i=2&r=shop.get_cpinfos&comefrom=wxapp&openid=sns_wa_oWJzS5Bo2qRsfX7Y3aJByc4xAmHI&mid=&merchid=&authkey=&timestamp=1563012011246 yoxwechatbusinessModel::set_user:END
[2019-07-13 18:00:13] trace  /app/ewei_shopv2_api.php?i=2&r=black&comefrom=wxapp&openid=sns_wa_oWJzS5Bo2qRsfX7Y3aJByc4xAmHI&authkey=&timestamp=1563012011143 yoxwechatbusinessModel::set_user:BEGIN
[2019-07-13 18:00:13] trace  /app/ewei_shopv2_api.php?i=2&r=black&comefrom=wxapp&openid=sns_wa_oWJzS5Bo2qRsfX7Y3aJByc4xAmHI&authkey=&timestamp=1563012011143 yoxwechatbusinessModel::set_user:END
[2019-07-13 18:00:13] trace  /app/ewei_shopv2_api.php?i=2&r=diypage&type=home&comefrom=wxapp&openid=sns_wa_oWJzS5Bo2qRsfX7Y3aJByc4xAmHI&mid=&merchid=&authkey=&timestamp=1563012011192 yoxwechatbusinessModel::set_user:BEGIN
[2019-07-13 18:00:13] trace  /app/ewei_shopv2_api.php?i=2&r=diypage&type=home&comefrom=wxapp&openid=sns_wa_oWJzS5Bo2qRsfX7Y3aJByc4xAmHI&mid=&merchid=&authkey=&timestamp=1563012011192 yoxwechatbusinessModel::set_user:END
[2019-07-13 18:00:14] trace  /app/ewei_shopv2_api.php?i=2&r=shop.get_shopindex&comefrom=wxapp&openid=sns_wa_oWJzS5Bo2qRsfX7Y3aJByc4xAmHI&mid=&merchid=&authkey=&timestamp=1563012011219 yoxwechatbusinessModel::set_user:BEGIN
[2019-07-13 18:00:14] trace  /app/ewei_shopv2_api.php?i=2&r=shop.get_shopindex&comefrom=wxapp&openid=sns_wa_oWJzS5Bo2qRsfX7Y3aJByc4xAmHI&mid=&merchid=&authkey=&timestamp=1563012011219 yoxwechatbusinessModel::set_user:END
[2019-07-13 18:00:49] trace  /app/ewei_shopv2_api.php?i=2&r=shop.get_shopindex&comefrom=wxapp&openid=sns_wa_oWJzS5Bo2qRsfX7Y3aJByc4xAmHI&mid=&merchid=&authkey=Y2Y4Y3ovZmlCUURJTVpTNmwzTkdiaFJkNFBFc1Q3dEY0alE0bEVCQjlNeCtuT1BZb2pMOVlJR01lZkRVRHRMSDUzVVhtVVNTZmwxdWptYmZyVDF6SUhMTmVYVQ%3D%3D&timestamp=1563012049873 yoxwechatbusinessModel::set_user:BEGIN
[2019-07-13 18:00:49] trace  /app/ewei_shopv2_api.php?i=2&r=shop.get_shopindex&comefrom=wxapp&openid=sns_wa_oWJzS5Bo2qRsfX7Y3aJByc4xAmHI&mid=&merchid=&authkey=Y2Y4Y3ovZmlCUURJTVpTNmwzTkdiaFJkNFBFc1Q3dEY0alE0bEVCQjlNeCtuT1BZb2pMOVlJR01lZkRVRHRMSDUzVVhtVVNTZmwxdWptYmZyVDF6SUhMTmVYVQ%3D%3D&timestamp=1563012049873 yoxwechatbusinessModel::set_user:END
[2019-07-13 18:00:49] trace  /app/ewei_shopv2_api.php?i=2&r=shop.get_hasnewcoupon&comefrom=wxapp&openid=sns_wa_oWJzS5Bo2qRsfX7Y3aJByc4xAmHI&mid=&merchid=&authkey=Y2Y4Y3ovZmlCUURJTVpTNmwzTkdiaFJkNFBFc1Q3dEY0alE0bEVCQjlNeCtuT1BZb2pMOVlJR01lZkRVRHRMSDUzVVhtVVNTZmwxdWptYmZyVDF6SUhMTmVYVQ%3D%3D&timestamp=1563012049883 yoxwechatbusinessModel::set_user:BEGIN
[2019-07-13 18:00:49] trace  /app/ewei_shopv2_api.php?i=2&r=shop.get_hasnewcoupon&comefrom=wxapp&openid=sns_wa_oWJzS5Bo2qRsfX7Y3aJByc4xAmHI&mid=&merchid=&authkey=Y2Y4Y3ovZmlCUURJTVpTNmwzTkdiaFJkNFBFc1Q3dEY0alE0bEVCQjlNeCtuT1BZb2pMOVlJR01lZkRVRHRMSDUzVVhtVVNTZmwxdWptYmZyVDF6SUhMTmVYVQ%3D%3D&timestamp=1563012049883 yoxwechatbusinessModel::set_user:END
[2019-07-13 18:00:50] trace  /app/ewei_shopv2_api.php?i=2&r=shop.get_cpinfos&comefrom=wxapp&openid=sns_wa_oWJzS5Bo2qRsfX7Y3aJByc4xAmHI&mid=&merchid=&authkey=Y2Y4Y3ovZmlCUURJTVpTNmwzTkdiaFJkNFBFc1Q3dEY0alE0bEVCQjlNeCtuT1BZb2pMOVlJR01lZkRVRHRMSDUzVVhtVVNTZmwxdWptYmZyVDF6SUhMTmVYVQ%3D%3D&timestamp=1563012049908 yoxwechatbusinessModel::set_user:BEGIN
[2019-07-13 18:00:50] trace  /app/ewei_shopv2_api.php?i=2&r=shop.get_cpinfos&comefrom=wxapp&openid=sns_wa_oWJzS5Bo2qRsfX7Y3aJByc4xAmHI&mid=&merchid=&authkey=Y2Y4Y3ovZmlCUURJTVpTNmwzTkdiaFJkNFBFc1Q3dEY0alE0bEVCQjlNeCtuT1BZb2pMOVlJR01lZkRVRHRMSDUzVVhtVVNTZmwxdWptYmZyVDF6SUhMTmVYVQ%3D%3D&timestamp=1563012049908 yoxwechatbusinessModel::set_user:END
[2019-07-13 18:07:21] trace  /app/ewei_shopv2_api.php?i=2&r=shop.get_shopindex&comefrom=wxapp&openid=sns_wa_oWJzS5Bo2qRsfX7Y3aJByc4xAmHI&mid=&merchid=&authkey=&timestamp=1563012441885 yoxwechatbusinessModel::set_user:BEGIN
[2019-07-13 18:07:21] trace  /app/ewei_shopv2_api.php?i=2&r=shop.get_shopindex&comefrom=wxapp&openid=sns_wa_oWJzS5Bo2qRsfX7Y3aJByc4xAmHI&mid=&merchid=&authkey=&timestamp=1563012441885 yoxwechatbusinessModel::set_user:END
[2019-07-13 18:07:22] trace  /app/ewei_shopv2_api.php?i=2&r=shop.get_hasnewcoupon&comefrom=wxapp&openid=sns_wa_oWJzS5Bo2qRsfX7Y3aJByc4xAmHI&mid=&merchid=&authkey=&timestamp=1563012441899 yoxwechatbusinessModel::set_user:BEGIN
[2019-07-13 18:07:22] trace  /app/ewei_shopv2_api.php?i=2&r=shop.get_hasnewcoupon&comefrom=wxapp&openid=sns_wa_oWJzS5Bo2qRsfX7Y3aJByc4xAmHI&mid=&merchid=&authkey=&timestamp=1563012441899 yoxwechatbusinessModel::set_user:END
[2019-07-13 18:07:22] trace  /app/ewei_shopv2_api.php?i=2&r=shop.get_cpinfos&comefrom=wxapp&openid=sns_wa_oWJzS5Bo2qRsfX7Y3aJByc4xAmHI&mid=&merchid=&authkey=&timestamp=1563012441916 yoxwechatbusinessModel::set_user:BEGIN
[2019-07-13 18:07:22] trace  /app/ewei_shopv2_api.php?i=2&r=shop.get_cpinfos&comefrom=wxapp&openid=sns_wa_oWJzS5Bo2qRsfX7Y3aJByc4xAmHI&mid=&merchid=&authkey=&timestamp=1563012441916 yoxwechatbusinessModel::set_user:END
[2019-07-13 18:20:25] trace  /app/ewei_shopv2_api.php?i=2&r=black&comefrom=wxapp&openid=sns_wa_oWJzS5I4SwtIvnavadWO1lOR7lAw&authkey=&timestamp=1563013224569 yoxwechatbusinessModel::set_user:BEGIN
[2019-07-13 18:20:25] trace  /app/ewei_shopv2_api.php?i=2&r=black&comefrom=wxapp&openid=sns_wa_oWJzS5I4SwtIvnavadWO1lOR7lAw&authkey=&timestamp=1563013224569 yoxwechatbusinessModel::set_user:END
[2019-07-13 18:20:25] trace  /app/ewei_shopv2_api.php?i=2&r=shop.get_cpinfos&comefrom=wxapp&openid=sns_wa_oWJzS5I4SwtIvnavadWO1lOR7lAw&mid=&merchid=&authkey=&timestamp=1563013224641 yoxwechatbusinessModel::set_user:BEGIN
[2019-07-13 18:20:25] trace  /app/ewei_shopv2_api.php?i=2&r=shop.get_cpinfos&comefrom=wxapp&openid=sns_wa_oWJzS5I4SwtIvnavadWO1lOR7lAw&mid=&merchid=&authkey=&timestamp=1563013224641 yoxwechatbusinessModel::set_user:END
[2019-07-13 18:20:25] trace  /app/ewei_shopv2_api.php?i=2&r=diypage&type=home&comefrom=wxapp&openid=sns_wa_oWJzS5I4SwtIvnavadWO1lOR7lAw&mid=&merchid=&authkey=&timestamp=1563013224603 yoxwechatbusinessModel::set_user:BEGIN
[2019-07-13 18:20:25] trace  /app/ewei_shopv2_api.php?i=2&r=diypage&type=home&comefrom=wxapp&openid=sns_wa_oWJzS5I4SwtIvnavadWO1lOR7lAw&mid=&merchid=&authkey=&timestamp=1563013224603 yoxwechatbusinessModel::set_user:END
[2019-07-13 18:20:26] trace  /app/ewei_shopv2_api.php?i=2&r=shop.get_hasnewcoupon&comefrom=wxapp&openid=sns_wa_oWJzS5I4SwtIvnavadWO1lOR7lAw&mid=&merchid=&authkey=&timestamp=1563013224636 yoxwechatbusinessModel::set_user:BEGIN
[2019-07-13 18:20:26] trace  /app/ewei_shopv2_api.php?i=2&r=shop.get_hasnewcoupon&comefrom=wxapp&openid=sns_wa_oWJzS5I4SwtIvnavadWO1lOR7lAw&mid=&merchid=&authkey=&timestamp=1563013224636 yoxwechatbusinessModel::set_user:END
[2019-07-13 18:20:27] trace  /app/ewei_shopv2_api.php?i=2&r=shop.get_shopindex&comefrom=wxapp&openid=sns_wa_oWJzS5I4SwtIvnavadWO1lOR7lAw&mid=&merchid=&authkey=&timestamp=1563013224631 yoxwechatbusinessModel::set_user:BEGIN
[2019-07-13 18:20:27] trace  /app/ewei_shopv2_api.php?i=2&r=shop.get_shopindex&comefrom=wxapp&openid=sns_wa_oWJzS5I4SwtIvnavadWO1lOR7lAw&mid=&merchid=&authkey=&timestamp=1563013224631 yoxwechatbusinessModel::set_user:END
[2019-07-13 18:20:27] trace  /app/ewei_shopv2_api.php?i=2&r=groups&comefrom=wxapp&openid=sns_wa_oWJzS5I4SwtIvnavadWO1lOR7lAw&mid=&merchid=&authkey=ZjAxODlNTXVJWmZ5NUxGNmxMay9ZV1NKaW9zRnBOMGpwdWE1dFRXdnJrbldzSHp0ak9aSUcvSGYwaWV6Sm1jUUlQYitWa1FSM0VUV08rUTIxNnIyVEVFc0Q2cw%3D%3D&timestamp=1563013227112 yoxwechatbusinessModel::set_user:BEGIN
[2019-07-13 18:20:27] trace  /app/ewei_shopv2_api.php?i=2&r=groups&comefrom=wxapp&openid=sns_wa_oWJzS5I4SwtIvnavadWO1lOR7lAw&mid=&merchid=&authkey=ZjAxODlNTXVJWmZ5NUxGNmxMay9ZV1NKaW9zRnBOMGpwdWE1dFRXdnJrbldzSHp0ak9aSUcvSGYwaWV6Sm1jUUlQYitWa1FSM0VUV08rUTIxNnIyVEVFc0Q2cw%3D%3D&timestamp=1563013227112 yoxwechatbusinessModel::set_user:END
[2019-07-13 18:20:30] trace  /app/ewei_shopv2_api.php?i=2&r=groups&comefrom=wxapp&openid=sns_wa_oWJzS5I4SwtIvnavadWO1lOR7lAw&mid=&merchid=&authkey=&timestamp=1563013229633 yoxwechatbusinessModel::set_user:BEGIN
[2019-07-13 18:20:30] trace  /app/ewei_shopv2_api.php?i=2&r=groups&comefrom=wxapp&openid=sns_wa_oWJzS5I4SwtIvnavadWO1lOR7lAw&mid=&merchid=&authkey=&timestamp=1563013229633 yoxwechatbusinessModel::set_user:END
[2019-07-13 18:20:33] trace  /app/ewei_shopv2_api.php?i=2&r=groups&comefrom=wxapp&openid=sns_wa_oWJzS5I4SwtIvnavadWO1lOR7lAw&mid=&merchid=&authkey=&timestamp=1563013232969 yoxwechatbusinessModel::set_user:BEGIN
[2019-07-13 18:20:33] trace  /app/ewei_shopv2_api.php?i=2&r=groups&comefrom=wxapp&openid=sns_wa_oWJzS5I4SwtIvnavadWO1lOR7lAw&mid=&merchid=&authkey=&timestamp=1563013232969 yoxwechatbusinessModel::set_user:END
[2019-07-13 18:20:35] trace  /app/ewei_shopv2_api.php?i=2&r=groups.goods&timestamp=1563013235154 id=10; comefrom=wxapp; openid=sns_wa_oWJzS5I4SwtIvnavadWO1lOR7lAw; mid=; merchid=; authkey=; 
yoxwechatbusinessModel::set_user:BEGIN
[2019-07-13 18:20:35] trace  /app/ewei_shopv2_api.php?i=2&r=groups.goods&timestamp=1563013235154 id=10; comefrom=wxapp; openid=sns_wa_oWJzS5I4SwtIvnavadWO1lOR7lAw; mid=; merchid=; authkey=; 
yoxwechatbusinessModel::set_user:END
[2019-07-13 18:20:42] trace  /app/ewei_shopv2_api.php?i=2&r=groups.list&timestamp=1563013242126 category=1; page=1; comefrom=wxapp; openid=sns_wa_oWJzS5I4SwtIvnavadWO1lOR7lAw; mid=; merchid=; authkey=; 
yoxwechatbusinessModel::set_user:BEGIN
[2019-07-13 18:20:42] trace  /app/ewei_shopv2_api.php?i=2&r=groups.list&timestamp=1563013242126 category=1; page=1; comefrom=wxapp; openid=sns_wa_oWJzS5I4SwtIvnavadWO1lOR7lAw; mid=; merchid=; authkey=; 
yoxwechatbusinessModel::set_user:END
[2019-07-13 18:20:45] trace  /app/ewei_shopv2_api.php?i=2&r=shop.get_shopindex&comefrom=wxapp&openid=sns_wa_oWJzS5I4SwtIvnavadWO1lOR7lAw&mid=&merchid=&authkey=&timestamp=1563013245159 yoxwechatbusinessModel::set_user:BEGIN
[2019-07-13 18:20:45] trace  /app/ewei_shopv2_api.php?i=2&r=shop.get_shopindex&comefrom=wxapp&openid=sns_wa_oWJzS5I4SwtIvnavadWO1lOR7lAw&mid=&merchid=&authkey=&timestamp=1563013245159 yoxwechatbusinessModel::set_user:END
[2019-07-13 18:20:45] trace  /app/ewei_shopv2_api.php?i=2&r=shop.get_cpinfos&comefrom=wxapp&openid=sns_wa_oWJzS5I4SwtIvnavadWO1lOR7lAw&mid=&merchid=&authkey=&timestamp=1563013245174 yoxwechatbusinessModel::set_user:BEGIN
[2019-07-13 18:20:45] trace  /app/ewei_shopv2_api.php?i=2&r=shop.get_cpinfos&comefrom=wxapp&openid=sns_wa_oWJzS5I4SwtIvnavadWO1lOR7lAw&mid=&merchid=&authkey=&timestamp=1563013245174 yoxwechatbusinessModel::set_user:END
[2019-07-13 18:20:45] trace  /app/ewei_shopv2_api.php?i=2&r=shop.get_hasnewcoupon&comefrom=wxapp&openid=sns_wa_oWJzS5I4SwtIvnavadWO1lOR7lAw&mid=&merchid=&authkey=&timestamp=1563013245165 yoxwechatbusinessModel::set_user:BEGIN
[2019-07-13 18:20:45] trace  /app/ewei_shopv2_api.php?i=2&r=shop.get_hasnewcoupon&comefrom=wxapp&openid=sns_wa_oWJzS5I4SwtIvnavadWO1lOR7lAw&mid=&merchid=&authkey=&timestamp=1563013245165 yoxwechatbusinessModel::set_user:END
[2019-07-13 18:20:46] trace  /app/ewei_shopv2_api.php?i=2&r=diypage&type=goodsdetail&comefrom=wxapp&openid=sns_wa_oWJzS5I4SwtIvnavadWO1lOR7lAw&mid=&merchid=&authkey=&timestamp=1563013246745 yoxwechatbusinessModel::set_user:BEGIN
[2019-07-13 18:20:46] trace  /app/ewei_shopv2_api.php?i=2&r=diypage&type=goodsdetail&comefrom=wxapp&openid=sns_wa_oWJzS5I4SwtIvnavadWO1lOR7lAw&mid=&merchid=&authkey=&timestamp=1563013246745 yoxwechatbusinessModel::set_user:END
[2019-07-13 18:20:47] trace  /app/ewei_shopv2_api.php?i=2&r=black&comefrom=wxapp&openid=sns_wa_oWJzS5I4SwtIvnavadWO1lOR7lAw&mid=&merchid=&authkey=&timestamp=1563013246738 yoxwechatbusinessModel::set_user:BEGIN
[2019-07-13 18:20:47] trace  /app/ewei_shopv2_api.php?i=2&r=black&comefrom=wxapp&openid=sns_wa_oWJzS5I4SwtIvnavadWO1lOR7lAw&mid=&merchid=&authkey=&timestamp=1563013246738 yoxwechatbusinessModel::set_user:END
[2019-07-13 18:20:47] trace  /app/ewei_shopv2_api.php?i=2&r=goods.get_detail&id=62&comefrom=wxapp&openid=sns_wa_oWJzS5I4SwtIvnavadWO1lOR7lAw&mid=&merchid=&authkey=&timestamp=1563013246777 yoxwechatbusinessModel::set_user:BEGIN
[2019-07-13 18:20:47] trace  /app/ewei_shopv2_api.php?i=2&r=goods.get_detail&id=62&comefrom=wxapp&openid=sns_wa_oWJzS5I4SwtIvnavadWO1lOR7lAw&mid=&merchid=&authkey=&timestamp=1563013246777 yoxwechatbusinessModel::set_user:END
[2019-07-13 18:20:47] trace  /app/ewei_shopv2_api.php?i=2&r=package.get_list&goodsid=62&comefrom=wxapp&openid=sns_wa_oWJzS5I4SwtIvnavadWO1lOR7lAw&mid=&merchid=&authkey=&timestamp=1563013247631 yoxwechatbusinessModel::set_user:BEGIN
[2019-07-13 18:20:47] trace  /app/ewei_shopv2_api.php?i=2&r=package.get_list&goodsid=62&comefrom=wxapp&openid=sns_wa_oWJzS5I4SwtIvnavadWO1lOR7lAw&mid=&merchid=&authkey=&timestamp=1563013247631 yoxwechatbusinessModel::set_user:END
[2019-07-13 18:20:47] trace  /app/ewei_shopv2_api.php?i=2&r=goods.get_comments&id=62&comefrom=wxapp&openid=sns_wa_oWJzS5I4SwtIvnavadWO1lOR7lAw&mid=&merchid=&authkey=&timestamp=1563013247689 yoxwechatbusinessModel::set_user:BEGIN
[2019-07-13 18:20:47] trace  /app/ewei_shopv2_api.php?i=2&r=goods.get_comments&id=62&comefrom=wxapp&openid=sns_wa_oWJzS5I4SwtIvnavadWO1lOR7lAw&mid=&merchid=&authkey=&timestamp=1563013247689 yoxwechatbusinessModel::set_user:END
[2019-07-13 20:42:40] trace  /app/ewei_shopv2_api.php?i=2&r=black&comefrom=wxapp&openid=sns_wa_oWJzS5I4SwtIvnavadWO1lOR7lAw&authkey=&timestamp=1563021759394 yoxwechatbusinessModel::set_user:BEGIN
[2019-07-13 20:42:40] trace  /app/ewei_shopv2_api.php?i=2&r=black&comefrom=wxapp&openid=sns_wa_oWJzS5I4SwtIvnavadWO1lOR7lAw&authkey=&timestamp=1563021759394 yoxwechatbusinessModel::set_user:END
[2019-07-13 20:42:40] trace  /app/ewei_shopv2_api.php?i=2&r=diypage&type=home&comefrom=wxapp&openid=sns_wa_oWJzS5I4SwtIvnavadWO1lOR7lAw&mid=&merchid=&authkey=&timestamp=1563021759405 yoxwechatbusinessModel::set_user:BEGIN
[2019-07-13 20:42:40] trace  /app/ewei_shopv2_api.php?i=2&r=diypage&type=home&comefrom=wxapp&openid=sns_wa_oWJzS5I4SwtIvnavadWO1lOR7lAw&mid=&merchid=&authkey=&timestamp=1563021759405 yoxwechatbusinessModel::set_user:END
[2019-07-13 20:42:40] trace  /app/ewei_shopv2_api.php?i=2&r=shop.get_hasnewcoupon&comefrom=wxapp&openid=sns_wa_oWJzS5I4SwtIvnavadWO1lOR7lAw&mid=&merchid=&authkey=&timestamp=1563021759440 yoxwechatbusinessModel::set_user:BEGIN
[2019-07-13 20:42:40] trace  /app/ewei_shopv2_api.php?i=2&r=shop.get_hasnewcoupon&comefrom=wxapp&openid=sns_wa_oWJzS5I4SwtIvnavadWO1lOR7lAw&mid=&merchid=&authkey=&timestamp=1563021759440 yoxwechatbusinessModel::set_user:END
[2019-07-13 20:42:41] trace  /app/ewei_shopv2_api.php?i=2&r=shop.get_cpinfos&comefrom=wxapp&openid=sns_wa_oWJzS5I4SwtIvnavadWO1lOR7lAw&mid=&merchid=&authkey=&timestamp=1563021759444 yoxwechatbusinessModel::set_user:BEGIN
[2019-07-13 20:42:41] trace  /app/ewei_shopv2_api.php?i=2&r=shop.get_cpinfos&comefrom=wxapp&openid=sns_wa_oWJzS5I4SwtIvnavadWO1lOR7lAw&mid=&merchid=&authkey=&timestamp=1563021759444 yoxwechatbusinessModel::set_user:END
[2019-07-13 20:42:41] trace  /app/ewei_shopv2_api.php?i=2&r=shop.get_shopindex&comefrom=wxapp&openid=sns_wa_oWJzS5I4SwtIvnavadWO1lOR7lAw&mid=&merchid=&authkey=&timestamp=1563021759435 yoxwechatbusinessModel::set_user:BEGIN
[2019-07-13 20:42:41] trace  /app/ewei_shopv2_api.php?i=2&r=shop.get_shopindex&comefrom=wxapp&openid=sns_wa_oWJzS5I4SwtIvnavadWO1lOR7lAw&mid=&merchid=&authkey=&timestamp=1563021759435 yoxwechatbusinessModel::set_user:END
[2019-07-13 20:42:45] trace  /app/ewei_shopv2_api.php?i=2&r=diypage&type=home&comefrom=wxapp&openid=sns_wa_oWJzS5I4SwtIvnavadWO1lOR7lAw&mid=&merchid=&authkey=ZmRlY3ZLNGczNDlQelpvazZ6dGlKTUZHZVc2YUdhNUZQVldjZ0xpYlpvQ0wwbjhSQUlMWkVqTWJlWEZhVUx6eGM4djRFanhyMWo2RENFUkJ3eTNxQkVBdWRSaw%3D%3D&timestamp=1563021764987 yoxwechatbusinessModel::set_user:BEGIN
[2019-07-13 20:42:45] trace  /app/ewei_shopv2_api.php?i=2&r=diypage&type=home&comefrom=wxapp&openid=sns_wa_oWJzS5I4SwtIvnavadWO1lOR7lAw&mid=&merchid=&authkey=ZmRlY3ZLNGczNDlQelpvazZ6dGlKTUZHZVc2YUdhNUZQVldjZ0xpYlpvQ0wwbjhSQUlMWkVqTWJlWEZhVUx6eGM4djRFanhyMWo2RENFUkJ3eTNxQkVBdWRSaw%3D%3D&timestamp=1563021764987 yoxwechatbusinessModel::set_user:END
[2019-07-13 20:42:46] trace  /app/ewei_shopv2_api.php?i=2&r=groups&comefrom=wxapp&openid=sns_wa_oWJzS5I4SwtIvnavadWO1lOR7lAw&mid=&merchid=&authkey=ZmRlY3ZLNGczNDlQelpvazZ6dGlKTUZHZVc2YUdhNUZQVldjZ0xpYlpvQ0wwbjhSQUlMWkVqTWJlWEZhVUx6eGM4djRFanhyMWo2RENFUkJ3eTNxQkVBdWRSaw%3D%3D&timestamp=1563021766428 yoxwechatbusinessModel::set_user:BEGIN
[2019-07-13 20:42:46] trace  /app/ewei_shopv2_api.php?i=2&r=groups&comefrom=wxapp&openid=sns_wa_oWJzS5I4SwtIvnavadWO1lOR7lAw&mid=&merchid=&authkey=ZmRlY3ZLNGczNDlQelpvazZ6dGlKTUZHZVc2YUdhNUZQVldjZ0xpYlpvQ0wwbjhSQUlMWkVqTWJlWEZhVUx6eGM4djRFanhyMWo2RENFUkJ3eTNxQkVBdWRSaw%3D%3D&timestamp=1563021766428 yoxwechatbusinessModel::set_user:END
[2019-07-13 20:42:48] trace  /app/ewei_shopv2_api.php?i=2&r=groups.goods&timestamp=1563021767993 id=10; comefrom=wxapp; openid=sns_wa_oWJzS5I4SwtIvnavadWO1lOR7lAw; mid=; merchid=; authkey=; 
yoxwechatbusinessModel::set_user:BEGIN
[2019-07-13 20:42:48] trace  /app/ewei_shopv2_api.php?i=2&r=groups.goods&timestamp=1563021767993 id=10; comefrom=wxapp; openid=sns_wa_oWJzS5I4SwtIvnavadWO1lOR7lAw; mid=; merchid=; authkey=; 
yoxwechatbusinessModel::set_user:END
