[2019-08-06 02:51:48] trace  /app/ewei_shopv2_api.php?i=2&r=cacheset&version=&comefrom=wxapp&openid=sns_wa_oWJzS5KjSzzqsFEM1pSAVz3FGceg&mid=&merchid=&authkey=MDlhMzFLMnRxY1RtanE3REZoTEVURHZuRmFEWUdlaHZMY25BNVZqdlQ3cTBEUnU1eGl4aG9UUDJUN2NidGRqUDZLLzRlamVnM0VsdkJnY1Bobk1NeUllWVNscw%3D%3D&timestamp=1565031107912 yoxwechatbusinessModel::set_user:BEGIN
[2019-08-06 02:51:48] trace  /app/ewei_shopv2_api.php?i=2&r=cacheset&version=&comefrom=wxapp&openid=sns_wa_oWJzS5KjSzzqsFEM1pSAVz3FGceg&mid=&merchid=&authkey=MDlhMzFLMnRxY1RtanE3REZoTEVURHZuRmFEWUdlaHZMY25BNVZqdlQ3cTBEUnU1eGl4aG9UUDJUN2NidGRqUDZLLzRlamVnM0VsdkJnY1Bobk1NeUllWVNscw%3D%3D&timestamp=1565031107912 yoxwechatbusinessModel::set_user:END
[2019-08-06 02:51:48] trace  /app/ewei_shopv2_api.php?i=2&r=cacheset&version=&comefrom=wxapp&openid=sns_wa_oWJzS5KjSzzqsFEM1pSAVz3FGceg&mid=&merchid=&authkey=MWE3NWd4NkhRRDZhUzE2SDI1TzZpZmN4RUk3d1N4NWdBL1JjZkdCYnppdVRwSmJudTRKM2pEc1VXcWZjM0RNM3NGQ2J5Nk9iQjV2bEgrcmhRVEtFK1VPeXc4UQ%3D%3D&timestamp=1565031107952 yoxwechatbusinessModel::set_user:BEGIN
[2019-08-06 02:51:48] trace  /app/ewei_shopv2_api.php?i=2&r=cacheset&version=&comefrom=wxapp&openid=sns_wa_oWJzS5KjSzzqsFEM1pSAVz3FGceg&mid=&merchid=&authkey=MWE3NWd4NkhRRDZhUzE2SDI1TzZpZmN4RUk3d1N4NWdBL1JjZkdCYnppdVRwSmJudTRKM2pEc1VXcWZjM0RNM3NGQ2J5Nk9iQjV2bEgrcmhRVEtFK1VPeXc4UQ%3D%3D&timestamp=1565031107952 yoxwechatbusinessModel::set_user:END
[2019-08-06 09:05:25] trace  /app/ewei_shopv2_api.php?i=2&r=black&comefrom=wxapp&openid=sns_wa_oWJzS5AqK5fXwChfll8RgA0GTRF4&authkey=&timestamp=1565053490963 yoxwechatbusinessModel::set_user:BEGIN
[2019-08-06 09:05:25] trace  /app/ewei_shopv2_api.php?i=2&r=black&comefrom=wxapp&openid=sns_wa_oWJzS5AqK5fXwChfll8RgA0GTRF4&authkey=&timestamp=1565053490963 yoxwechatbusinessModel::set_user:END
[2019-08-06 09:05:25] trace  /app/ewei_shopv2_api.php?i=2&r=diypage&type=home&comefrom=wxapp&openid=sns_wa_oWJzS5AqK5fXwChfll8RgA0GTRF4&mid=&merchid=&authkey=&timestamp=1565053491046 yoxwechatbusinessModel::set_user:BEGIN
[2019-08-06 09:05:25] trace  /app/ewei_shopv2_api.php?i=2&r=diypage&type=home&comefrom=wxapp&openid=sns_wa_oWJzS5AqK5fXwChfll8RgA0GTRF4&mid=&merchid=&authkey=&timestamp=1565053491046 yoxwechatbusinessModel::set_user:END
[2019-08-06 09:05:26] trace  /app/ewei_shopv2_api.php?i=2&r=shop.get_shopindex&comefrom=wxapp&openid=sns_wa_oWJzS5AqK5fXwChfll8RgA0GTRF4&mid=&merchid=&authkey=&timestamp=1565053491147 yoxwechatbusinessModel::set_user:BEGIN
[2019-08-06 09:05:26] trace  /app/ewei_shopv2_api.php?i=2&r=shop.get_shopindex&comefrom=wxapp&openid=sns_wa_oWJzS5AqK5fXwChfll8RgA0GTRF4&mid=&merchid=&authkey=&timestamp=1565053491147 yoxwechatbusinessModel::set_user:END
[2019-08-06 09:05:26] trace  /app/ewei_shopv2_api.php?i=2&r=shop.get_hasnewcoupon&comefrom=wxapp&openid=sns_wa_oWJzS5AqK5fXwChfll8RgA0GTRF4&mid=&merchid=&authkey=&timestamp=1565053491187 yoxwechatbusinessModel::set_user:BEGIN
[2019-08-06 09:05:26] trace  /app/ewei_shopv2_api.php?i=2&r=shop.get_hasnewcoupon&comefrom=wxapp&openid=sns_wa_oWJzS5AqK5fXwChfll8RgA0GTRF4&mid=&merchid=&authkey=&timestamp=1565053491187 yoxwechatbusinessModel::set_user:END
[2019-08-06 09:05:26] trace  /app/ewei_shopv2_api.php?i=2&r=shop.get_cpinfos&comefrom=wxapp&openid=sns_wa_oWJzS5AqK5fXwChfll8RgA0GTRF4&mid=&merchid=&authkey=&timestamp=1565053491226 yoxwechatbusinessModel::set_user:BEGIN
[2019-08-06 09:05:26] trace  /app/ewei_shopv2_api.php?i=2&r=shop.get_cpinfos&comefrom=wxapp&openid=sns_wa_oWJzS5AqK5fXwChfll8RgA0GTRF4&mid=&merchid=&authkey=&timestamp=1565053491226 yoxwechatbusinessModel::set_user:END
[2019-08-06 10:59:25] trace  /app/ewei_shopv2_api.php?i=2&r=black&comefrom=wxapp&openid=sns_wa_oWJzS5I4SwtIvnavadWO1lOR7lAw&authkey=&timestamp=1565060363643 yoxwechatbusinessModel::set_user:BEGIN
[2019-08-06 10:59:25] trace  /app/ewei_shopv2_api.php?i=2&r=black&comefrom=wxapp&openid=sns_wa_oWJzS5I4SwtIvnavadWO1lOR7lAw&authkey=&timestamp=1565060363643 yoxwechatbusinessModel::set_user:END
[2019-08-06 10:59:25] trace  /app/ewei_shopv2_api.php?i=2&r=diypage&type=home&comefrom=wxapp&openid=sns_wa_oWJzS5I4SwtIvnavadWO1lOR7lAw&mid=&merchid=&authkey=&timestamp=1565060363660 yoxwechatbusinessModel::set_user:BEGIN
[2019-08-06 10:59:25] trace  /app/ewei_shopv2_api.php?i=2&r=diypage&type=home&comefrom=wxapp&openid=sns_wa_oWJzS5I4SwtIvnavadWO1lOR7lAw&mid=&merchid=&authkey=&timestamp=1565060363660 yoxwechatbusinessModel::set_user:END
[2019-08-06 10:59:25] trace  /app/ewei_shopv2_api.php?i=2&r=shop.get_shopindex&comefrom=wxapp&openid=sns_wa_oWJzS5I4SwtIvnavadWO1lOR7lAw&mid=&merchid=&authkey=&timestamp=1565060363689 yoxwechatbusinessModel::set_user:BEGIN
[2019-08-06 10:59:25] trace  /app/ewei_shopv2_api.php?i=2&r=shop.get_shopindex&comefrom=wxapp&openid=sns_wa_oWJzS5I4SwtIvnavadWO1lOR7lAw&mid=&merchid=&authkey=&timestamp=1565060363689 yoxwechatbusinessModel::set_user:END
[2019-08-06 10:59:25] trace  /app/ewei_shopv2_api.php?i=2&r=shop.get_cpinfos&comefrom=wxapp&openid=sns_wa_oWJzS5I4SwtIvnavadWO1lOR7lAw&mid=&merchid=&authkey=&timestamp=1565060363704 yoxwechatbusinessModel::set_user:BEGIN
[2019-08-06 10:59:25] trace  /app/ewei_shopv2_api.php?i=2&r=shop.get_cpinfos&comefrom=wxapp&openid=sns_wa_oWJzS5I4SwtIvnavadWO1lOR7lAw&mid=&merchid=&authkey=&timestamp=1565060363704 yoxwechatbusinessModel::set_user:END
[2019-08-06 10:59:26] trace  /app/ewei_shopv2_api.php?i=2&r=shop.get_hasnewcoupon&comefrom=wxapp&openid=sns_wa_oWJzS5I4SwtIvnavadWO1lOR7lAw&mid=&merchid=&authkey=&timestamp=1565060363696 yoxwechatbusinessModel::set_user:BEGIN
[2019-08-06 10:59:26] trace  /app/ewei_shopv2_api.php?i=2&r=shop.get_hasnewcoupon&comefrom=wxapp&openid=sns_wa_oWJzS5I4SwtIvnavadWO1lOR7lAw&mid=&merchid=&authkey=&timestamp=1565060363696 yoxwechatbusinessModel::set_user:END
[2019-08-06 10:59:28] trace  /app/ewei_shopv2_api.php?i=2&r=groups&comefrom=wxapp&openid=sns_wa_oWJzS5I4SwtIvnavadWO1lOR7lAw&mid=&merchid=&authkey=NTUxYVcyNUtqdVhsMkhzTVM5cTBEL3FNeEYzQUdjVkZOT0ZSaVpiRFh5SHBVbmU2NEhFUmE2VnRMTUx2eFZGN0xhd1lOVWpLdm81d1NwQmFVbTBnQklnWVk2VQ%3D%3D&timestamp=1565060368329 yoxwechatbusinessModel::set_user:BEGIN
[2019-08-06 10:59:28] trace  /app/ewei_shopv2_api.php?i=2&r=groups&comefrom=wxapp&openid=sns_wa_oWJzS5I4SwtIvnavadWO1lOR7lAw&mid=&merchid=&authkey=NTUxYVcyNUtqdVhsMkhzTVM5cTBEL3FNeEYzQUdjVkZOT0ZSaVpiRFh5SHBVbmU2NEhFUmE2VnRMTUx2eFZGN0xhd1lOVWpLdm81d1NwQmFVbTBnQklnWVk2VQ%3D%3D&timestamp=1565060368329 yoxwechatbusinessModel::set_user:END
[2019-08-06 10:59:30] trace  /app/ewei_shopv2_api.php?i=2&r=shop.get_hasnewcoupon&comefrom=wxapp&openid=sns_wa_oWJzS5I4SwtIvnavadWO1lOR7lAw&mid=&merchid=&authkey=&timestamp=1565060370906 yoxwechatbusinessModel::set_user:BEGIN
[2019-08-06 10:59:30] trace  /app/ewei_shopv2_api.php?i=2&r=shop.get_hasnewcoupon&comefrom=wxapp&openid=sns_wa_oWJzS5I4SwtIvnavadWO1lOR7lAw&mid=&merchid=&authkey=&timestamp=1565060370906 yoxwechatbusinessModel::set_user:END
[2019-08-06 10:59:31] trace  /app/ewei_shopv2_api.php?i=2&r=shop.get_cpinfos&comefrom=wxapp&openid=sns_wa_oWJzS5I4SwtIvnavadWO1lOR7lAw&mid=&merchid=&authkey=&timestamp=1565060370910 yoxwechatbusinessModel::set_user:BEGIN
[2019-08-06 10:59:31] trace  /app/ewei_shopv2_api.php?i=2&r=shop.get_cpinfos&comefrom=wxapp&openid=sns_wa_oWJzS5I4SwtIvnavadWO1lOR7lAw&mid=&merchid=&authkey=&timestamp=1565060370910 yoxwechatbusinessModel::set_user:END
[2019-08-06 10:59:31] trace  /app/ewei_shopv2_api.php?i=2&r=shop.get_shopindex&comefrom=wxapp&openid=sns_wa_oWJzS5I4SwtIvnavadWO1lOR7lAw&mid=&merchid=&authkey=&timestamp=1565060370902 yoxwechatbusinessModel::set_user:BEGIN
[2019-08-06 10:59:31] trace  /app/ewei_shopv2_api.php?i=2&r=shop.get_shopindex&comefrom=wxapp&openid=sns_wa_oWJzS5I4SwtIvnavadWO1lOR7lAw&mid=&merchid=&authkey=&timestamp=1565060370902 yoxwechatbusinessModel::set_user:END
[2019-08-06 10:59:34] trace  /app/ewei_shopv2_api.php?i=2&r=yoxwechatbusiness&isajax=1&comefrom=wxapp&openid=sns_wa_oWJzS5I4SwtIvnavadWO1lOR7lAw&mid=&merchid=&authkey=&timestamp=1565060374362 yoxwechatbusinessModel::set_user:BEGIN
[2019-08-06 10:59:34] trace  /app/ewei_shopv2_api.php?i=2&r=yoxwechatbusiness&isajax=1&comefrom=wxapp&openid=sns_wa_oWJzS5I4SwtIvnavadWO1lOR7lAw&mid=&merchid=&authkey=&timestamp=1565060374362 yoxwechatbusinessModel::set_user:END
[2019-08-06 10:59:34] trace  /app/ewei_shopv2_api.php?i=2&r=bargain.act&comefrom=wxapp&openid=sns_wa_oWJzS5I4SwtIvnavadWO1lOR7lAw&mid=&merchid=&authkey=&timestamp=1565060374381 yoxwechatbusinessModel::set_user:BEGIN
[2019-08-06 10:59:34] trace  /app/ewei_shopv2_api.php?i=2&r=bargain.act&comefrom=wxapp&openid=sns_wa_oWJzS5I4SwtIvnavadWO1lOR7lAw&mid=&merchid=&authkey=&timestamp=1565060374381 yoxwechatbusinessModel::set_user:END
[2019-08-06 10:59:38] trace  /app/ewei_shopv2_api.php?i=2&r=yoxwechatbusiness.user.i_wand_up&isajax=1&comefrom=wxapp&openid=sns_wa_oWJzS5I4SwtIvnavadWO1lOR7lAw&mid=&merchid=&authkey=&timestamp=1565060378080 yoxwechatbusinessModel::set_user:BEGIN
[2019-08-06 10:59:38] trace  /app/ewei_shopv2_api.php?i=2&r=yoxwechatbusiness.user.i_wand_up&isajax=1&comefrom=wxapp&openid=sns_wa_oWJzS5I4SwtIvnavadWO1lOR7lAw&mid=&merchid=&authkey=&timestamp=1565060378080 yoxwechatbusinessModel::set_user:END
[2019-08-06 14:53:49] trace  /app/ewei_shopv2_api.php?i=2&r=cacheset&version=&comefrom=wxapp&openid=sns_wa_oWJzS5GjRbjybT3ittJfipzXTt0E&mid=&merchid=&authkey=MGU1NU94SUlJVml1QU1IZzBONWZpdUxMdkJmakkzN3hZZHpFTjA2aldNenF2NDFuanZlaktNQTdWVzJzV1RLNGNPZjVzTys3&timestamp=1565074427458 yoxwechatbusinessModel::set_user:BEGIN
[2019-08-06 14:53:49] trace  /app/ewei_shopv2_api.php?i=2&r=cacheset&version=&comefrom=wxapp&openid=sns_wa_oWJzS5GjRbjybT3ittJfipzXTt0E&mid=&merchid=&authkey=ZWU5NmRZUjB5SFB1dnhoMGp6YkxkT0FVRkNxcDhOaWhSbTVvb2FVcnB4ZGlNNEhTVW5GRTc1UU8rRHdXeStuWmMvL2JhQnUz&timestamp=1565074427745 yoxwechatbusinessModel::set_user:BEGIN
[2019-08-06 14:53:59] trace  /app/ewei_shopv2_api.php?i=2&r=shop.get_shopindex&comefrom=wxapp&openid=sns_wa_oWJzS5GjRbjybT3ittJfipzXTt0E&mid=&merchid=&authkey=&timestamp=1565074437257 yoxwechatbusinessModel::set_user:BEGIN
[2019-08-06 14:53:59] trace  /app/ewei_shopv2_api.php?i=2&r=shop.get_cpinfos&comefrom=wxapp&openid=sns_wa_oWJzS5GjRbjybT3ittJfipzXTt0E&mid=&merchid=&authkey=&timestamp=1565074437278 yoxwechatbusinessModel::set_user:BEGIN
[2019-08-06 14:53:59] trace  /app/ewei_shopv2_api.php?i=2&r=shop.get_hasnewcoupon&comefrom=wxapp&openid=sns_wa_oWJzS5GjRbjybT3ittJfipzXTt0E&mid=&merchid=&authkey=&timestamp=1565074437268 yoxwechatbusinessModel::set_user:BEGIN
[2019-08-06 14:56:08] trace  /app/ewei_shopv2_api.php?i=2&r=black&comefrom=wxapp&openid=sns_wa_oWJzS5GjRbjybT3ittJfipzXTt0E&mid=&merchid=&authkey=NDhhOGhBTnRsZGpMaG5iT2ZqazVYaXJCNGtuaWY3ejlyOWtOd1h2NlZ5N1BVVUNaSEhVQS80Yk9PL2FKODBGNmpLeDRYOUUyYmg0bWZicFppQ0QwT1cxdXJhbmRiQ0tzbmUyVWRqZUhVdkQrZmc%3D&timestamp=1565074567603 yoxwechatbusinessModel::set_user:BEGIN
[2019-08-06 14:56:08] trace  /app/ewei_shopv2_api.php?i=2&r=diypage&type=home&comefrom=wxapp&openid=sns_wa_oWJzS5GjRbjybT3ittJfipzXTt0E&mid=&merchid=&authkey=NDhhOGhBTnRsZGpMaG5iT2ZqazVYaXJCNGtuaWY3ejlyOWtOd1h2NlZ5N1BVVUNaSEhVQS80Yk9PL2FKODBGNmpLeDRYOUUyYmg0bWZicFppQ0QwT1cxdXJhbmRiQ0tzbmUyVWRqZUhVdkQrZmc%3D&timestamp=1565074567656 yoxwechatbusinessModel::set_user:BEGIN
[2019-08-06 14:56:09] trace  /app/ewei_shopv2_api.php?i=2&r=shop.get_shopindex&comefrom=wxapp&openid=sns_wa_oWJzS5GjRbjybT3ittJfipzXTt0E&mid=&merchid=&authkey=NDhhOGhBTnRsZGpMaG5iT2ZqazVYaXJCNGtuaWY3ejlyOWtOd1h2NlZ5N1BVVUNaSEhVQS80Yk9PL2FKODBGNmpLeDRYOUUyYmg0bWZicFppQ0QwT1cxdXJhbmRiQ0tzbmUyVWRqZUhVdkQrZmc%3D&timestamp=1565074567729 yoxwechatbusinessModel::set_user:BEGIN
[2019-08-06 14:56:09] trace  /app/ewei_shopv2_api.php?i=2&r=shop.get_cpinfos&comefrom=wxapp&openid=sns_wa_oWJzS5GjRbjybT3ittJfipzXTt0E&mid=&merchid=&authkey=NDhhOGhBTnRsZGpMaG5iT2ZqazVYaXJCNGtuaWY3ejlyOWtOd1h2NlZ5N1BVVUNaSEhVQS80Yk9PL2FKODBGNmpLeDRYOUUyYmg0bWZicFppQ0QwT1cxdXJhbmRiQ0tzbmUyVWRqZUhVdkQrZmc%3D&timestamp=1565074567802 yoxwechatbusinessModel::set_user:BEGIN
[2019-08-06 14:56:09] trace  /app/ewei_shopv2_api.php?i=2&r=shop.get_hasnewcoupon&comefrom=wxapp&openid=sns_wa_oWJzS5GjRbjybT3ittJfipzXTt0E&mid=&merchid=&authkey=NDhhOGhBTnRsZGpMaG5iT2ZqazVYaXJCNGtuaWY3ejlyOWtOd1h2NlZ5N1BVVUNaSEhVQS80Yk9PL2FKODBGNmpLeDRYOUUyYmg0bWZicFppQ0QwT1cxdXJhbmRiQ0tzbmUyVWRqZUhVdkQrZmc%3D&timestamp=1565074567784 yoxwechatbusinessModel::set_user:BEGIN
[2019-08-06 14:56:25] trace  /app/ewei_shopv2_api.php?i=2&r=groups&comefrom=wxapp&openid=sns_wa_oWJzS5GjRbjybT3ittJfipzXTt0E&mid=&merchid=&authkey=M2E5ZGptQXJTZ0xNYldiNjlCR1lDaFYyRkpjYXFIb1VJRnVEWE5pZ1NqNWNxaEc0OEtvL0RIQzAycE5DbkNmT3hMOWp4V0NFcjlyQnpOb0cvTER6c2NzZTRwQUpVNFQydlVOMlN2blNHaSs5ZGc%3D&timestamp=1565074584515 yoxwechatbusinessModel::set_user:BEGIN
[2019-08-06 14:56:27] trace  /app/ewei_shopv2_api.php?i=2&r=shop.get_shopindex&comefrom=wxapp&openid=sns_wa_oWJzS5GjRbjybT3ittJfipzXTt0E&mid=&merchid=&authkey=&timestamp=1565074586486 yoxwechatbusinessModel::set_user:BEGIN
[2019-08-06 14:56:27] trace  /app/ewei_shopv2_api.php?i=2&r=shop.get_hasnewcoupon&comefrom=wxapp&openid=sns_wa_oWJzS5GjRbjybT3ittJfipzXTt0E&mid=&merchid=&authkey=&timestamp=1565074586503 yoxwechatbusinessModel::set_user:BEGIN
[2019-08-06 14:56:27] trace  /app/ewei_shopv2_api.php?i=2&r=shop.get_cpinfos&comefrom=wxapp&openid=sns_wa_oWJzS5GjRbjybT3ittJfipzXTt0E&mid=&merchid=&authkey=&timestamp=1565074586513 yoxwechatbusinessModel::set_user:BEGIN
[2019-08-06 14:56:33] trace  /app/ewei_shopv2_api.php?i=2&r=shop.get_hasnewcoupon&comefrom=wxapp&openid=sns_wa_oWJzS5GjRbjybT3ittJfipzXTt0E&mid=&merchid=&authkey=&timestamp=1565074592618 yoxwechatbusinessModel::set_user:BEGIN
[2019-08-06 14:56:33] trace  /app/ewei_shopv2_api.php?i=2&r=shop.get_shopindex&comefrom=wxapp&openid=sns_wa_oWJzS5GjRbjybT3ittJfipzXTt0E&mid=&merchid=&authkey=&timestamp=1565074592606 yoxwechatbusinessModel::set_user:BEGIN
[2019-08-06 14:56:34] trace  /app/ewei_shopv2_api.php?i=2&r=shop.get_cpinfos&comefrom=wxapp&openid=sns_wa_oWJzS5GjRbjybT3ittJfipzXTt0E&mid=&merchid=&authkey=&timestamp=1565074592630 yoxwechatbusinessModel::set_user:BEGIN
