[2019-06-07 05:07:29] trace  /app/ewei_shopv2_api.php?i=2&r=cacheset&version=&comefrom=wxapp&openid=sns_wa_oWJzS5KVYFjFV0u_7DkAR0X1KkT8&mid=&merchid=&authkey=&timestamp=1559855249800 yoxwechatbusinessModel::set_user:BEGIN
[2019-06-07 05:07:29] trace  /app/ewei_shopv2_api.php?i=2&r=cacheset&version=&comefrom=wxapp&openid=sns_wa_oWJzS5KVYFjFV0u_7DkAR0X1KkT8&mid=&merchid=&authkey=&timestamp=1559855249800 yoxwechatbusinessModel::set_user:END
[2019-06-07 07:05:49] trace  /app/ewei_shopv2_api.php?i=2&r=cacheset&version=&comefrom=wxapp&openid=sns_wa_oWJzS5NHjH0ENHGlDu7OWisvE82s&mid=&merchid=&authkey=ZjYwYXFya0dIWkd1WTFvQXQxS00vRXNtU0g4UnlUcWwrajhhY1RzZ1hiTU9BN2JrUSt6YzJkVDM0c2hLcGVCdnpJMFYyOGhhMEpDSFNHamFtUW5DT1J2cmlWSQ%3D%3D&timestamp=1559862349942 yoxwechatbusinessModel::set_user:BEGIN
[2019-06-07 07:05:49] trace  /app/ewei_shopv2_api.php?i=2&r=cacheset&version=&comefrom=wxapp&openid=sns_wa_oWJzS5NHjH0ENHGlDu7OWisvE82s&mid=&merchid=&authkey=ZjYwYXFya0dIWkd1WTFvQXQxS00vRXNtU0g4UnlUcWwrajhhY1RzZ1hiTU9BN2JrUSt6YzJkVDM0c2hLcGVCdnpJMFYyOGhhMEpDSFNHamFtUW5DT1J2cmlWSQ%3D%3D&timestamp=1559862349942 yoxwechatbusinessModel::set_user:END
[2019-06-07 09:51:46] trace  /app/ewei_shopv2_api.php?i=2&r=diypage&type=home&comefrom=wxapp&openid=sns_wa_oWJzS5IRKcVmJbJkLd3VJZ6eQ4Do&mid=&merchid=&authkey=&timestamp=1559872302985 yoxwechatbusinessModel::set_user:BEGIN
[2019-06-07 09:51:46] trace  /app/ewei_shopv2_api.php?i=2&r=shop.get_cpinfos&comefrom=wxapp&openid=sns_wa_oWJzS5IRKcVmJbJkLd3VJZ6eQ4Do&mid=&merchid=&authkey=&timestamp=1559872303274 yoxwechatbusinessModel::set_user:BEGIN
[2019-06-07 09:51:46] trace  /app/ewei_shopv2_api.php?i=2&r=black&comefrom=wxapp&openid=sns_wa_oWJzS5IRKcVmJbJkLd3VJZ6eQ4Do&authkey=&timestamp=1559872302937 yoxwechatbusinessModel::set_user:BEGIN
[2019-06-07 09:51:46] trace  /app/ewei_shopv2_api.php?i=2&r=shop.get_shopindex&comefrom=wxapp&openid=sns_wa_oWJzS5IRKcVmJbJkLd3VJZ6eQ4Do&mid=&merchid=&authkey=&timestamp=1559872303203 yoxwechatbusinessModel::set_user:BEGIN
[2019-06-07 09:51:46] trace  /app/ewei_shopv2_api.php?i=2&r=shop.get_cpinfos&comefrom=wxapp&openid=sns_wa_oWJzS5IRKcVmJbJkLd3VJZ6eQ4Do&mid=&merchid=&authkey=&timestamp=1559872303075 yoxwechatbusinessModel::set_user:BEGIN
[2019-06-07 09:51:46] trace  /app/ewei_shopv2_api.php?i=2&r=shop.get_hasnewcoupon&comefrom=wxapp&openid=sns_wa_oWJzS5IRKcVmJbJkLd3VJZ6eQ4Do&mid=&merchid=&authkey=&timestamp=1559872303224 yoxwechatbusinessModel::set_user:BEGIN
[2019-06-07 09:51:46] trace  /app/ewei_shopv2_api.php?i=2&r=shop.get_hasnewcoupon&comefrom=wxapp&openid=sns_wa_oWJzS5IRKcVmJbJkLd3VJZ6eQ4Do&mid=&merchid=&authkey=&timestamp=1559872303060 yoxwechatbusinessModel::set_user:BEGIN
[2019-06-07 09:51:46] trace  /app/ewei_shopv2_api.php?i=2&r=shop.get_shopindex&comefrom=wxapp&openid=sns_wa_oWJzS5IRKcVmJbJkLd3VJZ6eQ4Do&mid=&merchid=&authkey=&timestamp=1559872303045 yoxwechatbusinessModel::set_user:BEGIN
[2019-06-07 11:43:25] trace  /app/ewei_shopv2_api.php?i=2&r=black&comefrom=wxapp&openid=sns_wa_oWJzS5Ak51G9M881eXJ2gvCLiwUo&authkey=&timestamp=1559878999458 yoxwechatbusinessModel::set_user:BEGIN
[2019-06-07 11:43:25] trace  /app/ewei_shopv2_api.php?i=2&r=black&comefrom=wxapp&openid=sns_wa_oWJzS5Ak51G9M881eXJ2gvCLiwUo&authkey=&timestamp=1559878999458 yoxwechatbusinessModel::set_user:END
[2019-06-07 11:43:25] trace  /app/ewei_shopv2_api.php?i=2&r=shop.get_shopindex&comefrom=wxapp&openid=sns_wa_oWJzS5Ak51G9M881eXJ2gvCLiwUo&mid=&merchid=&authkey=&timestamp=1559878999535 yoxwechatbusinessModel::set_user:BEGIN
[2019-06-07 11:43:25] trace  /app/ewei_shopv2_api.php?i=2&r=shop.get_hasnewcoupon&comefrom=wxapp&openid=sns_wa_oWJzS5Ak51G9M881eXJ2gvCLiwUo&mid=&merchid=&authkey=&timestamp=1559878999546 yoxwechatbusinessModel::set_user:BEGIN
[2019-06-07 11:43:25] trace  /app/ewei_shopv2_api.php?i=2&r=shop.get_shopindex&comefrom=wxapp&openid=sns_wa_oWJzS5Ak51G9M881eXJ2gvCLiwUo&mid=&merchid=&authkey=&timestamp=1559878999535 yoxwechatbusinessModel::set_user:END
[2019-06-07 11:43:25] trace  /app/ewei_shopv2_api.php?i=2&r=shop.get_hasnewcoupon&comefrom=wxapp&openid=sns_wa_oWJzS5Ak51G9M881eXJ2gvCLiwUo&mid=&merchid=&authkey=&timestamp=1559878999546 yoxwechatbusinessModel::set_user:END
[2019-06-07 11:43:25] trace  /app/ewei_shopv2_api.php?i=2&r=shop.get_cpinfos&comefrom=wxapp&openid=sns_wa_oWJzS5Ak51G9M881eXJ2gvCLiwUo&mid=&merchid=&authkey=&timestamp=1559878999558 yoxwechatbusinessModel::set_user:BEGIN
[2019-06-07 11:43:25] trace  /app/ewei_shopv2_api.php?i=2&r=diypage&type=home&comefrom=wxapp&openid=sns_wa_oWJzS5Ak51G9M881eXJ2gvCLiwUo&mid=&merchid=&authkey=&timestamp=1559878999498 yoxwechatbusinessModel::set_user:BEGIN
[2019-06-07 11:43:25] trace  /app/ewei_shopv2_api.php?i=2&r=shop.get_cpinfos&comefrom=wxapp&openid=sns_wa_oWJzS5Ak51G9M881eXJ2gvCLiwUo&mid=&merchid=&authkey=&timestamp=1559878999558 yoxwechatbusinessModel::set_user:END
[2019-06-07 11:43:25] trace  /app/ewei_shopv2_api.php?i=2&r=diypage&type=home&comefrom=wxapp&openid=sns_wa_oWJzS5Ak51G9M881eXJ2gvCLiwUo&mid=&merchid=&authkey=&timestamp=1559878999498 yoxwechatbusinessModel::set_user:END
[2019-06-07 11:43:40] trace  /app/ewei_shopv2_api.php?i=2&r=shop.get_category&comefrom=wxapp&openid=sns_wa_oWJzS5Ak51G9M881eXJ2gvCLiwUo&mid=&merchid=&authkey=&timestamp=1559879017886 yoxwechatbusinessModel::set_user:BEGIN
[2019-06-07 11:43:40] trace  /app/ewei_shopv2_api.php?i=2&r=shop.get_category&comefrom=wxapp&openid=sns_wa_oWJzS5Ak51G9M881eXJ2gvCLiwUo&mid=&merchid=&authkey=&timestamp=1559879017886 yoxwechatbusinessModel::set_user:END
[2019-06-07 11:43:47] trace  /app/ewei_shopv2_api.php?i=2&r=shop.get_cpinfos&comefrom=wxapp&openid=sns_wa_oWJzS5Ak51G9M881eXJ2gvCLiwUo&mid=&merchid=&authkey=&timestamp=1559879027197 yoxwechatbusinessModel::set_user:BEGIN
[2019-06-07 11:43:47] trace  /app/ewei_shopv2_api.php?i=2&r=shop.get_cpinfos&comefrom=wxapp&openid=sns_wa_oWJzS5Ak51G9M881eXJ2gvCLiwUo&mid=&merchid=&authkey=&timestamp=1559879027197 yoxwechatbusinessModel::set_user:END
[2019-06-07 11:43:47] trace  /app/ewei_shopv2_api.php?i=2&r=shop.get_hasnewcoupon&comefrom=wxapp&openid=sns_wa_oWJzS5Ak51G9M881eXJ2gvCLiwUo&mid=&merchid=&authkey=&timestamp=1559879027187 yoxwechatbusinessModel::set_user:BEGIN
[2019-06-07 11:43:47] trace  /app/ewei_shopv2_api.php?i=2&r=shop.get_hasnewcoupon&comefrom=wxapp&openid=sns_wa_oWJzS5Ak51G9M881eXJ2gvCLiwUo&mid=&merchid=&authkey=&timestamp=1559879027187 yoxwechatbusinessModel::set_user:END
[2019-06-07 11:43:48] trace  /app/ewei_shopv2_api.php?i=2&r=groups&comefrom=wxapp&openid=sns_wa_oWJzS5Ak51G9M881eXJ2gvCLiwUo&mid=&merchid=&authkey=&timestamp=1559879028100 yoxwechatbusinessModel::set_user:BEGIN
[2019-06-07 11:43:48] trace  /app/ewei_shopv2_api.php?i=2&r=shop.get_shopindex&comefrom=wxapp&openid=sns_wa_oWJzS5Ak51G9M881eXJ2gvCLiwUo&mid=&merchid=&authkey=&timestamp=1559879027176 yoxwechatbusinessModel::set_user:BEGIN
[2019-06-07 11:43:48] trace  /app/ewei_shopv2_api.php?i=2&r=groups&comefrom=wxapp&openid=sns_wa_oWJzS5Ak51G9M881eXJ2gvCLiwUo&mid=&merchid=&authkey=&timestamp=1559879028100 yoxwechatbusinessModel::set_user:END
[2019-06-07 11:43:48] trace  /app/ewei_shopv2_api.php?i=2&r=shop.get_shopindex&comefrom=wxapp&openid=sns_wa_oWJzS5Ak51G9M881eXJ2gvCLiwUo&mid=&merchid=&authkey=&timestamp=1559879027176 yoxwechatbusinessModel::set_user:END
[2019-06-07 11:43:53] trace  /app/ewei_shopv2_api.php?i=2&r=groups.list&timestamp=1559879032380 category=; page=1; comefrom=wxapp; openid=sns_wa_oWJzS5Ak51G9M881eXJ2gvCLiwUo; mid=; merchid=; authkey=; 
yoxwechatbusinessModel::set_user:BEGIN
[2019-06-07 11:43:53] trace  /app/ewei_shopv2_api.php?i=2&r=groups.list&timestamp=1559879032380 category=; page=1; comefrom=wxapp; openid=sns_wa_oWJzS5Ak51G9M881eXJ2gvCLiwUo; mid=; merchid=; authkey=; 
yoxwechatbusinessModel::set_user:END
[2019-06-07 11:43:55] trace  /app/ewei_shopv2_api.php?i=2&r=groups.order&status=&page=1&comefrom=wxapp&openid=sns_wa_oWJzS5Ak51G9M881eXJ2gvCLiwUo&mid=&merchid=&authkey=&timestamp=1559879034921 yoxwechatbusinessModel::set_user:BEGIN
[2019-06-07 11:43:55] trace  /app/ewei_shopv2_api.php?i=2&r=groups.order&status=&page=1&comefrom=wxapp&openid=sns_wa_oWJzS5Ak51G9M881eXJ2gvCLiwUo&mid=&merchid=&authkey=&timestamp=1559879034921 yoxwechatbusinessModel::set_user:END
[2019-06-07 11:43:57] trace  /app/ewei_shopv2_api.php?i=2&r=groups.team&success=&page=1&comefrom=wxapp&openid=sns_wa_oWJzS5Ak51G9M881eXJ2gvCLiwUo&mid=&merchid=&authkey=&timestamp=1559879036328 yoxwechatbusinessModel::set_user:BEGIN
[2019-06-07 11:43:57] trace  /app/ewei_shopv2_api.php?i=2&r=groups.team&success=&page=1&comefrom=wxapp&openid=sns_wa_oWJzS5Ak51G9M881eXJ2gvCLiwUo&mid=&merchid=&authkey=&timestamp=1559879036328 yoxwechatbusinessModel::set_user:END
[2019-06-07 11:43:58] trace  /app/ewei_shopv2_api.php?i=2&r=groups&comefrom=wxapp&openid=sns_wa_oWJzS5Ak51G9M881eXJ2gvCLiwUo&mid=&merchid=&authkey=&timestamp=1559879037448 yoxwechatbusinessModel::set_user:BEGIN
[2019-06-07 11:43:58] trace  /app/ewei_shopv2_api.php?i=2&r=groups&comefrom=wxapp&openid=sns_wa_oWJzS5Ak51G9M881eXJ2gvCLiwUo&mid=&merchid=&authkey=&timestamp=1559879037448 yoxwechatbusinessModel::set_user:END
[2019-06-07 11:44:00] trace  /app/ewei_shopv2_api.php?i=2&r=seckill.get_list&comefrom=wxapp&openid=sns_wa_oWJzS5Ak51G9M881eXJ2gvCLiwUo&mid=&merchid=&authkey=&timestamp=1559879039888 yoxwechatbusinessModel::set_user:BEGIN
[2019-06-07 11:44:00] trace  /app/ewei_shopv2_api.php?i=2&r=seckill.get_list&comefrom=wxapp&openid=sns_wa_oWJzS5Ak51G9M881eXJ2gvCLiwUo&mid=&merchid=&authkey=&timestamp=1559879039888 yoxwechatbusinessModel::set_user:END
[2019-06-07 17:27:14] trace  /app/ewei_shopv2_api.php?i=2&r=black&comefrom=wxapp&openid=sns_wa_oWJzS5I4SwtIvnavadWO1lOR7lAw&authkey=&timestamp=1559899631904 yoxwechatbusinessModel::set_user:BEGIN
[2019-06-07 17:27:14] trace  /app/ewei_shopv2_api.php?i=2&r=black&comefrom=wxapp&openid=sns_wa_oWJzS5I4SwtIvnavadWO1lOR7lAw&authkey=&timestamp=1559899631904 yoxwechatbusinessModel::set_user:END
[2019-06-07 17:27:14] trace  /app/ewei_shopv2_api.php?i=2&r=shop.get_hasnewcoupon&comefrom=wxapp&openid=sns_wa_oWJzS5I4SwtIvnavadWO1lOR7lAw&mid=&merchid=&authkey=&timestamp=1559899631971 yoxwechatbusinessModel::set_user:BEGIN
[2019-06-07 17:27:14] trace  /app/ewei_shopv2_api.php?i=2&r=shop.get_hasnewcoupon&comefrom=wxapp&openid=sns_wa_oWJzS5I4SwtIvnavadWO1lOR7lAw&mid=&merchid=&authkey=&timestamp=1559899631971 yoxwechatbusinessModel::set_user:END
[2019-06-07 17:27:14] trace  /app/ewei_shopv2_api.php?i=2&r=shop.get_shopindex&comefrom=wxapp&openid=sns_wa_oWJzS5I4SwtIvnavadWO1lOR7lAw&mid=&merchid=&authkey=&timestamp=1559899631956 yoxwechatbusinessModel::set_user:BEGIN
[2019-06-07 17:27:14] trace  /app/ewei_shopv2_api.php?i=2&r=shop.get_shopindex&comefrom=wxapp&openid=sns_wa_oWJzS5I4SwtIvnavadWO1lOR7lAw&mid=&merchid=&authkey=&timestamp=1559899631956 yoxwechatbusinessModel::set_user:END
[2019-06-07 17:27:14] trace  /app/ewei_shopv2_api.php?i=2&r=diypage&type=home&comefrom=wxapp&openid=sns_wa_oWJzS5I4SwtIvnavadWO1lOR7lAw&mid=&merchid=&authkey=&timestamp=1559899631925 yoxwechatbusinessModel::set_user:BEGIN
[2019-06-07 17:27:14] trace  /app/ewei_shopv2_api.php?i=2&r=diypage&type=home&comefrom=wxapp&openid=sns_wa_oWJzS5I4SwtIvnavadWO1lOR7lAw&mid=&merchid=&authkey=&timestamp=1559899631925 yoxwechatbusinessModel::set_user:END
[2019-06-07 17:27:18] trace  /app/ewei_shopv2_api.php?i=2&r=diypage&type=6&comefrom=wxapp&openid=sns_wa_oWJzS5I4SwtIvnavadWO1lOR7lAw&mid=&merchid=&authkey=ZDNjMko1NzlhZGwrd3c3K2ZpeG1nanNSVnZUZVVBdDB1eE9QMVRMR3lmNEtzRS9XQTlmVWhvV3BFa1pFMTFiZlBQQkwzM1lpai9SVkVjblVWVkhwdDRhbDNvTQ%3D%3D&timestamp=1559899638084 yoxwechatbusinessModel::set_user:BEGIN
[2019-06-07 17:27:18] trace  /app/ewei_shopv2_api.php?i=2&r=diypage&type=6&comefrom=wxapp&openid=sns_wa_oWJzS5I4SwtIvnavadWO1lOR7lAw&mid=&merchid=&authkey=ZDNjMko1NzlhZGwrd3c3K2ZpeG1nanNSVnZUZVVBdDB1eE9QMVRMR3lmNEtzRS9XQTlmVWhvV3BFa1pFMTFiZlBQQkwzM1lpai9SVkVjblVWVkhwdDRhbDNvTQ%3D%3D&timestamp=1559899638084 yoxwechatbusinessModel::set_user:END
[2019-06-07 17:27:18] trace  /app/ewei_shopv2_api.php?i=2&r=diypage&id=6&comefrom=wxapp&openid=sns_wa_oWJzS5I4SwtIvnavadWO1lOR7lAw&mid=&merchid=&authkey=ZDNjMko1NzlhZGwrd3c3K2ZpeG1nanNSVnZUZVVBdDB1eE9QMVRMR3lmNEtzRS9XQTlmVWhvV3BFa1pFMTFiZlBQQkwzM1lpai9SVkVjblVWVkhwdDRhbDNvTQ%3D%3D&timestamp=1559899638105 yoxwechatbusinessModel::set_user:BEGIN
[2019-06-07 17:27:18] trace  /app/ewei_shopv2_api.php?i=2&r=diypage&id=6&comefrom=wxapp&openid=sns_wa_oWJzS5I4SwtIvnavadWO1lOR7lAw&mid=&merchid=&authkey=ZDNjMko1NzlhZGwrd3c3K2ZpeG1nanNSVnZUZVVBdDB1eE9QMVRMR3lmNEtzRS9XQTlmVWhvV3BFa1pFMTFiZlBQQkwzM1lpai9SVkVjblVWVkhwdDRhbDNvTQ%3D%3D&timestamp=1559899638105 yoxwechatbusinessModel::set_user:END
[2019-06-07 17:27:14] trace  /app/ewei_shopv2_api.php?i=2&r=shop.get_cpinfos&comefrom=wxapp&openid=sns_wa_oWJzS5I4SwtIvnavadWO1lOR7lAw&mid=&merchid=&authkey=&timestamp=1559899631973 yoxwechatbusinessModel::set_user:BEGIN
[2019-06-07 17:27:14] trace  /app/ewei_shopv2_api.php?i=2&r=shop.get_cpinfos&comefrom=wxapp&openid=sns_wa_oWJzS5I4SwtIvnavadWO1lOR7lAw&mid=&merchid=&authkey=&timestamp=1559899631973 yoxwechatbusinessModel::set_user:END
[2019-06-07 17:27:25] trace  /app/ewei_shopv2_api.php?i=2&r=seckill.get_list&comefrom=wxapp&openid=sns_wa_oWJzS5I4SwtIvnavadWO1lOR7lAw&mid=&merchid=&authkey=N2ViNlJIYUo4SzRjVkRqZ09PMVpaVVNHL2NCYlVEZ3FlRHJtbmxRc0xLOFM1a2lWWGIwbWVLeGJLbDQ5QndpQ1B3RVNBcTZGU25XWmFKUDczMEduNDRmVnoyUQ%3D%3D&timestamp=1559899646108 yoxwechatbusinessModel::set_user:BEGIN
[2019-06-07 17:27:25] trace  /app/ewei_shopv2_api.php?i=2&r=seckill.get_list&comefrom=wxapp&openid=sns_wa_oWJzS5I4SwtIvnavadWO1lOR7lAw&mid=&merchid=&authkey=N2ViNlJIYUo4SzRjVkRqZ09PMVpaVVNHL2NCYlVEZ3FlRHJtbmxRc0xLOFM1a2lWWGIwbWVLeGJLbDQ5QndpQ1B3RVNBcTZGU25XWmFKUDczMEduNDRmVnoyUQ%3D%3D&timestamp=1559899646108 yoxwechatbusinessModel::set_user:END
[2019-06-07 17:27:24] trace  /app/ewei_shopv2_api.php?i=2&r=shop.get_hasnewcoupon&comefrom=wxapp&openid=sns_wa_oWJzS5I4SwtIvnavadWO1lOR7lAw&mid=&merchid=&authkey=N2ViNlJIYUo4SzRjVkRqZ09PMVpaVVNHL2NCYlVEZ3FlRHJtbmxRc0xLOFM1a2lWWGIwbWVLeGJLbDQ5QndpQ1B3RVNBcTZGU25XWmFKUDczMEduNDRmVnoyUQ%3D%3D&timestamp=1559899643888 yoxwechatbusinessModel::set_user:BEGIN
[2019-06-07 17:27:24] trace  /app/ewei_shopv2_api.php?i=2&r=shop.get_hasnewcoupon&comefrom=wxapp&openid=sns_wa_oWJzS5I4SwtIvnavadWO1lOR7lAw&mid=&merchid=&authkey=N2ViNlJIYUo4SzRjVkRqZ09PMVpaVVNHL2NCYlVEZ3FlRHJtbmxRc0xLOFM1a2lWWGIwbWVLeGJLbDQ5QndpQ1B3RVNBcTZGU25XWmFKUDczMEduNDRmVnoyUQ%3D%3D&timestamp=1559899643888 yoxwechatbusinessModel::set_user:END
[2019-06-07 17:27:29] trace  /app/ewei_shopv2_api.php?i=2&r=diypage&type=home&comefrom=wxapp&openid=sns_wa_oWJzS5I4SwtIvnavadWO1lOR7lAw&mid=&merchid=&authkey=&timestamp=1559899649796 yoxwechatbusinessModel::set_user:BEGIN
[2019-06-07 17:27:29] trace  /app/ewei_shopv2_api.php?i=2&r=diypage&type=home&comefrom=wxapp&openid=sns_wa_oWJzS5I4SwtIvnavadWO1lOR7lAw&mid=&merchid=&authkey=&timestamp=1559899649796 yoxwechatbusinessModel::set_user:END
[2019-06-07 17:27:29] trace  /app/ewei_shopv2_api.php?i=2&r=shop.get_cpinfos&comefrom=wxapp&openid=sns_wa_oWJzS5I4SwtIvnavadWO1lOR7lAw&mid=&merchid=&authkey=&timestamp=1559899649953 yoxwechatbusinessModel::set_user:BEGIN
[2019-06-07 17:27:29] trace  /app/ewei_shopv2_api.php?i=2&r=shop.get_cpinfos&comefrom=wxapp&openid=sns_wa_oWJzS5I4SwtIvnavadWO1lOR7lAw&mid=&merchid=&authkey=&timestamp=1559899649953 yoxwechatbusinessModel::set_user:END
[2019-06-07 17:27:30] trace  /app/ewei_shopv2_api.php?i=2&r=shop.get_hasnewcoupon&comefrom=wxapp&openid=sns_wa_oWJzS5I4SwtIvnavadWO1lOR7lAw&mid=&merchid=&authkey=&timestamp=1559899649945 yoxwechatbusinessModel::set_user:BEGIN
[2019-06-07 17:27:30] trace  /app/ewei_shopv2_api.php?i=2&r=shop.get_hasnewcoupon&comefrom=wxapp&openid=sns_wa_oWJzS5I4SwtIvnavadWO1lOR7lAw&mid=&merchid=&authkey=&timestamp=1559899649945 yoxwechatbusinessModel::set_user:END
[2019-06-07 17:27:33] trace  /app/ewei_shopv2_api.php?i=2&r=shop.get_category&comefrom=wxapp&openid=sns_wa_oWJzS5I4SwtIvnavadWO1lOR7lAw&mid=&merchid=&authkey=&timestamp=1559899653815 yoxwechatbusinessModel::set_user:BEGIN
[2019-06-07 17:27:33] trace  /app/ewei_shopv2_api.php?i=2&r=shop.get_category&comefrom=wxapp&openid=sns_wa_oWJzS5I4SwtIvnavadWO1lOR7lAw&mid=&merchid=&authkey=&timestamp=1559899653815 yoxwechatbusinessModel::set_user:END
[2019-06-07 17:27:23] trace  /app/ewei_shopv2_api.php?i=2&r=shop.get_shopindex&comefrom=wxapp&openid=sns_wa_oWJzS5I4SwtIvnavadWO1lOR7lAw&mid=&merchid=&authkey=N2ViNlJIYUo4SzRjVkRqZ09PMVpaVVNHL2NCYlVEZ3FlRHJtbmxRc0xLOFM1a2lWWGIwbWVLeGJLbDQ5QndpQ1B3RVNBcTZGU25XWmFKUDczMEduNDRmVnoyUQ%3D%3D&timestamp=1559899643883 yoxwechatbusinessModel::set_user:BEGIN
[2019-06-07 17:27:24] trace  /app/ewei_shopv2_api.php?i=2&r=shop.get_cpinfos&comefrom=wxapp&openid=sns_wa_oWJzS5I4SwtIvnavadWO1lOR7lAw&mid=&merchid=&authkey=N2ViNlJIYUo4SzRjVkRqZ09PMVpaVVNHL2NCYlVEZ3FlRHJtbmxRc0xLOFM1a2lWWGIwbWVLeGJLbDQ5QndpQ1B3RVNBcTZGU25XWmFKUDczMEduNDRmVnoyUQ%3D%3D&timestamp=1559899643894 yoxwechatbusinessModel::set_user:BEGIN
[2019-06-07 17:27:23] trace  /app/ewei_shopv2_api.php?i=2&r=shop.get_shopindex&comefrom=wxapp&openid=sns_wa_oWJzS5I4SwtIvnavadWO1lOR7lAw&mid=&merchid=&authkey=N2ViNlJIYUo4SzRjVkRqZ09PMVpaVVNHL2NCYlVEZ3FlRHJtbmxRc0xLOFM1a2lWWGIwbWVLeGJLbDQ5QndpQ1B3RVNBcTZGU25XWmFKUDczMEduNDRmVnoyUQ%3D%3D&timestamp=1559899643883 yoxwechatbusinessModel::set_user:END
[2019-06-07 17:27:24] trace  /app/ewei_shopv2_api.php?i=2&r=shop.get_cpinfos&comefrom=wxapp&openid=sns_wa_oWJzS5I4SwtIvnavadWO1lOR7lAw&mid=&merchid=&authkey=N2ViNlJIYUo4SzRjVkRqZ09PMVpaVVNHL2NCYlVEZ3FlRHJtbmxRc0xLOFM1a2lWWGIwbWVLeGJLbDQ5QndpQ1B3RVNBcTZGU25XWmFKUDczMEduNDRmVnoyUQ%3D%3D&timestamp=1559899643894 yoxwechatbusinessModel::set_user:END
[2019-06-07 17:27:29] trace  /app/ewei_shopv2_api.php?i=2&r=black&comefrom=wxapp&openid=sns_wa_oWJzS5I4SwtIvnavadWO1lOR7lAw&mid=&merchid=&authkey=&timestamp=1559899649769 yoxwechatbusinessModel::set_user:BEGIN
[2019-06-07 17:27:29] trace  /app/ewei_shopv2_api.php?i=2&r=black&comefrom=wxapp&openid=sns_wa_oWJzS5I4SwtIvnavadWO1lOR7lAw&mid=&merchid=&authkey=&timestamp=1559899649769 yoxwechatbusinessModel::set_user:END
[2019-06-07 17:27:29] trace  /app/ewei_shopv2_api.php?i=2&r=shop.get_shopindex&comefrom=wxapp&openid=sns_wa_oWJzS5I4SwtIvnavadWO1lOR7lAw&mid=&merchid=&authkey=&timestamp=1559899649829 yoxwechatbusinessModel::set_user:BEGIN
[2019-06-07 17:27:29] trace  /app/ewei_shopv2_api.php?i=2&r=shop.get_shopindex&comefrom=wxapp&openid=sns_wa_oWJzS5I4SwtIvnavadWO1lOR7lAw&mid=&merchid=&authkey=&timestamp=1559899649829 yoxwechatbusinessModel::set_user:END
[2019-06-07 17:27:37] trace  /app/ewei_shopv2_api.php?i=2&r=shop.get_shopindex&comefrom=wxapp&openid=sns_wa_oWJzS5I4SwtIvnavadWO1lOR7lAw&mid=&merchid=&authkey=&timestamp=1559899657540 yoxwechatbusinessModel::set_user:BEGIN
[2019-06-07 17:27:37] trace  /app/ewei_shopv2_api.php?i=2&r=shop.get_shopindex&comefrom=wxapp&openid=sns_wa_oWJzS5I4SwtIvnavadWO1lOR7lAw&mid=&merchid=&authkey=&timestamp=1559899657540 yoxwechatbusinessModel::set_user:END
[2019-06-07 17:27:37] trace  /app/ewei_shopv2_api.php?i=2&r=shop.get_hasnewcoupon&comefrom=wxapp&openid=sns_wa_oWJzS5I4SwtIvnavadWO1lOR7lAw&mid=&merchid=&authkey=&timestamp=1559899657545 yoxwechatbusinessModel::set_user:BEGIN
[2019-06-07 17:27:37] trace  /app/ewei_shopv2_api.php?i=2&r=shop.get_cpinfos&comefrom=wxapp&openid=sns_wa_oWJzS5I4SwtIvnavadWO1lOR7lAw&mid=&merchid=&authkey=&timestamp=1559899657548 yoxwechatbusinessModel::set_user:BEGIN
[2019-06-07 17:27:37] trace  /app/ewei_shopv2_api.php?i=2&r=shop.get_hasnewcoupon&comefrom=wxapp&openid=sns_wa_oWJzS5I4SwtIvnavadWO1lOR7lAw&mid=&merchid=&authkey=&timestamp=1559899657545 yoxwechatbusinessModel::set_user:END
[2019-06-07 17:27:37] trace  /app/ewei_shopv2_api.php?i=2&r=shop.get_cpinfos&comefrom=wxapp&openid=sns_wa_oWJzS5I4SwtIvnavadWO1lOR7lAw&mid=&merchid=&authkey=&timestamp=1559899657548 yoxwechatbusinessModel::set_user:END
[2019-06-07 17:27:38] trace  /app/ewei_shopv2_api.php?i=2&r=shop.get_category&comefrom=wxapp&openid=sns_wa_oWJzS5I4SwtIvnavadWO1lOR7lAw&mid=&merchid=&authkey=&timestamp=1559899658985 yoxwechatbusinessModel::set_user:BEGIN
[2019-06-07 17:27:38] trace  /app/ewei_shopv2_api.php?i=2&r=shop.get_category&comefrom=wxapp&openid=sns_wa_oWJzS5I4SwtIvnavadWO1lOR7lAw&mid=&merchid=&authkey=&timestamp=1559899658985 yoxwechatbusinessModel::set_user:END
[2019-06-07 17:27:51] trace  /app/ewei_shopv2_api.php?i=2&r=goods.get_category&comefrom=wxapp&openid=sns_wa_oWJzS5I4SwtIvnavadWO1lOR7lAw&mid=&merchid=&authkey=&timestamp=1559899671449 yoxwechatbusinessModel::set_user:BEGIN
[2019-06-07 17:27:51] trace  /app/ewei_shopv2_api.php?i=2&r=goods.get_category&comefrom=wxapp&openid=sns_wa_oWJzS5I4SwtIvnavadWO1lOR7lAw&mid=&merchid=&authkey=&timestamp=1559899671449 yoxwechatbusinessModel::set_user:END
[2019-06-07 17:27:52] trace  /app/ewei_shopv2_api.php?i=2&r=goods.get_list&page=1&comefrom=wxapp&openid=sns_wa_oWJzS5I4SwtIvnavadWO1lOR7lAw&mid=&merchid=&authkey=&timestamp=1559899671457 yoxwechatbusinessModel::set_user:BEGIN
[2019-06-07 17:27:52] trace  /app/ewei_shopv2_api.php?i=2&r=goods.get_list&page=1&comefrom=wxapp&openid=sns_wa_oWJzS5I4SwtIvnavadWO1lOR7lAw&mid=&merchid=&authkey=&timestamp=1559899671457 yoxwechatbusinessModel::set_user:END
[2019-06-07 17:27:58] trace  /app/ewei_shopv2_api.php?i=2&r=shop.get_shopindex&comefrom=wxapp&openid=sns_wa_oWJzS5I4SwtIvnavadWO1lOR7lAw&mid=&merchid=&authkey=&timestamp=1559899678597 yoxwechatbusinessModel::set_user:BEGIN
[2019-06-07 17:27:58] trace  /app/ewei_shopv2_api.php?i=2&r=shop.get_shopindex&comefrom=wxapp&openid=sns_wa_oWJzS5I4SwtIvnavadWO1lOR7lAw&mid=&merchid=&authkey=&timestamp=1559899678597 yoxwechatbusinessModel::set_user:END
[2019-06-07 17:27:59] trace  /app/ewei_shopv2_api.php?i=2&r=shop.get_cpinfos&comefrom=wxapp&openid=sns_wa_oWJzS5I4SwtIvnavadWO1lOR7lAw&mid=&merchid=&authkey=&timestamp=1559899678608 yoxwechatbusinessModel::set_user:BEGIN
[2019-06-07 17:27:59] trace  /app/ewei_shopv2_api.php?i=2&r=shop.get_cpinfos&comefrom=wxapp&openid=sns_wa_oWJzS5I4SwtIvnavadWO1lOR7lAw&mid=&merchid=&authkey=&timestamp=1559899678608 yoxwechatbusinessModel::set_user:END
[2019-06-07 17:27:59] trace  /app/ewei_shopv2_api.php?i=2&r=shop.get_hasnewcoupon&comefrom=wxapp&openid=sns_wa_oWJzS5I4SwtIvnavadWO1lOR7lAw&mid=&merchid=&authkey=&timestamp=1559899678604 yoxwechatbusinessModel::set_user:BEGIN
[2019-06-07 17:27:59] trace  /app/ewei_shopv2_api.php?i=2&r=shop.get_hasnewcoupon&comefrom=wxapp&openid=sns_wa_oWJzS5I4SwtIvnavadWO1lOR7lAw&mid=&merchid=&authkey=&timestamp=1559899678604 yoxwechatbusinessModel::set_user:END
[2019-06-07 17:28:00] trace  /app/ewei_shopv2_api.php?i=2&r=diypage&type=7&comefrom=wxapp&openid=sns_wa_oWJzS5I4SwtIvnavadWO1lOR7lAw&mid=&merchid=&authkey=&timestamp=1559899680416 yoxwechatbusinessModel::set_user:BEGIN
[2019-06-07 17:28:00] trace  /app/ewei_shopv2_api.php?i=2&r=diypage&type=7&comefrom=wxapp&openid=sns_wa_oWJzS5I4SwtIvnavadWO1lOR7lAw&mid=&merchid=&authkey=&timestamp=1559899680416 yoxwechatbusinessModel::set_user:END
[2019-06-07 17:28:03] trace  /app/ewei_shopv2_api.php?i=2&r=yoxfriendscircle.friendscircle_list&isajax=1&page=1&comefrom=wxapp&openid=sns_wa_oWJzS5I4SwtIvnavadWO1lOR7lAw&mid=&merchid=&authkey=&timestamp=1559899683519 yoxwechatbusinessModel::set_user:BEGIN
[2019-06-07 17:28:03] trace  /app/ewei_shopv2_api.php?i=2&r=yoxfriendscircle.friendscircle_list&isajax=1&page=1&comefrom=wxapp&openid=sns_wa_oWJzS5I4SwtIvnavadWO1lOR7lAw&mid=&merchid=&authkey=&timestamp=1559899683519 yoxwechatbusinessModel::set_user:END
[2019-06-07 17:28:00] trace  /app/ewei_shopv2_api.php?i=2&r=diypage&id=7&comefrom=wxapp&openid=sns_wa_oWJzS5I4SwtIvnavadWO1lOR7lAw&mid=&merchid=&authkey=&timestamp=1559899680462 yoxwechatbusinessModel::set_user:BEGIN
[2019-06-07 17:28:00] trace  /app/ewei_shopv2_api.php?i=2&r=diypage&id=7&comefrom=wxapp&openid=sns_wa_oWJzS5I4SwtIvnavadWO1lOR7lAw&mid=&merchid=&authkey=&timestamp=1559899680462 yoxwechatbusinessModel::set_user:END
[2019-06-07 17:28:05] trace  /app/ewei_shopv2_api.php?i=2&r=diypage&id=7&comefrom=wxapp&openid=sns_wa_oWJzS5I4SwtIvnavadWO1lOR7lAw&mid=&merchid=&authkey=&timestamp=1559899685659 yoxwechatbusinessModel::set_user:BEGIN
[2019-06-07 17:28:05] trace  /app/ewei_shopv2_api.php?i=2&r=diypage&id=7&comefrom=wxapp&openid=sns_wa_oWJzS5I4SwtIvnavadWO1lOR7lAw&mid=&merchid=&authkey=&timestamp=1559899685659 yoxwechatbusinessModel::set_user:END
[2019-06-07 17:28:05] trace  /app/ewei_shopv2_api.php?i=2&r=shop.get_hasnewcoupon&comefrom=wxapp&openid=sns_wa_oWJzS5I4SwtIvnavadWO1lOR7lAw&mid=&merchid=&authkey=&timestamp=1559899686308 yoxwechatbusinessModel::set_user:BEGIN
[2019-06-07 17:28:05] trace  /app/ewei_shopv2_api.php?i=2&r=shop.get_hasnewcoupon&comefrom=wxapp&openid=sns_wa_oWJzS5I4SwtIvnavadWO1lOR7lAw&mid=&merchid=&authkey=&timestamp=1559899686308 yoxwechatbusinessModel::set_user:END
[2019-06-07 17:28:05] trace  /app/ewei_shopv2_api.php?i=2&r=shop.get_shopindex&comefrom=wxapp&openid=sns_wa_oWJzS5I4SwtIvnavadWO1lOR7lAw&mid=&merchid=&authkey=&timestamp=1559899686304 yoxwechatbusinessModel::set_user:BEGIN
[2019-06-07 17:28:05] trace  /app/ewei_shopv2_api.php?i=2&r=shop.get_shopindex&comefrom=wxapp&openid=sns_wa_oWJzS5I4SwtIvnavadWO1lOR7lAw&mid=&merchid=&authkey=&timestamp=1559899686304 yoxwechatbusinessModel::set_user:END
[2019-06-07 17:28:06] trace  /app/ewei_shopv2_api.php?i=2&r=shop.get_cpinfos&comefrom=wxapp&openid=sns_wa_oWJzS5I4SwtIvnavadWO1lOR7lAw&mid=&merchid=&authkey=&timestamp=1559899686312 yoxwechatbusinessModel::set_user:BEGIN
[2019-06-07 17:28:06] trace  /app/ewei_shopv2_api.php?i=2&r=shop.get_cpinfos&comefrom=wxapp&openid=sns_wa_oWJzS5I4SwtIvnavadWO1lOR7lAw&mid=&merchid=&authkey=&timestamp=1559899686312 yoxwechatbusinessModel::set_user:END
[2019-06-07 17:28:07] trace  /app/ewei_shopv2_api.php?i=2&r=diypage&id=6&comefrom=wxapp&openid=sns_wa_oWJzS5I4SwtIvnavadWO1lOR7lAw&mid=&merchid=&authkey=&timestamp=1559899688035 yoxwechatbusinessModel::set_user:BEGIN
[2019-06-07 17:28:07] trace  /app/ewei_shopv2_api.php?i=2&r=diypage&id=6&comefrom=wxapp&openid=sns_wa_oWJzS5I4SwtIvnavadWO1lOR7lAw&mid=&merchid=&authkey=&timestamp=1559899688035 yoxwechatbusinessModel::set_user:END
[2019-06-07 17:28:07] trace  /app/ewei_shopv2_api.php?i=2&r=diypage&type=6&comefrom=wxapp&openid=sns_wa_oWJzS5I4SwtIvnavadWO1lOR7lAw&mid=&merchid=&authkey=&timestamp=1559899687991 yoxwechatbusinessModel::set_user:BEGIN
[2019-06-07 17:28:07] trace  /app/ewei_shopv2_api.php?i=2&r=diypage&type=6&comefrom=wxapp&openid=sns_wa_oWJzS5I4SwtIvnavadWO1lOR7lAw&mid=&merchid=&authkey=&timestamp=1559899687991 yoxwechatbusinessModel::set_user:END
[2019-06-07 17:28:09] trace  /app/ewei_shopv2_api.php?i=2&r=shop.get_hasnewcoupon&comefrom=wxapp&openid=sns_wa_oWJzS5I4SwtIvnavadWO1lOR7lAw&mid=&merchid=&authkey=&timestamp=1559899689852 yoxwechatbusinessModel::set_user:BEGIN
[2019-06-07 17:28:09] trace  /app/ewei_shopv2_api.php?i=2&r=shop.get_hasnewcoupon&comefrom=wxapp&openid=sns_wa_oWJzS5I4SwtIvnavadWO1lOR7lAw&mid=&merchid=&authkey=&timestamp=1559899689852 yoxwechatbusinessModel::set_user:END
[2019-06-07 17:28:10] trace  /app/ewei_shopv2_api.php?i=2&r=groups&comefrom=wxapp&openid=sns_wa_oWJzS5I4SwtIvnavadWO1lOR7lAw&mid=&merchid=&authkey=&timestamp=1559899690948 yoxwechatbusinessModel::set_user:BEGIN
[2019-06-07 17:28:10] trace  /app/ewei_shopv2_api.php?i=2&r=groups&comefrom=wxapp&openid=sns_wa_oWJzS5I4SwtIvnavadWO1lOR7lAw&mid=&merchid=&authkey=&timestamp=1559899690948 yoxwechatbusinessModel::set_user:END
[2019-06-07 17:28:12] trace  /app/ewei_shopv2_api.php?i=2&r=seckill.get_list&comefrom=wxapp&openid=sns_wa_oWJzS5I4SwtIvnavadWO1lOR7lAw&mid=&merchid=&authkey=&timestamp=1559899692795 yoxwechatbusinessModel::set_user:BEGIN
[2019-06-07 17:28:12] trace  /app/ewei_shopv2_api.php?i=2&r=seckill.get_list&comefrom=wxapp&openid=sns_wa_oWJzS5I4SwtIvnavadWO1lOR7lAw&mid=&merchid=&authkey=&timestamp=1559899692795 yoxwechatbusinessModel::set_user:END
[2019-06-07 17:28:09] trace  /app/ewei_shopv2_api.php?i=2&r=shop.get_shopindex&comefrom=wxapp&openid=sns_wa_oWJzS5I4SwtIvnavadWO1lOR7lAw&mid=&merchid=&authkey=&timestamp=1559899689847 yoxwechatbusinessModel::set_user:BEGIN
[2019-06-07 17:28:09] trace  /app/ewei_shopv2_api.php?i=2&r=shop.get_shopindex&comefrom=wxapp&openid=sns_wa_oWJzS5I4SwtIvnavadWO1lOR7lAw&mid=&merchid=&authkey=&timestamp=1559899689847 yoxwechatbusinessModel::set_user:END
[2019-06-07 17:28:09] trace  /app/ewei_shopv2_api.php?i=2&r=shop.get_cpinfos&comefrom=wxapp&openid=sns_wa_oWJzS5I4SwtIvnavadWO1lOR7lAw&mid=&merchid=&authkey=&timestamp=1559899689858 yoxwechatbusinessModel::set_user:BEGIN
[2019-06-07 17:28:09] trace  /app/ewei_shopv2_api.php?i=2&r=shop.get_cpinfos&comefrom=wxapp&openid=sns_wa_oWJzS5I4SwtIvnavadWO1lOR7lAw&mid=&merchid=&authkey=&timestamp=1559899689858 yoxwechatbusinessModel::set_user:END
[2019-06-07 17:28:14] trace  /app/ewei_shopv2_api.php?i=2&r=black&comefrom=wxapp&openid=sns_wa_oWJzS5I4SwtIvnavadWO1lOR7lAw&mid=&merchid=&authkey=&timestamp=1559899695321 yoxwechatbusinessModel::set_user:BEGIN
[2019-06-07 17:28:14] trace  /app/ewei_shopv2_api.php?i=2&r=black&comefrom=wxapp&openid=sns_wa_oWJzS5I4SwtIvnavadWO1lOR7lAw&mid=&merchid=&authkey=&timestamp=1559899695321 yoxwechatbusinessModel::set_user:END
[2019-06-07 17:28:14] trace  /app/ewei_shopv2_api.php?i=2&r=diypage&type=home&comefrom=wxapp&openid=sns_wa_oWJzS5I4SwtIvnavadWO1lOR7lAw&mid=&merchid=&authkey=&timestamp=1559899695337 yoxwechatbusinessModel::set_user:BEGIN
[2019-06-07 17:28:14] trace  /app/ewei_shopv2_api.php?i=2&r=diypage&type=home&comefrom=wxapp&openid=sns_wa_oWJzS5I4SwtIvnavadWO1lOR7lAw&mid=&merchid=&authkey=&timestamp=1559899695337 yoxwechatbusinessModel::set_user:END
[2019-06-07 17:28:15] trace  /app/ewei_shopv2_api.php?i=2&r=shop.get_shopindex&comefrom=wxapp&openid=sns_wa_oWJzS5I4SwtIvnavadWO1lOR7lAw&mid=&merchid=&authkey=&timestamp=1559899695374 yoxwechatbusinessModel::set_user:BEGIN
[2019-06-07 17:28:15] trace  /app/ewei_shopv2_api.php?i=2&r=shop.get_cpinfos&comefrom=wxapp&openid=sns_wa_oWJzS5I4SwtIvnavadWO1lOR7lAw&mid=&merchid=&authkey=&timestamp=1559899695433 yoxwechatbusinessModel::set_user:BEGIN
[2019-06-07 17:28:15] trace  /app/ewei_shopv2_api.php?i=2&r=shop.get_shopindex&comefrom=wxapp&openid=sns_wa_oWJzS5I4SwtIvnavadWO1lOR7lAw&mid=&merchid=&authkey=&timestamp=1559899695374 yoxwechatbusinessModel::set_user:END
[2019-06-07 17:28:15] trace  /app/ewei_shopv2_api.php?i=2&r=shop.get_hasnewcoupon&comefrom=wxapp&openid=sns_wa_oWJzS5I4SwtIvnavadWO1lOR7lAw&mid=&merchid=&authkey=&timestamp=1559899695423 yoxwechatbusinessModel::set_user:BEGIN
[2019-06-07 17:28:15] trace  /app/ewei_shopv2_api.php?i=2&r=shop.get_cpinfos&comefrom=wxapp&openid=sns_wa_oWJzS5I4SwtIvnavadWO1lOR7lAw&mid=&merchid=&authkey=&timestamp=1559899695433 yoxwechatbusinessModel::set_user:END
[2019-06-07 17:28:15] trace  /app/ewei_shopv2_api.php?i=2&r=shop.get_hasnewcoupon&comefrom=wxapp&openid=sns_wa_oWJzS5I4SwtIvnavadWO1lOR7lAw&mid=&merchid=&authkey=&timestamp=1559899695423 yoxwechatbusinessModel::set_user:END
[2019-06-07 17:28:18] trace  /app/ewei_shopv2_api.php?i=2&r=groups&comefrom=wxapp&openid=sns_wa_oWJzS5I4SwtIvnavadWO1lOR7lAw&mid=&merchid=&authkey=&timestamp=1559899698693 yoxwechatbusinessModel::set_user:BEGIN
[2019-06-07 17:28:18] trace  /app/ewei_shopv2_api.php?i=2&r=groups&comefrom=wxapp&openid=sns_wa_oWJzS5I4SwtIvnavadWO1lOR7lAw&mid=&merchid=&authkey=&timestamp=1559899698693 yoxwechatbusinessModel::set_user:END
[2019-06-07 17:28:36] trace  /app/ewei_shopv2_api.php?i=2&r=groups.order&status=&page=1&comefrom=wxapp&openid=sns_wa_oWJzS5I4SwtIvnavadWO1lOR7lAw&mid=&merchid=&authkey=&timestamp=1559899717032 yoxwechatbusinessModel::set_user:BEGIN
[2019-06-07 17:28:36] trace  /app/ewei_shopv2_api.php?i=2&r=groups.order&status=&page=1&comefrom=wxapp&openid=sns_wa_oWJzS5I4SwtIvnavadWO1lOR7lAw&mid=&merchid=&authkey=&timestamp=1559899717032 yoxwechatbusinessModel::set_user:END
[2019-06-07 17:28:37] trace  /app/ewei_shopv2_api.php?i=2&r=groups.list&timestamp=1559899717945 category=; page=1; comefrom=wxapp; openid=sns_wa_oWJzS5I4SwtIvnavadWO1lOR7lAw; mid=; merchid=; authkey=; 
yoxwechatbusinessModel::set_user:BEGIN
[2019-06-07 17:28:37] trace  /app/ewei_shopv2_api.php?i=2&r=groups.list&timestamp=1559899717945 category=; page=1; comefrom=wxapp; openid=sns_wa_oWJzS5I4SwtIvnavadWO1lOR7lAw; mid=; merchid=; authkey=; 
yoxwechatbusinessModel::set_user:END
[2019-06-07 17:28:38] trace  /app/ewei_shopv2_api.php?i=2&r=groups.order&status=&page=1&comefrom=wxapp&openid=sns_wa_oWJzS5I4SwtIvnavadWO1lOR7lAw&mid=&merchid=&authkey=&timestamp=1559899719139 yoxwechatbusinessModel::set_user:BEGIN
[2019-06-07 17:28:38] trace  /app/ewei_shopv2_api.php?i=2&r=groups.order&status=&page=1&comefrom=wxapp&openid=sns_wa_oWJzS5I4SwtIvnavadWO1lOR7lAw&mid=&merchid=&authkey=&timestamp=1559899719139 yoxwechatbusinessModel::set_user:END
[2019-06-07 17:28:39] trace  /app/ewei_shopv2_api.php?i=2&r=groups.list&timestamp=1559899719873 category=; page=1; comefrom=wxapp; openid=sns_wa_oWJzS5I4SwtIvnavadWO1lOR7lAw; mid=; merchid=; authkey=; 
yoxwechatbusinessModel::set_user:BEGIN
[2019-06-07 17:28:39] trace  /app/ewei_shopv2_api.php?i=2&r=groups.list&timestamp=1559899719873 category=; page=1; comefrom=wxapp; openid=sns_wa_oWJzS5I4SwtIvnavadWO1lOR7lAw; mid=; merchid=; authkey=; 
yoxwechatbusinessModel::set_user:END
[2019-06-07 17:28:40] trace  /app/ewei_shopv2_api.php?i=2&r=groups.order&status=&page=1&comefrom=wxapp&openid=sns_wa_oWJzS5I4SwtIvnavadWO1lOR7lAw&mid=&merchid=&authkey=&timestamp=1559899720884 yoxwechatbusinessModel::set_user:BEGIN
[2019-06-07 17:28:40] trace  /app/ewei_shopv2_api.php?i=2&r=groups.order&status=&page=1&comefrom=wxapp&openid=sns_wa_oWJzS5I4SwtIvnavadWO1lOR7lAw&mid=&merchid=&authkey=&timestamp=1559899720884 yoxwechatbusinessModel::set_user:END
[2019-06-07 17:28:41] trace  /app/ewei_shopv2_api.php?i=2&r=groups.list&timestamp=1559899721560 category=; page=1; comefrom=wxapp; openid=sns_wa_oWJzS5I4SwtIvnavadWO1lOR7lAw; mid=; merchid=; authkey=; 
yoxwechatbusinessModel::set_user:BEGIN
[2019-06-07 17:28:41] trace  /app/ewei_shopv2_api.php?i=2&r=groups.list&timestamp=1559899721560 category=; page=1; comefrom=wxapp; openid=sns_wa_oWJzS5I4SwtIvnavadWO1lOR7lAw; mid=; merchid=; authkey=; 
yoxwechatbusinessModel::set_user:END
[2019-06-07 17:28:42] trace  /app/ewei_shopv2_api.php?i=2&r=groups.order&status=&page=1&comefrom=wxapp&openid=sns_wa_oWJzS5I4SwtIvnavadWO1lOR7lAw&mid=&merchid=&authkey=&timestamp=1559899722538 yoxwechatbusinessModel::set_user:BEGIN
[2019-06-07 17:28:42] trace  /app/ewei_shopv2_api.php?i=2&r=groups.order&status=&page=1&comefrom=wxapp&openid=sns_wa_oWJzS5I4SwtIvnavadWO1lOR7lAw&mid=&merchid=&authkey=&timestamp=1559899722538 yoxwechatbusinessModel::set_user:END
[2019-06-07 17:28:43] trace  /app/ewei_shopv2_api.php?i=2&r=seckill.get_list&comefrom=wxapp&openid=sns_wa_oWJzS5I4SwtIvnavadWO1lOR7lAw&mid=&merchid=&authkey=&timestamp=1559899723980 yoxwechatbusinessModel::set_user:BEGIN
[2019-06-07 17:28:43] trace  /app/ewei_shopv2_api.php?i=2&r=seckill.get_list&comefrom=wxapp&openid=sns_wa_oWJzS5I4SwtIvnavadWO1lOR7lAw&mid=&merchid=&authkey=&timestamp=1559899723980 yoxwechatbusinessModel::set_user:END
[2019-06-07 17:28:45] trace  /app/ewei_shopv2_api.php?i=2&r=black&comefrom=wxapp&openid=sns_wa_oWJzS5I4SwtIvnavadWO1lOR7lAw&mid=&merchid=&authkey=&timestamp=1559899725542 yoxwechatbusinessModel::set_user:BEGIN
[2019-06-07 17:28:45] trace  /app/ewei_shopv2_api.php?i=2&r=black&comefrom=wxapp&openid=sns_wa_oWJzS5I4SwtIvnavadWO1lOR7lAw&mid=&merchid=&authkey=&timestamp=1559899725542 yoxwechatbusinessModel::set_user:END
[2019-06-07 17:28:45] trace  /app/ewei_shopv2_api.php?i=2&r=diypage&type=home&comefrom=wxapp&openid=sns_wa_oWJzS5I4SwtIvnavadWO1lOR7lAw&mid=&merchid=&authkey=&timestamp=1559899725552 yoxwechatbusinessModel::set_user:BEGIN
[2019-06-07 17:28:45] trace  /app/ewei_shopv2_api.php?i=2&r=shop.get_shopindex&comefrom=wxapp&openid=sns_wa_oWJzS5I4SwtIvnavadWO1lOR7lAw&mid=&merchid=&authkey=&timestamp=1559899725609 yoxwechatbusinessModel::set_user:BEGIN
[2019-06-07 17:28:45] trace  /app/ewei_shopv2_api.php?i=2&r=shop.get_shopindex&comefrom=wxapp&openid=sns_wa_oWJzS5I4SwtIvnavadWO1lOR7lAw&mid=&merchid=&authkey=&timestamp=1559899725609 yoxwechatbusinessModel::set_user:END
[2019-06-07 17:28:45] trace  /app/ewei_shopv2_api.php?i=2&r=shop.get_cpinfos&comefrom=wxapp&openid=sns_wa_oWJzS5I4SwtIvnavadWO1lOR7lAw&mid=&merchid=&authkey=&timestamp=1559899725616 yoxwechatbusinessModel::set_user:BEGIN
[2019-06-07 17:28:45] trace  /app/ewei_shopv2_api.php?i=2&r=diypage&type=home&comefrom=wxapp&openid=sns_wa_oWJzS5I4SwtIvnavadWO1lOR7lAw&mid=&merchid=&authkey=&timestamp=1559899725552 yoxwechatbusinessModel::set_user:END
[2019-06-07 17:28:45] trace  /app/ewei_shopv2_api.php?i=2&r=shop.get_hasnewcoupon&comefrom=wxapp&openid=sns_wa_oWJzS5I4SwtIvnavadWO1lOR7lAw&mid=&merchid=&authkey=&timestamp=1559899725613 yoxwechatbusinessModel::set_user:BEGIN
[2019-06-07 17:28:45] trace  /app/ewei_shopv2_api.php?i=2&r=shop.get_cpinfos&comefrom=wxapp&openid=sns_wa_oWJzS5I4SwtIvnavadWO1lOR7lAw&mid=&merchid=&authkey=&timestamp=1559899725616 yoxwechatbusinessModel::set_user:END
[2019-06-07 17:28:45] trace  /app/ewei_shopv2_api.php?i=2&r=shop.get_hasnewcoupon&comefrom=wxapp&openid=sns_wa_oWJzS5I4SwtIvnavadWO1lOR7lAw&mid=&merchid=&authkey=&timestamp=1559899725613 yoxwechatbusinessModel::set_user:END
[2019-06-07 17:28:48] trace  /app/ewei_shopv2_api.php?i=2&r=black&comefrom=wxapp&openid=sns_wa_oWJzS5I4SwtIvnavadWO1lOR7lAw&mid=&merchid=&authkey=&timestamp=1559899728523 yoxwechatbusinessModel::set_user:BEGIN
[2019-06-07 17:28:48] trace  /app/ewei_shopv2_api.php?i=2&r=black&comefrom=wxapp&openid=sns_wa_oWJzS5I4SwtIvnavadWO1lOR7lAw&mid=&merchid=&authkey=&timestamp=1559899728523 yoxwechatbusinessModel::set_user:END
[2019-06-07 17:28:48] trace  /app/ewei_shopv2_api.php?i=2&r=shop.get_shopindex&comefrom=wxapp&openid=sns_wa_oWJzS5I4SwtIvnavadWO1lOR7lAw&mid=&merchid=&authkey=&timestamp=1559899728653 yoxwechatbusinessModel::set_user:BEGIN
[2019-06-07 17:28:48] trace  /app/ewei_shopv2_api.php?i=2&r=shop.get_shopindex&comefrom=wxapp&openid=sns_wa_oWJzS5I4SwtIvnavadWO1lOR7lAw&mid=&merchid=&authkey=&timestamp=1559899728653 yoxwechatbusinessModel::set_user:END
[2019-06-07 17:28:48] trace  /app/ewei_shopv2_api.php?i=2&r=shop.get_hasnewcoupon&comefrom=wxapp&openid=sns_wa_oWJzS5I4SwtIvnavadWO1lOR7lAw&mid=&merchid=&authkey=&timestamp=1559899728662 yoxwechatbusinessModel::set_user:BEGIN
[2019-06-07 17:28:48] trace  /app/ewei_shopv2_api.php?i=2&r=diypage&type=home&comefrom=wxapp&openid=sns_wa_oWJzS5I4SwtIvnavadWO1lOR7lAw&mid=&merchid=&authkey=&timestamp=1559899728547 yoxwechatbusinessModel::set_user:BEGIN
[2019-06-07 17:28:48] trace  /app/ewei_shopv2_api.php?i=2&r=shop.get_hasnewcoupon&comefrom=wxapp&openid=sns_wa_oWJzS5I4SwtIvnavadWO1lOR7lAw&mid=&merchid=&authkey=&timestamp=1559899728662 yoxwechatbusinessModel::set_user:END
[2019-06-07 17:28:48] trace  /app/ewei_shopv2_api.php?i=2&r=shop.get_cpinfos&comefrom=wxapp&openid=sns_wa_oWJzS5I4SwtIvnavadWO1lOR7lAw&mid=&merchid=&authkey=&timestamp=1559899728668 yoxwechatbusinessModel::set_user:BEGIN
[2019-06-07 17:28:48] trace  /app/ewei_shopv2_api.php?i=2&r=shop.get_cpinfos&comefrom=wxapp&openid=sns_wa_oWJzS5I4SwtIvnavadWO1lOR7lAw&mid=&merchid=&authkey=&timestamp=1559899728668 yoxwechatbusinessModel::set_user:END
[2019-06-07 17:28:48] trace  /app/ewei_shopv2_api.php?i=2&r=diypage&type=home&comefrom=wxapp&openid=sns_wa_oWJzS5I4SwtIvnavadWO1lOR7lAw&mid=&merchid=&authkey=&timestamp=1559899728547 yoxwechatbusinessModel::set_user:END
[2019-06-07 17:28:51] trace  /app/ewei_shopv2_api.php?i=2&r=yoxwechatbusiness&isajax=1&comefrom=wxapp&openid=sns_wa_oWJzS5I4SwtIvnavadWO1lOR7lAw&mid=&merchid=&authkey=&timestamp=1559899731593 yoxwechatbusinessModel::set_user:BEGIN
[2019-06-07 17:28:51] trace  /app/ewei_shopv2_api.php?i=2&r=yoxwechatbusiness&isajax=1&comefrom=wxapp&openid=sns_wa_oWJzS5I4SwtIvnavadWO1lOR7lAw&mid=&merchid=&authkey=&timestamp=1559899731593 yoxwechatbusinessModel::set_user:END
[2019-06-07 17:28:51] trace  /app/ewei_shopv2_api.php?i=2&r=bargain.act&comefrom=wxapp&openid=sns_wa_oWJzS5I4SwtIvnavadWO1lOR7lAw&mid=&merchid=&authkey=&timestamp=1559899731600 yoxwechatbusinessModel::set_user:BEGIN
[2019-06-07 17:28:51] trace  /app/ewei_shopv2_api.php?i=2&r=bargain.act&comefrom=wxapp&openid=sns_wa_oWJzS5I4SwtIvnavadWO1lOR7lAw&mid=&merchid=&authkey=&timestamp=1559899731600 yoxwechatbusinessModel::set_user:END
[2019-06-07 17:28:53] trace  /app/ewei_shopv2_api.php?i=2&r=yoxwechatbusiness.agent&isajax=1&comefrom=wxapp&openid=sns_wa_oWJzS5I4SwtIvnavadWO1lOR7lAw&mid=&merchid=&authkey=&timestamp=1559899734063 yoxwechatbusinessModel::set_user:BEGIN
[2019-06-07 17:28:53] trace  /app/ewei_shopv2_api.php?i=2&r=yoxwechatbusiness.agent&isajax=1&comefrom=wxapp&openid=sns_wa_oWJzS5I4SwtIvnavadWO1lOR7lAw&mid=&merchid=&authkey=&timestamp=1559899734063 yoxwechatbusinessModel::set_user:END
[2019-06-07 17:28:54] trace  /app/ewei_shopv2_api.php?i=2&r=yoxwechatbusiness.level.level_list&isajax=1&comefrom=wxapp&openid=sns_wa_oWJzS5I4SwtIvnavadWO1lOR7lAw&mid=&merchid=&authkey=&timestamp=1559899734074 yoxwechatbusinessModel::set_user:BEGIN
[2019-06-07 17:28:54] trace  /app/ewei_shopv2_api.php?i=2&r=yoxwechatbusiness.level.level_list&isajax=1&comefrom=wxapp&openid=sns_wa_oWJzS5I4SwtIvnavadWO1lOR7lAw&mid=&merchid=&authkey=&timestamp=1559899734074 yoxwechatbusinessModel::set_user:END
[2019-06-07 17:28:55] trace  /app/ewei_shopv2_api.php?i=2&r=package.get_detail&pid=1&comefrom=wxapp&openid=sns_wa_oWJzS5I4SwtIvnavadWO1lOR7lAw&mid=&merchid=&authkey=&timestamp=1559899735991 yoxwechatbusinessModel::set_user:BEGIN
[2019-06-07 17:28:55] trace  /app/ewei_shopv2_api.php?i=2&r=package.get_detail&pid=1&comefrom=wxapp&openid=sns_wa_oWJzS5I4SwtIvnavadWO1lOR7lAw&mid=&merchid=&authkey=&timestamp=1559899735991 yoxwechatbusinessModel::set_user:END
[2019-06-07 17:28:57] trace  /app/ewei_shopv2_api.php?i=2&r=package.get_detail&pid=1&comefrom=wxapp&openid=sns_wa_oWJzS5I4SwtIvnavadWO1lOR7lAw&mid=&merchid=&authkey=&timestamp=1559899737958 yoxwechatbusinessModel::set_user:BEGIN
[2019-06-07 17:28:57] trace  /app/ewei_shopv2_api.php?i=2&r=package.get_detail&pid=1&comefrom=wxapp&openid=sns_wa_oWJzS5I4SwtIvnavadWO1lOR7lAw&mid=&merchid=&authkey=&timestamp=1559899737958 yoxwechatbusinessModel::set_user:END
[2019-06-07 17:29:05] trace  /app/ewei_shopv2_api.php?i=2&r=diypage&type=6&comefrom=wxapp&openid=sns_wa_oWJzS5I4SwtIvnavadWO1lOR7lAw&mid=&merchid=&authkey=&timestamp=1559899745293 yoxwechatbusinessModel::set_user:BEGIN
[2019-06-07 17:29:05] trace  /app/ewei_shopv2_api.php?i=2&r=diypage&type=6&comefrom=wxapp&openid=sns_wa_oWJzS5I4SwtIvnavadWO1lOR7lAw&mid=&merchid=&authkey=&timestamp=1559899745293 yoxwechatbusinessModel::set_user:END
[2019-06-07 17:29:05] trace  /app/ewei_shopv2_api.php?i=2&r=diypage&id=6&comefrom=wxapp&openid=sns_wa_oWJzS5I4SwtIvnavadWO1lOR7lAw&mid=&merchid=&authkey=&timestamp=1559899745318 yoxwechatbusinessModel::set_user:BEGIN
[2019-06-07 17:29:05] trace  /app/ewei_shopv2_api.php?i=2&r=diypage&id=6&comefrom=wxapp&openid=sns_wa_oWJzS5I4SwtIvnavadWO1lOR7lAw&mid=&merchid=&authkey=&timestamp=1559899745318 yoxwechatbusinessModel::set_user:END
[2019-06-07 17:29:13] trace  /app/ewei_shopv2_api.php?i=2&r=yoxwechatbusiness.user.my_info&isajax=1&comefrom=wxapp&openid=sns_wa_oWJzS5I4SwtIvnavadWO1lOR7lAw&mid=&merchid=&authkey=&timestamp=1559899753747 yoxwechatbusinessModel::set_user:BEGIN
[2019-06-07 17:29:13] trace  /app/ewei_shopv2_api.php?i=2&r=yoxwechatbusiness.user.my_info&isajax=1&comefrom=wxapp&openid=sns_wa_oWJzS5I4SwtIvnavadWO1lOR7lAw&mid=&merchid=&authkey=&timestamp=1559899753747 yoxwechatbusinessModel::set_user:END
[2019-06-07 17:29:16] trace  /app/ewei_shopv2_api.php?i=2&r=yoxwechatbusiness.bank_card.bank_card_list&isajax=1&comefrom=wxapp&openid=sns_wa_oWJzS5I4SwtIvnavadWO1lOR7lAw&mid=&merchid=&authkey=&timestamp=1559899756662 yoxwechatbusinessModel::set_user:BEGIN
[2019-06-07 17:29:16] trace  /app/ewei_shopv2_api.php?i=2&r=yoxwechatbusiness.bank_card.bank_card_list&isajax=1&comefrom=wxapp&openid=sns_wa_oWJzS5I4SwtIvnavadWO1lOR7lAw&mid=&merchid=&authkey=&timestamp=1559899756662 yoxwechatbusinessModel::set_user:END
[2019-06-07 17:29:19] trace  /app/ewei_shopv2_api.php?i=2&r=yoxwechatbusiness.electronic_contract.edit&isajax=1&comefrom=wxapp&openid=sns_wa_oWJzS5I4SwtIvnavadWO1lOR7lAw&mid=&merchid=&authkey=&timestamp=1559899759756 yoxwechatbusinessModel::set_user:BEGIN
[2019-06-07 17:29:19] trace  /app/ewei_shopv2_api.php?i=2&r=yoxwechatbusiness.electronic_contract.edit&isajax=1&comefrom=wxapp&openid=sns_wa_oWJzS5I4SwtIvnavadWO1lOR7lAw&mid=&merchid=&authkey=&timestamp=1559899759756 yoxwechatbusinessModel::set_user:END
[2019-06-07 17:29:47] trace  /app/ewei_shopv2_api.php?i=2&r=black&comefrom=wxapp&openid=sns_wa_oWJzS5I4SwtIvnavadWO1lOR7lAw&mid=&merchid=&authkey=&timestamp=1559899787777 yoxwechatbusinessModel::set_user:BEGIN
[2019-06-07 17:29:47] trace  /app/ewei_shopv2_api.php?i=2&r=black&comefrom=wxapp&openid=sns_wa_oWJzS5I4SwtIvnavadWO1lOR7lAw&mid=&merchid=&authkey=&timestamp=1559899787777 yoxwechatbusinessModel::set_user:END
[2019-06-07 17:29:47] trace  /app/ewei_shopv2_api.php?i=2&r=shop.get_shopindex&comefrom=wxapp&openid=sns_wa_oWJzS5I4SwtIvnavadWO1lOR7lAw&mid=&merchid=&authkey=&timestamp=1559899787920 yoxwechatbusinessModel::set_user:BEGIN
[2019-06-07 17:29:47] trace  /app/ewei_shopv2_api.php?i=2&r=shop.get_hasnewcoupon&comefrom=wxapp&openid=sns_wa_oWJzS5I4SwtIvnavadWO1lOR7lAw&mid=&merchid=&authkey=&timestamp=1559899787936 yoxwechatbusinessModel::set_user:BEGIN
[2019-06-07 17:29:47] trace  /app/ewei_shopv2_api.php?i=2&r=shop.get_shopindex&comefrom=wxapp&openid=sns_wa_oWJzS5I4SwtIvnavadWO1lOR7lAw&mid=&merchid=&authkey=&timestamp=1559899787920 yoxwechatbusinessModel::set_user:END
[2019-06-07 17:29:47] trace  /app/ewei_shopv2_api.php?i=2&r=shop.get_hasnewcoupon&comefrom=wxapp&openid=sns_wa_oWJzS5I4SwtIvnavadWO1lOR7lAw&mid=&merchid=&authkey=&timestamp=1559899787936 yoxwechatbusinessModel::set_user:END
[2019-06-07 17:29:47] trace  /app/ewei_shopv2_api.php?i=2&r=diypage&type=home&comefrom=wxapp&openid=sns_wa_oWJzS5I4SwtIvnavadWO1lOR7lAw&mid=&merchid=&authkey=&timestamp=1559899787838 yoxwechatbusinessModel::set_user:BEGIN
[2019-06-07 17:29:47] trace  /app/ewei_shopv2_api.php?i=2&r=diypage&type=home&comefrom=wxapp&openid=sns_wa_oWJzS5I4SwtIvnavadWO1lOR7lAw&mid=&merchid=&authkey=&timestamp=1559899787838 yoxwechatbusinessModel::set_user:END
[2019-06-07 17:29:48] trace  /app/ewei_shopv2_api.php?i=2&r=shop.get_cpinfos&comefrom=wxapp&openid=sns_wa_oWJzS5I4SwtIvnavadWO1lOR7lAw&mid=&merchid=&authkey=&timestamp=1559899787940 yoxwechatbusinessModel::set_user:BEGIN
[2019-06-07 17:29:48] trace  /app/ewei_shopv2_api.php?i=2&r=shop.get_cpinfos&comefrom=wxapp&openid=sns_wa_oWJzS5I4SwtIvnavadWO1lOR7lAw&mid=&merchid=&authkey=&timestamp=1559899787940 yoxwechatbusinessModel::set_user:END
