[2019-08-12 09:15:27] trace  /app/ewei_shopv2_api.php?i=2&r=black&comefrom=wxapp&openid=sns_wa_oWJzS5E6FV0vFTKNh9Sr-s7BSShg&authkey=&timestamp=1565572524011 yoxwechatbusinessModel::set_user:BEGIN
[2019-08-12 09:15:27] trace  /app/ewei_shopv2_api.php?i=2&r=black&comefrom=wxapp&openid=sns_wa_oWJzS5E6FV0vFTKNh9Sr-s7BSShg&authkey=&timestamp=1565572524011 yoxwechatbusinessModel::set_user:END
[2019-08-12 09:15:27] trace  /app/ewei_shopv2_api.php?i=2&r=diypage&type=home&comefrom=wxapp&openid=sns_wa_oWJzS5E6FV0vFTKNh9Sr-s7BSShg&mid=&merchid=&authkey=&timestamp=1565572524031 yoxwechatbusinessModel::set_user:BEGIN
[2019-08-12 09:15:27] trace  /app/ewei_shopv2_api.php?i=2&r=diypage&type=home&comefrom=wxapp&openid=sns_wa_oWJzS5E6FV0vFTKNh9Sr-s7BSShg&mid=&merchid=&authkey=&timestamp=1565572524031 yoxwechatbusinessModel::set_user:END
[2019-08-12 09:15:28] trace  /app/ewei_shopv2_api.php?i=2&r=shop.get_shopindex&comefrom=wxapp&openid=sns_wa_oWJzS5E6FV0vFTKNh9Sr-s7BSShg&mid=&merchid=&authkey=&timestamp=1565572524050 yoxwechatbusinessModel::set_user:BEGIN
[2019-08-12 09:15:28] trace  /app/ewei_shopv2_api.php?i=2&r=shop.get_shopindex&comefrom=wxapp&openid=sns_wa_oWJzS5E6FV0vFTKNh9Sr-s7BSShg&mid=&merchid=&authkey=&timestamp=1565572524050 yoxwechatbusinessModel::set_user:END
[2019-08-12 09:15:28] trace  /app/ewei_shopv2_api.php?i=2&r=shop.get_hasnewcoupon&comefrom=wxapp&openid=sns_wa_oWJzS5E6FV0vFTKNh9Sr-s7BSShg&mid=&merchid=&authkey=&timestamp=1565572524055 yoxwechatbusinessModel::set_user:BEGIN
[2019-08-12 09:15:28] trace  /app/ewei_shopv2_api.php?i=2&r=shop.get_hasnewcoupon&comefrom=wxapp&openid=sns_wa_oWJzS5E6FV0vFTKNh9Sr-s7BSShg&mid=&merchid=&authkey=&timestamp=1565572524055 yoxwechatbusinessModel::set_user:END
[2019-08-12 09:15:28] trace  /app/ewei_shopv2_api.php?i=2&r=shop.get_cpinfos&comefrom=wxapp&openid=sns_wa_oWJzS5E6FV0vFTKNh9Sr-s7BSShg&mid=&merchid=&authkey=&timestamp=1565572524061 yoxwechatbusinessModel::set_user:BEGIN
[2019-08-12 09:15:28] trace  /app/ewei_shopv2_api.php?i=2&r=shop.get_cpinfos&comefrom=wxapp&openid=sns_wa_oWJzS5E6FV0vFTKNh9Sr-s7BSShg&mid=&merchid=&authkey=&timestamp=1565572524061 yoxwechatbusinessModel::set_user:END
[2019-08-12 09:15:33] trace  /app/ewei_shopv2_api.php?i=2&r=yoxwechatbusiness&isajax=1&comefrom=wxapp&openid=sns_wa_oWJzS5E6FV0vFTKNh9Sr-s7BSShg&mid=&merchid=&authkey=MDZiNW9iN0lGaXNGelNwSWFKd1AvdXc4ZGxUMkJ1V2M3aTJncU94ZVdocTRPOXFEaG1xRzBTWWgxSG1mSTdGZG94VkdWODdlcmowQzF6dXRrNGsvVlFsREFDZWFPQy9TZFRWVGpKdmw2SWE2K0E%3D&timestamp=1565572532947 yoxwechatbusinessModel::set_user:BEGIN
[2019-08-12 09:15:33] trace  /app/ewei_shopv2_api.php?i=2&r=yoxwechatbusiness&isajax=1&comefrom=wxapp&openid=sns_wa_oWJzS5E6FV0vFTKNh9Sr-s7BSShg&mid=&merchid=&authkey=MDZiNW9iN0lGaXNGelNwSWFKd1AvdXc4ZGxUMkJ1V2M3aTJncU94ZVdocTRPOXFEaG1xRzBTWWgxSG1mSTdGZG94VkdWODdlcmowQzF6dXRrNGsvVlFsREFDZWFPQy9TZFRWVGpKdmw2SWE2K0E%3D&timestamp=1565572532947 yoxwechatbusinessModel::set_user:END
[2019-08-12 09:15:33] trace  /app/ewei_shopv2_api.php?i=2&r=bargain.act&comefrom=wxapp&openid=sns_wa_oWJzS5E6FV0vFTKNh9Sr-s7BSShg&mid=&merchid=&authkey=MDZiNW9iN0lGaXNGelNwSWFKd1AvdXc4ZGxUMkJ1V2M3aTJncU94ZVdocTRPOXFEaG1xRzBTWWgxSG1mSTdGZG94VkdWODdlcmowQzF6dXRrNGsvVlFsREFDZWFPQy9TZFRWVGpKdmw2SWE2K0E%3D&timestamp=1565572533038 yoxwechatbusinessModel::set_user:BEGIN
[2019-08-12 09:15:33] trace  /app/ewei_shopv2_api.php?i=2&r=bargain.act&comefrom=wxapp&openid=sns_wa_oWJzS5E6FV0vFTKNh9Sr-s7BSShg&mid=&merchid=&authkey=MDZiNW9iN0lGaXNGelNwSWFKd1AvdXc4ZGxUMkJ1V2M3aTJncU94ZVdocTRPOXFEaG1xRzBTWWgxSG1mSTdGZG94VkdWODdlcmowQzF6dXRrNGsvVlFsREFDZWFPQy9TZFRWVGpKdmw2SWE2K0E%3D&timestamp=1565572533038 yoxwechatbusinessModel::set_user:END
[2019-08-12 09:15:42] trace  /app/ewei_shopv2_api.php?i=2&r=yoxwechatbusiness.user.my_down_level_user&isajax=1&begin_time=&end_time=&comefrom=wxapp&openid=sns_wa_oWJzS5E6FV0vFTKNh9Sr-s7BSShg&mid=&merchid=&authkey=&timestamp=1565572541843 yoxwechatbusinessModel::set_user:BEGIN
[2019-08-12 09:15:42] trace  /app/ewei_shopv2_api.php?i=2&r=yoxwechatbusiness.user.my_down_level_user&isajax=1&begin_time=&end_time=&comefrom=wxapp&openid=sns_wa_oWJzS5E6FV0vFTKNh9Sr-s7BSShg&mid=&merchid=&authkey=&timestamp=1565572541843 yoxwechatbusinessModel::set_user:END
[2019-08-12 09:16:46] trace  /app/ewei_shopv2_api.php?i=2&r=black&comefrom=wxapp&openid=sns_wa_oWJzS5AqK5fXwChfll8RgA0GTRF4&authkey=&timestamp=1565572564078 yoxwechatbusinessModel::set_user:BEGIN
[2019-08-12 09:16:46] trace  /app/ewei_shopv2_api.php?i=2&r=black&comefrom=wxapp&openid=sns_wa_oWJzS5AqK5fXwChfll8RgA0GTRF4&authkey=&timestamp=1565572564078 yoxwechatbusinessModel::set_user:END
[2019-08-12 09:16:46] trace  /app/ewei_shopv2_api.php?i=2&r=diypage&type=home&comefrom=wxapp&openid=sns_wa_oWJzS5AqK5fXwChfll8RgA0GTRF4&mid=&merchid=&authkey=&timestamp=1565572564178 yoxwechatbusinessModel::set_user:BEGIN
[2019-08-12 09:16:46] trace  /app/ewei_shopv2_api.php?i=2&r=diypage&type=home&comefrom=wxapp&openid=sns_wa_oWJzS5AqK5fXwChfll8RgA0GTRF4&mid=&merchid=&authkey=&timestamp=1565572564178 yoxwechatbusinessModel::set_user:END
[2019-08-12 09:16:46] trace  /app/ewei_shopv2_api.php?i=2&r=shop.get_shopindex&comefrom=wxapp&openid=sns_wa_oWJzS5AqK5fXwChfll8RgA0GTRF4&mid=&merchid=&authkey=&timestamp=1565572564268 yoxwechatbusinessModel::set_user:BEGIN
[2019-08-12 09:16:46] trace  /app/ewei_shopv2_api.php?i=2&r=shop.get_shopindex&comefrom=wxapp&openid=sns_wa_oWJzS5AqK5fXwChfll8RgA0GTRF4&mid=&merchid=&authkey=&timestamp=1565572564268 yoxwechatbusinessModel::set_user:END
[2019-08-12 09:16:47] trace  /app/ewei_shopv2_api.php?i=2&r=shop.get_hasnewcoupon&comefrom=wxapp&openid=sns_wa_oWJzS5AqK5fXwChfll8RgA0GTRF4&mid=&merchid=&authkey=&timestamp=1565572564308 yoxwechatbusinessModel::set_user:BEGIN
[2019-08-12 09:16:47] trace  /app/ewei_shopv2_api.php?i=2&r=shop.get_hasnewcoupon&comefrom=wxapp&openid=sns_wa_oWJzS5AqK5fXwChfll8RgA0GTRF4&mid=&merchid=&authkey=&timestamp=1565572564308 yoxwechatbusinessModel::set_user:END
[2019-08-12 09:16:47] trace  /app/ewei_shopv2_api.php?i=2&r=shop.get_cpinfos&comefrom=wxapp&openid=sns_wa_oWJzS5AqK5fXwChfll8RgA0GTRF4&mid=&merchid=&authkey=&timestamp=1565572564351 yoxwechatbusinessModel::set_user:BEGIN
[2019-08-12 09:16:47] trace  /app/ewei_shopv2_api.php?i=2&r=shop.get_cpinfos&comefrom=wxapp&openid=sns_wa_oWJzS5AqK5fXwChfll8RgA0GTRF4&mid=&merchid=&authkey=&timestamp=1565572564351 yoxwechatbusinessModel::set_user:END
[2019-08-12 09:17:22] trace  /app/ewei_shopv2_api.php?i=2&r=yoxwechatbusiness&isajax=1&comefrom=wxapp&openid=sns_wa_oWJzS5AqK5fXwChfll8RgA0GTRF4&mid=&merchid=&authkey=ODBlNjNqLzh1UEU0SkVBclhTS0hITC9ZWjVHUStzYkJZSTY4enZUNzlGRTlKNjhJWG1sWis4aHJzOC9IK0ZueUVxV0VIeS9ZRUxyUkxXeTlFV1RlMjNSZ1JPVQ%3D%3D&timestamp=1565572600501 yoxwechatbusinessModel::set_user:BEGIN
[2019-08-12 09:17:22] trace  /app/ewei_shopv2_api.php?i=2&r=yoxwechatbusiness&isajax=1&comefrom=wxapp&openid=sns_wa_oWJzS5AqK5fXwChfll8RgA0GTRF4&mid=&merchid=&authkey=ODBlNjNqLzh1UEU0SkVBclhTS0hITC9ZWjVHUStzYkJZSTY4enZUNzlGRTlKNjhJWG1sWis4aHJzOC9IK0ZueUVxV0VIeS9ZRUxyUkxXeTlFV1RlMjNSZ1JPVQ%3D%3D&timestamp=1565572600501 yoxwechatbusinessModel::set_user:END
[2019-08-12 09:17:23] trace  /app/ewei_shopv2_api.php?i=2&r=bargain.act&comefrom=wxapp&openid=sns_wa_oWJzS5AqK5fXwChfll8RgA0GTRF4&mid=&merchid=&authkey=ODBlNjNqLzh1UEU0SkVBclhTS0hITC9ZWjVHUStzYkJZSTY4enZUNzlGRTlKNjhJWG1sWis4aHJzOC9IK0ZueUVxV0VIeS9ZRUxyUkxXeTlFV1RlMjNSZ1JPVQ%3D%3D&timestamp=1565572600536 yoxwechatbusinessModel::set_user:BEGIN
[2019-08-12 09:17:23] trace  /app/ewei_shopv2_api.php?i=2&r=bargain.act&comefrom=wxapp&openid=sns_wa_oWJzS5AqK5fXwChfll8RgA0GTRF4&mid=&merchid=&authkey=ODBlNjNqLzh1UEU0SkVBclhTS0hITC9ZWjVHUStzYkJZSTY4enZUNzlGRTlKNjhJWG1sWis4aHJzOC9IK0ZueUVxV0VIeS9ZRUxyUkxXeTlFV1RlMjNSZ1JPVQ%3D%3D&timestamp=1565572600536 yoxwechatbusinessModel::set_user:END
[2019-08-12 09:17:57] trace  /app/ewei_shopv2_api.php?i=2&r=yoxwechatbusiness.user.my_down_level_user&isajax=1&begin_time=&end_time=&comefrom=wxapp&openid=sns_wa_oWJzS5AqK5fXwChfll8RgA0GTRF4&mid=&merchid=&authkey=&timestamp=1565572635307 yoxwechatbusinessModel::set_user:BEGIN
[2019-08-12 09:17:57] trace  /app/ewei_shopv2_api.php?i=2&r=yoxwechatbusiness.user.my_down_level_user&isajax=1&begin_time=&end_time=&comefrom=wxapp&openid=sns_wa_oWJzS5AqK5fXwChfll8RgA0GTRF4&mid=&merchid=&authkey=&timestamp=1565572635307 yoxwechatbusinessModel::set_user:END
[2019-08-12 09:18:07] trace  /app/ewei_shopv2_api.php?i=2&r=yoxwechatbusiness.order.order_list&isajax=1&begin_time=&end_time=&user_mark=TEAM&uid=&comefrom=wxapp&openid=sns_wa_oWJzS5AqK5fXwChfll8RgA0GTRF4&mid=&merchid=&authkey=&timestamp=1565572645341 yoxwechatbusinessModel::set_user:BEGIN
[2019-08-12 09:18:07] trace  /app/ewei_shopv2_api.php?i=2&r=yoxwechatbusiness.order.order_list&isajax=1&begin_time=&end_time=&user_mark=TEAM&uid=&comefrom=wxapp&openid=sns_wa_oWJzS5AqK5fXwChfll8RgA0GTRF4&mid=&merchid=&authkey=&timestamp=1565572645341 yoxwechatbusinessModel::set_user:END
[2019-08-12 09:18:47] trace  /app/ewei_shopv2_api.php?i=2&r=yoxwechatbusiness.order.order_list&isajax=1&begin_time=&end_time=&user_mark=TEAM&uid=&comefrom=wxapp&openid=sns_wa_oWJzS5E6FV0vFTKNh9Sr-s7BSShg&mid=&merchid=&authkey=&timestamp=1565572727550 yoxwechatbusinessModel::set_user:BEGIN
[2019-08-12 09:18:47] trace  /app/ewei_shopv2_api.php?i=2&r=yoxwechatbusiness.order.order_list&isajax=1&begin_time=&end_time=&user_mark=TEAM&uid=&comefrom=wxapp&openid=sns_wa_oWJzS5E6FV0vFTKNh9Sr-s7BSShg&mid=&merchid=&authkey=&timestamp=1565572727550 yoxwechatbusinessModel::set_user:END
[2019-08-12 09:20:59] trace  /app/ewei_shopv2_api.php?i=2&r=black&comefrom=wxapp&openid=sns_wa_oWJzS5AqK5fXwChfll8RgA0GTRF4&mid=&merchid=&authkey=&timestamp=1565572816659 yoxwechatbusinessModel::set_user:BEGIN
[2019-08-12 09:20:59] trace  /app/ewei_shopv2_api.php?i=2&r=black&comefrom=wxapp&openid=sns_wa_oWJzS5AqK5fXwChfll8RgA0GTRF4&mid=&merchid=&authkey=&timestamp=1565572816659 yoxwechatbusinessModel::set_user:END
[2019-08-12 09:20:59] trace  /app/ewei_shopv2_api.php?i=2&r=diypage&type=home&comefrom=wxapp&openid=sns_wa_oWJzS5AqK5fXwChfll8RgA0GTRF4&mid=&merchid=&authkey=&timestamp=1565572816726 yoxwechatbusinessModel::set_user:BEGIN
[2019-08-12 09:20:59] trace  /app/ewei_shopv2_api.php?i=2&r=diypage&type=home&comefrom=wxapp&openid=sns_wa_oWJzS5AqK5fXwChfll8RgA0GTRF4&mid=&merchid=&authkey=&timestamp=1565572816726 yoxwechatbusinessModel::set_user:END
[2019-08-12 09:20:59] trace  /app/ewei_shopv2_api.php?i=2&r=shop.get_shopindex&comefrom=wxapp&openid=sns_wa_oWJzS5AqK5fXwChfll8RgA0GTRF4&mid=&merchid=&authkey=&timestamp=1565572816800 yoxwechatbusinessModel::set_user:BEGIN
[2019-08-12 09:20:59] trace  /app/ewei_shopv2_api.php?i=2&r=shop.get_shopindex&comefrom=wxapp&openid=sns_wa_oWJzS5AqK5fXwChfll8RgA0GTRF4&mid=&merchid=&authkey=&timestamp=1565572816800 yoxwechatbusinessModel::set_user:END
[2019-08-12 09:20:59] trace  /app/ewei_shopv2_api.php?i=2&r=shop.get_hasnewcoupon&comefrom=wxapp&openid=sns_wa_oWJzS5AqK5fXwChfll8RgA0GTRF4&mid=&merchid=&authkey=&timestamp=1565572816841 yoxwechatbusinessModel::set_user:BEGIN
[2019-08-12 09:20:59] trace  /app/ewei_shopv2_api.php?i=2&r=shop.get_hasnewcoupon&comefrom=wxapp&openid=sns_wa_oWJzS5AqK5fXwChfll8RgA0GTRF4&mid=&merchid=&authkey=&timestamp=1565572816841 yoxwechatbusinessModel::set_user:END
[2019-08-12 09:20:59] trace  /app/ewei_shopv2_api.php?i=2&r=shop.get_cpinfos&comefrom=wxapp&openid=sns_wa_oWJzS5AqK5fXwChfll8RgA0GTRF4&mid=&merchid=&authkey=&timestamp=1565572816877 yoxwechatbusinessModel::set_user:BEGIN
[2019-08-12 09:20:59] trace  /app/ewei_shopv2_api.php?i=2&r=shop.get_cpinfos&comefrom=wxapp&openid=sns_wa_oWJzS5AqK5fXwChfll8RgA0GTRF4&mid=&merchid=&authkey=&timestamp=1565572816877 yoxwechatbusinessModel::set_user:END
[2019-08-12 09:21:41] trace  /app/ewei_shopv2_api.php?i=2&r=yoxwechatbusiness&isajax=1&comefrom=wxapp&openid=sns_wa_oWJzS5AqK5fXwChfll8RgA0GTRF4&mid=&merchid=&authkey=&timestamp=1565572859286 yoxwechatbusinessModel::set_user:BEGIN
[2019-08-12 09:21:41] trace  /app/ewei_shopv2_api.php?i=2&r=yoxwechatbusiness&isajax=1&comefrom=wxapp&openid=sns_wa_oWJzS5AqK5fXwChfll8RgA0GTRF4&mid=&merchid=&authkey=&timestamp=1565572859286 yoxwechatbusinessModel::set_user:END
[2019-08-12 09:21:41] trace  /app/ewei_shopv2_api.php?i=2&r=bargain.act&comefrom=wxapp&openid=sns_wa_oWJzS5AqK5fXwChfll8RgA0GTRF4&mid=&merchid=&authkey=&timestamp=1565572859330 yoxwechatbusinessModel::set_user:BEGIN
[2019-08-12 09:21:41] trace  /app/ewei_shopv2_api.php?i=2&r=bargain.act&comefrom=wxapp&openid=sns_wa_oWJzS5AqK5fXwChfll8RgA0GTRF4&mid=&merchid=&authkey=&timestamp=1565572859330 yoxwechatbusinessModel::set_user:END
[2019-08-12 09:21:59] trace  /app/ewei_shopv2_api.php?i=2&r=yoxwechatbusiness.user.my_down_level_user&isajax=1&begin_time=&end_time=&comefrom=wxapp&openid=sns_wa_oWJzS5AqK5fXwChfll8RgA0GTRF4&mid=&merchid=&authkey=&timestamp=1565572876111 yoxwechatbusinessModel::set_user:BEGIN
[2019-08-12 09:21:59] trace  /app/ewei_shopv2_api.php?i=2&r=yoxwechatbusiness.user.my_down_level_user&isajax=1&begin_time=&end_time=&comefrom=wxapp&openid=sns_wa_oWJzS5AqK5fXwChfll8RgA0GTRF4&mid=&merchid=&authkey=&timestamp=1565572876111 yoxwechatbusinessModel::set_user:END
[2019-08-12 09:22:41] trace  /app/ewei_shopv2_api.php?i=2&r=yoxwechatbusiness.order.order_list&isajax=1&begin_time=&end_time=&user_mark=TEAM&uid=&comefrom=wxapp&openid=sns_wa_oWJzS5E6FV0vFTKNh9Sr-s7BSShg&mid=&merchid=&authkey=OTYwODB5SUY1K0s0aDJ6ckV4Nng1dDEyUXVVbnFMTXd2S01CTkJ5eC80MEF3U2lDWXVpa1dYVHRvZ2pCNzY0aGhKcjRmd09nY3NuTmVJNG8wSU1BdjZXTkNxMA%3D%3D&timestamp=1565572961488 yoxwechatbusinessModel::set_user:BEGIN
[2019-08-12 09:22:41] trace  /app/ewei_shopv2_api.php?i=2&r=yoxwechatbusiness.order.order_list&isajax=1&begin_time=&end_time=&user_mark=TEAM&uid=&comefrom=wxapp&openid=sns_wa_oWJzS5E6FV0vFTKNh9Sr-s7BSShg&mid=&merchid=&authkey=OTYwODB5SUY1K0s0aDJ6ckV4Nng1dDEyUXVVbnFMTXd2S01CTkJ5eC80MEF3U2lDWXVpa1dYVHRvZ2pCNzY0aGhKcjRmd09nY3NuTmVJNG8wSU1BdjZXTkNxMA%3D%3D&timestamp=1565572961488 yoxwechatbusinessModel::set_user:END
[2019-08-12 09:22:47] trace  /app/ewei_shopv2_api.php?i=2&r=yoxwechatbusiness.user.my_down_level_user&isajax=1&begin_time=&end_time=&comefrom=wxapp&openid=sns_wa_oWJzS5E6FV0vFTKNh9Sr-s7BSShg&mid=&merchid=&authkey=&timestamp=1565572967028 yoxwechatbusinessModel::set_user:BEGIN
[2019-08-12 09:22:47] trace  /app/ewei_shopv2_api.php?i=2&r=yoxwechatbusiness.user.my_down_level_user&isajax=1&begin_time=&end_time=&comefrom=wxapp&openid=sns_wa_oWJzS5E6FV0vFTKNh9Sr-s7BSShg&mid=&merchid=&authkey=&timestamp=1565572967028 yoxwechatbusinessModel::set_user:END
[2019-08-12 09:23:52] trace  /app/ewei_shopv2_api.php?i=2&r=yoxwechatbusiness.order.order_list&isajax=1&begin_time=&end_time=&user_mark=TEAM&uid=&comefrom=wxapp&openid=sns_wa_oWJzS5E6FV0vFTKNh9Sr-s7BSShg&mid=&merchid=&authkey=&timestamp=1565573032391 yoxwechatbusinessModel::set_user:BEGIN
[2019-08-12 09:23:52] trace  /app/ewei_shopv2_api.php?i=2&r=yoxwechatbusiness.order.order_list&isajax=1&begin_time=&end_time=&user_mark=TEAM&uid=&comefrom=wxapp&openid=sns_wa_oWJzS5E6FV0vFTKNh9Sr-s7BSShg&mid=&merchid=&authkey=&timestamp=1565573032391 yoxwechatbusinessModel::set_user:END
[2019-08-12 09:41:00] trace  /app/ewei_shopv2_api.php?i=2&r=diypage&type=home&comefrom=wxapp&openid=sns_wa_oWJzS5E6FV0vFTKNh9Sr-s7BSShg&mid=&merchid=&authkey=ZWM5NGpZYk84eE94VXRYWmFHN1N2b1pJYjluN0VlQmd0ZWt2NTFXTkZvM00zWm82STY5eWY5d0NpZWtIcEI2WjR6TVhMWjNwaXpBaGZRVmVqSzM0QTMzajlQNUNwbUNFV2llOTlrT3Fyb2hiVlE%3D&timestamp=1565574054622 yoxwechatbusinessModel::set_user:BEGIN
[2019-08-12 09:41:00] trace  /app/ewei_shopv2_api.php?i=2&r=diypage&type=home&comefrom=wxapp&openid=sns_wa_oWJzS5E6FV0vFTKNh9Sr-s7BSShg&mid=&merchid=&authkey=ZWM5NGpZYk84eE94VXRYWmFHN1N2b1pJYjluN0VlQmd0ZWt2NTFXTkZvM00zWm82STY5eWY5d0NpZWtIcEI2WjR6TVhMWjNwaXpBaGZRVmVqSzM0QTMzajlQNUNwbUNFV2llOTlrT3Fyb2hiVlE%3D&timestamp=1565574054622 yoxwechatbusinessModel::set_user:END
[2019-08-12 09:41:00] trace  /app/ewei_shopv2_api.php?i=2&r=black&comefrom=wxapp&openid=sns_wa_oWJzS5E6FV0vFTKNh9Sr-s7BSShg&authkey=ZWM5NGpZYk84eE94VXRYWmFHN1N2b1pJYjluN0VlQmd0ZWt2NTFXTkZvM00zWm82STY5eWY5d0NpZWtIcEI2WjR6TVhMWjNwaXpBaGZRVmVqSzM0QTMzajlQNUNwbUNFV2llOTlrT3Fyb2hiVlE%3D&timestamp=1565574054569 yoxwechatbusinessModel::set_user:BEGIN
[2019-08-12 09:41:00] trace  /app/ewei_shopv2_api.php?i=2&r=black&comefrom=wxapp&openid=sns_wa_oWJzS5E6FV0vFTKNh9Sr-s7BSShg&authkey=ZWM5NGpZYk84eE94VXRYWmFHN1N2b1pJYjluN0VlQmd0ZWt2NTFXTkZvM00zWm82STY5eWY5d0NpZWtIcEI2WjR6TVhMWjNwaXpBaGZRVmVqSzM0QTMzajlQNUNwbUNFV2llOTlrT3Fyb2hiVlE%3D&timestamp=1565574054569 yoxwechatbusinessModel::set_user:END
[2019-08-12 09:41:00] trace  /app/ewei_shopv2_api.php?i=2&r=shop.get_shopindex&comefrom=wxapp&openid=sns_wa_oWJzS5E6FV0vFTKNh9Sr-s7BSShg&mid=&merchid=&authkey=ZWM5NGpZYk84eE94VXRYWmFHN1N2b1pJYjluN0VlQmd0ZWt2NTFXTkZvM00zWm82STY5eWY5d0NpZWtIcEI2WjR6TVhMWjNwaXpBaGZRVmVqSzM0QTMzajlQNUNwbUNFV2llOTlrT3Fyb2hiVlE%3D&timestamp=1565574054680 yoxwechatbusinessModel::set_user:BEGIN
[2019-08-12 09:41:00] trace  /app/ewei_shopv2_api.php?i=2&r=shop.get_shopindex&comefrom=wxapp&openid=sns_wa_oWJzS5E6FV0vFTKNh9Sr-s7BSShg&mid=&merchid=&authkey=ZWM5NGpZYk84eE94VXRYWmFHN1N2b1pJYjluN0VlQmd0ZWt2NTFXTkZvM00zWm82STY5eWY5d0NpZWtIcEI2WjR6TVhMWjNwaXpBaGZRVmVqSzM0QTMzajlQNUNwbUNFV2llOTlrT3Fyb2hiVlE%3D&timestamp=1565574054680 yoxwechatbusinessModel::set_user:END
[2019-08-12 09:41:01] trace  /app/ewei_shopv2_api.php?i=2&r=shop.get_hasnewcoupon&comefrom=wxapp&openid=sns_wa_oWJzS5E6FV0vFTKNh9Sr-s7BSShg&mid=&merchid=&authkey=ZWM5NGpZYk84eE94VXRYWmFHN1N2b1pJYjluN0VlQmd0ZWt2NTFXTkZvM00zWm82STY5eWY5d0NpZWtIcEI2WjR6TVhMWjNwaXpBaGZRVmVqSzM0QTMzajlQNUNwbUNFV2llOTlrT3Fyb2hiVlE%3D&timestamp=1565574054708 yoxwechatbusinessModel::set_user:BEGIN
[2019-08-12 09:41:01] trace  /app/ewei_shopv2_api.php?i=2&r=shop.get_hasnewcoupon&comefrom=wxapp&openid=sns_wa_oWJzS5E6FV0vFTKNh9Sr-s7BSShg&mid=&merchid=&authkey=ZWM5NGpZYk84eE94VXRYWmFHN1N2b1pJYjluN0VlQmd0ZWt2NTFXTkZvM00zWm82STY5eWY5d0NpZWtIcEI2WjR6TVhMWjNwaXpBaGZRVmVqSzM0QTMzajlQNUNwbUNFV2llOTlrT3Fyb2hiVlE%3D&timestamp=1565574054708 yoxwechatbusinessModel::set_user:END
[2019-08-12 09:41:01] trace  /app/ewei_shopv2_api.php?i=2&r=shop.get_cpinfos&comefrom=wxapp&openid=sns_wa_oWJzS5E6FV0vFTKNh9Sr-s7BSShg&mid=&merchid=&authkey=ZWM5NGpZYk84eE94VXRYWmFHN1N2b1pJYjluN0VlQmd0ZWt2NTFXTkZvM00zWm82STY5eWY5d0NpZWtIcEI2WjR6TVhMWjNwaXpBaGZRVmVqSzM0QTMzajlQNUNwbUNFV2llOTlrT3Fyb2hiVlE%3D&timestamp=1565574054732 yoxwechatbusinessModel::set_user:BEGIN
[2019-08-12 09:41:01] trace  /app/ewei_shopv2_api.php?i=2&r=shop.get_cpinfos&comefrom=wxapp&openid=sns_wa_oWJzS5E6FV0vFTKNh9Sr-s7BSShg&mid=&merchid=&authkey=ZWM5NGpZYk84eE94VXRYWmFHN1N2b1pJYjluN0VlQmd0ZWt2NTFXTkZvM00zWm82STY5eWY5d0NpZWtIcEI2WjR6TVhMWjNwaXpBaGZRVmVqSzM0QTMzajlQNUNwbUNFV2llOTlrT3Fyb2hiVlE%3D&timestamp=1565574054732 yoxwechatbusinessModel::set_user:END
[2019-08-12 09:43:22] trace  /app/ewei_shopv2_api.php?i=2&r=yoxwechatbusiness&isajax=1&comefrom=wxapp&openid=sns_wa_oWJzS5E6FV0vFTKNh9Sr-s7BSShg&mid=&merchid=&authkey=ODI5ZVIxbXY4RGx0Qm9UZ2hMcFcvamh0c2laZE9xSUcxZ0huR2pGT2wweXBRK3JrMG92Zk9tdnZJakg1ZUFwSGJxQ1prekhEM3hra2xwQitOR0JjOW14QVpaMA%3D%3D&timestamp=1565574197970 yoxwechatbusinessModel::set_user:BEGIN
[2019-08-12 09:43:22] trace  /app/ewei_shopv2_api.php?i=2&r=yoxwechatbusiness&isajax=1&comefrom=wxapp&openid=sns_wa_oWJzS5E6FV0vFTKNh9Sr-s7BSShg&mid=&merchid=&authkey=ODI5ZVIxbXY4RGx0Qm9UZ2hMcFcvamh0c2laZE9xSUcxZ0huR2pGT2wweXBRK3JrMG92Zk9tdnZJakg1ZUFwSGJxQ1prekhEM3hra2xwQitOR0JjOW14QVpaMA%3D%3D&timestamp=1565574197970 yoxwechatbusinessModel::set_user:END
[2019-08-12 09:43:23] trace  /app/ewei_shopv2_api.php?i=2&r=bargain.act&comefrom=wxapp&openid=sns_wa_oWJzS5E6FV0vFTKNh9Sr-s7BSShg&mid=&merchid=&authkey=ODI5ZVIxbXY4RGx0Qm9UZ2hMcFcvamh0c2laZE9xSUcxZ0huR2pGT2wweXBRK3JrMG92Zk9tdnZJakg1ZUFwSGJxQ1prekhEM3hra2xwQitOR0JjOW14QVpaMA%3D%3D&timestamp=1565574197996 yoxwechatbusinessModel::set_user:BEGIN
[2019-08-12 09:43:23] trace  /app/ewei_shopv2_api.php?i=2&r=bargain.act&comefrom=wxapp&openid=sns_wa_oWJzS5E6FV0vFTKNh9Sr-s7BSShg&mid=&merchid=&authkey=ODI5ZVIxbXY4RGx0Qm9UZ2hMcFcvamh0c2laZE9xSUcxZ0huR2pGT2wweXBRK3JrMG92Zk9tdnZJakg1ZUFwSGJxQ1prekhEM3hra2xwQitOR0JjOW14QVpaMA%3D%3D&timestamp=1565574197996 yoxwechatbusinessModel::set_user:END
[2019-08-12 09:43:28] trace  /app/ewei_shopv2_api.php?i=2&r=yoxwechatbusiness.user.my_down_level_user&isajax=1&begin_time=&end_time=&comefrom=wxapp&openid=sns_wa_oWJzS5E6FV0vFTKNh9Sr-s7BSShg&mid=&merchid=&authkey=&timestamp=1565574203952 yoxwechatbusinessModel::set_user:BEGIN
[2019-08-12 09:43:28] trace  /app/ewei_shopv2_api.php?i=2&r=yoxwechatbusiness.user.my_down_level_user&isajax=1&begin_time=&end_time=&comefrom=wxapp&openid=sns_wa_oWJzS5E6FV0vFTKNh9Sr-s7BSShg&mid=&merchid=&authkey=&timestamp=1565574203952 yoxwechatbusinessModel::set_user:END
[2019-08-12 09:43:32] trace  /app/ewei_shopv2_api.php?i=2&r=yoxwechatbusiness.order.order_list&isajax=1&begin_time=&end_time=&user_mark=TEAM&uid=&comefrom=wxapp&openid=sns_wa_oWJzS5E6FV0vFTKNh9Sr-s7BSShg&mid=&merchid=&authkey=&timestamp=1565574207416 yoxwechatbusinessModel::set_user:BEGIN
[2019-08-12 09:43:32] trace  /app/ewei_shopv2_api.php?i=2&r=yoxwechatbusiness.order.order_list&isajax=1&begin_time=&end_time=&user_mark=TEAM&uid=&comefrom=wxapp&openid=sns_wa_oWJzS5E6FV0vFTKNh9Sr-s7BSShg&mid=&merchid=&authkey=&timestamp=1565574207416 yoxwechatbusinessModel::set_user:END
[2019-08-12 09:43:42] trace  /app/ewei_shopv2_api.php?i=2&r=yoxwechatbusiness.order.create_order_manual&isajax=1&buyeruid=24&goodslist_json=%7Bgoods%3A%5B%5B%27goodsid%27%3A1%2C%27total%27%3A1%5D%5B%27goodsid%27%3A2%2C%27total%27%3A1%5D&status=1&remark=&comefrom=wxapp&openid=sns_wa_oWJzS5E6FV0vFTKNh9Sr-s7BSShg&mid=&merchid=&authkey=&timestamp=1565574217737 yoxwechatbusinessModel::set_user:BEGIN
[2019-08-12 09:43:42] trace  /app/ewei_shopv2_api.php?i=2&r=yoxwechatbusiness.order.create_order_manual&isajax=1&buyeruid=24&goodslist_json=%7Bgoods%3A%5B%5B%27goodsid%27%3A1%2C%27total%27%3A1%5D%5B%27goodsid%27%3A2%2C%27total%27%3A1%5D&status=1&remark=&comefrom=wxapp&openid=sns_wa_oWJzS5E6FV0vFTKNh9Sr-s7BSShg&mid=&merchid=&authkey=&timestamp=1565574217737 yoxwechatbusinessModel::set_user:END
[2019-08-12 09:44:49] trace  /app/ewei_shopv2_api.php?i=2&r=yoxwechatbusiness.order.order_list&isajax=1&begin_time=&end_time=&user_mark=TEAM&uid=&comefrom=wxapp&openid=sns_wa_oWJzS5AqK5fXwChfll8RgA0GTRF4&mid=&merchid=&authkey=&timestamp=1565574246866 yoxwechatbusinessModel::set_user:BEGIN
[2019-08-12 09:44:49] trace  /app/ewei_shopv2_api.php?i=2&r=yoxwechatbusiness.order.order_list&isajax=1&begin_time=&end_time=&user_mark=TEAM&uid=&comefrom=wxapp&openid=sns_wa_oWJzS5AqK5fXwChfll8RgA0GTRF4&mid=&merchid=&authkey=&timestamp=1565574246866 yoxwechatbusinessModel::set_user:END
[2019-08-12 09:45:04] trace  /app/ewei_shopv2_api.php?i=2&r=yoxwechatbusiness.user.my_down_level_user&isajax=1&begin_time=&end_time=&comefrom=wxapp&openid=sns_wa_oWJzS5E6FV0vFTKNh9Sr-s7BSShg&mid=&merchid=&authkey=&timestamp=1565574299089 yoxwechatbusinessModel::set_user:BEGIN
[2019-08-12 09:45:04] trace  /app/ewei_shopv2_api.php?i=2&r=yoxwechatbusiness.user.my_down_level_user&isajax=1&begin_time=&end_time=&comefrom=wxapp&openid=sns_wa_oWJzS5E6FV0vFTKNh9Sr-s7BSShg&mid=&merchid=&authkey=&timestamp=1565574299089 yoxwechatbusinessModel::set_user:END
[2019-08-12 09:45:31] trace  /app/ewei_shopv2_api.php?i=2&r=yoxwechatbusiness.order.order_list&isajax=1&begin_time=&end_time=&user_mark=TEAM&uid=&comefrom=wxapp&openid=sns_wa_oWJzS5E6FV0vFTKNh9Sr-s7BSShg&mid=&merchid=&authkey=&timestamp=1565574326397 yoxwechatbusinessModel::set_user:BEGIN
[2019-08-12 09:45:31] trace  /app/ewei_shopv2_api.php?i=2&r=yoxwechatbusiness.order.order_list&isajax=1&begin_time=&end_time=&user_mark=TEAM&uid=&comefrom=wxapp&openid=sns_wa_oWJzS5E6FV0vFTKNh9Sr-s7BSShg&mid=&merchid=&authkey=&timestamp=1565574326397 yoxwechatbusinessModel::set_user:END
[2019-08-12 09:46:36] trace  /app/ewei_shopv2_api.php?i=2&r=yoxwechatbusiness.order.order_list&isajax=1&begin_time=&end_time=&user_mark=TEAM&uid=&comefrom=wxapp&openid=sns_wa_oWJzS5E6FV0vFTKNh9Sr-s7BSShg&mid=&merchid=&authkey=&timestamp=1565574391459 yoxwechatbusinessModel::set_user:BEGIN
[2019-08-12 09:46:36] trace  /app/ewei_shopv2_api.php?i=2&r=yoxwechatbusiness.order.order_list&isajax=1&begin_time=&end_time=&user_mark=TEAM&uid=&comefrom=wxapp&openid=sns_wa_oWJzS5E6FV0vFTKNh9Sr-s7BSShg&mid=&merchid=&authkey=&timestamp=1565574391459 yoxwechatbusinessModel::set_user:END
[2019-08-12 09:47:11] trace  /app/ewei_shopv2_api.php?i=2&r=yoxwechatbusiness.order.sales_overview&isajax=1&begin_time=1565539200&end_time=1565539200&comefrom=wxapp&openid=sns_wa_oWJzS5E6FV0vFTKNh9Sr-s7BSShg&mid=&merchid=&authkey=&timestamp=1565574426618 yoxwechatbusinessModel::set_user:BEGIN
[2019-08-12 09:47:11] trace  /app/ewei_shopv2_api.php?i=2&r=yoxwechatbusiness.order.sales_overview&isajax=1&begin_time=1565539200&end_time=1565539200&comefrom=wxapp&openid=sns_wa_oWJzS5E6FV0vFTKNh9Sr-s7BSShg&mid=&merchid=&authkey=&timestamp=1565574426618 yoxwechatbusinessModel::set_user:END
[2019-08-12 11:07:20] trace  /app/ewei_shopv2_api.php?i=2&r=yoxwechatbusiness.order.sales_overview&isajax=1&begin_time=1565539200&end_time=1565539200&comefrom=wxapp&openid=sns_wa_oWJzS5E6FV0vFTKNh9Sr-s7BSShg&mid=&merchid=&authkey=&timestamp=1565579235442 yoxwechatbusinessModel::set_user:BEGIN
[2019-08-12 11:07:20] trace  /app/ewei_shopv2_api.php?i=2&r=yoxwechatbusiness.order.sales_overview&isajax=1&begin_time=1565539200&end_time=1565539200&comefrom=wxapp&openid=sns_wa_oWJzS5E6FV0vFTKNh9Sr-s7BSShg&mid=&merchid=&authkey=&timestamp=1565579235442 yoxwechatbusinessModel::set_user:END
[2019-08-12 11:54:49] trace  /app/ewei_shopv2_api.php?i=2&r=black&comefrom=wxapp&openid=sns_wa_oWJzS5E6FV0vFTKNh9Sr-s7BSShg&authkey=&timestamp=1565582083857 yoxwechatbusinessModel::set_user:BEGIN
[2019-08-12 11:54:49] trace  /app/ewei_shopv2_api.php?i=2&r=black&comefrom=wxapp&openid=sns_wa_oWJzS5E6FV0vFTKNh9Sr-s7BSShg&authkey=&timestamp=1565582083857 yoxwechatbusinessModel::set_user:END
[2019-08-12 11:54:49] trace  /app/ewei_shopv2_api.php?i=2&r=diypage&type=home&comefrom=wxapp&openid=sns_wa_oWJzS5E6FV0vFTKNh9Sr-s7BSShg&mid=&merchid=&authkey=&timestamp=1565582083907 yoxwechatbusinessModel::set_user:BEGIN
[2019-08-12 11:54:49] trace  /app/ewei_shopv2_api.php?i=2&r=diypage&type=home&comefrom=wxapp&openid=sns_wa_oWJzS5E6FV0vFTKNh9Sr-s7BSShg&mid=&merchid=&authkey=&timestamp=1565582083907 yoxwechatbusinessModel::set_user:END
[2019-08-12 11:54:49] trace  /app/ewei_shopv2_api.php?i=2&r=shop.get_shopindex&comefrom=wxapp&openid=sns_wa_oWJzS5E6FV0vFTKNh9Sr-s7BSShg&mid=&merchid=&authkey=&timestamp=1565582083949 yoxwechatbusinessModel::set_user:BEGIN
[2019-08-12 11:54:49] trace  /app/ewei_shopv2_api.php?i=2&r=shop.get_shopindex&comefrom=wxapp&openid=sns_wa_oWJzS5E6FV0vFTKNh9Sr-s7BSShg&mid=&merchid=&authkey=&timestamp=1565582083949 yoxwechatbusinessModel::set_user:END
[2019-08-12 11:54:49] trace  /app/ewei_shopv2_api.php?i=2&r=shop.get_hasnewcoupon&comefrom=wxapp&openid=sns_wa_oWJzS5E6FV0vFTKNh9Sr-s7BSShg&mid=&merchid=&authkey=&timestamp=1565582083970 yoxwechatbusinessModel::set_user:BEGIN
[2019-08-12 11:54:49] trace  /app/ewei_shopv2_api.php?i=2&r=shop.get_hasnewcoupon&comefrom=wxapp&openid=sns_wa_oWJzS5E6FV0vFTKNh9Sr-s7BSShg&mid=&merchid=&authkey=&timestamp=1565582083970 yoxwechatbusinessModel::set_user:END
[2019-08-12 11:54:50] trace  /app/ewei_shopv2_api.php?i=2&r=shop.get_cpinfos&comefrom=wxapp&openid=sns_wa_oWJzS5E6FV0vFTKNh9Sr-s7BSShg&mid=&merchid=&authkey=&timestamp=1565582083992 yoxwechatbusinessModel::set_user:BEGIN
[2019-08-12 11:54:50] trace  /app/ewei_shopv2_api.php?i=2&r=shop.get_cpinfos&comefrom=wxapp&openid=sns_wa_oWJzS5E6FV0vFTKNh9Sr-s7BSShg&mid=&merchid=&authkey=&timestamp=1565582083992 yoxwechatbusinessModel::set_user:END
[2019-08-12 11:54:54] trace  /app/ewei_shopv2_api.php?i=2&r=yoxwechatbusiness&isajax=1&comefrom=wxapp&openid=sns_wa_oWJzS5E6FV0vFTKNh9Sr-s7BSShg&mid=&merchid=&authkey=NjI5YlBrSVA5d1ZNWThoRWFZZGt4b2VLUHNLakxSZHp2WHRjTlhCNStvNmkzYUY1RTZzdm1CenFWRWlrRVloNWlWOVdoSXFvUE1QNzJXa1VTSE52SDRHcU0xMA%3D%3D&timestamp=1565582089658 yoxwechatbusinessModel::set_user:BEGIN
[2019-08-12 11:54:54] trace  /app/ewei_shopv2_api.php?i=2&r=yoxwechatbusiness&isajax=1&comefrom=wxapp&openid=sns_wa_oWJzS5E6FV0vFTKNh9Sr-s7BSShg&mid=&merchid=&authkey=NjI5YlBrSVA5d1ZNWThoRWFZZGt4b2VLUHNLakxSZHp2WHRjTlhCNStvNmkzYUY1RTZzdm1CenFWRWlrRVloNWlWOVdoSXFvUE1QNzJXa1VTSE52SDRHcU0xMA%3D%3D&timestamp=1565582089658 yoxwechatbusinessModel::set_user:END
[2019-08-12 11:54:57] trace  /app/ewei_shopv2_api.php?i=2&r=yoxwechatbusiness.user.my_down_level_user&isajax=1&begin_time=&end_time=&comefrom=wxapp&openid=sns_wa_oWJzS5E6FV0vFTKNh9Sr-s7BSShg&mid=&merchid=&authkey=&timestamp=1565582092762 yoxwechatbusinessModel::set_user:BEGIN
[2019-08-12 11:54:57] trace  /app/ewei_shopv2_api.php?i=2&r=yoxwechatbusiness.user.my_down_level_user&isajax=1&begin_time=&end_time=&comefrom=wxapp&openid=sns_wa_oWJzS5E6FV0vFTKNh9Sr-s7BSShg&mid=&merchid=&authkey=&timestamp=1565582092762 yoxwechatbusinessModel::set_user:END
[2019-08-12 11:55:25] trace  /app/ewei_shopv2_api.php?i=2&r=yoxwechatbusiness.order.order_list&isajax=1&begin_time=&end_time=&user_mark=TEAM&uid=&comefrom=wxapp&openid=sns_wa_oWJzS5E6FV0vFTKNh9Sr-s7BSShg&mid=&merchid=&authkey=&timestamp=1565582120426 yoxwechatbusinessModel::set_user:BEGIN
[2019-08-12 11:55:25] trace  /app/ewei_shopv2_api.php?i=2&r=yoxwechatbusiness.order.order_list&isajax=1&begin_time=&end_time=&user_mark=TEAM&uid=&comefrom=wxapp&openid=sns_wa_oWJzS5E6FV0vFTKNh9Sr-s7BSShg&mid=&merchid=&authkey=&timestamp=1565582120426 yoxwechatbusinessModel::set_user:END
[2019-08-12 11:56:05] trace  /app/ewei_shopv2_api.php?i=2&r=yoxwechatbusiness.order.order_list&isajax=1&begin_time=&end_time=&user_mark=TEAM&uid=&comefrom=wxapp&openid=sns_wa_oWJzS5E6FV0vFTKNh9Sr-s7BSShg&mid=&merchid=&authkey=&timestamp=1565582160758 yoxwechatbusinessModel::set_user:BEGIN
[2019-08-12 11:56:05] trace  /app/ewei_shopv2_api.php?i=2&r=yoxwechatbusiness.order.order_list&isajax=1&begin_time=&end_time=&user_mark=TEAM&uid=&comefrom=wxapp&openid=sns_wa_oWJzS5E6FV0vFTKNh9Sr-s7BSShg&mid=&merchid=&authkey=&timestamp=1565582160758 yoxwechatbusinessModel::set_user:END
[2019-08-12 11:56:07] trace  /app/ewei_shopv2_api.php?i=2&r=yoxwechatbusiness.user.my_down_level_user&isajax=1&begin_time=&end_time=&comefrom=wxapp&openid=sns_wa_oWJzS5E6FV0vFTKNh9Sr-s7BSShg&mid=&merchid=&authkey=&timestamp=1565582162869 yoxwechatbusinessModel::set_user:BEGIN
[2019-08-12 11:56:07] trace  /app/ewei_shopv2_api.php?i=2&r=yoxwechatbusiness.user.my_down_level_user&isajax=1&begin_time=&end_time=&comefrom=wxapp&openid=sns_wa_oWJzS5E6FV0vFTKNh9Sr-s7BSShg&mid=&merchid=&authkey=&timestamp=1565582162869 yoxwechatbusinessModel::set_user:END
[2019-08-12 11:56:26] trace  /app/ewei_shopv2_api.php?i=2&r=yoxwechatbusiness.order.order_list&isajax=1&begin_time=&end_time=&user_mark=TEAM&uid=&comefrom=wxapp&openid=sns_wa_oWJzS5E6FV0vFTKNh9Sr-s7BSShg&mid=&merchid=&authkey=&timestamp=1565582181276 yoxwechatbusinessModel::set_user:BEGIN
[2019-08-12 11:56:26] trace  /app/ewei_shopv2_api.php?i=2&r=yoxwechatbusiness.order.order_list&isajax=1&begin_time=&end_time=&user_mark=TEAM&uid=&comefrom=wxapp&openid=sns_wa_oWJzS5E6FV0vFTKNh9Sr-s7BSShg&mid=&merchid=&authkey=&timestamp=1565582181276 yoxwechatbusinessModel::set_user:END
[2019-08-12 11:56:34] trace  /app/ewei_shopv2_api.php?i=2&r=yoxwechatbusiness.user.my_down_level_user&isajax=1&begin_time=&end_time=&comefrom=wxapp&openid=sns_wa_oWJzS5E6FV0vFTKNh9Sr-s7BSShg&mid=&merchid=&authkey=&timestamp=1565582190022 yoxwechatbusinessModel::set_user:BEGIN
[2019-08-12 11:56:34] trace  /app/ewei_shopv2_api.php?i=2&r=yoxwechatbusiness.user.my_down_level_user&isajax=1&begin_time=&end_time=&comefrom=wxapp&openid=sns_wa_oWJzS5E6FV0vFTKNh9Sr-s7BSShg&mid=&merchid=&authkey=&timestamp=1565582190022 yoxwechatbusinessModel::set_user:END
[2019-08-12 11:57:08] trace  /app/ewei_shopv2_api.php?i=2&r=yoxwechatbusiness.order.order_list&isajax=1&begin_time=&end_time=&user_mark=TEAM&uid=&comefrom=wxapp&openid=sns_wa_oWJzS5E6FV0vFTKNh9Sr-s7BSShg&mid=&merchid=&authkey=&timestamp=1565582223451 yoxwechatbusinessModel::set_user:BEGIN
[2019-08-12 11:57:08] trace  /app/ewei_shopv2_api.php?i=2&r=yoxwechatbusiness.order.order_list&isajax=1&begin_time=&end_time=&user_mark=TEAM&uid=&comefrom=wxapp&openid=sns_wa_oWJzS5E6FV0vFTKNh9Sr-s7BSShg&mid=&merchid=&authkey=&timestamp=1565582223451 yoxwechatbusinessModel::set_user:END
[2019-08-12 12:38:12] trace  /app/ewei_shopv2_api.php?i=2&r=cacheset&version=&comefrom=wxapp&openid=sns_wa_oWJzS5L-ygS3fvcVHWmQD6mf1pos&mid=&merchid=&authkey=NThjNlVZWkdRdHdHeTlvRm5DYnJidEtIVE1odzZ2WkliV2N6Ty94UFV1a0VpSGxwZEVQS1dHQkcrSjJTN1QwaHBLaUd2ZWFM&timestamp=1565584692585 yoxwechatbusinessModel::set_user:BEGIN
[2019-08-12 12:38:12] trace  /app/ewei_shopv2_api.php?i=2&r=cacheset&version=&comefrom=wxapp&openid=sns_wa_oWJzS5L-ygS3fvcVHWmQD6mf1pos&mid=&merchid=&authkey=YjA5NGJJd3R1WEJmYmx1U3J6cXJIZXJvN2grQnB4MjdReVREenRwS1lFTVhRMGNvMmxKa1NDVFlqUzN0emFRL0V1RFlPM28r&timestamp=1565584692684 yoxwechatbusinessModel::set_user:BEGIN
[2019-08-12 12:38:17] trace  /app/ewei_shopv2_api.php?i=2&r=shop.get_category&comefrom=wxapp&openid=sns_wa_oWJzS5L-ygS3fvcVHWmQD6mf1pos&mid=&merchid=&authkey=&timestamp=1565584696660 yoxwechatbusinessModel::set_user:BEGIN
[2019-08-12 12:38:23] trace  /app/ewei_shopv2_api.php?i=2&r=shop.get_shopindex&comefrom=wxapp&openid=sns_wa_oWJzS5L-ygS3fvcVHWmQD6mf1pos&mid=&merchid=&authkey=&timestamp=1565584702812 yoxwechatbusinessModel::set_user:BEGIN
[2019-08-12 12:38:23] trace  /app/ewei_shopv2_api.php?i=2&r=shop.get_cpinfos&comefrom=wxapp&openid=sns_wa_oWJzS5L-ygS3fvcVHWmQD6mf1pos&mid=&merchid=&authkey=&timestamp=1565584702921 yoxwechatbusinessModel::set_user:BEGIN
[2019-08-12 12:38:23] trace  /app/ewei_shopv2_api.php?i=2&r=shop.get_hasnewcoupon&comefrom=wxapp&openid=sns_wa_oWJzS5L-ygS3fvcVHWmQD6mf1pos&mid=&merchid=&authkey=&timestamp=1565584702911 yoxwechatbusinessModel::set_user:BEGIN
[2019-08-12 12:38:44] trace  /app/ewei_shopv2_api.php?i=2&r=shop.get_shopindex&comefrom=wxapp&openid=sns_wa_oWJzS5L-ygS3fvcVHWmQD6mf1pos&mid=&merchid=&authkey=&timestamp=1565584724399 yoxwechatbusinessModel::set_user:BEGIN
[2019-08-12 12:38:45] trace  /app/ewei_shopv2_api.php?i=2&r=shop.get_hasnewcoupon&comefrom=wxapp&openid=sns_wa_oWJzS5L-ygS3fvcVHWmQD6mf1pos&mid=&merchid=&authkey=&timestamp=1565584724437 yoxwechatbusinessModel::set_user:BEGIN
[2019-08-12 12:38:45] trace  /app/ewei_shopv2_api.php?i=2&r=shop.get_cpinfos&comefrom=wxapp&openid=sns_wa_oWJzS5L-ygS3fvcVHWmQD6mf1pos&mid=&merchid=&authkey=&timestamp=1565584724459 yoxwechatbusinessModel::set_user:BEGIN
[2019-08-12 12:39:00] trace  /app/ewei_shopv2_api.php?i=2&r=black&comefrom=wxapp&openid=sns_wa_oWJzS5L-ygS3fvcVHWmQD6mf1pos&mid=&merchid=&authkey=ZGU5NmQvS0xOVklCb0xFWWhPUVZRbW5NQW41Vm1vT3NubVJCbGdHbU9zQ25kc05xTTJVMFNCRjdONjk4L1Q1YjQ4ZzJQaHFIVldUQktXMm5qWS9aZGMyaGtTaGtNd3lBblRZNlZnTHVYMmVPbEE%3D&timestamp=1565584739848 yoxwechatbusinessModel::set_user:BEGIN
[2019-08-12 12:39:00] trace  /app/ewei_shopv2_api.php?i=2&r=diypage&type=home&comefrom=wxapp&openid=sns_wa_oWJzS5L-ygS3fvcVHWmQD6mf1pos&mid=&merchid=&authkey=ZGU5NmQvS0xOVklCb0xFWWhPUVZRbW5NQW41Vm1vT3NubVJCbGdHbU9zQ25kc05xTTJVMFNCRjdONjk4L1Q1YjQ4ZzJQaHFIVldUQktXMm5qWS9aZGMyaGtTaGtNd3lBblRZNlZnTHVYMmVPbEE%3D&timestamp=1565584740361 yoxwechatbusinessModel::set_user:BEGIN
[2019-08-12 12:39:00] trace  /app/ewei_shopv2_api.php?i=2&r=shop.get_shopindex&comefrom=wxapp&openid=sns_wa_oWJzS5L-ygS3fvcVHWmQD6mf1pos&mid=&merchid=&authkey=ZGU5NmQvS0xOVklCb0xFWWhPUVZRbW5NQW41Vm1vT3NubVJCbGdHbU9zQ25kc05xTTJVMFNCRjdONjk4L1Q1YjQ4ZzJQaHFIVldUQktXMm5qWS9aZGMyaGtTaGtNd3lBblRZNlZnTHVYMmVPbEE%3D&timestamp=1565584740585 yoxwechatbusinessModel::set_user:BEGIN
[2019-08-12 12:39:00] trace  /app/ewei_shopv2_api.php?i=2&r=shop.get_hasnewcoupon&comefrom=wxapp&openid=sns_wa_oWJzS5L-ygS3fvcVHWmQD6mf1pos&mid=&merchid=&authkey=ZGU5NmQvS0xOVklCb0xFWWhPUVZRbW5NQW41Vm1vT3NubVJCbGdHbU9zQ25kc05xTTJVMFNCRjdONjk4L1Q1YjQ4ZzJQaHFIVldUQktXMm5qWS9aZGMyaGtTaGtNd3lBblRZNlZnTHVYMmVPbEE%3D&timestamp=1565584740605 yoxwechatbusinessModel::set_user:BEGIN
[2019-08-12 12:39:01] trace  /app/ewei_shopv2_api.php?i=2&r=shop.get_cpinfos&comefrom=wxapp&openid=sns_wa_oWJzS5L-ygS3fvcVHWmQD6mf1pos&mid=&merchid=&authkey=ZGU5NmQvS0xOVklCb0xFWWhPUVZRbW5NQW41Vm1vT3NubVJCbGdHbU9zQ25kc05xTTJVMFNCRjdONjk4L1Q1YjQ4ZzJQaHFIVldUQktXMm5qWS9aZGMyaGtTaGtNd3lBblRZNlZnTHVYMmVPbEE%3D&timestamp=1565584740641 yoxwechatbusinessModel::set_user:BEGIN
[2019-08-12 12:39:19] trace  /app/ewei_shopv2_api.php?i=2&r=black&comefrom=wxapp&openid=sns_wa_oWJzS5L-ygS3fvcVHWmQD6mf1pos&mid=&merchid=&authkey=&timestamp=1565584759541 yoxwechatbusinessModel::set_user:BEGIN
[2019-08-12 12:39:20] trace  /app/ewei_shopv2_api.php?i=2&r=diypage&type=goodsdetail&comefrom=wxapp&openid=sns_wa_oWJzS5L-ygS3fvcVHWmQD6mf1pos&mid=&merchid=&authkey=&timestamp=1565584759619 yoxwechatbusinessModel::set_user:BEGIN
[2019-08-12 12:39:23] trace  /app/ewei_shopv2_api.php?i=2&r=goods.get_detail&id=34&comefrom=wxapp&openid=sns_wa_oWJzS5L-ygS3fvcVHWmQD6mf1pos&mid=&merchid=&authkey=MzI5ZEMzUnBacGtQR080L05OaHl3VTgzQ010c3pyQTM1bVU4bGxQUlhTZmk1c2tIcUdkais3OHQ4cm5XUXhtOWNVREFJM1FBU2g1ZEhkVXBFMWtVS1VnNlYvMkFkM0VVM1NiR0ZXc2ZnaXo0MEE%3D&timestamp=1565584763064 yoxwechatbusinessModel::set_user:BEGIN
[2019-08-12 12:39:23] trace  /app/ewei_shopv2_api.php?i=2&r=black&comefrom=wxapp&openid=sns_wa_oWJzS5L-ygS3fvcVHWmQD6mf1pos&mid=&merchid=&authkey=MzI5ZEMzUnBacGtQR080L05OaHl3VTgzQ010c3pyQTM1bVU4bGxQUlhTZmk1c2tIcUdkais3OHQ4cm5XUXhtOWNVREFJM1FBU2g1ZEhkVXBFMWtVS1VnNlYvMkFkM0VVM1NiR0ZXc2ZnaXo0MEE%3D&timestamp=1565584763436 yoxwechatbusinessModel::set_user:BEGIN
[2019-08-12 12:39:23] trace  /app/ewei_shopv2_api.php?i=2&r=diypage&type=goodsdetail&comefrom=wxapp&openid=sns_wa_oWJzS5L-ygS3fvcVHWmQD6mf1pos&mid=&merchid=&authkey=MzI5ZEMzUnBacGtQR080L05OaHl3VTgzQ010c3pyQTM1bVU4bGxQUlhTZmk1c2tIcUdkais3OHQ4cm5XUXhtOWNVREFJM1FBU2g1ZEhkVXBFMWtVS1VnNlYvMkFkM0VVM1NiR0ZXc2ZnaXo0MEE%3D&timestamp=1565584763660 yoxwechatbusinessModel::set_user:BEGIN
[2019-08-12 12:39:25] trace  /app/ewei_shopv2_api.php?i=2&r=goods.get_comments&id=34&comefrom=wxapp&openid=sns_wa_oWJzS5L-ygS3fvcVHWmQD6mf1pos&mid=&merchid=&authkey=&timestamp=1565584764928 yoxwechatbusinessModel::set_user:BEGIN
[2019-08-12 12:39:27] trace  /app/ewei_shopv2_api.php?i=2&r=goods.get_detail&id=34&comefrom=wxapp&openid=sns_wa_oWJzS5L-ygS3fvcVHWmQD6mf1pos&mid=&merchid=&authkey=OTI1MmZsS2Nacm1SeWEwTGJISHVxd1YzMytsZXIyaVBXWDRvbktIT3oyZDFXbTZMU0hBRnlEa09kdDZFN0loamE2OFpTYjVOZzR4d0pCb3B3bXdKYS9DMVNGZTNnRWRaMURueHkwNGthS2FoT0E%3D&timestamp=1565584767062 yoxwechatbusinessModel::set_user:BEGIN
[2019-08-12 12:39:27] trace  /app/ewei_shopv2_api.php?i=2&r=goods.get_comments&id=34&comefrom=wxapp&openid=sns_wa_oWJzS5L-ygS3fvcVHWmQD6mf1pos&mid=&merchid=&authkey=&timestamp=1565584767742 yoxwechatbusinessModel::set_user:BEGIN
[2019-08-12 12:39:53] trace  /app/ewei_shopv2_api.php?i=2&r=shop.get_shopindex&comefrom=wxapp&openid=sns_wa_oWJzS5L-ygS3fvcVHWmQD6mf1pos&mid=&merchid=&authkey=&timestamp=1565584792935 yoxwechatbusinessModel::set_user:BEGIN
[2019-08-12 12:39:54] trace  /app/ewei_shopv2_api.php?i=2&r=shop.get_cpinfos&comefrom=wxapp&openid=sns_wa_oWJzS5L-ygS3fvcVHWmQD6mf1pos&mid=&merchid=&authkey=&timestamp=1565584792988 yoxwechatbusinessModel::set_user:BEGIN
[2019-08-12 12:39:54] trace  /app/ewei_shopv2_api.php?i=2&r=shop.get_hasnewcoupon&comefrom=wxapp&openid=sns_wa_oWJzS5L-ygS3fvcVHWmQD6mf1pos&mid=&merchid=&authkey=&timestamp=1565584792977 yoxwechatbusinessModel::set_user:BEGIN
[2019-08-12 12:40:20] trace  /app/ewei_shopv2_api.php?i=2&r=shop.get_shopindex&comefrom=wxapp&openid=sns_wa_oWJzS5L-ygS3fvcVHWmQD6mf1pos&mid=&merchid=&authkey=&timestamp=1565584820459 yoxwechatbusinessModel::set_user:BEGIN
[2019-08-12 12:40:20] trace  /app/ewei_shopv2_api.php?i=2&r=shop.get_hasnewcoupon&comefrom=wxapp&openid=sns_wa_oWJzS5L-ygS3fvcVHWmQD6mf1pos&mid=&merchid=&authkey=&timestamp=1565584820514 yoxwechatbusinessModel::set_user:BEGIN
[2019-08-12 12:40:21] trace  /app/ewei_shopv2_api.php?i=2&r=shop.get_cpinfos&comefrom=wxapp&openid=sns_wa_oWJzS5L-ygS3fvcVHWmQD6mf1pos&mid=&merchid=&authkey=&timestamp=1565584820529 yoxwechatbusinessModel::set_user:BEGIN
[2019-08-12 12:40:21] trace  /app/ewei_shopv2_api.php?i=2&r=shop.get_hasnewcoupon&comefrom=wxapp&openid=sns_wa_oWJzS5L-ygS3fvcVHWmQD6mf1pos&mid=&merchid=&authkey=&timestamp=1565584821561 yoxwechatbusinessModel::set_user:BEGIN
[2019-08-12 12:40:21] trace  /app/ewei_shopv2_api.php?i=2&r=shop.get_shopindex&comefrom=wxapp&openid=sns_wa_oWJzS5L-ygS3fvcVHWmQD6mf1pos&mid=&merchid=&authkey=&timestamp=1565584821546 yoxwechatbusinessModel::set_user:BEGIN
[2019-08-12 12:40:21] trace  /app/ewei_shopv2_api.php?i=2&r=shop.get_cpinfos&comefrom=wxapp&openid=sns_wa_oWJzS5L-ygS3fvcVHWmQD6mf1pos&mid=&merchid=&authkey=&timestamp=1565584821573 yoxwechatbusinessModel::set_user:BEGIN
[2019-08-12 15:23:29] trace  /app/ewei_shopv2_api.php?i=2&r=black&comefrom=wxapp&openid=sns_wa_oWJzS5DzIMhsWSFFJmjHGHrWzIdY&authkey=&timestamp=1565594609331 yoxwechatbusinessModel::set_user:BEGIN
[2019-08-12 15:23:29] trace  /app/ewei_shopv2_api.php?i=2&r=black&comefrom=wxapp&openid=sns_wa_oWJzS5DzIMhsWSFFJmjHGHrWzIdY&authkey=&timestamp=1565594609331 yoxwechatbusinessModel::set_user:END
[2019-08-12 15:23:30] trace  /app/ewei_shopv2_api.php?i=2&r=shop.get_cpinfos&comefrom=wxapp&openid=sns_wa_oWJzS5DzIMhsWSFFJmjHGHrWzIdY&mid=&merchid=&authkey=&timestamp=1565594609589 yoxwechatbusinessModel::set_user:BEGIN
[2019-08-12 15:23:30] trace  /app/ewei_shopv2_api.php?i=2&r=shop.get_cpinfos&comefrom=wxapp&openid=sns_wa_oWJzS5DzIMhsWSFFJmjHGHrWzIdY&mid=&merchid=&authkey=&timestamp=1565594609589 yoxwechatbusinessModel::set_user:END
[2019-08-12 15:23:30] trace  /app/ewei_shopv2_api.php?i=2&r=shop.get_hasnewcoupon&comefrom=wxapp&openid=sns_wa_oWJzS5DzIMhsWSFFJmjHGHrWzIdY&mid=&merchid=&authkey=&timestamp=1565594609554 yoxwechatbusinessModel::set_user:BEGIN
[2019-08-12 15:23:30] trace  /app/ewei_shopv2_api.php?i=2&r=shop.get_hasnewcoupon&comefrom=wxapp&openid=sns_wa_oWJzS5DzIMhsWSFFJmjHGHrWzIdY&mid=&merchid=&authkey=&timestamp=1565594609554 yoxwechatbusinessModel::set_user:END
[2019-08-12 15:23:30] trace  /app/ewei_shopv2_api.php?i=2&r=diypage&type=home&comefrom=wxapp&openid=sns_wa_oWJzS5DzIMhsWSFFJmjHGHrWzIdY&mid=&merchid=&authkey=&timestamp=1565594609437 yoxwechatbusinessModel::set_user:BEGIN
[2019-08-12 15:23:30] trace  /app/ewei_shopv2_api.php?i=2&r=diypage&type=home&comefrom=wxapp&openid=sns_wa_oWJzS5DzIMhsWSFFJmjHGHrWzIdY&mid=&merchid=&authkey=&timestamp=1565594609437 yoxwechatbusinessModel::set_user:END
[2019-08-12 15:23:31] trace  /app/ewei_shopv2_api.php?i=2&r=shop.get_shopindex&comefrom=wxapp&openid=sns_wa_oWJzS5DzIMhsWSFFJmjHGHrWzIdY&mid=&merchid=&authkey=&timestamp=1565594609528 yoxwechatbusinessModel::set_user:BEGIN
[2019-08-12 15:23:31] trace  /app/ewei_shopv2_api.php?i=2&r=shop.get_shopindex&comefrom=wxapp&openid=sns_wa_oWJzS5DzIMhsWSFFJmjHGHrWzIdY&mid=&merchid=&authkey=&timestamp=1565594609528 yoxwechatbusinessModel::set_user:END
[2019-08-12 15:23:36] trace  /app/ewei_shopv2_api.php?i=2&r=groups&comefrom=wxapp&openid=sns_wa_oWJzS5DzIMhsWSFFJmjHGHrWzIdY&mid=&merchid=&authkey=MGQyN1BUa1grdWRHTFNzcTg5Qng0OGJZRndQWGY0S20yQk9CK2k3WnUyYUwrMVMzZVcvVnEybTE3UHI4V1hoSnJ0anhyZkVJWVNDYTBsWDQrTm0rc1dHN01XWQ%3D%3D&timestamp=1565594616268 yoxwechatbusinessModel::set_user:BEGIN
[2019-08-12 15:23:36] trace  /app/ewei_shopv2_api.php?i=2&r=groups&comefrom=wxapp&openid=sns_wa_oWJzS5DzIMhsWSFFJmjHGHrWzIdY&mid=&merchid=&authkey=MGQyN1BUa1grdWRHTFNzcTg5Qng0OGJZRndQWGY0S20yQk9CK2k3WnUyYUwrMVMzZVcvVnEybTE3UHI4V1hoSnJ0anhyZkVJWVNDYTBsWDQrTm0rc1dHN01XWQ%3D%3D&timestamp=1565594616268 yoxwechatbusinessModel::set_user:END
[2019-08-12 15:23:39] trace  /app/ewei_shopv2_api.php?i=2&r=black&comefrom=wxapp&openid=sns_wa_oWJzS5DzIMhsWSFFJmjHGHrWzIdY&mid=&merchid=&authkey=&timestamp=1565594619458 yoxwechatbusinessModel::set_user:BEGIN
[2019-08-12 15:23:39] trace  /app/ewei_shopv2_api.php?i=2&r=black&comefrom=wxapp&openid=sns_wa_oWJzS5DzIMhsWSFFJmjHGHrWzIdY&mid=&merchid=&authkey=&timestamp=1565594619458 yoxwechatbusinessModel::set_user:END
[2019-08-12 15:23:39] trace  /app/ewei_shopv2_api.php?i=2&r=diypage&type=home&comefrom=wxapp&openid=sns_wa_oWJzS5DzIMhsWSFFJmjHGHrWzIdY&mid=&merchid=&authkey=&timestamp=1565594619536 yoxwechatbusinessModel::set_user:BEGIN
[2019-08-12 15:23:39] trace  /app/ewei_shopv2_api.php?i=2&r=diypage&type=home&comefrom=wxapp&openid=sns_wa_oWJzS5DzIMhsWSFFJmjHGHrWzIdY&mid=&merchid=&authkey=&timestamp=1565594619536 yoxwechatbusinessModel::set_user:END
[2019-08-12 15:23:39] trace  /app/ewei_shopv2_api.php?i=2&r=shop.get_shopindex&comefrom=wxapp&openid=sns_wa_oWJzS5DzIMhsWSFFJmjHGHrWzIdY&mid=&merchid=&authkey=&timestamp=1565594619599 yoxwechatbusinessModel::set_user:BEGIN
[2019-08-12 15:23:39] trace  /app/ewei_shopv2_api.php?i=2&r=shop.get_shopindex&comefrom=wxapp&openid=sns_wa_oWJzS5DzIMhsWSFFJmjHGHrWzIdY&mid=&merchid=&authkey=&timestamp=1565594619599 yoxwechatbusinessModel::set_user:END
[2019-08-12 15:23:39] trace  /app/ewei_shopv2_api.php?i=2&r=shop.get_hasnewcoupon&comefrom=wxapp&openid=sns_wa_oWJzS5DzIMhsWSFFJmjHGHrWzIdY&mid=&merchid=&authkey=&timestamp=1565594619629 yoxwechatbusinessModel::set_user:BEGIN
[2019-08-12 15:23:39] trace  /app/ewei_shopv2_api.php?i=2&r=shop.get_hasnewcoupon&comefrom=wxapp&openid=sns_wa_oWJzS5DzIMhsWSFFJmjHGHrWzIdY&mid=&merchid=&authkey=&timestamp=1565594619629 yoxwechatbusinessModel::set_user:END
[2019-08-12 15:23:40] trace  /app/ewei_shopv2_api.php?i=2&r=shop.get_cpinfos&comefrom=wxapp&openid=sns_wa_oWJzS5DzIMhsWSFFJmjHGHrWzIdY&mid=&merchid=&authkey=&timestamp=1565594619652 yoxwechatbusinessModel::set_user:BEGIN
[2019-08-12 15:23:40] trace  /app/ewei_shopv2_api.php?i=2&r=shop.get_cpinfos&comefrom=wxapp&openid=sns_wa_oWJzS5DzIMhsWSFFJmjHGHrWzIdY&mid=&merchid=&authkey=&timestamp=1565594619652 yoxwechatbusinessModel::set_user:END
[2019-08-12 15:23:42] trace  /app/ewei_shopv2_api.php?i=2&r=yoxwechatbusiness&isajax=1&comefrom=wxapp&openid=sns_wa_oWJzS5DzIMhsWSFFJmjHGHrWzIdY&mid=&merchid=&authkey=&timestamp=1565594622034 yoxwechatbusinessModel::set_user:BEGIN
[2019-08-12 15:23:42] trace  /app/ewei_shopv2_api.php?i=2&r=yoxwechatbusiness&isajax=1&comefrom=wxapp&openid=sns_wa_oWJzS5DzIMhsWSFFJmjHGHrWzIdY&mid=&merchid=&authkey=&timestamp=1565594622034 yoxwechatbusinessModel::set_user:END
[2019-08-12 15:23:42] trace  /app/ewei_shopv2_api.php?i=2&r=bargain.act&comefrom=wxapp&openid=sns_wa_oWJzS5DzIMhsWSFFJmjHGHrWzIdY&mid=&merchid=&authkey=&timestamp=1565594622058 yoxwechatbusinessModel::set_user:BEGIN
[2019-08-12 15:23:42] trace  /app/ewei_shopv2_api.php?i=2&r=bargain.act&comefrom=wxapp&openid=sns_wa_oWJzS5DzIMhsWSFFJmjHGHrWzIdY&mid=&merchid=&authkey=&timestamp=1565594622058 yoxwechatbusinessModel::set_user:END
[2019-08-12 15:23:52] trace  /app/ewei_shopv2_api.php?i=2&r=yoxwechatbusiness.user.my_down_level_user&isajax=1&begin_time=&end_time=&comefrom=wxapp&openid=sns_wa_oWJzS5DzIMhsWSFFJmjHGHrWzIdY&mid=&merchid=&authkey=&timestamp=1565594632150 yoxwechatbusinessModel::set_user:BEGIN
[2019-08-12 15:23:52] trace  /app/ewei_shopv2_api.php?i=2&r=yoxwechatbusiness.user.my_down_level_user&isajax=1&begin_time=&end_time=&comefrom=wxapp&openid=sns_wa_oWJzS5DzIMhsWSFFJmjHGHrWzIdY&mid=&merchid=&authkey=&timestamp=1565594632150 yoxwechatbusinessModel::set_user:END
[2019-08-12 15:25:22] trace  /app/ewei_shopv2_api.php?i=2&r=yoxwechatbusiness.user.my_down_level_user&isajax=1&begin_time=&end_time=&comefrom=wxapp&openid=sns_wa_oWJzS5DzIMhsWSFFJmjHGHrWzIdY&mid=&merchid=&authkey=&timestamp=1565594722047 yoxwechatbusinessModel::set_user:BEGIN
[2019-08-12 15:25:22] trace  /app/ewei_shopv2_api.php?i=2&r=yoxwechatbusiness.user.my_down_level_user&isajax=1&begin_time=&end_time=&comefrom=wxapp&openid=sns_wa_oWJzS5DzIMhsWSFFJmjHGHrWzIdY&mid=&merchid=&authkey=&timestamp=1565594722047 yoxwechatbusinessModel::set_user:END
[2019-08-12 16:25:42] trace  /app/ewei_shopv2_api.php?i=2&r=shop.get_shopindex&comefrom=wxapp&openid=sns_wa_oWJzS5DzIMhsWSFFJmjHGHrWzIdY&mid=&merchid=&authkey=&timestamp=1565598342030 yoxwechatbusinessModel::set_user:BEGIN
[2019-08-12 16:25:42] trace  /app/ewei_shopv2_api.php?i=2&r=shop.get_shopindex&comefrom=wxapp&openid=sns_wa_oWJzS5DzIMhsWSFFJmjHGHrWzIdY&mid=&merchid=&authkey=&timestamp=1565598342030 yoxwechatbusinessModel::set_user:END
[2019-08-12 16:25:43] trace  /app/ewei_shopv2_api.php?i=2&r=shop.get_cpinfos&comefrom=wxapp&openid=sns_wa_oWJzS5DzIMhsWSFFJmjHGHrWzIdY&mid=&merchid=&authkey=&timestamp=1565598342144 yoxwechatbusinessModel::set_user:BEGIN
[2019-08-12 16:25:43] trace  /app/ewei_shopv2_api.php?i=2&r=shop.get_cpinfos&comefrom=wxapp&openid=sns_wa_oWJzS5DzIMhsWSFFJmjHGHrWzIdY&mid=&merchid=&authkey=&timestamp=1565598342144 yoxwechatbusinessModel::set_user:END
[2019-08-12 16:25:43] trace  /app/ewei_shopv2_api.php?i=2&r=shop.get_shopindex&comefrom=wxapp&openid=sns_wa_oWJzS5DzIMhsWSFFJmjHGHrWzIdY&mid=&merchid=&authkey=&timestamp=1565598343875 yoxwechatbusinessModel::set_user:BEGIN
[2019-08-12 16:25:43] trace  /app/ewei_shopv2_api.php?i=2&r=shop.get_shopindex&comefrom=wxapp&openid=sns_wa_oWJzS5DzIMhsWSFFJmjHGHrWzIdY&mid=&merchid=&authkey=&timestamp=1565598343875 yoxwechatbusinessModel::set_user:END
[2019-08-12 16:25:44] trace  /app/ewei_shopv2_api.php?i=2&r=shop.get_hasnewcoupon&comefrom=wxapp&openid=sns_wa_oWJzS5DzIMhsWSFFJmjHGHrWzIdY&mid=&merchid=&authkey=&timestamp=1565598342057 yoxwechatbusinessModel::set_user:BEGIN
[2019-08-12 16:25:44] trace  /app/ewei_shopv2_api.php?i=2&r=shop.get_hasnewcoupon&comefrom=wxapp&openid=sns_wa_oWJzS5DzIMhsWSFFJmjHGHrWzIdY&mid=&merchid=&authkey=&timestamp=1565598342057 yoxwechatbusinessModel::set_user:END
[2019-08-12 16:25:44] trace  /app/ewei_shopv2_api.php?i=2&r=shop.get_cpinfos&comefrom=wxapp&openid=sns_wa_oWJzS5DzIMhsWSFFJmjHGHrWzIdY&mid=&merchid=&authkey=&timestamp=1565598343912 yoxwechatbusinessModel::set_user:BEGIN
[2019-08-12 16:25:44] trace  /app/ewei_shopv2_api.php?i=2&r=shop.get_cpinfos&comefrom=wxapp&openid=sns_wa_oWJzS5DzIMhsWSFFJmjHGHrWzIdY&mid=&merchid=&authkey=&timestamp=1565598343912 yoxwechatbusinessModel::set_user:END
[2019-08-12 16:25:44] trace  /app/ewei_shopv2_api.php?i=2&r=shop.get_hasnewcoupon&comefrom=wxapp&openid=sns_wa_oWJzS5DzIMhsWSFFJmjHGHrWzIdY&mid=&merchid=&authkey=&timestamp=1565598343894 yoxwechatbusinessModel::set_user:BEGIN
[2019-08-12 16:25:44] trace  /app/ewei_shopv2_api.php?i=2&r=shop.get_hasnewcoupon&comefrom=wxapp&openid=sns_wa_oWJzS5DzIMhsWSFFJmjHGHrWzIdY&mid=&merchid=&authkey=&timestamp=1565598343894 yoxwechatbusinessModel::set_user:END
[2019-08-12 16:28:56] trace  /app/ewei_shopv2_api.php?i=2&r=cacheset&version=&comefrom=wxapp&openid=sns_wa_oWJzS5E6FV0vFTKNh9Sr-s7BSShg&mid=&merchid=&authkey=ZGZlY2hhZVNjSjlNMHRjM0VxVnp5U3g0UHVwVXo4U3c1T0ZOV2lmeWNoYmNqRnJidE5mN1VIRlFhQTVtYkZMeFV4Q3RZUUNQc3UvK3o3VUlJRkxlUTd5aENidw%3D%3D&timestamp=1565598536616 yoxwechatbusinessModel::set_user:BEGIN
[2019-08-12 16:28:56] trace  /app/ewei_shopv2_api.php?i=2&r=cacheset&version=&comefrom=wxapp&openid=sns_wa_oWJzS5E6FV0vFTKNh9Sr-s7BSShg&mid=&merchid=&authkey=ZGZlY2hhZVNjSjlNMHRjM0VxVnp5U3g0UHVwVXo4U3c1T0ZOV2lmeWNoYmNqRnJidE5mN1VIRlFhQTVtYkZMeFV4Q3RZUUNQc3UvK3o3VUlJRkxlUTd5aENidw%3D%3D&timestamp=1565598536616 yoxwechatbusinessModel::set_user:END
[2019-08-12 16:28:56] trace  /app/ewei_shopv2_api.php?i=2&r=cacheset&version=&comefrom=wxapp&openid=sns_wa_oWJzS5E6FV0vFTKNh9Sr-s7BSShg&mid=&merchid=&authkey=MDJiZnNTME9Na1J1dmtwOGphLzg5Nmp5c0xvcStBRm0wS0pkMnp1NkJ3Y01rL3hRdTNoOThJWkZkd3hLYmpFcTBoS1BEMzhuUlJqL293bU9ZNjlzVTVKUlZLcw%3D%3D&timestamp=1565598536857 yoxwechatbusinessModel::set_user:BEGIN
[2019-08-12 16:28:56] trace  /app/ewei_shopv2_api.php?i=2&r=cacheset&version=&comefrom=wxapp&openid=sns_wa_oWJzS5E6FV0vFTKNh9Sr-s7BSShg&mid=&merchid=&authkey=MDJiZnNTME9Na1J1dmtwOGphLzg5Nmp5c0xvcStBRm0wS0pkMnp1NkJ3Y01rL3hRdTNoOThJWkZkd3hLYmpFcTBoS1BEMzhuUlJqL293bU9ZNjlzVTVKUlZLcw%3D%3D&timestamp=1565598536857 yoxwechatbusinessModel::set_user:END
[2019-08-12 16:29:43] trace  /app/ewei_shopv2_api.php?i=2&r=yoxwechatbusiness&isajax=1&comefrom=wxapp&openid=sns_wa_oWJzS5E6FV0vFTKNh9Sr-s7BSShg&mid=&merchid=&authkey=&timestamp=1565598583394 yoxwechatbusinessModel::set_user:BEGIN
[2019-08-12 16:29:43] trace  /app/ewei_shopv2_api.php?i=2&r=yoxwechatbusiness&isajax=1&comefrom=wxapp&openid=sns_wa_oWJzS5E6FV0vFTKNh9Sr-s7BSShg&mid=&merchid=&authkey=&timestamp=1565598583394 yoxwechatbusinessModel::set_user:END
[2019-08-12 16:29:43] trace  /app/ewei_shopv2_api.php?i=2&r=bargain.act&comefrom=wxapp&openid=sns_wa_oWJzS5E6FV0vFTKNh9Sr-s7BSShg&mid=&merchid=&authkey=&timestamp=1565598583417 yoxwechatbusinessModel::set_user:BEGIN
[2019-08-12 16:29:43] trace  /app/ewei_shopv2_api.php?i=2&r=bargain.act&comefrom=wxapp&openid=sns_wa_oWJzS5E6FV0vFTKNh9Sr-s7BSShg&mid=&merchid=&authkey=&timestamp=1565598583417 yoxwechatbusinessModel::set_user:END
[2019-08-12 16:29:49] trace  /app/ewei_shopv2_api.php?i=2&r=yoxwechatbusiness.user.my_down_level_user&isajax=1&begin_time=&end_time=&comefrom=wxapp&openid=sns_wa_oWJzS5E6FV0vFTKNh9Sr-s7BSShg&mid=&merchid=&authkey=&timestamp=1565598589217 yoxwechatbusinessModel::set_user:BEGIN
[2019-08-12 16:29:49] trace  /app/ewei_shopv2_api.php?i=2&r=yoxwechatbusiness.user.my_down_level_user&isajax=1&begin_time=&end_time=&comefrom=wxapp&openid=sns_wa_oWJzS5E6FV0vFTKNh9Sr-s7BSShg&mid=&merchid=&authkey=&timestamp=1565598589217 yoxwechatbusinessModel::set_user:END
[2019-08-12 16:35:06] trace  /app/ewei_shopv2_api.php?i=2&r=black&comefrom=wxapp&openid=sns_wa_oWJzS5E6FV0vFTKNh9Sr-s7BSShg&mid=&merchid=&authkey=&timestamp=1565598906208 yoxwechatbusinessModel::set_user:BEGIN
[2019-08-12 16:35:06] trace  /app/ewei_shopv2_api.php?i=2&r=black&comefrom=wxapp&openid=sns_wa_oWJzS5E6FV0vFTKNh9Sr-s7BSShg&mid=&merchid=&authkey=&timestamp=1565598906208 yoxwechatbusinessModel::set_user:END
[2019-08-12 16:35:06] trace  /app/ewei_shopv2_api.php?i=2&r=diypage&type=home&comefrom=wxapp&openid=sns_wa_oWJzS5E6FV0vFTKNh9Sr-s7BSShg&mid=&merchid=&authkey=&timestamp=1565598906315 yoxwechatbusinessModel::set_user:BEGIN
[2019-08-12 16:35:06] trace  /app/ewei_shopv2_api.php?i=2&r=diypage&type=home&comefrom=wxapp&openid=sns_wa_oWJzS5E6FV0vFTKNh9Sr-s7BSShg&mid=&merchid=&authkey=&timestamp=1565598906315 yoxwechatbusinessModel::set_user:END
[2019-08-12 16:35:06] trace  /app/ewei_shopv2_api.php?i=2&r=shop.get_shopindex&comefrom=wxapp&openid=sns_wa_oWJzS5E6FV0vFTKNh9Sr-s7BSShg&mid=&merchid=&authkey=&timestamp=1565598906367 yoxwechatbusinessModel::set_user:BEGIN
[2019-08-12 16:35:06] trace  /app/ewei_shopv2_api.php?i=2&r=shop.get_shopindex&comefrom=wxapp&openid=sns_wa_oWJzS5E6FV0vFTKNh9Sr-s7BSShg&mid=&merchid=&authkey=&timestamp=1565598906367 yoxwechatbusinessModel::set_user:END
[2019-08-12 16:35:07] trace  /app/ewei_shopv2_api.php?i=2&r=shop.get_hasnewcoupon&comefrom=wxapp&openid=sns_wa_oWJzS5E6FV0vFTKNh9Sr-s7BSShg&mid=&merchid=&authkey=&timestamp=1565598906391 yoxwechatbusinessModel::set_user:BEGIN
[2019-08-12 16:35:07] trace  /app/ewei_shopv2_api.php?i=2&r=shop.get_hasnewcoupon&comefrom=wxapp&openid=sns_wa_oWJzS5E6FV0vFTKNh9Sr-s7BSShg&mid=&merchid=&authkey=&timestamp=1565598906391 yoxwechatbusinessModel::set_user:END
[2019-08-12 16:35:07] trace  /app/ewei_shopv2_api.php?i=2&r=shop.get_cpinfos&comefrom=wxapp&openid=sns_wa_oWJzS5E6FV0vFTKNh9Sr-s7BSShg&mid=&merchid=&authkey=&timestamp=1565598906416 yoxwechatbusinessModel::set_user:BEGIN
[2019-08-12 16:35:07] trace  /app/ewei_shopv2_api.php?i=2&r=shop.get_cpinfos&comefrom=wxapp&openid=sns_wa_oWJzS5E6FV0vFTKNh9Sr-s7BSShg&mid=&merchid=&authkey=&timestamp=1565598906416 yoxwechatbusinessModel::set_user:END
[2019-08-12 16:35:13] trace  /app/ewei_shopv2_api.php?i=2&r=yoxwechatbusiness&isajax=1&comefrom=wxapp&openid=sns_wa_oWJzS5E6FV0vFTKNh9Sr-s7BSShg&mid=&merchid=&authkey=&timestamp=1565598913112 yoxwechatbusinessModel::set_user:BEGIN
[2019-08-12 16:35:13] trace  /app/ewei_shopv2_api.php?i=2&r=yoxwechatbusiness&isajax=1&comefrom=wxapp&openid=sns_wa_oWJzS5E6FV0vFTKNh9Sr-s7BSShg&mid=&merchid=&authkey=&timestamp=1565598913112 yoxwechatbusinessModel::set_user:END
[2019-08-12 16:35:13] trace  /app/ewei_shopv2_api.php?i=2&r=bargain.act&comefrom=wxapp&openid=sns_wa_oWJzS5E6FV0vFTKNh9Sr-s7BSShg&mid=&merchid=&authkey=&timestamp=1565598913135 yoxwechatbusinessModel::set_user:BEGIN
[2019-08-12 16:35:13] trace  /app/ewei_shopv2_api.php?i=2&r=bargain.act&comefrom=wxapp&openid=sns_wa_oWJzS5E6FV0vFTKNh9Sr-s7BSShg&mid=&merchid=&authkey=&timestamp=1565598913135 yoxwechatbusinessModel::set_user:END
[2019-08-12 16:35:16] trace  /app/ewei_shopv2_api.php?i=2&r=yoxwechatbusiness.user.my_down_level_user&isajax=1&begin_time=&end_time=&comefrom=wxapp&openid=sns_wa_oWJzS5E6FV0vFTKNh9Sr-s7BSShg&mid=&merchid=&authkey=&timestamp=1565598916200 yoxwechatbusinessModel::set_user:BEGIN
[2019-08-12 16:35:16] trace  /app/ewei_shopv2_api.php?i=2&r=yoxwechatbusiness.user.my_down_level_user&isajax=1&begin_time=&end_time=&comefrom=wxapp&openid=sns_wa_oWJzS5E6FV0vFTKNh9Sr-s7BSShg&mid=&merchid=&authkey=&timestamp=1565598916200 yoxwechatbusinessModel::set_user:END
[2019-08-12 16:46:37] trace  /app/ewei_shopv2_api.php?i=2&r=black&comefrom=wxapp&openid=sns_wa_oWJzS5E6FV0vFTKNh9Sr-s7BSShg&mid=&merchid=&authkey=&timestamp=1565599597684 yoxwechatbusinessModel::set_user:BEGIN
[2019-08-12 16:46:37] trace  /app/ewei_shopv2_api.php?i=2&r=black&comefrom=wxapp&openid=sns_wa_oWJzS5E6FV0vFTKNh9Sr-s7BSShg&mid=&merchid=&authkey=&timestamp=1565599597684 yoxwechatbusinessModel::set_user:END
[2019-08-12 16:46:38] trace  /app/ewei_shopv2_api.php?i=2&r=diypage&type=home&comefrom=wxapp&openid=sns_wa_oWJzS5E6FV0vFTKNh9Sr-s7BSShg&mid=&merchid=&authkey=&timestamp=1565599597732 yoxwechatbusinessModel::set_user:BEGIN
[2019-08-12 16:46:38] trace  /app/ewei_shopv2_api.php?i=2&r=diypage&type=home&comefrom=wxapp&openid=sns_wa_oWJzS5E6FV0vFTKNh9Sr-s7BSShg&mid=&merchid=&authkey=&timestamp=1565599597732 yoxwechatbusinessModel::set_user:END
[2019-08-12 16:46:38] trace  /app/ewei_shopv2_api.php?i=2&r=shop.get_shopindex&comefrom=wxapp&openid=sns_wa_oWJzS5E6FV0vFTKNh9Sr-s7BSShg&mid=&merchid=&authkey=&timestamp=1565599597779 yoxwechatbusinessModel::set_user:BEGIN
[2019-08-12 16:46:38] trace  /app/ewei_shopv2_api.php?i=2&r=shop.get_shopindex&comefrom=wxapp&openid=sns_wa_oWJzS5E6FV0vFTKNh9Sr-s7BSShg&mid=&merchid=&authkey=&timestamp=1565599597779 yoxwechatbusinessModel::set_user:END
[2019-08-12 16:46:38] trace  /app/ewei_shopv2_api.php?i=2&r=shop.get_hasnewcoupon&comefrom=wxapp&openid=sns_wa_oWJzS5E6FV0vFTKNh9Sr-s7BSShg&mid=&merchid=&authkey=&timestamp=1565599597803 yoxwechatbusinessModel::set_user:BEGIN
[2019-08-12 16:46:38] trace  /app/ewei_shopv2_api.php?i=2&r=shop.get_hasnewcoupon&comefrom=wxapp&openid=sns_wa_oWJzS5E6FV0vFTKNh9Sr-s7BSShg&mid=&merchid=&authkey=&timestamp=1565599597803 yoxwechatbusinessModel::set_user:END
[2019-08-12 16:46:38] trace  /app/ewei_shopv2_api.php?i=2&r=shop.get_cpinfos&comefrom=wxapp&openid=sns_wa_oWJzS5E6FV0vFTKNh9Sr-s7BSShg&mid=&merchid=&authkey=&timestamp=1565599597828 yoxwechatbusinessModel::set_user:BEGIN
[2019-08-12 16:46:38] trace  /app/ewei_shopv2_api.php?i=2&r=shop.get_cpinfos&comefrom=wxapp&openid=sns_wa_oWJzS5E6FV0vFTKNh9Sr-s7BSShg&mid=&merchid=&authkey=&timestamp=1565599597828 yoxwechatbusinessModel::set_user:END
[2019-08-12 16:46:45] trace  /app/ewei_shopv2_api.php?i=2&r=yoxwechatbusiness&isajax=1&comefrom=wxapp&openid=sns_wa_oWJzS5E6FV0vFTKNh9Sr-s7BSShg&mid=&merchid=&authkey=&timestamp=1565599605362 yoxwechatbusinessModel::set_user:BEGIN
[2019-08-12 16:46:45] trace  /app/ewei_shopv2_api.php?i=2&r=yoxwechatbusiness&isajax=1&comefrom=wxapp&openid=sns_wa_oWJzS5E6FV0vFTKNh9Sr-s7BSShg&mid=&merchid=&authkey=&timestamp=1565599605362 yoxwechatbusinessModel::set_user:END
[2019-08-12 16:46:45] trace  /app/ewei_shopv2_api.php?i=2&r=bargain.act&comefrom=wxapp&openid=sns_wa_oWJzS5E6FV0vFTKNh9Sr-s7BSShg&mid=&merchid=&authkey=&timestamp=1565599605444 yoxwechatbusinessModel::set_user:BEGIN
[2019-08-12 16:46:45] trace  /app/ewei_shopv2_api.php?i=2&r=bargain.act&comefrom=wxapp&openid=sns_wa_oWJzS5E6FV0vFTKNh9Sr-s7BSShg&mid=&merchid=&authkey=&timestamp=1565599605444 yoxwechatbusinessModel::set_user:END
[2019-08-12 16:46:52] trace  /app/ewei_shopv2_api.php?i=2&r=yoxwechatbusiness.user.my_down_level_user&isajax=1&begin_time=&end_time=&comefrom=wxapp&openid=sns_wa_oWJzS5E6FV0vFTKNh9Sr-s7BSShg&mid=&merchid=&authkey=&timestamp=1565599612238 yoxwechatbusinessModel::set_user:BEGIN
[2019-08-12 16:46:52] trace  /app/ewei_shopv2_api.php?i=2&r=yoxwechatbusiness.user.my_down_level_user&isajax=1&begin_time=&end_time=&comefrom=wxapp&openid=sns_wa_oWJzS5E6FV0vFTKNh9Sr-s7BSShg&mid=&merchid=&authkey=&timestamp=1565599612238 yoxwechatbusinessModel::set_user:END
[2019-08-12 16:47:15] trace  /app/ewei_shopv2_api.php?i=2&r=yoxwechatbusiness.user.my_down_level_user&isajax=1&begin_time=&end_time=&comefrom=wxapp&openid=sns_wa_oWJzS5E6FV0vFTKNh9Sr-s7BSShg&mid=&merchid=&authkey=&timestamp=1565599635227 yoxwechatbusinessModel::set_user:BEGIN
[2019-08-12 16:47:15] trace  /app/ewei_shopv2_api.php?i=2&r=yoxwechatbusiness.user.my_down_level_user&isajax=1&begin_time=&end_time=&comefrom=wxapp&openid=sns_wa_oWJzS5E6FV0vFTKNh9Sr-s7BSShg&mid=&merchid=&authkey=&timestamp=1565599635227 yoxwechatbusinessModel::set_user:END
[2019-08-12 16:49:40] trace  /app/ewei_shopv2_api.php?i=2&r=yoxwechatbusiness.order.order_list&isajax=1&begin_time=&end_time=&user_mark=TEAM&uid=&comefrom=wxapp&openid=sns_wa_oWJzS5E6FV0vFTKNh9Sr-s7BSShg&mid=&merchid=&authkey=&timestamp=1565599780220 yoxwechatbusinessModel::set_user:BEGIN
[2019-08-12 16:49:40] trace  /app/ewei_shopv2_api.php?i=2&r=yoxwechatbusiness.order.order_list&isajax=1&begin_time=&end_time=&user_mark=TEAM&uid=&comefrom=wxapp&openid=sns_wa_oWJzS5E6FV0vFTKNh9Sr-s7BSShg&mid=&merchid=&authkey=&timestamp=1565599780220 yoxwechatbusinessModel::set_user:END
[2019-08-12 16:59:46] trace  /app/ewei_shopv2_api.php?i=2&r=yoxwechatbusiness.user.my_down_level_user&isajax=1&begin_time=&end_time=&comefrom=wxapp&openid=sns_wa_oWJzS5E6FV0vFTKNh9Sr-s7BSShg&mid=&merchid=&authkey=&timestamp=1565600386523 yoxwechatbusinessModel::set_user:BEGIN
[2019-08-12 16:59:46] trace  /app/ewei_shopv2_api.php?i=2&r=yoxwechatbusiness.user.my_down_level_user&isajax=1&begin_time=&end_time=&comefrom=wxapp&openid=sns_wa_oWJzS5E6FV0vFTKNh9Sr-s7BSShg&mid=&merchid=&authkey=&timestamp=1565600386523 yoxwechatbusinessModel::set_user:END
[2019-08-12 17:00:03] trace  /app/ewei_shopv2_api.php?i=2&r=yoxwechatbusiness.user.my_down_level_user&isajax=1&begin_time=&end_time=&comefrom=wxapp&openid=sns_wa_oWJzS5E6FV0vFTKNh9Sr-s7BSShg&mid=&merchid=&authkey=&timestamp=1565600403662 yoxwechatbusinessModel::set_user:BEGIN
[2019-08-12 17:00:03] trace  /app/ewei_shopv2_api.php?i=2&r=yoxwechatbusiness.user.my_down_level_user&isajax=1&begin_time=&end_time=&comefrom=wxapp&openid=sns_wa_oWJzS5E6FV0vFTKNh9Sr-s7BSShg&mid=&merchid=&authkey=&timestamp=1565600403662 yoxwechatbusinessModel::set_user:END
[2019-08-12 17:00:52] trace  /app/ewei_shopv2_api.php?i=2&r=yoxwechatbusiness.user.my_down_level_user&isajax=1&begin_time=&end_time=&comefrom=wxapp&openid=sns_wa_oWJzS5E6FV0vFTKNh9Sr-s7BSShg&mid=&merchid=&authkey=&timestamp=1565600452094 yoxwechatbusinessModel::set_user:BEGIN
[2019-08-12 17:00:52] trace  /app/ewei_shopv2_api.php?i=2&r=yoxwechatbusiness.user.my_down_level_user&isajax=1&begin_time=&end_time=&comefrom=wxapp&openid=sns_wa_oWJzS5E6FV0vFTKNh9Sr-s7BSShg&mid=&merchid=&authkey=&timestamp=1565600452094 yoxwechatbusinessModel::set_user:END
[2019-08-12 17:01:24] trace  /app/ewei_shopv2_api.php?i=2&r=yoxwechatbusiness.user.my_down_level_user&isajax=1&begin_time=&end_time=&comefrom=wxapp&openid=sns_wa_oWJzS5E6FV0vFTKNh9Sr-s7BSShg&mid=&merchid=&authkey=&timestamp=1565600484478 yoxwechatbusinessModel::set_user:BEGIN
[2019-08-12 17:01:24] trace  /app/ewei_shopv2_api.php?i=2&r=yoxwechatbusiness.user.my_down_level_user&isajax=1&begin_time=&end_time=&comefrom=wxapp&openid=sns_wa_oWJzS5E6FV0vFTKNh9Sr-s7BSShg&mid=&merchid=&authkey=&timestamp=1565600484478 yoxwechatbusinessModel::set_user:END
[2019-08-12 17:01:36] trace  /app/ewei_shopv2_api.php?i=2&r=yoxwechatbusiness.user.my_down_level_user&isajax=1&begin_time=&end_time=&comefrom=wxapp&openid=sns_wa_oWJzS5E6FV0vFTKNh9Sr-s7BSShg&mid=&merchid=&authkey=&timestamp=1565600496323 yoxwechatbusinessModel::set_user:BEGIN
[2019-08-12 17:01:36] trace  /app/ewei_shopv2_api.php?i=2&r=yoxwechatbusiness.user.my_down_level_user&isajax=1&begin_time=&end_time=&comefrom=wxapp&openid=sns_wa_oWJzS5E6FV0vFTKNh9Sr-s7BSShg&mid=&merchid=&authkey=&timestamp=1565600496323 yoxwechatbusinessModel::set_user:END
[2019-08-12 17:03:27] trace  /app/ewei_shopv2_api.php?i=2&r=yoxwechatbusiness.user.my_down_level_user&isajax=1&begin_time=&end_time=&comefrom=wxapp&openid=sns_wa_oWJzS5E6FV0vFTKNh9Sr-s7BSShg&mid=&merchid=&authkey=&timestamp=1565600607367 yoxwechatbusinessModel::set_user:BEGIN
[2019-08-12 17:03:27] trace  /app/ewei_shopv2_api.php?i=2&r=yoxwechatbusiness.user.my_down_level_user&isajax=1&begin_time=&end_time=&comefrom=wxapp&openid=sns_wa_oWJzS5E6FV0vFTKNh9Sr-s7BSShg&mid=&merchid=&authkey=&timestamp=1565600607367 yoxwechatbusinessModel::set_user:END
[2019-08-12 17:07:20] trace  /app/ewei_shopv2_api.php?i=2&r=yoxwechatbusiness.user.my_down_level_user&isajax=1&begin_time=&end_time=&comefrom=wxapp&openid=sns_wa_oWJzS5E6FV0vFTKNh9Sr-s7BSShg&mid=&merchid=&authkey=&timestamp=1565600840242 yoxwechatbusinessModel::set_user:BEGIN
[2019-08-12 17:07:20] trace  /app/ewei_shopv2_api.php?i=2&r=yoxwechatbusiness.user.my_down_level_user&isajax=1&begin_time=&end_time=&comefrom=wxapp&openid=sns_wa_oWJzS5E6FV0vFTKNh9Sr-s7BSShg&mid=&merchid=&authkey=&timestamp=1565600840242 yoxwechatbusinessModel::set_user:END
[2019-08-12 17:07:35] trace  /app/ewei_shopv2_api.php?i=2&r=yoxwechatbusiness.user.my_down_level_user&isajax=1&begin_time=&end_time=&comefrom=wxapp&openid=sns_wa_oWJzS5E6FV0vFTKNh9Sr-s7BSShg&mid=&merchid=&authkey=&timestamp=1565600855766 yoxwechatbusinessModel::set_user:BEGIN
[2019-08-12 17:07:35] trace  /app/ewei_shopv2_api.php?i=2&r=yoxwechatbusiness.user.my_down_level_user&isajax=1&begin_time=&end_time=&comefrom=wxapp&openid=sns_wa_oWJzS5E6FV0vFTKNh9Sr-s7BSShg&mid=&merchid=&authkey=&timestamp=1565600855766 yoxwechatbusinessModel::set_user:END
[2019-08-12 17:08:24] trace  /app/ewei_shopv2_api.php?i=2&r=yoxwechatbusiness.user.my_down_level_user&isajax=1&begin_time=&end_time=&comefrom=wxapp&openid=sns_wa_oWJzS5E6FV0vFTKNh9Sr-s7BSShg&mid=&merchid=&authkey=&timestamp=1565600904020 yoxwechatbusinessModel::set_user:BEGIN
[2019-08-12 17:08:24] trace  /app/ewei_shopv2_api.php?i=2&r=yoxwechatbusiness.user.my_down_level_user&isajax=1&begin_time=&end_time=&comefrom=wxapp&openid=sns_wa_oWJzS5E6FV0vFTKNh9Sr-s7BSShg&mid=&merchid=&authkey=&timestamp=1565600904020 yoxwechatbusinessModel::set_user:END
[2019-08-12 17:08:48] trace  /app/ewei_shopv2_api.php?i=2&r=yoxwechatbusiness.user.my_down_level_user&isajax=1&begin_time=&end_time=&comefrom=wxapp&openid=sns_wa_oWJzS5E6FV0vFTKNh9Sr-s7BSShg&mid=&merchid=&authkey=&timestamp=1565600928196 yoxwechatbusinessModel::set_user:BEGIN
[2019-08-12 17:08:48] trace  /app/ewei_shopv2_api.php?i=2&r=yoxwechatbusiness.user.my_down_level_user&isajax=1&begin_time=&end_time=&comefrom=wxapp&openid=sns_wa_oWJzS5E6FV0vFTKNh9Sr-s7BSShg&mid=&merchid=&authkey=&timestamp=1565600928196 yoxwechatbusinessModel::set_user:END
[2019-08-12 17:16:51] trace  /app/ewei_shopv2_api.php?i=2&r=yoxwechatbusiness.order.order_list&isajax=1&begin_time=&end_time=&user_mark=TEAM&uid=&comefrom=wxapp&openid=sns_wa_oWJzS5E6FV0vFTKNh9Sr-s7BSShg&mid=&merchid=&authkey=&timestamp=1565601411139 yoxwechatbusinessModel::set_user:BEGIN
[2019-08-12 17:16:51] trace  /app/ewei_shopv2_api.php?i=2&r=yoxwechatbusiness.order.order_list&isajax=1&begin_time=&end_time=&user_mark=TEAM&uid=&comefrom=wxapp&openid=sns_wa_oWJzS5E6FV0vFTKNh9Sr-s7BSShg&mid=&merchid=&authkey=&timestamp=1565601411139 yoxwechatbusinessModel::set_user:END
[2019-08-12 17:18:34] trace  /app/ewei_shopv2_api.php?i=2&r=yoxwechatbusiness.user.my_down_level_user&isajax=1&begin_time=&end_time=&comefrom=wxapp&openid=sns_wa_oWJzS5E6FV0vFTKNh9Sr-s7BSShg&mid=&merchid=&authkey=&timestamp=1565601514557 yoxwechatbusinessModel::set_user:BEGIN
[2019-08-12 17:18:34] trace  /app/ewei_shopv2_api.php?i=2&r=yoxwechatbusiness.user.my_down_level_user&isajax=1&begin_time=&end_time=&comefrom=wxapp&openid=sns_wa_oWJzS5E6FV0vFTKNh9Sr-s7BSShg&mid=&merchid=&authkey=&timestamp=1565601514557 yoxwechatbusinessModel::set_user:END
[2019-08-12 17:22:23] trace  /app/ewei_shopv2_api.php?i=2&r=yoxwechatbusiness.user.my_down_level_user&isajax=1&begin_time=&end_time=&comefrom=wxapp&openid=sns_wa_oWJzS5E6FV0vFTKNh9Sr-s7BSShg&mid=&merchid=&authkey=&timestamp=1565601743387 yoxwechatbusinessModel::set_user:BEGIN
[2019-08-12 17:22:23] trace  /app/ewei_shopv2_api.php?i=2&r=yoxwechatbusiness.user.my_down_level_user&isajax=1&begin_time=&end_time=&comefrom=wxapp&openid=sns_wa_oWJzS5E6FV0vFTKNh9Sr-s7BSShg&mid=&merchid=&authkey=&timestamp=1565601743387 yoxwechatbusinessModel::set_user:END
[2019-08-12 17:22:27] trace  /app/ewei_shopv2_api.php?i=2&r=yoxwechatbusiness.order.order_list&isajax=1&begin_time=&end_time=&user_mark=TEAM&uid=&comefrom=wxapp&openid=sns_wa_oWJzS5E6FV0vFTKNh9Sr-s7BSShg&mid=&merchid=&authkey=&timestamp=1565601747527 yoxwechatbusinessModel::set_user:BEGIN
[2019-08-12 17:22:27] trace  /app/ewei_shopv2_api.php?i=2&r=yoxwechatbusiness.order.order_list&isajax=1&begin_time=&end_time=&user_mark=TEAM&uid=&comefrom=wxapp&openid=sns_wa_oWJzS5E6FV0vFTKNh9Sr-s7BSShg&mid=&merchid=&authkey=&timestamp=1565601747527 yoxwechatbusinessModel::set_user:END
[2019-08-12 17:26:37] trace  /app/ewei_shopv2_api.php?i=2&r=cacheset&version=&comefrom=wxapp&openid=sns_wa_oWJzS5AqK5fXwChfll8RgA0GTRF4&mid=&merchid=&authkey=ZWU5MU5IbS9CTFRKVzQ5K2NaUkoxL2pocW5HOHMzWEZuRUdRRzI3aHliWFd1QkdCZzBCSFJhY2ZBOHp1Q1pNWVI1MXNuY1ZJVG9OR2duQ0pPK2FuYlFqSWtQWQ%3D%3D&timestamp=1565601955318 yoxwechatbusinessModel::set_user:BEGIN
[2019-08-12 17:26:37] trace  /app/ewei_shopv2_api.php?i=2&r=cacheset&version=&comefrom=wxapp&openid=sns_wa_oWJzS5AqK5fXwChfll8RgA0GTRF4&mid=&merchid=&authkey=ZWU5MU5IbS9CTFRKVzQ5K2NaUkoxL2pocW5HOHMzWEZuRUdRRzI3aHliWFd1QkdCZzBCSFJhY2ZBOHp1Q1pNWVI1MXNuY1ZJVG9OR2duQ0pPK2FuYlFqSWtQWQ%3D%3D&timestamp=1565601955318 yoxwechatbusinessModel::set_user:END
[2019-08-12 17:26:38] trace  /app/ewei_shopv2_api.php?i=2&r=cacheset&version=&comefrom=wxapp&openid=sns_wa_oWJzS5AqK5fXwChfll8RgA0GTRF4&mid=&merchid=&authkey=ODc4Ym5WQkg4cWY3RjArNHhXTG9uYlV3aW1pVzdtSU9DVUZjZDNIN3lyMVVkUG0wUWhPZmFDS3JNVU5XS3BHTWlwa3FPd3I0ejRZdDZLcFdxRHYzdFBUZWp5MA%3D%3D&timestamp=1565601955517 yoxwechatbusinessModel::set_user:BEGIN
[2019-08-12 17:26:38] trace  /app/ewei_shopv2_api.php?i=2&r=cacheset&version=&comefrom=wxapp&openid=sns_wa_oWJzS5AqK5fXwChfll8RgA0GTRF4&mid=&merchid=&authkey=ODc4Ym5WQkg4cWY3RjArNHhXTG9uYlV3aW1pVzdtSU9DVUZjZDNIN3lyMVVkUG0wUWhPZmFDS3JNVU5XS3BHTWlwa3FPd3I0ejRZdDZLcFdxRHYzdFBUZWp5MA%3D%3D&timestamp=1565601955517 yoxwechatbusinessModel::set_user:END
[2019-08-12 17:26:57] trace  /app/ewei_shopv2_api.php?i=2&r=yoxwechatbusiness&isajax=1&comefrom=wxapp&openid=sns_wa_oWJzS5AqK5fXwChfll8RgA0GTRF4&mid=&merchid=&authkey=&timestamp=1565601975168 yoxwechatbusinessModel::set_user:BEGIN
[2019-08-12 17:26:57] trace  /app/ewei_shopv2_api.php?i=2&r=yoxwechatbusiness&isajax=1&comefrom=wxapp&openid=sns_wa_oWJzS5AqK5fXwChfll8RgA0GTRF4&mid=&merchid=&authkey=&timestamp=1565601975168 yoxwechatbusinessModel::set_user:END
[2019-08-12 17:26:58] trace  /app/ewei_shopv2_api.php?i=2&r=bargain.act&comefrom=wxapp&openid=sns_wa_oWJzS5AqK5fXwChfll8RgA0GTRF4&mid=&merchid=&authkey=&timestamp=1565601975230 yoxwechatbusinessModel::set_user:BEGIN
[2019-08-12 17:26:58] trace  /app/ewei_shopv2_api.php?i=2&r=bargain.act&comefrom=wxapp&openid=sns_wa_oWJzS5AqK5fXwChfll8RgA0GTRF4&mid=&merchid=&authkey=&timestamp=1565601975230 yoxwechatbusinessModel::set_user:END
[2019-08-12 17:27:11] trace  /app/ewei_shopv2_api.php?i=2&r=yoxwechatbusiness.user.my_down_level_user&isajax=1&begin_time=&end_time=&comefrom=wxapp&openid=sns_wa_oWJzS5AqK5fXwChfll8RgA0GTRF4&mid=&merchid=&authkey=&timestamp=1565601988467 yoxwechatbusinessModel::set_user:BEGIN
[2019-08-12 17:27:11] trace  /app/ewei_shopv2_api.php?i=2&r=yoxwechatbusiness.user.my_down_level_user&isajax=1&begin_time=&end_time=&comefrom=wxapp&openid=sns_wa_oWJzS5AqK5fXwChfll8RgA0GTRF4&mid=&merchid=&authkey=&timestamp=1565601988467 yoxwechatbusinessModel::set_user:END
[2019-08-12 17:34:41] trace  /app/ewei_shopv2_api.php?i=2&r=cacheset&version=&comefrom=wxapp&openid=sns_wa_oWJzS5E6FV0vFTKNh9Sr-s7BSShg&mid=&merchid=&authkey=ZGIwZk1Pb1o0V0Vwak5Ea0lqUTFLY2U0Z2tpRjdBeC82WnRpYWxNMGxxVUZFV2NRVCtna3J3Q3VIdHRrWjhWUzlXR2lEUC9LVEtqSThBcnVlNEhnVFRScThoOA%3D%3D&timestamp=1565602482010 yoxwechatbusinessModel::set_user:BEGIN
[2019-08-12 17:34:41] trace  /app/ewei_shopv2_api.php?i=2&r=cacheset&version=&comefrom=wxapp&openid=sns_wa_oWJzS5E6FV0vFTKNh9Sr-s7BSShg&mid=&merchid=&authkey=ZGIwZk1Pb1o0V0Vwak5Ea0lqUTFLY2U0Z2tpRjdBeC82WnRpYWxNMGxxVUZFV2NRVCtna3J3Q3VIdHRrWjhWUzlXR2lEUC9LVEtqSThBcnVlNEhnVFRScThoOA%3D%3D&timestamp=1565602482010 yoxwechatbusinessModel::set_user:END
[2019-08-12 17:34:42] trace  /app/ewei_shopv2_api.php?i=2&r=cacheset&version=&comefrom=wxapp&openid=sns_wa_oWJzS5E6FV0vFTKNh9Sr-s7BSShg&mid=&merchid=&authkey=ZTA2OXl5VDBEbzJhVENMNGt3L3dJUUJaeEg3aS9QYnNnMm5neEw5Y1BhNzFVcFhhOWU2anJva0YzTGgxUUM0NmludWxQNXdIRkh3VzdGUFJXcjFIMlhqYllXMA%3D%3D&timestamp=1565602482478 yoxwechatbusinessModel::set_user:BEGIN
[2019-08-12 17:34:42] trace  /app/ewei_shopv2_api.php?i=2&r=cacheset&version=&comefrom=wxapp&openid=sns_wa_oWJzS5E6FV0vFTKNh9Sr-s7BSShg&mid=&merchid=&authkey=ZTA2OXl5VDBEbzJhVENMNGt3L3dJUUJaeEg3aS9QYnNnMm5neEw5Y1BhNzFVcFhhOWU2anJva0YzTGgxUUM0NmludWxQNXdIRkh3VzdGUFJXcjFIMlhqYllXMA%3D%3D&timestamp=1565602482478 yoxwechatbusinessModel::set_user:END
[2019-08-12 17:35:01] trace  /app/ewei_shopv2_api.php?i=2&r=yoxwechatbusiness&isajax=1&comefrom=wxapp&openid=sns_wa_oWJzS5E6FV0vFTKNh9Sr-s7BSShg&mid=&merchid=&authkey=&timestamp=1565602502028 yoxwechatbusinessModel::set_user:BEGIN
[2019-08-12 17:35:01] trace  /app/ewei_shopv2_api.php?i=2&r=yoxwechatbusiness&isajax=1&comefrom=wxapp&openid=sns_wa_oWJzS5E6FV0vFTKNh9Sr-s7BSShg&mid=&merchid=&authkey=&timestamp=1565602502028 yoxwechatbusinessModel::set_user:END
[2019-08-12 17:35:02] trace  /app/ewei_shopv2_api.php?i=2&r=bargain.act&comefrom=wxapp&openid=sns_wa_oWJzS5E6FV0vFTKNh9Sr-s7BSShg&mid=&merchid=&authkey=&timestamp=1565602502051 yoxwechatbusinessModel::set_user:BEGIN
[2019-08-12 17:35:02] trace  /app/ewei_shopv2_api.php?i=2&r=bargain.act&comefrom=wxapp&openid=sns_wa_oWJzS5E6FV0vFTKNh9Sr-s7BSShg&mid=&merchid=&authkey=&timestamp=1565602502051 yoxwechatbusinessModel::set_user:END
[2019-08-12 17:35:06] trace  /app/ewei_shopv2_api.php?i=2&r=yoxwechatbusiness.commission.count&comefrom=wxapp&openid=sns_wa_oWJzS5E6FV0vFTKNh9Sr-s7BSShg&mid=&merchid=&authkey=&timestamp=1565602506707 yoxwechatbusinessModel::set_user:BEGIN
[2019-08-12 17:35:06] trace  /app/ewei_shopv2_api.php?i=2&r=yoxwechatbusiness.commission.count&comefrom=wxapp&openid=sns_wa_oWJzS5E6FV0vFTKNh9Sr-s7BSShg&mid=&merchid=&authkey=&timestamp=1565602506707 yoxwechatbusinessModel::set_user:END
[2019-08-12 17:35:13] trace  /app/ewei_shopv2_api.php?i=2&r=yoxwechatbusiness.user.my_down_level_user&isajax=1&begin_time=&end_time=&comefrom=wxapp&openid=sns_wa_oWJzS5E6FV0vFTKNh9Sr-s7BSShg&mid=&merchid=&authkey=&timestamp=1565602513687 yoxwechatbusinessModel::set_user:BEGIN
[2019-08-12 17:35:13] trace  /app/ewei_shopv2_api.php?i=2&r=yoxwechatbusiness.user.my_down_level_user&isajax=1&begin_time=&end_time=&comefrom=wxapp&openid=sns_wa_oWJzS5E6FV0vFTKNh9Sr-s7BSShg&mid=&merchid=&authkey=&timestamp=1565602513687 yoxwechatbusinessModel::set_user:END
[2019-08-12 17:35:26] trace  /app/ewei_shopv2_api.php?i=2&r=yoxwechatbusiness.user.my_down_level_user&isajax=1&begin_time=&end_time=&comefrom=wxapp&openid=sns_wa_oWJzS5E6FV0vFTKNh9Sr-s7BSShg&mid=&merchid=&authkey=&timestamp=1565602526173 yoxwechatbusinessModel::set_user:BEGIN
[2019-08-12 17:35:26] trace  /app/ewei_shopv2_api.php?i=2&r=yoxwechatbusiness.user.my_down_level_user&isajax=1&begin_time=&end_time=&comefrom=wxapp&openid=sns_wa_oWJzS5E6FV0vFTKNh9Sr-s7BSShg&mid=&merchid=&authkey=&timestamp=1565602526173 yoxwechatbusinessModel::set_user:END
[2019-08-12 17:36:38] trace  /app/ewei_shopv2_api.php?i=2&r=yoxwechatbusiness.user.my_down_level_user&isajax=1&begin_time=&end_time=&comefrom=wxapp&openid=sns_wa_oWJzS5E6FV0vFTKNh9Sr-s7BSShg&mid=&merchid=&authkey=&timestamp=1565602598318 yoxwechatbusinessModel::set_user:BEGIN
[2019-08-12 17:36:38] trace  /app/ewei_shopv2_api.php?i=2&r=yoxwechatbusiness.user.my_down_level_user&isajax=1&begin_time=&end_time=&comefrom=wxapp&openid=sns_wa_oWJzS5E6FV0vFTKNh9Sr-s7BSShg&mid=&merchid=&authkey=&timestamp=1565602598318 yoxwechatbusinessModel::set_user:END
[2019-08-12 17:36:56] trace  /app/ewei_shopv2_api.php?i=2&r=yoxwechatbusiness.user.my_down_level_user&isajax=1&begin_time=&end_time=&comefrom=wxapp&openid=sns_wa_oWJzS5E6FV0vFTKNh9Sr-s7BSShg&mid=&merchid=&authkey=&timestamp=1565602616784 yoxwechatbusinessModel::set_user:BEGIN
[2019-08-12 17:36:56] trace  /app/ewei_shopv2_api.php?i=2&r=yoxwechatbusiness.user.my_down_level_user&isajax=1&begin_time=&end_time=&comefrom=wxapp&openid=sns_wa_oWJzS5E6FV0vFTKNh9Sr-s7BSShg&mid=&merchid=&authkey=&timestamp=1565602616784 yoxwechatbusinessModel::set_user:END
[2019-08-12 17:38:05] trace  /app/ewei_shopv2_api.php?i=2&r=yoxwechatbusiness.user.my_down_level_user&isajax=1&begin_time=&end_time=&comefrom=wxapp&openid=sns_wa_oWJzS5E6FV0vFTKNh9Sr-s7BSShg&mid=&merchid=&authkey=&timestamp=1565602686008 yoxwechatbusinessModel::set_user:BEGIN
[2019-08-12 17:38:05] trace  /app/ewei_shopv2_api.php?i=2&r=yoxwechatbusiness.user.my_down_level_user&isajax=1&begin_time=&end_time=&comefrom=wxapp&openid=sns_wa_oWJzS5E6FV0vFTKNh9Sr-s7BSShg&mid=&merchid=&authkey=&timestamp=1565602686008 yoxwechatbusinessModel::set_user:END
[2019-08-12 17:38:43] trace  /app/ewei_shopv2_api.php?i=2&r=yoxwechatbusiness.user.my_down_level_user&isajax=1&begin_time=&end_time=&comefrom=wxapp&openid=sns_wa_oWJzS5E6FV0vFTKNh9Sr-s7BSShg&mid=&merchid=&authkey=&timestamp=1565602723385 yoxwechatbusinessModel::set_user:BEGIN
[2019-08-12 17:38:43] trace  /app/ewei_shopv2_api.php?i=2&r=yoxwechatbusiness.user.my_down_level_user&isajax=1&begin_time=&end_time=&comefrom=wxapp&openid=sns_wa_oWJzS5E6FV0vFTKNh9Sr-s7BSShg&mid=&merchid=&authkey=&timestamp=1565602723385 yoxwechatbusinessModel::set_user:END
[2019-08-12 17:39:29] trace  /app/ewei_shopv2_api.php?i=2&r=yoxwechatbusiness.user.my_down_level_user&isajax=1&begin_time=&end_time=&comefrom=wxapp&openid=sns_wa_oWJzS5E6FV0vFTKNh9Sr-s7BSShg&mid=&merchid=&authkey=&timestamp=1565602769501 yoxwechatbusinessModel::set_user:BEGIN
[2019-08-12 17:39:29] trace  /app/ewei_shopv2_api.php?i=2&r=yoxwechatbusiness.user.my_down_level_user&isajax=1&begin_time=&end_time=&comefrom=wxapp&openid=sns_wa_oWJzS5E6FV0vFTKNh9Sr-s7BSShg&mid=&merchid=&authkey=&timestamp=1565602769501 yoxwechatbusinessModel::set_user:END
[2019-08-12 17:40:02] trace  /app/ewei_shopv2_api.php?i=2&r=yoxwechatbusiness.user.my_down_level_user&isajax=1&begin_time=&end_time=&comefrom=wxapp&openid=sns_wa_oWJzS5E6FV0vFTKNh9Sr-s7BSShg&mid=&merchid=&authkey=&timestamp=1565602802728 yoxwechatbusinessModel::set_user:BEGIN
[2019-08-12 17:40:02] trace  /app/ewei_shopv2_api.php?i=2&r=yoxwechatbusiness.user.my_down_level_user&isajax=1&begin_time=&end_time=&comefrom=wxapp&openid=sns_wa_oWJzS5E6FV0vFTKNh9Sr-s7BSShg&mid=&merchid=&authkey=&timestamp=1565602802728 yoxwechatbusinessModel::set_user:END
[2019-08-12 17:41:01] trace  /app/ewei_shopv2_api.php?i=2&r=yoxwechatbusiness.user.my_down_level_user&isajax=1&begin_time=&end_time=&comefrom=wxapp&openid=sns_wa_oWJzS5E6FV0vFTKNh9Sr-s7BSShg&mid=&merchid=&authkey=&timestamp=1565602861651 yoxwechatbusinessModel::set_user:BEGIN
[2019-08-12 17:41:01] trace  /app/ewei_shopv2_api.php?i=2&r=yoxwechatbusiness.user.my_down_level_user&isajax=1&begin_time=&end_time=&comefrom=wxapp&openid=sns_wa_oWJzS5E6FV0vFTKNh9Sr-s7BSShg&mid=&merchid=&authkey=&timestamp=1565602861651 yoxwechatbusinessModel::set_user:END
[2019-08-12 17:41:56] trace  /app/ewei_shopv2_api.php?i=2&r=yoxwechatbusiness.user.my_down_level_user&isajax=1&begin_time=&end_time=&comefrom=wxapp&openid=sns_wa_oWJzS5E6FV0vFTKNh9Sr-s7BSShg&mid=&merchid=&authkey=&timestamp=1565602916278 yoxwechatbusinessModel::set_user:BEGIN
[2019-08-12 17:41:56] trace  /app/ewei_shopv2_api.php?i=2&r=yoxwechatbusiness.user.my_down_level_user&isajax=1&begin_time=&end_time=&comefrom=wxapp&openid=sns_wa_oWJzS5E6FV0vFTKNh9Sr-s7BSShg&mid=&merchid=&authkey=&timestamp=1565602916278 yoxwechatbusinessModel::set_user:END
[2019-08-12 17:42:00] trace  /app/ewei_shopv2_api.php?i=2&r=yoxwechatbusiness.order.order_list&isajax=1&begin_time=&end_time=&user_mark=TEAM&uid=&comefrom=wxapp&openid=sns_wa_oWJzS5E6FV0vFTKNh9Sr-s7BSShg&mid=&merchid=&authkey=&timestamp=1565602920718 yoxwechatbusinessModel::set_user:BEGIN
[2019-08-12 17:42:00] trace  /app/ewei_shopv2_api.php?i=2&r=yoxwechatbusiness.order.order_list&isajax=1&begin_time=&end_time=&user_mark=TEAM&uid=&comefrom=wxapp&openid=sns_wa_oWJzS5E6FV0vFTKNh9Sr-s7BSShg&mid=&merchid=&authkey=&timestamp=1565602920718 yoxwechatbusinessModel::set_user:END
[2019-08-12 17:42:24] trace  /app/ewei_shopv2_api.php?i=2&r=yoxwechatbusiness.user.my_down_level_user&isajax=1&begin_time=&end_time=&comefrom=wxapp&openid=sns_wa_oWJzS5E6FV0vFTKNh9Sr-s7BSShg&mid=&merchid=&authkey=&timestamp=1565602944612 yoxwechatbusinessModel::set_user:BEGIN
[2019-08-12 17:42:24] trace  /app/ewei_shopv2_api.php?i=2&r=yoxwechatbusiness.user.my_down_level_user&isajax=1&begin_time=&end_time=&comefrom=wxapp&openid=sns_wa_oWJzS5E6FV0vFTKNh9Sr-s7BSShg&mid=&merchid=&authkey=&timestamp=1565602944612 yoxwechatbusinessModel::set_user:END
[2019-08-12 17:42:27] trace  /app/ewei_shopv2_api.php?i=2&r=yoxwechatbusiness.order.order_list&isajax=1&begin_time=&end_time=&user_mark=TEAM&uid=&comefrom=wxapp&openid=sns_wa_oWJzS5E6FV0vFTKNh9Sr-s7BSShg&mid=&merchid=&authkey=&timestamp=1565602947919 yoxwechatbusinessModel::set_user:BEGIN
[2019-08-12 17:42:27] trace  /app/ewei_shopv2_api.php?i=2&r=yoxwechatbusiness.order.order_list&isajax=1&begin_time=&end_time=&user_mark=TEAM&uid=&comefrom=wxapp&openid=sns_wa_oWJzS5E6FV0vFTKNh9Sr-s7BSShg&mid=&merchid=&authkey=&timestamp=1565602947919 yoxwechatbusinessModel::set_user:END
[2019-08-12 17:42:55] trace  /app/ewei_shopv2_api.php?i=2&r=yoxwechatbusiness.user.my_down_level_user&isajax=1&begin_time=&end_time=&comefrom=wxapp&openid=sns_wa_oWJzS5E6FV0vFTKNh9Sr-s7BSShg&mid=&merchid=&authkey=&timestamp=1565602975426 yoxwechatbusinessModel::set_user:BEGIN
[2019-08-12 17:42:55] trace  /app/ewei_shopv2_api.php?i=2&r=yoxwechatbusiness.user.my_down_level_user&isajax=1&begin_time=&end_time=&comefrom=wxapp&openid=sns_wa_oWJzS5E6FV0vFTKNh9Sr-s7BSShg&mid=&merchid=&authkey=&timestamp=1565602975426 yoxwechatbusinessModel::set_user:END
[2019-08-12 17:46:43] trace  /app/ewei_shopv2_api.php?i=2&r=yoxwechatbusiness.order.order_list&isajax=1&begin_time=&end_time=&user_mark=TEAM&uid=&comefrom=wxapp&openid=sns_wa_oWJzS5E6FV0vFTKNh9Sr-s7BSShg&mid=&merchid=&authkey=&timestamp=1565603203753 yoxwechatbusinessModel::set_user:BEGIN
[2019-08-12 17:46:43] trace  /app/ewei_shopv2_api.php?i=2&r=yoxwechatbusiness.order.order_list&isajax=1&begin_time=&end_time=&user_mark=TEAM&uid=&comefrom=wxapp&openid=sns_wa_oWJzS5E6FV0vFTKNh9Sr-s7BSShg&mid=&merchid=&authkey=&timestamp=1565603203753 yoxwechatbusinessModel::set_user:END
[2019-08-12 17:51:44] trace  /app/ewei_shopv2_api.php?i=2&r=yoxwechatbusiness.user.my_down_level_user&isajax=1&begin_time=&end_time=&comefrom=wxapp&openid=sns_wa_oWJzS5E6FV0vFTKNh9Sr-s7BSShg&mid=&merchid=&authkey=&timestamp=1565603504050 yoxwechatbusinessModel::set_user:BEGIN
[2019-08-12 17:51:44] trace  /app/ewei_shopv2_api.php?i=2&r=yoxwechatbusiness.user.my_down_level_user&isajax=1&begin_time=&end_time=&comefrom=wxapp&openid=sns_wa_oWJzS5E6FV0vFTKNh9Sr-s7BSShg&mid=&merchid=&authkey=&timestamp=1565603504050 yoxwechatbusinessModel::set_user:END
[2019-08-12 17:52:49] trace  /app/ewei_shopv2_api.php?i=2&r=yoxwechatbusiness.user.my_down_level_user&isajax=1&begin_time=&end_time=&comefrom=wxapp&openid=sns_wa_oWJzS5E6FV0vFTKNh9Sr-s7BSShg&mid=&merchid=&authkey=&timestamp=1565603569506 yoxwechatbusinessModel::set_user:BEGIN
[2019-08-12 17:52:49] trace  /app/ewei_shopv2_api.php?i=2&r=yoxwechatbusiness.user.my_down_level_user&isajax=1&begin_time=&end_time=&comefrom=wxapp&openid=sns_wa_oWJzS5E6FV0vFTKNh9Sr-s7BSShg&mid=&merchid=&authkey=&timestamp=1565603569506 yoxwechatbusinessModel::set_user:END
[2019-08-12 17:54:54] trace  /app/ewei_shopv2_api.php?i=2&r=yoxwechatbusiness.user.my_down_level_user&isajax=1&begin_time=NaN&end_time=1565539200&comefrom=wxapp&openid=sns_wa_oWJzS5E6FV0vFTKNh9Sr-s7BSShg&mid=&merchid=&authkey=&timestamp=1565603694923 yoxwechatbusinessModel::set_user:BEGIN
[2019-08-12 17:54:54] trace  /app/ewei_shopv2_api.php?i=2&r=yoxwechatbusiness.user.my_down_level_user&isajax=1&begin_time=NaN&end_time=1565539200&comefrom=wxapp&openid=sns_wa_oWJzS5E6FV0vFTKNh9Sr-s7BSShg&mid=&merchid=&authkey=&timestamp=1565603694923 yoxwechatbusinessModel::set_user:END
[2019-08-12 17:59:45] trace  /app/ewei_shopv2_api.php?i=2&r=black&comefrom=wxapp&openid=sns_wa_oWJzS5AqK5fXwChfll8RgA0GTRF4&mid=&merchid=&authkey=&timestamp=1565603942058 yoxwechatbusinessModel::set_user:BEGIN
[2019-08-12 17:59:45] trace  /app/ewei_shopv2_api.php?i=2&r=black&comefrom=wxapp&openid=sns_wa_oWJzS5AqK5fXwChfll8RgA0GTRF4&mid=&merchid=&authkey=&timestamp=1565603942058 yoxwechatbusinessModel::set_user:END
[2019-08-12 17:59:45] trace  /app/ewei_shopv2_api.php?i=2&r=diypage&type=home&comefrom=wxapp&openid=sns_wa_oWJzS5AqK5fXwChfll8RgA0GTRF4&mid=&merchid=&authkey=&timestamp=1565603942115 yoxwechatbusinessModel::set_user:BEGIN
[2019-08-12 17:59:45] trace  /app/ewei_shopv2_api.php?i=2&r=diypage&type=home&comefrom=wxapp&openid=sns_wa_oWJzS5AqK5fXwChfll8RgA0GTRF4&mid=&merchid=&authkey=&timestamp=1565603942115 yoxwechatbusinessModel::set_user:END
[2019-08-12 17:59:45] trace  /app/ewei_shopv2_api.php?i=2&r=shop.get_shopindex&comefrom=wxapp&openid=sns_wa_oWJzS5AqK5fXwChfll8RgA0GTRF4&mid=&merchid=&authkey=&timestamp=1565603942173 yoxwechatbusinessModel::set_user:BEGIN
[2019-08-12 17:59:45] trace  /app/ewei_shopv2_api.php?i=2&r=shop.get_shopindex&comefrom=wxapp&openid=sns_wa_oWJzS5AqK5fXwChfll8RgA0GTRF4&mid=&merchid=&authkey=&timestamp=1565603942173 yoxwechatbusinessModel::set_user:END
[2019-08-12 17:59:45] trace  /app/ewei_shopv2_api.php?i=2&r=shop.get_hasnewcoupon&comefrom=wxapp&openid=sns_wa_oWJzS5AqK5fXwChfll8RgA0GTRF4&mid=&merchid=&authkey=&timestamp=1565603942200 yoxwechatbusinessModel::set_user:BEGIN
[2019-08-12 17:59:45] trace  /app/ewei_shopv2_api.php?i=2&r=shop.get_hasnewcoupon&comefrom=wxapp&openid=sns_wa_oWJzS5AqK5fXwChfll8RgA0GTRF4&mid=&merchid=&authkey=&timestamp=1565603942200 yoxwechatbusinessModel::set_user:END
[2019-08-12 17:59:45] trace  /app/ewei_shopv2_api.php?i=2&r=shop.get_cpinfos&comefrom=wxapp&openid=sns_wa_oWJzS5AqK5fXwChfll8RgA0GTRF4&mid=&merchid=&authkey=&timestamp=1565603942228 yoxwechatbusinessModel::set_user:BEGIN
[2019-08-12 17:59:45] trace  /app/ewei_shopv2_api.php?i=2&r=shop.get_cpinfos&comefrom=wxapp&openid=sns_wa_oWJzS5AqK5fXwChfll8RgA0GTRF4&mid=&merchid=&authkey=&timestamp=1565603942228 yoxwechatbusinessModel::set_user:END
[2019-08-12 18:01:19] trace  /app/ewei_shopv2_api.php?i=2&r=yoxwechatbusiness.order.order_list&isajax=1&begin_time=&end_time=&user_mark=TEAM&uid=&comefrom=wxapp&openid=sns_wa_oWJzS5E6FV0vFTKNh9Sr-s7BSShg&mid=&merchid=&authkey=&timestamp=1565604079481 yoxwechatbusinessModel::set_user:BEGIN
[2019-08-12 18:01:19] trace  /app/ewei_shopv2_api.php?i=2&r=yoxwechatbusiness.order.order_list&isajax=1&begin_time=&end_time=&user_mark=TEAM&uid=&comefrom=wxapp&openid=sns_wa_oWJzS5E6FV0vFTKNh9Sr-s7BSShg&mid=&merchid=&authkey=&timestamp=1565604079481 yoxwechatbusinessModel::set_user:END
[2019-08-12 18:01:24] trace  /app/ewei_shopv2_api.php?i=2&r=yoxwechatbusiness.order.create_order_manual&isajax=1&buyeruid=24&goodslist_json=%7Bgoods%3A%5B%5B%27goodsid%27%3A1%2C%27total%27%3A1%5D%5B%27goodsid%27%3A2%2C%27total%27%3A1%5D&status=1&remark=&comefrom=wxapp&openid=sns_wa_oWJzS5E6FV0vFTKNh9Sr-s7BSShg&mid=&merchid=&authkey=&timestamp=1565604084202 yoxwechatbusinessModel::set_user:BEGIN
[2019-08-12 18:01:24] trace  /app/ewei_shopv2_api.php?i=2&r=yoxwechatbusiness.order.create_order_manual&isajax=1&buyeruid=24&goodslist_json=%7Bgoods%3A%5B%5B%27goodsid%27%3A1%2C%27total%27%3A1%5D%5B%27goodsid%27%3A2%2C%27total%27%3A1%5D&status=1&remark=&comefrom=wxapp&openid=sns_wa_oWJzS5E6FV0vFTKNh9Sr-s7BSShg&mid=&merchid=&authkey=&timestamp=1565604084202 yoxwechatbusinessModel::set_user:END
[2019-08-12 18:12:37] trace  /app/ewei_shopv2_api.php?i=2&r=cacheset&version=&comefrom=wxapp&openid=sns_wa_oWJzS5AqK5fXwChfll8RgA0GTRF4&mid=&merchid=&authkey=YmFlMGlDeVY0L3F4Wk00ZERxQXRxQzhTTGZHZnVJNWkrakpkNThQU2wzc3V3dEk5VXF1K2xzdHdBUlpzMVVQUEFtWFlYRjV2d1ZGQWF6ZUlVckxvUVkvbUhQSQ%3D%3D&timestamp=1565604713858 yoxwechatbusinessModel::set_user:BEGIN
[2019-08-12 18:12:37] trace  /app/ewei_shopv2_api.php?i=2&r=cacheset&version=&comefrom=wxapp&openid=sns_wa_oWJzS5AqK5fXwChfll8RgA0GTRF4&mid=&merchid=&authkey=YmFlMGlDeVY0L3F4Wk00ZERxQXRxQzhTTGZHZnVJNWkrakpkNThQU2wzc3V3dEk5VXF1K2xzdHdBUlpzMVVQUEFtWFlYRjV2d1ZGQWF6ZUlVckxvUVkvbUhQSQ%3D%3D&timestamp=1565604713858 yoxwechatbusinessModel::set_user:END
[2019-08-12 18:12:37] trace  /app/ewei_shopv2_api.php?i=2&r=cacheset&version=&comefrom=wxapp&openid=sns_wa_oWJzS5AqK5fXwChfll8RgA0GTRF4&mid=&merchid=&authkey=YjhjZXBybzc1Uzk2by90K3hLVUliWVplVDZZT1FLZUpQWUp3Q0xFdW9TSVdkRExpYlpwek5tQWRiQVVHU3dPdytjeHFIbVNtN3VpcTUyZVEzM1VENWhNQitDMA%3D%3D&timestamp=1565604714121 yoxwechatbusinessModel::set_user:BEGIN
[2019-08-12 18:12:37] trace  /app/ewei_shopv2_api.php?i=2&r=cacheset&version=&comefrom=wxapp&openid=sns_wa_oWJzS5AqK5fXwChfll8RgA0GTRF4&mid=&merchid=&authkey=YjhjZXBybzc1Uzk2by90K3hLVUliWVplVDZZT1FLZUpQWUp3Q0xFdW9TSVdkRExpYlpwek5tQWRiQVVHU3dPdytjeHFIbVNtN3VpcTUyZVEzM1VENWhNQitDMA%3D%3D&timestamp=1565604714121 yoxwechatbusinessModel::set_user:END
[2019-08-12 18:13:40] trace  /app/ewei_shopv2_api.php?i=2&r=yoxwechatbusiness&isajax=1&comefrom=wxapp&openid=sns_wa_oWJzS5AqK5fXwChfll8RgA0GTRF4&mid=&merchid=&authkey=&timestamp=1565604776862 yoxwechatbusinessModel::set_user:BEGIN
[2019-08-12 18:13:40] trace  /app/ewei_shopv2_api.php?i=2&r=yoxwechatbusiness&isajax=1&comefrom=wxapp&openid=sns_wa_oWJzS5AqK5fXwChfll8RgA0GTRF4&mid=&merchid=&authkey=&timestamp=1565604776862 yoxwechatbusinessModel::set_user:END
[2019-08-12 18:13:40] trace  /app/ewei_shopv2_api.php?i=2&r=bargain.act&comefrom=wxapp&openid=sns_wa_oWJzS5AqK5fXwChfll8RgA0GTRF4&mid=&merchid=&authkey=&timestamp=1565604776902 yoxwechatbusinessModel::set_user:BEGIN
[2019-08-12 18:13:40] trace  /app/ewei_shopv2_api.php?i=2&r=bargain.act&comefrom=wxapp&openid=sns_wa_oWJzS5AqK5fXwChfll8RgA0GTRF4&mid=&merchid=&authkey=&timestamp=1565604776902 yoxwechatbusinessModel::set_user:END
[2019-08-12 18:14:38] trace  /app/ewei_shopv2_api.php?i=2&r=yoxwechatbusiness.user.my_down_level_user&isajax=1&begin_time=&end_time=&comefrom=wxapp&openid=sns_wa_oWJzS5AqK5fXwChfll8RgA0GTRF4&mid=&merchid=&authkey=&timestamp=1565604835303 yoxwechatbusinessModel::set_user:BEGIN
[2019-08-12 18:14:38] trace  /app/ewei_shopv2_api.php?i=2&r=yoxwechatbusiness.user.my_down_level_user&isajax=1&begin_time=&end_time=&comefrom=wxapp&openid=sns_wa_oWJzS5AqK5fXwChfll8RgA0GTRF4&mid=&merchid=&authkey=&timestamp=1565604835303 yoxwechatbusinessModel::set_user:END
[2019-08-12 18:32:00] trace  /app/ewei_shopv2_api.php?i=2&r=yoxwechatbusiness.order.order_list&isajax=1&begin_time=2019-08-12&end_time=2019-08-12&comefrom=wxapp&openid=sns_wa_oWJzS5AqK5fXwChfll8RgA0GTRF4&mid=&merchid=&authkey=&timestamp=1565605876582 yoxwechatbusinessModel::set_user:BEGIN
[2019-08-12 18:32:00] trace  /app/ewei_shopv2_api.php?i=2&r=yoxwechatbusiness.order.order_list&isajax=1&begin_time=2019-08-12&end_time=2019-08-12&comefrom=wxapp&openid=sns_wa_oWJzS5AqK5fXwChfll8RgA0GTRF4&mid=&merchid=&authkey=&timestamp=1565605876582 yoxwechatbusinessModel::set_user:END
[2019-08-12 18:32:26] trace  /app/ewei_shopv2_api.php?i=2&r=yoxwechatbusiness.order.order_list&isajax=1&begin_time=2019-08-12&end_time=2019-08-12&comefrom=wxapp&openid=sns_wa_oWJzS5AqK5fXwChfll8RgA0GTRF4&mid=&merchid=&authkey=&timestamp=1565605903388 yoxwechatbusinessModel::set_user:BEGIN
[2019-08-12 18:32:26] trace  /app/ewei_shopv2_api.php?i=2&r=yoxwechatbusiness.order.order_list&isajax=1&begin_time=2019-08-12&end_time=2019-08-12&comefrom=wxapp&openid=sns_wa_oWJzS5AqK5fXwChfll8RgA0GTRF4&mid=&merchid=&authkey=&timestamp=1565605903388 yoxwechatbusinessModel::set_user:END
[2019-08-12 18:46:06] trace  /app/ewei_shopv2_api.php?i=2&r=shop.get_hasnewcoupon&comefrom=wxapp&openid=sns_wa_oWJzS5AEAaUtPucKKXamDL7C-Nu0&mid=&merchid=&authkey=&timestamp=1565606766388 yoxwechatbusinessModel::set_user:BEGIN
[2019-08-12 18:46:07] trace  /app/ewei_shopv2_api.php?i=2&r=diypage&type=home&comefrom=wxapp&openid=sns_wa_oWJzS5AEAaUtPucKKXamDL7C-Nu0&mid=&merchid=&authkey=&timestamp=1565606766326 yoxwechatbusinessModel::set_user:BEGIN
[2019-08-12 18:46:07] trace  /app/ewei_shopv2_api.php?i=2&r=shop.get_cpinfos&comefrom=wxapp&openid=sns_wa_oWJzS5AEAaUtPucKKXamDL7C-Nu0&mid=&merchid=&authkey=&timestamp=1565606766406 yoxwechatbusinessModel::set_user:BEGIN
[2019-08-12 18:46:07] trace  /app/ewei_shopv2_api.php?i=2&r=shop.get_shopindex&comefrom=wxapp&openid=sns_wa_oWJzS5AEAaUtPucKKXamDL7C-Nu0&mid=&merchid=&authkey=&timestamp=1565606766372 yoxwechatbusinessModel::set_user:BEGIN
[2019-08-12 18:46:07] trace  /app/ewei_shopv2_api.php?i=2&r=black&comefrom=wxapp&openid=sns_wa_oWJzS5AEAaUtPucKKXamDL7C-Nu0&authkey=&timestamp=1565606766282 yoxwechatbusinessModel::set_user:BEGIN
