[2019-06-24 06:35:04] trace  /app/ewei_shopv2_api.php?i=2&r=shop.get_shopindex&comefrom=wxapp&openid=sns_wa_oWJzS5LyES5z9oLaUxOLusOVG6N0&mid=&merchid=&authkey=&timestamp=1561329300194 yoxwechatbusinessModel::set_user:BEGIN
[2019-06-24 06:35:04] trace  /app/ewei_shopv2_api.php?i=2&r=diypage&type=home&comefrom=wxapp&openid=sns_wa_oWJzS5LyES5z9oLaUxOLusOVG6N0&mid=&merchid=&authkey=&timestamp=1561329300118 yoxwechatbusinessModel::set_user:BEGIN
[2019-06-24 06:35:04] trace  /app/ewei_shopv2_api.php?i=2&r=shop.get_shopindex&comefrom=wxapp&openid=sns_wa_oWJzS5LyES5z9oLaUxOLusOVG6N0&mid=&merchid=&authkey=&timestamp=1561329300194 yoxwechatbusinessModel::set_user:END
[2019-06-24 06:35:04] trace  /app/ewei_shopv2_api.php?i=2&r=diypage&type=home&comefrom=wxapp&openid=sns_wa_oWJzS5LyES5z9oLaUxOLusOVG6N0&mid=&merchid=&authkey=&timestamp=1561329300118 yoxwechatbusinessModel::set_user:END
[2019-06-24 06:35:04] trace  /app/ewei_shopv2_api.php?i=2&r=black&comefrom=wxapp&openid=sns_wa_oWJzS5LyES5z9oLaUxOLusOVG6N0&authkey=&timestamp=1561329300042 yoxwechatbusinessModel::set_user:BEGIN
[2019-06-24 06:35:04] trace  /app/ewei_shopv2_api.php?i=2&r=black&comefrom=wxapp&openid=sns_wa_oWJzS5LyES5z9oLaUxOLusOVG6N0&authkey=&timestamp=1561329300042 yoxwechatbusinessModel::set_user:END
[2019-06-24 06:35:04] trace  /app/ewei_shopv2_api.php?i=2&r=shop.get_cpinfos&comefrom=wxapp&openid=sns_wa_oWJzS5LyES5z9oLaUxOLusOVG6N0&mid=&merchid=&authkey=&timestamp=1561329300237 yoxwechatbusinessModel::set_user:BEGIN
[2019-06-24 06:35:04] trace  /app/ewei_shopv2_api.php?i=2&r=shop.get_hasnewcoupon&comefrom=wxapp&openid=sns_wa_oWJzS5LyES5z9oLaUxOLusOVG6N0&mid=&merchid=&authkey=&timestamp=1561329300216 yoxwechatbusinessModel::set_user:BEGIN
[2019-06-24 06:35:04] trace  /app/ewei_shopv2_api.php?i=2&r=shop.get_cpinfos&comefrom=wxapp&openid=sns_wa_oWJzS5LyES5z9oLaUxOLusOVG6N0&mid=&merchid=&authkey=&timestamp=1561329300237 yoxwechatbusinessModel::set_user:END
[2019-06-24 06:35:04] trace  /app/ewei_shopv2_api.php?i=2&r=shop.get_hasnewcoupon&comefrom=wxapp&openid=sns_wa_oWJzS5LyES5z9oLaUxOLusOVG6N0&mid=&merchid=&authkey=&timestamp=1561329300216 yoxwechatbusinessModel::set_user:END
[2019-06-24 06:35:15] trace  /app/ewei_shopv2_api.php?i=2&r=groups&comefrom=wxapp&openid=sns_wa_oWJzS5LyES5z9oLaUxOLusOVG6N0&mid=&merchid=&authkey=NjEzZWdNSWhMekV2YlNZaUtEdlp6V0l5UVZMa2RHU3lzRitiR0ZqRUl6UXhxTkl6NDBNTnFVcXdFM3pSQjBNRTlkUlBuSmJrd0k4RjVrWmhGUkE3cnZYOUxJWQ%3D%3D&timestamp=1561329310731 yoxwechatbusinessModel::set_user:BEGIN
[2019-06-24 06:35:15] trace  /app/ewei_shopv2_api.php?i=2&r=groups&comefrom=wxapp&openid=sns_wa_oWJzS5LyES5z9oLaUxOLusOVG6N0&mid=&merchid=&authkey=NjEzZWdNSWhMekV2YlNZaUtEdlp6V0l5UVZMa2RHU3lzRitiR0ZqRUl6UXhxTkl6NDBNTnFVcXdFM3pSQjBNRTlkUlBuSmJrd0k4RjVrWmhGUkE3cnZYOUxJWQ%3D%3D&timestamp=1561329310731 yoxwechatbusinessModel::set_user:END
[2019-06-24 06:35:28] trace  /app/ewei_shopv2_api.php?i=2&r=groups.list&timestamp=1561329323764 category=1; page=1; comefrom=wxapp; openid=sns_wa_oWJzS5LyES5z9oLaUxOLusOVG6N0; mid=; merchid=; authkey=; 
yoxwechatbusinessModel::set_user:BEGIN
[2019-06-24 06:35:28] trace  /app/ewei_shopv2_api.php?i=2&r=groups.list&timestamp=1561329323764 category=1; page=1; comefrom=wxapp; openid=sns_wa_oWJzS5LyES5z9oLaUxOLusOVG6N0; mid=; merchid=; authkey=; 
yoxwechatbusinessModel::set_user:END
[2019-06-24 06:35:35] trace  /app/ewei_shopv2_api.php?i=2&r=groups.list&timestamp=1561329330714 category=2; page=1; comefrom=wxapp; openid=sns_wa_oWJzS5LyES5z9oLaUxOLusOVG6N0; mid=; merchid=; authkey=; 
yoxwechatbusinessModel::set_user:BEGIN
[2019-06-24 06:35:35] trace  /app/ewei_shopv2_api.php?i=2&r=groups.list&timestamp=1561329330714 category=2; page=1; comefrom=wxapp; openid=sns_wa_oWJzS5LyES5z9oLaUxOLusOVG6N0; mid=; merchid=; authkey=; 
yoxwechatbusinessModel::set_user:END
[2019-06-24 06:35:47] trace  /app/ewei_shopv2_api.php?i=2&r=groups.team&success=&page=1&comefrom=wxapp&openid=sns_wa_oWJzS5LyES5z9oLaUxOLusOVG6N0&mid=&merchid=&authkey=&timestamp=1561329342709 yoxwechatbusinessModel::set_user:BEGIN
[2019-06-24 06:35:47] trace  /app/ewei_shopv2_api.php?i=2&r=groups.team&success=&page=1&comefrom=wxapp&openid=sns_wa_oWJzS5LyES5z9oLaUxOLusOVG6N0&mid=&merchid=&authkey=&timestamp=1561329342709 yoxwechatbusinessModel::set_user:END
[2019-06-24 06:35:51] trace  /app/ewei_shopv2_api.php?i=2&r=groups.team&success=1&page=1&comefrom=wxapp&openid=sns_wa_oWJzS5LyES5z9oLaUxOLusOVG6N0&mid=&merchid=&authkey=&timestamp=1561329346927 yoxwechatbusinessModel::set_user:BEGIN
[2019-06-24 06:35:51] trace  /app/ewei_shopv2_api.php?i=2&r=groups.team&success=1&page=1&comefrom=wxapp&openid=sns_wa_oWJzS5LyES5z9oLaUxOLusOVG6N0&mid=&merchid=&authkey=&timestamp=1561329346927 yoxwechatbusinessModel::set_user:END
[2019-06-24 06:35:52] trace  /app/ewei_shopv2_api.php?i=2&r=groups.team&success=-1&page=1&comefrom=wxapp&openid=sns_wa_oWJzS5LyES5z9oLaUxOLusOVG6N0&mid=&merchid=&authkey=&timestamp=1561329347791 yoxwechatbusinessModel::set_user:BEGIN
[2019-06-24 06:35:52] trace  /app/ewei_shopv2_api.php?i=2&r=groups.team&success=-1&page=1&comefrom=wxapp&openid=sns_wa_oWJzS5LyES5z9oLaUxOLusOVG6N0&mid=&merchid=&authkey=&timestamp=1561329347791 yoxwechatbusinessModel::set_user:END
[2019-06-24 06:35:55] trace  /app/ewei_shopv2_api.php?i=2&r=seckill.get_list&comefrom=wxapp&openid=sns_wa_oWJzS5LyES5z9oLaUxOLusOVG6N0&mid=&merchid=&authkey=&timestamp=1561329350713 yoxwechatbusinessModel::set_user:BEGIN
[2019-06-24 06:35:55] trace  /app/ewei_shopv2_api.php?i=2&r=seckill.get_list&comefrom=wxapp&openid=sns_wa_oWJzS5LyES5z9oLaUxOLusOVG6N0&mid=&merchid=&authkey=&timestamp=1561329350713 yoxwechatbusinessModel::set_user:END
[2019-06-24 06:36:01] trace  /app/ewei_shopv2_api.php?i=2&r=black&comefrom=wxapp&openid=sns_wa_oWJzS5LyES5z9oLaUxOLusOVG6N0&mid=&merchid=&authkey=&timestamp=1561329357230 yoxwechatbusinessModel::set_user:BEGIN
[2019-06-24 06:36:01] trace  /app/ewei_shopv2_api.php?i=2&r=black&comefrom=wxapp&openid=sns_wa_oWJzS5LyES5z9oLaUxOLusOVG6N0&mid=&merchid=&authkey=&timestamp=1561329357230 yoxwechatbusinessModel::set_user:END
[2019-06-24 06:36:01] trace  /app/ewei_shopv2_api.php?i=2&r=member.cart.get_cart&comefrom=wxapp&openid=sns_wa_oWJzS5LyES5z9oLaUxOLusOVG6N0&mid=&merchid=&authkey=&timestamp=1561329357298 yoxwechatbusinessModel::set_user:BEGIN
[2019-06-24 06:36:01] trace  /app/ewei_shopv2_api.php?i=2&r=member.cart.get_cart&comefrom=wxapp&openid=sns_wa_oWJzS5LyES5z9oLaUxOLusOVG6N0&mid=&merchid=&authkey=&timestamp=1561329357298 yoxwechatbusinessModel::set_user:END
[2019-06-24 06:36:14] trace  /app/ewei_shopv2_api.php?i=2&r=groups&comefrom=wxapp&openid=sns_wa_oWJzS5LyES5z9oLaUxOLusOVG6N0&mid=&merchid=&authkey=&timestamp=1561329369909 yoxwechatbusinessModel::set_user:BEGIN
[2019-06-24 06:36:14] trace  /app/ewei_shopv2_api.php?i=2&r=groups&comefrom=wxapp&openid=sns_wa_oWJzS5LyES5z9oLaUxOLusOVG6N0&mid=&merchid=&authkey=&timestamp=1561329369909 yoxwechatbusinessModel::set_user:END
[2019-06-24 06:56:26] trace  /app/ewei_shopv2_api.php?i=2&r=shop.get_hasnewcoupon&comefrom=wxapp&openid=sns_wa_oWJzS5MfMnK8d4UPviaQQiXwIgAc&mid=&merchid=&authkey=&timestamp=1561330581149 yoxwechatbusinessModel::set_user:BEGIN
[2019-06-24 06:56:26] trace  /app/ewei_shopv2_api.php?i=2&r=shop.get_shopindex&comefrom=wxapp&openid=sns_wa_oWJzS5MfMnK8d4UPviaQQiXwIgAc&mid=&merchid=&authkey=&timestamp=1561330581105 yoxwechatbusinessModel::set_user:BEGIN
[2019-06-24 06:56:26] trace  /app/ewei_shopv2_api.php?i=2&r=diypage&type=home&comefrom=wxapp&openid=sns_wa_oWJzS5MfMnK8d4UPviaQQiXwIgAc&mid=&merchid=&authkey=&timestamp=1561330581030 yoxwechatbusinessModel::set_user:BEGIN
[2019-06-24 06:56:26] trace  /app/ewei_shopv2_api.php?i=2&r=black&comefrom=wxapp&openid=sns_wa_oWJzS5MfMnK8d4UPviaQQiXwIgAc&authkey=&timestamp=1561330580948 yoxwechatbusinessModel::set_user:BEGIN
[2019-06-24 06:56:26] trace  /app/ewei_shopv2_api.php?i=2&r=shop.get_cpinfos&comefrom=wxapp&openid=sns_wa_oWJzS5MfMnK8d4UPviaQQiXwIgAc&mid=&merchid=&authkey=&timestamp=1561330581211 yoxwechatbusinessModel::set_user:BEGIN
[2019-06-24 06:56:28] trace  /app/ewei_shopv2_api.php?i=2&r=cacheset&version=&comefrom=wxapp&openid=sns_wa_oWJzS5MfMnK8d4UPviaQQiXwIgAc&mid=&merchid=&authkey=Y2NjY1YwWXJqYzhNZGg4TGZsMXBZRzN6c05pRjJtTC9WeUZWVktJOGxrVkNtYnROZGtYTG5RMU0veHIzWldtMzlOekpZZm54SkZBSjY1b2RFOUN3V3J6WkM4eU9Mb1RrZ0ZNaEZOejNuV0xZSlE%3D&timestamp=1561330583764 yoxwechatbusinessModel::set_user:BEGIN
[2019-06-24 06:56:28] trace  /app/ewei_shopv2_api.php?i=2&r=cacheset&version=&comefrom=wxapp&openid=sns_wa_oWJzS5MfMnK8d4UPviaQQiXwIgAc&mid=&merchid=&authkey=Y2NjY1YwWXJqYzhNZGg4TGZsMXBZRzN6c05pRjJtTC9WeUZWVktJOGxrVkNtYnROZGtYTG5RMU0veHIzWldtMzlOekpZZm54SkZBSjY1b2RFOUN3V3J6WkM4eU9Mb1RrZ0ZNaEZOejNuV0xZSlE%3D&timestamp=1561330583718 yoxwechatbusinessModel::set_user:BEGIN
[2019-06-24 06:56:35] trace  /app/ewei_shopv2_api.php?i=2&r=black&comefrom=wxapp&openid=sns_wa_oWJzS5MfMnK8d4UPviaQQiXwIgAc&mid=&merchid=&authkey=&timestamp=1561330590607 yoxwechatbusinessModel::set_user:BEGIN
[2019-06-24 06:56:35] trace  /app/ewei_shopv2_api.php?i=2&r=diypage&type=home&comefrom=wxapp&openid=sns_wa_oWJzS5MfMnK8d4UPviaQQiXwIgAc&mid=&merchid=&authkey=&timestamp=1561330590664 yoxwechatbusinessModel::set_user:BEGIN
[2019-06-24 06:56:35] trace  /app/ewei_shopv2_api.php?i=2&r=shop.get_hasnewcoupon&comefrom=wxapp&openid=sns_wa_oWJzS5MfMnK8d4UPviaQQiXwIgAc&mid=&merchid=&authkey=&timestamp=1561330590785 yoxwechatbusinessModel::set_user:BEGIN
[2019-06-24 06:56:35] trace  /app/ewei_shopv2_api.php?i=2&r=shop.get_cpinfos&comefrom=wxapp&openid=sns_wa_oWJzS5MfMnK8d4UPviaQQiXwIgAc&mid=&merchid=&authkey=&timestamp=1561330590823 yoxwechatbusinessModel::set_user:BEGIN
[2019-06-24 06:56:35] trace  /app/ewei_shopv2_api.php?i=2&r=shop.get_shopindex&comefrom=wxapp&openid=sns_wa_oWJzS5MfMnK8d4UPviaQQiXwIgAc&mid=&merchid=&authkey=&timestamp=1561330590723 yoxwechatbusinessModel::set_user:BEGIN
[2019-06-24 06:56:36] trace  /app/ewei_shopv2_api.php?i=2&r=black&comefrom=wxapp&openid=sns_wa_oWJzS5MfMnK8d4UPviaQQiXwIgAc&mid=&merchid=&authkey=&timestamp=1561330591260 yoxwechatbusinessModel::set_user:BEGIN
[2019-06-24 06:56:36] trace  /app/ewei_shopv2_api.php?i=2&r=diypage&type=home&comefrom=wxapp&openid=sns_wa_oWJzS5MfMnK8d4UPviaQQiXwIgAc&mid=&merchid=&authkey=&timestamp=1561330591314 yoxwechatbusinessModel::set_user:BEGIN
[2019-06-24 06:56:36] trace  /app/ewei_shopv2_api.php?i=2&r=shop.get_shopindex&comefrom=wxapp&openid=sns_wa_oWJzS5MfMnK8d4UPviaQQiXwIgAc&mid=&merchid=&authkey=&timestamp=1561330591367 yoxwechatbusinessModel::set_user:BEGIN
[2019-06-24 06:56:36] trace  /app/ewei_shopv2_api.php?i=2&r=shop.get_hasnewcoupon&comefrom=wxapp&openid=sns_wa_oWJzS5MfMnK8d4UPviaQQiXwIgAc&mid=&merchid=&authkey=&timestamp=1561330591387 yoxwechatbusinessModel::set_user:BEGIN
[2019-06-24 06:56:36] trace  /app/ewei_shopv2_api.php?i=2&r=shop.get_cpinfos&comefrom=wxapp&openid=sns_wa_oWJzS5MfMnK8d4UPviaQQiXwIgAc&mid=&merchid=&authkey=&timestamp=1561330591408 yoxwechatbusinessModel::set_user:BEGIN
[2019-06-24 06:56:36] trace  /app/ewei_shopv2_api.php?i=2&r=black&comefrom=wxapp&openid=sns_wa_oWJzS5MfMnK8d4UPviaQQiXwIgAc&mid=&merchid=&authkey=&timestamp=1561330591825 yoxwechatbusinessModel::set_user:BEGIN
[2019-06-24 06:56:36] trace  /app/ewei_shopv2_api.php?i=2&r=diypage&type=home&comefrom=wxapp&openid=sns_wa_oWJzS5MfMnK8d4UPviaQQiXwIgAc&mid=&merchid=&authkey=&timestamp=1561330591905 yoxwechatbusinessModel::set_user:BEGIN
[2019-06-24 06:56:36] trace  /app/ewei_shopv2_api.php?i=2&r=shop.get_shopindex&comefrom=wxapp&openid=sns_wa_oWJzS5MfMnK8d4UPviaQQiXwIgAc&mid=&merchid=&authkey=&timestamp=1561330592018 yoxwechatbusinessModel::set_user:BEGIN
[2019-06-24 06:56:36] trace  /app/ewei_shopv2_api.php?i=2&r=shop.get_hasnewcoupon&comefrom=wxapp&openid=sns_wa_oWJzS5MfMnK8d4UPviaQQiXwIgAc&mid=&merchid=&authkey=&timestamp=1561330592045 yoxwechatbusinessModel::set_user:BEGIN
[2019-06-24 06:56:37] trace  /app/ewei_shopv2_api.php?i=2&r=shop.get_cpinfos&comefrom=wxapp&openid=sns_wa_oWJzS5MfMnK8d4UPviaQQiXwIgAc&mid=&merchid=&authkey=&timestamp=1561330592071 yoxwechatbusinessModel::set_user:BEGIN
[2019-06-24 06:56:46] trace  /app/ewei_shopv2_api.php?i=2&r=diypage&type=6&comefrom=wxapp&openid=sns_wa_oWJzS5MfMnK8d4UPviaQQiXwIgAc&mid=&merchid=&authkey=&timestamp=1561330601534 yoxwechatbusinessModel::set_user:BEGIN
[2019-06-24 06:56:46] trace  /app/ewei_shopv2_api.php?i=2&r=diypage&id=6&comefrom=wxapp&openid=sns_wa_oWJzS5MfMnK8d4UPviaQQiXwIgAc&mid=&merchid=&authkey=&timestamp=1561330601598 yoxwechatbusinessModel::set_user:BEGIN
[2019-06-24 06:56:51] trace  /app/ewei_shopv2_api.php?i=2&r=shop.get_hasnewcoupon&comefrom=wxapp&openid=sns_wa_oWJzS5MfMnK8d4UPviaQQiXwIgAc&mid=&merchid=&authkey=&timestamp=1561330606303 yoxwechatbusinessModel::set_user:BEGIN
[2019-06-24 06:56:51] trace  /app/ewei_shopv2_api.php?i=2&r=shop.get_shopindex&comefrom=wxapp&openid=sns_wa_oWJzS5MfMnK8d4UPviaQQiXwIgAc&mid=&merchid=&authkey=&timestamp=1561330606280 yoxwechatbusinessModel::set_user:BEGIN
[2019-06-24 06:56:51] trace  /app/ewei_shopv2_api.php?i=2&r=shop.get_cpinfos&comefrom=wxapp&openid=sns_wa_oWJzS5MfMnK8d4UPviaQQiXwIgAc&mid=&merchid=&authkey=&timestamp=1561330606323 yoxwechatbusinessModel::set_user:BEGIN
[2019-06-24 06:56:55] trace  /app/ewei_shopv2_api.php?i=2&r=bargain.act&comefrom=wxapp&openid=sns_wa_oWJzS5MfMnK8d4UPviaQQiXwIgAc&mid=&merchid=&authkey=&timestamp=1561330610590 yoxwechatbusinessModel::set_user:BEGIN
[2019-06-24 06:56:55] trace  /app/ewei_shopv2_api.php?i=2&r=yoxwechatbusiness&isajax=1&comefrom=wxapp&openid=sns_wa_oWJzS5MfMnK8d4UPviaQQiXwIgAc&mid=&merchid=&authkey=&timestamp=1561330610567 yoxwechatbusinessModel::set_user:BEGIN
[2019-06-24 06:57:01] trace  /app/ewei_shopv2_api.php?i=2&r=yoxwechatbusiness.certificate.certificate_list&isajax=1&page=1&comefrom=wxapp&openid=sns_wa_oWJzS5MfMnK8d4UPviaQQiXwIgAc&mid=&merchid=&authkey=&timestamp=1561330617082 yoxwechatbusinessModel::set_user:BEGIN
[2019-06-24 06:57:08] trace  /app/ewei_shopv2_api.php?i=2&r=black&comefrom=wxapp&openid=sns_wa_oWJzS5MfMnK8d4UPviaQQiXwIgAc&mid=&merchid=&authkey=&timestamp=1561330623391 yoxwechatbusinessModel::set_user:BEGIN
[2019-06-24 06:57:08] trace  /app/ewei_shopv2_api.php?i=2&r=diypage&type=home&comefrom=wxapp&openid=sns_wa_oWJzS5MfMnK8d4UPviaQQiXwIgAc&mid=&merchid=&authkey=&timestamp=1561330623472 yoxwechatbusinessModel::set_user:BEGIN
[2019-06-24 06:57:08] trace  /app/ewei_shopv2_api.php?i=2&r=shop.get_shopindex&comefrom=wxapp&openid=sns_wa_oWJzS5MfMnK8d4UPviaQQiXwIgAc&mid=&merchid=&authkey=&timestamp=1561330623549 yoxwechatbusinessModel::set_user:BEGIN
[2019-06-24 06:57:08] trace  /app/ewei_shopv2_api.php?i=2&r=shop.get_hasnewcoupon&comefrom=wxapp&openid=sns_wa_oWJzS5MfMnK8d4UPviaQQiXwIgAc&mid=&merchid=&authkey=&timestamp=1561330623595 yoxwechatbusinessModel::set_user:BEGIN
[2019-06-24 06:57:08] trace  /app/ewei_shopv2_api.php?i=2&r=shop.get_cpinfos&comefrom=wxapp&openid=sns_wa_oWJzS5MfMnK8d4UPviaQQiXwIgAc&mid=&merchid=&authkey=&timestamp=1561330623622 yoxwechatbusinessModel::set_user:BEGIN
[2019-06-24 07:00:26] trace  /app/ewei_shopv2_api.php?i=2&r=shop.get_shopindex&comefrom=wxapp&openid=sns_wa_oWJzS5MfMnK8d4UPviaQQiXwIgAc&mid=&merchid=&authkey=&timestamp=1561330821532 yoxwechatbusinessModel::set_user:BEGIN
[2019-06-24 07:00:26] trace  /app/ewei_shopv2_api.php?i=2&r=shop.get_cpinfos&comefrom=wxapp&openid=sns_wa_oWJzS5MfMnK8d4UPviaQQiXwIgAc&mid=&merchid=&authkey=&timestamp=1561330821588 yoxwechatbusinessModel::set_user:BEGIN
[2019-06-24 07:00:26] trace  /app/ewei_shopv2_api.php?i=2&r=shop.get_hasnewcoupon&comefrom=wxapp&openid=sns_wa_oWJzS5MfMnK8d4UPviaQQiXwIgAc&mid=&merchid=&authkey=&timestamp=1561330821560 yoxwechatbusinessModel::set_user:BEGIN
[2019-06-24 07:00:46] trace  /app/ewei_shopv2_api.php?i=2&r=goods.get_list&page=1&comefrom=wxapp&openid=sns_wa_oWJzS5MfMnK8d4UPviaQQiXwIgAc&mid=&merchid=&authkey=OGMzYVhUVWN1YUJHcGg5bS9CK1JKTG1wbklJWk0xMnR2ZFFXaEh5S3RNV2krQjU4dEF3ZXFRVlU1WG4vNDU0RWlkU0dPL3ZpZHh0cCt4YWE0OU1abSt1TWwzRQ%3D%3D&timestamp=1561330841906 yoxwechatbusinessModel::set_user:BEGIN
[2019-06-24 07:00:46] trace  /app/ewei_shopv2_api.php?i=2&r=goods.get_category&comefrom=wxapp&openid=sns_wa_oWJzS5MfMnK8d4UPviaQQiXwIgAc&mid=&merchid=&authkey=OGMzYVhUVWN1YUJHcGg5bS9CK1JKTG1wbklJWk0xMnR2ZFFXaEh5S3RNV2krQjU4dEF3ZXFRVlU1WG4vNDU0RWlkU0dPL3ZpZHh0cCt4YWE0OU1abSt1TWwzRQ%3D%3D&timestamp=1561330841877 yoxwechatbusinessModel::set_user:BEGIN
[2019-06-24 07:00:46] trace  /app/ewei_shopv2_api.php?i=2&r=goods.get_category&comefrom=wxapp&openid=sns_wa_oWJzS5MfMnK8d4UPviaQQiXwIgAc&mid=&merchid=&authkey=OGMzYVhUVWN1YUJHcGg5bS9CK1JKTG1wbklJWk0xMnR2ZFFXaEh5S3RNV2krQjU4dEF3ZXFRVlU1WG4vNDU0RWlkU0dPL3ZpZHh0cCt4YWE0OU1abSt1TWwzRQ%3D%3D&timestamp=1561330841877 yoxwechatbusinessModel::set_user:END
[2019-06-24 07:00:46] trace  /app/ewei_shopv2_api.php?i=2&r=goods.get_list&page=1&comefrom=wxapp&openid=sns_wa_oWJzS5MfMnK8d4UPviaQQiXwIgAc&mid=&merchid=&authkey=OGMzYVhUVWN1YUJHcGg5bS9CK1JKTG1wbklJWk0xMnR2ZFFXaEh5S3RNV2krQjU4dEF3ZXFRVlU1WG4vNDU0RWlkU0dPL3ZpZHh0cCt4YWE0OU1abSt1TWwzRQ%3D%3D&timestamp=1561330841906 yoxwechatbusinessModel::set_user:END
[2019-06-24 07:00:55] trace  /app/ewei_shopv2_api.php?i=2&r=goods.get_list&page=2&comefrom=wxapp&openid=sns_wa_oWJzS5MfMnK8d4UPviaQQiXwIgAc&mid=&merchid=&authkey=&timestamp=1561330851132 yoxwechatbusinessModel::set_user:BEGIN
[2019-06-24 07:00:55] trace  /app/ewei_shopv2_api.php?i=2&r=goods.get_list&page=2&comefrom=wxapp&openid=sns_wa_oWJzS5MfMnK8d4UPviaQQiXwIgAc&mid=&merchid=&authkey=&timestamp=1561330851132 yoxwechatbusinessModel::set_user:END
[2019-06-24 07:01:06] trace  /app/ewei_shopv2_api.php?i=2&r=goods.get_list&page=3&comefrom=wxapp&openid=sns_wa_oWJzS5MfMnK8d4UPviaQQiXwIgAc&mid=&merchid=&authkey=&timestamp=1561330861797 yoxwechatbusinessModel::set_user:BEGIN
[2019-06-24 07:01:06] trace  /app/ewei_shopv2_api.php?i=2&r=goods.get_list&page=3&comefrom=wxapp&openid=sns_wa_oWJzS5MfMnK8d4UPviaQQiXwIgAc&mid=&merchid=&authkey=&timestamp=1561330861797 yoxwechatbusinessModel::set_user:END
[2019-06-24 07:01:15] trace  /app/ewei_shopv2_api.php?i=2&r=goods.get_list&page=4&comefrom=wxapp&openid=sns_wa_oWJzS5MfMnK8d4UPviaQQiXwIgAc&mid=&merchid=&authkey=&timestamp=1561330870668 yoxwechatbusinessModel::set_user:BEGIN
[2019-06-24 07:01:15] trace  /app/ewei_shopv2_api.php?i=2&r=goods.get_list&page=4&comefrom=wxapp&openid=sns_wa_oWJzS5MfMnK8d4UPviaQQiXwIgAc&mid=&merchid=&authkey=&timestamp=1561330870668 yoxwechatbusinessModel::set_user:END
[2019-06-24 07:01:16] trace  /app/ewei_shopv2_api.php?i=2&r=black&comefrom=wxapp&openid=sns_wa_oWJzS5MfMnK8d4UPviaQQiXwIgAc&mid=&merchid=&authkey=&timestamp=1561330871899 yoxwechatbusinessModel::set_user:BEGIN
[2019-06-24 07:01:16] trace  /app/ewei_shopv2_api.php?i=2&r=black&comefrom=wxapp&openid=sns_wa_oWJzS5MfMnK8d4UPviaQQiXwIgAc&mid=&merchid=&authkey=&timestamp=1561330871899 yoxwechatbusinessModel::set_user:END
[2019-06-24 07:01:16] trace  /app/ewei_shopv2_api.php?i=2&r=diypage&type=goodsdetail&comefrom=wxapp&openid=sns_wa_oWJzS5MfMnK8d4UPviaQQiXwIgAc&mid=&merchid=&authkey=&timestamp=1561330871929 yoxwechatbusinessModel::set_user:BEGIN
[2019-06-24 07:01:16] trace  /app/ewei_shopv2_api.php?i=2&r=diypage&type=goodsdetail&comefrom=wxapp&openid=sns_wa_oWJzS5MfMnK8d4UPviaQQiXwIgAc&mid=&merchid=&authkey=&timestamp=1561330871929 yoxwechatbusinessModel::set_user:END
[2019-06-24 07:01:16] trace  /app/ewei_shopv2_api.php?i=2&r=goods.get_detail&id=32&comefrom=wxapp&openid=sns_wa_oWJzS5MfMnK8d4UPviaQQiXwIgAc&mid=&merchid=&authkey=&timestamp=1561330872026 yoxwechatbusinessModel::set_user:BEGIN
[2019-06-24 07:01:16] trace  /app/ewei_shopv2_api.php?i=2&r=goods.get_detail&id=32&comefrom=wxapp&openid=sns_wa_oWJzS5MfMnK8d4UPviaQQiXwIgAc&mid=&merchid=&authkey=&timestamp=1561330872026 yoxwechatbusinessModel::set_user:END
[2019-06-24 07:01:18] trace  /app/ewei_shopv2_api.php?i=2&r=goods.get_comments&id=32&comefrom=wxapp&openid=sns_wa_oWJzS5MfMnK8d4UPviaQQiXwIgAc&mid=&merchid=&authkey=&timestamp=1561330874152 yoxwechatbusinessModel::set_user:BEGIN
[2019-06-24 07:01:18] trace  /app/ewei_shopv2_api.php?i=2&r=goods.get_comments&id=32&comefrom=wxapp&openid=sns_wa_oWJzS5MfMnK8d4UPviaQQiXwIgAc&mid=&merchid=&authkey=&timestamp=1561330874152 yoxwechatbusinessModel::set_user:END
[2019-06-24 07:01:23] trace  /app/ewei_shopv2_api.php?i=2&r=shop.get_shopindex&comefrom=wxapp&openid=sns_wa_oWJzS5MfMnK8d4UPviaQQiXwIgAc&mid=&merchid=&authkey=&timestamp=1561330878648 yoxwechatbusinessModel::set_user:BEGIN
[2019-06-24 07:01:23] trace  /app/ewei_shopv2_api.php?i=2&r=shop.get_shopindex&comefrom=wxapp&openid=sns_wa_oWJzS5MfMnK8d4UPviaQQiXwIgAc&mid=&merchid=&authkey=&timestamp=1561330878648 yoxwechatbusinessModel::set_user:END
[2019-06-24 07:01:23] trace  /app/ewei_shopv2_api.php?i=2&r=shop.get_cpinfos&comefrom=wxapp&openid=sns_wa_oWJzS5MfMnK8d4UPviaQQiXwIgAc&mid=&merchid=&authkey=&timestamp=1561330878715 yoxwechatbusinessModel::set_user:BEGIN
[2019-06-24 07:01:23] trace  /app/ewei_shopv2_api.php?i=2&r=shop.get_hasnewcoupon&comefrom=wxapp&openid=sns_wa_oWJzS5MfMnK8d4UPviaQQiXwIgAc&mid=&merchid=&authkey=&timestamp=1561330878677 yoxwechatbusinessModel::set_user:BEGIN
[2019-06-24 07:01:23] trace  /app/ewei_shopv2_api.php?i=2&r=shop.get_cpinfos&comefrom=wxapp&openid=sns_wa_oWJzS5MfMnK8d4UPviaQQiXwIgAc&mid=&merchid=&authkey=&timestamp=1561330878715 yoxwechatbusinessModel::set_user:END
[2019-06-24 07:01:23] trace  /app/ewei_shopv2_api.php?i=2&r=shop.get_hasnewcoupon&comefrom=wxapp&openid=sns_wa_oWJzS5MfMnK8d4UPviaQQiXwIgAc&mid=&merchid=&authkey=&timestamp=1561330878677 yoxwechatbusinessModel::set_user:END
[2019-06-24 07:01:24] trace  /app/ewei_shopv2_api.php?i=2&r=groups&comefrom=wxapp&openid=sns_wa_oWJzS5MfMnK8d4UPviaQQiXwIgAc&mid=&merchid=&authkey=&timestamp=1561330879970 yoxwechatbusinessModel::set_user:BEGIN
[2019-06-24 07:01:24] trace  /app/ewei_shopv2_api.php?i=2&r=groups&comefrom=wxapp&openid=sns_wa_oWJzS5MfMnK8d4UPviaQQiXwIgAc&mid=&merchid=&authkey=&timestamp=1561330879970 yoxwechatbusinessModel::set_user:END
[2019-06-24 07:01:35] trace  /app/ewei_shopv2_api.php?i=2&r=shop.get_shopindex&comefrom=wxapp&openid=sns_wa_oWJzS5MfMnK8d4UPviaQQiXwIgAc&mid=&merchid=&authkey=&timestamp=1561330890518 yoxwechatbusinessModel::set_user:BEGIN
[2019-06-24 07:01:35] trace  /app/ewei_shopv2_api.php?i=2&r=shop.get_shopindex&comefrom=wxapp&openid=sns_wa_oWJzS5MfMnK8d4UPviaQQiXwIgAc&mid=&merchid=&authkey=&timestamp=1561330890518 yoxwechatbusinessModel::set_user:END
[2019-06-24 07:01:35] trace  /app/ewei_shopv2_api.php?i=2&r=shop.get_hasnewcoupon&comefrom=wxapp&openid=sns_wa_oWJzS5MfMnK8d4UPviaQQiXwIgAc&mid=&merchid=&authkey=&timestamp=1561330890540 yoxwechatbusinessModel::set_user:BEGIN
[2019-06-24 07:01:35] trace  /app/ewei_shopv2_api.php?i=2&r=shop.get_cpinfos&comefrom=wxapp&openid=sns_wa_oWJzS5MfMnK8d4UPviaQQiXwIgAc&mid=&merchid=&authkey=&timestamp=1561330890560 yoxwechatbusinessModel::set_user:BEGIN
[2019-06-24 07:01:35] trace  /app/ewei_shopv2_api.php?i=2&r=shop.get_hasnewcoupon&comefrom=wxapp&openid=sns_wa_oWJzS5MfMnK8d4UPviaQQiXwIgAc&mid=&merchid=&authkey=&timestamp=1561330890540 yoxwechatbusinessModel::set_user:END
[2019-06-24 07:01:35] trace  /app/ewei_shopv2_api.php?i=2&r=shop.get_cpinfos&comefrom=wxapp&openid=sns_wa_oWJzS5MfMnK8d4UPviaQQiXwIgAc&mid=&merchid=&authkey=&timestamp=1561330890560 yoxwechatbusinessModel::set_user:END
[2019-06-24 07:01:46] trace  /app/ewei_shopv2_api.php?i=2&r=diypage&type=7&comefrom=wxapp&openid=sns_wa_oWJzS5MfMnK8d4UPviaQQiXwIgAc&mid=&merchid=&authkey=&timestamp=1561330901518 yoxwechatbusinessModel::set_user:BEGIN
[2019-06-24 07:01:46] trace  /app/ewei_shopv2_api.php?i=2&r=diypage&type=7&comefrom=wxapp&openid=sns_wa_oWJzS5MfMnK8d4UPviaQQiXwIgAc&mid=&merchid=&authkey=&timestamp=1561330901518 yoxwechatbusinessModel::set_user:END
[2019-06-24 07:01:46] trace  /app/ewei_shopv2_api.php?i=2&r=diypage&id=7&comefrom=wxapp&openid=sns_wa_oWJzS5MfMnK8d4UPviaQQiXwIgAc&mid=&merchid=&authkey=&timestamp=1561330901569 yoxwechatbusinessModel::set_user:BEGIN
[2019-06-24 07:01:46] trace  /app/ewei_shopv2_api.php?i=2&r=diypage&id=7&comefrom=wxapp&openid=sns_wa_oWJzS5MfMnK8d4UPviaQQiXwIgAc&mid=&merchid=&authkey=&timestamp=1561330901569 yoxwechatbusinessModel::set_user:END
[2019-06-24 07:01:51] trace  /app/ewei_shopv2_api.php?i=2&r=yoxarticlevideo.article&isajax=1&comefrom=wxapp&openid=sns_wa_oWJzS5MfMnK8d4UPviaQQiXwIgAc&mid=&merchid=&authkey=&timestamp=1561330907058 yoxwechatbusinessModel::set_user:BEGIN
[2019-06-24 07:01:51] trace  /app/ewei_shopv2_api.php?i=2&r=yoxarticlevideo.article&isajax=1&comefrom=wxapp&openid=sns_wa_oWJzS5MfMnK8d4UPviaQQiXwIgAc&mid=&merchid=&authkey=&timestamp=1561330907058 yoxwechatbusinessModel::set_user:END
[2019-06-24 07:01:51] trace  /app/ewei_shopv2_api.php?i=2&r=yoxarticlevideo.video&isajax=1&comefrom=wxapp&openid=sns_wa_oWJzS5MfMnK8d4UPviaQQiXwIgAc&mid=&merchid=&authkey=&timestamp=1561330907077 yoxwechatbusinessModel::set_user:BEGIN
[2019-06-24 07:01:51] trace  /app/ewei_shopv2_api.php?i=2&r=yoxarticlevideo.video&isajax=1&comefrom=wxapp&openid=sns_wa_oWJzS5MfMnK8d4UPviaQQiXwIgAc&mid=&merchid=&authkey=&timestamp=1561330907077 yoxwechatbusinessModel::set_user:END
[2019-06-24 07:02:36] trace  /app/ewei_shopv2_api.php?i=2&r=diypage&id=7&comefrom=wxapp&openid=sns_wa_oWJzS5MfMnK8d4UPviaQQiXwIgAc&mid=&merchid=&authkey=&timestamp=1561330952141 yoxwechatbusinessModel::set_user:BEGIN
[2019-06-24 07:02:36] trace  /app/ewei_shopv2_api.php?i=2&r=diypage&id=7&comefrom=wxapp&openid=sns_wa_oWJzS5MfMnK8d4UPviaQQiXwIgAc&mid=&merchid=&authkey=&timestamp=1561330952141 yoxwechatbusinessModel::set_user:END
[2019-06-24 07:02:37] trace  /app/ewei_shopv2_api.php?i=2&r=shop.get_hasnewcoupon&comefrom=wxapp&openid=sns_wa_oWJzS5MfMnK8d4UPviaQQiXwIgAc&mid=&merchid=&authkey=&timestamp=1561330952947 yoxwechatbusinessModel::set_user:BEGIN
[2019-06-24 07:02:37] trace  /app/ewei_shopv2_api.php?i=2&r=shop.get_hasnewcoupon&comefrom=wxapp&openid=sns_wa_oWJzS5MfMnK8d4UPviaQQiXwIgAc&mid=&merchid=&authkey=&timestamp=1561330952947 yoxwechatbusinessModel::set_user:END
[2019-06-24 07:02:37] trace  /app/ewei_shopv2_api.php?i=2&r=shop.get_shopindex&comefrom=wxapp&openid=sns_wa_oWJzS5MfMnK8d4UPviaQQiXwIgAc&mid=&merchid=&authkey=&timestamp=1561330952922 yoxwechatbusinessModel::set_user:BEGIN
[2019-06-24 07:02:37] trace  /app/ewei_shopv2_api.php?i=2&r=shop.get_cpinfos&comefrom=wxapp&openid=sns_wa_oWJzS5MfMnK8d4UPviaQQiXwIgAc&mid=&merchid=&authkey=&timestamp=1561330952967 yoxwechatbusinessModel::set_user:BEGIN
[2019-06-24 07:02:37] trace  /app/ewei_shopv2_api.php?i=2&r=shop.get_cpinfos&comefrom=wxapp&openid=sns_wa_oWJzS5MfMnK8d4UPviaQQiXwIgAc&mid=&merchid=&authkey=&timestamp=1561330952967 yoxwechatbusinessModel::set_user:END
[2019-06-24 07:02:37] trace  /app/ewei_shopv2_api.php?i=2&r=shop.get_shopindex&comefrom=wxapp&openid=sns_wa_oWJzS5MfMnK8d4UPviaQQiXwIgAc&mid=&merchid=&authkey=&timestamp=1561330952922 yoxwechatbusinessModel::set_user:END
[2019-06-24 07:09:34] trace  /app/ewei_shopv2_api.php?i=2&r=shop.get_shopindex&comefrom=wxapp&openid=sns_wa_oWJzS5MfMnK8d4UPviaQQiXwIgAc&mid=&merchid=&authkey=&timestamp=1561331369918 yoxwechatbusinessModel::set_user:BEGIN
[2019-06-24 07:09:34] trace  /app/ewei_shopv2_api.php?i=2&r=shop.get_shopindex&comefrom=wxapp&openid=sns_wa_oWJzS5MfMnK8d4UPviaQQiXwIgAc&mid=&merchid=&authkey=&timestamp=1561331369918 yoxwechatbusinessModel::set_user:END
[2019-06-24 07:09:34] trace  /app/ewei_shopv2_api.php?i=2&r=shop.get_cpinfos&comefrom=wxapp&openid=sns_wa_oWJzS5MfMnK8d4UPviaQQiXwIgAc&mid=&merchid=&authkey=&timestamp=1561331369955 yoxwechatbusinessModel::set_user:BEGIN
[2019-06-24 07:09:34] trace  /app/ewei_shopv2_api.php?i=2&r=shop.get_cpinfos&comefrom=wxapp&openid=sns_wa_oWJzS5MfMnK8d4UPviaQQiXwIgAc&mid=&merchid=&authkey=&timestamp=1561331369955 yoxwechatbusinessModel::set_user:END
[2019-06-24 07:09:35] trace  /app/ewei_shopv2_api.php?i=2&r=shop.get_hasnewcoupon&comefrom=wxapp&openid=sns_wa_oWJzS5MfMnK8d4UPviaQQiXwIgAc&mid=&merchid=&authkey=&timestamp=1561331369937 yoxwechatbusinessModel::set_user:BEGIN
[2019-06-24 07:09:35] trace  /app/ewei_shopv2_api.php?i=2&r=shop.get_hasnewcoupon&comefrom=wxapp&openid=sns_wa_oWJzS5MfMnK8d4UPviaQQiXwIgAc&mid=&merchid=&authkey=&timestamp=1561331369937 yoxwechatbusinessModel::set_user:END
[2019-06-24 11:57:58] trace  /app/ewei_shopv2_api.php?i=2&r=cacheset&version=&comefrom=wxapp&openid=sns_wa_oWJzS5CsEAjO_RpNjQLdp737ockQ&mid=&merchid=&authkey=MGQ2ZHdyOEd2ei9rM08xKzk5THBtb1VIK2VVWlNkOG1wYnc3WEoyVGNsaFpzMFR5cERZMng1RTlMazFPNHUvZTQyY09JZHpz&timestamp=1561348675021 yoxwechatbusinessModel::set_user:BEGIN
[2019-06-24 11:57:58] trace  /app/ewei_shopv2_api.php?i=2&r=cacheset&version=&comefrom=wxapp&openid=sns_wa_oWJzS5CsEAjO_RpNjQLdp737ockQ&mid=&merchid=&authkey=NzQ2M1p2NHVCbG1NTDZSM1d1MlRveFdZZGU0TXRFbnhWQkxMNk1IdEEycFpVblhJaHhJT00zemVwNzZIMzZvVVowK3FSUUpR&timestamp=1561348675351 yoxwechatbusinessModel::set_user:BEGIN
[2019-06-24 12:00:30] trace  /app/ewei_shopv2_api.php?i=2&r=shop.get_hasnewcoupon&comefrom=wxapp&openid=sns_wa_oWJzS5Ak51G9M881eXJ2gvCLiwUo&mid=&merchid=&authkey=&timestamp=1561348828279 yoxwechatbusinessModel::set_user:BEGIN
[2019-06-24 12:00:30] trace  /app/ewei_shopv2_api.php?i=2&r=black&comefrom=wxapp&openid=sns_wa_oWJzS5Ak51G9M881eXJ2gvCLiwUo&authkey=&timestamp=1561348827820 yoxwechatbusinessModel::set_user:BEGIN
[2019-06-24 12:00:30] trace  /app/ewei_shopv2_api.php?i=2&r=shop.get_shopindex&comefrom=wxapp&openid=sns_wa_oWJzS5Ak51G9M881eXJ2gvCLiwUo&mid=&merchid=&authkey=&timestamp=1561348828214 yoxwechatbusinessModel::set_user:BEGIN
[2019-06-24 12:00:30] trace  /app/ewei_shopv2_api.php?i=2&r=diypage&type=home&comefrom=wxapp&openid=sns_wa_oWJzS5Ak51G9M881eXJ2gvCLiwUo&mid=&merchid=&authkey=&timestamp=1561348828083 yoxwechatbusinessModel::set_user:BEGIN
[2019-06-24 12:00:30] trace  /app/ewei_shopv2_api.php?i=2&r=black&comefrom=wxapp&openid=sns_wa_oWJzS5Ak51G9M881eXJ2gvCLiwUo&authkey=&timestamp=1561348827820 yoxwechatbusinessModel::set_user:END
[2019-06-24 12:00:30] trace  /app/ewei_shopv2_api.php?i=2&r=shop.get_hasnewcoupon&comefrom=wxapp&openid=sns_wa_oWJzS5Ak51G9M881eXJ2gvCLiwUo&mid=&merchid=&authkey=&timestamp=1561348828279 yoxwechatbusinessModel::set_user:END
[2019-06-24 12:00:30] trace  /app/ewei_shopv2_api.php?i=2&r=shop.get_shopindex&comefrom=wxapp&openid=sns_wa_oWJzS5Ak51G9M881eXJ2gvCLiwUo&mid=&merchid=&authkey=&timestamp=1561348828214 yoxwechatbusinessModel::set_user:END
[2019-06-24 12:00:30] trace  /app/ewei_shopv2_api.php?i=2&r=diypage&type=home&comefrom=wxapp&openid=sns_wa_oWJzS5Ak51G9M881eXJ2gvCLiwUo&mid=&merchid=&authkey=&timestamp=1561348828083 yoxwechatbusinessModel::set_user:END
[2019-06-24 12:00:30] trace  /app/ewei_shopv2_api.php?i=2&r=shop.get_cpinfos&comefrom=wxapp&openid=sns_wa_oWJzS5Ak51G9M881eXJ2gvCLiwUo&mid=&merchid=&authkey=&timestamp=1561348828359 yoxwechatbusinessModel::set_user:BEGIN
[2019-06-24 12:00:30] trace  /app/ewei_shopv2_api.php?i=2&r=shop.get_cpinfos&comefrom=wxapp&openid=sns_wa_oWJzS5Ak51G9M881eXJ2gvCLiwUo&mid=&merchid=&authkey=&timestamp=1561348828359 yoxwechatbusinessModel::set_user:END
[2019-06-24 12:00:49] trace  /app/ewei_shopv2_api.php?i=2&r=yoxwechatbusiness&isajax=1&comefrom=wxapp&openid=sns_wa_oWJzS5Ak51G9M881eXJ2gvCLiwUo&mid=&merchid=&authkey=MTk1MW9aZzNCNSt3TXZsUzVGUXFGQ3VJYUhkaUN5WU9ucFVIVCtBVXBSUVUraWE1d1hJRE9tTm02SWxGVTdpcy9LVGt6VEFjSlNSdGdDcnR5cTl6TjQvYWllWQ%3D%3D&timestamp=1561348848026 yoxwechatbusinessModel::set_user:BEGIN
[2019-06-24 12:00:49] trace  /app/ewei_shopv2_api.php?i=2&r=yoxwechatbusiness&isajax=1&comefrom=wxapp&openid=sns_wa_oWJzS5Ak51G9M881eXJ2gvCLiwUo&mid=&merchid=&authkey=MTk1MW9aZzNCNSt3TXZsUzVGUXFGQ3VJYUhkaUN5WU9ucFVIVCtBVXBSUVUraWE1d1hJRE9tTm02SWxGVTdpcy9LVGt6VEFjSlNSdGdDcnR5cTl6TjQvYWllWQ%3D%3D&timestamp=1561348848026 yoxwechatbusinessModel::set_user:END
[2019-06-24 12:00:50] trace  /app/ewei_shopv2_api.php?i=2&r=bargain.act&comefrom=wxapp&openid=sns_wa_oWJzS5Ak51G9M881eXJ2gvCLiwUo&mid=&merchid=&authkey=MTk1MW9aZzNCNSt3TXZsUzVGUXFGQ3VJYUhkaUN5WU9ucFVIVCtBVXBSUVUraWE1d1hJRE9tTm02SWxGVTdpcy9LVGt6VEFjSlNSdGdDcnR5cTl6TjQvYWllWQ%3D%3D&timestamp=1561348848099 yoxwechatbusinessModel::set_user:BEGIN
[2019-06-24 12:00:50] trace  /app/ewei_shopv2_api.php?i=2&r=bargain.act&comefrom=wxapp&openid=sns_wa_oWJzS5Ak51G9M881eXJ2gvCLiwUo&mid=&merchid=&authkey=MTk1MW9aZzNCNSt3TXZsUzVGUXFGQ3VJYUhkaUN5WU9ucFVIVCtBVXBSUVUraWE1d1hJRE9tTm02SWxGVTdpcy9LVGt6VEFjSlNSdGdDcnR5cTl6TjQvYWllWQ%3D%3D&timestamp=1561348848099 yoxwechatbusinessModel::set_user:END
[2019-06-24 12:01:08] trace  /app/ewei_shopv2_api.php?i=2&r=yoxwechatbusiness.user.my_invite_user&isajax=1&status=&page=1&comefrom=wxapp&openid=sns_wa_oWJzS5Ak51G9M881eXJ2gvCLiwUo&mid=&merchid=&authkey=&timestamp=1561348866531 yoxwechatbusinessModel::set_user:BEGIN
[2019-06-24 12:01:08] trace  /app/ewei_shopv2_api.php?i=2&r=yoxwechatbusiness.user.my_invite_user&isajax=1&status=&page=1&comefrom=wxapp&openid=sns_wa_oWJzS5Ak51G9M881eXJ2gvCLiwUo&mid=&merchid=&authkey=&timestamp=1561348866531 yoxwechatbusinessModel::set_user:END
[2019-06-24 12:01:12] trace  /app/ewei_shopv2_api.php?i=2&r=yoxwechatbusiness.user.my_invite_user&isajax=1&status=0&page=1&comefrom=wxapp&openid=sns_wa_oWJzS5Ak51G9M881eXJ2gvCLiwUo&mid=&merchid=&authkey=&timestamp=1561348870117 yoxwechatbusinessModel::set_user:BEGIN
[2019-06-24 12:01:12] trace  /app/ewei_shopv2_api.php?i=2&r=yoxwechatbusiness.user.my_invite_user&isajax=1&status=0&page=1&comefrom=wxapp&openid=sns_wa_oWJzS5Ak51G9M881eXJ2gvCLiwUo&mid=&merchid=&authkey=&timestamp=1561348870117 yoxwechatbusinessModel::set_user:END
[2019-06-24 12:01:13] trace  /app/ewei_shopv2_api.php?i=2&r=yoxwechatbusiness.user.my_invite_user&isajax=1&status=1&page=1&comefrom=wxapp&openid=sns_wa_oWJzS5Ak51G9M881eXJ2gvCLiwUo&mid=&merchid=&authkey=&timestamp=1561348871884 yoxwechatbusinessModel::set_user:BEGIN
[2019-06-24 12:01:13] trace  /app/ewei_shopv2_api.php?i=2&r=yoxwechatbusiness.user.my_invite_user&isajax=1&status=1&page=1&comefrom=wxapp&openid=sns_wa_oWJzS5Ak51G9M881eXJ2gvCLiwUo&mid=&merchid=&authkey=&timestamp=1561348871884 yoxwechatbusinessModel::set_user:END
[2019-06-24 14:03:59] trace  /app/ewei_shopv2_api.php?i=2&r=diypage&type=home&comefrom=wxapp&openid=sns_wa_oWJzS5Ak51G9M881eXJ2gvCLiwUo&mid=&merchid=&authkey=&timestamp=1561356236858 yoxwechatbusinessModel::set_user:BEGIN
[2019-06-24 14:03:59] trace  /app/ewei_shopv2_api.php?i=2&r=shop.get_shopindex&comefrom=wxapp&openid=sns_wa_oWJzS5Ak51G9M881eXJ2gvCLiwUo&mid=&merchid=&authkey=&timestamp=1561356237017 yoxwechatbusinessModel::set_user:BEGIN
[2019-06-24 14:03:59] trace  /app/ewei_shopv2_api.php?i=2&r=diypage&type=home&comefrom=wxapp&openid=sns_wa_oWJzS5Ak51G9M881eXJ2gvCLiwUo&mid=&merchid=&authkey=&timestamp=1561356236858 yoxwechatbusinessModel::set_user:END
[2019-06-24 14:03:59] trace  /app/ewei_shopv2_api.php?i=2&r=black&comefrom=wxapp&openid=sns_wa_oWJzS5Ak51G9M881eXJ2gvCLiwUo&authkey=&timestamp=1561356236558 yoxwechatbusinessModel::set_user:BEGIN
[2019-06-24 14:03:59] trace  /app/ewei_shopv2_api.php?i=2&r=shop.get_shopindex&comefrom=wxapp&openid=sns_wa_oWJzS5Ak51G9M881eXJ2gvCLiwUo&mid=&merchid=&authkey=&timestamp=1561356237017 yoxwechatbusinessModel::set_user:END
[2019-06-24 14:03:59] trace  /app/ewei_shopv2_api.php?i=2&r=black&comefrom=wxapp&openid=sns_wa_oWJzS5Ak51G9M881eXJ2gvCLiwUo&authkey=&timestamp=1561356236558 yoxwechatbusinessModel::set_user:END
[2019-06-24 14:03:59] trace  /app/ewei_shopv2_api.php?i=2&r=shop.get_hasnewcoupon&comefrom=wxapp&openid=sns_wa_oWJzS5Ak51G9M881eXJ2gvCLiwUo&mid=&merchid=&authkey=&timestamp=1561356237079 yoxwechatbusinessModel::set_user:BEGIN
[2019-06-24 14:03:59] trace  /app/ewei_shopv2_api.php?i=2&r=shop.get_cpinfos&comefrom=wxapp&openid=sns_wa_oWJzS5Ak51G9M881eXJ2gvCLiwUo&mid=&merchid=&authkey=&timestamp=1561356237154 yoxwechatbusinessModel::set_user:BEGIN
[2019-06-24 14:03:59] trace  /app/ewei_shopv2_api.php?i=2&r=shop.get_hasnewcoupon&comefrom=wxapp&openid=sns_wa_oWJzS5Ak51G9M881eXJ2gvCLiwUo&mid=&merchid=&authkey=&timestamp=1561356237079 yoxwechatbusinessModel::set_user:END
[2019-06-24 14:03:59] trace  /app/ewei_shopv2_api.php?i=2&r=shop.get_cpinfos&comefrom=wxapp&openid=sns_wa_oWJzS5Ak51G9M881eXJ2gvCLiwUo&mid=&merchid=&authkey=&timestamp=1561356237154 yoxwechatbusinessModel::set_user:END
[2019-06-24 15:20:39] trace  /app/ewei_shopv2_api.php?i=2&r=black&comefrom=wxapp&openid=sns_wa_oWJzS5Ak51G9M881eXJ2gvCLiwUo&mid=&merchid=&authkey=NDhhNExIa3htM0Y4d1ZodHpDS3Bmc1pUZ0FwY2RUTm9CK09jSXlSeEpIcXVWU3VMWEE1ZGNnNDZSclRFWjM5QTZyM1BzdUoyOEdjbWRqcGlJV3FFNDlMcnFNZw%3D%3D&timestamp=1561360836917 yoxwechatbusinessModel::set_user:BEGIN
[2019-06-24 15:20:39] trace  /app/ewei_shopv2_api.php?i=2&r=diypage&type=home&comefrom=wxapp&openid=sns_wa_oWJzS5Ak51G9M881eXJ2gvCLiwUo&mid=&merchid=&authkey=NDhhNExIa3htM0Y4d1ZodHpDS3Bmc1pUZ0FwY2RUTm9CK09jSXlSeEpIcXVWU3VMWEE1ZGNnNDZSclRFWjM5QTZyM1BzdUoyOEdjbWRqcGlJV3FFNDlMcnFNZw%3D%3D&timestamp=1561360837220 yoxwechatbusinessModel::set_user:BEGIN
[2019-06-24 15:20:39] trace  /app/ewei_shopv2_api.php?i=2&r=black&comefrom=wxapp&openid=sns_wa_oWJzS5Ak51G9M881eXJ2gvCLiwUo&mid=&merchid=&authkey=NDhhNExIa3htM0Y4d1ZodHpDS3Bmc1pUZ0FwY2RUTm9CK09jSXlSeEpIcXVWU3VMWEE1ZGNnNDZSclRFWjM5QTZyM1BzdUoyOEdjbWRqcGlJV3FFNDlMcnFNZw%3D%3D&timestamp=1561360836917 yoxwechatbusinessModel::set_user:END
[2019-06-24 15:20:39] trace  /app/ewei_shopv2_api.php?i=2&r=diypage&type=home&comefrom=wxapp&openid=sns_wa_oWJzS5Ak51G9M881eXJ2gvCLiwUo&mid=&merchid=&authkey=NDhhNExIa3htM0Y4d1ZodHpDS3Bmc1pUZ0FwY2RUTm9CK09jSXlSeEpIcXVWU3VMWEE1ZGNnNDZSclRFWjM5QTZyM1BzdUoyOEdjbWRqcGlJV3FFNDlMcnFNZw%3D%3D&timestamp=1561360837220 yoxwechatbusinessModel::set_user:END
[2019-06-24 15:20:39] trace  /app/ewei_shopv2_api.php?i=2&r=shop.get_hasnewcoupon&comefrom=wxapp&openid=sns_wa_oWJzS5Ak51G9M881eXJ2gvCLiwUo&mid=&merchid=&authkey=NDhhNExIa3htM0Y4d1ZodHpDS3Bmc1pUZ0FwY2RUTm9CK09jSXlSeEpIcXVWU3VMWEE1ZGNnNDZSclRFWjM5QTZyM1BzdUoyOEdjbWRqcGlJV3FFNDlMcnFNZw%3D%3D&timestamp=1561360837399 yoxwechatbusinessModel::set_user:BEGIN
[2019-06-24 15:20:39] trace  /app/ewei_shopv2_api.php?i=2&r=shop.get_shopindex&comefrom=wxapp&openid=sns_wa_oWJzS5Ak51G9M881eXJ2gvCLiwUo&mid=&merchid=&authkey=NDhhNExIa3htM0Y4d1ZodHpDS3Bmc1pUZ0FwY2RUTm9CK09jSXlSeEpIcXVWU3VMWEE1ZGNnNDZSclRFWjM5QTZyM1BzdUoyOEdjbWRqcGlJV3FFNDlMcnFNZw%3D%3D&timestamp=1561360837346 yoxwechatbusinessModel::set_user:BEGIN
[2019-06-24 15:20:39] trace  /app/ewei_shopv2_api.php?i=2&r=shop.get_hasnewcoupon&comefrom=wxapp&openid=sns_wa_oWJzS5Ak51G9M881eXJ2gvCLiwUo&mid=&merchid=&authkey=NDhhNExIa3htM0Y4d1ZodHpDS3Bmc1pUZ0FwY2RUTm9CK09jSXlSeEpIcXVWU3VMWEE1ZGNnNDZSclRFWjM5QTZyM1BzdUoyOEdjbWRqcGlJV3FFNDlMcnFNZw%3D%3D&timestamp=1561360837399 yoxwechatbusinessModel::set_user:END
[2019-06-24 15:20:39] trace  /app/ewei_shopv2_api.php?i=2&r=shop.get_shopindex&comefrom=wxapp&openid=sns_wa_oWJzS5Ak51G9M881eXJ2gvCLiwUo&mid=&merchid=&authkey=NDhhNExIa3htM0Y4d1ZodHpDS3Bmc1pUZ0FwY2RUTm9CK09jSXlSeEpIcXVWU3VMWEE1ZGNnNDZSclRFWjM5QTZyM1BzdUoyOEdjbWRqcGlJV3FFNDlMcnFNZw%3D%3D&timestamp=1561360837346 yoxwechatbusinessModel::set_user:END
[2019-06-24 15:20:39] trace  /app/ewei_shopv2_api.php?i=2&r=shop.get_cpinfos&comefrom=wxapp&openid=sns_wa_oWJzS5Ak51G9M881eXJ2gvCLiwUo&mid=&merchid=&authkey=NDhhNExIa3htM0Y4d1ZodHpDS3Bmc1pUZ0FwY2RUTm9CK09jSXlSeEpIcXVWU3VMWEE1ZGNnNDZSclRFWjM5QTZyM1BzdUoyOEdjbWRqcGlJV3FFNDlMcnFNZw%3D%3D&timestamp=1561360837460 yoxwechatbusinessModel::set_user:BEGIN
[2019-06-24 15:20:39] trace  /app/ewei_shopv2_api.php?i=2&r=shop.get_cpinfos&comefrom=wxapp&openid=sns_wa_oWJzS5Ak51G9M881eXJ2gvCLiwUo&mid=&merchid=&authkey=NDhhNExIa3htM0Y4d1ZodHpDS3Bmc1pUZ0FwY2RUTm9CK09jSXlSeEpIcXVWU3VMWEE1ZGNnNDZSclRFWjM5QTZyM1BzdUoyOEdjbWRqcGlJV3FFNDlMcnFNZw%3D%3D&timestamp=1561360837460 yoxwechatbusinessModel::set_user:END
[2019-06-24 15:20:57] trace  /app/ewei_shopv2_api.php?i=2&r=bargain.act&comefrom=wxapp&openid=sns_wa_oWJzS5Ak51G9M881eXJ2gvCLiwUo&mid=&merchid=&authkey=&timestamp=1561360855479 yoxwechatbusinessModel::set_user:BEGIN
[2019-06-24 15:20:57] trace  /app/ewei_shopv2_api.php?i=2&r=bargain.act&comefrom=wxapp&openid=sns_wa_oWJzS5Ak51G9M881eXJ2gvCLiwUo&mid=&merchid=&authkey=&timestamp=1561360855479 yoxwechatbusinessModel::set_user:END
[2019-06-24 15:20:57] trace  /app/ewei_shopv2_api.php?i=2&r=yoxwechatbusiness&isajax=1&comefrom=wxapp&openid=sns_wa_oWJzS5Ak51G9M881eXJ2gvCLiwUo&mid=&merchid=&authkey=&timestamp=1561360855429 yoxwechatbusinessModel::set_user:BEGIN
[2019-06-24 15:20:57] trace  /app/ewei_shopv2_api.php?i=2&r=yoxwechatbusiness&isajax=1&comefrom=wxapp&openid=sns_wa_oWJzS5Ak51G9M881eXJ2gvCLiwUo&mid=&merchid=&authkey=&timestamp=1561360855429 yoxwechatbusinessModel::set_user:END
[2019-06-24 15:21:01] trace  /app/ewei_shopv2_api.php?i=2&r=yoxwechatbusiness.user.my_invite_user&isajax=1&status=&page=1&comefrom=wxapp&openid=sns_wa_oWJzS5Ak51G9M881eXJ2gvCLiwUo&mid=&merchid=&authkey=&timestamp=1561360859070 yoxwechatbusinessModel::set_user:BEGIN
[2019-06-24 15:21:01] trace  /app/ewei_shopv2_api.php?i=2&r=yoxwechatbusiness.user.my_invite_user&isajax=1&status=&page=1&comefrom=wxapp&openid=sns_wa_oWJzS5Ak51G9M881eXJ2gvCLiwUo&mid=&merchid=&authkey=&timestamp=1561360859070 yoxwechatbusinessModel::set_user:END
[2019-06-24 15:21:15] trace  /app/ewei_shopv2_api.php?i=2&r=yoxwechatbusiness.user.my_invite_user&isajax=1&status=1&page=1&comefrom=wxapp&openid=sns_wa_oWJzS5Ak51G9M881eXJ2gvCLiwUo&mid=&merchid=&authkey=&timestamp=1561360873670 yoxwechatbusinessModel::set_user:BEGIN
[2019-06-24 15:21:15] trace  /app/ewei_shopv2_api.php?i=2&r=yoxwechatbusiness.user.my_invite_user&isajax=1&status=1&page=1&comefrom=wxapp&openid=sns_wa_oWJzS5Ak51G9M881eXJ2gvCLiwUo&mid=&merchid=&authkey=&timestamp=1561360873670 yoxwechatbusinessModel::set_user:END
[2019-06-24 15:21:19] trace  /app/ewei_shopv2_api.php?i=2&r=yoxwechatbusiness.agent&isajax=1&comefrom=wxapp&openid=sns_wa_oWJzS5Ak51G9M881eXJ2gvCLiwUo&mid=&merchid=&authkey=&timestamp=1561360877708 yoxwechatbusinessModel::set_user:BEGIN
[2019-06-24 15:21:19] trace  /app/ewei_shopv2_api.php?i=2&r=yoxwechatbusiness.agent&isajax=1&comefrom=wxapp&openid=sns_wa_oWJzS5Ak51G9M881eXJ2gvCLiwUo&mid=&merchid=&authkey=&timestamp=1561360877708 yoxwechatbusinessModel::set_user:END
[2019-06-24 15:21:20] trace  /app/ewei_shopv2_api.php?i=2&r=yoxwechatbusiness.level.level_list&isajax=1&comefrom=wxapp&openid=sns_wa_oWJzS5Ak51G9M881eXJ2gvCLiwUo&mid=&merchid=&authkey=&timestamp=1561360877881 yoxwechatbusinessModel::set_user:BEGIN
[2019-06-24 15:21:20] trace  /app/ewei_shopv2_api.php?i=2&r=yoxwechatbusiness.level.level_list&isajax=1&comefrom=wxapp&openid=sns_wa_oWJzS5Ak51G9M881eXJ2gvCLiwUo&mid=&merchid=&authkey=&timestamp=1561360877881 yoxwechatbusinessModel::set_user:END
[2019-06-24 15:21:20] trace  /app/ewei_shopv2_api.php?i=2&r=yoxwechatbusiness.user.invite_statistics&isajax=1&comefrom=wxapp&openid=sns_wa_oWJzS5Ak51G9M881eXJ2gvCLiwUo&mid=&merchid=&authkey=&timestamp=1561360877947 yoxwechatbusinessModel::set_user:BEGIN
[2019-06-24 15:21:20] trace  /app/ewei_shopv2_api.php?i=2&r=yoxwechatbusiness.user.invite_statistics&isajax=1&comefrom=wxapp&openid=sns_wa_oWJzS5Ak51G9M881eXJ2gvCLiwUo&mid=&merchid=&authkey=&timestamp=1561360877947 yoxwechatbusinessModel::set_user:END
[2019-06-24 15:32:08] trace  /app/ewei_shopv2_api.php?i=2&r=black&comefrom=wxapp&openid=sns_wa_oWJzS5Ak51G9M881eXJ2gvCLiwUo&mid=&merchid=&authkey=&timestamp=1561361526269 yoxwechatbusinessModel::set_user:BEGIN
[2019-06-24 15:32:08] trace  /app/ewei_shopv2_api.php?i=2&r=diypage&type=home&comefrom=wxapp&openid=sns_wa_oWJzS5Ak51G9M881eXJ2gvCLiwUo&mid=&merchid=&authkey=&timestamp=1561361526531 yoxwechatbusinessModel::set_user:BEGIN
[2019-06-24 15:32:08] trace  /app/ewei_shopv2_api.php?i=2&r=diypage&type=home&comefrom=wxapp&openid=sns_wa_oWJzS5Ak51G9M881eXJ2gvCLiwUo&mid=&merchid=&authkey=&timestamp=1561361526531 yoxwechatbusinessModel::set_user:END
[2019-06-24 15:32:08] trace  /app/ewei_shopv2_api.php?i=2&r=black&comefrom=wxapp&openid=sns_wa_oWJzS5Ak51G9M881eXJ2gvCLiwUo&mid=&merchid=&authkey=&timestamp=1561361526269 yoxwechatbusinessModel::set_user:END
[2019-06-24 15:32:08] trace  /app/ewei_shopv2_api.php?i=2&r=shop.get_hasnewcoupon&comefrom=wxapp&openid=sns_wa_oWJzS5Ak51G9M881eXJ2gvCLiwUo&mid=&merchid=&authkey=&timestamp=1561361526716 yoxwechatbusinessModel::set_user:BEGIN
[2019-06-24 15:32:08] trace  /app/ewei_shopv2_api.php?i=2&r=shop.get_hasnewcoupon&comefrom=wxapp&openid=sns_wa_oWJzS5Ak51G9M881eXJ2gvCLiwUo&mid=&merchid=&authkey=&timestamp=1561361526716 yoxwechatbusinessModel::set_user:END
[2019-06-24 15:32:08] trace  /app/ewei_shopv2_api.php?i=2&r=shop.get_shopindex&comefrom=wxapp&openid=sns_wa_oWJzS5Ak51G9M881eXJ2gvCLiwUo&mid=&merchid=&authkey=&timestamp=1561361526655 yoxwechatbusinessModel::set_user:BEGIN
[2019-06-24 15:32:08] trace  /app/ewei_shopv2_api.php?i=2&r=shop.get_shopindex&comefrom=wxapp&openid=sns_wa_oWJzS5Ak51G9M881eXJ2gvCLiwUo&mid=&merchid=&authkey=&timestamp=1561361526655 yoxwechatbusinessModel::set_user:END
[2019-06-24 15:32:09] trace  /app/ewei_shopv2_api.php?i=2&r=shop.get_cpinfos&comefrom=wxapp&openid=sns_wa_oWJzS5Ak51G9M881eXJ2gvCLiwUo&mid=&merchid=&authkey=&timestamp=1561361526780 yoxwechatbusinessModel::set_user:BEGIN
[2019-06-24 15:32:09] trace  /app/ewei_shopv2_api.php?i=2&r=shop.get_cpinfos&comefrom=wxapp&openid=sns_wa_oWJzS5Ak51G9M881eXJ2gvCLiwUo&mid=&merchid=&authkey=&timestamp=1561361526780 yoxwechatbusinessModel::set_user:END
[2019-06-24 15:32:17] trace  /app/ewei_shopv2_api.php?i=2&r=black&comefrom=wxapp&openid=sns_wa_oWJzS5Ak51G9M881eXJ2gvCLiwUo&mid=&merchid=&authkey=&timestamp=1561361534943 yoxwechatbusinessModel::set_user:BEGIN
[2019-06-24 15:32:17] trace  /app/ewei_shopv2_api.php?i=2&r=black&comefrom=wxapp&openid=sns_wa_oWJzS5Ak51G9M881eXJ2gvCLiwUo&mid=&merchid=&authkey=&timestamp=1561361534943 yoxwechatbusinessModel::set_user:END
[2019-06-24 15:32:17] trace  /app/ewei_shopv2_api.php?i=2&r=shop.get_shopindex&comefrom=wxapp&openid=sns_wa_oWJzS5Ak51G9M881eXJ2gvCLiwUo&mid=&merchid=&authkey=&timestamp=1561361535341 yoxwechatbusinessModel::set_user:BEGIN
[2019-06-24 15:32:17] trace  /app/ewei_shopv2_api.php?i=2&r=shop.get_shopindex&comefrom=wxapp&openid=sns_wa_oWJzS5Ak51G9M881eXJ2gvCLiwUo&mid=&merchid=&authkey=&timestamp=1561361535341 yoxwechatbusinessModel::set_user:END
[2019-06-24 15:32:17] trace  /app/ewei_shopv2_api.php?i=2&r=diypage&type=home&comefrom=wxapp&openid=sns_wa_oWJzS5Ak51G9M881eXJ2gvCLiwUo&mid=&merchid=&authkey=&timestamp=1561361535213 yoxwechatbusinessModel::set_user:BEGIN
[2019-06-24 15:32:17] trace  /app/ewei_shopv2_api.php?i=2&r=diypage&type=home&comefrom=wxapp&openid=sns_wa_oWJzS5Ak51G9M881eXJ2gvCLiwUo&mid=&merchid=&authkey=&timestamp=1561361535213 yoxwechatbusinessModel::set_user:END
[2019-06-24 15:32:17] trace  /app/ewei_shopv2_api.php?i=2&r=shop.get_hasnewcoupon&comefrom=wxapp&openid=sns_wa_oWJzS5Ak51G9M881eXJ2gvCLiwUo&mid=&merchid=&authkey=&timestamp=1561361535400 yoxwechatbusinessModel::set_user:BEGIN
[2019-06-24 15:32:17] trace  /app/ewei_shopv2_api.php?i=2&r=shop.get_hasnewcoupon&comefrom=wxapp&openid=sns_wa_oWJzS5Ak51G9M881eXJ2gvCLiwUo&mid=&merchid=&authkey=&timestamp=1561361535400 yoxwechatbusinessModel::set_user:END
[2019-06-24 15:32:17] trace  /app/ewei_shopv2_api.php?i=2&r=shop.get_cpinfos&comefrom=wxapp&openid=sns_wa_oWJzS5Ak51G9M881eXJ2gvCLiwUo&mid=&merchid=&authkey=&timestamp=1561361535459 yoxwechatbusinessModel::set_user:BEGIN
[2019-06-24 15:32:17] trace  /app/ewei_shopv2_api.php?i=2&r=shop.get_cpinfos&comefrom=wxapp&openid=sns_wa_oWJzS5Ak51G9M881eXJ2gvCLiwUo&mid=&merchid=&authkey=&timestamp=1561361535459 yoxwechatbusinessModel::set_user:END
[2019-06-24 15:32:23] trace  /app/ewei_shopv2_api.php?i=2&r=black&comefrom=wxapp&openid=sns_wa_oWJzS5Ak51G9M881eXJ2gvCLiwUo&mid=&merchid=&authkey=&timestamp=1561361540938 yoxwechatbusinessModel::set_user:BEGIN
[2019-06-24 15:32:23] trace  /app/ewei_shopv2_api.php?i=2&r=black&comefrom=wxapp&openid=sns_wa_oWJzS5Ak51G9M881eXJ2gvCLiwUo&mid=&merchid=&authkey=&timestamp=1561361540938 yoxwechatbusinessModel::set_user:END
[2019-06-24 15:32:23] trace  /app/ewei_shopv2_api.php?i=2&r=diypage&type=home&comefrom=wxapp&openid=sns_wa_oWJzS5Ak51G9M881eXJ2gvCLiwUo&mid=&merchid=&authkey=&timestamp=1561361541207 yoxwechatbusinessModel::set_user:BEGIN
[2019-06-24 15:32:23] trace  /app/ewei_shopv2_api.php?i=2&r=diypage&type=home&comefrom=wxapp&openid=sns_wa_oWJzS5Ak51G9M881eXJ2gvCLiwUo&mid=&merchid=&authkey=&timestamp=1561361541207 yoxwechatbusinessModel::set_user:END
[2019-06-24 15:32:23] trace  /app/ewei_shopv2_api.php?i=2&r=shop.get_shopindex&comefrom=wxapp&openid=sns_wa_oWJzS5Ak51G9M881eXJ2gvCLiwUo&mid=&merchid=&authkey=&timestamp=1561361541357 yoxwechatbusinessModel::set_user:BEGIN
[2019-06-24 15:32:23] trace  /app/ewei_shopv2_api.php?i=2&r=shop.get_shopindex&comefrom=wxapp&openid=sns_wa_oWJzS5Ak51G9M881eXJ2gvCLiwUo&mid=&merchid=&authkey=&timestamp=1561361541357 yoxwechatbusinessModel::set_user:END
[2019-06-24 15:32:23] trace  /app/ewei_shopv2_api.php?i=2&r=shop.get_hasnewcoupon&comefrom=wxapp&openid=sns_wa_oWJzS5Ak51G9M881eXJ2gvCLiwUo&mid=&merchid=&authkey=&timestamp=1561361541419 yoxwechatbusinessModel::set_user:BEGIN
[2019-06-24 15:32:23] trace  /app/ewei_shopv2_api.php?i=2&r=shop.get_hasnewcoupon&comefrom=wxapp&openid=sns_wa_oWJzS5Ak51G9M881eXJ2gvCLiwUo&mid=&merchid=&authkey=&timestamp=1561361541419 yoxwechatbusinessModel::set_user:END
[2019-06-24 15:32:23] trace  /app/ewei_shopv2_api.php?i=2&r=shop.get_cpinfos&comefrom=wxapp&openid=sns_wa_oWJzS5Ak51G9M881eXJ2gvCLiwUo&mid=&merchid=&authkey=&timestamp=1561361541480 yoxwechatbusinessModel::set_user:BEGIN
[2019-06-24 15:32:23] trace  /app/ewei_shopv2_api.php?i=2&r=shop.get_cpinfos&comefrom=wxapp&openid=sns_wa_oWJzS5Ak51G9M881eXJ2gvCLiwUo&mid=&merchid=&authkey=&timestamp=1561361541480 yoxwechatbusinessModel::set_user:END
[2019-06-24 15:32:29] trace  /app/ewei_shopv2_api.php?i=2&r=yoxwechatbusiness&isajax=1&comefrom=wxapp&openid=sns_wa_oWJzS5Ak51G9M881eXJ2gvCLiwUo&mid=&merchid=&authkey=&timestamp=1561361547679 yoxwechatbusinessModel::set_user:BEGIN
[2019-06-24 15:32:29] trace  /app/ewei_shopv2_api.php?i=2&r=yoxwechatbusiness&isajax=1&comefrom=wxapp&openid=sns_wa_oWJzS5Ak51G9M881eXJ2gvCLiwUo&mid=&merchid=&authkey=&timestamp=1561361547679 yoxwechatbusinessModel::set_user:END
[2019-06-24 15:32:30] trace  /app/ewei_shopv2_api.php?i=2&r=bargain.act&comefrom=wxapp&openid=sns_wa_oWJzS5Ak51G9M881eXJ2gvCLiwUo&mid=&merchid=&authkey=&timestamp=1561361547848 yoxwechatbusinessModel::set_user:BEGIN
[2019-06-24 15:32:30] trace  /app/ewei_shopv2_api.php?i=2&r=bargain.act&comefrom=wxapp&openid=sns_wa_oWJzS5Ak51G9M881eXJ2gvCLiwUo&mid=&merchid=&authkey=&timestamp=1561361547848 yoxwechatbusinessModel::set_user:END
[2019-06-24 15:32:33] trace  /app/ewei_shopv2_api.php?i=2&r=yoxwechatbusiness.user.my_invite_user&isajax=1&status=&page=1&comefrom=wxapp&openid=sns_wa_oWJzS5Ak51G9M881eXJ2gvCLiwUo&mid=&merchid=&authkey=&timestamp=1561361551264 yoxwechatbusinessModel::set_user:BEGIN
[2019-06-24 15:32:33] trace  /app/ewei_shopv2_api.php?i=2&r=yoxwechatbusiness.user.my_invite_user&isajax=1&status=&page=1&comefrom=wxapp&openid=sns_wa_oWJzS5Ak51G9M881eXJ2gvCLiwUo&mid=&merchid=&authkey=&timestamp=1561361551264 yoxwechatbusinessModel::set_user:END
[2019-06-24 15:32:36] trace  /app/ewei_shopv2_api.php?i=2&r=yoxwechatbusiness.agent&isajax=1&comefrom=wxapp&openid=sns_wa_oWJzS5Ak51G9M881eXJ2gvCLiwUo&mid=&merchid=&authkey=&timestamp=1561361554052 yoxwechatbusinessModel::set_user:BEGIN
[2019-06-24 15:32:36] trace  /app/ewei_shopv2_api.php?i=2&r=yoxwechatbusiness.agent&isajax=1&comefrom=wxapp&openid=sns_wa_oWJzS5Ak51G9M881eXJ2gvCLiwUo&mid=&merchid=&authkey=&timestamp=1561361554052 yoxwechatbusinessModel::set_user:END
[2019-06-24 15:32:36] trace  /app/ewei_shopv2_api.php?i=2&r=yoxwechatbusiness.level.level_list&isajax=1&comefrom=wxapp&openid=sns_wa_oWJzS5Ak51G9M881eXJ2gvCLiwUo&mid=&merchid=&authkey=&timestamp=1561361554159 yoxwechatbusinessModel::set_user:BEGIN
[2019-06-24 15:32:36] trace  /app/ewei_shopv2_api.php?i=2&r=yoxwechatbusiness.level.level_list&isajax=1&comefrom=wxapp&openid=sns_wa_oWJzS5Ak51G9M881eXJ2gvCLiwUo&mid=&merchid=&authkey=&timestamp=1561361554159 yoxwechatbusinessModel::set_user:END
[2019-06-24 15:32:36] trace  /app/ewei_shopv2_api.php?i=2&r=yoxwechatbusiness.user.invite_statistics&isajax=1&comefrom=wxapp&openid=sns_wa_oWJzS5Ak51G9M881eXJ2gvCLiwUo&mid=&merchid=&authkey=&timestamp=1561361554278 yoxwechatbusinessModel::set_user:BEGIN
[2019-06-24 15:32:36] trace  /app/ewei_shopv2_api.php?i=2&r=yoxwechatbusiness.user.invite_statistics&isajax=1&comefrom=wxapp&openid=sns_wa_oWJzS5Ak51G9M881eXJ2gvCLiwUo&mid=&merchid=&authkey=&timestamp=1561361554278 yoxwechatbusinessModel::set_user:END
[2019-06-24 17:44:50] trace  /app/ewei_shopv2_api.php?i=2&r=black&comefrom=wxapp&openid=sns_wa_oWJzS5Ak51G9M881eXJ2gvCLiwUo&authkey=&timestamp=1561369487937 yoxwechatbusinessModel::set_user:BEGIN
[2019-06-24 17:44:50] trace  /app/ewei_shopv2_api.php?i=2&r=black&comefrom=wxapp&openid=sns_wa_oWJzS5Ak51G9M881eXJ2gvCLiwUo&authkey=&timestamp=1561369487937 yoxwechatbusinessModel::set_user:END
[2019-06-24 17:44:50] trace  /app/ewei_shopv2_api.php?i=2&r=shop.get_shopindex&comefrom=wxapp&openid=sns_wa_oWJzS5Ak51G9M881eXJ2gvCLiwUo&mid=&merchid=&authkey=&timestamp=1561369488330 yoxwechatbusinessModel::set_user:BEGIN
[2019-06-24 17:44:50] trace  /app/ewei_shopv2_api.php?i=2&r=shop.get_cpinfos&comefrom=wxapp&openid=sns_wa_oWJzS5Ak51G9M881eXJ2gvCLiwUo&mid=&merchid=&authkey=&timestamp=1561369488436 yoxwechatbusinessModel::set_user:BEGIN
[2019-06-24 17:44:50] trace  /app/ewei_shopv2_api.php?i=2&r=diypage&type=home&comefrom=wxapp&openid=sns_wa_oWJzS5Ak51G9M881eXJ2gvCLiwUo&mid=&merchid=&authkey=&timestamp=1561369488212 yoxwechatbusinessModel::set_user:BEGIN
[2019-06-24 17:44:50] trace  /app/ewei_shopv2_api.php?i=2&r=shop.get_hasnewcoupon&comefrom=wxapp&openid=sns_wa_oWJzS5Ak51G9M881eXJ2gvCLiwUo&mid=&merchid=&authkey=&timestamp=1561369488385 yoxwechatbusinessModel::set_user:BEGIN
[2019-06-24 17:44:50] trace  /app/ewei_shopv2_api.php?i=2&r=shop.get_shopindex&comefrom=wxapp&openid=sns_wa_oWJzS5Ak51G9M881eXJ2gvCLiwUo&mid=&merchid=&authkey=&timestamp=1561369488330 yoxwechatbusinessModel::set_user:END
[2019-06-24 17:44:50] trace  /app/ewei_shopv2_api.php?i=2&r=diypage&type=home&comefrom=wxapp&openid=sns_wa_oWJzS5Ak51G9M881eXJ2gvCLiwUo&mid=&merchid=&authkey=&timestamp=1561369488212 yoxwechatbusinessModel::set_user:END
[2019-06-24 17:44:50] trace  /app/ewei_shopv2_api.php?i=2&r=shop.get_hasnewcoupon&comefrom=wxapp&openid=sns_wa_oWJzS5Ak51G9M881eXJ2gvCLiwUo&mid=&merchid=&authkey=&timestamp=1561369488385 yoxwechatbusinessModel::set_user:END
[2019-06-24 17:44:50] trace  /app/ewei_shopv2_api.php?i=2&r=shop.get_cpinfos&comefrom=wxapp&openid=sns_wa_oWJzS5Ak51G9M881eXJ2gvCLiwUo&mid=&merchid=&authkey=&timestamp=1561369488436 yoxwechatbusinessModel::set_user:END
[2019-06-24 22:25:20] trace  /app/ewei_shopv2_api.php?i=2&r=diypage&type=home&comefrom=wxapp&openid=sns_wa_oWJzS5G_1X53M3ZNszbG6lrzKx5c&mid=&merchid=&authkey=&timestamp=1561386311303 yoxwechatbusinessModel::set_user:BEGIN
[2019-06-24 22:25:20] trace  /app/ewei_shopv2_api.php?i=2&r=shop.get_hasnewcoupon&comefrom=wxapp&openid=sns_wa_oWJzS5G_1X53M3ZNszbG6lrzKx5c&mid=&merchid=&authkey=&timestamp=1561386311357 yoxwechatbusinessModel::set_user:BEGIN
[2019-06-24 22:25:20] trace  /app/ewei_shopv2_api.php?i=2&r=shop.get_cpinfos&comefrom=wxapp&openid=sns_wa_oWJzS5G_1X53M3ZNszbG6lrzKx5c&mid=&merchid=&authkey=&timestamp=1561386311371 yoxwechatbusinessModel::set_user:BEGIN
[2019-06-24 22:25:20] trace  /app/ewei_shopv2_api.php?i=2&r=black&comefrom=wxapp&openid=sns_wa_oWJzS5G_1X53M3ZNszbG6lrzKx5c&authkey=&timestamp=1561386311264 yoxwechatbusinessModel::set_user:BEGIN
[2019-06-24 22:25:20] trace  /app/ewei_shopv2_api.php?i=2&r=shop.get_shopindex&comefrom=wxapp&openid=sns_wa_oWJzS5G_1X53M3ZNszbG6lrzKx5c&mid=&merchid=&authkey=&timestamp=1561386311342 yoxwechatbusinessModel::set_user:BEGIN
[2019-06-24 22:25:20] trace  /app/ewei_shopv2_api.php?i=2&r=diypage&type=home&comefrom=wxapp&openid=sns_wa_oWJzS5G_1X53M3ZNszbG6lrzKx5c&mid=&merchid=&authkey=&timestamp=1561386311303 yoxwechatbusinessModel::set_user:END
[2019-06-24 22:25:20] trace  /app/ewei_shopv2_api.php?i=2&r=shop.get_hasnewcoupon&comefrom=wxapp&openid=sns_wa_oWJzS5G_1X53M3ZNszbG6lrzKx5c&mid=&merchid=&authkey=&timestamp=1561386311357 yoxwechatbusinessModel::set_user:END
[2019-06-24 22:25:20] trace  /app/ewei_shopv2_api.php?i=2&r=black&comefrom=wxapp&openid=sns_wa_oWJzS5G_1X53M3ZNszbG6lrzKx5c&authkey=&timestamp=1561386311264 yoxwechatbusinessModel::set_user:END
[2019-06-24 22:25:20] trace  /app/ewei_shopv2_api.php?i=2&r=shop.get_shopindex&comefrom=wxapp&openid=sns_wa_oWJzS5G_1X53M3ZNszbG6lrzKx5c&mid=&merchid=&authkey=&timestamp=1561386311342 yoxwechatbusinessModel::set_user:END
[2019-06-24 22:25:20] trace  /app/ewei_shopv2_api.php?i=2&r=shop.get_cpinfos&comefrom=wxapp&openid=sns_wa_oWJzS5G_1X53M3ZNszbG6lrzKx5c&mid=&merchid=&authkey=&timestamp=1561386311371 yoxwechatbusinessModel::set_user:END
[2019-06-24 22:25:44] trace  /app/ewei_shopv2_api.php?i=2&r=black&comefrom=wxapp&openid=sns_wa_oWJzS5JYd0m3N9qfL1143oYI6XKA&authkey=&timestamp=1561386339797 yoxwechatbusinessModel::set_user:BEGIN
[2019-06-24 22:25:44] trace  /app/ewei_shopv2_api.php?i=2&r=shop.get_shopindex&comefrom=wxapp&openid=sns_wa_oWJzS5JYd0m3N9qfL1143oYI6XKA&mid=&merchid=&authkey=&timestamp=1561386339863 yoxwechatbusinessModel::set_user:BEGIN
[2019-06-24 22:25:44] trace  /app/ewei_shopv2_api.php?i=2&r=diypage&type=home&comefrom=wxapp&openid=sns_wa_oWJzS5JYd0m3N9qfL1143oYI6XKA&mid=&merchid=&authkey=&timestamp=1561386339817 yoxwechatbusinessModel::set_user:BEGIN
[2019-06-24 22:25:44] trace  /app/ewei_shopv2_api.php?i=2&r=shop.get_cpinfos&comefrom=wxapp&openid=sns_wa_oWJzS5JYd0m3N9qfL1143oYI6XKA&mid=&merchid=&authkey=&timestamp=1561386339894 yoxwechatbusinessModel::set_user:BEGIN
[2019-06-24 22:25:44] trace  /app/ewei_shopv2_api.php?i=2&r=shop.get_hasnewcoupon&comefrom=wxapp&openid=sns_wa_oWJzS5JYd0m3N9qfL1143oYI6XKA&mid=&merchid=&authkey=&timestamp=1561386339870 yoxwechatbusinessModel::set_user:BEGIN
[2019-06-24 22:25:49] trace  /app/ewei_shopv2_api.php?i=2&r=black&comefrom=wxapp&openid=sns_wa_oWJzS5JYd0m3N9qfL1143oYI6XKA&mid=&merchid=&authkey=MzA3NnBCSG9sdzNocDBCM2ZKdkIyNzJkQ1lPSHJBdE1BZ29ScGxBWTBGMW0zcUtwbWlhYjFRdzRpMlM2dHhjMzh2TTluMjIyQkhhMlhiRE1RakcxY2lNaWlCK3RTZEFsU2JOK1hpaGxSWm92akE%3D&timestamp=1561386345018 yoxwechatbusinessModel::set_user:BEGIN
[2019-06-24 22:25:49] trace  /app/ewei_shopv2_api.php?i=2&r=diypage&type=home&comefrom=wxapp&openid=sns_wa_oWJzS5JYd0m3N9qfL1143oYI6XKA&mid=&merchid=&authkey=MzA3NnBCSG9sdzNocDBCM2ZKdkIyNzJkQ1lPSHJBdE1BZ29ScGxBWTBGMW0zcUtwbWlhYjFRdzRpMlM2dHhjMzh2TTluMjIyQkhhMlhiRE1RakcxY2lNaWlCK3RTZEFsU2JOK1hpaGxSWm92akE%3D&timestamp=1561386345048 yoxwechatbusinessModel::set_user:BEGIN
[2019-06-24 22:25:49] trace  /app/ewei_shopv2_api.php?i=2&r=shop.get_hasnewcoupon&comefrom=wxapp&openid=sns_wa_oWJzS5JYd0m3N9qfL1143oYI6XKA&mid=&merchid=&authkey=MzA3NnBCSG9sdzNocDBCM2ZKdkIyNzJkQ1lPSHJBdE1BZ29ScGxBWTBGMW0zcUtwbWlhYjFRdzRpMlM2dHhjMzh2TTluMjIyQkhhMlhiRE1RakcxY2lNaWlCK3RTZEFsU2JOK1hpaGxSWm92akE%3D&timestamp=1561386345106 yoxwechatbusinessModel::set_user:BEGIN
[2019-06-24 22:25:49] trace  /app/ewei_shopv2_api.php?i=2&r=shop.get_cpinfos&comefrom=wxapp&openid=sns_wa_oWJzS5JYd0m3N9qfL1143oYI6XKA&mid=&merchid=&authkey=MzA3NnBCSG9sdzNocDBCM2ZKdkIyNzJkQ1lPSHJBdE1BZ29ScGxBWTBGMW0zcUtwbWlhYjFRdzRpMlM2dHhjMzh2TTluMjIyQkhhMlhiRE1RakcxY2lNaWlCK3RTZEFsU2JOK1hpaGxSWm92akE%3D&timestamp=1561386345110 yoxwechatbusinessModel::set_user:BEGIN
[2019-06-24 22:25:49] trace  /app/ewei_shopv2_api.php?i=2&r=shop.get_shopindex&comefrom=wxapp&openid=sns_wa_oWJzS5JYd0m3N9qfL1143oYI6XKA&mid=&merchid=&authkey=MzA3NnBCSG9sdzNocDBCM2ZKdkIyNzJkQ1lPSHJBdE1BZ29ScGxBWTBGMW0zcUtwbWlhYjFRdzRpMlM2dHhjMzh2TTluMjIyQkhhMlhiRE1RakcxY2lNaWlCK3RTZEFsU2JOK1hpaGxSWm92akE%3D&timestamp=1561386345103 yoxwechatbusinessModel::set_user:BEGIN
[2019-06-24 22:26:00] trace  /app/ewei_shopv2_api.php?i=2&r=black&comefrom=wxapp&openid=sns_wa_oWJzS5JYd0m3N9qfL1143oYI6XKA&mid=&merchid=&authkey=&timestamp=1561386356512 yoxwechatbusinessModel::set_user:BEGIN
[2019-06-24 22:26:00] trace  /app/ewei_shopv2_api.php?i=2&r=diypage&type=goodsdetail&comefrom=wxapp&openid=sns_wa_oWJzS5JYd0m3N9qfL1143oYI6XKA&mid=&merchid=&authkey=&timestamp=1561386356521 yoxwechatbusinessModel::set_user:BEGIN
[2019-06-24 22:26:04] trace  /app/ewei_shopv2_api.php?i=2&r=goods.get_detail&id=23&comefrom=wxapp&openid=sns_wa_oWJzS5JYd0m3N9qfL1143oYI6XKA&mid=&merchid=&authkey=Y2ViN1N6djNrSzdwQXNFUkhremVXV3BaWnJHcVJ0SDhhMnVISkIrK2JkQTVMUVFQUE9mazFOMHVvTU5vTzdKM3hLQm1Pc0tiL005UitjSnlFZGs5ZUkwVzdyZw%3D%3D&timestamp=1561386360106 yoxwechatbusinessModel::set_user:BEGIN
[2019-06-24 22:26:04] trace  /app/ewei_shopv2_api.php?i=2&r=goods.get_detail&id=23&comefrom=wxapp&openid=sns_wa_oWJzS5JYd0m3N9qfL1143oYI6XKA&mid=&merchid=&authkey=Y2ViN1N6djNrSzdwQXNFUkhremVXV3BaWnJHcVJ0SDhhMnVISkIrK2JkQTVMUVFQUE9mazFOMHVvTU5vTzdKM3hLQm1Pc0tiL005UitjSnlFZGs5ZUkwVzdyZw%3D%3D&timestamp=1561386360106 yoxwechatbusinessModel::set_user:END
[2019-06-24 22:26:06] trace  /app/ewei_shopv2_api.php?i=2&r=goods.get_comments&id=23&comefrom=wxapp&openid=sns_wa_oWJzS5JYd0m3N9qfL1143oYI6XKA&mid=&merchid=&authkey=&timestamp=1561386362060 yoxwechatbusinessModel::set_user:BEGIN
[2019-06-24 22:26:06] trace  /app/ewei_shopv2_api.php?i=2&r=goods.get_comments&id=23&comefrom=wxapp&openid=sns_wa_oWJzS5JYd0m3N9qfL1143oYI6XKA&mid=&merchid=&authkey=&timestamp=1561386362060 yoxwechatbusinessModel::set_user:END
[2019-06-24 22:26:10] trace  /app/ewei_shopv2_api.php?i=2&r=shop.get_cpinfos&comefrom=wxapp&openid=sns_wa_oWJzS5JYd0m3N9qfL1143oYI6XKA&mid=&merchid=&authkey=&timestamp=1561386366040 yoxwechatbusinessModel::set_user:BEGIN
[2019-06-24 22:26:10] trace  /app/ewei_shopv2_api.php?i=2&r=shop.get_hasnewcoupon&comefrom=wxapp&openid=sns_wa_oWJzS5JYd0m3N9qfL1143oYI6XKA&mid=&merchid=&authkey=&timestamp=1561386366036 yoxwechatbusinessModel::set_user:BEGIN
[2019-06-24 22:26:10] trace  /app/ewei_shopv2_api.php?i=2&r=shop.get_cpinfos&comefrom=wxapp&openid=sns_wa_oWJzS5JYd0m3N9qfL1143oYI6XKA&mid=&merchid=&authkey=&timestamp=1561386366040 yoxwechatbusinessModel::set_user:END
[2019-06-24 22:26:10] trace  /app/ewei_shopv2_api.php?i=2&r=shop.get_hasnewcoupon&comefrom=wxapp&openid=sns_wa_oWJzS5JYd0m3N9qfL1143oYI6XKA&mid=&merchid=&authkey=&timestamp=1561386366036 yoxwechatbusinessModel::set_user:END
[2019-06-24 22:26:10] trace  /app/ewei_shopv2_api.php?i=2&r=shop.get_shopindex&comefrom=wxapp&openid=sns_wa_oWJzS5JYd0m3N9qfL1143oYI6XKA&mid=&merchid=&authkey=&timestamp=1561386366029 yoxwechatbusinessModel::set_user:BEGIN
[2019-06-24 22:26:10] trace  /app/ewei_shopv2_api.php?i=2&r=shop.get_shopindex&comefrom=wxapp&openid=sns_wa_oWJzS5JYd0m3N9qfL1143oYI6XKA&mid=&merchid=&authkey=&timestamp=1561386366029 yoxwechatbusinessModel::set_user:END
[2019-06-24 22:42:00] trace  /app/ewei_shopv2_api.php?i=2&r=cacheset&version=&comefrom=wxapp&openid=sns_wa_oWJzS5CsEAjO_RpNjQLdp737ockQ&mid=&merchid=&authkey=NDQyM280cmQrYU5lMDNMZGh4WWZGRmZ3Nmlyamk3azdxdHhlN3dJVk5QaXF1ekVnWU1PZ1UyeWFJZnl6UFNuNzMxKzczM3di&timestamp=1561387317157 yoxwechatbusinessModel::set_user:BEGIN
[2019-06-24 22:42:22] trace  /app/ewei_shopv2_api.php?i=2&r=cacheset&version=&comefrom=wxapp&openid=sns_wa_oWJzS5CsEAjO_RpNjQLdp737ockQ&mid=&merchid=&authkey=MTBiN251cE1INXBqQlBjNkxtdHVlWkdQQzh4SkRXUHJiTjBHWm1YSXNMbFM2NUFtTWZ6YkZucG1UZ3ljNDVaMUtvWW5aSWY5UitMUEpaYXNMTzZkdXdESW9UOVNRUzF3UDZYT3doL0E0cGpKM2c%3D&timestamp=1561387338778 yoxwechatbusinessModel::set_user:BEGIN
