[2019-06-22 00:30:51] trace  /app/ewei_shopv2_api.php?i=2&r=cacheset&version=&comefrom=wxapp&openid=sns_wa_oWJzS5NLYR_vfl7bbr2AZCj-Iqr0&mid=&merchid=&authkey=MDNmM0VRVHVPVndVTE53UkVZQWR2S1IvL2dpSDExUGdWODlsenFQZnJQRUovWUV6TE81OUkxeHF2LzFleVlFM2lxSlpuTWtrdnR3OGl0MktqVzAyeHpKcnhucw%3D%3D&timestamp=1561134648659 yoxwechatbusinessModel::set_user:BEGIN
[2019-06-22 00:30:51] trace  /app/ewei_shopv2_api.php?i=2&r=cacheset&version=&comefrom=wxapp&openid=sns_wa_oWJzS5NLYR_vfl7bbr2AZCj-Iqr0&mid=&merchid=&authkey=MDNmM0VRVHVPVndVTE53UkVZQWR2S1IvL2dpSDExUGdWODlsenFQZnJQRUovWUV6TE81OUkxeHF2LzFleVlFM2lxSlpuTWtrdnR3OGl0MktqVzAyeHpKcnhucw%3D%3D&timestamp=1561134648659 yoxwechatbusinessModel::set_user:END
[2019-06-22 00:30:52] trace  /app/ewei_shopv2_api.php?i=2&r=cacheset&version=&comefrom=wxapp&openid=sns_wa_oWJzS5NLYR_vfl7bbr2AZCj-Iqr0&mid=&merchid=&authkey=MTZiOUxYQllBOG5tdi9VVWJFVjB4UkNQbnVHbWFpZFcxTTRMMzM5Y0NkZkV4UmZYNnhRdytvd3dFY2lhdFhSUGhIN09Fb1Z1dG90UUJORWVOa0RVbmx3S3hZaw%3D%3D&timestamp=1561134649295 yoxwechatbusinessModel::set_user:BEGIN
[2019-06-22 00:30:52] trace  /app/ewei_shopv2_api.php?i=2&r=cacheset&version=&comefrom=wxapp&openid=sns_wa_oWJzS5NLYR_vfl7bbr2AZCj-Iqr0&mid=&merchid=&authkey=MTZiOUxYQllBOG5tdi9VVWJFVjB4UkNQbnVHbWFpZFcxTTRMMzM5Y0NkZkV4UmZYNnhRdytvd3dFY2lhdFhSUGhIN09Fb1Z1dG90UUJORWVOa0RVbmx3S3hZaw%3D%3D&timestamp=1561134649295 yoxwechatbusinessModel::set_user:END
[2019-06-22 00:30:55] trace  /app/ewei_shopv2_api.php?i=2&r=goods.get_category&comefrom=wxapp&openid=sns_wa_oWJzS5NLYR_vfl7bbr2AZCj-Iqr0&mid=&merchid=&authkey=&timestamp=1561134652373 yoxwechatbusinessModel::set_user:BEGIN
[2019-06-22 00:30:55] trace  /app/ewei_shopv2_api.php?i=2&r=goods.get_category&comefrom=wxapp&openid=sns_wa_oWJzS5NLYR_vfl7bbr2AZCj-Iqr0&mid=&merchid=&authkey=&timestamp=1561134652373 yoxwechatbusinessModel::set_user:END
[2019-06-22 00:30:59] trace  /app/ewei_shopv2_api.php?i=2&r=goods.get_list&keywords=%E5%81%A5%E5%BA%B7%E6%B0%B4&isrecommand=&ishot=&isnew=&isdiscount=&issendfree=&istime=&cate=&order=&by=&merchid=&page=1&comefrom=wxapp&openid=sns_wa_oWJzS5NLYR_vfl7bbr2AZCj-Iqr0&mid=&authkey=&timestamp=1561134657105 yoxwechatbusinessModel::set_user:BEGIN
[2019-06-22 00:30:59] trace  /app/ewei_shopv2_api.php?i=2&r=goods.get_list&keywords=%E5%81%A5%E5%BA%B7%E6%B0%B4&isrecommand=&ishot=&isnew=&isdiscount=&issendfree=&istime=&cate=&order=&by=&merchid=&page=1&comefrom=wxapp&openid=sns_wa_oWJzS5NLYR_vfl7bbr2AZCj-Iqr0&mid=&authkey=&timestamp=1561134657105 yoxwechatbusinessModel::set_user:END
[2019-06-22 00:31:02] trace  /app/ewei_shopv2_api.php?i=2&r=diypage&type=goodsdetail&comefrom=wxapp&openid=sns_wa_oWJzS5NLYR_vfl7bbr2AZCj-Iqr0&mid=&merchid=&authkey=&timestamp=1561134659750 yoxwechatbusinessModel::set_user:BEGIN
[2019-06-22 00:31:02] trace  /app/ewei_shopv2_api.php?i=2&r=goods.get_detail&id=18&comefrom=wxapp&openid=sns_wa_oWJzS5NLYR_vfl7bbr2AZCj-Iqr0&mid=&merchid=&authkey=&timestamp=1561134659788 yoxwechatbusinessModel::set_user:BEGIN
[2019-06-22 00:31:02] trace  /app/ewei_shopv2_api.php?i=2&r=black&comefrom=wxapp&openid=sns_wa_oWJzS5NLYR_vfl7bbr2AZCj-Iqr0&mid=&merchid=&authkey=&timestamp=1561134659740 yoxwechatbusinessModel::set_user:BEGIN
[2019-06-22 00:31:02] trace  /app/ewei_shopv2_api.php?i=2&r=diypage&type=goodsdetail&comefrom=wxapp&openid=sns_wa_oWJzS5NLYR_vfl7bbr2AZCj-Iqr0&mid=&merchid=&authkey=&timestamp=1561134659750 yoxwechatbusinessModel::set_user:END
[2019-06-22 00:31:02] trace  /app/ewei_shopv2_api.php?i=2&r=goods.get_detail&id=18&comefrom=wxapp&openid=sns_wa_oWJzS5NLYR_vfl7bbr2AZCj-Iqr0&mid=&merchid=&authkey=&timestamp=1561134659788 yoxwechatbusinessModel::set_user:END
[2019-06-22 00:31:02] trace  /app/ewei_shopv2_api.php?i=2&r=black&comefrom=wxapp&openid=sns_wa_oWJzS5NLYR_vfl7bbr2AZCj-Iqr0&mid=&merchid=&authkey=&timestamp=1561134659740 yoxwechatbusinessModel::set_user:END
[2019-06-22 00:31:03] trace  /app/ewei_shopv2_api.php?i=2&r=goods.get_comments&id=18&comefrom=wxapp&openid=sns_wa_oWJzS5NLYR_vfl7bbr2AZCj-Iqr0&mid=&merchid=&authkey=&timestamp=1561134661035 yoxwechatbusinessModel::set_user:BEGIN
[2019-06-22 00:31:03] trace  /app/ewei_shopv2_api.php?i=2&r=goods.get_comments&id=18&comefrom=wxapp&openid=sns_wa_oWJzS5NLYR_vfl7bbr2AZCj-Iqr0&mid=&merchid=&authkey=&timestamp=1561134661035 yoxwechatbusinessModel::set_user:END
[2019-06-22 00:31:17] trace  /app/ewei_shopv2_api.php?i=2&r=goods.get_picker&id=18&comefrom=wxapp&openid=sns_wa_oWJzS5NLYR_vfl7bbr2AZCj-Iqr0&mid=&merchid=&authkey=&timestamp=1561134674173 yoxwechatbusinessModel::set_user:BEGIN
[2019-06-22 00:31:17] trace  /app/ewei_shopv2_api.php?i=2&r=goods.get_picker&id=18&comefrom=wxapp&openid=sns_wa_oWJzS5NLYR_vfl7bbr2AZCj-Iqr0&mid=&merchid=&authkey=&timestamp=1561134674173 yoxwechatbusinessModel::set_user:END
[2019-06-22 00:31:37] trace  /app/ewei_shopv2_api.php?i=2&r=black&comefrom=wxapp&openid=sns_wa_oWJzS5NLYR_vfl7bbr2AZCj-Iqr0&mid=&merchid=&authkey=&timestamp=1561134694608 yoxwechatbusinessModel::set_user:BEGIN
[2019-06-22 00:31:37] trace  /app/ewei_shopv2_api.php?i=2&r=black&comefrom=wxapp&openid=sns_wa_oWJzS5NLYR_vfl7bbr2AZCj-Iqr0&mid=&merchid=&authkey=&timestamp=1561134694608 yoxwechatbusinessModel::set_user:END
[2019-06-22 00:31:37] trace  /app/ewei_shopv2_api.php?i=2&r=diypage&type=goodsdetail&comefrom=wxapp&openid=sns_wa_oWJzS5NLYR_vfl7bbr2AZCj-Iqr0&mid=&merchid=&authkey=&timestamp=1561134694612 yoxwechatbusinessModel::set_user:BEGIN
[2019-06-22 00:31:37] trace  /app/ewei_shopv2_api.php?i=2&r=diypage&type=goodsdetail&comefrom=wxapp&openid=sns_wa_oWJzS5NLYR_vfl7bbr2AZCj-Iqr0&mid=&merchid=&authkey=&timestamp=1561134694612 yoxwechatbusinessModel::set_user:END
[2019-06-22 00:31:37] trace  /app/ewei_shopv2_api.php?i=2&r=goods.get_detail&id=19&comefrom=wxapp&openid=sns_wa_oWJzS5NLYR_vfl7bbr2AZCj-Iqr0&mid=&merchid=&authkey=&timestamp=1561134694647 yoxwechatbusinessModel::set_user:BEGIN
[2019-06-22 00:31:37] trace  /app/ewei_shopv2_api.php?i=2&r=goods.get_detail&id=19&comefrom=wxapp&openid=sns_wa_oWJzS5NLYR_vfl7bbr2AZCj-Iqr0&mid=&merchid=&authkey=&timestamp=1561134694647 yoxwechatbusinessModel::set_user:END
[2019-06-22 00:31:38] trace  /app/ewei_shopv2_api.php?i=2&r=goods.get_comments&id=19&comefrom=wxapp&openid=sns_wa_oWJzS5NLYR_vfl7bbr2AZCj-Iqr0&mid=&merchid=&authkey=&timestamp=1561134695875 yoxwechatbusinessModel::set_user:BEGIN
[2019-06-22 00:31:38] trace  /app/ewei_shopv2_api.php?i=2&r=goods.get_comments&id=19&comefrom=wxapp&openid=sns_wa_oWJzS5NLYR_vfl7bbr2AZCj-Iqr0&mid=&merchid=&authkey=&timestamp=1561134695875 yoxwechatbusinessModel::set_user:END
[2019-06-22 00:31:44] trace  /app/ewei_shopv2_api.php?i=2&r=goods.get_picker&id=19&comefrom=wxapp&openid=sns_wa_oWJzS5NLYR_vfl7bbr2AZCj-Iqr0&mid=&merchid=&authkey=&timestamp=1561134701381 yoxwechatbusinessModel::set_user:BEGIN
[2019-06-22 00:31:44] trace  /app/ewei_shopv2_api.php?i=2&r=goods.get_picker&id=19&comefrom=wxapp&openid=sns_wa_oWJzS5NLYR_vfl7bbr2AZCj-Iqr0&mid=&merchid=&authkey=&timestamp=1561134701381 yoxwechatbusinessModel::set_user:END
[2019-06-22 00:43:07] trace  /app/ewei_shopv2_api.php?i=2&r=shop.get_shopindex&comefrom=wxapp&openid=sns_wa_oWJzS5LSpdVWRXztQ1xh2n9B1Sfw&mid=&merchid=&authkey=&timestamp=1561135377059 yoxwechatbusinessModel::set_user:BEGIN
[2019-06-22 00:43:07] trace  /app/ewei_shopv2_api.php?i=2&r=shop.get_shopindex&comefrom=wxapp&openid=sns_wa_oWJzS5LSpdVWRXztQ1xh2n9B1Sfw&mid=&merchid=&authkey=&timestamp=1561135377059 yoxwechatbusinessModel::set_user:END
[2019-06-22 00:43:07] trace  /app/ewei_shopv2_api.php?i=2&r=shop.get_hasnewcoupon&comefrom=wxapp&openid=sns_wa_oWJzS5LSpdVWRXztQ1xh2n9B1Sfw&mid=&merchid=&authkey=&timestamp=1561135377077 yoxwechatbusinessModel::set_user:BEGIN
[2019-06-22 00:43:07] trace  /app/ewei_shopv2_api.php?i=2&r=shop.get_cpinfos&comefrom=wxapp&openid=sns_wa_oWJzS5LSpdVWRXztQ1xh2n9B1Sfw&mid=&merchid=&authkey=&timestamp=1561135377114 yoxwechatbusinessModel::set_user:BEGIN
[2019-06-22 00:43:07] trace  /app/ewei_shopv2_api.php?i=2&r=black&comefrom=wxapp&openid=sns_wa_oWJzS5LSpdVWRXztQ1xh2n9B1Sfw&authkey=&timestamp=1561135376863 yoxwechatbusinessModel::set_user:BEGIN
[2019-06-22 00:43:07] trace  /app/ewei_shopv2_api.php?i=2&r=black&comefrom=wxapp&openid=sns_wa_oWJzS5LSpdVWRXztQ1xh2n9B1Sfw&authkey=&timestamp=1561135376863 yoxwechatbusinessModel::set_user:END
[2019-06-22 00:43:07] trace  /app/ewei_shopv2_api.php?i=2&r=diypage&type=home&comefrom=wxapp&openid=sns_wa_oWJzS5LSpdVWRXztQ1xh2n9B1Sfw&mid=&merchid=&authkey=&timestamp=1561135377007 yoxwechatbusinessModel::set_user:BEGIN
[2019-06-22 00:43:07] trace  /app/ewei_shopv2_api.php?i=2&r=shop.get_hasnewcoupon&comefrom=wxapp&openid=sns_wa_oWJzS5LSpdVWRXztQ1xh2n9B1Sfw&mid=&merchid=&authkey=&timestamp=1561135377077 yoxwechatbusinessModel::set_user:END
[2019-06-22 00:43:07] trace  /app/ewei_shopv2_api.php?i=2&r=shop.get_cpinfos&comefrom=wxapp&openid=sns_wa_oWJzS5LSpdVWRXztQ1xh2n9B1Sfw&mid=&merchid=&authkey=&timestamp=1561135377114 yoxwechatbusinessModel::set_user:END
[2019-06-22 00:43:07] trace  /app/ewei_shopv2_api.php?i=2&r=diypage&type=home&comefrom=wxapp&openid=sns_wa_oWJzS5LSpdVWRXztQ1xh2n9B1Sfw&mid=&merchid=&authkey=&timestamp=1561135377007 yoxwechatbusinessModel::set_user:END
[2019-06-22 00:43:32] trace  /app/ewei_shopv2_api.php?i=2&r=black&comefrom=wxapp&openid=sns_wa_oWJzS5LSpdVWRXztQ1xh2n9B1Sfw&mid=&merchid=&authkey=NzYxNXBwNmxlYW1zZXl6TFY2RFhMamlPMS9qeTU5dVp2NXdhbEhvVEN0YUliQmdFVkxodWVxREZXc2IwWDZoNlJYdnpLVXl2WHh4VzJ2VFNKdWsra2htdE54UQ%3D%3D&timestamp=1561135407870 yoxwechatbusinessModel::set_user:BEGIN
[2019-06-22 00:43:32] trace  /app/ewei_shopv2_api.php?i=2&r=black&comefrom=wxapp&openid=sns_wa_oWJzS5LSpdVWRXztQ1xh2n9B1Sfw&mid=&merchid=&authkey=NzYxNXBwNmxlYW1zZXl6TFY2RFhMamlPMS9qeTU5dVp2NXdhbEhvVEN0YUliQmdFVkxodWVxREZXc2IwWDZoNlJYdnpLVXl2WHh4VzJ2VFNKdWsra2htdE54UQ%3D%3D&timestamp=1561135407870 yoxwechatbusinessModel::set_user:END
[2019-06-22 00:43:32] trace  /app/ewei_shopv2_api.php?i=2&r=diypage&type=goodsdetail&comefrom=wxapp&openid=sns_wa_oWJzS5LSpdVWRXztQ1xh2n9B1Sfw&mid=&merchid=&authkey=NzYxNXBwNmxlYW1zZXl6TFY2RFhMamlPMS9qeTU5dVp2NXdhbEhvVEN0YUliQmdFVkxodWVxREZXc2IwWDZoNlJYdnpLVXl2WHh4VzJ2VFNKdWsra2htdE54UQ%3D%3D&timestamp=1561135407889 yoxwechatbusinessModel::set_user:BEGIN
[2019-06-22 00:43:32] trace  /app/ewei_shopv2_api.php?i=2&r=diypage&type=goodsdetail&comefrom=wxapp&openid=sns_wa_oWJzS5LSpdVWRXztQ1xh2n9B1Sfw&mid=&merchid=&authkey=NzYxNXBwNmxlYW1zZXl6TFY2RFhMamlPMS9qeTU5dVp2NXdhbEhvVEN0YUliQmdFVkxodWVxREZXc2IwWDZoNlJYdnpLVXl2WHh4VzJ2VFNKdWsra2htdE54UQ%3D%3D&timestamp=1561135407889 yoxwechatbusinessModel::set_user:END
[2019-06-22 00:43:32] trace  /app/ewei_shopv2_api.php?i=2&r=goods.get_detail&id=29&comefrom=wxapp&openid=sns_wa_oWJzS5LSpdVWRXztQ1xh2n9B1Sfw&mid=&merchid=&authkey=NzYxNXBwNmxlYW1zZXl6TFY2RFhMamlPMS9qeTU5dVp2NXdhbEhvVEN0YUliQmdFVkxodWVxREZXc2IwWDZoNlJYdnpLVXl2WHh4VzJ2VFNKdWsra2htdE54UQ%3D%3D&timestamp=1561135408005 yoxwechatbusinessModel::set_user:BEGIN
[2019-06-22 00:43:32] trace  /app/ewei_shopv2_api.php?i=2&r=goods.get_detail&id=29&comefrom=wxapp&openid=sns_wa_oWJzS5LSpdVWRXztQ1xh2n9B1Sfw&mid=&merchid=&authkey=NzYxNXBwNmxlYW1zZXl6TFY2RFhMamlPMS9qeTU5dVp2NXdhbEhvVEN0YUliQmdFVkxodWVxREZXc2IwWDZoNlJYdnpLVXl2WHh4VzJ2VFNKdWsra2htdE54UQ%3D%3D&timestamp=1561135408005 yoxwechatbusinessModel::set_user:END
[2019-06-22 00:43:33] trace  /app/ewei_shopv2_api.php?i=2&r=goods.get_comments&id=29&comefrom=wxapp&openid=sns_wa_oWJzS5LSpdVWRXztQ1xh2n9B1Sfw&mid=&merchid=&authkey=&timestamp=1561135409139 yoxwechatbusinessModel::set_user:BEGIN
[2019-06-22 00:43:33] trace  /app/ewei_shopv2_api.php?i=2&r=goods.get_comments&id=29&comefrom=wxapp&openid=sns_wa_oWJzS5LSpdVWRXztQ1xh2n9B1Sfw&mid=&merchid=&authkey=&timestamp=1561135409139 yoxwechatbusinessModel::set_user:END
[2019-06-22 00:43:42] trace  /app/ewei_shopv2_api.php?i=2&r=shop.get_hasnewcoupon&comefrom=wxapp&openid=sns_wa_oWJzS5LSpdVWRXztQ1xh2n9B1Sfw&mid=&merchid=&authkey=&timestamp=1561135417441 yoxwechatbusinessModel::set_user:BEGIN
[2019-06-22 00:43:42] trace  /app/ewei_shopv2_api.php?i=2&r=shop.get_hasnewcoupon&comefrom=wxapp&openid=sns_wa_oWJzS5LSpdVWRXztQ1xh2n9B1Sfw&mid=&merchid=&authkey=&timestamp=1561135417441 yoxwechatbusinessModel::set_user:END
[2019-06-22 00:43:42] trace  /app/ewei_shopv2_api.php?i=2&r=shop.get_cpinfos&comefrom=wxapp&openid=sns_wa_oWJzS5LSpdVWRXztQ1xh2n9B1Sfw&mid=&merchid=&authkey=&timestamp=1561135417458 yoxwechatbusinessModel::set_user:BEGIN
[2019-06-22 00:43:42] trace  /app/ewei_shopv2_api.php?i=2&r=shop.get_cpinfos&comefrom=wxapp&openid=sns_wa_oWJzS5LSpdVWRXztQ1xh2n9B1Sfw&mid=&merchid=&authkey=&timestamp=1561135417458 yoxwechatbusinessModel::set_user:END
[2019-06-22 00:43:42] trace  /app/ewei_shopv2_api.php?i=2&r=shop.get_shopindex&comefrom=wxapp&openid=sns_wa_oWJzS5LSpdVWRXztQ1xh2n9B1Sfw&mid=&merchid=&authkey=&timestamp=1561135417424 yoxwechatbusinessModel::set_user:BEGIN
[2019-06-22 00:43:42] trace  /app/ewei_shopv2_api.php?i=2&r=shop.get_shopindex&comefrom=wxapp&openid=sns_wa_oWJzS5LSpdVWRXztQ1xh2n9B1Sfw&mid=&merchid=&authkey=&timestamp=1561135417424 yoxwechatbusinessModel::set_user:END
[2019-06-22 00:43:44] trace  /app/ewei_shopv2_api.php?i=2&r=black&comefrom=wxapp&openid=sns_wa_oWJzS5LSpdVWRXztQ1xh2n9B1Sfw&mid=&merchid=&authkey=&timestamp=1561135419522 yoxwechatbusinessModel::set_user:BEGIN
[2019-06-22 00:43:44] trace  /app/ewei_shopv2_api.php?i=2&r=black&comefrom=wxapp&openid=sns_wa_oWJzS5LSpdVWRXztQ1xh2n9B1Sfw&mid=&merchid=&authkey=&timestamp=1561135419522 yoxwechatbusinessModel::set_user:END
[2019-06-22 00:43:44] trace  /app/ewei_shopv2_api.php?i=2&r=diypage&type=goodsdetail&comefrom=wxapp&openid=sns_wa_oWJzS5LSpdVWRXztQ1xh2n9B1Sfw&mid=&merchid=&authkey=&timestamp=1561135419535 yoxwechatbusinessModel::set_user:BEGIN
[2019-06-22 00:43:44] trace  /app/ewei_shopv2_api.php?i=2&r=diypage&type=goodsdetail&comefrom=wxapp&openid=sns_wa_oWJzS5LSpdVWRXztQ1xh2n9B1Sfw&mid=&merchid=&authkey=&timestamp=1561135419535 yoxwechatbusinessModel::set_user:END
[2019-06-22 00:43:44] trace  /app/ewei_shopv2_api.php?i=2&r=goods.get_detail&id=29&comefrom=wxapp&openid=sns_wa_oWJzS5LSpdVWRXztQ1xh2n9B1Sfw&mid=&merchid=&authkey=&timestamp=1561135419621 yoxwechatbusinessModel::set_user:BEGIN
[2019-06-22 00:43:44] trace  /app/ewei_shopv2_api.php?i=2&r=goods.get_detail&id=29&comefrom=wxapp&openid=sns_wa_oWJzS5LSpdVWRXztQ1xh2n9B1Sfw&mid=&merchid=&authkey=&timestamp=1561135419621 yoxwechatbusinessModel::set_user:END
[2019-06-22 00:43:45] trace  /app/ewei_shopv2_api.php?i=2&r=goods.get_comments&id=29&comefrom=wxapp&openid=sns_wa_oWJzS5LSpdVWRXztQ1xh2n9B1Sfw&mid=&merchid=&authkey=&timestamp=1561135420548 yoxwechatbusinessModel::set_user:BEGIN
[2019-06-22 00:43:45] trace  /app/ewei_shopv2_api.php?i=2&r=goods.get_comments&id=29&comefrom=wxapp&openid=sns_wa_oWJzS5LSpdVWRXztQ1xh2n9B1Sfw&mid=&merchid=&authkey=&timestamp=1561135420548 yoxwechatbusinessModel::set_user:END
[2019-06-22 00:43:50] trace  /app/ewei_shopv2_api.php?i=2&r=shop.get_shopindex&comefrom=wxapp&openid=sns_wa_oWJzS5LSpdVWRXztQ1xh2n9B1Sfw&mid=&merchid=&authkey=&timestamp=1561135426087 yoxwechatbusinessModel::set_user:BEGIN
[2019-06-22 00:43:50] trace  /app/ewei_shopv2_api.php?i=2&r=shop.get_shopindex&comefrom=wxapp&openid=sns_wa_oWJzS5LSpdVWRXztQ1xh2n9B1Sfw&mid=&merchid=&authkey=&timestamp=1561135426087 yoxwechatbusinessModel::set_user:END
[2019-06-22 00:43:50] trace  /app/ewei_shopv2_api.php?i=2&r=shop.get_hasnewcoupon&comefrom=wxapp&openid=sns_wa_oWJzS5LSpdVWRXztQ1xh2n9B1Sfw&mid=&merchid=&authkey=&timestamp=1561135426107 yoxwechatbusinessModel::set_user:BEGIN
[2019-06-22 00:43:50] trace  /app/ewei_shopv2_api.php?i=2&r=shop.get_cpinfos&comefrom=wxapp&openid=sns_wa_oWJzS5LSpdVWRXztQ1xh2n9B1Sfw&mid=&merchid=&authkey=&timestamp=1561135426124 yoxwechatbusinessModel::set_user:BEGIN
[2019-06-22 00:43:50] trace  /app/ewei_shopv2_api.php?i=2&r=shop.get_hasnewcoupon&comefrom=wxapp&openid=sns_wa_oWJzS5LSpdVWRXztQ1xh2n9B1Sfw&mid=&merchid=&authkey=&timestamp=1561135426107 yoxwechatbusinessModel::set_user:END
[2019-06-22 00:43:50] trace  /app/ewei_shopv2_api.php?i=2&r=shop.get_cpinfos&comefrom=wxapp&openid=sns_wa_oWJzS5LSpdVWRXztQ1xh2n9B1Sfw&mid=&merchid=&authkey=&timestamp=1561135426124 yoxwechatbusinessModel::set_user:END
[2019-06-22 06:27:30] trace  /app/ewei_shopv2_api.php?i=2&r=shop.get_hasnewcoupon&comefrom=wxapp&openid=sns_wa_oWJzS5Hsbq2BbSCEAVhS33de22uQ&mid=&merchid=&authkey=&timestamp=1561156046532 yoxwechatbusinessModel::set_user:BEGIN
[2019-06-22 06:27:30] trace  /app/ewei_shopv2_api.php?i=2&r=shop.get_cpinfos&comefrom=wxapp&openid=sns_wa_oWJzS5Hsbq2BbSCEAVhS33de22uQ&mid=&merchid=&authkey=&timestamp=1561156046548 yoxwechatbusinessModel::set_user:BEGIN
[2019-06-22 06:27:30] trace  /app/ewei_shopv2_api.php?i=2&r=shop.get_shopindex&comefrom=wxapp&openid=sns_wa_oWJzS5Hsbq2BbSCEAVhS33de22uQ&mid=&merchid=&authkey=&timestamp=1561156046514 yoxwechatbusinessModel::set_user:BEGIN
[2019-06-22 06:27:30] trace  /app/ewei_shopv2_api.php?i=2&r=black&comefrom=wxapp&openid=sns_wa_oWJzS5Hsbq2BbSCEAVhS33de22uQ&authkey=&timestamp=1561156046422 yoxwechatbusinessModel::set_user:BEGIN
[2019-06-22 06:27:30] trace  /app/ewei_shopv2_api.php?i=2&r=diypage&type=home&comefrom=wxapp&openid=sns_wa_oWJzS5Hsbq2BbSCEAVhS33de22uQ&mid=&merchid=&authkey=&timestamp=1561156046466 yoxwechatbusinessModel::set_user:BEGIN
[2019-06-22 06:27:46] trace  /app/ewei_shopv2_api.php?i=2&r=diypage&type=goodsdetail&comefrom=wxapp&openid=sns_wa_oWJzS5Hsbq2BbSCEAVhS33de22uQ&mid=&merchid=&authkey=MTQwNEMvZlpHRTllVU41K1BMTnlQb1p6cnRQeURRbldUbFZqRE5pL2tyS2laY1hiQ2ExdHdPcUxnU3lrV2lQQ0lrbXZUcUhDRUxMR084Yk94Q0xaSlc0RElyUQ%3D%3D&timestamp=1561156063390 yoxwechatbusinessModel::set_user:BEGIN
[2019-06-22 06:27:46] trace  /app/ewei_shopv2_api.php?i=2&r=diypage&type=goodsdetail&comefrom=wxapp&openid=sns_wa_oWJzS5Hsbq2BbSCEAVhS33de22uQ&mid=&merchid=&authkey=MTQwNEMvZlpHRTllVU41K1BMTnlQb1p6cnRQeURRbldUbFZqRE5pL2tyS2laY1hiQ2ExdHdPcUxnU3lrV2lQQ0lrbXZUcUhDRUxMR084Yk94Q0xaSlc0RElyUQ%3D%3D&timestamp=1561156063390 yoxwechatbusinessModel::set_user:END
[2019-06-22 06:27:46] trace  /app/ewei_shopv2_api.php?i=2&r=black&comefrom=wxapp&openid=sns_wa_oWJzS5Hsbq2BbSCEAVhS33de22uQ&mid=&merchid=&authkey=MTQwNEMvZlpHRTllVU41K1BMTnlQb1p6cnRQeURRbldUbFZqRE5pL2tyS2laY1hiQ2ExdHdPcUxnU3lrV2lQQ0lrbXZUcUhDRUxMR084Yk94Q0xaSlc0RElyUQ%3D%3D&timestamp=1561156063373 yoxwechatbusinessModel::set_user:BEGIN
[2019-06-22 06:27:46] trace  /app/ewei_shopv2_api.php?i=2&r=black&comefrom=wxapp&openid=sns_wa_oWJzS5Hsbq2BbSCEAVhS33de22uQ&mid=&merchid=&authkey=MTQwNEMvZlpHRTllVU41K1BMTnlQb1p6cnRQeURRbldUbFZqRE5pL2tyS2laY1hiQ2ExdHdPcUxnU3lrV2lQQ0lrbXZUcUhDRUxMR084Yk94Q0xaSlc0RElyUQ%3D%3D&timestamp=1561156063373 yoxwechatbusinessModel::set_user:END
[2019-06-22 06:27:46] trace  /app/ewei_shopv2_api.php?i=2&r=goods.get_detail&id=64&comefrom=wxapp&openid=sns_wa_oWJzS5Hsbq2BbSCEAVhS33de22uQ&mid=&merchid=&authkey=MTQwNEMvZlpHRTllVU41K1BMTnlQb1p6cnRQeURRbldUbFZqRE5pL2tyS2laY1hiQ2ExdHdPcUxnU3lrV2lQQ0lrbXZUcUhDRUxMR084Yk94Q0xaSlc0RElyUQ%3D%3D&timestamp=1561156063466 yoxwechatbusinessModel::set_user:BEGIN
[2019-06-22 06:27:46] trace  /app/ewei_shopv2_api.php?i=2&r=goods.get_detail&id=64&comefrom=wxapp&openid=sns_wa_oWJzS5Hsbq2BbSCEAVhS33de22uQ&mid=&merchid=&authkey=MTQwNEMvZlpHRTllVU41K1BMTnlQb1p6cnRQeURRbldUbFZqRE5pL2tyS2laY1hiQ2ExdHdPcUxnU3lrV2lQQ0lrbXZUcUhDRUxMR084Yk94Q0xaSlc0RElyUQ%3D%3D&timestamp=1561156063466 yoxwechatbusinessModel::set_user:END
[2019-06-22 06:27:47] trace  /app/ewei_shopv2_api.php?i=2&r=package.get_list&goodsid=64&comefrom=wxapp&openid=sns_wa_oWJzS5Hsbq2BbSCEAVhS33de22uQ&mid=&merchid=&authkey=&timestamp=1561156064621 yoxwechatbusinessModel::set_user:BEGIN
[2019-06-22 06:27:47] trace  /app/ewei_shopv2_api.php?i=2&r=package.get_list&goodsid=64&comefrom=wxapp&openid=sns_wa_oWJzS5Hsbq2BbSCEAVhS33de22uQ&mid=&merchid=&authkey=&timestamp=1561156064621 yoxwechatbusinessModel::set_user:END
[2019-06-22 06:27:48] trace  /app/ewei_shopv2_api.php?i=2&r=goods.get_comments&id=64&comefrom=wxapp&openid=sns_wa_oWJzS5Hsbq2BbSCEAVhS33de22uQ&mid=&merchid=&authkey=&timestamp=1561156064760 yoxwechatbusinessModel::set_user:BEGIN
[2019-06-22 06:27:48] trace  /app/ewei_shopv2_api.php?i=2&r=goods.get_comments&id=64&comefrom=wxapp&openid=sns_wa_oWJzS5Hsbq2BbSCEAVhS33de22uQ&mid=&merchid=&authkey=&timestamp=1561156064760 yoxwechatbusinessModel::set_user:END
[2019-06-22 06:27:59] trace  /app/ewei_shopv2_api.php?i=2&r=goods.get_picker&id=64&comefrom=wxapp&openid=sns_wa_oWJzS5Hsbq2BbSCEAVhS33de22uQ&mid=&merchid=&authkey=&timestamp=1561156076292 yoxwechatbusinessModel::set_user:BEGIN
[2019-06-22 06:27:59] trace  /app/ewei_shopv2_api.php?i=2&r=goods.get_picker&id=64&comefrom=wxapp&openid=sns_wa_oWJzS5Hsbq2BbSCEAVhS33de22uQ&mid=&merchid=&authkey=&timestamp=1561156076292 yoxwechatbusinessModel::set_user:END
[2019-06-22 06:28:05] trace  /app/ewei_shopv2_api.php?i=2&r=goods.get_picker&id=64&comefrom=wxapp&openid=sns_wa_oWJzS5Hsbq2BbSCEAVhS33de22uQ&mid=&merchid=&authkey=&timestamp=1561156082079 yoxwechatbusinessModel::set_user:BEGIN
[2019-06-22 06:28:05] trace  /app/ewei_shopv2_api.php?i=2&r=goods.get_picker&id=64&comefrom=wxapp&openid=sns_wa_oWJzS5Hsbq2BbSCEAVhS33de22uQ&mid=&merchid=&authkey=&timestamp=1561156082079 yoxwechatbusinessModel::set_user:END
[2019-06-22 06:28:09] trace  /app/ewei_shopv2_api.php?i=2&r=shop.get_cpinfos&comefrom=wxapp&openid=sns_wa_oWJzS5Hsbq2BbSCEAVhS33de22uQ&mid=&merchid=&authkey=&timestamp=1561156085771 yoxwechatbusinessModel::set_user:BEGIN
[2019-06-22 06:28:09] trace  /app/ewei_shopv2_api.php?i=2&r=shop.get_cpinfos&comefrom=wxapp&openid=sns_wa_oWJzS5Hsbq2BbSCEAVhS33de22uQ&mid=&merchid=&authkey=&timestamp=1561156085771 yoxwechatbusinessModel::set_user:END
[2019-06-22 06:28:09] trace  /app/ewei_shopv2_api.php?i=2&r=shop.get_hasnewcoupon&comefrom=wxapp&openid=sns_wa_oWJzS5Hsbq2BbSCEAVhS33de22uQ&mid=&merchid=&authkey=&timestamp=1561156085756 yoxwechatbusinessModel::set_user:BEGIN
[2019-06-22 06:28:09] trace  /app/ewei_shopv2_api.php?i=2&r=shop.get_shopindex&comefrom=wxapp&openid=sns_wa_oWJzS5Hsbq2BbSCEAVhS33de22uQ&mid=&merchid=&authkey=&timestamp=1561156085739 yoxwechatbusinessModel::set_user:BEGIN
[2019-06-22 06:28:09] trace  /app/ewei_shopv2_api.php?i=2&r=shop.get_hasnewcoupon&comefrom=wxapp&openid=sns_wa_oWJzS5Hsbq2BbSCEAVhS33de22uQ&mid=&merchid=&authkey=&timestamp=1561156085756 yoxwechatbusinessModel::set_user:END
[2019-06-22 06:28:09] trace  /app/ewei_shopv2_api.php?i=2&r=shop.get_shopindex&comefrom=wxapp&openid=sns_wa_oWJzS5Hsbq2BbSCEAVhS33de22uQ&mid=&merchid=&authkey=&timestamp=1561156085739 yoxwechatbusinessModel::set_user:END
[2019-06-22 06:28:36] trace  /app/ewei_shopv2_api.php?i=2&r=groups&comefrom=wxapp&openid=sns_wa_oWJzS5Hsbq2BbSCEAVhS33de22uQ&mid=&merchid=&authkey=&timestamp=1561156113458 yoxwechatbusinessModel::set_user:BEGIN
[2019-06-22 06:28:36] trace  /app/ewei_shopv2_api.php?i=2&r=groups&comefrom=wxapp&openid=sns_wa_oWJzS5Hsbq2BbSCEAVhS33de22uQ&mid=&merchid=&authkey=&timestamp=1561156113458 yoxwechatbusinessModel::set_user:END
[2019-06-22 06:28:45] trace  /app/ewei_shopv2_api.php?i=2&r=shop.get_shopindex&comefrom=wxapp&openid=sns_wa_oWJzS5Hsbq2BbSCEAVhS33de22uQ&mid=&merchid=&authkey=&timestamp=1561156122084 yoxwechatbusinessModel::set_user:BEGIN
[2019-06-22 06:28:45] trace  /app/ewei_shopv2_api.php?i=2&r=shop.get_hasnewcoupon&comefrom=wxapp&openid=sns_wa_oWJzS5Hsbq2BbSCEAVhS33de22uQ&mid=&merchid=&authkey=&timestamp=1561156122113 yoxwechatbusinessModel::set_user:BEGIN
[2019-06-22 06:28:45] trace  /app/ewei_shopv2_api.php?i=2&r=shop.get_shopindex&comefrom=wxapp&openid=sns_wa_oWJzS5Hsbq2BbSCEAVhS33de22uQ&mid=&merchid=&authkey=&timestamp=1561156122084 yoxwechatbusinessModel::set_user:END
[2019-06-22 06:28:45] trace  /app/ewei_shopv2_api.php?i=2&r=shop.get_hasnewcoupon&comefrom=wxapp&openid=sns_wa_oWJzS5Hsbq2BbSCEAVhS33de22uQ&mid=&merchid=&authkey=&timestamp=1561156122113 yoxwechatbusinessModel::set_user:END
[2019-06-22 06:28:45] trace  /app/ewei_shopv2_api.php?i=2&r=shop.get_cpinfos&comefrom=wxapp&openid=sns_wa_oWJzS5Hsbq2BbSCEAVhS33de22uQ&mid=&merchid=&authkey=&timestamp=1561156122134 yoxwechatbusinessModel::set_user:BEGIN
[2019-06-22 06:28:45] trace  /app/ewei_shopv2_api.php?i=2&r=shop.get_cpinfos&comefrom=wxapp&openid=sns_wa_oWJzS5Hsbq2BbSCEAVhS33de22uQ&mid=&merchid=&authkey=&timestamp=1561156122134 yoxwechatbusinessModel::set_user:END
[2019-06-22 06:28:59] trace  /app/ewei_shopv2_api.php?i=2&r=shop.get_cpinfos&comefrom=wxapp&openid=sns_wa_oWJzS5Hsbq2BbSCEAVhS33de22uQ&mid=&merchid=&authkey=&timestamp=1561156136565 yoxwechatbusinessModel::set_user:BEGIN
[2019-06-22 06:28:59] trace  /app/ewei_shopv2_api.php?i=2&r=shop.get_shopindex&comefrom=wxapp&openid=sns_wa_oWJzS5Hsbq2BbSCEAVhS33de22uQ&mid=&merchid=&authkey=&timestamp=1561156136528 yoxwechatbusinessModel::set_user:BEGIN
[2019-06-22 06:28:59] trace  /app/ewei_shopv2_api.php?i=2&r=shop.get_cpinfos&comefrom=wxapp&openid=sns_wa_oWJzS5Hsbq2BbSCEAVhS33de22uQ&mid=&merchid=&authkey=&timestamp=1561156136565 yoxwechatbusinessModel::set_user:END
[2019-06-22 06:28:59] trace  /app/ewei_shopv2_api.php?i=2&r=shop.get_shopindex&comefrom=wxapp&openid=sns_wa_oWJzS5Hsbq2BbSCEAVhS33de22uQ&mid=&merchid=&authkey=&timestamp=1561156136528 yoxwechatbusinessModel::set_user:END
[2019-06-22 06:28:59] trace  /app/ewei_shopv2_api.php?i=2&r=shop.get_hasnewcoupon&comefrom=wxapp&openid=sns_wa_oWJzS5Hsbq2BbSCEAVhS33de22uQ&mid=&merchid=&authkey=&timestamp=1561156136546 yoxwechatbusinessModel::set_user:BEGIN
[2019-06-22 06:28:59] trace  /app/ewei_shopv2_api.php?i=2&r=shop.get_hasnewcoupon&comefrom=wxapp&openid=sns_wa_oWJzS5Hsbq2BbSCEAVhS33de22uQ&mid=&merchid=&authkey=&timestamp=1561156136546 yoxwechatbusinessModel::set_user:END
[2019-06-22 06:29:01] trace  /app/ewei_shopv2_api.php?i=2&r=diypage&type=goodsdetail&comefrom=wxapp&openid=sns_wa_oWJzS5Hsbq2BbSCEAVhS33de22uQ&mid=&merchid=&authkey=&timestamp=1561156137868 yoxwechatbusinessModel::set_user:BEGIN
[2019-06-22 06:29:01] trace  /app/ewei_shopv2_api.php?i=2&r=diypage&type=goodsdetail&comefrom=wxapp&openid=sns_wa_oWJzS5Hsbq2BbSCEAVhS33de22uQ&mid=&merchid=&authkey=&timestamp=1561156137868 yoxwechatbusinessModel::set_user:END
[2019-06-22 06:29:01] trace  /app/ewei_shopv2_api.php?i=2&r=black&comefrom=wxapp&openid=sns_wa_oWJzS5Hsbq2BbSCEAVhS33de22uQ&mid=&merchid=&authkey=&timestamp=1561156137852 yoxwechatbusinessModel::set_user:BEGIN
[2019-06-22 06:29:01] trace  /app/ewei_shopv2_api.php?i=2&r=black&comefrom=wxapp&openid=sns_wa_oWJzS5Hsbq2BbSCEAVhS33de22uQ&mid=&merchid=&authkey=&timestamp=1561156137852 yoxwechatbusinessModel::set_user:END
[2019-06-22 06:29:01] trace  /app/ewei_shopv2_api.php?i=2&r=goods.get_detail&id=31&comefrom=wxapp&openid=sns_wa_oWJzS5Hsbq2BbSCEAVhS33de22uQ&mid=&merchid=&authkey=&timestamp=1561156137924 yoxwechatbusinessModel::set_user:BEGIN
[2019-06-22 06:29:01] trace  /app/ewei_shopv2_api.php?i=2&r=goods.get_detail&id=31&comefrom=wxapp&openid=sns_wa_oWJzS5Hsbq2BbSCEAVhS33de22uQ&mid=&merchid=&authkey=&timestamp=1561156137924 yoxwechatbusinessModel::set_user:END
[2019-06-22 06:29:03] trace  /app/ewei_shopv2_api.php?i=2&r=goods.get_comments&id=31&comefrom=wxapp&openid=sns_wa_oWJzS5Hsbq2BbSCEAVhS33de22uQ&mid=&merchid=&authkey=&timestamp=1561156139691 yoxwechatbusinessModel::set_user:BEGIN
[2019-06-22 06:29:03] trace  /app/ewei_shopv2_api.php?i=2&r=goods.get_comments&id=31&comefrom=wxapp&openid=sns_wa_oWJzS5Hsbq2BbSCEAVhS33de22uQ&mid=&merchid=&authkey=&timestamp=1561156139691 yoxwechatbusinessModel::set_user:END
[2019-06-22 06:29:05] trace  /app/ewei_shopv2_api.php?i=2&r=goods.get_picker&id=31&comefrom=wxapp&openid=sns_wa_oWJzS5Hsbq2BbSCEAVhS33de22uQ&mid=&merchid=&authkey=&timestamp=1561156142679 yoxwechatbusinessModel::set_user:BEGIN
[2019-06-22 06:29:05] trace  /app/ewei_shopv2_api.php?i=2&r=goods.get_picker&id=31&comefrom=wxapp&openid=sns_wa_oWJzS5Hsbq2BbSCEAVhS33de22uQ&mid=&merchid=&authkey=&timestamp=1561156142679 yoxwechatbusinessModel::set_user:END
[2019-06-22 06:29:10] trace  /app/ewei_shopv2_api.php?i=2&r=shop.get_shopindex&comefrom=wxapp&openid=sns_wa_oWJzS5Hsbq2BbSCEAVhS33de22uQ&mid=&merchid=&authkey=&timestamp=1561156147042 yoxwechatbusinessModel::set_user:BEGIN
[2019-06-22 06:29:10] trace  /app/ewei_shopv2_api.php?i=2&r=shop.get_shopindex&comefrom=wxapp&openid=sns_wa_oWJzS5Hsbq2BbSCEAVhS33de22uQ&mid=&merchid=&authkey=&timestamp=1561156147042 yoxwechatbusinessModel::set_user:END
[2019-06-22 06:29:10] trace  /app/ewei_shopv2_api.php?i=2&r=shop.get_hasnewcoupon&comefrom=wxapp&openid=sns_wa_oWJzS5Hsbq2BbSCEAVhS33de22uQ&mid=&merchid=&authkey=&timestamp=1561156147063 yoxwechatbusinessModel::set_user:BEGIN
[2019-06-22 06:29:10] trace  /app/ewei_shopv2_api.php?i=2&r=shop.get_cpinfos&comefrom=wxapp&openid=sns_wa_oWJzS5Hsbq2BbSCEAVhS33de22uQ&mid=&merchid=&authkey=&timestamp=1561156147079 yoxwechatbusinessModel::set_user:BEGIN
[2019-06-22 06:29:10] trace  /app/ewei_shopv2_api.php?i=2&r=shop.get_hasnewcoupon&comefrom=wxapp&openid=sns_wa_oWJzS5Hsbq2BbSCEAVhS33de22uQ&mid=&merchid=&authkey=&timestamp=1561156147063 yoxwechatbusinessModel::set_user:END
[2019-06-22 06:29:10] trace  /app/ewei_shopv2_api.php?i=2&r=shop.get_cpinfos&comefrom=wxapp&openid=sns_wa_oWJzS5Hsbq2BbSCEAVhS33de22uQ&mid=&merchid=&authkey=&timestamp=1561156147079 yoxwechatbusinessModel::set_user:END
[2019-06-22 06:29:17] trace  /app/ewei_shopv2_api.php?i=2&r=bargain.act&comefrom=wxapp&openid=sns_wa_oWJzS5Hsbq2BbSCEAVhS33de22uQ&mid=&merchid=&authkey=&timestamp=1561156153825 yoxwechatbusinessModel::set_user:BEGIN
[2019-06-22 06:29:17] trace  /app/ewei_shopv2_api.php?i=2&r=bargain.act&comefrom=wxapp&openid=sns_wa_oWJzS5Hsbq2BbSCEAVhS33de22uQ&mid=&merchid=&authkey=&timestamp=1561156153825 yoxwechatbusinessModel::set_user:END
[2019-06-22 06:29:17] trace  /app/ewei_shopv2_api.php?i=2&r=yoxwechatbusiness&isajax=1&comefrom=wxapp&openid=sns_wa_oWJzS5Hsbq2BbSCEAVhS33de22uQ&mid=&merchid=&authkey=&timestamp=1561156153797 yoxwechatbusinessModel::set_user:BEGIN
[2019-06-22 06:29:17] trace  /app/ewei_shopv2_api.php?i=2&r=yoxwechatbusiness&isajax=1&comefrom=wxapp&openid=sns_wa_oWJzS5Hsbq2BbSCEAVhS33de22uQ&mid=&merchid=&authkey=&timestamp=1561156153797 yoxwechatbusinessModel::set_user:END
[2019-06-22 06:29:51] trace  /app/ewei_shopv2_api.php?i=2&r=yoxwechatbusiness.level.level_list&isajax=1&comefrom=wxapp&openid=sns_wa_oWJzS5Hsbq2BbSCEAVhS33de22uQ&mid=&merchid=&authkey=&timestamp=1561156188525 yoxwechatbusinessModel::set_user:BEGIN
[2019-06-22 06:29:51] trace  /app/ewei_shopv2_api.php?i=2&r=yoxwechatbusiness.agent&isajax=1&comefrom=wxapp&openid=sns_wa_oWJzS5Hsbq2BbSCEAVhS33de22uQ&mid=&merchid=&authkey=&timestamp=1561156188511 yoxwechatbusinessModel::set_user:BEGIN
[2019-06-22 06:29:51] trace  /app/ewei_shopv2_api.php?i=2&r=yoxwechatbusiness.level.level_list&isajax=1&comefrom=wxapp&openid=sns_wa_oWJzS5Hsbq2BbSCEAVhS33de22uQ&mid=&merchid=&authkey=&timestamp=1561156188525 yoxwechatbusinessModel::set_user:END
[2019-06-22 06:29:51] trace  /app/ewei_shopv2_api.php?i=2&r=yoxwechatbusiness.agent&isajax=1&comefrom=wxapp&openid=sns_wa_oWJzS5Hsbq2BbSCEAVhS33de22uQ&mid=&merchid=&authkey=&timestamp=1561156188511 yoxwechatbusinessModel::set_user:END
[2019-06-22 06:29:57] trace  /app/ewei_shopv2_api.php?i=2&r=yoxwechatbusiness.agent&isajax=1&comefrom=wxapp&openid=sns_wa_oWJzS5Hsbq2BbSCEAVhS33de22uQ&mid=&merchid=&authkey=&timestamp=1561156193881 yoxwechatbusinessModel::set_user:BEGIN
[2019-06-22 06:29:57] trace  /app/ewei_shopv2_api.php?i=2&r=yoxwechatbusiness.agent&isajax=1&comefrom=wxapp&openid=sns_wa_oWJzS5Hsbq2BbSCEAVhS33de22uQ&mid=&merchid=&authkey=&timestamp=1561156193881 yoxwechatbusinessModel::set_user:END
[2019-06-22 06:29:57] trace  /app/ewei_shopv2_api.php?i=2&r=yoxwechatbusiness.level.level_list&isajax=1&comefrom=wxapp&openid=sns_wa_oWJzS5Hsbq2BbSCEAVhS33de22uQ&mid=&merchid=&authkey=&timestamp=1561156193907 yoxwechatbusinessModel::set_user:BEGIN
[2019-06-22 06:29:57] trace  /app/ewei_shopv2_api.php?i=2&r=yoxwechatbusiness.level.level_list&isajax=1&comefrom=wxapp&openid=sns_wa_oWJzS5Hsbq2BbSCEAVhS33de22uQ&mid=&merchid=&authkey=&timestamp=1561156193907 yoxwechatbusinessModel::set_user:END
[2019-06-22 06:30:02] trace  /app/ewei_shopv2_api.php?i=2&r=yoxwechatbusiness.agent&isajax=1&comefrom=wxapp&openid=sns_wa_oWJzS5Hsbq2BbSCEAVhS33de22uQ&mid=&merchid=&authkey=&timestamp=1561156198970 yoxwechatbusinessModel::set_user:BEGIN
[2019-06-22 06:30:02] trace  /app/ewei_shopv2_api.php?i=2&r=yoxwechatbusiness.agent&isajax=1&comefrom=wxapp&openid=sns_wa_oWJzS5Hsbq2BbSCEAVhS33de22uQ&mid=&merchid=&authkey=&timestamp=1561156198970 yoxwechatbusinessModel::set_user:END
[2019-06-22 06:30:02] trace  /app/ewei_shopv2_api.php?i=2&r=yoxwechatbusiness.level.level_list&isajax=1&comefrom=wxapp&openid=sns_wa_oWJzS5Hsbq2BbSCEAVhS33de22uQ&mid=&merchid=&authkey=&timestamp=1561156198986 yoxwechatbusinessModel::set_user:BEGIN
[2019-06-22 06:30:02] trace  /app/ewei_shopv2_api.php?i=2&r=yoxwechatbusiness.level.level_list&isajax=1&comefrom=wxapp&openid=sns_wa_oWJzS5Hsbq2BbSCEAVhS33de22uQ&mid=&merchid=&authkey=&timestamp=1561156198986 yoxwechatbusinessModel::set_user:END
[2019-06-22 06:30:17] trace  /app/ewei_shopv2_api.php?i=2&r=shop.get_hasnewcoupon&comefrom=wxapp&openid=sns_wa_oWJzS5Hsbq2BbSCEAVhS33de22uQ&mid=&merchid=&authkey=&timestamp=1561156213812 yoxwechatbusinessModel::set_user:BEGIN
[2019-06-22 06:30:17] trace  /app/ewei_shopv2_api.php?i=2&r=shop.get_hasnewcoupon&comefrom=wxapp&openid=sns_wa_oWJzS5Hsbq2BbSCEAVhS33de22uQ&mid=&merchid=&authkey=&timestamp=1561156213812 yoxwechatbusinessModel::set_user:END
[2019-06-22 06:30:17] trace  /app/ewei_shopv2_api.php?i=2&r=shop.get_cpinfos&comefrom=wxapp&openid=sns_wa_oWJzS5Hsbq2BbSCEAVhS33de22uQ&mid=&merchid=&authkey=&timestamp=1561156213831 yoxwechatbusinessModel::set_user:BEGIN
[2019-06-22 06:30:17] trace  /app/ewei_shopv2_api.php?i=2&r=shop.get_cpinfos&comefrom=wxapp&openid=sns_wa_oWJzS5Hsbq2BbSCEAVhS33de22uQ&mid=&merchid=&authkey=&timestamp=1561156213831 yoxwechatbusinessModel::set_user:END
[2019-06-22 06:30:17] trace  /app/ewei_shopv2_api.php?i=2&r=shop.get_shopindex&comefrom=wxapp&openid=sns_wa_oWJzS5Hsbq2BbSCEAVhS33de22uQ&mid=&merchid=&authkey=&timestamp=1561156213798 yoxwechatbusinessModel::set_user:BEGIN
[2019-06-22 06:30:17] trace  /app/ewei_shopv2_api.php?i=2&r=shop.get_shopindex&comefrom=wxapp&openid=sns_wa_oWJzS5Hsbq2BbSCEAVhS33de22uQ&mid=&merchid=&authkey=&timestamp=1561156213798 yoxwechatbusinessModel::set_user:END
[2019-06-22 10:35:21] trace  /app/ewei_shopv2_api.php?i=2&r=diypage&type=home&comefrom=wxapp&openid=sns_wa_oWJzS5Ak51G9M881eXJ2gvCLiwUo&mid=&merchid=&authkey=&timestamp=1561170918414 yoxwechatbusinessModel::set_user:BEGIN
[2019-06-22 10:35:21] trace  /app/ewei_shopv2_api.php?i=2&r=black&comefrom=wxapp&openid=sns_wa_oWJzS5Ak51G9M881eXJ2gvCLiwUo&authkey=&timestamp=1561170917933 yoxwechatbusinessModel::set_user:BEGIN
[2019-06-22 10:35:21] trace  /app/ewei_shopv2_api.php?i=2&r=black&comefrom=wxapp&openid=sns_wa_oWJzS5Ak51G9M881eXJ2gvCLiwUo&authkey=&timestamp=1561170917933 yoxwechatbusinessModel::set_user:END
[2019-06-22 10:35:21] trace  /app/ewei_shopv2_api.php?i=2&r=diypage&type=home&comefrom=wxapp&openid=sns_wa_oWJzS5Ak51G9M881eXJ2gvCLiwUo&mid=&merchid=&authkey=&timestamp=1561170918414 yoxwechatbusinessModel::set_user:END
[2019-06-22 10:35:21] trace  /app/ewei_shopv2_api.php?i=2&r=shop.get_cpinfos&comefrom=wxapp&openid=sns_wa_oWJzS5Ak51G9M881eXJ2gvCLiwUo&mid=&merchid=&authkey=&timestamp=1561170918722 yoxwechatbusinessModel::set_user:BEGIN
[2019-06-22 10:35:21] trace  /app/ewei_shopv2_api.php?i=2&r=shop.get_cpinfos&comefrom=wxapp&openid=sns_wa_oWJzS5Ak51G9M881eXJ2gvCLiwUo&mid=&merchid=&authkey=&timestamp=1561170918722 yoxwechatbusinessModel::set_user:END
[2019-06-22 10:35:21] trace  /app/ewei_shopv2_api.php?i=2&r=shop.get_shopindex&comefrom=wxapp&openid=sns_wa_oWJzS5Ak51G9M881eXJ2gvCLiwUo&mid=&merchid=&authkey=&timestamp=1561170918587 yoxwechatbusinessModel::set_user:BEGIN
[2019-06-22 10:35:21] trace  /app/ewei_shopv2_api.php?i=2&r=shop.get_shopindex&comefrom=wxapp&openid=sns_wa_oWJzS5Ak51G9M881eXJ2gvCLiwUo&mid=&merchid=&authkey=&timestamp=1561170918587 yoxwechatbusinessModel::set_user:END
[2019-06-22 10:35:21] trace  /app/ewei_shopv2_api.php?i=2&r=shop.get_hasnewcoupon&comefrom=wxapp&openid=sns_wa_oWJzS5Ak51G9M881eXJ2gvCLiwUo&mid=&merchid=&authkey=&timestamp=1561170918653 yoxwechatbusinessModel::set_user:BEGIN
[2019-06-22 10:35:21] trace  /app/ewei_shopv2_api.php?i=2&r=shop.get_hasnewcoupon&comefrom=wxapp&openid=sns_wa_oWJzS5Ak51G9M881eXJ2gvCLiwUo&mid=&merchid=&authkey=&timestamp=1561170918653 yoxwechatbusinessModel::set_user:END
[2019-06-22 10:35:31] trace  /app/ewei_shopv2_api.php?i=2&r=shop.get_category&comefrom=wxapp&openid=sns_wa_oWJzS5Ak51G9M881eXJ2gvCLiwUo&mid=&merchid=&authkey=YmMwYkFCL0llTDk5aHNJb2VZdDJNNWFFc3NyYjB3TllFTXpyZFg4dTFrMHVIU21MbjkxaGJXM20yWUhuNk5pY2VDRlNsNktQUHdRcTNpUFllWW5LUlREdjFhaw%3D%3D&timestamp=1561170928279 yoxwechatbusinessModel::set_user:BEGIN
[2019-06-22 10:35:31] trace  /app/ewei_shopv2_api.php?i=2&r=shop.get_category&comefrom=wxapp&openid=sns_wa_oWJzS5Ak51G9M881eXJ2gvCLiwUo&mid=&merchid=&authkey=YmMwYkFCL0llTDk5aHNJb2VZdDJNNWFFc3NyYjB3TllFTXpyZFg4dTFrMHVIU21MbjkxaGJXM20yWUhuNk5pY2VDRlNsNktQUHdRcTNpUFllWW5LUlREdjFhaw%3D%3D&timestamp=1561170928279 yoxwechatbusinessModel::set_user:END
[2019-06-22 10:35:46] trace  /app/ewei_shopv2_api.php?i=2&r=shop.get_shopindex&comefrom=wxapp&openid=sns_wa_oWJzS5Ak51G9M881eXJ2gvCLiwUo&mid=&merchid=&authkey=&timestamp=1561170943048 yoxwechatbusinessModel::set_user:BEGIN
[2019-06-22 10:35:46] trace  /app/ewei_shopv2_api.php?i=2&r=shop.get_shopindex&comefrom=wxapp&openid=sns_wa_oWJzS5Ak51G9M881eXJ2gvCLiwUo&mid=&merchid=&authkey=&timestamp=1561170943048 yoxwechatbusinessModel::set_user:END
[2019-06-22 10:35:46] trace  /app/ewei_shopv2_api.php?i=2&r=shop.get_hasnewcoupon&comefrom=wxapp&openid=sns_wa_oWJzS5Ak51G9M881eXJ2gvCLiwUo&mid=&merchid=&authkey=&timestamp=1561170943195 yoxwechatbusinessModel::set_user:BEGIN
[2019-06-22 10:35:46] trace  /app/ewei_shopv2_api.php?i=2&r=shop.get_cpinfos&comefrom=wxapp&openid=sns_wa_oWJzS5Ak51G9M881eXJ2gvCLiwUo&mid=&merchid=&authkey=&timestamp=1561170943277 yoxwechatbusinessModel::set_user:BEGIN
[2019-06-22 10:35:46] trace  /app/ewei_shopv2_api.php?i=2&r=shop.get_hasnewcoupon&comefrom=wxapp&openid=sns_wa_oWJzS5Ak51G9M881eXJ2gvCLiwUo&mid=&merchid=&authkey=&timestamp=1561170943195 yoxwechatbusinessModel::set_user:END
[2019-06-22 10:35:46] trace  /app/ewei_shopv2_api.php?i=2&r=shop.get_cpinfos&comefrom=wxapp&openid=sns_wa_oWJzS5Ak51G9M881eXJ2gvCLiwUo&mid=&merchid=&authkey=&timestamp=1561170943277 yoxwechatbusinessModel::set_user:END
[2019-06-22 10:36:36] trace  /app/ewei_shopv2_api.php?i=2&r=black&comefrom=wxapp&openid=sns_wa_oWJzS5Ak51G9M881eXJ2gvCLiwUo&mid=&merchid=&authkey=&timestamp=1561170993748 yoxwechatbusinessModel::set_user:BEGIN
[2019-06-22 10:36:36] trace  /app/ewei_shopv2_api.php?i=2&r=black&comefrom=wxapp&openid=sns_wa_oWJzS5Ak51G9M881eXJ2gvCLiwUo&mid=&merchid=&authkey=&timestamp=1561170993748 yoxwechatbusinessModel::set_user:END
[2019-06-22 10:36:36] trace  /app/ewei_shopv2_api.php?i=2&r=diypage&type=goodsdetail&comefrom=wxapp&openid=sns_wa_oWJzS5Ak51G9M881eXJ2gvCLiwUo&mid=&merchid=&authkey=&timestamp=1561170993841 yoxwechatbusinessModel::set_user:BEGIN
[2019-06-22 10:36:36] trace  /app/ewei_shopv2_api.php?i=2&r=diypage&type=goodsdetail&comefrom=wxapp&openid=sns_wa_oWJzS5Ak51G9M881eXJ2gvCLiwUo&mid=&merchid=&authkey=&timestamp=1561170993841 yoxwechatbusinessModel::set_user:END
[2019-06-22 10:36:37] trace  /app/ewei_shopv2_api.php?i=2&r=goods.get_detail&id=27&comefrom=wxapp&openid=sns_wa_oWJzS5Ak51G9M881eXJ2gvCLiwUo&mid=&merchid=&authkey=&timestamp=1561170994359 yoxwechatbusinessModel::set_user:BEGIN
[2019-06-22 10:36:37] trace  /app/ewei_shopv2_api.php?i=2&r=goods.get_detail&id=27&comefrom=wxapp&openid=sns_wa_oWJzS5Ak51G9M881eXJ2gvCLiwUo&mid=&merchid=&authkey=&timestamp=1561170994359 yoxwechatbusinessModel::set_user:END
[2019-06-22 10:36:38] trace  /app/ewei_shopv2_api.php?i=2&r=goods.get_comments&id=27&comefrom=wxapp&openid=sns_wa_oWJzS5Ak51G9M881eXJ2gvCLiwUo&mid=&merchid=&authkey=&timestamp=1561170995609 yoxwechatbusinessModel::set_user:BEGIN
[2019-06-22 10:36:38] trace  /app/ewei_shopv2_api.php?i=2&r=goods.get_comments&id=27&comefrom=wxapp&openid=sns_wa_oWJzS5Ak51G9M881eXJ2gvCLiwUo&mid=&merchid=&authkey=&timestamp=1561170995609 yoxwechatbusinessModel::set_user:END
[2019-06-22 10:36:41] trace  /app/ewei_shopv2_api.php?i=2&r=goods.get_picker&id=27&comefrom=wxapp&openid=sns_wa_oWJzS5Ak51G9M881eXJ2gvCLiwUo&mid=&merchid=&authkey=&timestamp=1561170998075 yoxwechatbusinessModel::set_user:BEGIN
[2019-06-22 10:36:41] trace  /app/ewei_shopv2_api.php?i=2&r=goods.get_picker&id=27&comefrom=wxapp&openid=sns_wa_oWJzS5Ak51G9M881eXJ2gvCLiwUo&mid=&merchid=&authkey=&timestamp=1561170998075 yoxwechatbusinessModel::set_user:END
[2019-06-22 10:36:43] trace  /app/ewei_shopv2_api.php?i=2&r=order.create&id=27&total=1&optionid=&selectDate=undefined&comefrom=wxapp&openid=sns_wa_oWJzS5Ak51G9M881eXJ2gvCLiwUo&mid=&merchid=&authkey=&timestamp=1561171000793 yoxwechatbusinessModel::set_user:BEGIN
[2019-06-22 10:36:43] trace  /app/ewei_shopv2_api.php?i=2&r=order.create&id=27&total=1&optionid=&selectDate=undefined&comefrom=wxapp&openid=sns_wa_oWJzS5Ak51G9M881eXJ2gvCLiwUo&mid=&merchid=&authkey=&timestamp=1561171000793 yoxwechatbusinessModel::set_user:END
[2019-06-22 10:36:43] trace  /app/ewei_shopv2_api.php?i=2&r=member.address.get_detail&id=&comefrom=wxapp&openid=sns_wa_oWJzS5Ak51G9M881eXJ2gvCLiwUo&mid=&merchid=&authkey=&timestamp=1561171000894 yoxwechatbusinessModel::set_user:BEGIN
[2019-06-22 10:36:43] trace  /app/ewei_shopv2_api.php?i=2&r=member.address.get_detail&id=&comefrom=wxapp&openid=sns_wa_oWJzS5Ak51G9M881eXJ2gvCLiwUo&mid=&merchid=&authkey=&timestamp=1561171000894 yoxwechatbusinessModel::set_user:END
[2019-06-22 10:37:07] trace  /app/ewei_shopv2_api.php?i=2&r=order.create.submit&timestamp=1561171024566 id=27; goods={0={id=27; goodsid=27; title=天丝氨基酸净颜乳; thumb=https://zdu.igdlrj.com/attachment/images/2/2019/06/zdMaW9tC8ADTNd9a9uNNMLLdCNT8CC.png; optionid=0; optiontitle=; hasdiscount=false; total=1; price=88; marketprice=88; level_price=0.00; merchid=0; cates=10; unit=; totalmaxbuy=100; minbuy=0; promotionprice=88; }; }; gdid=; dispatchtype=0; fromcart=0; carrierid=0; addressid=12; carriers=; remark=; deduct=; deduct2=; couponid=0; cardid=; invoicename=; submit=true; packageid=0; giftid=; diydata=false; receipttime=; bargain_id=; fromquick=0; comefrom=wxapp; openid=sns_wa_oWJzS5Ak51G9M881eXJ2gvCLiwUo; mid=; merchid=; authkey=; 
yoxwechatbusinessModel::set_user:BEGIN
[2019-06-22 10:37:07] trace  /app/ewei_shopv2_api.php?i=2&r=order.create.submit&timestamp=1561171024566 id=27; goods={0={id=27; goodsid=27; title=天丝氨基酸净颜乳; thumb=https://zdu.igdlrj.com/attachment/images/2/2019/06/zdMaW9tC8ADTNd9a9uNNMLLdCNT8CC.png; optionid=0; optiontitle=; hasdiscount=false; total=1; price=88; marketprice=88; level_price=0.00; merchid=0; cates=10; unit=; totalmaxbuy=100; minbuy=0; promotionprice=88; }; }; gdid=; dispatchtype=0; fromcart=0; carrierid=0; addressid=12; carriers=; remark=; deduct=; deduct2=; couponid=0; cardid=; invoicename=; submit=true; packageid=0; giftid=; diydata=false; receipttime=; bargain_id=; fromquick=0; comefrom=wxapp; openid=sns_wa_oWJzS5Ak51G9M881eXJ2gvCLiwUo; mid=; merchid=; authkey=; 
yoxwechatbusinessModel::set_user:END
[2019-06-22 10:37:09] trace  /app/ewei_shopv2_api.php?i=2&r=order.pay&id=146&comefrom=wxapp&openid=sns_wa_oWJzS5Ak51G9M881eXJ2gvCLiwUo&mid=&merchid=&authkey=&timestamp=1561171026927 yoxwechatbusinessModel::set_user:BEGIN
[2019-06-22 10:37:09] trace  /app/ewei_shopv2_api.php?i=2&r=order.pay&id=146&comefrom=wxapp&openid=sns_wa_oWJzS5Ak51G9M881eXJ2gvCLiwUo&mid=&merchid=&authkey=&timestamp=1561171026927 yoxwechatbusinessModel::set_user:END
[2019-06-22 10:37:27] trace  /app/ewei_shopv2_api.php?i=2&r=order.create.caculate&timestamp=1561171044334 goods={0={id=27; goodsid=27; title=天丝氨基酸净颜乳; thumb=https://zdu.igdlrj.com/attachment/images/2/2019/06/zdMaW9tC8ADTNd9a9uNNMLLdCNT8CC.png; optionid=0; optiontitle=; hasdiscount=false; total=1; price=88; marketprice=88; level_price=0.00; merchid=0; cates=10; unit=; totalmaxbuy=100; minbuy=0; promotionprice=88; }; }; dflag=0; addressid=12; packageid=0; bargain_id=; discountprice=0; cardid=; couponid=0; comefrom=wxapp; openid=sns_wa_oWJzS5Ak51G9M881eXJ2gvCLiwUo; mid=; merchid=; authkey=; 
yoxwechatbusinessModel::set_user:BEGIN
[2019-06-22 10:37:27] trace  /app/ewei_shopv2_api.php?i=2&r=order.create.caculate&timestamp=1561171044334 goods={0={id=27; goodsid=27; title=天丝氨基酸净颜乳; thumb=https://zdu.igdlrj.com/attachment/images/2/2019/06/zdMaW9tC8ADTNd9a9uNNMLLdCNT8CC.png; optionid=0; optiontitle=; hasdiscount=false; total=1; price=88; marketprice=88; level_price=0.00; merchid=0; cates=10; unit=; totalmaxbuy=100; minbuy=0; promotionprice=88; }; }; dflag=0; addressid=12; packageid=0; bargain_id=; discountprice=0; cardid=; couponid=0; comefrom=wxapp; openid=sns_wa_oWJzS5Ak51G9M881eXJ2gvCLiwUo; mid=; merchid=; authkey=; 
yoxwechatbusinessModel::set_user:END
[2019-06-22 10:37:36] trace  /app/ewei_shopv2_api.php?i=2&r=order.create.submit&timestamp=1561171053204 id=27; goods={0={id=27; goodsid=27; title=天丝氨基酸净颜乳; thumb=https://zdu.igdlrj.com/attachment/images/2/2019/06/zdMaW9tC8ADTNd9a9uNNMLLdCNT8CC.png; optionid=0; optiontitle=; hasdiscount=false; total=1; price=88; marketprice=88; level_price=0.00; merchid=0; cates=10; unit=; totalmaxbuy=100; minbuy=0; promotionprice=88; }; }; gdid=; dispatchtype=0; fromcart=0; carrierid=0; addressid=12; carriers=; remark=; deduct=; deduct2=; couponid=0; cardid=0; invoicename=; submit=true; packageid=0; giftid=; diydata=false; receipttime=; bargain_id=; fromquick=0; comefrom=wxapp; openid=sns_wa_oWJzS5Ak51G9M881eXJ2gvCLiwUo; mid=; merchid=; authkey=; 
yoxwechatbusinessModel::set_user:BEGIN
[2019-06-22 10:37:36] trace  /app/ewei_shopv2_api.php?i=2&r=order.create.submit&timestamp=1561171053204 id=27; goods={0={id=27; goodsid=27; title=天丝氨基酸净颜乳; thumb=https://zdu.igdlrj.com/attachment/images/2/2019/06/zdMaW9tC8ADTNd9a9uNNMLLdCNT8CC.png; optionid=0; optiontitle=; hasdiscount=false; total=1; price=88; marketprice=88; level_price=0.00; merchid=0; cates=10; unit=; totalmaxbuy=100; minbuy=0; promotionprice=88; }; }; gdid=; dispatchtype=0; fromcart=0; carrierid=0; addressid=12; carriers=; remark=; deduct=; deduct2=; couponid=0; cardid=0; invoicename=; submit=true; packageid=0; giftid=; diydata=false; receipttime=; bargain_id=; fromquick=0; comefrom=wxapp; openid=sns_wa_oWJzS5Ak51G9M881eXJ2gvCLiwUo; mid=; merchid=; authkey=; 
yoxwechatbusinessModel::set_user:END
[2019-06-22 10:37:38] trace  /app/ewei_shopv2_api.php?i=2&r=order.pay&id=147&comefrom=wxapp&openid=sns_wa_oWJzS5Ak51G9M881eXJ2gvCLiwUo&mid=&merchid=&authkey=&timestamp=1561171055321 yoxwechatbusinessModel::set_user:BEGIN
[2019-06-22 10:37:38] trace  /app/ewei_shopv2_api.php?i=2&r=order.pay&id=147&comefrom=wxapp&openid=sns_wa_oWJzS5Ak51G9M881eXJ2gvCLiwUo&mid=&merchid=&authkey=&timestamp=1561171055321 yoxwechatbusinessModel::set_user:END
[2019-06-22 10:37:48] trace  /app/ewei_shopv2_api.php?i=2&r=order.create.caculate&timestamp=1561171065487 goods={0={id=27; goodsid=27; title=天丝氨基酸净颜乳; thumb=https://zdu.igdlrj.com/attachment/images/2/2019/06/zdMaW9tC8ADTNd9a9uNNMLLdCNT8CC.png; optionid=0; optiontitle=; hasdiscount=false; total=1; price=88; marketprice=88; level_price=0.00; merchid=0; cates=10; unit=; totalmaxbuy=100; minbuy=0; promotionprice=88; }; }; dflag=0; addressid=12; packageid=0; bargain_id=; discountprice=0; cardid=0; couponid=0; comefrom=wxapp; openid=sns_wa_oWJzS5Ak51G9M881eXJ2gvCLiwUo; mid=; merchid=; authkey=; 
yoxwechatbusinessModel::set_user:BEGIN
[2019-06-22 10:37:48] trace  /app/ewei_shopv2_api.php?i=2&r=order.create.caculate&timestamp=1561171065487 goods={0={id=27; goodsid=27; title=天丝氨基酸净颜乳; thumb=https://zdu.igdlrj.com/attachment/images/2/2019/06/zdMaW9tC8ADTNd9a9uNNMLLdCNT8CC.png; optionid=0; optiontitle=; hasdiscount=false; total=1; price=88; marketprice=88; level_price=0.00; merchid=0; cates=10; unit=; totalmaxbuy=100; minbuy=0; promotionprice=88; }; }; dflag=0; addressid=12; packageid=0; bargain_id=; discountprice=0; cardid=0; couponid=0; comefrom=wxapp; openid=sns_wa_oWJzS5Ak51G9M881eXJ2gvCLiwUo; mid=; merchid=; authkey=; 
yoxwechatbusinessModel::set_user:END
[2019-06-22 10:41:43] trace  /app/ewei_shopv2_api.php?i=2&r=order.create.submit&timestamp=1561171300224 id=27; goods={0={id=27; goodsid=27; title=天丝氨基酸净颜乳; thumb=https://zdu.igdlrj.com/attachment/images/2/2019/06/zdMaW9tC8ADTNd9a9uNNMLLdCNT8CC.png; optionid=0; optiontitle=; hasdiscount=false; total=1; price=88; marketprice=88; level_price=0.00; merchid=0; cates=10; unit=; totalmaxbuy=100; minbuy=0; promotionprice=88; }; }; gdid=; dispatchtype=0; fromcart=0; carrierid=0; addressid=12; carriers=; remark=; deduct=; deduct2=; couponid=0; cardid=0; invoicename=; submit=true; packageid=0; giftid=; diydata=false; receipttime=; bargain_id=; fromquick=0; comefrom=wxapp; openid=sns_wa_oWJzS5Ak51G9M881eXJ2gvCLiwUo; mid=; merchid=; authkey=; 
yoxwechatbusinessModel::set_user:BEGIN
[2019-06-22 10:41:43] trace  /app/ewei_shopv2_api.php?i=2&r=order.create.submit&timestamp=1561171300224 id=27; goods={0={id=27; goodsid=27; title=天丝氨基酸净颜乳; thumb=https://zdu.igdlrj.com/attachment/images/2/2019/06/zdMaW9tC8ADTNd9a9uNNMLLdCNT8CC.png; optionid=0; optiontitle=; hasdiscount=false; total=1; price=88; marketprice=88; level_price=0.00; merchid=0; cates=10; unit=; totalmaxbuy=100; minbuy=0; promotionprice=88; }; }; gdid=; dispatchtype=0; fromcart=0; carrierid=0; addressid=12; carriers=; remark=; deduct=; deduct2=; couponid=0; cardid=0; invoicename=; submit=true; packageid=0; giftid=; diydata=false; receipttime=; bargain_id=; fromquick=0; comefrom=wxapp; openid=sns_wa_oWJzS5Ak51G9M881eXJ2gvCLiwUo; mid=; merchid=; authkey=; 
yoxwechatbusinessModel::set_user:END
[2019-06-22 10:41:45] trace  /app/ewei_shopv2_api.php?i=2&r=order.pay&id=148&comefrom=wxapp&openid=sns_wa_oWJzS5Ak51G9M881eXJ2gvCLiwUo&mid=&merchid=&authkey=&timestamp=1561171302305 yoxwechatbusinessModel::set_user:BEGIN
[2019-06-22 10:41:45] trace  /app/ewei_shopv2_api.php?i=2&r=order.pay&id=148&comefrom=wxapp&openid=sns_wa_oWJzS5Ak51G9M881eXJ2gvCLiwUo&mid=&merchid=&authkey=&timestamp=1561171302305 yoxwechatbusinessModel::set_user:END
[2019-06-22 10:46:24] trace  /app/ewei_shopv2_api.php?i=2&r=order.create.caculate&timestamp=1561171580952 goods={0={id=27; goodsid=27; title=天丝氨基酸净颜乳; thumb=https://zdu.igdlrj.com/attachment/images/2/2019/06/zdMaW9tC8ADTNd9a9uNNMLLdCNT8CC.png; optionid=0; optiontitle=; hasdiscount=false; total=1; price=88; marketprice=88; level_price=0.00; merchid=0; cates=10; unit=; totalmaxbuy=100; minbuy=0; promotionprice=88; }; }; dflag=0; addressid=12; packageid=0; bargain_id=; discountprice=0; cardid=0; couponid=0; comefrom=wxapp; openid=sns_wa_oWJzS5Ak51G9M881eXJ2gvCLiwUo; mid=; merchid=; authkey=; 
yoxwechatbusinessModel::set_user:BEGIN
[2019-06-22 10:46:24] trace  /app/ewei_shopv2_api.php?i=2&r=order.create.caculate&timestamp=1561171580952 goods={0={id=27; goodsid=27; title=天丝氨基酸净颜乳; thumb=https://zdu.igdlrj.com/attachment/images/2/2019/06/zdMaW9tC8ADTNd9a9uNNMLLdCNT8CC.png; optionid=0; optiontitle=; hasdiscount=false; total=1; price=88; marketprice=88; level_price=0.00; merchid=0; cates=10; unit=; totalmaxbuy=100; minbuy=0; promotionprice=88; }; }; dflag=0; addressid=12; packageid=0; bargain_id=; discountprice=0; cardid=0; couponid=0; comefrom=wxapp; openid=sns_wa_oWJzS5Ak51G9M881eXJ2gvCLiwUo; mid=; merchid=; authkey=; 
yoxwechatbusinessModel::set_user:END
[2019-06-22 10:46:31] trace  /app/ewei_shopv2_api.php?i=2&r=order.create.submit&timestamp=1561171588882 id=27; goods={0={id=27; goodsid=27; title=天丝氨基酸净颜乳; thumb=https://zdu.igdlrj.com/attachment/images/2/2019/06/zdMaW9tC8ADTNd9a9uNNMLLdCNT8CC.png; optionid=0; optiontitle=; hasdiscount=false; total=1; price=88; marketprice=88; level_price=0.00; merchid=0; cates=10; unit=; totalmaxbuy=100; minbuy=0; promotionprice=88; }; }; gdid=; dispatchtype=0; fromcart=0; carrierid=0; addressid=12; carriers=; remark=; deduct=; deduct2=; couponid=0; cardid=0; invoicename=; submit=true; packageid=0; giftid=; diydata=false; receipttime=; bargain_id=; fromquick=0; comefrom=wxapp; openid=sns_wa_oWJzS5Ak51G9M881eXJ2gvCLiwUo; mid=; merchid=; authkey=; 
yoxwechatbusinessModel::set_user:BEGIN
[2019-06-22 10:46:31] trace  /app/ewei_shopv2_api.php?i=2&r=order.create.submit&timestamp=1561171588882 id=27; goods={0={id=27; goodsid=27; title=天丝氨基酸净颜乳; thumb=https://zdu.igdlrj.com/attachment/images/2/2019/06/zdMaW9tC8ADTNd9a9uNNMLLdCNT8CC.png; optionid=0; optiontitle=; hasdiscount=false; total=1; price=88; marketprice=88; level_price=0.00; merchid=0; cates=10; unit=; totalmaxbuy=100; minbuy=0; promotionprice=88; }; }; gdid=; dispatchtype=0; fromcart=0; carrierid=0; addressid=12; carriers=; remark=; deduct=; deduct2=; couponid=0; cardid=0; invoicename=; submit=true; packageid=0; giftid=; diydata=false; receipttime=; bargain_id=; fromquick=0; comefrom=wxapp; openid=sns_wa_oWJzS5Ak51G9M881eXJ2gvCLiwUo; mid=; merchid=; authkey=; 
yoxwechatbusinessModel::set_user:END
[2019-06-22 10:46:33] trace  /app/ewei_shopv2_api.php?i=2&r=order.pay&id=149&comefrom=wxapp&openid=sns_wa_oWJzS5Ak51G9M881eXJ2gvCLiwUo&mid=&merchid=&authkey=&timestamp=1561171590830 yoxwechatbusinessModel::set_user:BEGIN
[2019-06-22 10:46:33] trace  /app/ewei_shopv2_api.php?i=2&r=order.pay&id=149&comefrom=wxapp&openid=sns_wa_oWJzS5Ak51G9M881eXJ2gvCLiwUo&mid=&merchid=&authkey=&timestamp=1561171590830 yoxwechatbusinessModel::set_user:END
[2019-06-22 10:48:10] trace  /app/ewei_shopv2_api.php?i=2&r=order.create.caculate&timestamp=1561171687297 goods={0={id=27; goodsid=27; title=天丝氨基酸净颜乳; thumb=https://zdu.igdlrj.com/attachment/images/2/2019/06/zdMaW9tC8ADTNd9a9uNNMLLdCNT8CC.png; optionid=0; optiontitle=; hasdiscount=false; total=1; price=88; marketprice=88; level_price=0.00; merchid=0; cates=10; unit=; totalmaxbuy=100; minbuy=0; promotionprice=88; }; }; dflag=0; addressid=12; packageid=0; bargain_id=; discountprice=0; cardid=0; couponid=0; comefrom=wxapp; openid=sns_wa_oWJzS5Ak51G9M881eXJ2gvCLiwUo; mid=; merchid=; authkey=; 
yoxwechatbusinessModel::set_user:BEGIN
[2019-06-22 10:48:10] trace  /app/ewei_shopv2_api.php?i=2&r=order.create.caculate&timestamp=1561171687297 goods={0={id=27; goodsid=27; title=天丝氨基酸净颜乳; thumb=https://zdu.igdlrj.com/attachment/images/2/2019/06/zdMaW9tC8ADTNd9a9uNNMLLdCNT8CC.png; optionid=0; optiontitle=; hasdiscount=false; total=1; price=88; marketprice=88; level_price=0.00; merchid=0; cates=10; unit=; totalmaxbuy=100; minbuy=0; promotionprice=88; }; }; dflag=0; addressid=12; packageid=0; bargain_id=; discountprice=0; cardid=0; couponid=0; comefrom=wxapp; openid=sns_wa_oWJzS5Ak51G9M881eXJ2gvCLiwUo; mid=; merchid=; authkey=; 
yoxwechatbusinessModel::set_user:END
[2019-06-22 10:48:16] trace  /app/ewei_shopv2_api.php?i=2&r=order.create.submit&timestamp=1561171693478 id=27; goods={0={id=27; goodsid=27; title=天丝氨基酸净颜乳; thumb=https://zdu.igdlrj.com/attachment/images/2/2019/06/zdMaW9tC8ADTNd9a9uNNMLLdCNT8CC.png; optionid=0; optiontitle=; hasdiscount=false; total=1; price=88; marketprice=88; level_price=0.00; merchid=0; cates=10; unit=; totalmaxbuy=100; minbuy=0; promotionprice=88; }; }; gdid=; dispatchtype=0; fromcart=0; carrierid=0; addressid=12; carriers=; remark=; deduct=; deduct2=; couponid=0; cardid=0; invoicename=; submit=true; packageid=0; giftid=; diydata=false; receipttime=; bargain_id=; fromquick=0; comefrom=wxapp; openid=sns_wa_oWJzS5Ak51G9M881eXJ2gvCLiwUo; mid=; merchid=; authkey=; 
yoxwechatbusinessModel::set_user:BEGIN
[2019-06-22 10:48:16] trace  /app/ewei_shopv2_api.php?i=2&r=order.create.submit&timestamp=1561171693478 id=27; goods={0={id=27; goodsid=27; title=天丝氨基酸净颜乳; thumb=https://zdu.igdlrj.com/attachment/images/2/2019/06/zdMaW9tC8ADTNd9a9uNNMLLdCNT8CC.png; optionid=0; optiontitle=; hasdiscount=false; total=1; price=88; marketprice=88; level_price=0.00; merchid=0; cates=10; unit=; totalmaxbuy=100; minbuy=0; promotionprice=88; }; }; gdid=; dispatchtype=0; fromcart=0; carrierid=0; addressid=12; carriers=; remark=; deduct=; deduct2=; couponid=0; cardid=0; invoicename=; submit=true; packageid=0; giftid=; diydata=false; receipttime=; bargain_id=; fromquick=0; comefrom=wxapp; openid=sns_wa_oWJzS5Ak51G9M881eXJ2gvCLiwUo; mid=; merchid=; authkey=; 
yoxwechatbusinessModel::set_user:END
[2019-06-22 10:48:18] trace  /app/ewei_shopv2_api.php?i=2&r=order.pay&id=150&comefrom=wxapp&openid=sns_wa_oWJzS5Ak51G9M881eXJ2gvCLiwUo&mid=&merchid=&authkey=&timestamp=1561171695089 yoxwechatbusinessModel::set_user:BEGIN
[2019-06-22 10:48:18] trace  /app/ewei_shopv2_api.php?i=2&r=order.pay&id=150&comefrom=wxapp&openid=sns_wa_oWJzS5Ak51G9M881eXJ2gvCLiwUo&mid=&merchid=&authkey=&timestamp=1561171695089 yoxwechatbusinessModel::set_user:END
[2019-06-22 10:49:44] trace  /app/ewei_shopv2_api.php?i=2&r=black&comefrom=wxapp&openid=sns_wa_oWJzS5Ak51G9M881eXJ2gvCLiwUo&mid=&merchid=&authkey=&timestamp=1561171781684 yoxwechatbusinessModel::set_user:BEGIN
[2019-06-22 10:49:44] trace  /app/ewei_shopv2_api.php?i=2&r=black&comefrom=wxapp&openid=sns_wa_oWJzS5Ak51G9M881eXJ2gvCLiwUo&mid=&merchid=&authkey=&timestamp=1561171781684 yoxwechatbusinessModel::set_user:END
[2019-06-22 10:49:45] trace  /app/ewei_shopv2_api.php?i=2&r=diypage&type=home&comefrom=wxapp&openid=sns_wa_oWJzS5Ak51G9M881eXJ2gvCLiwUo&mid=&merchid=&authkey=&timestamp=1561171781963 yoxwechatbusinessModel::set_user:BEGIN
[2019-06-22 10:49:45] trace  /app/ewei_shopv2_api.php?i=2&r=diypage&type=home&comefrom=wxapp&openid=sns_wa_oWJzS5Ak51G9M881eXJ2gvCLiwUo&mid=&merchid=&authkey=&timestamp=1561171781963 yoxwechatbusinessModel::set_user:END
[2019-06-22 10:49:45] trace  /app/ewei_shopv2_api.php?i=2&r=shop.get_shopindex&comefrom=wxapp&openid=sns_wa_oWJzS5Ak51G9M881eXJ2gvCLiwUo&mid=&merchid=&authkey=&timestamp=1561171782077 yoxwechatbusinessModel::set_user:BEGIN
[2019-06-22 10:49:45] trace  /app/ewei_shopv2_api.php?i=2&r=shop.get_shopindex&comefrom=wxapp&openid=sns_wa_oWJzS5Ak51G9M881eXJ2gvCLiwUo&mid=&merchid=&authkey=&timestamp=1561171782077 yoxwechatbusinessModel::set_user:END
[2019-06-22 10:49:45] trace  /app/ewei_shopv2_api.php?i=2&r=shop.get_cpinfos&comefrom=wxapp&openid=sns_wa_oWJzS5Ak51G9M881eXJ2gvCLiwUo&mid=&merchid=&authkey=&timestamp=1561171782209 yoxwechatbusinessModel::set_user:BEGIN
[2019-06-22 10:49:45] trace  /app/ewei_shopv2_api.php?i=2&r=shop.get_cpinfos&comefrom=wxapp&openid=sns_wa_oWJzS5Ak51G9M881eXJ2gvCLiwUo&mid=&merchid=&authkey=&timestamp=1561171782209 yoxwechatbusinessModel::set_user:END
[2019-06-22 10:49:45] trace  /app/ewei_shopv2_api.php?i=2&r=shop.get_hasnewcoupon&comefrom=wxapp&openid=sns_wa_oWJzS5Ak51G9M881eXJ2gvCLiwUo&mid=&merchid=&authkey=&timestamp=1561171782147 yoxwechatbusinessModel::set_user:BEGIN
[2019-06-22 10:49:45] trace  /app/ewei_shopv2_api.php?i=2&r=shop.get_hasnewcoupon&comefrom=wxapp&openid=sns_wa_oWJzS5Ak51G9M881eXJ2gvCLiwUo&mid=&merchid=&authkey=&timestamp=1561171782147 yoxwechatbusinessModel::set_user:END
[2019-06-22 10:49:49] trace  /app/ewei_shopv2_api.php?i=2&r=black&comefrom=wxapp&openid=sns_wa_oWJzS5Ak51G9M881eXJ2gvCLiwUo&mid=&merchid=&authkey=&timestamp=1561171786408 yoxwechatbusinessModel::set_user:BEGIN
[2019-06-22 10:49:49] trace  /app/ewei_shopv2_api.php?i=2&r=black&comefrom=wxapp&openid=sns_wa_oWJzS5Ak51G9M881eXJ2gvCLiwUo&mid=&merchid=&authkey=&timestamp=1561171786408 yoxwechatbusinessModel::set_user:END
[2019-06-22 10:49:49] trace  /app/ewei_shopv2_api.php?i=2&r=diypage&type=goodsdetail&comefrom=wxapp&openid=sns_wa_oWJzS5Ak51G9M881eXJ2gvCLiwUo&mid=&merchid=&authkey=&timestamp=1561171786517 yoxwechatbusinessModel::set_user:BEGIN
[2019-06-22 10:49:49] trace  /app/ewei_shopv2_api.php?i=2&r=diypage&type=goodsdetail&comefrom=wxapp&openid=sns_wa_oWJzS5Ak51G9M881eXJ2gvCLiwUo&mid=&merchid=&authkey=&timestamp=1561171786517 yoxwechatbusinessModel::set_user:END
[2019-06-22 10:49:49] trace  /app/ewei_shopv2_api.php?i=2&r=goods.get_detail&id=62&comefrom=wxapp&openid=sns_wa_oWJzS5Ak51G9M881eXJ2gvCLiwUo&mid=&merchid=&authkey=&timestamp=1561171786910 yoxwechatbusinessModel::set_user:BEGIN
[2019-06-22 10:49:49] trace  /app/ewei_shopv2_api.php?i=2&r=goods.get_detail&id=62&comefrom=wxapp&openid=sns_wa_oWJzS5Ak51G9M881eXJ2gvCLiwUo&mid=&merchid=&authkey=&timestamp=1561171786910 yoxwechatbusinessModel::set_user:END
[2019-06-22 10:49:50] trace  /app/ewei_shopv2_api.php?i=2&r=package.get_list&goodsid=62&comefrom=wxapp&openid=sns_wa_oWJzS5Ak51G9M881eXJ2gvCLiwUo&mid=&merchid=&authkey=&timestamp=1561171787908 yoxwechatbusinessModel::set_user:BEGIN
[2019-06-22 10:49:50] trace  /app/ewei_shopv2_api.php?i=2&r=package.get_list&goodsid=62&comefrom=wxapp&openid=sns_wa_oWJzS5Ak51G9M881eXJ2gvCLiwUo&mid=&merchid=&authkey=&timestamp=1561171787908 yoxwechatbusinessModel::set_user:END
[2019-06-22 10:49:51] trace  /app/ewei_shopv2_api.php?i=2&r=goods.get_comments&id=62&comefrom=wxapp&openid=sns_wa_oWJzS5Ak51G9M881eXJ2gvCLiwUo&mid=&merchid=&authkey=&timestamp=1561171788094 yoxwechatbusinessModel::set_user:BEGIN
[2019-06-22 10:49:51] trace  /app/ewei_shopv2_api.php?i=2&r=goods.get_comments&id=62&comefrom=wxapp&openid=sns_wa_oWJzS5Ak51G9M881eXJ2gvCLiwUo&mid=&merchid=&authkey=&timestamp=1561171788094 yoxwechatbusinessModel::set_user:END
[2019-06-22 10:49:54] trace  /app/ewei_shopv2_api.php?i=2&r=goods.get_picker&id=62&comefrom=wxapp&openid=sns_wa_oWJzS5Ak51G9M881eXJ2gvCLiwUo&mid=&merchid=&authkey=&timestamp=1561171791067 yoxwechatbusinessModel::set_user:BEGIN
[2019-06-22 10:49:54] trace  /app/ewei_shopv2_api.php?i=2&r=goods.get_picker&id=62&comefrom=wxapp&openid=sns_wa_oWJzS5Ak51G9M881eXJ2gvCLiwUo&mid=&merchid=&authkey=&timestamp=1561171791067 yoxwechatbusinessModel::set_user:END
[2019-06-22 10:49:56] trace  /app/ewei_shopv2_api.php?i=2&r=order.create&id=62&total=1&optionid=&selectDate=undefined&comefrom=wxapp&openid=sns_wa_oWJzS5Ak51G9M881eXJ2gvCLiwUo&mid=&merchid=&authkey=&timestamp=1561171793715 yoxwechatbusinessModel::set_user:BEGIN
[2019-06-22 10:49:56] trace  /app/ewei_shopv2_api.php?i=2&r=order.create&id=62&total=1&optionid=&selectDate=undefined&comefrom=wxapp&openid=sns_wa_oWJzS5Ak51G9M881eXJ2gvCLiwUo&mid=&merchid=&authkey=&timestamp=1561171793715 yoxwechatbusinessModel::set_user:END
[2019-06-22 10:49:56] trace  /app/ewei_shopv2_api.php?i=2&r=member.address.get_detail&id=&comefrom=wxapp&openid=sns_wa_oWJzS5Ak51G9M881eXJ2gvCLiwUo&mid=&merchid=&authkey=&timestamp=1561171793852 yoxwechatbusinessModel::set_user:BEGIN
[2019-06-22 10:49:56] trace  /app/ewei_shopv2_api.php?i=2&r=member.address.get_detail&id=&comefrom=wxapp&openid=sns_wa_oWJzS5Ak51G9M881eXJ2gvCLiwUo&mid=&merchid=&authkey=&timestamp=1561171793852 yoxwechatbusinessModel::set_user:END
[2019-06-22 10:50:01] trace  /app/ewei_shopv2_api.php?i=2&r=order.create.submit&timestamp=1561171798034 id=62; goods={0={id=62; goodsid=62; title=新肌百优精华; thumb=https://zdu.igdlrj.com/attachment/images/2/2019/06/ZurUQ3N8KaMqkjhdvRjhqNqRAqw3kM.jpg; optionid=0; optiontitle=; hasdiscount=false; total=1; price=198; marketprice=198; level_price=0.00; merchid=0; cates=19; unit=; totalmaxbuy=99; minbuy=0; promotionprice=198; }; }; gdid=; dispatchtype=0; fromcart=0; carrierid=0; addressid=12; carriers=; remark=; deduct=; deduct2=; couponid=0; cardid=; invoicename=; submit=true; packageid=0; giftid=; diydata=false; receipttime=; bargain_id=; fromquick=0; comefrom=wxapp; openid=sns_wa_oWJzS5Ak51G9M881eXJ2gvCLiwUo; mid=; merchid=; authkey=; 
yoxwechatbusinessModel::set_user:BEGIN
[2019-06-22 10:50:01] trace  /app/ewei_shopv2_api.php?i=2&r=order.create.submit&timestamp=1561171798034 id=62; goods={0={id=62; goodsid=62; title=新肌百优精华; thumb=https://zdu.igdlrj.com/attachment/images/2/2019/06/ZurUQ3N8KaMqkjhdvRjhqNqRAqw3kM.jpg; optionid=0; optiontitle=; hasdiscount=false; total=1; price=198; marketprice=198; level_price=0.00; merchid=0; cates=19; unit=; totalmaxbuy=99; minbuy=0; promotionprice=198; }; }; gdid=; dispatchtype=0; fromcart=0; carrierid=0; addressid=12; carriers=; remark=; deduct=; deduct2=; couponid=0; cardid=; invoicename=; submit=true; packageid=0; giftid=; diydata=false; receipttime=; bargain_id=; fromquick=0; comefrom=wxapp; openid=sns_wa_oWJzS5Ak51G9M881eXJ2gvCLiwUo; mid=; merchid=; authkey=; 
yoxwechatbusinessModel::set_user:END
[2019-06-22 10:53:35] trace  /app/ewei_shopv2_api.php?i=2&r=black&comefrom=wxapp&openid=sns_wa_oWJzS5Ak51G9M881eXJ2gvCLiwUo&mid=&merchid=&authkey=&timestamp=1561172012056 yoxwechatbusinessModel::set_user:BEGIN
[2019-06-22 10:53:35] trace  /app/ewei_shopv2_api.php?i=2&r=black&comefrom=wxapp&openid=sns_wa_oWJzS5Ak51G9M881eXJ2gvCLiwUo&mid=&merchid=&authkey=&timestamp=1561172012056 yoxwechatbusinessModel::set_user:END
[2019-06-22 10:53:35] trace  /app/ewei_shopv2_api.php?i=2&r=diypage&type=home&comefrom=wxapp&openid=sns_wa_oWJzS5Ak51G9M881eXJ2gvCLiwUo&mid=&merchid=&authkey=&timestamp=1561172012344 yoxwechatbusinessModel::set_user:BEGIN
[2019-06-22 10:53:35] trace  /app/ewei_shopv2_api.php?i=2&r=diypage&type=home&comefrom=wxapp&openid=sns_wa_oWJzS5Ak51G9M881eXJ2gvCLiwUo&mid=&merchid=&authkey=&timestamp=1561172012344 yoxwechatbusinessModel::set_user:END
[2019-06-22 10:53:35] trace  /app/ewei_shopv2_api.php?i=2&r=shop.get_hasnewcoupon&comefrom=wxapp&openid=sns_wa_oWJzS5Ak51G9M881eXJ2gvCLiwUo&mid=&merchid=&authkey=&timestamp=1561172012582 yoxwechatbusinessModel::set_user:BEGIN
[2019-06-22 10:53:35] trace  /app/ewei_shopv2_api.php?i=2&r=shop.get_cpinfos&comefrom=wxapp&openid=sns_wa_oWJzS5Ak51G9M881eXJ2gvCLiwUo&mid=&merchid=&authkey=&timestamp=1561172012656 yoxwechatbusinessModel::set_user:BEGIN
[2019-06-22 10:53:35] trace  /app/ewei_shopv2_api.php?i=2&r=shop.get_cpinfos&comefrom=wxapp&openid=sns_wa_oWJzS5Ak51G9M881eXJ2gvCLiwUo&mid=&merchid=&authkey=&timestamp=1561172012656 yoxwechatbusinessModel::set_user:END
[2019-06-22 10:53:35] trace  /app/ewei_shopv2_api.php?i=2&r=shop.get_hasnewcoupon&comefrom=wxapp&openid=sns_wa_oWJzS5Ak51G9M881eXJ2gvCLiwUo&mid=&merchid=&authkey=&timestamp=1561172012582 yoxwechatbusinessModel::set_user:END
[2019-06-22 10:53:35] trace  /app/ewei_shopv2_api.php?i=2&r=shop.get_shopindex&comefrom=wxapp&openid=sns_wa_oWJzS5Ak51G9M881eXJ2gvCLiwUo&mid=&merchid=&authkey=&timestamp=1561172012527 yoxwechatbusinessModel::set_user:BEGIN
[2019-06-22 10:53:35] trace  /app/ewei_shopv2_api.php?i=2&r=shop.get_shopindex&comefrom=wxapp&openid=sns_wa_oWJzS5Ak51G9M881eXJ2gvCLiwUo&mid=&merchid=&authkey=&timestamp=1561172012527 yoxwechatbusinessModel::set_user:END
[2019-06-22 10:53:40] trace  /app/ewei_shopv2_api.php?i=2&r=diypage&type=goodsdetail&comefrom=wxapp&openid=sns_wa_oWJzS5Ak51G9M881eXJ2gvCLiwUo&mid=&merchid=&authkey=&timestamp=1561172017045 yoxwechatbusinessModel::set_user:BEGIN
[2019-06-22 10:53:40] trace  /app/ewei_shopv2_api.php?i=2&r=black&comefrom=wxapp&openid=sns_wa_oWJzS5Ak51G9M881eXJ2gvCLiwUo&mid=&merchid=&authkey=&timestamp=1561172016968 yoxwechatbusinessModel::set_user:BEGIN
[2019-06-22 10:53:40] trace  /app/ewei_shopv2_api.php?i=2&r=diypage&type=goodsdetail&comefrom=wxapp&openid=sns_wa_oWJzS5Ak51G9M881eXJ2gvCLiwUo&mid=&merchid=&authkey=&timestamp=1561172017045 yoxwechatbusinessModel::set_user:END
[2019-06-22 10:53:40] trace  /app/ewei_shopv2_api.php?i=2&r=black&comefrom=wxapp&openid=sns_wa_oWJzS5Ak51G9M881eXJ2gvCLiwUo&mid=&merchid=&authkey=&timestamp=1561172016968 yoxwechatbusinessModel::set_user:END
[2019-06-22 10:53:40] trace  /app/ewei_shopv2_api.php?i=2&r=goods.get_detail&id=62&comefrom=wxapp&openid=sns_wa_oWJzS5Ak51G9M881eXJ2gvCLiwUo&mid=&merchid=&authkey=&timestamp=1561172017371 yoxwechatbusinessModel::set_user:BEGIN
[2019-06-22 10:53:40] trace  /app/ewei_shopv2_api.php?i=2&r=goods.get_detail&id=62&comefrom=wxapp&openid=sns_wa_oWJzS5Ak51G9M881eXJ2gvCLiwUo&mid=&merchid=&authkey=&timestamp=1561172017371 yoxwechatbusinessModel::set_user:END
[2019-06-22 10:53:41] trace  /app/ewei_shopv2_api.php?i=2&r=package.get_list&goodsid=62&comefrom=wxapp&openid=sns_wa_oWJzS5Ak51G9M881eXJ2gvCLiwUo&mid=&merchid=&authkey=&timestamp=1561172018373 yoxwechatbusinessModel::set_user:BEGIN
[2019-06-22 10:53:41] trace  /app/ewei_shopv2_api.php?i=2&r=package.get_list&goodsid=62&comefrom=wxapp&openid=sns_wa_oWJzS5Ak51G9M881eXJ2gvCLiwUo&mid=&merchid=&authkey=&timestamp=1561172018373 yoxwechatbusinessModel::set_user:END
[2019-06-22 10:53:41] trace  /app/ewei_shopv2_api.php?i=2&r=goods.get_comments&id=62&comefrom=wxapp&openid=sns_wa_oWJzS5Ak51G9M881eXJ2gvCLiwUo&mid=&merchid=&authkey=&timestamp=1561172018545 yoxwechatbusinessModel::set_user:BEGIN
[2019-06-22 10:53:41] trace  /app/ewei_shopv2_api.php?i=2&r=goods.get_comments&id=62&comefrom=wxapp&openid=sns_wa_oWJzS5Ak51G9M881eXJ2gvCLiwUo&mid=&merchid=&authkey=&timestamp=1561172018545 yoxwechatbusinessModel::set_user:END
[2019-06-22 10:53:49] trace  /app/ewei_shopv2_api.php?i=2&r=goods.get_picker&id=62&comefrom=wxapp&openid=sns_wa_oWJzS5Ak51G9M881eXJ2gvCLiwUo&mid=&merchid=&authkey=&timestamp=1561172026562 yoxwechatbusinessModel::set_user:BEGIN
[2019-06-22 10:53:49] trace  /app/ewei_shopv2_api.php?i=2&r=goods.get_picker&id=62&comefrom=wxapp&openid=sns_wa_oWJzS5Ak51G9M881eXJ2gvCLiwUo&mid=&merchid=&authkey=&timestamp=1561172026562 yoxwechatbusinessModel::set_user:END
[2019-06-22 10:53:52] trace  /app/ewei_shopv2_api.php?i=2&r=order.create&id=62&total=1&optionid=&selectDate=undefined&comefrom=wxapp&openid=sns_wa_oWJzS5Ak51G9M881eXJ2gvCLiwUo&mid=&merchid=&authkey=&timestamp=1561172029178 yoxwechatbusinessModel::set_user:BEGIN
[2019-06-22 10:53:52] trace  /app/ewei_shopv2_api.php?i=2&r=order.create&id=62&total=1&optionid=&selectDate=undefined&comefrom=wxapp&openid=sns_wa_oWJzS5Ak51G9M881eXJ2gvCLiwUo&mid=&merchid=&authkey=&timestamp=1561172029178 yoxwechatbusinessModel::set_user:END
[2019-06-22 10:53:52] trace  /app/ewei_shopv2_api.php?i=2&r=member.address.get_detail&id=&comefrom=wxapp&openid=sns_wa_oWJzS5Ak51G9M881eXJ2gvCLiwUo&mid=&merchid=&authkey=&timestamp=1561172029367 yoxwechatbusinessModel::set_user:BEGIN
[2019-06-22 10:53:52] trace  /app/ewei_shopv2_api.php?i=2&r=member.address.get_detail&id=&comefrom=wxapp&openid=sns_wa_oWJzS5Ak51G9M881eXJ2gvCLiwUo&mid=&merchid=&authkey=&timestamp=1561172029367 yoxwechatbusinessModel::set_user:END
[2019-06-22 10:53:59] trace  /app/ewei_shopv2_api.php?i=2&r=order.create.submit&timestamp=1561172036840 id=62; goods={0={id=62; goodsid=62; title=新肌百优精华; thumb=https://zdu.igdlrj.com/attachment/images/2/2019/06/ZurUQ3N8KaMqkjhdvRjhqNqRAqw3kM.jpg; optionid=0; optiontitle=; hasdiscount=false; total=1; price=198; marketprice=198; level_price=0.00; merchid=0; cates=19; unit=; totalmaxbuy=98; minbuy=0; promotionprice=198; }; }; gdid=; dispatchtype=0; fromcart=0; carrierid=0; addressid=12; carriers=; remark=; deduct=; deduct2=; couponid=0; cardid=; invoicename=; submit=true; packageid=0; giftid=; diydata=false; receipttime=; bargain_id=; fromquick=0; comefrom=wxapp; openid=sns_wa_oWJzS5Ak51G9M881eXJ2gvCLiwUo; mid=; merchid=; authkey=; 
yoxwechatbusinessModel::set_user:BEGIN
[2019-06-22 10:53:59] trace  /app/ewei_shopv2_api.php?i=2&r=order.create.submit&timestamp=1561172036840 id=62; goods={0={id=62; goodsid=62; title=新肌百优精华; thumb=https://zdu.igdlrj.com/attachment/images/2/2019/06/ZurUQ3N8KaMqkjhdvRjhqNqRAqw3kM.jpg; optionid=0; optiontitle=; hasdiscount=false; total=1; price=198; marketprice=198; level_price=0.00; merchid=0; cates=19; unit=; totalmaxbuy=98; minbuy=0; promotionprice=198; }; }; gdid=; dispatchtype=0; fromcart=0; carrierid=0; addressid=12; carriers=; remark=; deduct=; deduct2=; couponid=0; cardid=; invoicename=; submit=true; packageid=0; giftid=; diydata=false; receipttime=; bargain_id=; fromquick=0; comefrom=wxapp; openid=sns_wa_oWJzS5Ak51G9M881eXJ2gvCLiwUo; mid=; merchid=; authkey=; 
yoxwechatbusinessModel::set_user:END
[2019-06-22 11:10:24] trace  /app/ewei_shopv2_api.php?i=2&r=black&comefrom=wxapp&openid=sns_wa_oWJzS5Ak51G9M881eXJ2gvCLiwUo&mid=&merchid=&authkey=&timestamp=1561173021030 yoxwechatbusinessModel::set_user:BEGIN
[2019-06-22 11:10:24] trace  /app/ewei_shopv2_api.php?i=2&r=black&comefrom=wxapp&openid=sns_wa_oWJzS5Ak51G9M881eXJ2gvCLiwUo&mid=&merchid=&authkey=&timestamp=1561173021030 yoxwechatbusinessModel::set_user:END
[2019-06-22 11:10:24] trace  /app/ewei_shopv2_api.php?i=2&r=diypage&type=home&comefrom=wxapp&openid=sns_wa_oWJzS5Ak51G9M881eXJ2gvCLiwUo&mid=&merchid=&authkey=&timestamp=1561173021316 yoxwechatbusinessModel::set_user:BEGIN
[2019-06-22 11:10:24] trace  /app/ewei_shopv2_api.php?i=2&r=diypage&type=home&comefrom=wxapp&openid=sns_wa_oWJzS5Ak51G9M881eXJ2gvCLiwUo&mid=&merchid=&authkey=&timestamp=1561173021316 yoxwechatbusinessModel::set_user:END
[2019-06-22 11:10:24] trace  /app/ewei_shopv2_api.php?i=2&r=shop.get_shopindex&comefrom=wxapp&openid=sns_wa_oWJzS5Ak51G9M881eXJ2gvCLiwUo&mid=&merchid=&authkey=&timestamp=1561173021495 yoxwechatbusinessModel::set_user:BEGIN
[2019-06-22 11:10:24] trace  /app/ewei_shopv2_api.php?i=2&r=shop.get_shopindex&comefrom=wxapp&openid=sns_wa_oWJzS5Ak51G9M881eXJ2gvCLiwUo&mid=&merchid=&authkey=&timestamp=1561173021495 yoxwechatbusinessModel::set_user:END
[2019-06-22 11:10:24] trace  /app/ewei_shopv2_api.php?i=2&r=shop.get_hasnewcoupon&comefrom=wxapp&openid=sns_wa_oWJzS5Ak51G9M881eXJ2gvCLiwUo&mid=&merchid=&authkey=&timestamp=1561173021629 yoxwechatbusinessModel::set_user:BEGIN
[2019-06-22 11:10:24] trace  /app/ewei_shopv2_api.php?i=2&r=shop.get_hasnewcoupon&comefrom=wxapp&openid=sns_wa_oWJzS5Ak51G9M881eXJ2gvCLiwUo&mid=&merchid=&authkey=&timestamp=1561173021629 yoxwechatbusinessModel::set_user:END
[2019-06-22 11:10:24] trace  /app/ewei_shopv2_api.php?i=2&r=shop.get_cpinfos&comefrom=wxapp&openid=sns_wa_oWJzS5Ak51G9M881eXJ2gvCLiwUo&mid=&merchid=&authkey=&timestamp=1561173021690 yoxwechatbusinessModel::set_user:BEGIN
[2019-06-22 11:10:24] trace  /app/ewei_shopv2_api.php?i=2&r=shop.get_cpinfos&comefrom=wxapp&openid=sns_wa_oWJzS5Ak51G9M881eXJ2gvCLiwUo&mid=&merchid=&authkey=&timestamp=1561173021690 yoxwechatbusinessModel::set_user:END
[2019-06-22 11:10:32] trace  /app/ewei_shopv2_api.php?i=2&r=black&comefrom=wxapp&openid=sns_wa_oWJzS5Ak51G9M881eXJ2gvCLiwUo&mid=&merchid=&authkey=&timestamp=1561173029413 yoxwechatbusinessModel::set_user:BEGIN
[2019-06-22 11:10:32] trace  /app/ewei_shopv2_api.php?i=2&r=black&comefrom=wxapp&openid=sns_wa_oWJzS5Ak51G9M881eXJ2gvCLiwUo&mid=&merchid=&authkey=&timestamp=1561173029413 yoxwechatbusinessModel::set_user:END
[2019-06-22 11:10:32] trace  /app/ewei_shopv2_api.php?i=2&r=diypage&type=goodsdetail&comefrom=wxapp&openid=sns_wa_oWJzS5Ak51G9M881eXJ2gvCLiwUo&mid=&merchid=&authkey=&timestamp=1561173029556 yoxwechatbusinessModel::set_user:BEGIN
[2019-06-22 11:10:32] trace  /app/ewei_shopv2_api.php?i=2&r=diypage&type=goodsdetail&comefrom=wxapp&openid=sns_wa_oWJzS5Ak51G9M881eXJ2gvCLiwUo&mid=&merchid=&authkey=&timestamp=1561173029556 yoxwechatbusinessModel::set_user:END
[2019-06-22 11:10:32] trace  /app/ewei_shopv2_api.php?i=2&r=goods.get_detail&id=62&comefrom=wxapp&openid=sns_wa_oWJzS5Ak51G9M881eXJ2gvCLiwUo&mid=&merchid=&authkey=&timestamp=1561173029862 yoxwechatbusinessModel::set_user:BEGIN
[2019-06-22 11:10:32] trace  /app/ewei_shopv2_api.php?i=2&r=goods.get_detail&id=62&comefrom=wxapp&openid=sns_wa_oWJzS5Ak51G9M881eXJ2gvCLiwUo&mid=&merchid=&authkey=&timestamp=1561173029862 yoxwechatbusinessModel::set_user:END
[2019-06-22 11:10:34] trace  /app/ewei_shopv2_api.php?i=2&r=package.get_list&goodsid=62&comefrom=wxapp&openid=sns_wa_oWJzS5Ak51G9M881eXJ2gvCLiwUo&mid=&merchid=&authkey=&timestamp=1561173031784 yoxwechatbusinessModel::set_user:BEGIN
[2019-06-22 11:10:34] trace  /app/ewei_shopv2_api.php?i=2&r=package.get_list&goodsid=62&comefrom=wxapp&openid=sns_wa_oWJzS5Ak51G9M881eXJ2gvCLiwUo&mid=&merchid=&authkey=&timestamp=1561173031784 yoxwechatbusinessModel::set_user:END
[2019-06-22 11:10:35] trace  /app/ewei_shopv2_api.php?i=2&r=goods.get_comments&id=62&comefrom=wxapp&openid=sns_wa_oWJzS5Ak51G9M881eXJ2gvCLiwUo&mid=&merchid=&authkey=&timestamp=1561173031978 yoxwechatbusinessModel::set_user:BEGIN
[2019-06-22 11:10:35] trace  /app/ewei_shopv2_api.php?i=2&r=goods.get_comments&id=62&comefrom=wxapp&openid=sns_wa_oWJzS5Ak51G9M881eXJ2gvCLiwUo&mid=&merchid=&authkey=&timestamp=1561173031978 yoxwechatbusinessModel::set_user:END
[2019-06-22 11:10:38] trace  /app/ewei_shopv2_api.php?i=2&r=goods.get_picker&id=62&comefrom=wxapp&openid=sns_wa_oWJzS5Ak51G9M881eXJ2gvCLiwUo&mid=&merchid=&authkey=&timestamp=1561173035449 yoxwechatbusinessModel::set_user:BEGIN
[2019-06-22 11:10:38] trace  /app/ewei_shopv2_api.php?i=2&r=goods.get_picker&id=62&comefrom=wxapp&openid=sns_wa_oWJzS5Ak51G9M881eXJ2gvCLiwUo&mid=&merchid=&authkey=&timestamp=1561173035449 yoxwechatbusinessModel::set_user:END
[2019-06-22 11:10:41] trace  /app/ewei_shopv2_api.php?i=2&r=order.create&id=62&total=1&optionid=&selectDate=undefined&comefrom=wxapp&openid=sns_wa_oWJzS5Ak51G9M881eXJ2gvCLiwUo&mid=&merchid=&authkey=&timestamp=1561173038634 yoxwechatbusinessModel::set_user:BEGIN
[2019-06-22 11:10:41] trace  /app/ewei_shopv2_api.php?i=2&r=order.create&id=62&total=1&optionid=&selectDate=undefined&comefrom=wxapp&openid=sns_wa_oWJzS5Ak51G9M881eXJ2gvCLiwUo&mid=&merchid=&authkey=&timestamp=1561173038634 yoxwechatbusinessModel::set_user:END
[2019-06-22 11:10:41] trace  /app/ewei_shopv2_api.php?i=2&r=member.address.get_detail&id=&comefrom=wxapp&openid=sns_wa_oWJzS5Ak51G9M881eXJ2gvCLiwUo&mid=&merchid=&authkey=&timestamp=1561173038773 yoxwechatbusinessModel::set_user:BEGIN
[2019-06-22 11:10:41] trace  /app/ewei_shopv2_api.php?i=2&r=member.address.get_detail&id=&comefrom=wxapp&openid=sns_wa_oWJzS5Ak51G9M881eXJ2gvCLiwUo&mid=&merchid=&authkey=&timestamp=1561173038773 yoxwechatbusinessModel::set_user:END
[2019-06-22 11:11:38] trace  /app/ewei_shopv2_api.php?i=2&r=order.create&id=62&total=1&optionid=&selectDate=undefined&comefrom=wxapp&openid=sns_wa_oWJzS5Ak51G9M881eXJ2gvCLiwUo&mid=&merchid=&authkey=&timestamp=1561173095097 yoxwechatbusinessModel::set_user:BEGIN
[2019-06-22 11:11:38] trace  /app/ewei_shopv2_api.php?i=2&r=member.address.get_detail&id=&comefrom=wxapp&openid=sns_wa_oWJzS5Ak51G9M881eXJ2gvCLiwUo&mid=&merchid=&authkey=&timestamp=1561173095249 yoxwechatbusinessModel::set_user:BEGIN
[2019-06-22 11:11:38] trace  /app/ewei_shopv2_api.php?i=2&r=order.create&id=62&total=1&optionid=&selectDate=undefined&comefrom=wxapp&openid=sns_wa_oWJzS5Ak51G9M881eXJ2gvCLiwUo&mid=&merchid=&authkey=&timestamp=1561173095097 yoxwechatbusinessModel::set_user:END
[2019-06-22 11:11:38] trace  /app/ewei_shopv2_api.php?i=2&r=member.address.get_detail&id=&comefrom=wxapp&openid=sns_wa_oWJzS5Ak51G9M881eXJ2gvCLiwUo&mid=&merchid=&authkey=&timestamp=1561173095249 yoxwechatbusinessModel::set_user:END
[2019-06-22 11:11:42] trace  /app/ewei_shopv2_api.php?i=2&r=order.create.submit&timestamp=1561173099634 id=62; goods={0={id=62; goodsid=62; title=新肌百优精华; thumb=https://zdu.igdlrj.com/attachment/images/2/2019/06/ZurUQ3N8KaMqkjhdvRjhqNqRAqw3kM.jpg; optionid=0; optiontitle=; hasdiscount=false; total=1; price=198; marketprice=198; level_price=0.00; merchid=0; cates=19; unit=; totalmaxbuy=98; minbuy=0; promotionprice=198; }; }; gdid=; dispatchtype=0; fromcart=0; carrierid=0; addressid=12; carriers=; remark=; deduct=; deduct2=; couponid=0; cardid=; invoicename=; submit=true; packageid=0; giftid=; diydata=false; receipttime=; bargain_id=; fromquick=0; comefrom=wxapp; openid=sns_wa_oWJzS5Ak51G9M881eXJ2gvCLiwUo; mid=; merchid=; authkey=; 
yoxwechatbusinessModel::set_user:BEGIN
[2019-06-22 11:11:42] trace  /app/ewei_shopv2_api.php?i=2&r=order.create.submit&timestamp=1561173099634 id=62; goods={0={id=62; goodsid=62; title=新肌百优精华; thumb=https://zdu.igdlrj.com/attachment/images/2/2019/06/ZurUQ3N8KaMqkjhdvRjhqNqRAqw3kM.jpg; optionid=0; optiontitle=; hasdiscount=false; total=1; price=198; marketprice=198; level_price=0.00; merchid=0; cates=19; unit=; totalmaxbuy=98; minbuy=0; promotionprice=198; }; }; gdid=; dispatchtype=0; fromcart=0; carrierid=0; addressid=12; carriers=; remark=; deduct=; deduct2=; couponid=0; cardid=; invoicename=; submit=true; packageid=0; giftid=; diydata=false; receipttime=; bargain_id=; fromquick=0; comefrom=wxapp; openid=sns_wa_oWJzS5Ak51G9M881eXJ2gvCLiwUo; mid=; merchid=; authkey=; 
yoxwechatbusinessModel::set_user:END
[2019-06-22 11:12:01] trace  /app/ewei_shopv2_api.php?i=2&r=black&comefrom=wxapp&openid=sns_wa_oWJzS5Ak51G9M881eXJ2gvCLiwUo&mid=&merchid=&authkey=&timestamp=1561173118806 yoxwechatbusinessModel::set_user:BEGIN
[2019-06-22 11:12:01] trace  /app/ewei_shopv2_api.php?i=2&r=black&comefrom=wxapp&openid=sns_wa_oWJzS5Ak51G9M881eXJ2gvCLiwUo&mid=&merchid=&authkey=&timestamp=1561173118806 yoxwechatbusinessModel::set_user:END
[2019-06-22 11:12:02] trace  /app/ewei_shopv2_api.php?i=2&r=diypage&type=home&comefrom=wxapp&openid=sns_wa_oWJzS5Ak51G9M881eXJ2gvCLiwUo&mid=&merchid=&authkey=&timestamp=1561173119181 yoxwechatbusinessModel::set_user:BEGIN
[2019-06-22 11:12:02] trace  /app/ewei_shopv2_api.php?i=2&r=diypage&type=home&comefrom=wxapp&openid=sns_wa_oWJzS5Ak51G9M881eXJ2gvCLiwUo&mid=&merchid=&authkey=&timestamp=1561173119181 yoxwechatbusinessModel::set_user:END
[2019-06-22 11:12:02] trace  /app/ewei_shopv2_api.php?i=2&r=shop.get_shopindex&comefrom=wxapp&openid=sns_wa_oWJzS5Ak51G9M881eXJ2gvCLiwUo&mid=&merchid=&authkey=&timestamp=1561173119416 yoxwechatbusinessModel::set_user:BEGIN
[2019-06-22 11:12:02] trace  /app/ewei_shopv2_api.php?i=2&r=shop.get_shopindex&comefrom=wxapp&openid=sns_wa_oWJzS5Ak51G9M881eXJ2gvCLiwUo&mid=&merchid=&authkey=&timestamp=1561173119416 yoxwechatbusinessModel::set_user:END
[2019-06-22 11:12:02] trace  /app/ewei_shopv2_api.php?i=2&r=shop.get_cpinfos&comefrom=wxapp&openid=sns_wa_oWJzS5Ak51G9M881eXJ2gvCLiwUo&mid=&merchid=&authkey=&timestamp=1561173119533 yoxwechatbusinessModel::set_user:BEGIN
[2019-06-22 11:12:02] trace  /app/ewei_shopv2_api.php?i=2&r=shop.get_cpinfos&comefrom=wxapp&openid=sns_wa_oWJzS5Ak51G9M881eXJ2gvCLiwUo&mid=&merchid=&authkey=&timestamp=1561173119533 yoxwechatbusinessModel::set_user:END
[2019-06-22 11:12:02] trace  /app/ewei_shopv2_api.php?i=2&r=shop.get_hasnewcoupon&comefrom=wxapp&openid=sns_wa_oWJzS5Ak51G9M881eXJ2gvCLiwUo&mid=&merchid=&authkey=&timestamp=1561173119468 yoxwechatbusinessModel::set_user:BEGIN
[2019-06-22 11:12:02] trace  /app/ewei_shopv2_api.php?i=2&r=shop.get_hasnewcoupon&comefrom=wxapp&openid=sns_wa_oWJzS5Ak51G9M881eXJ2gvCLiwUo&mid=&merchid=&authkey=&timestamp=1561173119468 yoxwechatbusinessModel::set_user:END
[2019-06-22 11:12:54] trace  /app/ewei_shopv2_api.php?i=2&r=black&comefrom=wxapp&openid=sns_wa_oWJzS5Ak51G9M881eXJ2gvCLiwUo&mid=&merchid=&authkey=&timestamp=1561173171350 yoxwechatbusinessModel::set_user:BEGIN
[2019-06-22 11:12:54] trace  /app/ewei_shopv2_api.php?i=2&r=black&comefrom=wxapp&openid=sns_wa_oWJzS5Ak51G9M881eXJ2gvCLiwUo&mid=&merchid=&authkey=&timestamp=1561173171350 yoxwechatbusinessModel::set_user:END
[2019-06-22 11:12:54] trace  /app/ewei_shopv2_api.php?i=2&r=diypage&type=home&comefrom=wxapp&openid=sns_wa_oWJzS5Ak51G9M881eXJ2gvCLiwUo&mid=&merchid=&authkey=&timestamp=1561173171494 yoxwechatbusinessModel::set_user:BEGIN
[2019-06-22 11:12:54] trace  /app/ewei_shopv2_api.php?i=2&r=diypage&type=home&comefrom=wxapp&openid=sns_wa_oWJzS5Ak51G9M881eXJ2gvCLiwUo&mid=&merchid=&authkey=&timestamp=1561173171494 yoxwechatbusinessModel::set_user:END
[2019-06-22 11:12:54] trace  /app/ewei_shopv2_api.php?i=2&r=shop.get_shopindex&comefrom=wxapp&openid=sns_wa_oWJzS5Ak51G9M881eXJ2gvCLiwUo&mid=&merchid=&authkey=&timestamp=1561173171617 yoxwechatbusinessModel::set_user:BEGIN
[2019-06-22 11:12:54] trace  /app/ewei_shopv2_api.php?i=2&r=shop.get_shopindex&comefrom=wxapp&openid=sns_wa_oWJzS5Ak51G9M881eXJ2gvCLiwUo&mid=&merchid=&authkey=&timestamp=1561173171617 yoxwechatbusinessModel::set_user:END
[2019-06-22 11:12:54] trace  /app/ewei_shopv2_api.php?i=2&r=shop.get_hasnewcoupon&comefrom=wxapp&openid=sns_wa_oWJzS5Ak51G9M881eXJ2gvCLiwUo&mid=&merchid=&authkey=&timestamp=1561173171699 yoxwechatbusinessModel::set_user:BEGIN
[2019-06-22 11:12:54] trace  /app/ewei_shopv2_api.php?i=2&r=shop.get_cpinfos&comefrom=wxapp&openid=sns_wa_oWJzS5Ak51G9M881eXJ2gvCLiwUo&mid=&merchid=&authkey=&timestamp=1561173171799 yoxwechatbusinessModel::set_user:BEGIN
[2019-06-22 11:12:54] trace  /app/ewei_shopv2_api.php?i=2&r=shop.get_hasnewcoupon&comefrom=wxapp&openid=sns_wa_oWJzS5Ak51G9M881eXJ2gvCLiwUo&mid=&merchid=&authkey=&timestamp=1561173171699 yoxwechatbusinessModel::set_user:END
[2019-06-22 11:12:54] trace  /app/ewei_shopv2_api.php?i=2&r=shop.get_cpinfos&comefrom=wxapp&openid=sns_wa_oWJzS5Ak51G9M881eXJ2gvCLiwUo&mid=&merchid=&authkey=&timestamp=1561173171799 yoxwechatbusinessModel::set_user:END
[2019-06-22 11:13:05] trace  /app/ewei_shopv2_api.php?i=2&r=yoxwechatbusiness&isajax=1&comefrom=wxapp&openid=sns_wa_oWJzS5Ak51G9M881eXJ2gvCLiwUo&mid=&merchid=&authkey=&timestamp=1561173182663 yoxwechatbusinessModel::set_user:BEGIN
[2019-06-22 11:13:05] trace  /app/ewei_shopv2_api.php?i=2&r=yoxwechatbusiness&isajax=1&comefrom=wxapp&openid=sns_wa_oWJzS5Ak51G9M881eXJ2gvCLiwUo&mid=&merchid=&authkey=&timestamp=1561173182663 yoxwechatbusinessModel::set_user:END
[2019-06-22 11:13:05] trace  /app/ewei_shopv2_api.php?i=2&r=bargain.act&comefrom=wxapp&openid=sns_wa_oWJzS5Ak51G9M881eXJ2gvCLiwUo&mid=&merchid=&authkey=&timestamp=1561173182723 yoxwechatbusinessModel::set_user:BEGIN
[2019-06-22 11:13:05] trace  /app/ewei_shopv2_api.php?i=2&r=bargain.act&comefrom=wxapp&openid=sns_wa_oWJzS5Ak51G9M881eXJ2gvCLiwUo&mid=&merchid=&authkey=&timestamp=1561173182723 yoxwechatbusinessModel::set_user:END
[2019-06-22 11:13:12] trace  /app/ewei_shopv2_api.php?i=2&r=yoxwechatbusiness.user.my_invite_user&isajax=1&status=&page=1&comefrom=wxapp&openid=sns_wa_oWJzS5Ak51G9M881eXJ2gvCLiwUo&mid=&merchid=&authkey=&timestamp=1561173189358 yoxwechatbusinessModel::set_user:BEGIN
[2019-06-22 11:13:12] trace  /app/ewei_shopv2_api.php?i=2&r=yoxwechatbusiness.user.my_invite_user&isajax=1&status=&page=1&comefrom=wxapp&openid=sns_wa_oWJzS5Ak51G9M881eXJ2gvCLiwUo&mid=&merchid=&authkey=&timestamp=1561173189358 yoxwechatbusinessModel::set_user:END
[2019-06-22 11:13:15] trace  /app/ewei_shopv2_api.php?i=2&r=yoxwechatbusiness.user.my_invite_user&isajax=1&status=1&page=1&comefrom=wxapp&openid=sns_wa_oWJzS5Ak51G9M881eXJ2gvCLiwUo&mid=&merchid=&authkey=&timestamp=1561173192615 yoxwechatbusinessModel::set_user:BEGIN
[2019-06-22 11:13:15] trace  /app/ewei_shopv2_api.php?i=2&r=yoxwechatbusiness.user.my_invite_user&isajax=1&status=1&page=1&comefrom=wxapp&openid=sns_wa_oWJzS5Ak51G9M881eXJ2gvCLiwUo&mid=&merchid=&authkey=&timestamp=1561173192615 yoxwechatbusinessModel::set_user:END
[2019-06-22 11:13:17] trace  /app/ewei_shopv2_api.php?i=2&r=yoxwechatbusiness.user.my_invite_user&isajax=1&status=1&page=1&comefrom=wxapp&openid=sns_wa_oWJzS5Ak51G9M881eXJ2gvCLiwUo&mid=&merchid=&authkey=&timestamp=1561173194488 yoxwechatbusinessModel::set_user:BEGIN
[2019-06-22 11:13:17] trace  /app/ewei_shopv2_api.php?i=2&r=yoxwechatbusiness.user.my_invite_user&isajax=1&status=1&page=1&comefrom=wxapp&openid=sns_wa_oWJzS5Ak51G9M881eXJ2gvCLiwUo&mid=&merchid=&authkey=&timestamp=1561173194488 yoxwechatbusinessModel::set_user:END
[2019-06-22 11:13:18] trace  /app/ewei_shopv2_api.php?i=2&r=yoxwechatbusiness.user.my_invite_user&isajax=1&status=0&page=1&comefrom=wxapp&openid=sns_wa_oWJzS5Ak51G9M881eXJ2gvCLiwUo&mid=&merchid=&authkey=&timestamp=1561173195703 yoxwechatbusinessModel::set_user:BEGIN
[2019-06-22 11:13:18] trace  /app/ewei_shopv2_api.php?i=2&r=yoxwechatbusiness.user.my_invite_user&isajax=1&status=0&page=1&comefrom=wxapp&openid=sns_wa_oWJzS5Ak51G9M881eXJ2gvCLiwUo&mid=&merchid=&authkey=&timestamp=1561173195703 yoxwechatbusinessModel::set_user:END
[2019-06-22 11:13:29] trace  /app/ewei_shopv2_api.php?i=2&r=yoxwechatbusiness.agent&isajax=1&comefrom=wxapp&openid=sns_wa_oWJzS5Ak51G9M881eXJ2gvCLiwUo&mid=&merchid=&authkey=&timestamp=1561173206883 yoxwechatbusinessModel::set_user:BEGIN
[2019-06-22 11:13:29] trace  /app/ewei_shopv2_api.php?i=2&r=yoxwechatbusiness.agent&isajax=1&comefrom=wxapp&openid=sns_wa_oWJzS5Ak51G9M881eXJ2gvCLiwUo&mid=&merchid=&authkey=&timestamp=1561173206883 yoxwechatbusinessModel::set_user:END
[2019-06-22 11:13:30] trace  /app/ewei_shopv2_api.php?i=2&r=yoxwechatbusiness.level.level_list&isajax=1&comefrom=wxapp&openid=sns_wa_oWJzS5Ak51G9M881eXJ2gvCLiwUo&mid=&merchid=&authkey=&timestamp=1561173207055 yoxwechatbusinessModel::set_user:BEGIN
[2019-06-22 11:13:30] trace  /app/ewei_shopv2_api.php?i=2&r=yoxwechatbusiness.user.invite_statistics&isajax=1&comefrom=wxapp&openid=sns_wa_oWJzS5Ak51G9M881eXJ2gvCLiwUo&mid=&merchid=&authkey=&timestamp=1561173207171 yoxwechatbusinessModel::set_user:BEGIN
[2019-06-22 11:13:30] trace  /app/ewei_shopv2_api.php?i=2&r=yoxwechatbusiness.level.level_list&isajax=1&comefrom=wxapp&openid=sns_wa_oWJzS5Ak51G9M881eXJ2gvCLiwUo&mid=&merchid=&authkey=&timestamp=1561173207055 yoxwechatbusinessModel::set_user:END
[2019-06-22 11:13:30] trace  /app/ewei_shopv2_api.php?i=2&r=yoxwechatbusiness.user.invite_statistics&isajax=1&comefrom=wxapp&openid=sns_wa_oWJzS5Ak51G9M881eXJ2gvCLiwUo&mid=&merchid=&authkey=&timestamp=1561173207171 yoxwechatbusinessModel::set_user:END
[2019-06-22 11:13:58] trace  /app/ewei_shopv2_api.php?i=2&r=yoxwechatbusiness.user.my_invite_user&isajax=1&status=0&page=1&comefrom=wxapp&openid=sns_wa_oWJzS5Ak51G9M881eXJ2gvCLiwUo&mid=&merchid=&authkey=&timestamp=1561173234954 yoxwechatbusinessModel::set_user:BEGIN
[2019-06-22 11:13:58] trace  /app/ewei_shopv2_api.php?i=2&r=yoxwechatbusiness.user.my_invite_user&isajax=1&status=0&page=1&comefrom=wxapp&openid=sns_wa_oWJzS5Ak51G9M881eXJ2gvCLiwUo&mid=&merchid=&authkey=&timestamp=1561173234954 yoxwechatbusinessModel::set_user:END
[2019-06-22 11:14:03] trace  /app/ewei_shopv2_api.php?i=2&r=yoxwechatbusiness.agent&isajax=1&comefrom=wxapp&openid=sns_wa_oWJzS5Ak51G9M881eXJ2gvCLiwUo&mid=&merchid=&authkey=&timestamp=1561173240356 yoxwechatbusinessModel::set_user:BEGIN
[2019-06-22 11:14:03] trace  /app/ewei_shopv2_api.php?i=2&r=yoxwechatbusiness.agent&isajax=1&comefrom=wxapp&openid=sns_wa_oWJzS5Ak51G9M881eXJ2gvCLiwUo&mid=&merchid=&authkey=&timestamp=1561173240356 yoxwechatbusinessModel::set_user:END
[2019-06-22 11:14:03] trace  /app/ewei_shopv2_api.php?i=2&r=yoxwechatbusiness.level.level_list&isajax=1&comefrom=wxapp&openid=sns_wa_oWJzS5Ak51G9M881eXJ2gvCLiwUo&mid=&merchid=&authkey=&timestamp=1561173240418 yoxwechatbusinessModel::set_user:BEGIN
[2019-06-22 11:14:03] trace  /app/ewei_shopv2_api.php?i=2&r=yoxwechatbusiness.level.level_list&isajax=1&comefrom=wxapp&openid=sns_wa_oWJzS5Ak51G9M881eXJ2gvCLiwUo&mid=&merchid=&authkey=&timestamp=1561173240418 yoxwechatbusinessModel::set_user:END
[2019-06-22 11:14:03] trace  /app/ewei_shopv2_api.php?i=2&r=yoxwechatbusiness.user.invite_statistics&isajax=1&comefrom=wxapp&openid=sns_wa_oWJzS5Ak51G9M881eXJ2gvCLiwUo&mid=&merchid=&authkey=&timestamp=1561173240516 yoxwechatbusinessModel::set_user:BEGIN
[2019-06-22 11:14:03] trace  /app/ewei_shopv2_api.php?i=2&r=yoxwechatbusiness.user.invite_statistics&isajax=1&comefrom=wxapp&openid=sns_wa_oWJzS5Ak51G9M881eXJ2gvCLiwUo&mid=&merchid=&authkey=&timestamp=1561173240516 yoxwechatbusinessModel::set_user:END
[2019-06-22 14:11:27] trace  /app/ewei_shopv2_api.php?i=2&r=shop.get_cpinfos&comefrom=wxapp&openid=sns_wa_oWJzS5G1svLlKAH63vv-n29E2KIk&mid=&merchid=&authkey=&timestamp=1561183883712 yoxwechatbusinessModel::set_user:BEGIN
[2019-06-22 14:11:27] trace  /app/ewei_shopv2_api.php?i=2&r=shop.get_hasnewcoupon&comefrom=wxapp&openid=sns_wa_oWJzS5G1svLlKAH63vv-n29E2KIk&mid=&merchid=&authkey=&timestamp=1561183883680 yoxwechatbusinessModel::set_user:BEGIN
[2019-06-22 14:11:27] trace  /app/ewei_shopv2_api.php?i=2&r=black&comefrom=wxapp&openid=sns_wa_oWJzS5G1svLlKAH63vv-n29E2KIk&authkey=&timestamp=1561183883473 yoxwechatbusinessModel::set_user:BEGIN
[2019-06-22 14:11:27] trace  /app/ewei_shopv2_api.php?i=2&r=shop.get_shopindex&comefrom=wxapp&openid=sns_wa_oWJzS5G1svLlKAH63vv-n29E2KIk&mid=&merchid=&authkey=&timestamp=1561183883638 yoxwechatbusinessModel::set_user:BEGIN
[2019-06-22 14:11:27] trace  /app/ewei_shopv2_api.php?i=2&r=diypage&type=home&comefrom=wxapp&openid=sns_wa_oWJzS5G1svLlKAH63vv-n29E2KIk&mid=&merchid=&authkey=&timestamp=1561183883541 yoxwechatbusinessModel::set_user:BEGIN
[2019-06-22 15:00:28] trace  /app/ewei_shopv2_api.php?i=2&r=shop.get_hasnewcoupon&comefrom=wxapp&openid=sns_wa_oWJzS5Hsbq2BbSCEAVhS33de22uQ&mid=&merchid=&authkey=&timestamp=1561186824089 yoxwechatbusinessModel::set_user:BEGIN
[2019-06-22 15:00:28] trace  /app/ewei_shopv2_api.php?i=2&r=diypage&type=home&comefrom=wxapp&openid=sns_wa_oWJzS5Hsbq2BbSCEAVhS33de22uQ&mid=&merchid=&authkey=&timestamp=1561186824015 yoxwechatbusinessModel::set_user:BEGIN
[2019-06-22 15:00:28] trace  /app/ewei_shopv2_api.php?i=2&r=shop.get_hasnewcoupon&comefrom=wxapp&openid=sns_wa_oWJzS5Hsbq2BbSCEAVhS33de22uQ&mid=&merchid=&authkey=&timestamp=1561186824089 yoxwechatbusinessModel::set_user:END
[2019-06-22 15:00:28] trace  /app/ewei_shopv2_api.php?i=2&r=diypage&type=home&comefrom=wxapp&openid=sns_wa_oWJzS5Hsbq2BbSCEAVhS33de22uQ&mid=&merchid=&authkey=&timestamp=1561186824015 yoxwechatbusinessModel::set_user:END
[2019-06-22 15:00:28] trace  /app/ewei_shopv2_api.php?i=2&r=shop.get_shopindex&comefrom=wxapp&openid=sns_wa_oWJzS5Hsbq2BbSCEAVhS33de22uQ&mid=&merchid=&authkey=&timestamp=1561186824067 yoxwechatbusinessModel::set_user:BEGIN
[2019-06-22 15:00:28] trace  /app/ewei_shopv2_api.php?i=2&r=shop.get_shopindex&comefrom=wxapp&openid=sns_wa_oWJzS5Hsbq2BbSCEAVhS33de22uQ&mid=&merchid=&authkey=&timestamp=1561186824067 yoxwechatbusinessModel::set_user:END
[2019-06-22 15:00:28] trace  /app/ewei_shopv2_api.php?i=2&r=black&comefrom=wxapp&openid=sns_wa_oWJzS5Hsbq2BbSCEAVhS33de22uQ&authkey=&timestamp=1561186823966 yoxwechatbusinessModel::set_user:BEGIN
[2019-06-22 15:00:28] trace  /app/ewei_shopv2_api.php?i=2&r=black&comefrom=wxapp&openid=sns_wa_oWJzS5Hsbq2BbSCEAVhS33de22uQ&authkey=&timestamp=1561186823966 yoxwechatbusinessModel::set_user:END
[2019-06-22 15:00:28] trace  /app/ewei_shopv2_api.php?i=2&r=shop.get_cpinfos&comefrom=wxapp&openid=sns_wa_oWJzS5Hsbq2BbSCEAVhS33de22uQ&mid=&merchid=&authkey=&timestamp=1561186824129 yoxwechatbusinessModel::set_user:BEGIN
[2019-06-22 15:00:28] trace  /app/ewei_shopv2_api.php?i=2&r=shop.get_cpinfos&comefrom=wxapp&openid=sns_wa_oWJzS5Hsbq2BbSCEAVhS33de22uQ&mid=&merchid=&authkey=&timestamp=1561186824129 yoxwechatbusinessModel::set_user:END
[2019-06-22 15:00:34] trace  /app/ewei_shopv2_api.php?i=2&r=diypage&type=home&comefrom=wxapp&openid=sns_wa_oWJzS5Hsbq2BbSCEAVhS33de22uQ&mid=&merchid=&authkey=MjZlOEVLbjFReEJ4YkFXNktFOXVQbU5jUmw4RjBHQ3R4Z253bVNHWnhRVDlrTDVsRkFOTTd2ZjI5RG9MLzJxYWxrZEJjdlFXRFhJdTN6d1owckg0K3ZVekFqSQ%3D%3D&timestamp=1561186830029 yoxwechatbusinessModel::set_user:BEGIN
[2019-06-22 15:00:34] trace  /app/ewei_shopv2_api.php?i=2&r=black&comefrom=wxapp&openid=sns_wa_oWJzS5Hsbq2BbSCEAVhS33de22uQ&mid=&merchid=&authkey=MjZlOEVLbjFReEJ4YkFXNktFOXVQbU5jUmw4RjBHQ3R4Z253bVNHWnhRVDlrTDVsRkFOTTd2ZjI5RG9MLzJxYWxrZEJjdlFXRFhJdTN6d1owckg0K3ZVekFqSQ%3D%3D&timestamp=1561186829993 yoxwechatbusinessModel::set_user:BEGIN
[2019-06-22 15:00:34] trace  /app/ewei_shopv2_api.php?i=2&r=diypage&type=home&comefrom=wxapp&openid=sns_wa_oWJzS5Hsbq2BbSCEAVhS33de22uQ&mid=&merchid=&authkey=MjZlOEVLbjFReEJ4YkFXNktFOXVQbU5jUmw4RjBHQ3R4Z253bVNHWnhRVDlrTDVsRkFOTTd2ZjI5RG9MLzJxYWxrZEJjdlFXRFhJdTN6d1owckg0K3ZVekFqSQ%3D%3D&timestamp=1561186830029 yoxwechatbusinessModel::set_user:END
[2019-06-22 15:00:34] trace  /app/ewei_shopv2_api.php?i=2&r=shop.get_hasnewcoupon&comefrom=wxapp&openid=sns_wa_oWJzS5Hsbq2BbSCEAVhS33de22uQ&mid=&merchid=&authkey=MjZlOEVLbjFReEJ4YkFXNktFOXVQbU5jUmw4RjBHQ3R4Z253bVNHWnhRVDlrTDVsRkFOTTd2ZjI5RG9MLzJxYWxrZEJjdlFXRFhJdTN6d1owckg0K3ZVekFqSQ%3D%3D&timestamp=1561186830091 yoxwechatbusinessModel::set_user:BEGIN
[2019-06-22 15:00:34] trace  /app/ewei_shopv2_api.php?i=2&r=black&comefrom=wxapp&openid=sns_wa_oWJzS5Hsbq2BbSCEAVhS33de22uQ&mid=&merchid=&authkey=MjZlOEVLbjFReEJ4YkFXNktFOXVQbU5jUmw4RjBHQ3R4Z253bVNHWnhRVDlrTDVsRkFOTTd2ZjI5RG9MLzJxYWxrZEJjdlFXRFhJdTN6d1owckg0K3ZVekFqSQ%3D%3D&timestamp=1561186829993 yoxwechatbusinessModel::set_user:END
[2019-06-22 15:00:34] trace  /app/ewei_shopv2_api.php?i=2&r=shop.get_hasnewcoupon&comefrom=wxapp&openid=sns_wa_oWJzS5Hsbq2BbSCEAVhS33de22uQ&mid=&merchid=&authkey=MjZlOEVLbjFReEJ4YkFXNktFOXVQbU5jUmw4RjBHQ3R4Z253bVNHWnhRVDlrTDVsRkFOTTd2ZjI5RG9MLzJxYWxrZEJjdlFXRFhJdTN6d1owckg0K3ZVekFqSQ%3D%3D&timestamp=1561186830091 yoxwechatbusinessModel::set_user:END
[2019-06-22 15:00:34] trace  /app/ewei_shopv2_api.php?i=2&r=shop.get_shopindex&comefrom=wxapp&openid=sns_wa_oWJzS5Hsbq2BbSCEAVhS33de22uQ&mid=&merchid=&authkey=MjZlOEVLbjFReEJ4YkFXNktFOXVQbU5jUmw4RjBHQ3R4Z253bVNHWnhRVDlrTDVsRkFOTTd2ZjI5RG9MLzJxYWxrZEJjdlFXRFhJdTN6d1owckg0K3ZVekFqSQ%3D%3D&timestamp=1561186830073 yoxwechatbusinessModel::set_user:BEGIN
[2019-06-22 15:00:34] trace  /app/ewei_shopv2_api.php?i=2&r=shop.get_shopindex&comefrom=wxapp&openid=sns_wa_oWJzS5Hsbq2BbSCEAVhS33de22uQ&mid=&merchid=&authkey=MjZlOEVLbjFReEJ4YkFXNktFOXVQbU5jUmw4RjBHQ3R4Z253bVNHWnhRVDlrTDVsRkFOTTd2ZjI5RG9MLzJxYWxrZEJjdlFXRFhJdTN6d1owckg0K3ZVekFqSQ%3D%3D&timestamp=1561186830073 yoxwechatbusinessModel::set_user:END
[2019-06-22 15:00:34] trace  /app/ewei_shopv2_api.php?i=2&r=shop.get_cpinfos&comefrom=wxapp&openid=sns_wa_oWJzS5Hsbq2BbSCEAVhS33de22uQ&mid=&merchid=&authkey=MjZlOEVLbjFReEJ4YkFXNktFOXVQbU5jUmw4RjBHQ3R4Z253bVNHWnhRVDlrTDVsRkFOTTd2ZjI5RG9MLzJxYWxrZEJjdlFXRFhJdTN6d1owckg0K3ZVekFqSQ%3D%3D&timestamp=1561186830107 yoxwechatbusinessModel::set_user:BEGIN
[2019-06-22 15:00:34] trace  /app/ewei_shopv2_api.php?i=2&r=shop.get_cpinfos&comefrom=wxapp&openid=sns_wa_oWJzS5Hsbq2BbSCEAVhS33de22uQ&mid=&merchid=&authkey=MjZlOEVLbjFReEJ4YkFXNktFOXVQbU5jUmw4RjBHQ3R4Z253bVNHWnhRVDlrTDVsRkFOTTd2ZjI5RG9MLzJxYWxrZEJjdlFXRFhJdTN6d1owckg0K3ZVekFqSQ%3D%3D&timestamp=1561186830107 yoxwechatbusinessModel::set_user:END
[2019-06-22 15:00:42] trace  /app/ewei_shopv2_api.php?i=2&r=shop.get_category&comefrom=wxapp&openid=sns_wa_oWJzS5Hsbq2BbSCEAVhS33de22uQ&mid=&merchid=&authkey=&timestamp=1561186838675 yoxwechatbusinessModel::set_user:BEGIN
[2019-06-22 15:00:42] trace  /app/ewei_shopv2_api.php?i=2&r=shop.get_category&comefrom=wxapp&openid=sns_wa_oWJzS5Hsbq2BbSCEAVhS33de22uQ&mid=&merchid=&authkey=&timestamp=1561186838675 yoxwechatbusinessModel::set_user:END
