[2019-08-05 09:01:38] trace  /app/ewei_shopv2_api.php?i=2&r=black&comefrom=wxapp&openid=sns_wa_oWJzS5AqK5fXwChfll8RgA0GTRF4&authkey=&timestamp=1564966865116 yoxwechatbusinessModel::set_user:BEGIN
[2019-08-05 09:01:38] trace  /app/ewei_shopv2_api.php?i=2&r=black&comefrom=wxapp&openid=sns_wa_oWJzS5AqK5fXwChfll8RgA0GTRF4&authkey=&timestamp=1564966865116 yoxwechatbusinessModel::set_user:END
[2019-08-05 09:01:38] trace  /app/ewei_shopv2_api.php?i=2&r=diypage&type=home&comefrom=wxapp&openid=sns_wa_oWJzS5AqK5fXwChfll8RgA0GTRF4&mid=&merchid=&authkey=&timestamp=1564966865230 yoxwechatbusinessModel::set_user:BEGIN
[2019-08-05 09:01:38] trace  /app/ewei_shopv2_api.php?i=2&r=diypage&type=home&comefrom=wxapp&openid=sns_wa_oWJzS5AqK5fXwChfll8RgA0GTRF4&mid=&merchid=&authkey=&timestamp=1564966865230 yoxwechatbusinessModel::set_user:END
[2019-08-05 09:01:38] trace  /app/ewei_shopv2_api.php?i=2&r=shop.get_shopindex&comefrom=wxapp&openid=sns_wa_oWJzS5AqK5fXwChfll8RgA0GTRF4&mid=&merchid=&authkey=&timestamp=1564966865341 yoxwechatbusinessModel::set_user:BEGIN
[2019-08-05 09:01:38] trace  /app/ewei_shopv2_api.php?i=2&r=shop.get_shopindex&comefrom=wxapp&openid=sns_wa_oWJzS5AqK5fXwChfll8RgA0GTRF4&mid=&merchid=&authkey=&timestamp=1564966865341 yoxwechatbusinessModel::set_user:END
[2019-08-05 09:01:38] trace  /app/ewei_shopv2_api.php?i=2&r=shop.get_hasnewcoupon&comefrom=wxapp&openid=sns_wa_oWJzS5AqK5fXwChfll8RgA0GTRF4&mid=&merchid=&authkey=&timestamp=1564966865383 yoxwechatbusinessModel::set_user:BEGIN
[2019-08-05 09:01:38] trace  /app/ewei_shopv2_api.php?i=2&r=shop.get_hasnewcoupon&comefrom=wxapp&openid=sns_wa_oWJzS5AqK5fXwChfll8RgA0GTRF4&mid=&merchid=&authkey=&timestamp=1564966865383 yoxwechatbusinessModel::set_user:END
[2019-08-05 09:01:39] trace  /app/ewei_shopv2_api.php?i=2&r=shop.get_cpinfos&comefrom=wxapp&openid=sns_wa_oWJzS5AqK5fXwChfll8RgA0GTRF4&mid=&merchid=&authkey=&timestamp=1564966865419 yoxwechatbusinessModel::set_user:BEGIN
[2019-08-05 09:01:39] trace  /app/ewei_shopv2_api.php?i=2&r=shop.get_cpinfos&comefrom=wxapp&openid=sns_wa_oWJzS5AqK5fXwChfll8RgA0GTRF4&mid=&merchid=&authkey=&timestamp=1564966865419 yoxwechatbusinessModel::set_user:END
[2019-08-05 11:58:49] trace  /app/ewei_shopv2_api.php?i=2&r=black&comefrom=wxapp&openid=sns_wa_oWJzS5AqK5fXwChfll8RgA0GTRF4&authkey=ZDkxYjNQRGIxQXFTbjlGNmZqMitRRmZXZmlmV0wrR3NkSCtsUzd6blptZ09qOXBzZjNQYVgrN2JDbWRlck5GQ1d4QXpkU1FuOHMyQXUyZllvbE56WXNLTUQwNA%3D%3D&timestamp=1564977496270 yoxwechatbusinessModel::set_user:BEGIN
[2019-08-05 11:58:49] trace  /app/ewei_shopv2_api.php?i=2&r=black&comefrom=wxapp&openid=sns_wa_oWJzS5AqK5fXwChfll8RgA0GTRF4&authkey=ZDkxYjNQRGIxQXFTbjlGNmZqMitRRmZXZmlmV0wrR3NkSCtsUzd6blptZ09qOXBzZjNQYVgrN2JDbWRlck5GQ1d4QXpkU1FuOHMyQXUyZllvbE56WXNLTUQwNA%3D%3D&timestamp=1564977496270 yoxwechatbusinessModel::set_user:END
[2019-08-05 11:58:49] trace  /app/ewei_shopv2_api.php?i=2&r=diypage&type=home&comefrom=wxapp&openid=sns_wa_oWJzS5AqK5fXwChfll8RgA0GTRF4&mid=&merchid=&authkey=ZDkxYjNQRGIxQXFTbjlGNmZqMitRRmZXZmlmV0wrR3NkSCtsUzd6blptZ09qOXBzZjNQYVgrN2JDbWRlck5GQ1d4QXpkU1FuOHMyQXUyZllvbE56WXNLTUQwNA%3D%3D&timestamp=1564977496348 yoxwechatbusinessModel::set_user:BEGIN
[2019-08-05 11:58:49] trace  /app/ewei_shopv2_api.php?i=2&r=diypage&type=home&comefrom=wxapp&openid=sns_wa_oWJzS5AqK5fXwChfll8RgA0GTRF4&mid=&merchid=&authkey=ZDkxYjNQRGIxQXFTbjlGNmZqMitRRmZXZmlmV0wrR3NkSCtsUzd6blptZ09qOXBzZjNQYVgrN2JDbWRlck5GQ1d4QXpkU1FuOHMyQXUyZllvbE56WXNLTUQwNA%3D%3D&timestamp=1564977496348 yoxwechatbusinessModel::set_user:END
[2019-08-05 11:58:50] trace  /app/ewei_shopv2_api.php?i=2&r=shop.get_shopindex&comefrom=wxapp&openid=sns_wa_oWJzS5AqK5fXwChfll8RgA0GTRF4&mid=&merchid=&authkey=ZDkxYjNQRGIxQXFTbjlGNmZqMitRRmZXZmlmV0wrR3NkSCtsUzd6blptZ09qOXBzZjNQYVgrN2JDbWRlck5GQ1d4QXpkU1FuOHMyQXUyZllvbE56WXNLTUQwNA%3D%3D&timestamp=1564977496417 yoxwechatbusinessModel::set_user:BEGIN
[2019-08-05 11:58:50] trace  /app/ewei_shopv2_api.php?i=2&r=shop.get_shopindex&comefrom=wxapp&openid=sns_wa_oWJzS5AqK5fXwChfll8RgA0GTRF4&mid=&merchid=&authkey=ZDkxYjNQRGIxQXFTbjlGNmZqMitRRmZXZmlmV0wrR3NkSCtsUzd6blptZ09qOXBzZjNQYVgrN2JDbWRlck5GQ1d4QXpkU1FuOHMyQXUyZllvbE56WXNLTUQwNA%3D%3D&timestamp=1564977496417 yoxwechatbusinessModel::set_user:END
[2019-08-05 11:58:50] trace  /app/ewei_shopv2_api.php?i=2&r=shop.get_hasnewcoupon&comefrom=wxapp&openid=sns_wa_oWJzS5AqK5fXwChfll8RgA0GTRF4&mid=&merchid=&authkey=ZDkxYjNQRGIxQXFTbjlGNmZqMitRRmZXZmlmV0wrR3NkSCtsUzd6blptZ09qOXBzZjNQYVgrN2JDbWRlck5GQ1d4QXpkU1FuOHMyQXUyZllvbE56WXNLTUQwNA%3D%3D&timestamp=1564977496454 yoxwechatbusinessModel::set_user:BEGIN
[2019-08-05 11:58:50] trace  /app/ewei_shopv2_api.php?i=2&r=shop.get_hasnewcoupon&comefrom=wxapp&openid=sns_wa_oWJzS5AqK5fXwChfll8RgA0GTRF4&mid=&merchid=&authkey=ZDkxYjNQRGIxQXFTbjlGNmZqMitRRmZXZmlmV0wrR3NkSCtsUzd6blptZ09qOXBzZjNQYVgrN2JDbWRlck5GQ1d4QXpkU1FuOHMyQXUyZllvbE56WXNLTUQwNA%3D%3D&timestamp=1564977496454 yoxwechatbusinessModel::set_user:END
[2019-08-05 11:58:50] trace  /app/ewei_shopv2_api.php?i=2&r=shop.get_cpinfos&comefrom=wxapp&openid=sns_wa_oWJzS5AqK5fXwChfll8RgA0GTRF4&mid=&merchid=&authkey=ZDkxYjNQRGIxQXFTbjlGNmZqMitRRmZXZmlmV0wrR3NkSCtsUzd6blptZ09qOXBzZjNQYVgrN2JDbWRlck5GQ1d4QXpkU1FuOHMyQXUyZllvbE56WXNLTUQwNA%3D%3D&timestamp=1564977496484 yoxwechatbusinessModel::set_user:BEGIN
[2019-08-05 11:58:50] trace  /app/ewei_shopv2_api.php?i=2&r=shop.get_cpinfos&comefrom=wxapp&openid=sns_wa_oWJzS5AqK5fXwChfll8RgA0GTRF4&mid=&merchid=&authkey=ZDkxYjNQRGIxQXFTbjlGNmZqMitRRmZXZmlmV0wrR3NkSCtsUzd6blptZ09qOXBzZjNQYVgrN2JDbWRlck5GQ1d4QXpkU1FuOHMyQXUyZllvbE56WXNLTUQwNA%3D%3D&timestamp=1564977496484 yoxwechatbusinessModel::set_user:END
[2019-08-05 12:00:17] trace  /app/ewei_shopv2_api.php?i=2&r=yoxwechatbusiness&isajax=1&comefrom=wxapp&openid=sns_wa_oWJzS5AqK5fXwChfll8RgA0GTRF4&mid=&merchid=&authkey=NDY1NnFnM0N1Q2FVV3hyVkZpbmN2MUxGdHdKeGs1S0pRSHZRVHROYXJsZ0RONjNHWGxYV3h1ZmtjUGpCbHhjbmhzK2dxSDlKcDdaL1pZbW9QNHpESDM2aTNtZw%3D%3D&timestamp=1564977584605 yoxwechatbusinessModel::set_user:BEGIN
[2019-08-05 12:00:17] trace  /app/ewei_shopv2_api.php?i=2&r=yoxwechatbusiness&isajax=1&comefrom=wxapp&openid=sns_wa_oWJzS5AqK5fXwChfll8RgA0GTRF4&mid=&merchid=&authkey=NDY1NnFnM0N1Q2FVV3hyVkZpbmN2MUxGdHdKeGs1S0pRSHZRVHROYXJsZ0RONjNHWGxYV3h1ZmtjUGpCbHhjbmhzK2dxSDlKcDdaL1pZbW9QNHpESDM2aTNtZw%3D%3D&timestamp=1564977584605 yoxwechatbusinessModel::set_user:END
[2019-08-05 12:00:17] trace  /app/ewei_shopv2_api.php?i=2&r=bargain.act&comefrom=wxapp&openid=sns_wa_oWJzS5AqK5fXwChfll8RgA0GTRF4&mid=&merchid=&authkey=NDY1NnFnM0N1Q2FVV3hyVkZpbmN2MUxGdHdKeGs1S0pRSHZRVHROYXJsZ0RONjNHWGxYV3h1ZmtjUGpCbHhjbmhzK2dxSDlKcDdaL1pZbW9QNHpESDM2aTNtZw%3D%3D&timestamp=1564977584638 yoxwechatbusinessModel::set_user:BEGIN
[2019-08-05 12:00:17] trace  /app/ewei_shopv2_api.php?i=2&r=bargain.act&comefrom=wxapp&openid=sns_wa_oWJzS5AqK5fXwChfll8RgA0GTRF4&mid=&merchid=&authkey=NDY1NnFnM0N1Q2FVV3hyVkZpbmN2MUxGdHdKeGs1S0pRSHZRVHROYXJsZ0RONjNHWGxYV3h1ZmtjUGpCbHhjbmhzK2dxSDlKcDdaL1pZbW9QNHpESDM2aTNtZw%3D%3D&timestamp=1564977584638 yoxwechatbusinessModel::set_user:END
[2019-08-05 12:00:22] trace  /app/ewei_shopv2_api.php?i=2&r=yoxwechatbusiness.user.my_info&isajax=1&comefrom=wxapp&openid=sns_wa_oWJzS5AqK5fXwChfll8RgA0GTRF4&mid=&merchid=&authkey=&timestamp=1564977589791 yoxwechatbusinessModel::set_user:BEGIN
[2019-08-05 12:00:22] trace  /app/ewei_shopv2_api.php?i=2&r=yoxwechatbusiness.user.my_info&isajax=1&comefrom=wxapp&openid=sns_wa_oWJzS5AqK5fXwChfll8RgA0GTRF4&mid=&merchid=&authkey=&timestamp=1564977589791 yoxwechatbusinessModel::set_user:END
[2019-08-05 12:13:16] trace  /app/ewei_shopv2_api.php?i=2&r=cacheset&version=&comefrom=wxapp&openid=sns_wa_oWJzS5JhIAkkmgAX_Pnkm-ZI_rMw&mid=&merchid=&authkey=ZmEwMXZWak9sbkhxSGJhaERyMytyU2FHYzY5T2t1eTd2Q1Z4M28yS3B2cUFFVFR3QU1XRUlaamVBNDBJMVZWWjA3R1RvQ3NQ&timestamp=1564978394091 yoxwechatbusinessModel::set_user:BEGIN
[2019-08-05 12:13:18] trace  /app/ewei_shopv2_api.php?i=2&r=cacheset&version=1&comefrom=wxapp&openid=sns_wa_oWJzS5JhIAkkmgAX_Pnkm-ZI_rMw&mid=&merchid=&authkey=&timestamp=1564978396004 yoxwechatbusinessModel::set_user:BEGIN
[2019-08-05 12:13:33] trace  /app/ewei_shopv2_api.php?i=2&r=diypage&type=goodsdetail&comefrom=wxapp&openid=sns_wa_oWJzS5JhIAkkmgAX_Pnkm-ZI_rMw&mid=&merchid=&authkey=&timestamp=1564978411267 yoxwechatbusinessModel::set_user:BEGIN
[2019-08-05 12:13:33] trace  /app/ewei_shopv2_api.php?i=2&r=black&comefrom=wxapp&openid=sns_wa_oWJzS5JhIAkkmgAX_Pnkm-ZI_rMw&mid=&merchid=&authkey=&timestamp=1564978411255 yoxwechatbusinessModel::set_user:BEGIN
[2019-08-05 12:13:37] trace  /app/ewei_shopv2_api.php?i=2&r=goods.get_detail&id=28&comefrom=wxapp&openid=sns_wa_oWJzS5JhIAkkmgAX_Pnkm-ZI_rMw&mid=&merchid=&authkey=ZTgwYzU5ckx1REk3eFdsVTdUUTNJZWxUOFQwd2RxZXNDckVDdkJIbUFWbk1qMnZNSHdadGVENVRPbkFNNzhQc1pxdTZ1QkpmK0hiQXhhTzlxTDlFZ0ROQndFVzEzN1BPeXpNb1dhTDJRM0F0dVE%3D&timestamp=1564978415263 yoxwechatbusinessModel::set_user:BEGIN
[2019-08-05 12:13:38] trace  /app/ewei_shopv2_api.php?i=2&r=goods.get_comments&id=28&comefrom=wxapp&openid=sns_wa_oWJzS5JhIAkkmgAX_Pnkm-ZI_rMw&mid=&merchid=&authkey=&timestamp=1564978416028 yoxwechatbusinessModel::set_user:BEGIN
[2019-08-05 12:13:54] trace  /app/ewei_shopv2_api.php?i=2&r=shop.get_hasnewcoupon&comefrom=wxapp&openid=sns_wa_oWJzS5JhIAkkmgAX_Pnkm-ZI_rMw&mid=&merchid=&authkey=&timestamp=1564978431661 yoxwechatbusinessModel::set_user:BEGIN
[2019-08-05 12:13:54] trace  /app/ewei_shopv2_api.php?i=2&r=shop.get_cpinfos&comefrom=wxapp&openid=sns_wa_oWJzS5JhIAkkmgAX_Pnkm-ZI_rMw&mid=&merchid=&authkey=&timestamp=1564978431692 yoxwechatbusinessModel::set_user:BEGIN
[2019-08-05 12:13:54] trace  /app/ewei_shopv2_api.php?i=2&r=shop.get_shopindex&comefrom=wxapp&openid=sns_wa_oWJzS5JhIAkkmgAX_Pnkm-ZI_rMw&mid=&merchid=&authkey=&timestamp=1564978431630 yoxwechatbusinessModel::set_user:BEGIN
[2019-08-05 12:13:56] trace  /app/ewei_shopv2_api.php?i=2&r=diypage&type=goodsdetail&comefrom=wxapp&openid=sns_wa_oWJzS5JhIAkkmgAX_Pnkm-ZI_rMw&mid=&merchid=&authkey=&timestamp=1564978434311 yoxwechatbusinessModel::set_user:BEGIN
[2019-08-05 12:13:56] trace  /app/ewei_shopv2_api.php?i=2&r=black&comefrom=wxapp&openid=sns_wa_oWJzS5JhIAkkmgAX_Pnkm-ZI_rMw&mid=&merchid=&authkey=&timestamp=1564978434298 yoxwechatbusinessModel::set_user:BEGIN
[2019-08-05 12:13:59] trace  /app/ewei_shopv2_api.php?i=2&r=goods.get_detail&id=29&comefrom=wxapp&openid=sns_wa_oWJzS5JhIAkkmgAX_Pnkm-ZI_rMw&mid=&merchid=&authkey=ZTI1N0hPUVpwdDB4K0IwemdYc0JwMndsS1FRb09TRlJEQU92czltcGV1SWlrUGV5NExGMWEzS1ZKNzB3dXc4dXBQanUrczVwb2hUUCtqQUFjWkowR0NOQ0tRbDV3MWlmck5idUZUa1hoUDlodVE%3D&timestamp=1564978436448 yoxwechatbusinessModel::set_user:BEGIN
[2019-08-05 12:14:00] trace  /app/ewei_shopv2_api.php?i=2&r=goods.get_comments&id=29&comefrom=wxapp&openid=sns_wa_oWJzS5JhIAkkmgAX_Pnkm-ZI_rMw&mid=&merchid=&authkey=&timestamp=1564978437533 yoxwechatbusinessModel::set_user:BEGIN
[2019-08-05 12:14:03] trace  /app/ewei_shopv2_api.php?i=2&r=shop.get_hasnewcoupon&comefrom=wxapp&openid=sns_wa_oWJzS5JhIAkkmgAX_Pnkm-ZI_rMw&mid=&merchid=&authkey=&timestamp=1564978440786 yoxwechatbusinessModel::set_user:BEGIN
[2019-08-05 12:14:03] trace  /app/ewei_shopv2_api.php?i=2&r=shop.get_shopindex&comefrom=wxapp&openid=sns_wa_oWJzS5JhIAkkmgAX_Pnkm-ZI_rMw&mid=&merchid=&authkey=&timestamp=1564978440770 yoxwechatbusinessModel::set_user:BEGIN
[2019-08-05 12:14:03] trace  /app/ewei_shopv2_api.php?i=2&r=shop.get_cpinfos&comefrom=wxapp&openid=sns_wa_oWJzS5JhIAkkmgAX_Pnkm-ZI_rMw&mid=&merchid=&authkey=&timestamp=1564978440801 yoxwechatbusinessModel::set_user:BEGIN
[2019-08-05 12:44:33] trace  /app/ewei_shopv2_api.php?i=2&r=shop.get_hasnewcoupon&comefrom=wxapp&openid=sns_wa_oWJzS5PsiX-0D-Xh6sNcEfd0FpHA&mid=&merchid=&authkey=&timestamp=1564980272155 yoxwechatbusinessModel::set_user:BEGIN
[2019-08-05 12:44:33] trace  /app/ewei_shopv2_api.php?i=2&r=shop.get_hasnewcoupon&comefrom=wxapp&openid=sns_wa_oWJzS5PsiX-0D-Xh6sNcEfd0FpHA&mid=&merchid=&authkey=&timestamp=1564980272155 yoxwechatbusinessModel::set_user:END
[2019-08-05 12:44:33] trace  /app/ewei_shopv2_api.php?i=2&r=shop.get_shopindex&comefrom=wxapp&openid=sns_wa_oWJzS5PsiX-0D-Xh6sNcEfd0FpHA&mid=&merchid=&authkey=&timestamp=1564980272145 yoxwechatbusinessModel::set_user:BEGIN
[2019-08-05 12:44:33] trace  /app/ewei_shopv2_api.php?i=2&r=shop.get_shopindex&comefrom=wxapp&openid=sns_wa_oWJzS5PsiX-0D-Xh6sNcEfd0FpHA&mid=&merchid=&authkey=&timestamp=1564980272145 yoxwechatbusinessModel::set_user:END
[2019-08-05 12:44:33] trace  /app/ewei_shopv2_api.php?i=2&r=black&comefrom=wxapp&openid=sns_wa_oWJzS5PsiX-0D-Xh6sNcEfd0FpHA&authkey=&timestamp=1564980272068 yoxwechatbusinessModel::set_user:BEGIN
[2019-08-05 12:44:33] trace  /app/ewei_shopv2_api.php?i=2&r=black&comefrom=wxapp&openid=sns_wa_oWJzS5PsiX-0D-Xh6sNcEfd0FpHA&authkey=&timestamp=1564980272068 yoxwechatbusinessModel::set_user:END
[2019-08-05 12:44:33] trace  /app/ewei_shopv2_api.php?i=2&r=diypage&type=home&comefrom=wxapp&openid=sns_wa_oWJzS5PsiX-0D-Xh6sNcEfd0FpHA&mid=&merchid=&authkey=&timestamp=1564980272103 yoxwechatbusinessModel::set_user:BEGIN
[2019-08-05 12:44:33] trace  /app/ewei_shopv2_api.php?i=2&r=diypage&type=home&comefrom=wxapp&openid=sns_wa_oWJzS5PsiX-0D-Xh6sNcEfd0FpHA&mid=&merchid=&authkey=&timestamp=1564980272103 yoxwechatbusinessModel::set_user:END
[2019-08-05 12:44:34] trace  /app/ewei_shopv2_api.php?i=2&r=shop.get_cpinfos&comefrom=wxapp&openid=sns_wa_oWJzS5PsiX-0D-Xh6sNcEfd0FpHA&mid=&merchid=&authkey=&timestamp=1564980272168 yoxwechatbusinessModel::set_user:BEGIN
[2019-08-05 12:44:34] trace  /app/ewei_shopv2_api.php?i=2&r=shop.get_cpinfos&comefrom=wxapp&openid=sns_wa_oWJzS5PsiX-0D-Xh6sNcEfd0FpHA&mid=&merchid=&authkey=&timestamp=1564980272168 yoxwechatbusinessModel::set_user:END
[2019-08-05 12:44:38] trace  /app/ewei_shopv2_api.php?i=2&r=yoxwechatbusiness&isajax=1&comefrom=wxapp&openid=sns_wa_oWJzS5PsiX-0D-Xh6sNcEfd0FpHA&mid=&merchid=&authkey=OTVkNDlTWXh2M2IyS3RGZW9CL1c2WHk4SWkrdEw1OWx2TzJ0bzFvSlBGM0l4aC9xbDRRYXhydFltdnBVT1hoSkEwaEkvMXY1WHdCcktndHpvRW1jQjNrLzArMA%3D%3D&timestamp=1564980278089 yoxwechatbusinessModel::set_user:BEGIN
[2019-08-05 12:44:38] trace  /app/ewei_shopv2_api.php?i=2&r=yoxwechatbusiness&isajax=1&comefrom=wxapp&openid=sns_wa_oWJzS5PsiX-0D-Xh6sNcEfd0FpHA&mid=&merchid=&authkey=OTVkNDlTWXh2M2IyS3RGZW9CL1c2WHk4SWkrdEw1OWx2TzJ0bzFvSlBGM0l4aC9xbDRRYXhydFltdnBVT1hoSkEwaEkvMXY1WHdCcktndHpvRW1jQjNrLzArMA%3D%3D&timestamp=1564980278089 yoxwechatbusinessModel::set_user:END
[2019-08-05 12:44:38] trace  /app/ewei_shopv2_api.php?i=2&r=bargain.act&comefrom=wxapp&openid=sns_wa_oWJzS5PsiX-0D-Xh6sNcEfd0FpHA&mid=&merchid=&authkey=OTVkNDlTWXh2M2IyS3RGZW9CL1c2WHk4SWkrdEw1OWx2TzJ0bzFvSlBGM0l4aC9xbDRRYXhydFltdnBVT1hoSkEwaEkvMXY1WHdCcktndHpvRW1jQjNrLzArMA%3D%3D&timestamp=1564980278101 yoxwechatbusinessModel::set_user:BEGIN
[2019-08-05 12:44:38] trace  /app/ewei_shopv2_api.php?i=2&r=bargain.act&comefrom=wxapp&openid=sns_wa_oWJzS5PsiX-0D-Xh6sNcEfd0FpHA&mid=&merchid=&authkey=OTVkNDlTWXh2M2IyS3RGZW9CL1c2WHk4SWkrdEw1OWx2TzJ0bzFvSlBGM0l4aC9xbDRRYXhydFltdnBVT1hoSkEwaEkvMXY1WHdCcktndHpvRW1jQjNrLzArMA%3D%3D&timestamp=1564980278101 yoxwechatbusinessModel::set_user:END
[2019-08-05 12:44:58] trace  /app/ewei_shopv2_api.php?i=2&r=shop.get_shopindex&comefrom=wxapp&openid=sns_wa_oWJzS5PsiX-0D-Xh6sNcEfd0FpHA&mid=&merchid=&authkey=&timestamp=1564980298110 yoxwechatbusinessModel::set_user:BEGIN
[2019-08-05 12:44:58] trace  /app/ewei_shopv2_api.php?i=2&r=shop.get_shopindex&comefrom=wxapp&openid=sns_wa_oWJzS5PsiX-0D-Xh6sNcEfd0FpHA&mid=&merchid=&authkey=&timestamp=1564980298110 yoxwechatbusinessModel::set_user:END
[2019-08-05 12:44:58] trace  /app/ewei_shopv2_api.php?i=2&r=shop.get_hasnewcoupon&comefrom=wxapp&openid=sns_wa_oWJzS5PsiX-0D-Xh6sNcEfd0FpHA&mid=&merchid=&authkey=&timestamp=1564980298122 yoxwechatbusinessModel::set_user:BEGIN
[2019-08-05 12:44:58] trace  /app/ewei_shopv2_api.php?i=2&r=shop.get_hasnewcoupon&comefrom=wxapp&openid=sns_wa_oWJzS5PsiX-0D-Xh6sNcEfd0FpHA&mid=&merchid=&authkey=&timestamp=1564980298122 yoxwechatbusinessModel::set_user:END
[2019-08-05 12:44:58] trace  /app/ewei_shopv2_api.php?i=2&r=shop.get_cpinfos&comefrom=wxapp&openid=sns_wa_oWJzS5PsiX-0D-Xh6sNcEfd0FpHA&mid=&merchid=&authkey=&timestamp=1564980298133 yoxwechatbusinessModel::set_user:BEGIN
[2019-08-05 12:44:58] trace  /app/ewei_shopv2_api.php?i=2&r=shop.get_cpinfos&comefrom=wxapp&openid=sns_wa_oWJzS5PsiX-0D-Xh6sNcEfd0FpHA&mid=&merchid=&authkey=&timestamp=1564980298133 yoxwechatbusinessModel::set_user:END
[2019-08-05 12:44:59] trace  /app/ewei_shopv2_api.php?i=2&r=diypage&type=home&comefrom=wxapp&openid=sns_wa_oWJzS5PsiX-0D-Xh6sNcEfd0FpHA&mid=&merchid=&authkey=&timestamp=1564980299435 yoxwechatbusinessModel::set_user:BEGIN
[2019-08-05 12:44:59] trace  /app/ewei_shopv2_api.php?i=2&r=diypage&type=home&comefrom=wxapp&openid=sns_wa_oWJzS5PsiX-0D-Xh6sNcEfd0FpHA&mid=&merchid=&authkey=&timestamp=1564980299435 yoxwechatbusinessModel::set_user:END
[2019-08-05 13:54:48] trace  /app/ewei_shopv2_api.php?i=2&r=black&comefrom=wxapp&openid=sns_wa_oWJzS5AqK5fXwChfll8RgA0GTRF4&mid=&merchid=&authkey=&timestamp=1564984455586 yoxwechatbusinessModel::set_user:BEGIN
[2019-08-05 13:54:48] trace  /app/ewei_shopv2_api.php?i=2&r=black&comefrom=wxapp&openid=sns_wa_oWJzS5AqK5fXwChfll8RgA0GTRF4&mid=&merchid=&authkey=&timestamp=1564984455586 yoxwechatbusinessModel::set_user:END
[2019-08-05 13:54:48] trace  /app/ewei_shopv2_api.php?i=2&r=diypage&type=home&comefrom=wxapp&openid=sns_wa_oWJzS5AqK5fXwChfll8RgA0GTRF4&mid=&merchid=&authkey=&timestamp=1564984455649 yoxwechatbusinessModel::set_user:BEGIN
[2019-08-05 13:54:48] trace  /app/ewei_shopv2_api.php?i=2&r=diypage&type=home&comefrom=wxapp&openid=sns_wa_oWJzS5AqK5fXwChfll8RgA0GTRF4&mid=&merchid=&authkey=&timestamp=1564984455649 yoxwechatbusinessModel::set_user:END
[2019-08-05 13:54:49] trace  /app/ewei_shopv2_api.php?i=2&r=shop.get_shopindex&comefrom=wxapp&openid=sns_wa_oWJzS5AqK5fXwChfll8RgA0GTRF4&mid=&merchid=&authkey=&timestamp=1564984455734 yoxwechatbusinessModel::set_user:BEGIN
[2019-08-05 13:54:49] trace  /app/ewei_shopv2_api.php?i=2&r=shop.get_shopindex&comefrom=wxapp&openid=sns_wa_oWJzS5AqK5fXwChfll8RgA0GTRF4&mid=&merchid=&authkey=&timestamp=1564984455734 yoxwechatbusinessModel::set_user:END
[2019-08-05 13:54:49] trace  /app/ewei_shopv2_api.php?i=2&r=shop.get_hasnewcoupon&comefrom=wxapp&openid=sns_wa_oWJzS5AqK5fXwChfll8RgA0GTRF4&mid=&merchid=&authkey=&timestamp=1564984455789 yoxwechatbusinessModel::set_user:BEGIN
[2019-08-05 13:54:49] trace  /app/ewei_shopv2_api.php?i=2&r=shop.get_hasnewcoupon&comefrom=wxapp&openid=sns_wa_oWJzS5AqK5fXwChfll8RgA0GTRF4&mid=&merchid=&authkey=&timestamp=1564984455789 yoxwechatbusinessModel::set_user:END
[2019-08-05 13:54:49] trace  /app/ewei_shopv2_api.php?i=2&r=shop.get_cpinfos&comefrom=wxapp&openid=sns_wa_oWJzS5AqK5fXwChfll8RgA0GTRF4&mid=&merchid=&authkey=&timestamp=1564984455825 yoxwechatbusinessModel::set_user:BEGIN
[2019-08-05 13:54:49] trace  /app/ewei_shopv2_api.php?i=2&r=shop.get_cpinfos&comefrom=wxapp&openid=sns_wa_oWJzS5AqK5fXwChfll8RgA0GTRF4&mid=&merchid=&authkey=&timestamp=1564984455825 yoxwechatbusinessModel::set_user:END
[2019-08-05 13:55:12] trace  /app/ewei_shopv2_api.php?i=2&r=yoxwechatbusiness&isajax=1&comefrom=wxapp&openid=sns_wa_oWJzS5AqK5fXwChfll8RgA0GTRF4&mid=&merchid=&authkey=&timestamp=1564984479211 yoxwechatbusinessModel::set_user:BEGIN
[2019-08-05 13:55:12] trace  /app/ewei_shopv2_api.php?i=2&r=yoxwechatbusiness&isajax=1&comefrom=wxapp&openid=sns_wa_oWJzS5AqK5fXwChfll8RgA0GTRF4&mid=&merchid=&authkey=&timestamp=1564984479211 yoxwechatbusinessModel::set_user:END
[2019-08-05 13:55:12] trace  /app/ewei_shopv2_api.php?i=2&r=bargain.act&comefrom=wxapp&openid=sns_wa_oWJzS5AqK5fXwChfll8RgA0GTRF4&mid=&merchid=&authkey=&timestamp=1564984479244 yoxwechatbusinessModel::set_user:BEGIN
[2019-08-05 13:55:12] trace  /app/ewei_shopv2_api.php?i=2&r=bargain.act&comefrom=wxapp&openid=sns_wa_oWJzS5AqK5fXwChfll8RgA0GTRF4&mid=&merchid=&authkey=&timestamp=1564984479244 yoxwechatbusinessModel::set_user:END
[2019-08-05 13:55:19] trace  /app/ewei_shopv2_api.php?i=2&r=yoxwechatbusiness.user.my_info&isajax=1&comefrom=wxapp&openid=sns_wa_oWJzS5AqK5fXwChfll8RgA0GTRF4&mid=&merchid=&authkey=&timestamp=1564984485377 yoxwechatbusinessModel::set_user:BEGIN
[2019-08-05 13:55:19] trace  /app/ewei_shopv2_api.php?i=2&r=yoxwechatbusiness.user.my_info&isajax=1&comefrom=wxapp&openid=sns_wa_oWJzS5AqK5fXwChfll8RgA0GTRF4&mid=&merchid=&authkey=&timestamp=1564984485377 yoxwechatbusinessModel::set_user:END
[2019-08-05 14:04:34] trace  /app/ewei_shopv2_api.php?i=2&r=black&comefrom=wxapp&openid=sns_wa_oWJzS5M1k1jtdJfdxvIY-qL9-YMo&authkey=&timestamp=1564985070845 yoxwechatbusinessModel::set_user:BEGIN
[2019-08-05 14:04:35] trace  /app/ewei_shopv2_api.php?i=2&r=shop.get_hasnewcoupon&comefrom=wxapp&openid=sns_wa_oWJzS5M1k1jtdJfdxvIY-qL9-YMo&mid=&merchid=&authkey=&timestamp=1564985070878 yoxwechatbusinessModel::set_user:BEGIN
[2019-08-05 14:04:35] trace  /app/ewei_shopv2_api.php?i=2&r=diypage&type=home&comefrom=wxapp&openid=sns_wa_oWJzS5M1k1jtdJfdxvIY-qL9-YMo&mid=&merchid=&authkey=&timestamp=1564985070854 yoxwechatbusinessModel::set_user:BEGIN
[2019-08-05 14:04:35] trace  /app/ewei_shopv2_api.php?i=2&r=shop.get_shopindex&comefrom=wxapp&openid=sns_wa_oWJzS5M1k1jtdJfdxvIY-qL9-YMo&mid=&merchid=&authkey=&timestamp=1564985070874 yoxwechatbusinessModel::set_user:BEGIN
[2019-08-05 14:04:35] trace  /app/ewei_shopv2_api.php?i=2&r=shop.get_cpinfos&comefrom=wxapp&openid=sns_wa_oWJzS5M1k1jtdJfdxvIY-qL9-YMo&mid=&merchid=&authkey=&timestamp=1564985070892 yoxwechatbusinessModel::set_user:BEGIN
[2019-08-05 14:04:57] trace  /app/ewei_shopv2_api.php?i=2&r=shop.get_category&comefrom=wxapp&openid=sns_wa_oWJzS5M1k1jtdJfdxvIY-qL9-YMo&mid=&merchid=&authkey=ZjJmNjFnUk54TDAzeGZnUDg2cUw1bHVEZVdHYzBmc29ieWRadDNhT3dYK2srUVdxMDZTenNFVmd6cFZ3VERSTllRQUpzYTVqd1JhUUxrZFFITzBQd0FvWnZHRjNpZmMvbGFwWTY5amxZcUh2SWc%3D&timestamp=1564985097542 yoxwechatbusinessModel::set_user:BEGIN
[2019-08-05 14:05:10] trace  /app/ewei_shopv2_api.php?i=2&r=black&comefrom=wxapp&openid=sns_wa_oWJzS5M1k1jtdJfdxvIY-qL9-YMo&mid=&merchid=&authkey=&timestamp=1564985110678 yoxwechatbusinessModel::set_user:BEGIN
[2019-08-05 14:05:10] trace  /app/ewei_shopv2_api.php?i=2&r=diypage&type=goodsdetail&comefrom=wxapp&openid=sns_wa_oWJzS5M1k1jtdJfdxvIY-qL9-YMo&mid=&merchid=&authkey=&timestamp=1564985110687 yoxwechatbusinessModel::set_user:BEGIN
[2019-08-05 14:05:11] trace  /app/ewei_shopv2_api.php?i=2&r=goods.get_detail&id=53&comefrom=wxapp&openid=sns_wa_oWJzS5M1k1jtdJfdxvIY-qL9-YMo&mid=&merchid=&authkey=OGZhZVUwZjlMSUlocHBpbFByazJaMXk1bnN4eEZhbXhmSDMyWW4vYy9peWNHQXBheW9lTzMrcm9jdDVaWHlWQlBJMEhuWXFINGRXcVRYNlBPSUkzdGhHS0pFMVlHSC9NaUdKNXlOTjJQT0E1VEE%3D&timestamp=1564985111910 yoxwechatbusinessModel::set_user:BEGIN
[2019-08-05 14:05:12] trace  /app/ewei_shopv2_api.php?i=2&r=goods.get_comments&id=53&comefrom=wxapp&openid=sns_wa_oWJzS5M1k1jtdJfdxvIY-qL9-YMo&mid=&merchid=&authkey=&timestamp=1564985112328 yoxwechatbusinessModel::set_user:BEGIN
[2019-08-05 14:09:39] trace  /app/ewei_shopv2_api.php?i=2&r=shop.get_hasnewcoupon&comefrom=wxapp&openid=sns_wa_oWJzS5Cp5rmNrs0T0NQ0Qq6mfmu4&mid=&merchid=&authkey=MjkzME9uVFV1ejhOdWlES0F1M1h1U3lkaWdCdktmcWU2TDBCeDBXWmVhQ00yVS9Ga2dYRWJlN2U0b2ZKdnNLbTZIUVh3RXdaZDdvSGVKSWY5Mi9yRDhCaHN5ZjJyY0FyeVBhR0dKTDZsb2VkU3c%3D&timestamp=1564985378570 yoxwechatbusinessModel::set_user:BEGIN
[2019-08-05 14:09:39] trace  /app/ewei_shopv2_api.php?i=2&r=shop.get_shopindex&comefrom=wxapp&openid=sns_wa_oWJzS5Cp5rmNrs0T0NQ0Qq6mfmu4&mid=&merchid=&authkey=MjkzME9uVFV1ejhOdWlES0F1M1h1U3lkaWdCdktmcWU2TDBCeDBXWmVhQ00yVS9Ga2dYRWJlN2U0b2ZKdnNLbTZIUVh3RXdaZDdvSGVKSWY5Mi9yRDhCaHN5ZjJyY0FyeVBhR0dKTDZsb2VkU3c%3D&timestamp=1564985378553 yoxwechatbusinessModel::set_user:BEGIN
[2019-08-05 14:09:39] trace  /app/ewei_shopv2_api.php?i=2&r=diypage&type=home&comefrom=wxapp&openid=sns_wa_oWJzS5Cp5rmNrs0T0NQ0Qq6mfmu4&mid=&merchid=&authkey=MjkzME9uVFV1ejhOdWlES0F1M1h1U3lkaWdCdktmcWU2TDBCeDBXWmVhQ00yVS9Ga2dYRWJlN2U0b2ZKdnNLbTZIUVh3RXdaZDdvSGVKSWY5Mi9yRDhCaHN5ZjJyY0FyeVBhR0dKTDZsb2VkU3c%3D&timestamp=1564985378500 yoxwechatbusinessModel::set_user:BEGIN
[2019-08-05 14:09:39] trace  /app/ewei_shopv2_api.php?i=2&r=shop.get_cpinfos&comefrom=wxapp&openid=sns_wa_oWJzS5Cp5rmNrs0T0NQ0Qq6mfmu4&mid=&merchid=&authkey=MjkzME9uVFV1ejhOdWlES0F1M1h1U3lkaWdCdktmcWU2TDBCeDBXWmVhQ00yVS9Ga2dYRWJlN2U0b2ZKdnNLbTZIUVh3RXdaZDdvSGVKSWY5Mi9yRDhCaHN5ZjJyY0FyeVBhR0dKTDZsb2VkU3c%3D&timestamp=1564985378599 yoxwechatbusinessModel::set_user:BEGIN
[2019-08-05 14:09:40] trace  /app/ewei_shopv2_api.php?i=2&r=black&comefrom=wxapp&openid=sns_wa_oWJzS5Cp5rmNrs0T0NQ0Qq6mfmu4&authkey=MjkzME9uVFV1ejhOdWlES0F1M1h1U3lkaWdCdktmcWU2TDBCeDBXWmVhQ00yVS9Ga2dYRWJlN2U0b2ZKdnNLbTZIUVh3RXdaZDdvSGVKSWY5Mi9yRDhCaHN5ZjJyY0FyeVBhR0dKTDZsb2VkU3c%3D&timestamp=1564985378448 yoxwechatbusinessModel::set_user:BEGIN
[2019-08-05 14:09:46] trace  /app/ewei_shopv2_api.php?i=2&r=bargain.act&comefrom=wxapp&openid=sns_wa_oWJzS5Cp5rmNrs0T0NQ0Qq6mfmu4&mid=&merchid=&authkey=NDE5ZURoVjlFYURQRzAyZGRpOUQrUDlMQlBZRExISzBwMVNsanZTQXN0VjNOcktPOHdFdk10ejFsZldvOTQwYnMzLzloVzd1NGU2TjRKdWNyc1daSW0zZXcwKzF5b0wyUDV3V3lBZlQwaTZ5OEE%3D&timestamp=1564985386561 yoxwechatbusinessModel::set_user:BEGIN
[2019-08-05 14:09:46] trace  /app/ewei_shopv2_api.php?i=2&r=yoxwechatbusiness&isajax=1&comefrom=wxapp&openid=sns_wa_oWJzS5Cp5rmNrs0T0NQ0Qq6mfmu4&mid=&merchid=&authkey=NDE5ZURoVjlFYURQRzAyZGRpOUQrUDlMQlBZRExISzBwMVNsanZTQXN0VjNOcktPOHdFdk10ejFsZldvOTQwYnMzLzloVzd1NGU2TjRKdWNyc1daSW0zZXcwKzF5b0wyUDV3V3lBZlQwaTZ5OEE%3D&timestamp=1564985386538 yoxwechatbusinessModel::set_user:BEGIN
[2019-08-05 14:09:48] trace  /app/ewei_shopv2_api.php?i=2&r=black&comefrom=wxapp&openid=sns_wa_oWJzS5Cp5rmNrs0T0NQ0Qq6mfmu4&mid=&merchid=&authkey=&timestamp=1564985388592 yoxwechatbusinessModel::set_user:BEGIN
[2019-08-05 14:09:48] trace  /app/ewei_shopv2_api.php?i=2&r=diypage&type=home&comefrom=wxapp&openid=sns_wa_oWJzS5Cp5rmNrs0T0NQ0Qq6mfmu4&mid=&merchid=&authkey=&timestamp=1564985388622 yoxwechatbusinessModel::set_user:BEGIN
[2019-08-05 14:09:48] trace  /app/ewei_shopv2_api.php?i=2&r=shop.get_shopindex&comefrom=wxapp&openid=sns_wa_oWJzS5Cp5rmNrs0T0NQ0Qq6mfmu4&mid=&merchid=&authkey=&timestamp=1564985388663 yoxwechatbusinessModel::set_user:BEGIN
[2019-08-05 14:09:48] trace  /app/ewei_shopv2_api.php?i=2&r=shop.get_hasnewcoupon&comefrom=wxapp&openid=sns_wa_oWJzS5Cp5rmNrs0T0NQ0Qq6mfmu4&mid=&merchid=&authkey=&timestamp=1564985388675 yoxwechatbusinessModel::set_user:BEGIN
[2019-08-05 14:09:48] trace  /app/ewei_shopv2_api.php?i=2&r=shop.get_cpinfos&comefrom=wxapp&openid=sns_wa_oWJzS5Cp5rmNrs0T0NQ0Qq6mfmu4&mid=&merchid=&authkey=&timestamp=1564985388687 yoxwechatbusinessModel::set_user:BEGIN
[2019-08-05 14:09:53] trace  /app/ewei_shopv2_api.php?i=2&r=black&comefrom=wxapp&openid=sns_wa_oWJzS5Cp5rmNrs0T0NQ0Qq6mfmu4&mid=&merchid=&authkey=&timestamp=1564985393448 yoxwechatbusinessModel::set_user:BEGIN
[2019-08-05 14:09:53] trace  /app/ewei_shopv2_api.php?i=2&r=diypage&type=home&comefrom=wxapp&openid=sns_wa_oWJzS5Cp5rmNrs0T0NQ0Qq6mfmu4&mid=&merchid=&authkey=&timestamp=1564985393494 yoxwechatbusinessModel::set_user:BEGIN
[2019-08-05 14:09:53] trace  /app/ewei_shopv2_api.php?i=2&r=shop.get_shopindex&comefrom=wxapp&openid=sns_wa_oWJzS5Cp5rmNrs0T0NQ0Qq6mfmu4&mid=&merchid=&authkey=&timestamp=1564985393536 yoxwechatbusinessModel::set_user:BEGIN
[2019-08-05 14:09:53] trace  /app/ewei_shopv2_api.php?i=2&r=shop.get_hasnewcoupon&comefrom=wxapp&openid=sns_wa_oWJzS5Cp5rmNrs0T0NQ0Qq6mfmu4&mid=&merchid=&authkey=&timestamp=1564985393552 yoxwechatbusinessModel::set_user:BEGIN
[2019-08-05 14:09:53] trace  /app/ewei_shopv2_api.php?i=2&r=shop.get_cpinfos&comefrom=wxapp&openid=sns_wa_oWJzS5Cp5rmNrs0T0NQ0Qq6mfmu4&mid=&merchid=&authkey=&timestamp=1564985393571 yoxwechatbusinessModel::set_user:BEGIN
[2019-08-05 14:09:57] trace  /app/ewei_shopv2_api.php?i=2&r=yoxwechatbusiness&isajax=1&comefrom=wxapp&openid=sns_wa_oWJzS5Cp5rmNrs0T0NQ0Qq6mfmu4&mid=&merchid=&authkey=Y2Y2YkFuWlFYQnRrclNmMWNLUzdnaVR0U1lNK1BKbW1NeStOTTV2SFdQMGlpTVBBTjNLM0htVVpKRExEOENhTVVBZVVLMWtXTzZITXRSZnIwTktQdEx2SWN6eHFOeXlUeXRpRGlxOTloZ1FVSFE%3D&timestamp=1564985397907 yoxwechatbusinessModel::set_user:BEGIN
[2019-08-05 14:09:57] trace  /app/ewei_shopv2_api.php?i=2&r=bargain.act&comefrom=wxapp&openid=sns_wa_oWJzS5Cp5rmNrs0T0NQ0Qq6mfmu4&mid=&merchid=&authkey=Y2Y2YkFuWlFYQnRrclNmMWNLUzdnaVR0U1lNK1BKbW1NeStOTTV2SFdQMGlpTVBBTjNLM0htVVpKRExEOENhTVVBZVVLMWtXTzZITXRSZnIwTktQdEx2SWN6eHFOeXlUeXRpRGlxOTloZ1FVSFE%3D&timestamp=1564985397930 yoxwechatbusinessModel::set_user:BEGIN
[2019-08-05 14:09:59] trace  /app/ewei_shopv2_api.php?i=2&r=black&comefrom=wxapp&openid=sns_wa_oWJzS5Cp5rmNrs0T0NQ0Qq6mfmu4&mid=&merchid=&authkey=&timestamp=1564985399671 yoxwechatbusinessModel::set_user:BEGIN
[2019-08-05 14:09:59] trace  /app/ewei_shopv2_api.php?i=2&r=diypage&type=home&comefrom=wxapp&openid=sns_wa_oWJzS5Cp5rmNrs0T0NQ0Qq6mfmu4&mid=&merchid=&authkey=&timestamp=1564985399712 yoxwechatbusinessModel::set_user:BEGIN
[2019-08-05 14:09:59] trace  /app/ewei_shopv2_api.php?i=2&r=shop.get_shopindex&comefrom=wxapp&openid=sns_wa_oWJzS5Cp5rmNrs0T0NQ0Qq6mfmu4&mid=&merchid=&authkey=&timestamp=1564985399752 yoxwechatbusinessModel::set_user:BEGIN
[2019-08-05 14:09:59] trace  /app/ewei_shopv2_api.php?i=2&r=shop.get_hasnewcoupon&comefrom=wxapp&openid=sns_wa_oWJzS5Cp5rmNrs0T0NQ0Qq6mfmu4&mid=&merchid=&authkey=&timestamp=1564985399771 yoxwechatbusinessModel::set_user:BEGIN
[2019-08-05 14:10:00] trace  /app/ewei_shopv2_api.php?i=2&r=shop.get_cpinfos&comefrom=wxapp&openid=sns_wa_oWJzS5Cp5rmNrs0T0NQ0Qq6mfmu4&mid=&merchid=&authkey=&timestamp=1564985399790 yoxwechatbusinessModel::set_user:BEGIN
[2019-08-05 14:10:05] trace  /app/ewei_shopv2_api.php?i=2&r=diypage&type=7&comefrom=wxapp&openid=sns_wa_oWJzS5Cp5rmNrs0T0NQ0Qq6mfmu4&mid=&merchid=&authkey=&timestamp=1564985405284 yoxwechatbusinessModel::set_user:BEGIN
[2019-08-05 14:10:05] trace  /app/ewei_shopv2_api.php?i=2&r=diypage&id=7&comefrom=wxapp&openid=sns_wa_oWJzS5Cp5rmNrs0T0NQ0Qq6mfmu4&mid=&merchid=&authkey=&timestamp=1564985405326 yoxwechatbusinessModel::set_user:BEGIN
[2019-08-05 14:10:08] trace  /app/ewei_shopv2_api.php?i=2&r=shop.get_shopindex&comefrom=wxapp&openid=sns_wa_oWJzS5Cp5rmNrs0T0NQ0Qq6mfmu4&mid=&merchid=&authkey=&timestamp=1564985408268 yoxwechatbusinessModel::set_user:BEGIN
[2019-08-05 14:10:08] trace  /app/ewei_shopv2_api.php?i=2&r=shop.get_hasnewcoupon&comefrom=wxapp&openid=sns_wa_oWJzS5Cp5rmNrs0T0NQ0Qq6mfmu4&mid=&merchid=&authkey=&timestamp=1564985408290 yoxwechatbusinessModel::set_user:BEGIN
[2019-08-05 14:10:08] trace  /app/ewei_shopv2_api.php?i=2&r=shop.get_cpinfos&comefrom=wxapp&openid=sns_wa_oWJzS5Cp5rmNrs0T0NQ0Qq6mfmu4&mid=&merchid=&authkey=&timestamp=1564985408310 yoxwechatbusinessModel::set_user:BEGIN
[2019-08-05 14:10:11] trace  /app/ewei_shopv2_api.php?i=2&r=shop.get_category&comefrom=wxapp&openid=sns_wa_oWJzS5Cp5rmNrs0T0NQ0Qq6mfmu4&mid=&merchid=&authkey=&timestamp=1564985411586 yoxwechatbusinessModel::set_user:BEGIN
[2019-08-05 14:10:19] trace  /app/ewei_shopv2_api.php?i=2&r=black&comefrom=wxapp&openid=sns_wa_oWJzS5Cp5rmNrs0T0NQ0Qq6mfmu4&mid=&merchid=&authkey=&timestamp=1564985419907 yoxwechatbusinessModel::set_user:BEGIN
[2019-08-05 14:10:19] trace  /app/ewei_shopv2_api.php?i=2&r=diypage&type=goodsdetail&comefrom=wxapp&openid=sns_wa_oWJzS5Cp5rmNrs0T0NQ0Qq6mfmu4&mid=&merchid=&authkey=&timestamp=1564985419922 yoxwechatbusinessModel::set_user:BEGIN
[2019-08-05 14:10:21] trace  /app/ewei_shopv2_api.php?i=2&r=goods.get_detail&id=48&comefrom=wxapp&openid=sns_wa_oWJzS5Cp5rmNrs0T0NQ0Qq6mfmu4&mid=&merchid=&authkey=Njk1MHY0ZXJhTWw5VGkrU0V0bUd6ZUNaVU12b1B0R2xsR28zdHllbXVFWksreVJJZVpUYjUvSTZuZ1B6STVNOGZ0ekUwZk5oUW1RbmRMUFNwVXRRaEpXZGhSUkp5V2JKcllIMGlMM1lwTU9rTmc%3D&timestamp=1564985421302 yoxwechatbusinessModel::set_user:BEGIN
[2019-08-05 14:10:21] trace  /app/ewei_shopv2_api.php?i=2&r=goods.get_comments&id=48&comefrom=wxapp&openid=sns_wa_oWJzS5Cp5rmNrs0T0NQ0Qq6mfmu4&mid=&merchid=&authkey=&timestamp=1564985421780 yoxwechatbusinessModel::set_user:BEGIN
[2019-08-05 14:10:30] trace  /app/ewei_shopv2_api.php?i=2&r=shop.get_shopindex&comefrom=wxapp&openid=sns_wa_oWJzS5Cp5rmNrs0T0NQ0Qq6mfmu4&mid=&merchid=&authkey=&timestamp=1564985430593 yoxwechatbusinessModel::set_user:BEGIN
[2019-08-05 14:10:30] trace  /app/ewei_shopv2_api.php?i=2&r=shop.get_hasnewcoupon&comefrom=wxapp&openid=sns_wa_oWJzS5Cp5rmNrs0T0NQ0Qq6mfmu4&mid=&merchid=&authkey=&timestamp=1564985430611 yoxwechatbusinessModel::set_user:BEGIN
[2019-08-05 14:10:30] trace  /app/ewei_shopv2_api.php?i=2&r=shop.get_cpinfos&comefrom=wxapp&openid=sns_wa_oWJzS5Cp5rmNrs0T0NQ0Qq6mfmu4&mid=&merchid=&authkey=&timestamp=1564985430625 yoxwechatbusinessModel::set_user:BEGIN
[2019-08-05 14:54:28] trace  /app/ewei_shopv2_api.php?i=2&r=cacheset&version=&comefrom=wxapp&openid=sns_wa_oWJzS5Dn6ibHN-z1gtdCruPhBuHQ&mid=&merchid=&authkey=NjhiOVNRMHEvUUM5QW1OMnV5Ujc2R3hJV1dJcmVBK3RTRWNFMSsrWkdrUTcwdzM3K2FjU1VHNnNNQ3RQdXJOckN0b1VTT0Fj&timestamp=1564988068305 yoxwechatbusinessModel::set_user:BEGIN
[2019-08-05 14:54:29] trace  /app/ewei_shopv2_api.php?i=2&r=cacheset&version=&comefrom=wxapp&openid=sns_wa_oWJzS5Dn6ibHN-z1gtdCruPhBuHQ&mid=&merchid=&authkey=MDMzMTIrdUVsQnBKUUM4cmNLaDM1dHF4Rks2WEJsY1hma0xHbnhGYVVGSkducllVdk9BMmhpQWlYMGhIYkpsL1ZqMUQ3YzY3bERtSnBBL1hZWkxDRld0Y2xrOGg1dkEyelo5T2VHTGhWcHJCcmc%3D&timestamp=1564988068998 yoxwechatbusinessModel::set_user:BEGIN
[2019-08-05 14:54:46] trace  /app/ewei_shopv2_api.php?i=2&r=goods.get_category&comefrom=wxapp&openid=sns_wa_oWJzS5Dn6ibHN-z1gtdCruPhBuHQ&mid=&merchid=&authkey=&timestamp=1564988086542 yoxwechatbusinessModel::set_user:BEGIN
[2019-08-05 14:54:46] trace  /app/ewei_shopv2_api.php?i=2&r=goods.get_list&page=1&comefrom=wxapp&openid=sns_wa_oWJzS5Dn6ibHN-z1gtdCruPhBuHQ&mid=&merchid=&authkey=&timestamp=1564988086553 yoxwechatbusinessModel::set_user:BEGIN
[2019-08-05 14:54:53] trace  /app/ewei_shopv2_api.php?i=2&r=goods.get_list&page=2&comefrom=wxapp&openid=sns_wa_oWJzS5Dn6ibHN-z1gtdCruPhBuHQ&mid=&merchid=&authkey=&timestamp=1564988093635 yoxwechatbusinessModel::set_user:BEGIN
[2019-08-05 14:54:57] trace  /app/ewei_shopv2_api.php?i=2&r=shop.get_shopindex&comefrom=wxapp&openid=sns_wa_oWJzS5Dn6ibHN-z1gtdCruPhBuHQ&mid=&merchid=&authkey=&timestamp=1564988096179 yoxwechatbusinessModel::set_user:BEGIN
[2019-08-05 14:54:57] trace  /app/ewei_shopv2_api.php?i=2&r=shop.get_hasnewcoupon&comefrom=wxapp&openid=sns_wa_oWJzS5Dn6ibHN-z1gtdCruPhBuHQ&mid=&merchid=&authkey=&timestamp=1564988096184 yoxwechatbusinessModel::set_user:BEGIN
[2019-08-05 14:54:57] trace  /app/ewei_shopv2_api.php?i=2&r=shop.get_cpinfos&comefrom=wxapp&openid=sns_wa_oWJzS5Dn6ibHN-z1gtdCruPhBuHQ&mid=&merchid=&authkey=&timestamp=1564988096189 yoxwechatbusinessModel::set_user:BEGIN
[2019-08-05 14:55:09] trace  /app/ewei_shopv2_api.php?i=2&r=shop.get_category&comefrom=wxapp&openid=sns_wa_oWJzS5Dn6ibHN-z1gtdCruPhBuHQ&mid=&merchid=&authkey=&timestamp=1564988108973 yoxwechatbusinessModel::set_user:BEGIN
[2019-08-05 14:55:17] trace  /app/ewei_shopv2_api.php?i=2&r=black&comefrom=wxapp&openid=sns_wa_oWJzS5Dn6ibHN-z1gtdCruPhBuHQ&mid=&merchid=&authkey=&timestamp=1564988117767 yoxwechatbusinessModel::set_user:BEGIN
[2019-08-05 14:55:17] trace  /app/ewei_shopv2_api.php?i=2&r=diypage&type=goodsdetail&comefrom=wxapp&openid=sns_wa_oWJzS5Dn6ibHN-z1gtdCruPhBuHQ&mid=&merchid=&authkey=&timestamp=1564988117777 yoxwechatbusinessModel::set_user:BEGIN
[2019-08-05 14:55:20] trace  /app/ewei_shopv2_api.php?i=2&r=goods.get_detail&id=61&comefrom=wxapp&openid=sns_wa_oWJzS5Dn6ibHN-z1gtdCruPhBuHQ&mid=&merchid=&authkey=MTViNkVjRGlMeFFVcndJcEdXQVBpYjlJa0xpMXQ5RE5rZDZBZURZOVdBdFl3QzFGa08rTnozSkpjNU5XUjl3RVdsL0YvKzc1OS9PVk5YMVVyWnY0bmZoTjJ5TUN4S1FTb1lVTzlzaXZ6dWcycmc%3D&timestamp=1564988120014 yoxwechatbusinessModel::set_user:BEGIN
[2019-08-05 14:55:20] trace  /app/ewei_shopv2_api.php?i=2&r=package.get_list&goodsid=61&comefrom=wxapp&openid=sns_wa_oWJzS5Dn6ibHN-z1gtdCruPhBuHQ&mid=&merchid=&authkey=&timestamp=1564988120284 yoxwechatbusinessModel::set_user:BEGIN
[2019-08-05 14:55:20] trace  /app/ewei_shopv2_api.php?i=2&r=goods.get_comments&id=61&comefrom=wxapp&openid=sns_wa_oWJzS5Dn6ibHN-z1gtdCruPhBuHQ&mid=&merchid=&authkey=&timestamp=1564988120444 yoxwechatbusinessModel::set_user:BEGIN
[2019-08-05 14:56:01] trace  /app/ewei_shopv2_api.php?i=2&r=goods.get_category&comefrom=wxapp&openid=sns_wa_oWJzS5Dn6ibHN-z1gtdCruPhBuHQ&mid=&merchid=&authkey=&timestamp=1564988161024 yoxwechatbusinessModel::set_user:BEGIN
[2019-08-05 14:56:01] trace  /app/ewei_shopv2_api.php?i=2&r=goods.get_list&page=1&comefrom=wxapp&openid=sns_wa_oWJzS5Dn6ibHN-z1gtdCruPhBuHQ&mid=&merchid=&authkey=&timestamp=1564988161110 yoxwechatbusinessModel::set_user:BEGIN
[2019-08-05 14:56:06] trace  /app/ewei_shopv2_api.php?i=2&r=goods.get_list&page=2&comefrom=wxapp&openid=sns_wa_oWJzS5Dn6ibHN-z1gtdCruPhBuHQ&mid=&merchid=&authkey=&timestamp=1564988165986 yoxwechatbusinessModel::set_user:BEGIN
[2019-08-05 14:56:08] trace  /app/ewei_shopv2_api.php?i=2&r=shop.get_shopindex&comefrom=wxapp&openid=sns_wa_oWJzS5Dn6ibHN-z1gtdCruPhBuHQ&mid=&merchid=&authkey=&timestamp=1564988168667 yoxwechatbusinessModel::set_user:BEGIN
[2019-08-05 14:56:08] trace  /app/ewei_shopv2_api.php?i=2&r=shop.get_hasnewcoupon&comefrom=wxapp&openid=sns_wa_oWJzS5Dn6ibHN-z1gtdCruPhBuHQ&mid=&merchid=&authkey=&timestamp=1564988168673 yoxwechatbusinessModel::set_user:BEGIN
[2019-08-05 14:56:08] trace  /app/ewei_shopv2_api.php?i=2&r=shop.get_cpinfos&comefrom=wxapp&openid=sns_wa_oWJzS5Dn6ibHN-z1gtdCruPhBuHQ&mid=&merchid=&authkey=&timestamp=1564988168677 yoxwechatbusinessModel::set_user:BEGIN
[2019-08-05 14:56:09] trace  /app/ewei_shopv2_api.php?i=2&r=goods.get_category&comefrom=wxapp&openid=sns_wa_oWJzS5Dn6ibHN-z1gtdCruPhBuHQ&mid=&merchid=&authkey=&timestamp=1564988169628 yoxwechatbusinessModel::set_user:BEGIN
[2019-08-05 14:56:17] trace  /app/ewei_shopv2_api.php?i=2&r=goods.get_list&keywords=D%E5%A5%B3%E9%83%8E&isrecommand=&ishot=&isnew=&isdiscount=&issendfree=&istime=&cate=&order=&by=&merchid=&page=1&comefrom=wxapp&openid=sns_wa_oWJzS5Dn6ibHN-z1gtdCruPhBuHQ&mid=&authkey=&timestamp=1564988177906 yoxwechatbusinessModel::set_user:BEGIN
[2019-08-05 14:56:26] trace  /app/ewei_shopv2_api.php?i=2&r=shop.get_shopindex&comefrom=wxapp&openid=sns_wa_oWJzS5Dn6ibHN-z1gtdCruPhBuHQ&mid=&merchid=&authkey=&timestamp=1564988186468 yoxwechatbusinessModel::set_user:BEGIN
[2019-08-05 14:56:26] trace  /app/ewei_shopv2_api.php?i=2&r=shop.get_hasnewcoupon&comefrom=wxapp&openid=sns_wa_oWJzS5Dn6ibHN-z1gtdCruPhBuHQ&mid=&merchid=&authkey=&timestamp=1564988186476 yoxwechatbusinessModel::set_user:BEGIN
[2019-08-05 14:56:26] trace  /app/ewei_shopv2_api.php?i=2&r=shop.get_cpinfos&comefrom=wxapp&openid=sns_wa_oWJzS5Dn6ibHN-z1gtdCruPhBuHQ&mid=&merchid=&authkey=&timestamp=1564988186481 yoxwechatbusinessModel::set_user:BEGIN
[2019-08-05 21:54:06] trace  /app/ewei_shopv2_api.php?i=2&r=cacheset&version=&comefrom=wxapp&openid=sns_wa_oWJzS5MLpdzj8sdDve1VbCuQkJos&mid=&merchid=&authkey=MTVkNEJJNGRETWQ3KzRPVjM2cWxZVExOOFBsaWYrTFhXNm00dEN6UkxPOEhXK2dNOGhLVjFWNEk0Y0RGNTFqOUtmdXdkY2k3&timestamp=1565013246879 yoxwechatbusinessModel::set_user:BEGIN
[2019-08-05 21:54:45] trace  /app/ewei_shopv2_api.php?i=2&r=diypage&type=6&comefrom=wxapp&openid=sns_wa_oWJzS5MLpdzj8sdDve1VbCuQkJos&mid=&merchid=&authkey=MjlkNnJZZnJ3eHQ1Q2NjaVNSS1daZTJyaDU1U3U4cDNDT2tRbG9lVm9YLzVkY2ZFOVlMcFFjejd0R0tXRFV1ekdDMWtEell5S2V4d0JJcUtjN3lrRzUxc2tsQWUwU2RjbWNQRUhhenUyMi9tMEE%3D&timestamp=1565013285448 yoxwechatbusinessModel::set_user:BEGIN
[2019-08-05 21:54:45] trace  /app/ewei_shopv2_api.php?i=2&r=diypage&id=6&comefrom=wxapp&openid=sns_wa_oWJzS5MLpdzj8sdDve1VbCuQkJos&mid=&merchid=&authkey=MjlkNnJZZnJ3eHQ1Q2NjaVNSS1daZTJyaDU1U3U4cDNDT2tRbG9lVm9YLzVkY2ZFOVlMcFFjejd0R0tXRFV1ekdDMWtEell5S2V4d0JJcUtjN3lrRzUxc2tsQWUwU2RjbWNQRUhhenUyMi9tMEE%3D&timestamp=1565013285456 yoxwechatbusinessModel::set_user:BEGIN
[2019-08-05 21:54:48] trace  /app/ewei_shopv2_api.php?i=2&r=shop.get_shopindex&comefrom=wxapp&openid=sns_wa_oWJzS5MLpdzj8sdDve1VbCuQkJos&mid=&merchid=&authkey=&timestamp=1565013288522 yoxwechatbusinessModel::set_user:BEGIN
[2019-08-05 21:54:48] trace  /app/ewei_shopv2_api.php?i=2&r=shop.get_hasnewcoupon&comefrom=wxapp&openid=sns_wa_oWJzS5MLpdzj8sdDve1VbCuQkJos&mid=&merchid=&authkey=&timestamp=1565013288525 yoxwechatbusinessModel::set_user:BEGIN
[2019-08-05 21:54:48] trace  /app/ewei_shopv2_api.php?i=2&r=shop.get_cpinfos&comefrom=wxapp&openid=sns_wa_oWJzS5MLpdzj8sdDve1VbCuQkJos&mid=&merchid=&authkey=&timestamp=1565013288527 yoxwechatbusinessModel::set_user:BEGIN
[2019-08-05 21:54:49] trace  /app/ewei_shopv2_api.php?i=2&r=groups&comefrom=wxapp&openid=sns_wa_oWJzS5MLpdzj8sdDve1VbCuQkJos&mid=&merchid=&authkey=&timestamp=1565013289842 yoxwechatbusinessModel::set_user:BEGIN
[2019-08-05 21:54:55] trace  /app/ewei_shopv2_api.php?i=2&r=shop.get_hasnewcoupon&comefrom=wxapp&openid=sns_wa_oWJzS5MLpdzj8sdDve1VbCuQkJos&mid=&merchid=&authkey=&timestamp=1565013295783 yoxwechatbusinessModel::set_user:BEGIN
[2019-08-05 21:54:55] trace  /app/ewei_shopv2_api.php?i=2&r=shop.get_cpinfos&comefrom=wxapp&openid=sns_wa_oWJzS5MLpdzj8sdDve1VbCuQkJos&mid=&merchid=&authkey=&timestamp=1565013295786 yoxwechatbusinessModel::set_user:BEGIN
[2019-08-05 21:54:56] trace  /app/ewei_shopv2_api.php?i=2&r=shop.get_shopindex&comefrom=wxapp&openid=sns_wa_oWJzS5MLpdzj8sdDve1VbCuQkJos&mid=&merchid=&authkey=&timestamp=1565013295780 yoxwechatbusinessModel::set_user:BEGIN
[2019-08-05 21:54:57] trace  /app/ewei_shopv2_api.php?i=2&r=bargain.act&comefrom=wxapp&openid=sns_wa_oWJzS5MLpdzj8sdDve1VbCuQkJos&mid=&merchid=&authkey=&timestamp=1565013297769 yoxwechatbusinessModel::set_user:BEGIN
[2019-08-05 21:54:57] trace  /app/ewei_shopv2_api.php?i=2&r=yoxwechatbusiness&isajax=1&comefrom=wxapp&openid=sns_wa_oWJzS5MLpdzj8sdDve1VbCuQkJos&mid=&merchid=&authkey=&timestamp=1565013297766 yoxwechatbusinessModel::set_user:BEGIN
[2019-08-05 21:55:01] trace  /app/ewei_shopv2_api.php?i=2&r=black&comefrom=wxapp&openid=sns_wa_oWJzS5MLpdzj8sdDve1VbCuQkJos&mid=&merchid=&authkey=&timestamp=1565013301315 yoxwechatbusinessModel::set_user:BEGIN
[2019-08-05 21:55:01] trace  /app/ewei_shopv2_api.php?i=2&r=diypage&type=home&comefrom=wxapp&openid=sns_wa_oWJzS5MLpdzj8sdDve1VbCuQkJos&mid=&merchid=&authkey=&timestamp=1565013301324 yoxwechatbusinessModel::set_user:BEGIN
[2019-08-05 21:55:01] trace  /app/ewei_shopv2_api.php?i=2&r=shop.get_shopindex&comefrom=wxapp&openid=sns_wa_oWJzS5MLpdzj8sdDve1VbCuQkJos&mid=&merchid=&authkey=&timestamp=1565013301336 yoxwechatbusinessModel::set_user:BEGIN
[2019-08-05 21:55:01] trace  /app/ewei_shopv2_api.php?i=2&r=shop.get_hasnewcoupon&comefrom=wxapp&openid=sns_wa_oWJzS5MLpdzj8sdDve1VbCuQkJos&mid=&merchid=&authkey=&timestamp=1565013301345 yoxwechatbusinessModel::set_user:BEGIN
[2019-08-05 21:55:01] trace  /app/ewei_shopv2_api.php?i=2&r=shop.get_cpinfos&comefrom=wxapp&openid=sns_wa_oWJzS5MLpdzj8sdDve1VbCuQkJos&mid=&merchid=&authkey=&timestamp=1565013301348 yoxwechatbusinessModel::set_user:BEGIN
[2019-08-05 21:55:09] trace  /app/ewei_shopv2_api.php?i=2&r=yoxwechatbusiness&isajax=1&comefrom=wxapp&openid=sns_wa_oWJzS5MLpdzj8sdDve1VbCuQkJos&mid=&merchid=&authkey=&timestamp=1565013309406 yoxwechatbusinessModel::set_user:BEGIN
[2019-08-05 21:55:09] trace  /app/ewei_shopv2_api.php?i=2&r=bargain.act&comefrom=wxapp&openid=sns_wa_oWJzS5MLpdzj8sdDve1VbCuQkJos&mid=&merchid=&authkey=&timestamp=1565013309412 yoxwechatbusinessModel::set_user:BEGIN
[2019-08-05 21:55:24] trace  /app/ewei_shopv2_api.php?i=2&r=yoxwechatbusiness.level.level_list&isajax=1&comefrom=wxapp&openid=sns_wa_oWJzS5MLpdzj8sdDve1VbCuQkJos&mid=&merchid=&authkey=&timestamp=1565013324104 yoxwechatbusinessModel::set_user:BEGIN
[2019-08-05 21:55:24] trace  /app/ewei_shopv2_api.php?i=2&r=yoxwechatbusiness.user.getInviteUid&isajax=1&comefrom=wxapp&openid=sns_wa_oWJzS5MLpdzj8sdDve1VbCuQkJos&mid=&merchid=&authkey=&timestamp=1565013324108 yoxwechatbusinessModel::set_user:BEGIN
[2019-08-05 21:55:24] trace  /app/ewei_shopv2_api.php?i=2&r=yoxwechatbusiness.user.invite_statistics&isajax=1&begin_time=2019%E5%B9%B408%E6%9C%88&end_time=2019%E5%B9%B409%E6%9C%88&comefrom=wxapp&openid=sns_wa_oWJzS5MLpdzj8sdDve1VbCuQkJos&mid=&merchid=&authkey=&timestamp=1565013324112 yoxwechatbusinessModel::set_user:BEGIN
[2019-08-05 21:55:32] trace  /app/ewei_shopv2_api.php?i=2&r=yoxwechatbusiness.user.i_wand_up&isajax=1&comefrom=wxapp&openid=sns_wa_oWJzS5MLpdzj8sdDve1VbCuQkJos&mid=&merchid=&authkey=&timestamp=1565013332161 yoxwechatbusinessModel::set_user:BEGIN
[2019-08-05 21:55:37] trace  /app/ewei_shopv2_api.php?i=2&r=yoxwechatbusiness.user.my_down_level_user&isajax=1&begin_time=&end_time=&comefrom=wxapp&openid=sns_wa_oWJzS5MLpdzj8sdDve1VbCuQkJos&mid=&merchid=&authkey=&timestamp=1565013337624 yoxwechatbusinessModel::set_user:BEGIN
[2019-08-05 21:55:46] trace  /app/ewei_shopv2_api.php?i=2&r=yoxwechatbusiness.user.i_wand_up&isajax=1&comefrom=wxapp&openid=sns_wa_oWJzS5MLpdzj8sdDve1VbCuQkJos&mid=&merchid=&authkey=&timestamp=1565013346389 yoxwechatbusinessModel::set_user:BEGIN
[2019-08-05 21:55:57] trace  /app/ewei_shopv2_api.php?i=2&r=shop.get_shopindex&comefrom=wxapp&openid=sns_wa_oWJzS5MLpdzj8sdDve1VbCuQkJos&mid=&merchid=&authkey=&timestamp=1565013357289 yoxwechatbusinessModel::set_user:BEGIN
[2019-08-05 21:55:57] trace  /app/ewei_shopv2_api.php?i=2&r=shop.get_hasnewcoupon&comefrom=wxapp&openid=sns_wa_oWJzS5MLpdzj8sdDve1VbCuQkJos&mid=&merchid=&authkey=&timestamp=1565013357295 yoxwechatbusinessModel::set_user:BEGIN
[2019-08-05 21:55:57] trace  /app/ewei_shopv2_api.php?i=2&r=shop.get_cpinfos&comefrom=wxapp&openid=sns_wa_oWJzS5MLpdzj8sdDve1VbCuQkJos&mid=&merchid=&authkey=&timestamp=1565013357297 yoxwechatbusinessModel::set_user:BEGIN
