[2019-06-25 03:39:05] trace  /app/ewei_shopv2_api.php?i=2&r=cacheset&version=&comefrom=wxapp&openid=sns_wa_oWJzS5Oe1Jyy08_gwkemFWdrT2cw&mid=&merchid=&authkey=MTgzYS9wejgzanVack9xOGl3TG0wbHhndmRVeWVJOHMyVDhObzN6M3RrYUhOQlJxQndFbXpDbmI2M1ZUdTYzek5NWEVMRTJ4RTJkclF3WnpQeXl2OTZQL0ZhNA%3D%3D&timestamp=1561405140837 yoxwechatbusinessModel::set_user:BEGIN
[2019-06-25 03:39:05] trace  /app/ewei_shopv2_api.php?i=2&r=cacheset&version=&comefrom=wxapp&openid=sns_wa_oWJzS5Oe1Jyy08_gwkemFWdrT2cw&mid=&merchid=&authkey=MTgzYS9wejgzanVack9xOGl3TG0wbHhndmRVeWVJOHMyVDhObzN6M3RrYUhOQlJxQndFbXpDbmI2M1ZUdTYzek5NWEVMRTJ4RTJkclF3WnpQeXl2OTZQL0ZhNA%3D%3D&timestamp=1561405140837 yoxwechatbusinessModel::set_user:END
[2019-06-25 03:39:05] trace  /app/ewei_shopv2_api.php?i=2&r=cacheset&version=&comefrom=wxapp&openid=sns_wa_oWJzS5Oe1Jyy08_gwkemFWdrT2cw&mid=&merchid=&authkey=NTE0MExHVC9aRUJuTXpDSTZCN1ZUeHZzNndkeTFjZUpMYzM3bVRqeVJ4bjU0RUdjZ2dBbEdKOVdQMmV0eWZ6T3YzT0dRSWRmNUpqTzFDMzRwcmp3bW5senlGcw%3D%3D&timestamp=1561405141059 yoxwechatbusinessModel::set_user:BEGIN
[2019-06-25 03:39:05] trace  /app/ewei_shopv2_api.php?i=2&r=cacheset&version=&comefrom=wxapp&openid=sns_wa_oWJzS5Oe1Jyy08_gwkemFWdrT2cw&mid=&merchid=&authkey=NTE0MExHVC9aRUJuTXpDSTZCN1ZUeHZzNndkeTFjZUpMYzM3bVRqeVJ4bjU0RUdjZ2dBbEdKOVdQMmV0eWZ6T3YzT0dRSWRmNUpqTzFDMzRwcmp3bW5senlGcw%3D%3D&timestamp=1561405141059 yoxwechatbusinessModel::set_user:END
[2019-06-25 03:39:08] trace  /app/ewei_shopv2_api.php?i=2&r=black&comefrom=wxapp&openid=sns_wa_oWJzS5Oe1Jyy08_gwkemFWdrT2cw&mid=&merchid=&authkey=&timestamp=1561405143696 yoxwechatbusinessModel::set_user:BEGIN
[2019-06-25 03:39:08] trace  /app/ewei_shopv2_api.php?i=2&r=black&comefrom=wxapp&openid=sns_wa_oWJzS5Oe1Jyy08_gwkemFWdrT2cw&mid=&merchid=&authkey=&timestamp=1561405143696 yoxwechatbusinessModel::set_user:END
[2019-06-25 03:39:08] trace  /app/ewei_shopv2_api.php?i=2&r=diypage&type=home&comefrom=wxapp&openid=sns_wa_oWJzS5Oe1Jyy08_gwkemFWdrT2cw&mid=&merchid=&authkey=&timestamp=1561405143715 yoxwechatbusinessModel::set_user:BEGIN
[2019-06-25 03:39:08] trace  /app/ewei_shopv2_api.php?i=2&r=shop.get_shopindex&comefrom=wxapp&openid=sns_wa_oWJzS5Oe1Jyy08_gwkemFWdrT2cw&mid=&merchid=&authkey=&timestamp=1561405143724 yoxwechatbusinessModel::set_user:BEGIN
[2019-06-25 03:39:08] trace  /app/ewei_shopv2_api.php?i=2&r=diypage&type=home&comefrom=wxapp&openid=sns_wa_oWJzS5Oe1Jyy08_gwkemFWdrT2cw&mid=&merchid=&authkey=&timestamp=1561405143715 yoxwechatbusinessModel::set_user:END
[2019-06-25 03:39:08] trace  /app/ewei_shopv2_api.php?i=2&r=shop.get_shopindex&comefrom=wxapp&openid=sns_wa_oWJzS5Oe1Jyy08_gwkemFWdrT2cw&mid=&merchid=&authkey=&timestamp=1561405143724 yoxwechatbusinessModel::set_user:END
[2019-06-25 03:39:08] trace  /app/ewei_shopv2_api.php?i=2&r=shop.get_cpinfos&comefrom=wxapp&openid=sns_wa_oWJzS5Oe1Jyy08_gwkemFWdrT2cw&mid=&merchid=&authkey=&timestamp=1561405143733 yoxwechatbusinessModel::set_user:BEGIN
[2019-06-25 03:39:08] trace  /app/ewei_shopv2_api.php?i=2&r=shop.get_hasnewcoupon&comefrom=wxapp&openid=sns_wa_oWJzS5Oe1Jyy08_gwkemFWdrT2cw&mid=&merchid=&authkey=&timestamp=1561405143728 yoxwechatbusinessModel::set_user:BEGIN
[2019-06-25 03:39:08] trace  /app/ewei_shopv2_api.php?i=2&r=shop.get_cpinfos&comefrom=wxapp&openid=sns_wa_oWJzS5Oe1Jyy08_gwkemFWdrT2cw&mid=&merchid=&authkey=&timestamp=1561405143733 yoxwechatbusinessModel::set_user:END
[2019-06-25 03:39:08] trace  /app/ewei_shopv2_api.php?i=2&r=shop.get_hasnewcoupon&comefrom=wxapp&openid=sns_wa_oWJzS5Oe1Jyy08_gwkemFWdrT2cw&mid=&merchid=&authkey=&timestamp=1561405143728 yoxwechatbusinessModel::set_user:END
[2019-06-25 06:31:48] trace  /app/ewei_shopv2_api.php?i=2&r=diypage&type=home&comefrom=wxapp&openid=sns_wa_oWJzS5I4SwtIvnavadWO1lOR7lAw&mid=&merchid=&authkey=&timestamp=1561415503394 yoxwechatbusinessModel::set_user:BEGIN
[2019-06-25 06:31:47] trace  /app/ewei_shopv2_api.php?i=2&r=black&comefrom=wxapp&openid=sns_wa_oWJzS5I4SwtIvnavadWO1lOR7lAw&authkey=&timestamp=1561415503382 yoxwechatbusinessModel::set_user:BEGIN
[2019-06-25 06:31:48] trace  /app/ewei_shopv2_api.php?i=2&r=diypage&type=home&comefrom=wxapp&openid=sns_wa_oWJzS5I4SwtIvnavadWO1lOR7lAw&mid=&merchid=&authkey=&timestamp=1561415503394 yoxwechatbusinessModel::set_user:END
[2019-06-25 06:31:48] trace  /app/ewei_shopv2_api.php?i=2&r=shop.get_hasnewcoupon&comefrom=wxapp&openid=sns_wa_oWJzS5I4SwtIvnavadWO1lOR7lAw&mid=&merchid=&authkey=&timestamp=1561415503427 yoxwechatbusinessModel::set_user:BEGIN
[2019-06-25 06:31:47] trace  /app/ewei_shopv2_api.php?i=2&r=black&comefrom=wxapp&openid=sns_wa_oWJzS5I4SwtIvnavadWO1lOR7lAw&authkey=&timestamp=1561415503382 yoxwechatbusinessModel::set_user:END
[2019-06-25 06:31:48] trace  /app/ewei_shopv2_api.php?i=2&r=shop.get_shopindex&comefrom=wxapp&openid=sns_wa_oWJzS5I4SwtIvnavadWO1lOR7lAw&mid=&merchid=&authkey=&timestamp=1561415503422 yoxwechatbusinessModel::set_user:BEGIN
[2019-06-25 06:31:48] trace  /app/ewei_shopv2_api.php?i=2&r=shop.get_cpinfos&comefrom=wxapp&openid=sns_wa_oWJzS5I4SwtIvnavadWO1lOR7lAw&mid=&merchid=&authkey=&timestamp=1561415503430 yoxwechatbusinessModel::set_user:BEGIN
[2019-06-25 06:31:48] trace  /app/ewei_shopv2_api.php?i=2&r=shop.get_hasnewcoupon&comefrom=wxapp&openid=sns_wa_oWJzS5I4SwtIvnavadWO1lOR7lAw&mid=&merchid=&authkey=&timestamp=1561415503427 yoxwechatbusinessModel::set_user:END
[2019-06-25 06:31:48] trace  /app/ewei_shopv2_api.php?i=2&r=shop.get_shopindex&comefrom=wxapp&openid=sns_wa_oWJzS5I4SwtIvnavadWO1lOR7lAw&mid=&merchid=&authkey=&timestamp=1561415503422 yoxwechatbusinessModel::set_user:END
[2019-06-25 06:31:48] trace  /app/ewei_shopv2_api.php?i=2&r=shop.get_cpinfos&comefrom=wxapp&openid=sns_wa_oWJzS5I4SwtIvnavadWO1lOR7lAw&mid=&merchid=&authkey=&timestamp=1561415503430 yoxwechatbusinessModel::set_user:END
[2019-06-25 06:31:55] trace  /app/ewei_shopv2_api.php?i=2&r=yoxwechatbusiness&isajax=1&comefrom=wxapp&openid=sns_wa_oWJzS5I4SwtIvnavadWO1lOR7lAw&mid=&merchid=&authkey=NjUyZWVmaVdjK1NZRkVTR0REeHRwK0U4dGdaYnZNdkxiVE5ySFp6NUlnRjIrclRrRmZDVS9ITy92QjcrRTAxRUNTd0tvZ1hqWXpqUitER3k4TGVocWZKTXhEbw%3D%3D&timestamp=1561415510811 yoxwechatbusinessModel::set_user:BEGIN
[2019-06-25 06:31:55] trace  /app/ewei_shopv2_api.php?i=2&r=bargain.act&comefrom=wxapp&openid=sns_wa_oWJzS5I4SwtIvnavadWO1lOR7lAw&mid=&merchid=&authkey=NjUyZWVmaVdjK1NZRkVTR0REeHRwK0U4dGdaYnZNdkxiVE5ySFp6NUlnRjIrclRrRmZDVS9ITy92QjcrRTAxRUNTd0tvZ1hqWXpqUitER3k4TGVocWZKTXhEbw%3D%3D&timestamp=1561415510817 yoxwechatbusinessModel::set_user:BEGIN
[2019-06-25 06:31:55] trace  /app/ewei_shopv2_api.php?i=2&r=yoxwechatbusiness&isajax=1&comefrom=wxapp&openid=sns_wa_oWJzS5I4SwtIvnavadWO1lOR7lAw&mid=&merchid=&authkey=NjUyZWVmaVdjK1NZRkVTR0REeHRwK0U4dGdaYnZNdkxiVE5ySFp6NUlnRjIrclRrRmZDVS9ITy92QjcrRTAxRUNTd0tvZ1hqWXpqUitER3k4TGVocWZKTXhEbw%3D%3D&timestamp=1561415510811 yoxwechatbusinessModel::set_user:END
[2019-06-25 06:31:55] trace  /app/ewei_shopv2_api.php?i=2&r=bargain.act&comefrom=wxapp&openid=sns_wa_oWJzS5I4SwtIvnavadWO1lOR7lAw&mid=&merchid=&authkey=NjUyZWVmaVdjK1NZRkVTR0REeHRwK0U4dGdaYnZNdkxiVE5ySFp6NUlnRjIrclRrRmZDVS9ITy92QjcrRTAxRUNTd0tvZ1hqWXpqUitER3k4TGVocWZKTXhEbw%3D%3D&timestamp=1561415510817 yoxwechatbusinessModel::set_user:END
[2019-06-25 06:31:56] trace  /app/ewei_shopv2_api.php?i=2&r=yoxwechatbusiness.agent&isajax=1&comefrom=wxapp&openid=sns_wa_oWJzS5I4SwtIvnavadWO1lOR7lAw&mid=&merchid=&authkey=&timestamp=1561415512368 yoxwechatbusinessModel::set_user:BEGIN
[2019-06-25 06:31:56] trace  /app/ewei_shopv2_api.php?i=2&r=yoxwechatbusiness.agent&isajax=1&comefrom=wxapp&openid=sns_wa_oWJzS5I4SwtIvnavadWO1lOR7lAw&mid=&merchid=&authkey=&timestamp=1561415512368 yoxwechatbusinessModel::set_user:END
[2019-06-25 06:31:56] trace  /app/ewei_shopv2_api.php?i=2&r=yoxwechatbusiness.level.level_list&isajax=1&comefrom=wxapp&openid=sns_wa_oWJzS5I4SwtIvnavadWO1lOR7lAw&mid=&merchid=&authkey=&timestamp=1561415512372 yoxwechatbusinessModel::set_user:BEGIN
[2019-06-25 06:31:56] trace  /app/ewei_shopv2_api.php?i=2&r=yoxwechatbusiness.level.level_list&isajax=1&comefrom=wxapp&openid=sns_wa_oWJzS5I4SwtIvnavadWO1lOR7lAw&mid=&merchid=&authkey=&timestamp=1561415512372 yoxwechatbusinessModel::set_user:END
[2019-06-25 06:32:03] trace  /app/ewei_shopv2_api.php?i=2&r=yoxwechatbusiness.user.my_invite_user&isajax=1&comefrom=wxapp&openid=sns_wa_oWJzS5I4SwtIvnavadWO1lOR7lAw&mid=&merchid=&authkey=&timestamp=1561415519607 yoxwechatbusinessModel::set_user:BEGIN
[2019-06-25 06:32:03] trace  /app/ewei_shopv2_api.php?i=2&r=yoxwechatbusiness.user.my_invite_user&isajax=1&comefrom=wxapp&openid=sns_wa_oWJzS5I4SwtIvnavadWO1lOR7lAw&mid=&merchid=&authkey=&timestamp=1561415519607 yoxwechatbusinessModel::set_user:END
[2019-06-25 06:32:13] trace  /app/ewei_shopv2_api.php?i=2&r=shop.get_cpinfos&comefrom=wxapp&openid=sns_wa_oWJzS5I4SwtIvnavadWO1lOR7lAw&mid=&merchid=&authkey=&timestamp=1561415529616 yoxwechatbusinessModel::set_user:BEGIN
[2019-06-25 06:32:13] trace  /app/ewei_shopv2_api.php?i=2&r=shop.get_cpinfos&comefrom=wxapp&openid=sns_wa_oWJzS5I4SwtIvnavadWO1lOR7lAw&mid=&merchid=&authkey=&timestamp=1561415529616 yoxwechatbusinessModel::set_user:END
[2019-06-25 06:32:13] trace  /app/ewei_shopv2_api.php?i=2&r=shop.get_hasnewcoupon&comefrom=wxapp&openid=sns_wa_oWJzS5I4SwtIvnavadWO1lOR7lAw&mid=&merchid=&authkey=&timestamp=1561415529608 yoxwechatbusinessModel::set_user:BEGIN
[2019-06-25 06:32:13] trace  /app/ewei_shopv2_api.php?i=2&r=shop.get_hasnewcoupon&comefrom=wxapp&openid=sns_wa_oWJzS5I4SwtIvnavadWO1lOR7lAw&mid=&merchid=&authkey=&timestamp=1561415529608 yoxwechatbusinessModel::set_user:END
[2019-06-25 06:32:13] trace  /app/ewei_shopv2_api.php?i=2&r=shop.get_shopindex&comefrom=wxapp&openid=sns_wa_oWJzS5I4SwtIvnavadWO1lOR7lAw&mid=&merchid=&authkey=&timestamp=1561415529602 yoxwechatbusinessModel::set_user:BEGIN
[2019-06-25 06:32:13] trace  /app/ewei_shopv2_api.php?i=2&r=shop.get_shopindex&comefrom=wxapp&openid=sns_wa_oWJzS5I4SwtIvnavadWO1lOR7lAw&mid=&merchid=&authkey=&timestamp=1561415529602 yoxwechatbusinessModel::set_user:END
[2019-06-25 06:32:15] trace  /app/ewei_shopv2_api.php?i=2&r=shop.get_cpinfos&comefrom=wxapp&openid=sns_wa_oWJzS5I4SwtIvnavadWO1lOR7lAw&mid=&merchid=&authkey=&timestamp=1561415530797 yoxwechatbusinessModel::set_user:BEGIN
[2019-06-25 06:32:15] trace  /app/ewei_shopv2_api.php?i=2&r=shop.get_cpinfos&comefrom=wxapp&openid=sns_wa_oWJzS5I4SwtIvnavadWO1lOR7lAw&mid=&merchid=&authkey=&timestamp=1561415530797 yoxwechatbusinessModel::set_user:END
[2019-06-25 06:32:14] trace  /app/ewei_shopv2_api.php?i=2&r=black&comefrom=wxapp&openid=sns_wa_oWJzS5I4SwtIvnavadWO1lOR7lAw&mid=&merchid=&authkey=&timestamp=1561415530744 yoxwechatbusinessModel::set_user:BEGIN
[2019-06-25 06:32:14] trace  /app/ewei_shopv2_api.php?i=2&r=black&comefrom=wxapp&openid=sns_wa_oWJzS5I4SwtIvnavadWO1lOR7lAw&mid=&merchid=&authkey=&timestamp=1561415530744 yoxwechatbusinessModel::set_user:END
[2019-06-25 06:32:14] trace  /app/ewei_shopv2_api.php?i=2&r=diypage&type=home&comefrom=wxapp&openid=sns_wa_oWJzS5I4SwtIvnavadWO1lOR7lAw&mid=&merchid=&authkey=&timestamp=1561415530752 yoxwechatbusinessModel::set_user:BEGIN
[2019-06-25 06:32:14] trace  /app/ewei_shopv2_api.php?i=2&r=shop.get_hasnewcoupon&comefrom=wxapp&openid=sns_wa_oWJzS5I4SwtIvnavadWO1lOR7lAw&mid=&merchid=&authkey=&timestamp=1561415530780 yoxwechatbusinessModel::set_user:BEGIN
[2019-06-25 06:32:14] trace  /app/ewei_shopv2_api.php?i=2&r=diypage&type=home&comefrom=wxapp&openid=sns_wa_oWJzS5I4SwtIvnavadWO1lOR7lAw&mid=&merchid=&authkey=&timestamp=1561415530752 yoxwechatbusinessModel::set_user:END
[2019-06-25 06:32:14] trace  /app/ewei_shopv2_api.php?i=2&r=shop.get_hasnewcoupon&comefrom=wxapp&openid=sns_wa_oWJzS5I4SwtIvnavadWO1lOR7lAw&mid=&merchid=&authkey=&timestamp=1561415530780 yoxwechatbusinessModel::set_user:END
[2019-06-25 06:32:14] trace  /app/ewei_shopv2_api.php?i=2&r=shop.get_shopindex&comefrom=wxapp&openid=sns_wa_oWJzS5I4SwtIvnavadWO1lOR7lAw&mid=&merchid=&authkey=&timestamp=1561415530774 yoxwechatbusinessModel::set_user:BEGIN
[2019-06-25 06:32:14] trace  /app/ewei_shopv2_api.php?i=2&r=shop.get_shopindex&comefrom=wxapp&openid=sns_wa_oWJzS5I4SwtIvnavadWO1lOR7lAw&mid=&merchid=&authkey=&timestamp=1561415530774 yoxwechatbusinessModel::set_user:END
[2019-06-25 06:32:18] trace  /app/ewei_shopv2_api.php?i=2&r=shop.get_hasnewcoupon&comefrom=wxapp&openid=sns_wa_oWJzS5I4SwtIvnavadWO1lOR7lAw&mid=&merchid=&authkey=&timestamp=1561415533855 yoxwechatbusinessModel::set_user:BEGIN
[2019-06-25 06:32:18] trace  /app/ewei_shopv2_api.php?i=2&r=shop.get_shopindex&comefrom=wxapp&openid=sns_wa_oWJzS5I4SwtIvnavadWO1lOR7lAw&mid=&merchid=&authkey=&timestamp=1561415533851 yoxwechatbusinessModel::set_user:BEGIN
[2019-06-25 06:32:18] trace  /app/ewei_shopv2_api.php?i=2&r=shop.get_hasnewcoupon&comefrom=wxapp&openid=sns_wa_oWJzS5I4SwtIvnavadWO1lOR7lAw&mid=&merchid=&authkey=&timestamp=1561415533855 yoxwechatbusinessModel::set_user:END
[2019-06-25 06:32:18] trace  /app/ewei_shopv2_api.php?i=2&r=shop.get_shopindex&comefrom=wxapp&openid=sns_wa_oWJzS5I4SwtIvnavadWO1lOR7lAw&mid=&merchid=&authkey=&timestamp=1561415533851 yoxwechatbusinessModel::set_user:END
[2019-06-25 06:32:18] trace  /app/ewei_shopv2_api.php?i=2&r=shop.get_cpinfos&comefrom=wxapp&openid=sns_wa_oWJzS5I4SwtIvnavadWO1lOR7lAw&mid=&merchid=&authkey=&timestamp=1561415533858 yoxwechatbusinessModel::set_user:BEGIN
[2019-06-25 06:32:18] trace  /app/ewei_shopv2_api.php?i=2&r=shop.get_cpinfos&comefrom=wxapp&openid=sns_wa_oWJzS5I4SwtIvnavadWO1lOR7lAw&mid=&merchid=&authkey=&timestamp=1561415533858 yoxwechatbusinessModel::set_user:END
[2019-06-25 09:29:54] trace  /app/ewei_shopv2_api.php?i=2&r=cacheset&version=&comefrom=wxapp&openid=sns_wa_oWJzS5EsV_PPDbKAUWssn-vWtuy4&mid=&merchid=&authkey=MTIwNm9KSHEraVEvTXlFUk53dEVUUC9lM2xZTzYvTXRxOWpyVFFWSlJaamdNUVF6djhZcW5lTGtmZkFFeWJiVlA5SWZtVy9hMi9hbWRzNlgwcmZFV0NjWmIySQ%3D%3D&timestamp=1561426190273 yoxwechatbusinessModel::set_user:BEGIN
[2019-06-25 09:29:54] trace  /app/ewei_shopv2_api.php?i=2&r=cacheset&version=&comefrom=wxapp&openid=sns_wa_oWJzS5EsV_PPDbKAUWssn-vWtuy4&mid=&merchid=&authkey=MTIwNm9KSHEraVEvTXlFUk53dEVUUC9lM2xZTzYvTXRxOWpyVFFWSlJaamdNUVF6djhZcW5lTGtmZkFFeWJiVlA5SWZtVy9hMi9hbWRzNlgwcmZFV0NjWmIySQ%3D%3D&timestamp=1561426190273 yoxwechatbusinessModel::set_user:END
[2019-06-25 09:29:59] trace  /app/ewei_shopv2_api.php?i=2&r=diypage&id=undefined&comefrom=wxapp&openid=sns_wa_oWJzS5EsV_PPDbKAUWssn-vWtuy4&mid=&merchid=&authkey=&timestamp=1561426195623 yoxwechatbusinessModel::set_user:BEGIN
[2019-06-25 09:29:59] trace  /app/ewei_shopv2_api.php?i=2&r=diypage&type=&comefrom=wxapp&openid=sns_wa_oWJzS5EsV_PPDbKAUWssn-vWtuy4&mid=&merchid=&authkey=&timestamp=1561426195598 yoxwechatbusinessModel::set_user:BEGIN
[2019-06-25 09:29:59] trace  /app/ewei_shopv2_api.php?i=2&r=diypage&id=undefined&comefrom=wxapp&openid=sns_wa_oWJzS5EsV_PPDbKAUWssn-vWtuy4&mid=&merchid=&authkey=&timestamp=1561426195623 yoxwechatbusinessModel::set_user:END
[2019-06-25 09:29:59] trace  /app/ewei_shopv2_api.php?i=2&r=diypage&type=&comefrom=wxapp&openid=sns_wa_oWJzS5EsV_PPDbKAUWssn-vWtuy4&mid=&merchid=&authkey=&timestamp=1561426195598 yoxwechatbusinessModel::set_user:END
[2019-06-25 09:30:09] trace  /app/ewei_shopv2_api.php?i=2&r=changce.merch.apply&comefrom=wxapp&openid=sns_wa_oWJzS5EsV_PPDbKAUWssn-vWtuy4&mid=&merchid=&authkey=&timestamp=1561426205506 yoxwechatbusinessModel::set_user:BEGIN
[2019-06-25 09:30:09] trace  /app/ewei_shopv2_api.php?i=2&r=changce.merch.apply&comefrom=wxapp&openid=sns_wa_oWJzS5EsV_PPDbKAUWssn-vWtuy4&mid=&merchid=&authkey=&timestamp=1561426205506 yoxwechatbusinessModel::set_user:END
[2019-06-25 09:30:23] trace  /app/ewei_shopv2_api.php?i=2&r=changce.merch.get_list&page=1&cateid=0&keyword=&lat=31.237904&lng=121.500958&range=0&comefrom=wxapp&openid=sns_wa_oWJzS5EsV_PPDbKAUWssn-vWtuy4&mid=&merchid=&authkey=&timestamp=1561426219563 yoxwechatbusinessModel::set_user:BEGIN
[2019-06-25 09:30:23] trace  /app/ewei_shopv2_api.php?i=2&r=changce.merch.get_list&page=1&cateid=0&keyword=&lat=31.237904&lng=121.500958&range=0&comefrom=wxapp&openid=sns_wa_oWJzS5EsV_PPDbKAUWssn-vWtuy4&mid=&merchid=&authkey=&timestamp=1561426219563 yoxwechatbusinessModel::set_user:END
[2019-06-25 09:30:30] trace  /app/ewei_shopv2_api.php?i=2&r=changce.merch.goods_list&page=1&cateid=0&id=&isnew=0&isrecommand=0&comefrom=wxapp&openid=sns_wa_oWJzS5EsV_PPDbKAUWssn-vWtuy4&mid=&merchid=&authkey=&timestamp=1561426226750 yoxwechatbusinessModel::set_user:BEGIN
[2019-06-25 09:30:30] trace  /app/ewei_shopv2_api.php?i=2&r=changce.merch.goods_list&page=1&cateid=0&id=&isnew=0&isrecommand=0&comefrom=wxapp&openid=sns_wa_oWJzS5EsV_PPDbKAUWssn-vWtuy4&mid=&merchid=&authkey=&timestamp=1561426226750 yoxwechatbusinessModel::set_user:END
[2019-06-25 09:30:30] trace  /app/ewei_shopv2_api.php?i=2&r=changce.merch.get_detail&id=&comefrom=wxapp&openid=sns_wa_oWJzS5EsV_PPDbKAUWssn-vWtuy4&mid=&merchid=&authkey=&timestamp=1561426226709 yoxwechatbusinessModel::set_user:BEGIN
[2019-06-25 09:30:30] trace  /app/ewei_shopv2_api.php?i=2&r=changce.merch.get_detail&id=&comefrom=wxapp&openid=sns_wa_oWJzS5EsV_PPDbKAUWssn-vWtuy4&mid=&merchid=&authkey=&timestamp=1561426226709 yoxwechatbusinessModel::set_user:END
[2019-06-25 09:30:43] trace  /app/ewei_shopv2_api.php?i=2&r=changce.merch.intro&id=&comefrom=wxapp&openid=sns_wa_oWJzS5EsV_PPDbKAUWssn-vWtuy4&mid=&merchid=&authkey=&timestamp=1561426239199 yoxwechatbusinessModel::set_user:BEGIN
[2019-06-25 09:30:43] trace  /app/ewei_shopv2_api.php?i=2&r=changce.merch.intro&id=&comefrom=wxapp&openid=sns_wa_oWJzS5EsV_PPDbKAUWssn-vWtuy4&mid=&merchid=&authkey=&timestamp=1561426239199 yoxwechatbusinessModel::set_user:END
[2019-06-25 09:30:52] trace  /app/ewei_shopv2_api.php?i=2&r=zy.sign.get_list&year=&month=&comefrom=wxapp&openid=sns_wa_oWJzS5EsV_PPDbKAUWssn-vWtuy4&mid=&merchid=&authkey=&timestamp=1561426248336 yoxwechatbusinessModel::set_user:BEGIN
[2019-06-25 09:30:52] trace  /app/ewei_shopv2_api.php?i=2&r=zy.sign.get_list&year=&month=&comefrom=wxapp&openid=sns_wa_oWJzS5EsV_PPDbKAUWssn-vWtuy4&mid=&merchid=&authkey=&timestamp=1561426248336 yoxwechatbusinessModel::set_user:END
[2019-06-25 09:31:01] trace  /app/ewei_shopv2_api.php?i=2&r=zy.sign.getRecords&page=1&comefrom=wxapp&openid=sns_wa_oWJzS5EsV_PPDbKAUWssn-vWtuy4&mid=&merchid=&authkey=&timestamp=1561426257293 yoxwechatbusinessModel::set_user:BEGIN
[2019-06-25 09:31:01] trace  /app/ewei_shopv2_api.php?i=2&r=zy.sign.getRecords&page=1&comefrom=wxapp&openid=sns_wa_oWJzS5EsV_PPDbKAUWssn-vWtuy4&mid=&merchid=&authkey=&timestamp=1561426257293 yoxwechatbusinessModel::set_user:END
[2019-06-25 15:39:52] trace  /app/ewei_shopv2_api.php?i=2&r=black&comefrom=wxapp&openid=sns_wa_oWJzS5Ak51G9M881eXJ2gvCLiwUo&authkey=MDg5YjdMWmt1ZlB4RmQ5d2xIOHpRaDlpRWR1dmw1U0lIeTFmK2lDTjJUbEcyeHlZVTZFOVF3VnRYb0wxb0dJUWlZQUlIV04rRlpzVnZGVjRIZnBPV3V1ejBTcw%3D%3D&timestamp=1561448388001 yoxwechatbusinessModel::set_user:BEGIN
[2019-06-25 15:39:52] trace  /app/ewei_shopv2_api.php?i=2&r=black&comefrom=wxapp&openid=sns_wa_oWJzS5Ak51G9M881eXJ2gvCLiwUo&authkey=MDg5YjdMWmt1ZlB4RmQ5d2xIOHpRaDlpRWR1dmw1U0lIeTFmK2lDTjJUbEcyeHlZVTZFOVF3VnRYb0wxb0dJUWlZQUlIV04rRlpzVnZGVjRIZnBPV3V1ejBTcw%3D%3D&timestamp=1561448388001 yoxwechatbusinessModel::set_user:END
[2019-06-25 15:39:52] trace  /app/ewei_shopv2_api.php?i=2&r=diypage&type=home&comefrom=wxapp&openid=sns_wa_oWJzS5Ak51G9M881eXJ2gvCLiwUo&mid=&merchid=&authkey=MDg5YjdMWmt1ZlB4RmQ5d2xIOHpRaDlpRWR1dmw1U0lIeTFmK2lDTjJUbEcyeHlZVTZFOVF3VnRYb0wxb0dJUWlZQUlIV04rRlpzVnZGVjRIZnBPV3V1ejBTcw%3D%3D&timestamp=1561448388229 yoxwechatbusinessModel::set_user:BEGIN
[2019-06-25 15:39:52] trace  /app/ewei_shopv2_api.php?i=2&r=diypage&type=home&comefrom=wxapp&openid=sns_wa_oWJzS5Ak51G9M881eXJ2gvCLiwUo&mid=&merchid=&authkey=MDg5YjdMWmt1ZlB4RmQ5d2xIOHpRaDlpRWR1dmw1U0lIeTFmK2lDTjJUbEcyeHlZVTZFOVF3VnRYb0wxb0dJUWlZQUlIV04rRlpzVnZGVjRIZnBPV3V1ejBTcw%3D%3D&timestamp=1561448388229 yoxwechatbusinessModel::set_user:END
[2019-06-25 15:39:53] trace  /app/ewei_shopv2_api.php?i=2&r=shop.get_cpinfos&comefrom=wxapp&openid=sns_wa_oWJzS5Ak51G9M881eXJ2gvCLiwUo&mid=&merchid=&authkey=MDg5YjdMWmt1ZlB4RmQ5d2xIOHpRaDlpRWR1dmw1U0lIeTFmK2lDTjJUbEcyeHlZVTZFOVF3VnRYb0wxb0dJUWlZQUlIV04rRlpzVnZGVjRIZnBPV3V1ejBTcw%3D%3D&timestamp=1561448388450 yoxwechatbusinessModel::set_user:BEGIN
[2019-06-25 15:39:53] trace  /app/ewei_shopv2_api.php?i=2&r=shop.get_cpinfos&comefrom=wxapp&openid=sns_wa_oWJzS5Ak51G9M881eXJ2gvCLiwUo&mid=&merchid=&authkey=MDg5YjdMWmt1ZlB4RmQ5d2xIOHpRaDlpRWR1dmw1U0lIeTFmK2lDTjJUbEcyeHlZVTZFOVF3VnRYb0wxb0dJUWlZQUlIV04rRlpzVnZGVjRIZnBPV3V1ejBTcw%3D%3D&timestamp=1561448388450 yoxwechatbusinessModel::set_user:END
[2019-06-25 15:39:52] trace  /app/ewei_shopv2_api.php?i=2&r=shop.get_shopindex&comefrom=wxapp&openid=sns_wa_oWJzS5Ak51G9M881eXJ2gvCLiwUo&mid=&merchid=&authkey=MDg5YjdMWmt1ZlB4RmQ5d2xIOHpRaDlpRWR1dmw1U0lIeTFmK2lDTjJUbEcyeHlZVTZFOVF3VnRYb0wxb0dJUWlZQUlIV04rRlpzVnZGVjRIZnBPV3V1ejBTcw%3D%3D&timestamp=1561448388345 yoxwechatbusinessModel::set_user:BEGIN
[2019-06-25 15:39:53] trace  /app/ewei_shopv2_api.php?i=2&r=shop.get_hasnewcoupon&comefrom=wxapp&openid=sns_wa_oWJzS5Ak51G9M881eXJ2gvCLiwUo&mid=&merchid=&authkey=MDg5YjdMWmt1ZlB4RmQ5d2xIOHpRaDlpRWR1dmw1U0lIeTFmK2lDTjJUbEcyeHlZVTZFOVF3VnRYb0wxb0dJUWlZQUlIV04rRlpzVnZGVjRIZnBPV3V1ejBTcw%3D%3D&timestamp=1561448388400 yoxwechatbusinessModel::set_user:BEGIN
[2019-06-25 15:39:53] trace  /app/ewei_shopv2_api.php?i=2&r=shop.get_hasnewcoupon&comefrom=wxapp&openid=sns_wa_oWJzS5Ak51G9M881eXJ2gvCLiwUo&mid=&merchid=&authkey=MDg5YjdMWmt1ZlB4RmQ5d2xIOHpRaDlpRWR1dmw1U0lIeTFmK2lDTjJUbEcyeHlZVTZFOVF3VnRYb0wxb0dJUWlZQUlIV04rRlpzVnZGVjRIZnBPV3V1ejBTcw%3D%3D&timestamp=1561448388400 yoxwechatbusinessModel::set_user:END
[2019-06-25 15:39:52] trace  /app/ewei_shopv2_api.php?i=2&r=shop.get_shopindex&comefrom=wxapp&openid=sns_wa_oWJzS5Ak51G9M881eXJ2gvCLiwUo&mid=&merchid=&authkey=MDg5YjdMWmt1ZlB4RmQ5d2xIOHpRaDlpRWR1dmw1U0lIeTFmK2lDTjJUbEcyeHlZVTZFOVF3VnRYb0wxb0dJUWlZQUlIV04rRlpzVnZGVjRIZnBPV3V1ejBTcw%3D%3D&timestamp=1561448388345 yoxwechatbusinessModel::set_user:END
[2019-06-25 15:40:09] trace  /app/ewei_shopv2_api.php?i=2&r=bargain.act&comefrom=wxapp&openid=sns_wa_oWJzS5Ak51G9M881eXJ2gvCLiwUo&mid=&merchid=&authkey=NGU3MEx1bHE4NDNtbTNLMEZybmJpN3VheUkrdk9KOHJCeHZoSWVOMHVwNmxRNUVNTStLNlNnaW03NVBtbjBoQzRyYWxHMHBHTERXU3BpOFZjeTZ0NTJkUVRKMA%3D%3D&timestamp=1561448404464 yoxwechatbusinessModel::set_user:BEGIN
[2019-06-25 15:40:08] trace  /app/ewei_shopv2_api.php?i=2&r=yoxwechatbusiness&isajax=1&comefrom=wxapp&openid=sns_wa_oWJzS5Ak51G9M881eXJ2gvCLiwUo&mid=&merchid=&authkey=NGU3MEx1bHE4NDNtbTNLMEZybmJpN3VheUkrdk9KOHJCeHZoSWVOMHVwNmxRNUVNTStLNlNnaW03NVBtbjBoQzRyYWxHMHBHTERXU3BpOFZjeTZ0NTJkUVRKMA%3D%3D&timestamp=1561448404412 yoxwechatbusinessModel::set_user:BEGIN
[2019-06-25 15:40:09] trace  /app/ewei_shopv2_api.php?i=2&r=bargain.act&comefrom=wxapp&openid=sns_wa_oWJzS5Ak51G9M881eXJ2gvCLiwUo&mid=&merchid=&authkey=NGU3MEx1bHE4NDNtbTNLMEZybmJpN3VheUkrdk9KOHJCeHZoSWVOMHVwNmxRNUVNTStLNlNnaW03NVBtbjBoQzRyYWxHMHBHTERXU3BpOFZjeTZ0NTJkUVRKMA%3D%3D&timestamp=1561448404464 yoxwechatbusinessModel::set_user:END
[2019-06-25 15:40:08] trace  /app/ewei_shopv2_api.php?i=2&r=yoxwechatbusiness&isajax=1&comefrom=wxapp&openid=sns_wa_oWJzS5Ak51G9M881eXJ2gvCLiwUo&mid=&merchid=&authkey=NGU3MEx1bHE4NDNtbTNLMEZybmJpN3VheUkrdk9KOHJCeHZoSWVOMHVwNmxRNUVNTStLNlNnaW03NVBtbjBoQzRyYWxHMHBHTERXU3BpOFZjeTZ0NTJkUVRKMA%3D%3D&timestamp=1561448404412 yoxwechatbusinessModel::set_user:END
[2019-06-25 15:40:12] trace  /app/ewei_shopv2_api.php?i=2&r=yoxwechatbusiness.user.my_invite_user&isajax=1&status=&page=1&comefrom=wxapp&openid=sns_wa_oWJzS5Ak51G9M881eXJ2gvCLiwUo&mid=&merchid=&authkey=&timestamp=1561448407690 yoxwechatbusinessModel::set_user:BEGIN
[2019-06-25 15:40:12] trace  /app/ewei_shopv2_api.php?i=2&r=yoxwechatbusiness.user.my_invite_user&isajax=1&status=&page=1&comefrom=wxapp&openid=sns_wa_oWJzS5Ak51G9M881eXJ2gvCLiwUo&mid=&merchid=&authkey=&timestamp=1561448407690 yoxwechatbusinessModel::set_user:END
[2019-06-25 15:40:14] trace  /app/ewei_shopv2_api.php?i=2&r=yoxwechatbusiness.user.my_invite_user&isajax=1&status=0&page=1&comefrom=wxapp&openid=sns_wa_oWJzS5Ak51G9M881eXJ2gvCLiwUo&mid=&merchid=&authkey=&timestamp=1561448410015 yoxwechatbusinessModel::set_user:BEGIN
[2019-06-25 15:40:14] trace  /app/ewei_shopv2_api.php?i=2&r=yoxwechatbusiness.user.my_invite_user&isajax=1&status=0&page=1&comefrom=wxapp&openid=sns_wa_oWJzS5Ak51G9M881eXJ2gvCLiwUo&mid=&merchid=&authkey=&timestamp=1561448410015 yoxwechatbusinessModel::set_user:END
[2019-06-25 15:40:15] trace  /app/ewei_shopv2_api.php?i=2&r=yoxwechatbusiness.user.my_invite_user&isajax=1&status=0&page=1&comefrom=wxapp&openid=sns_wa_oWJzS5Ak51G9M881eXJ2gvCLiwUo&mid=&merchid=&authkey=&timestamp=1561448410807 yoxwechatbusinessModel::set_user:BEGIN
[2019-06-25 15:40:15] trace  /app/ewei_shopv2_api.php?i=2&r=yoxwechatbusiness.user.my_invite_user&isajax=1&status=0&page=1&comefrom=wxapp&openid=sns_wa_oWJzS5Ak51G9M881eXJ2gvCLiwUo&mid=&merchid=&authkey=&timestamp=1561448410807 yoxwechatbusinessModel::set_user:END
[2019-06-25 15:40:18] trace  /app/ewei_shopv2_api.php?i=2&r=yoxwechatbusiness.agent&isajax=1&comefrom=wxapp&openid=sns_wa_oWJzS5Ak51G9M881eXJ2gvCLiwUo&mid=&merchid=&authkey=&timestamp=1561448413630 yoxwechatbusinessModel::set_user:BEGIN
[2019-06-25 15:40:18] trace  /app/ewei_shopv2_api.php?i=2&r=yoxwechatbusiness.agent&isajax=1&comefrom=wxapp&openid=sns_wa_oWJzS5Ak51G9M881eXJ2gvCLiwUo&mid=&merchid=&authkey=&timestamp=1561448413630 yoxwechatbusinessModel::set_user:END
[2019-06-25 15:40:18] trace  /app/ewei_shopv2_api.php?i=2&r=yoxwechatbusiness.level.level_list&isajax=1&comefrom=wxapp&openid=sns_wa_oWJzS5Ak51G9M881eXJ2gvCLiwUo&mid=&merchid=&authkey=&timestamp=1561448413787 yoxwechatbusinessModel::set_user:BEGIN
[2019-06-25 15:40:18] trace  /app/ewei_shopv2_api.php?i=2&r=yoxwechatbusiness.user.invite_statistics&isajax=1&comefrom=wxapp&openid=sns_wa_oWJzS5Ak51G9M881eXJ2gvCLiwUo&mid=&merchid=&authkey=&timestamp=1561448413876 yoxwechatbusinessModel::set_user:BEGIN
[2019-06-25 15:40:18] trace  /app/ewei_shopv2_api.php?i=2&r=yoxwechatbusiness.level.level_list&isajax=1&comefrom=wxapp&openid=sns_wa_oWJzS5Ak51G9M881eXJ2gvCLiwUo&mid=&merchid=&authkey=&timestamp=1561448413787 yoxwechatbusinessModel::set_user:END
[2019-06-25 15:40:18] trace  /app/ewei_shopv2_api.php?i=2&r=yoxwechatbusiness.user.invite_statistics&isajax=1&comefrom=wxapp&openid=sns_wa_oWJzS5Ak51G9M881eXJ2gvCLiwUo&mid=&merchid=&authkey=&timestamp=1561448413876 yoxwechatbusinessModel::set_user:END
[2019-06-25 17:13:13] trace  /app/ewei_shopv2_api.php?i=2&r=black&comefrom=wxapp&openid=sns_wa_oWJzS5Ak51G9M881eXJ2gvCLiwUo&mid=&merchid=&authkey=&timestamp=1561453988914 yoxwechatbusinessModel::set_user:BEGIN
[2019-06-25 17:13:13] trace  /app/ewei_shopv2_api.php?i=2&r=black&comefrom=wxapp&openid=sns_wa_oWJzS5Ak51G9M881eXJ2gvCLiwUo&mid=&merchid=&authkey=&timestamp=1561453988914 yoxwechatbusinessModel::set_user:END
[2019-06-25 17:13:13] trace  /app/ewei_shopv2_api.php?i=2&r=diypage&type=home&comefrom=wxapp&openid=sns_wa_oWJzS5Ak51G9M881eXJ2gvCLiwUo&mid=&merchid=&authkey=&timestamp=1561453989189 yoxwechatbusinessModel::set_user:BEGIN
[2019-06-25 17:13:13] trace  /app/ewei_shopv2_api.php?i=2&r=diypage&type=home&comefrom=wxapp&openid=sns_wa_oWJzS5Ak51G9M881eXJ2gvCLiwUo&mid=&merchid=&authkey=&timestamp=1561453989189 yoxwechatbusinessModel::set_user:END
[2019-06-25 17:13:14] trace  /app/ewei_shopv2_api.php?i=2&r=shop.get_shopindex&comefrom=wxapp&openid=sns_wa_oWJzS5Ak51G9M881eXJ2gvCLiwUo&mid=&merchid=&authkey=&timestamp=1561453989342 yoxwechatbusinessModel::set_user:BEGIN
[2019-06-25 17:13:14] trace  /app/ewei_shopv2_api.php?i=2&r=shop.get_shopindex&comefrom=wxapp&openid=sns_wa_oWJzS5Ak51G9M881eXJ2gvCLiwUo&mid=&merchid=&authkey=&timestamp=1561453989342 yoxwechatbusinessModel::set_user:END
[2019-06-25 17:13:14] trace  /app/ewei_shopv2_api.php?i=2&r=shop.get_cpinfos&comefrom=wxapp&openid=sns_wa_oWJzS5Ak51G9M881eXJ2gvCLiwUo&mid=&merchid=&authkey=&timestamp=1561453989496 yoxwechatbusinessModel::set_user:BEGIN
[2019-06-25 17:13:14] trace  /app/ewei_shopv2_api.php?i=2&r=shop.get_cpinfos&comefrom=wxapp&openid=sns_wa_oWJzS5Ak51G9M881eXJ2gvCLiwUo&mid=&merchid=&authkey=&timestamp=1561453989496 yoxwechatbusinessModel::set_user:END
[2019-06-25 17:13:14] trace  /app/ewei_shopv2_api.php?i=2&r=shop.get_hasnewcoupon&comefrom=wxapp&openid=sns_wa_oWJzS5Ak51G9M881eXJ2gvCLiwUo&mid=&merchid=&authkey=&timestamp=1561453989428 yoxwechatbusinessModel::set_user:BEGIN
[2019-06-25 17:13:14] trace  /app/ewei_shopv2_api.php?i=2&r=shop.get_hasnewcoupon&comefrom=wxapp&openid=sns_wa_oWJzS5Ak51G9M881eXJ2gvCLiwUo&mid=&merchid=&authkey=&timestamp=1561453989428 yoxwechatbusinessModel::set_user:END
[2019-06-25 17:47:23] trace  /app/ewei_shopv2_api.php?i=2&r=black&comefrom=wxapp&openid=sns_wa_oWJzS5Ak51G9M881eXJ2gvCLiwUo&mid=&merchid=&authkey=&timestamp=1561456038329 yoxwechatbusinessModel::set_user:BEGIN
[2019-06-25 17:47:23] trace  /app/ewei_shopv2_api.php?i=2&r=black&comefrom=wxapp&openid=sns_wa_oWJzS5Ak51G9M881eXJ2gvCLiwUo&mid=&merchid=&authkey=&timestamp=1561456038329 yoxwechatbusinessModel::set_user:END
[2019-06-25 17:47:23] trace  /app/ewei_shopv2_api.php?i=2&r=diypage&type=home&comefrom=wxapp&openid=sns_wa_oWJzS5Ak51G9M881eXJ2gvCLiwUo&mid=&merchid=&authkey=&timestamp=1561456038601 yoxwechatbusinessModel::set_user:BEGIN
[2019-06-25 17:47:23] trace  /app/ewei_shopv2_api.php?i=2&r=diypage&type=home&comefrom=wxapp&openid=sns_wa_oWJzS5Ak51G9M881eXJ2gvCLiwUo&mid=&merchid=&authkey=&timestamp=1561456038601 yoxwechatbusinessModel::set_user:END
[2019-06-25 17:47:23] trace  /app/ewei_shopv2_api.php?i=2&r=shop.get_cpinfos&comefrom=wxapp&openid=sns_wa_oWJzS5Ak51G9M881eXJ2gvCLiwUo&mid=&merchid=&authkey=&timestamp=1561456038823 yoxwechatbusinessModel::set_user:BEGIN
[2019-06-25 17:47:23] trace  /app/ewei_shopv2_api.php?i=2&r=shop.get_hasnewcoupon&comefrom=wxapp&openid=sns_wa_oWJzS5Ak51G9M881eXJ2gvCLiwUo&mid=&merchid=&authkey=&timestamp=1561456038765 yoxwechatbusinessModel::set_user:BEGIN
[2019-06-25 17:47:23] trace  /app/ewei_shopv2_api.php?i=2&r=shop.get_shopindex&comefrom=wxapp&openid=sns_wa_oWJzS5Ak51G9M881eXJ2gvCLiwUo&mid=&merchid=&authkey=&timestamp=1561456038710 yoxwechatbusinessModel::set_user:BEGIN
[2019-06-25 17:47:23] trace  /app/ewei_shopv2_api.php?i=2&r=shop.get_cpinfos&comefrom=wxapp&openid=sns_wa_oWJzS5Ak51G9M881eXJ2gvCLiwUo&mid=&merchid=&authkey=&timestamp=1561456038823 yoxwechatbusinessModel::set_user:END
[2019-06-25 17:47:23] trace  /app/ewei_shopv2_api.php?i=2&r=shop.get_shopindex&comefrom=wxapp&openid=sns_wa_oWJzS5Ak51G9M881eXJ2gvCLiwUo&mid=&merchid=&authkey=&timestamp=1561456038710 yoxwechatbusinessModel::set_user:END
[2019-06-25 17:47:23] trace  /app/ewei_shopv2_api.php?i=2&r=shop.get_hasnewcoupon&comefrom=wxapp&openid=sns_wa_oWJzS5Ak51G9M881eXJ2gvCLiwUo&mid=&merchid=&authkey=&timestamp=1561456038765 yoxwechatbusinessModel::set_user:END
[2019-06-25 17:48:05] trace  /app/ewei_shopv2_api.php?i=2&r=black&comefrom=wxapp&openid=sns_wa_oWJzS5Ak51G9M881eXJ2gvCLiwUo&mid=&merchid=&authkey=ZmZkMVdDT2hQZThhNzArbzR3UDAxcGpTOHRRbmoyNElvaFBJbnVlVnNvSUpyVDQveHNqN0t3OWh2MEE3MUVzS3Y0L0p2dzF1NGErMDdjcXlXWnk1c0J1TFJOSQ%3D%3D&timestamp=1561456080597 yoxwechatbusinessModel::set_user:BEGIN
[2019-06-25 17:48:05] trace  /app/ewei_shopv2_api.php?i=2&r=black&comefrom=wxapp&openid=sns_wa_oWJzS5Ak51G9M881eXJ2gvCLiwUo&mid=&merchid=&authkey=ZmZkMVdDT2hQZThhNzArbzR3UDAxcGpTOHRRbmoyNElvaFBJbnVlVnNvSUpyVDQveHNqN0t3OWh2MEE3MUVzS3Y0L0p2dzF1NGErMDdjcXlXWnk1c0J1TFJOSQ%3D%3D&timestamp=1561456080597 yoxwechatbusinessModel::set_user:END
[2019-06-25 17:48:05] trace  /app/ewei_shopv2_api.php?i=2&r=diypage&type=home&comefrom=wxapp&openid=sns_wa_oWJzS5Ak51G9M881eXJ2gvCLiwUo&mid=&merchid=&authkey=ZmZkMVdDT2hQZThhNzArbzR3UDAxcGpTOHRRbmoyNElvaFBJbnVlVnNvSUpyVDQveHNqN0t3OWh2MEE3MUVzS3Y0L0p2dzF1NGErMDdjcXlXWnk1c0J1TFJOSQ%3D%3D&timestamp=1561456080834 yoxwechatbusinessModel::set_user:BEGIN
[2019-06-25 17:48:05] trace  /app/ewei_shopv2_api.php?i=2&r=diypage&type=home&comefrom=wxapp&openid=sns_wa_oWJzS5Ak51G9M881eXJ2gvCLiwUo&mid=&merchid=&authkey=ZmZkMVdDT2hQZThhNzArbzR3UDAxcGpTOHRRbmoyNElvaFBJbnVlVnNvSUpyVDQveHNqN0t3OWh2MEE3MUVzS3Y0L0p2dzF1NGErMDdjcXlXWnk1c0J1TFJOSQ%3D%3D&timestamp=1561456080834 yoxwechatbusinessModel::set_user:END
[2019-06-25 17:48:05] trace  /app/ewei_shopv2_api.php?i=2&r=shop.get_shopindex&comefrom=wxapp&openid=sns_wa_oWJzS5Ak51G9M881eXJ2gvCLiwUo&mid=&merchid=&authkey=ZmZkMVdDT2hQZThhNzArbzR3UDAxcGpTOHRRbmoyNElvaFBJbnVlVnNvSUpyVDQveHNqN0t3OWh2MEE3MUVzS3Y0L0p2dzF1NGErMDdjcXlXWnk1c0J1TFJOSQ%3D%3D&timestamp=1561456080947 yoxwechatbusinessModel::set_user:BEGIN
[2019-06-25 17:48:05] trace  /app/ewei_shopv2_api.php?i=2&r=shop.get_shopindex&comefrom=wxapp&openid=sns_wa_oWJzS5Ak51G9M881eXJ2gvCLiwUo&mid=&merchid=&authkey=ZmZkMVdDT2hQZThhNzArbzR3UDAxcGpTOHRRbmoyNElvaFBJbnVlVnNvSUpyVDQveHNqN0t3OWh2MEE3MUVzS3Y0L0p2dzF1NGErMDdjcXlXWnk1c0J1TFJOSQ%3D%3D&timestamp=1561456080947 yoxwechatbusinessModel::set_user:END
[2019-06-25 17:48:05] trace  /app/ewei_shopv2_api.php?i=2&r=shop.get_hasnewcoupon&comefrom=wxapp&openid=sns_wa_oWJzS5Ak51G9M881eXJ2gvCLiwUo&mid=&merchid=&authkey=ZmZkMVdDT2hQZThhNzArbzR3UDAxcGpTOHRRbmoyNElvaFBJbnVlVnNvSUpyVDQveHNqN0t3OWh2MEE3MUVzS3Y0L0p2dzF1NGErMDdjcXlXWnk1c0J1TFJOSQ%3D%3D&timestamp=1561456081001 yoxwechatbusinessModel::set_user:BEGIN
[2019-06-25 17:48:05] trace  /app/ewei_shopv2_api.php?i=2&r=shop.get_hasnewcoupon&comefrom=wxapp&openid=sns_wa_oWJzS5Ak51G9M881eXJ2gvCLiwUo&mid=&merchid=&authkey=ZmZkMVdDT2hQZThhNzArbzR3UDAxcGpTOHRRbmoyNElvaFBJbnVlVnNvSUpyVDQveHNqN0t3OWh2MEE3MUVzS3Y0L0p2dzF1NGErMDdjcXlXWnk1c0J1TFJOSQ%3D%3D&timestamp=1561456081001 yoxwechatbusinessModel::set_user:END
[2019-06-25 17:48:05] trace  /app/ewei_shopv2_api.php?i=2&r=shop.get_cpinfos&comefrom=wxapp&openid=sns_wa_oWJzS5Ak51G9M881eXJ2gvCLiwUo&mid=&merchid=&authkey=ZmZkMVdDT2hQZThhNzArbzR3UDAxcGpTOHRRbmoyNElvaFBJbnVlVnNvSUpyVDQveHNqN0t3OWh2MEE3MUVzS3Y0L0p2dzF1NGErMDdjcXlXWnk1c0J1TFJOSQ%3D%3D&timestamp=1561456081076 yoxwechatbusinessModel::set_user:BEGIN
[2019-06-25 17:48:05] trace  /app/ewei_shopv2_api.php?i=2&r=shop.get_cpinfos&comefrom=wxapp&openid=sns_wa_oWJzS5Ak51G9M881eXJ2gvCLiwUo&mid=&merchid=&authkey=ZmZkMVdDT2hQZThhNzArbzR3UDAxcGpTOHRRbmoyNElvaFBJbnVlVnNvSUpyVDQveHNqN0t3OWh2MEE3MUVzS3Y0L0p2dzF1NGErMDdjcXlXWnk1c0J1TFJOSQ%3D%3D&timestamp=1561456081076 yoxwechatbusinessModel::set_user:END
[2019-06-25 17:50:03] trace  /app/ewei_shopv2_api.php?i=2&r=black&comefrom=wxapp&openid=sns_wa_oWJzS5Ak51G9M881eXJ2gvCLiwUo&mid=&merchid=&authkey=&timestamp=1561456198702 yoxwechatbusinessModel::set_user:BEGIN
[2019-06-25 17:50:03] trace  /app/ewei_shopv2_api.php?i=2&r=black&comefrom=wxapp&openid=sns_wa_oWJzS5Ak51G9M881eXJ2gvCLiwUo&mid=&merchid=&authkey=&timestamp=1561456198702 yoxwechatbusinessModel::set_user:END
[2019-06-25 17:50:03] trace  /app/ewei_shopv2_api.php?i=2&r=diypage&type=home&comefrom=wxapp&openid=sns_wa_oWJzS5Ak51G9M881eXJ2gvCLiwUo&mid=&merchid=&authkey=&timestamp=1561456199115 yoxwechatbusinessModel::set_user:BEGIN
[2019-06-25 17:50:03] trace  /app/ewei_shopv2_api.php?i=2&r=diypage&type=home&comefrom=wxapp&openid=sns_wa_oWJzS5Ak51G9M881eXJ2gvCLiwUo&mid=&merchid=&authkey=&timestamp=1561456199115 yoxwechatbusinessModel::set_user:END
[2019-06-25 17:50:03] trace  /app/ewei_shopv2_api.php?i=2&r=shop.get_shopindex&comefrom=wxapp&openid=sns_wa_oWJzS5Ak51G9M881eXJ2gvCLiwUo&mid=&merchid=&authkey=&timestamp=1561456199245 yoxwechatbusinessModel::set_user:BEGIN
[2019-06-25 17:50:03] trace  /app/ewei_shopv2_api.php?i=2&r=shop.get_shopindex&comefrom=wxapp&openid=sns_wa_oWJzS5Ak51G9M881eXJ2gvCLiwUo&mid=&merchid=&authkey=&timestamp=1561456199245 yoxwechatbusinessModel::set_user:END
[2019-06-25 17:50:04] trace  /app/ewei_shopv2_api.php?i=2&r=shop.get_hasnewcoupon&comefrom=wxapp&openid=sns_wa_oWJzS5Ak51G9M881eXJ2gvCLiwUo&mid=&merchid=&authkey=&timestamp=1561456199300 yoxwechatbusinessModel::set_user:BEGIN
[2019-06-25 17:50:04] trace  /app/ewei_shopv2_api.php?i=2&r=shop.get_hasnewcoupon&comefrom=wxapp&openid=sns_wa_oWJzS5Ak51G9M881eXJ2gvCLiwUo&mid=&merchid=&authkey=&timestamp=1561456199300 yoxwechatbusinessModel::set_user:END
[2019-06-25 17:50:04] trace  /app/ewei_shopv2_api.php?i=2&r=shop.get_cpinfos&comefrom=wxapp&openid=sns_wa_oWJzS5Ak51G9M881eXJ2gvCLiwUo&mid=&merchid=&authkey=&timestamp=1561456199354 yoxwechatbusinessModel::set_user:BEGIN
[2019-06-25 17:50:04] trace  /app/ewei_shopv2_api.php?i=2&r=shop.get_cpinfos&comefrom=wxapp&openid=sns_wa_oWJzS5Ak51G9M881eXJ2gvCLiwUo&mid=&merchid=&authkey=&timestamp=1561456199354 yoxwechatbusinessModel::set_user:END
[2019-06-25 17:50:45] trace  /app/ewei_shopv2_api.php?i=2&r=black&comefrom=wxapp&openid=sns_wa_oWJzS5Ak51G9M881eXJ2gvCLiwUo&mid=&merchid=&authkey=&timestamp=1561456241154 yoxwechatbusinessModel::set_user:BEGIN
[2019-06-25 17:50:45] trace  /app/ewei_shopv2_api.php?i=2&r=black&comefrom=wxapp&openid=sns_wa_oWJzS5Ak51G9M881eXJ2gvCLiwUo&mid=&merchid=&authkey=&timestamp=1561456241154 yoxwechatbusinessModel::set_user:END
[2019-06-25 17:50:46] trace  /app/ewei_shopv2_api.php?i=2&r=diypage&type=home&comefrom=wxapp&openid=sns_wa_oWJzS5Ak51G9M881eXJ2gvCLiwUo&mid=&merchid=&authkey=&timestamp=1561456241456 yoxwechatbusinessModel::set_user:BEGIN
[2019-06-25 17:50:46] trace  /app/ewei_shopv2_api.php?i=2&r=shop.get_hasnewcoupon&comefrom=wxapp&openid=sns_wa_oWJzS5Ak51G9M881eXJ2gvCLiwUo&mid=&merchid=&authkey=&timestamp=1561456241644 yoxwechatbusinessModel::set_user:BEGIN
[2019-06-25 17:50:46] trace  /app/ewei_shopv2_api.php?i=2&r=shop.get_cpinfos&comefrom=wxapp&openid=sns_wa_oWJzS5Ak51G9M881eXJ2gvCLiwUo&mid=&merchid=&authkey=&timestamp=1561456241720 yoxwechatbusinessModel::set_user:BEGIN
[2019-06-25 17:50:46] trace  /app/ewei_shopv2_api.php?i=2&r=shop.get_hasnewcoupon&comefrom=wxapp&openid=sns_wa_oWJzS5Ak51G9M881eXJ2gvCLiwUo&mid=&merchid=&authkey=&timestamp=1561456241644 yoxwechatbusinessModel::set_user:END
[2019-06-25 17:50:46] trace  /app/ewei_shopv2_api.php?i=2&r=shop.get_shopindex&comefrom=wxapp&openid=sns_wa_oWJzS5Ak51G9M881eXJ2gvCLiwUo&mid=&merchid=&authkey=&timestamp=1561456241588 yoxwechatbusinessModel::set_user:BEGIN
[2019-06-25 17:50:46] trace  /app/ewei_shopv2_api.php?i=2&r=diypage&type=home&comefrom=wxapp&openid=sns_wa_oWJzS5Ak51G9M881eXJ2gvCLiwUo&mid=&merchid=&authkey=&timestamp=1561456241456 yoxwechatbusinessModel::set_user:END
[2019-06-25 17:50:46] trace  /app/ewei_shopv2_api.php?i=2&r=shop.get_cpinfos&comefrom=wxapp&openid=sns_wa_oWJzS5Ak51G9M881eXJ2gvCLiwUo&mid=&merchid=&authkey=&timestamp=1561456241720 yoxwechatbusinessModel::set_user:END
[2019-06-25 17:50:46] trace  /app/ewei_shopv2_api.php?i=2&r=shop.get_shopindex&comefrom=wxapp&openid=sns_wa_oWJzS5Ak51G9M881eXJ2gvCLiwUo&mid=&merchid=&authkey=&timestamp=1561456241588 yoxwechatbusinessModel::set_user:END
[2019-06-25 17:50:59] trace  /app/ewei_shopv2_api.php?i=2&r=black&comefrom=wxapp&openid=sns_wa_oWJzS5Ak51G9M881eXJ2gvCLiwUo&mid=&merchid=&authkey=&timestamp=1561456254649 yoxwechatbusinessModel::set_user:BEGIN
[2019-06-25 17:50:59] trace  /app/ewei_shopv2_api.php?i=2&r=black&comefrom=wxapp&openid=sns_wa_oWJzS5Ak51G9M881eXJ2gvCLiwUo&mid=&merchid=&authkey=&timestamp=1561456254649 yoxwechatbusinessModel::set_user:END
[2019-06-25 17:50:59] trace  /app/ewei_shopv2_api.php?i=2&r=diypage&type=home&comefrom=wxapp&openid=sns_wa_oWJzS5Ak51G9M881eXJ2gvCLiwUo&mid=&merchid=&authkey=&timestamp=1561456254906 yoxwechatbusinessModel::set_user:BEGIN
[2019-06-25 17:50:59] trace  /app/ewei_shopv2_api.php?i=2&r=shop.get_cpinfos&comefrom=wxapp&openid=sns_wa_oWJzS5Ak51G9M881eXJ2gvCLiwUo&mid=&merchid=&authkey=&timestamp=1561456255142 yoxwechatbusinessModel::set_user:BEGIN
[2019-06-25 17:50:59] trace  /app/ewei_shopv2_api.php?i=2&r=diypage&type=home&comefrom=wxapp&openid=sns_wa_oWJzS5Ak51G9M881eXJ2gvCLiwUo&mid=&merchid=&authkey=&timestamp=1561456254906 yoxwechatbusinessModel::set_user:END
[2019-06-25 17:50:59] trace  /app/ewei_shopv2_api.php?i=2&r=shop.get_hasnewcoupon&comefrom=wxapp&openid=sns_wa_oWJzS5Ak51G9M881eXJ2gvCLiwUo&mid=&merchid=&authkey=&timestamp=1561456255089 yoxwechatbusinessModel::set_user:BEGIN
[2019-06-25 17:50:59] trace  /app/ewei_shopv2_api.php?i=2&r=shop.get_cpinfos&comefrom=wxapp&openid=sns_wa_oWJzS5Ak51G9M881eXJ2gvCLiwUo&mid=&merchid=&authkey=&timestamp=1561456255142 yoxwechatbusinessModel::set_user:END
[2019-06-25 17:50:59] trace  /app/ewei_shopv2_api.php?i=2&r=shop.get_shopindex&comefrom=wxapp&openid=sns_wa_oWJzS5Ak51G9M881eXJ2gvCLiwUo&mid=&merchid=&authkey=&timestamp=1561456255032 yoxwechatbusinessModel::set_user:BEGIN
[2019-06-25 17:50:59] trace  /app/ewei_shopv2_api.php?i=2&r=shop.get_hasnewcoupon&comefrom=wxapp&openid=sns_wa_oWJzS5Ak51G9M881eXJ2gvCLiwUo&mid=&merchid=&authkey=&timestamp=1561456255089 yoxwechatbusinessModel::set_user:END
[2019-06-25 17:50:59] trace  /app/ewei_shopv2_api.php?i=2&r=shop.get_shopindex&comefrom=wxapp&openid=sns_wa_oWJzS5Ak51G9M881eXJ2gvCLiwUo&mid=&merchid=&authkey=&timestamp=1561456255032 yoxwechatbusinessModel::set_user:END
[2019-06-25 17:51:13] trace  /app/ewei_shopv2_api.php?i=2&r=yoxwechatbusiness.wxacode&isajax=1&comefrom=wxapp&openid=sns_wa_oWJzS5Ak51G9M881eXJ2gvCLiwUo&mid=&merchid=&authkey=&timestamp=1561456268300 yoxwechatbusinessModel::set_user:BEGIN
[2019-06-25 17:51:13] trace  /app/ewei_shopv2_api.php?i=2&r=yoxwechatbusiness.wxacode&isajax=1&comefrom=wxapp&openid=sns_wa_oWJzS5Ak51G9M881eXJ2gvCLiwUo&mid=&merchid=&authkey=&timestamp=1561456268300 yoxwechatbusinessModel::set_user:END
[2019-06-25 18:00:09] trace  /app/ewei_shopv2_api.php?i=2&r=cacheset&version=&comefrom=wxapp&openid=sns_wa_oWJzS5Ak51G9M881eXJ2gvCLiwUo&authkey=ODYyM0hBcWhmUDVtN0daajh1YWZNSlNlajBPWFlvaWJneDNqQnZpWHQ2cjdEaUFnWmcwUHhvQTNtajl3WGlPbURyOU1TdWNo&timestamp=1561456805195 yoxwechatbusinessModel::set_user:BEGIN
[2019-06-25 18:00:09] trace  /app/ewei_shopv2_api.php?i=2&r=cacheset&version=&comefrom=wxapp&openid=sns_wa_oWJzS5Ak51G9M881eXJ2gvCLiwUo&authkey=ODYyM0hBcWhmUDVtN0daajh1YWZNSlNlajBPWFlvaWJneDNqQnZpWHQ2cjdEaUFnWmcwUHhvQTNtajl3WGlPbURyOU1TdWNo&timestamp=1561456805195 yoxwechatbusinessModel::set_user:END
[2019-06-25 18:00:10] trace  /app/ewei_shopv2_api.php?i=2&r=cacheset&version=&comefrom=wxapp&openid=sns_wa_oWJzS5Ak51G9M881eXJ2gvCLiwUo&authkey=ODYyM0hBcWhmUDVtN0daajh1YWZNSlNlajBPWFlvaWJneDNqQnZpWHQ2cjdEaUFnWmcwUHhvQTNtajl3WGlPbURyOU1TdWNo&timestamp=1561456805337 yoxwechatbusinessModel::set_user:BEGIN
[2019-06-25 18:00:10] trace  /app/ewei_shopv2_api.php?i=2&r=cacheset&version=&comefrom=wxapp&openid=sns_wa_oWJzS5Ak51G9M881eXJ2gvCLiwUo&authkey=ODYyM0hBcWhmUDVtN0daajh1YWZNSlNlajBPWFlvaWJneDNqQnZpWHQ2cjdEaUFnWmcwUHhvQTNtajl3WGlPbURyOU1TdWNo&timestamp=1561456805337 yoxwechatbusinessModel::set_user:END
[2019-06-25 19:51:05] trace  /app/ewei_shopv2_api.php?i=2&r=cacheset&version=&comefrom=wxapp&openid=sns_wa_oWJzS5KxWf8yYgI2vDV9i29R2hoQ&mid=&merchid=&authkey=NmFiM3ZDcDllejVqN0tsQXp1dGNiVlIvZWxmcHoyQVQwRnU0OGVnR2tKUlFOQTF6ak9iSEQycFJCOTNaVGo1SFhsSmUxdGVSdXp4aExzNmI2UVJIR2NVVldqOA%3D%3D&timestamp=1561463460830 yoxwechatbusinessModel::set_user:BEGIN
[2019-06-25 19:51:05] trace  /app/ewei_shopv2_api.php?i=2&r=cacheset&version=&comefrom=wxapp&openid=sns_wa_oWJzS5KxWf8yYgI2vDV9i29R2hoQ&mid=&merchid=&authkey=NmFiM3ZDcDllejVqN0tsQXp1dGNiVlIvZWxmcHoyQVQwRnU0OGVnR2tKUlFOQTF6ak9iSEQycFJCOTNaVGo1SFhsSmUxdGVSdXp4aExzNmI2UVJIR2NVVldqOA%3D%3D&timestamp=1561463460830 yoxwechatbusinessModel::set_user:END
[2019-06-25 19:51:06] trace  /app/ewei_shopv2_api.php?i=2&r=cacheset&version=&comefrom=wxapp&openid=sns_wa_oWJzS5KxWf8yYgI2vDV9i29R2hoQ&mid=&merchid=&authkey=ZGUzYk1zTE9FenFIclFGSE15NDRacHJxQ2NrU09scW90bDZ4MUE0RjJ2TlVzMG1YQkIwaU9LeVptZXlka1JrVVVLMVdRODViRVR6Y04wWTVnQW9zeDhod3NaTQ%3D%3D&timestamp=1561463461663 yoxwechatbusinessModel::set_user:BEGIN
[2019-06-25 19:51:06] trace  /app/ewei_shopv2_api.php?i=2&r=cacheset&version=&comefrom=wxapp&openid=sns_wa_oWJzS5KxWf8yYgI2vDV9i29R2hoQ&mid=&merchid=&authkey=ZGUzYk1zTE9FenFIclFGSE15NDRacHJxQ2NrU09scW90bDZ4MUE0RjJ2TlVzMG1YQkIwaU9LeVptZXlka1JrVVVLMVdRODViRVR6Y04wWTVnQW9zeDhod3NaTQ%3D%3D&timestamp=1561463461663 yoxwechatbusinessModel::set_user:END
[2019-06-25 19:51:24] trace  /app/ewei_shopv2_api.php?i=2&r=shop.get_hasnewcoupon&comefrom=wxapp&openid=sns_wa_oWJzS5KxWf8yYgI2vDV9i29R2hoQ&mid=&merchid=&authkey=&timestamp=1561463479600 yoxwechatbusinessModel::set_user:BEGIN
[2019-06-25 19:51:24] trace  /app/ewei_shopv2_api.php?i=2&r=shop.get_hasnewcoupon&comefrom=wxapp&openid=sns_wa_oWJzS5KxWf8yYgI2vDV9i29R2hoQ&mid=&merchid=&authkey=&timestamp=1561463479600 yoxwechatbusinessModel::set_user:END
[2019-06-25 19:51:24] trace  /app/ewei_shopv2_api.php?i=2&r=shop.get_cpinfos&comefrom=wxapp&openid=sns_wa_oWJzS5KxWf8yYgI2vDV9i29R2hoQ&mid=&merchid=&authkey=&timestamp=1561463479617 yoxwechatbusinessModel::set_user:BEGIN
[2019-06-25 19:51:24] trace  /app/ewei_shopv2_api.php?i=2&r=shop.get_cpinfos&comefrom=wxapp&openid=sns_wa_oWJzS5KxWf8yYgI2vDV9i29R2hoQ&mid=&merchid=&authkey=&timestamp=1561463479617 yoxwechatbusinessModel::set_user:END
[2019-06-25 19:51:24] trace  /app/ewei_shopv2_api.php?i=2&r=shop.get_shopindex&comefrom=wxapp&openid=sns_wa_oWJzS5KxWf8yYgI2vDV9i29R2hoQ&mid=&merchid=&authkey=&timestamp=1561463479578 yoxwechatbusinessModel::set_user:BEGIN
[2019-06-25 19:51:24] trace  /app/ewei_shopv2_api.php?i=2&r=shop.get_shopindex&comefrom=wxapp&openid=sns_wa_oWJzS5KxWf8yYgI2vDV9i29R2hoQ&mid=&merchid=&authkey=&timestamp=1561463479578 yoxwechatbusinessModel::set_user:END
[2019-06-25 22:20:22] trace  /app/ewei_shopv2_api.php?i=2&r=cacheset&version=&comefrom=wxapp&openid=sns_wa_oWJzS5CiwkUiJRtUCUgoeHsZS4iw&mid=&merchid=&authkey=M2U3YXMrZlJIV3hpUm1hNW1ETmFERlRlNHVvSGoyMFczVDBwWTgzSVB1b3dIZTdBaVR6NThQOWNxeWl1aG1XUjh6Ulc5eTlHOExNRUVNRG1jOVJhUHgzTTVHcw%3D%3D&timestamp=1561472417380 yoxwechatbusinessModel::set_user:BEGIN
[2019-06-25 22:20:22] trace  /app/ewei_shopv2_api.php?i=2&r=shop.get_cpinfos&comefrom=wxapp&openid=sns_wa_oWJzS5CiwkUiJRtUCUgoeHsZS4iw&mid=&merchid=&authkey=M2U3YXMrZlJIV3hpUm1hNW1ETmFERlRlNHVvSGoyMFczVDBwWTgzSVB1b3dIZTdBaVR6NThQOWNxeWl1aG1XUjh6Ulc5eTlHOExNRUVNRG1jOVJhUHgzTTVHcw%3D%3D&timestamp=1561472417521 yoxwechatbusinessModel::set_user:BEGIN
[2019-06-25 22:20:22] trace  /app/ewei_shopv2_api.php?i=2&r=cacheset&version=&comefrom=wxapp&openid=sns_wa_oWJzS5CiwkUiJRtUCUgoeHsZS4iw&mid=&merchid=&authkey=M2U3YXMrZlJIV3hpUm1hNW1ETmFERlRlNHVvSGoyMFczVDBwWTgzSVB1b3dIZTdBaVR6NThQOWNxeWl1aG1XUjh6Ulc5eTlHOExNRUVNRG1jOVJhUHgzTTVHcw%3D%3D&timestamp=1561472417380 yoxwechatbusinessModel::set_user:END
[2019-06-25 22:20:22] trace  /app/ewei_shopv2_api.php?i=2&r=shop.get_cpinfos&comefrom=wxapp&openid=sns_wa_oWJzS5CiwkUiJRtUCUgoeHsZS4iw&mid=&merchid=&authkey=M2U3YXMrZlJIV3hpUm1hNW1ETmFERlRlNHVvSGoyMFczVDBwWTgzSVB1b3dIZTdBaVR6NThQOWNxeWl1aG1XUjh6Ulc5eTlHOExNRUVNRG1jOVJhUHgzTTVHcw%3D%3D&timestamp=1561472417521 yoxwechatbusinessModel::set_user:END
[2019-06-25 22:20:22] trace  /app/ewei_shopv2_api.php?i=2&r=shop.get_shopindex&comefrom=wxapp&openid=sns_wa_oWJzS5CiwkUiJRtUCUgoeHsZS4iw&mid=&merchid=&authkey=M2U3YXMrZlJIV3hpUm1hNW1ETmFERlRlNHVvSGoyMFczVDBwWTgzSVB1b3dIZTdBaVR6NThQOWNxeWl1aG1XUjh6Ulc5eTlHOExNRUVNRG1jOVJhUHgzTTVHcw%3D%3D&timestamp=1561472417490 yoxwechatbusinessModel::set_user:BEGIN
[2019-06-25 22:20:22] trace  /app/ewei_shopv2_api.php?i=2&r=black&comefrom=wxapp&openid=sns_wa_oWJzS5CiwkUiJRtUCUgoeHsZS4iw&mid=&merchid=&authkey=M2U3YXMrZlJIV3hpUm1hNW1ETmFERlRlNHVvSGoyMFczVDBwWTgzSVB1b3dIZTdBaVR6NThQOWNxeWl1aG1XUjh6Ulc5eTlHOExNRUVNRG1jOVJhUHgzTTVHcw%3D%3D&timestamp=1561472417424 yoxwechatbusinessModel::set_user:BEGIN
[2019-06-25 22:20:22] trace  /app/ewei_shopv2_api.php?i=2&r=diypage&type=home&comefrom=wxapp&openid=sns_wa_oWJzS5CiwkUiJRtUCUgoeHsZS4iw&mid=&merchid=&authkey=M2U3YXMrZlJIV3hpUm1hNW1ETmFERlRlNHVvSGoyMFczVDBwWTgzSVB1b3dIZTdBaVR6NThQOWNxeWl1aG1XUjh6Ulc5eTlHOExNRUVNRG1jOVJhUHgzTTVHcw%3D%3D&timestamp=1561472417451 yoxwechatbusinessModel::set_user:BEGIN
[2019-06-25 22:20:22] trace  /app/ewei_shopv2_api.php?i=2&r=black&comefrom=wxapp&openid=sns_wa_oWJzS5CiwkUiJRtUCUgoeHsZS4iw&mid=&merchid=&authkey=M2U3YXMrZlJIV3hpUm1hNW1ETmFERlRlNHVvSGoyMFczVDBwWTgzSVB1b3dIZTdBaVR6NThQOWNxeWl1aG1XUjh6Ulc5eTlHOExNRUVNRG1jOVJhUHgzTTVHcw%3D%3D&timestamp=1561472417424 yoxwechatbusinessModel::set_user:END
[2019-06-25 22:20:22] trace  /app/ewei_shopv2_api.php?i=2&r=shop.get_hasnewcoupon&comefrom=wxapp&openid=sns_wa_oWJzS5CiwkUiJRtUCUgoeHsZS4iw&mid=&merchid=&authkey=M2U3YXMrZlJIV3hpUm1hNW1ETmFERlRlNHVvSGoyMFczVDBwWTgzSVB1b3dIZTdBaVR6NThQOWNxeWl1aG1XUjh6Ulc5eTlHOExNRUVNRG1jOVJhUHgzTTVHcw%3D%3D&timestamp=1561472417505 yoxwechatbusinessModel::set_user:BEGIN
[2019-06-25 22:20:22] trace  /app/ewei_shopv2_api.php?i=2&r=shop.get_shopindex&comefrom=wxapp&openid=sns_wa_oWJzS5CiwkUiJRtUCUgoeHsZS4iw&mid=&merchid=&authkey=M2U3YXMrZlJIV3hpUm1hNW1ETmFERlRlNHVvSGoyMFczVDBwWTgzSVB1b3dIZTdBaVR6NThQOWNxeWl1aG1XUjh6Ulc5eTlHOExNRUVNRG1jOVJhUHgzTTVHcw%3D%3D&timestamp=1561472417490 yoxwechatbusinessModel::set_user:END
[2019-06-25 22:20:22] trace  /app/ewei_shopv2_api.php?i=2&r=diypage&type=home&comefrom=wxapp&openid=sns_wa_oWJzS5CiwkUiJRtUCUgoeHsZS4iw&mid=&merchid=&authkey=M2U3YXMrZlJIV3hpUm1hNW1ETmFERlRlNHVvSGoyMFczVDBwWTgzSVB1b3dIZTdBaVR6NThQOWNxeWl1aG1XUjh6Ulc5eTlHOExNRUVNRG1jOVJhUHgzTTVHcw%3D%3D&timestamp=1561472417451 yoxwechatbusinessModel::set_user:END
[2019-06-25 22:20:22] trace  /app/ewei_shopv2_api.php?i=2&r=shop.get_hasnewcoupon&comefrom=wxapp&openid=sns_wa_oWJzS5CiwkUiJRtUCUgoeHsZS4iw&mid=&merchid=&authkey=M2U3YXMrZlJIV3hpUm1hNW1ETmFERlRlNHVvSGoyMFczVDBwWTgzSVB1b3dIZTdBaVR6NThQOWNxeWl1aG1XUjh6Ulc5eTlHOExNRUVNRG1jOVJhUHgzTTVHcw%3D%3D&timestamp=1561472417505 yoxwechatbusinessModel::set_user:END
[2019-06-25 22:20:22] trace  /app/ewei_shopv2_api.php?i=2&r=cacheset&version=&comefrom=wxapp&openid=sns_wa_oWJzS5CiwkUiJRtUCUgoeHsZS4iw&mid=&merchid=&authkey=ZGI5YjdDN3I0YVNDclFKTURhbHRHMGVPUHBHZVVRalBBc1FEU1hWc0pCNS9EV3o0aml3clQwalNNNTQyUHhJUWRrcTlYazFmUm9PNW1Yb2IxWG96V2xyM1NBcw%3D%3D&timestamp=1561472417914 yoxwechatbusinessModel::set_user:BEGIN
[2019-06-25 22:20:22] trace  /app/ewei_shopv2_api.php?i=2&r=cacheset&version=&comefrom=wxapp&openid=sns_wa_oWJzS5CiwkUiJRtUCUgoeHsZS4iw&mid=&merchid=&authkey=ZGI5YjdDN3I0YVNDclFKTURhbHRHMGVPUHBHZVVRalBBc1FEU1hWc0pCNS9EV3o0aml3clQwalNNNTQyUHhJUWRrcTlYazFmUm9PNW1Yb2IxWG96V2xyM1NBcw%3D%3D&timestamp=1561472417914 yoxwechatbusinessModel::set_user:END
[2019-06-25 22:20:40] trace  /app/ewei_shopv2_api.php?i=2&r=yoxwechatbusiness&isajax=1&comefrom=wxapp&openid=sns_wa_oWJzS5CiwkUiJRtUCUgoeHsZS4iw&mid=&merchid=&authkey=&timestamp=1561472436025 yoxwechatbusinessModel::set_user:BEGIN
[2019-06-25 22:20:40] trace  /app/ewei_shopv2_api.php?i=2&r=yoxwechatbusiness&isajax=1&comefrom=wxapp&openid=sns_wa_oWJzS5CiwkUiJRtUCUgoeHsZS4iw&mid=&merchid=&authkey=&timestamp=1561472436025 yoxwechatbusinessModel::set_user:END
[2019-06-25 22:20:41] trace  /app/ewei_shopv2_api.php?i=2&r=bargain.act&comefrom=wxapp&openid=sns_wa_oWJzS5CiwkUiJRtUCUgoeHsZS4iw&mid=&merchid=&authkey=&timestamp=1561472436043 yoxwechatbusinessModel::set_user:BEGIN
[2019-06-25 22:20:41] trace  /app/ewei_shopv2_api.php?i=2&r=bargain.act&comefrom=wxapp&openid=sns_wa_oWJzS5CiwkUiJRtUCUgoeHsZS4iw&mid=&merchid=&authkey=&timestamp=1561472436043 yoxwechatbusinessModel::set_user:END
[2019-06-25 22:20:50] trace  /app/ewei_shopv2_api.php?i=2&r=yoxwechatbusiness.user.my_down_level_user&isajax=1&begin_time=&end_time=&comefrom=wxapp&openid=sns_wa_oWJzS5CiwkUiJRtUCUgoeHsZS4iw&mid=&merchid=&authkey=&timestamp=1561472445506 yoxwechatbusinessModel::set_user:BEGIN
[2019-06-25 22:20:50] trace  /app/ewei_shopv2_api.php?i=2&r=yoxwechatbusiness.user.my_down_level_user&isajax=1&begin_time=&end_time=&comefrom=wxapp&openid=sns_wa_oWJzS5CiwkUiJRtUCUgoeHsZS4iw&mid=&merchid=&authkey=&timestamp=1561472445506 yoxwechatbusinessModel::set_user:END
[2019-06-25 22:20:55] trace  /app/ewei_shopv2_api.php?i=2&r=shop.get_cpinfos&comefrom=wxapp&openid=sns_wa_oWJzS5CiwkUiJRtUCUgoeHsZS4iw&mid=&merchid=&authkey=&timestamp=1561472450386 yoxwechatbusinessModel::set_user:BEGIN
[2019-06-25 22:20:55] trace  /app/ewei_shopv2_api.php?i=2&r=shop.get_cpinfos&comefrom=wxapp&openid=sns_wa_oWJzS5CiwkUiJRtUCUgoeHsZS4iw&mid=&merchid=&authkey=&timestamp=1561472450386 yoxwechatbusinessModel::set_user:END
[2019-06-25 22:20:55] trace  /app/ewei_shopv2_api.php?i=2&r=shop.get_hasnewcoupon&comefrom=wxapp&openid=sns_wa_oWJzS5CiwkUiJRtUCUgoeHsZS4iw&mid=&merchid=&authkey=&timestamp=1561472450367 yoxwechatbusinessModel::set_user:BEGIN
[2019-06-25 22:20:55] trace  /app/ewei_shopv2_api.php?i=2&r=shop.get_shopindex&comefrom=wxapp&openid=sns_wa_oWJzS5CiwkUiJRtUCUgoeHsZS4iw&mid=&merchid=&authkey=&timestamp=1561472450348 yoxwechatbusinessModel::set_user:BEGIN
[2019-06-25 22:20:55] trace  /app/ewei_shopv2_api.php?i=2&r=shop.get_hasnewcoupon&comefrom=wxapp&openid=sns_wa_oWJzS5CiwkUiJRtUCUgoeHsZS4iw&mid=&merchid=&authkey=&timestamp=1561472450367 yoxwechatbusinessModel::set_user:END
[2019-06-25 22:20:55] trace  /app/ewei_shopv2_api.php?i=2&r=shop.get_shopindex&comefrom=wxapp&openid=sns_wa_oWJzS5CiwkUiJRtUCUgoeHsZS4iw&mid=&merchid=&authkey=&timestamp=1561472450348 yoxwechatbusinessModel::set_user:END
