[2019-08-08 09:38:38] trace  /app/ewei_shopv2_api.php?i=2&r=cacheset&version=&comefrom=wxapp&openid=sns_wa_oWJzS5GOksJazf2XZniZrYQqrNx8&mid=&merchid=&authkey=ZDZiNk10ZkZrby9jV3pNa1Yvd0lYYTVNOXVoQ01RTTRvQ0dMMjE2UXg3THF5OFFIS2tXRUhqVzE4NU1oNlpSSDMvTmpRWGdMVUlaekZmY091OGNzeUxwalZraw%3D%3D&timestamp=1565228318042 yoxwechatbusinessModel::set_user:BEGIN
[2019-08-08 09:38:38] trace  /app/ewei_shopv2_api.php?i=2&r=cacheset&version=&comefrom=wxapp&openid=sns_wa_oWJzS5GOksJazf2XZniZrYQqrNx8&mid=&merchid=&authkey=ZDZiNk10ZkZrby9jV3pNa1Yvd0lYYTVNOXVoQ01RTTRvQ0dMMjE2UXg3THF5OFFIS2tXRUhqVzE4NU1oNlpSSDMvTmpRWGdMVUlaekZmY091OGNzeUxwalZraw%3D%3D&timestamp=1565228318042 yoxwechatbusinessModel::set_user:END
[2019-08-08 09:38:38] trace  /app/ewei_shopv2_api.php?i=2&r=cacheset&version=&comefrom=wxapp&openid=sns_wa_oWJzS5GOksJazf2XZniZrYQqrNx8&mid=&merchid=&authkey=NTI5MFRVMnZDTUVrSEJnQmlwQndzb1VkY0dPVXR6ODQ4QlZUNFJPbHl5Q0YyY2k0YVUyN3Q1NzFZT2ZnWVM0cHV2TW5SclhSdFN5N1JUTFkrQ3BxeFY1SzZZYw%3D%3D&timestamp=1565228318186 yoxwechatbusinessModel::set_user:BEGIN
[2019-08-08 09:38:38] trace  /app/ewei_shopv2_api.php?i=2&r=cacheset&version=&comefrom=wxapp&openid=sns_wa_oWJzS5GOksJazf2XZniZrYQqrNx8&mid=&merchid=&authkey=NTI5MFRVMnZDTUVrSEJnQmlwQndzb1VkY0dPVXR6ODQ4QlZUNFJPbHl5Q0YyY2k0YVUyN3Q1NzFZT2ZnWVM0cHV2TW5SclhSdFN5N1JUTFkrQ3BxeFY1SzZZYw%3D%3D&timestamp=1565228318186 yoxwechatbusinessModel::set_user:END
[2019-08-08 09:38:46] trace  /app/ewei_shopv2_api.php?i=2&r=groups&comefrom=wxapp&openid=sns_wa_oWJzS5GOksJazf2XZniZrYQqrNx8&mid=&merchid=&authkey=&timestamp=1565228326923 yoxwechatbusinessModel::set_user:BEGIN
[2019-08-08 09:38:46] trace  /app/ewei_shopv2_api.php?i=2&r=groups&comefrom=wxapp&openid=sns_wa_oWJzS5GOksJazf2XZniZrYQqrNx8&mid=&merchid=&authkey=&timestamp=1565228326923 yoxwechatbusinessModel::set_user:END
[2019-08-08 09:39:20] trace  /app/ewei_shopv2_api.php?i=2&r=groups&comefrom=wxapp&openid=sns_wa_oWJzS5GOksJazf2XZniZrYQqrNx8&mid=&merchid=&authkey=&timestamp=1565228359969 yoxwechatbusinessModel::set_user:BEGIN
[2019-08-08 09:39:20] trace  /app/ewei_shopv2_api.php?i=2&r=groups&comefrom=wxapp&openid=sns_wa_oWJzS5GOksJazf2XZniZrYQqrNx8&mid=&merchid=&authkey=&timestamp=1565228359969 yoxwechatbusinessModel::set_user:END
[2019-08-08 09:39:23] trace  /app/ewei_shopv2_api.php?i=2&r=shop.get_shopindex&comefrom=wxapp&openid=sns_wa_oWJzS5GOksJazf2XZniZrYQqrNx8&mid=&merchid=&authkey=&timestamp=1565228363210 yoxwechatbusinessModel::set_user:BEGIN
[2019-08-08 09:39:23] trace  /app/ewei_shopv2_api.php?i=2&r=shop.get_shopindex&comefrom=wxapp&openid=sns_wa_oWJzS5GOksJazf2XZniZrYQqrNx8&mid=&merchid=&authkey=&timestamp=1565228363210 yoxwechatbusinessModel::set_user:END
[2019-08-08 09:39:23] trace  /app/ewei_shopv2_api.php?i=2&r=shop.get_hasnewcoupon&comefrom=wxapp&openid=sns_wa_oWJzS5GOksJazf2XZniZrYQqrNx8&mid=&merchid=&authkey=&timestamp=1565228363217 yoxwechatbusinessModel::set_user:BEGIN
[2019-08-08 09:39:23] trace  /app/ewei_shopv2_api.php?i=2&r=shop.get_hasnewcoupon&comefrom=wxapp&openid=sns_wa_oWJzS5GOksJazf2XZniZrYQqrNx8&mid=&merchid=&authkey=&timestamp=1565228363217 yoxwechatbusinessModel::set_user:END
[2019-08-08 09:39:23] trace  /app/ewei_shopv2_api.php?i=2&r=shop.get_cpinfos&comefrom=wxapp&openid=sns_wa_oWJzS5GOksJazf2XZniZrYQqrNx8&mid=&merchid=&authkey=&timestamp=1565228363224 yoxwechatbusinessModel::set_user:BEGIN
[2019-08-08 09:39:23] trace  /app/ewei_shopv2_api.php?i=2&r=shop.get_cpinfos&comefrom=wxapp&openid=sns_wa_oWJzS5GOksJazf2XZniZrYQqrNx8&mid=&merchid=&authkey=&timestamp=1565228363224 yoxwechatbusinessModel::set_user:END
[2019-08-08 09:39:24] trace  /app/ewei_shopv2_api.php?i=2&r=shop.get_category&comefrom=wxapp&openid=sns_wa_oWJzS5GOksJazf2XZniZrYQqrNx8&mid=&merchid=&authkey=&timestamp=1565228364597 yoxwechatbusinessModel::set_user:BEGIN
[2019-08-08 09:39:24] trace  /app/ewei_shopv2_api.php?i=2&r=shop.get_category&comefrom=wxapp&openid=sns_wa_oWJzS5GOksJazf2XZniZrYQqrNx8&mid=&merchid=&authkey=&timestamp=1565228364597 yoxwechatbusinessModel::set_user:END
[2019-08-08 09:39:44] trace  /app/ewei_shopv2_api.php?i=2&r=shop.get_shopindex&comefrom=wxapp&openid=sns_wa_oWJzS5GOksJazf2XZniZrYQqrNx8&mid=&merchid=&authkey=&timestamp=1565228384522 yoxwechatbusinessModel::set_user:BEGIN
[2019-08-08 09:39:44] trace  /app/ewei_shopv2_api.php?i=2&r=shop.get_shopindex&comefrom=wxapp&openid=sns_wa_oWJzS5GOksJazf2XZniZrYQqrNx8&mid=&merchid=&authkey=&timestamp=1565228384522 yoxwechatbusinessModel::set_user:END
[2019-08-08 09:39:44] trace  /app/ewei_shopv2_api.php?i=2&r=shop.get_hasnewcoupon&comefrom=wxapp&openid=sns_wa_oWJzS5GOksJazf2XZniZrYQqrNx8&mid=&merchid=&authkey=&timestamp=1565228384542 yoxwechatbusinessModel::set_user:BEGIN
[2019-08-08 09:39:44] trace  /app/ewei_shopv2_api.php?i=2&r=shop.get_hasnewcoupon&comefrom=wxapp&openid=sns_wa_oWJzS5GOksJazf2XZniZrYQqrNx8&mid=&merchid=&authkey=&timestamp=1565228384542 yoxwechatbusinessModel::set_user:END
[2019-08-08 09:39:44] trace  /app/ewei_shopv2_api.php?i=2&r=shop.get_cpinfos&comefrom=wxapp&openid=sns_wa_oWJzS5GOksJazf2XZniZrYQqrNx8&mid=&merchid=&authkey=&timestamp=1565228384548 yoxwechatbusinessModel::set_user:BEGIN
[2019-08-08 09:39:44] trace  /app/ewei_shopv2_api.php?i=2&r=shop.get_cpinfos&comefrom=wxapp&openid=sns_wa_oWJzS5GOksJazf2XZniZrYQqrNx8&mid=&merchid=&authkey=&timestamp=1565228384548 yoxwechatbusinessModel::set_user:END
[2019-08-08 09:39:46] trace  /app/ewei_shopv2_api.php?i=2&r=black&comefrom=wxapp&openid=sns_wa_oWJzS5GOksJazf2XZniZrYQqrNx8&mid=&merchid=&authkey=&timestamp=1565228386552 yoxwechatbusinessModel::set_user:BEGIN
[2019-08-08 09:39:46] trace  /app/ewei_shopv2_api.php?i=2&r=black&comefrom=wxapp&openid=sns_wa_oWJzS5GOksJazf2XZniZrYQqrNx8&mid=&merchid=&authkey=&timestamp=1565228386552 yoxwechatbusinessModel::set_user:END
[2019-08-08 09:39:46] trace  /app/ewei_shopv2_api.php?i=2&r=diypage&type=home&comefrom=wxapp&openid=sns_wa_oWJzS5GOksJazf2XZniZrYQqrNx8&mid=&merchid=&authkey=&timestamp=1565228386568 yoxwechatbusinessModel::set_user:BEGIN
[2019-08-08 09:39:46] trace  /app/ewei_shopv2_api.php?i=2&r=diypage&type=home&comefrom=wxapp&openid=sns_wa_oWJzS5GOksJazf2XZniZrYQqrNx8&mid=&merchid=&authkey=&timestamp=1565228386568 yoxwechatbusinessModel::set_user:END
[2019-08-08 09:39:46] trace  /app/ewei_shopv2_api.php?i=2&r=shop.get_shopindex&comefrom=wxapp&openid=sns_wa_oWJzS5GOksJazf2XZniZrYQqrNx8&mid=&merchid=&authkey=&timestamp=1565228386600 yoxwechatbusinessModel::set_user:BEGIN
[2019-08-08 09:39:46] trace  /app/ewei_shopv2_api.php?i=2&r=shop.get_shopindex&comefrom=wxapp&openid=sns_wa_oWJzS5GOksJazf2XZniZrYQqrNx8&mid=&merchid=&authkey=&timestamp=1565228386600 yoxwechatbusinessModel::set_user:END
[2019-08-08 09:39:47] trace  /app/ewei_shopv2_api.php?i=2&r=shop.get_hasnewcoupon&comefrom=wxapp&openid=sns_wa_oWJzS5GOksJazf2XZniZrYQqrNx8&mid=&merchid=&authkey=&timestamp=1565228386609 yoxwechatbusinessModel::set_user:BEGIN
[2019-08-08 09:39:47] trace  /app/ewei_shopv2_api.php?i=2&r=shop.get_hasnewcoupon&comefrom=wxapp&openid=sns_wa_oWJzS5GOksJazf2XZniZrYQqrNx8&mid=&merchid=&authkey=&timestamp=1565228386609 yoxwechatbusinessModel::set_user:END
[2019-08-08 09:39:47] trace  /app/ewei_shopv2_api.php?i=2&r=shop.get_cpinfos&comefrom=wxapp&openid=sns_wa_oWJzS5GOksJazf2XZniZrYQqrNx8&mid=&merchid=&authkey=&timestamp=1565228386617 yoxwechatbusinessModel::set_user:BEGIN
[2019-08-08 09:39:47] trace  /app/ewei_shopv2_api.php?i=2&r=shop.get_cpinfos&comefrom=wxapp&openid=sns_wa_oWJzS5GOksJazf2XZniZrYQqrNx8&mid=&merchid=&authkey=&timestamp=1565228386617 yoxwechatbusinessModel::set_user:END
[2019-08-08 09:39:52] trace  /app/ewei_shopv2_api.php?i=2&r=diypage&type=6&comefrom=wxapp&openid=sns_wa_oWJzS5GOksJazf2XZniZrYQqrNx8&mid=&merchid=&authkey=&timestamp=1565228392384 yoxwechatbusinessModel::set_user:BEGIN
[2019-08-08 09:39:52] trace  /app/ewei_shopv2_api.php?i=2&r=diypage&type=6&comefrom=wxapp&openid=sns_wa_oWJzS5GOksJazf2XZniZrYQqrNx8&mid=&merchid=&authkey=&timestamp=1565228392384 yoxwechatbusinessModel::set_user:END
[2019-08-08 09:39:52] trace  /app/ewei_shopv2_api.php?i=2&r=diypage&id=6&comefrom=wxapp&openid=sns_wa_oWJzS5GOksJazf2XZniZrYQqrNx8&mid=&merchid=&authkey=&timestamp=1565228392475 yoxwechatbusinessModel::set_user:BEGIN
[2019-08-08 09:39:52] trace  /app/ewei_shopv2_api.php?i=2&r=diypage&id=6&comefrom=wxapp&openid=sns_wa_oWJzS5GOksJazf2XZniZrYQqrNx8&mid=&merchid=&authkey=&timestamp=1565228392475 yoxwechatbusinessModel::set_user:END
[2019-08-08 09:39:53] trace  /app/ewei_shopv2_api.php?i=2&r=diypage&type=6&comefrom=wxapp&openid=sns_wa_oWJzS5GOksJazf2XZniZrYQqrNx8&mid=&merchid=&authkey=&timestamp=1565228393543 yoxwechatbusinessModel::set_user:BEGIN
[2019-08-08 09:39:53] trace  /app/ewei_shopv2_api.php?i=2&r=diypage&type=6&comefrom=wxapp&openid=sns_wa_oWJzS5GOksJazf2XZniZrYQqrNx8&mid=&merchid=&authkey=&timestamp=1565228393543 yoxwechatbusinessModel::set_user:END
[2019-08-08 09:39:53] trace  /app/ewei_shopv2_api.php?i=2&r=diypage&id=6&comefrom=wxapp&openid=sns_wa_oWJzS5GOksJazf2XZniZrYQqrNx8&mid=&merchid=&authkey=&timestamp=1565228393559 yoxwechatbusinessModel::set_user:BEGIN
[2019-08-08 09:39:53] trace  /app/ewei_shopv2_api.php?i=2&r=diypage&id=6&comefrom=wxapp&openid=sns_wa_oWJzS5GOksJazf2XZniZrYQqrNx8&mid=&merchid=&authkey=&timestamp=1565228393559 yoxwechatbusinessModel::set_user:END
[2019-08-08 09:39:55] trace  /app/ewei_shopv2_api.php?i=2&r=diypage&id=6&comefrom=wxapp&openid=sns_wa_oWJzS5GOksJazf2XZniZrYQqrNx8&mid=&merchid=&authkey=&timestamp=1565228395814 yoxwechatbusinessModel::set_user:BEGIN
[2019-08-08 09:39:55] trace  /app/ewei_shopv2_api.php?i=2&r=diypage&id=6&comefrom=wxapp&openid=sns_wa_oWJzS5GOksJazf2XZniZrYQqrNx8&mid=&merchid=&authkey=&timestamp=1565228395814 yoxwechatbusinessModel::set_user:END
[2019-08-08 09:39:56] trace  /app/ewei_shopv2_api.php?i=2&r=shop.get_shopindex&comefrom=wxapp&openid=sns_wa_oWJzS5GOksJazf2XZniZrYQqrNx8&mid=&merchid=&authkey=&timestamp=1565228396506 yoxwechatbusinessModel::set_user:BEGIN
[2019-08-08 09:39:56] trace  /app/ewei_shopv2_api.php?i=2&r=shop.get_shopindex&comefrom=wxapp&openid=sns_wa_oWJzS5GOksJazf2XZniZrYQqrNx8&mid=&merchid=&authkey=&timestamp=1565228396506 yoxwechatbusinessModel::set_user:END
[2019-08-08 09:39:56] trace  /app/ewei_shopv2_api.php?i=2&r=shop.get_hasnewcoupon&comefrom=wxapp&openid=sns_wa_oWJzS5GOksJazf2XZniZrYQqrNx8&mid=&merchid=&authkey=&timestamp=1565228396514 yoxwechatbusinessModel::set_user:BEGIN
[2019-08-08 09:39:56] trace  /app/ewei_shopv2_api.php?i=2&r=shop.get_hasnewcoupon&comefrom=wxapp&openid=sns_wa_oWJzS5GOksJazf2XZniZrYQqrNx8&mid=&merchid=&authkey=&timestamp=1565228396514 yoxwechatbusinessModel::set_user:END
[2019-08-08 09:39:56] trace  /app/ewei_shopv2_api.php?i=2&r=shop.get_cpinfos&comefrom=wxapp&openid=sns_wa_oWJzS5GOksJazf2XZniZrYQqrNx8&mid=&merchid=&authkey=&timestamp=1565228396520 yoxwechatbusinessModel::set_user:BEGIN
[2019-08-08 09:39:56] trace  /app/ewei_shopv2_api.php?i=2&r=shop.get_cpinfos&comefrom=wxapp&openid=sns_wa_oWJzS5GOksJazf2XZniZrYQqrNx8&mid=&merchid=&authkey=&timestamp=1565228396520 yoxwechatbusinessModel::set_user:END
[2019-08-08 09:39:57] trace  /app/ewei_shopv2_api.php?i=2&r=diypage&type=7&comefrom=wxapp&openid=sns_wa_oWJzS5GOksJazf2XZniZrYQqrNx8&mid=&merchid=&authkey=&timestamp=1565228397302 yoxwechatbusinessModel::set_user:BEGIN
[2019-08-08 09:39:57] trace  /app/ewei_shopv2_api.php?i=2&r=diypage&type=7&comefrom=wxapp&openid=sns_wa_oWJzS5GOksJazf2XZniZrYQqrNx8&mid=&merchid=&authkey=&timestamp=1565228397302 yoxwechatbusinessModel::set_user:END
[2019-08-08 09:39:57] trace  /app/ewei_shopv2_api.php?i=2&r=diypage&id=7&comefrom=wxapp&openid=sns_wa_oWJzS5GOksJazf2XZniZrYQqrNx8&mid=&merchid=&authkey=&timestamp=1565228397335 yoxwechatbusinessModel::set_user:BEGIN
[2019-08-08 09:39:57] trace  /app/ewei_shopv2_api.php?i=2&r=diypage&id=7&comefrom=wxapp&openid=sns_wa_oWJzS5GOksJazf2XZniZrYQqrNx8&mid=&merchid=&authkey=&timestamp=1565228397335 yoxwechatbusinessModel::set_user:END
[2019-08-08 09:40:00] trace  /app/ewei_shopv2_api.php?i=2&r=yoxfriendscircle.friendscircle_list&isajax=1&page=1&comefrom=wxapp&openid=sns_wa_oWJzS5GOksJazf2XZniZrYQqrNx8&mid=&merchid=&authkey=&timestamp=1565228400911 yoxwechatbusinessModel::set_user:BEGIN
[2019-08-08 09:40:00] trace  /app/ewei_shopv2_api.php?i=2&r=yoxfriendscircle.friendscircle_list&isajax=1&page=1&comefrom=wxapp&openid=sns_wa_oWJzS5GOksJazf2XZniZrYQqrNx8&mid=&merchid=&authkey=&timestamp=1565228400911 yoxwechatbusinessModel::set_user:END
[2019-08-08 09:40:15] trace  /app/ewei_shopv2_api.php?i=2&r=diypage&id=7&comefrom=wxapp&openid=sns_wa_oWJzS5GOksJazf2XZniZrYQqrNx8&mid=&merchid=&authkey=&timestamp=1565228415264 yoxwechatbusinessModel::set_user:BEGIN
[2019-08-08 09:40:15] trace  /app/ewei_shopv2_api.php?i=2&r=diypage&id=7&comefrom=wxapp&openid=sns_wa_oWJzS5GOksJazf2XZniZrYQqrNx8&mid=&merchid=&authkey=&timestamp=1565228415264 yoxwechatbusinessModel::set_user:END
[2019-08-08 09:40:16] trace  /app/ewei_shopv2_api.php?i=2&r=shop.get_shopindex&comefrom=wxapp&openid=sns_wa_oWJzS5GOksJazf2XZniZrYQqrNx8&mid=&merchid=&authkey=&timestamp=1565228416012 yoxwechatbusinessModel::set_user:BEGIN
[2019-08-08 09:40:16] trace  /app/ewei_shopv2_api.php?i=2&r=shop.get_shopindex&comefrom=wxapp&openid=sns_wa_oWJzS5GOksJazf2XZniZrYQqrNx8&mid=&merchid=&authkey=&timestamp=1565228416012 yoxwechatbusinessModel::set_user:END
[2019-08-08 09:40:16] trace  /app/ewei_shopv2_api.php?i=2&r=shop.get_hasnewcoupon&comefrom=wxapp&openid=sns_wa_oWJzS5GOksJazf2XZniZrYQqrNx8&mid=&merchid=&authkey=&timestamp=1565228416020 yoxwechatbusinessModel::set_user:BEGIN
[2019-08-08 09:40:16] trace  /app/ewei_shopv2_api.php?i=2&r=shop.get_hasnewcoupon&comefrom=wxapp&openid=sns_wa_oWJzS5GOksJazf2XZniZrYQqrNx8&mid=&merchid=&authkey=&timestamp=1565228416020 yoxwechatbusinessModel::set_user:END
[2019-08-08 09:40:16] trace  /app/ewei_shopv2_api.php?i=2&r=shop.get_cpinfos&comefrom=wxapp&openid=sns_wa_oWJzS5GOksJazf2XZniZrYQqrNx8&mid=&merchid=&authkey=&timestamp=1565228416026 yoxwechatbusinessModel::set_user:BEGIN
[2019-08-08 09:40:16] trace  /app/ewei_shopv2_api.php?i=2&r=shop.get_cpinfos&comefrom=wxapp&openid=sns_wa_oWJzS5GOksJazf2XZniZrYQqrNx8&mid=&merchid=&authkey=&timestamp=1565228416026 yoxwechatbusinessModel::set_user:END
[2019-08-08 17:10:39] trace  /app/ewei_shopv2_api.php?i=2&r=shop.get_cpinfos&comefrom=wxapp&openid=sns_wa_oWJzS5DzIMhsWSFFJmjHGHrWzIdY&mid=&merchid=&authkey=&timestamp=1565255438662 yoxwechatbusinessModel::set_user:BEGIN
[2019-08-08 17:10:39] trace  /app/ewei_shopv2_api.php?i=2&r=shop.get_cpinfos&comefrom=wxapp&openid=sns_wa_oWJzS5DzIMhsWSFFJmjHGHrWzIdY&mid=&merchid=&authkey=&timestamp=1565255438662 yoxwechatbusinessModel::set_user:END
[2019-08-08 17:10:40] trace  /app/ewei_shopv2_api.php?i=2&r=shop.get_shopindex&comefrom=wxapp&openid=sns_wa_oWJzS5DzIMhsWSFFJmjHGHrWzIdY&mid=&merchid=&authkey=&timestamp=1565255438632 yoxwechatbusinessModel::set_user:BEGIN
[2019-08-08 17:10:40] trace  /app/ewei_shopv2_api.php?i=2&r=shop.get_shopindex&comefrom=wxapp&openid=sns_wa_oWJzS5DzIMhsWSFFJmjHGHrWzIdY&mid=&merchid=&authkey=&timestamp=1565255438632 yoxwechatbusinessModel::set_user:END
[2019-08-08 17:10:40] trace  /app/ewei_shopv2_api.php?i=2&r=diypage&type=home&comefrom=wxapp&openid=sns_wa_oWJzS5DzIMhsWSFFJmjHGHrWzIdY&mid=&merchid=&authkey=&timestamp=1565255438570 yoxwechatbusinessModel::set_user:BEGIN
[2019-08-08 17:10:40] trace  /app/ewei_shopv2_api.php?i=2&r=diypage&type=home&comefrom=wxapp&openid=sns_wa_oWJzS5DzIMhsWSFFJmjHGHrWzIdY&mid=&merchid=&authkey=&timestamp=1565255438570 yoxwechatbusinessModel::set_user:END
[2019-08-08 17:10:40] trace  /app/ewei_shopv2_api.php?i=2&r=shop.get_hasnewcoupon&comefrom=wxapp&openid=sns_wa_oWJzS5DzIMhsWSFFJmjHGHrWzIdY&mid=&merchid=&authkey=&timestamp=1565255438647 yoxwechatbusinessModel::set_user:BEGIN
[2019-08-08 17:10:40] trace  /app/ewei_shopv2_api.php?i=2&r=shop.get_hasnewcoupon&comefrom=wxapp&openid=sns_wa_oWJzS5DzIMhsWSFFJmjHGHrWzIdY&mid=&merchid=&authkey=&timestamp=1565255438647 yoxwechatbusinessModel::set_user:END
[2019-08-08 17:10:41] trace  /app/ewei_shopv2_api.php?i=2&r=black&comefrom=wxapp&openid=sns_wa_oWJzS5DzIMhsWSFFJmjHGHrWzIdY&authkey=&timestamp=1565255438524 yoxwechatbusinessModel::set_user:BEGIN
[2019-08-08 17:10:41] trace  /app/ewei_shopv2_api.php?i=2&r=black&comefrom=wxapp&openid=sns_wa_oWJzS5DzIMhsWSFFJmjHGHrWzIdY&authkey=&timestamp=1565255438524 yoxwechatbusinessModel::set_user:END
[2019-08-08 17:10:51] trace  /app/ewei_shopv2_api.php?i=2&r=groups&comefrom=wxapp&openid=sns_wa_oWJzS5DzIMhsWSFFJmjHGHrWzIdY&mid=&merchid=&authkey=NzBjMDU1KzVVQWZpRnJYY2pST3BUT3d3ZURzOEZyOWRrTE9RVnpLTzkwbGhucXVjelVsUkp6Q1M3TGJlaGZVcEJ2M0hzMHBpd2ZaQTdSWlNNbGIrREhmQTRvSQ%3D%3D&timestamp=1565255451738 yoxwechatbusinessModel::set_user:BEGIN
[2019-08-08 17:10:51] trace  /app/ewei_shopv2_api.php?i=2&r=groups&comefrom=wxapp&openid=sns_wa_oWJzS5DzIMhsWSFFJmjHGHrWzIdY&mid=&merchid=&authkey=NzBjMDU1KzVVQWZpRnJYY2pST3BUT3d3ZURzOEZyOWRrTE9RVnpLTzkwbGhucXVjelVsUkp6Q1M3TGJlaGZVcEJ2M0hzMHBpd2ZaQTdSWlNNbGIrREhmQTRvSQ%3D%3D&timestamp=1565255451738 yoxwechatbusinessModel::set_user:END
[2019-08-08 17:10:53] trace  /app/ewei_shopv2_api.php?i=2&r=shop.get_shopindex&comefrom=wxapp&openid=sns_wa_oWJzS5DzIMhsWSFFJmjHGHrWzIdY&mid=&merchid=&authkey=&timestamp=1565255453398 yoxwechatbusinessModel::set_user:BEGIN
[2019-08-08 17:10:53] trace  /app/ewei_shopv2_api.php?i=2&r=shop.get_shopindex&comefrom=wxapp&openid=sns_wa_oWJzS5DzIMhsWSFFJmjHGHrWzIdY&mid=&merchid=&authkey=&timestamp=1565255453398 yoxwechatbusinessModel::set_user:END
[2019-08-08 17:10:53] trace  /app/ewei_shopv2_api.php?i=2&r=shop.get_hasnewcoupon&comefrom=wxapp&openid=sns_wa_oWJzS5DzIMhsWSFFJmjHGHrWzIdY&mid=&merchid=&authkey=&timestamp=1565255453423 yoxwechatbusinessModel::set_user:BEGIN
[2019-08-08 17:10:53] trace  /app/ewei_shopv2_api.php?i=2&r=shop.get_hasnewcoupon&comefrom=wxapp&openid=sns_wa_oWJzS5DzIMhsWSFFJmjHGHrWzIdY&mid=&merchid=&authkey=&timestamp=1565255453423 yoxwechatbusinessModel::set_user:END
[2019-08-08 17:10:54] trace  /app/ewei_shopv2_api.php?i=2&r=shop.get_cpinfos&comefrom=wxapp&openid=sns_wa_oWJzS5DzIMhsWSFFJmjHGHrWzIdY&mid=&merchid=&authkey=&timestamp=1565255453458 yoxwechatbusinessModel::set_user:BEGIN
[2019-08-08 17:10:54] trace  /app/ewei_shopv2_api.php?i=2&r=shop.get_cpinfos&comefrom=wxapp&openid=sns_wa_oWJzS5DzIMhsWSFFJmjHGHrWzIdY&mid=&merchid=&authkey=&timestamp=1565255453458 yoxwechatbusinessModel::set_user:END
[2019-08-08 17:10:55] trace  /app/ewei_shopv2_api.php?i=2&r=yoxwechatbusiness&isajax=1&comefrom=wxapp&openid=sns_wa_oWJzS5DzIMhsWSFFJmjHGHrWzIdY&mid=&merchid=&authkey=&timestamp=1565255455315 yoxwechatbusinessModel::set_user:BEGIN
[2019-08-08 17:10:55] trace  /app/ewei_shopv2_api.php?i=2&r=yoxwechatbusiness&isajax=1&comefrom=wxapp&openid=sns_wa_oWJzS5DzIMhsWSFFJmjHGHrWzIdY&mid=&merchid=&authkey=&timestamp=1565255455315 yoxwechatbusinessModel::set_user:END
[2019-08-08 17:10:55] trace  /app/ewei_shopv2_api.php?i=2&r=bargain.act&comefrom=wxapp&openid=sns_wa_oWJzS5DzIMhsWSFFJmjHGHrWzIdY&mid=&merchid=&authkey=&timestamp=1565255455333 yoxwechatbusinessModel::set_user:BEGIN
[2019-08-08 17:10:55] trace  /app/ewei_shopv2_api.php?i=2&r=bargain.act&comefrom=wxapp&openid=sns_wa_oWJzS5DzIMhsWSFFJmjHGHrWzIdY&mid=&merchid=&authkey=&timestamp=1565255455333 yoxwechatbusinessModel::set_user:END
[2019-08-08 17:15:58] trace  /app/ewei_shopv2_api.php?i=2&r=black&comefrom=wxapp&openid=sns_wa_oWJzS5E6FV0vFTKNh9Sr-s7BSShg&authkey=&timestamp=1565255758316 yoxwechatbusinessModel::set_user:BEGIN
[2019-08-08 17:15:58] trace  /app/ewei_shopv2_api.php?i=2&r=black&comefrom=wxapp&openid=sns_wa_oWJzS5E6FV0vFTKNh9Sr-s7BSShg&authkey=&timestamp=1565255758316 yoxwechatbusinessModel::set_user:END
[2019-08-08 17:15:58] trace  /app/ewei_shopv2_api.php?i=2&r=diypage&type=home&comefrom=wxapp&openid=sns_wa_oWJzS5E6FV0vFTKNh9Sr-s7BSShg&mid=&merchid=&authkey=&timestamp=1565255758367 yoxwechatbusinessModel::set_user:BEGIN
[2019-08-08 17:15:58] trace  /app/ewei_shopv2_api.php?i=2&r=diypage&type=home&comefrom=wxapp&openid=sns_wa_oWJzS5E6FV0vFTKNh9Sr-s7BSShg&mid=&merchid=&authkey=&timestamp=1565255758367 yoxwechatbusinessModel::set_user:END
[2019-08-08 17:15:59] trace  /app/ewei_shopv2_api.php?i=2&r=shop.get_shopindex&comefrom=wxapp&openid=sns_wa_oWJzS5E6FV0vFTKNh9Sr-s7BSShg&mid=&merchid=&authkey=&timestamp=1565255758417 yoxwechatbusinessModel::set_user:BEGIN
[2019-08-08 17:15:59] trace  /app/ewei_shopv2_api.php?i=2&r=shop.get_shopindex&comefrom=wxapp&openid=sns_wa_oWJzS5E6FV0vFTKNh9Sr-s7BSShg&mid=&merchid=&authkey=&timestamp=1565255758417 yoxwechatbusinessModel::set_user:END
[2019-08-08 17:15:59] trace  /app/ewei_shopv2_api.php?i=2&r=shop.get_hasnewcoupon&comefrom=wxapp&openid=sns_wa_oWJzS5E6FV0vFTKNh9Sr-s7BSShg&mid=&merchid=&authkey=&timestamp=1565255758439 yoxwechatbusinessModel::set_user:BEGIN
[2019-08-08 17:15:59] trace  /app/ewei_shopv2_api.php?i=2&r=shop.get_hasnewcoupon&comefrom=wxapp&openid=sns_wa_oWJzS5E6FV0vFTKNh9Sr-s7BSShg&mid=&merchid=&authkey=&timestamp=1565255758439 yoxwechatbusinessModel::set_user:END
[2019-08-08 17:15:59] trace  /app/ewei_shopv2_api.php?i=2&r=shop.get_cpinfos&comefrom=wxapp&openid=sns_wa_oWJzS5E6FV0vFTKNh9Sr-s7BSShg&mid=&merchid=&authkey=&timestamp=1565255758462 yoxwechatbusinessModel::set_user:BEGIN
[2019-08-08 17:15:59] trace  /app/ewei_shopv2_api.php?i=2&r=shop.get_cpinfos&comefrom=wxapp&openid=sns_wa_oWJzS5E6FV0vFTKNh9Sr-s7BSShg&mid=&merchid=&authkey=&timestamp=1565255758462 yoxwechatbusinessModel::set_user:END
[2019-08-08 17:16:23] trace  /app/ewei_shopv2_api.php?i=2&r=yoxsns.board.getlist&isajax=1&page=1&bid=4&comefrom=wxapp&openid=sns_wa_oWJzS5E6FV0vFTKNh9Sr-s7BSShg&mid=&merchid=&authkey=ZDQ0YVVaTEFiZ2x2Ulo3WEd3RkRMQTdIWkx6NXNKUU5CbGw2Z2JQVnNPWDRIUDk2Q2d2KzdkMWRkNENqN1lSc2dIR01mUW1QWE1MZWpCUUVDOTJXS000b2c3QQ%3D%3D&timestamp=1565255783644 yoxwechatbusinessModel::set_user:BEGIN
[2019-08-08 17:16:23] trace  /app/ewei_shopv2_api.php?i=2&r=yoxsns.board.getlist&isajax=1&page=1&bid=4&comefrom=wxapp&openid=sns_wa_oWJzS5E6FV0vFTKNh9Sr-s7BSShg&mid=&merchid=&authkey=ZDQ0YVVaTEFiZ2x2Ulo3WEd3RkRMQTdIWkx6NXNKUU5CbGw2Z2JQVnNPWDRIUDk2Q2d2KzdkMWRkNENqN1lSc2dIR01mUW1QWE1MZWpCUUVDOTJXS000b2c3QQ%3D%3D&timestamp=1565255783644 yoxwechatbusinessModel::set_user:END
[2019-08-08 17:16:27] trace  /app/ewei_shopv2_api.php?i=2&r=shop.get_shopindex&comefrom=wxapp&openid=sns_wa_oWJzS5E6FV0vFTKNh9Sr-s7BSShg&mid=&merchid=&authkey=&timestamp=1565255788520 yoxwechatbusinessModel::set_user:BEGIN
[2019-08-08 17:16:27] trace  /app/ewei_shopv2_api.php?i=2&r=shop.get_shopindex&comefrom=wxapp&openid=sns_wa_oWJzS5E6FV0vFTKNh9Sr-s7BSShg&mid=&merchid=&authkey=&timestamp=1565255788520 yoxwechatbusinessModel::set_user:END
[2019-08-08 17:16:28] trace  /app/ewei_shopv2_api.php?i=2&r=shop.get_hasnewcoupon&comefrom=wxapp&openid=sns_wa_oWJzS5E6FV0vFTKNh9Sr-s7BSShg&mid=&merchid=&authkey=&timestamp=1565255788550 yoxwechatbusinessModel::set_user:BEGIN
[2019-08-08 17:16:28] trace  /app/ewei_shopv2_api.php?i=2&r=shop.get_hasnewcoupon&comefrom=wxapp&openid=sns_wa_oWJzS5E6FV0vFTKNh9Sr-s7BSShg&mid=&merchid=&authkey=&timestamp=1565255788550 yoxwechatbusinessModel::set_user:END
[2019-08-08 17:16:28] trace  /app/ewei_shopv2_api.php?i=2&r=shop.get_cpinfos&comefrom=wxapp&openid=sns_wa_oWJzS5E6FV0vFTKNh9Sr-s7BSShg&mid=&merchid=&authkey=&timestamp=1565255788574 yoxwechatbusinessModel::set_user:BEGIN
[2019-08-08 17:16:28] trace  /app/ewei_shopv2_api.php?i=2&r=shop.get_cpinfos&comefrom=wxapp&openid=sns_wa_oWJzS5E6FV0vFTKNh9Sr-s7BSShg&mid=&merchid=&authkey=&timestamp=1565255788574 yoxwechatbusinessModel::set_user:END
[2019-08-08 17:16:30] trace  /app/ewei_shopv2_api.php?i=2&r=shop.notice.get_list&page=1&comefrom=wxapp&openid=sns_wa_oWJzS5E6FV0vFTKNh9Sr-s7BSShg&mid=&merchid=&authkey=&timestamp=1565255790652 yoxwechatbusinessModel::set_user:BEGIN
[2019-08-08 17:16:30] trace  /app/ewei_shopv2_api.php?i=2&r=shop.notice.get_list&page=1&comefrom=wxapp&openid=sns_wa_oWJzS5E6FV0vFTKNh9Sr-s7BSShg&mid=&merchid=&authkey=&timestamp=1565255790652 yoxwechatbusinessModel::set_user:END
[2019-08-08 17:16:31] trace  /app/ewei_shopv2_api.php?i=2&r=shop.notice.detail&id=2&comefrom=wxapp&openid=sns_wa_oWJzS5E6FV0vFTKNh9Sr-s7BSShg&mid=&merchid=&authkey=&timestamp=1565255792518 yoxwechatbusinessModel::set_user:BEGIN
[2019-08-08 17:16:31] trace  /app/ewei_shopv2_api.php?i=2&r=shop.notice.detail&id=2&comefrom=wxapp&openid=sns_wa_oWJzS5E6FV0vFTKNh9Sr-s7BSShg&mid=&merchid=&authkey=&timestamp=1565255792518 yoxwechatbusinessModel::set_user:END
[2019-08-08 17:16:34] trace  /app/ewei_shopv2_api.php?i=2&r=shop.get_shopindex&comefrom=wxapp&openid=sns_wa_oWJzS5E6FV0vFTKNh9Sr-s7BSShg&mid=&merchid=&authkey=&timestamp=1565255795328 yoxwechatbusinessModel::set_user:BEGIN
[2019-08-08 17:16:34] trace  /app/ewei_shopv2_api.php?i=2&r=shop.get_shopindex&comefrom=wxapp&openid=sns_wa_oWJzS5E6FV0vFTKNh9Sr-s7BSShg&mid=&merchid=&authkey=&timestamp=1565255795328 yoxwechatbusinessModel::set_user:END
[2019-08-08 17:16:34] trace  /app/ewei_shopv2_api.php?i=2&r=shop.get_hasnewcoupon&comefrom=wxapp&openid=sns_wa_oWJzS5E6FV0vFTKNh9Sr-s7BSShg&mid=&merchid=&authkey=&timestamp=1565255795362 yoxwechatbusinessModel::set_user:BEGIN
[2019-08-08 17:16:34] trace  /app/ewei_shopv2_api.php?i=2&r=shop.get_hasnewcoupon&comefrom=wxapp&openid=sns_wa_oWJzS5E6FV0vFTKNh9Sr-s7BSShg&mid=&merchid=&authkey=&timestamp=1565255795362 yoxwechatbusinessModel::set_user:END
[2019-08-08 17:16:35] trace  /app/ewei_shopv2_api.php?i=2&r=shop.get_cpinfos&comefrom=wxapp&openid=sns_wa_oWJzS5E6FV0vFTKNh9Sr-s7BSShg&mid=&merchid=&authkey=&timestamp=1565255795389 yoxwechatbusinessModel::set_user:BEGIN
[2019-08-08 17:16:35] trace  /app/ewei_shopv2_api.php?i=2&r=shop.get_cpinfos&comefrom=wxapp&openid=sns_wa_oWJzS5E6FV0vFTKNh9Sr-s7BSShg&mid=&merchid=&authkey=&timestamp=1565255795389 yoxwechatbusinessModel::set_user:END
[2019-08-08 17:16:36] trace  /app/ewei_shopv2_api.php?i=2&r=diypage&type=6&comefrom=wxapp&openid=sns_wa_oWJzS5E6FV0vFTKNh9Sr-s7BSShg&mid=&merchid=&authkey=&timestamp=1565255796868 yoxwechatbusinessModel::set_user:BEGIN
[2019-08-08 17:16:36] trace  /app/ewei_shopv2_api.php?i=2&r=diypage&type=6&comefrom=wxapp&openid=sns_wa_oWJzS5E6FV0vFTKNh9Sr-s7BSShg&mid=&merchid=&authkey=&timestamp=1565255796868 yoxwechatbusinessModel::set_user:END
[2019-08-08 17:16:36] trace  /app/ewei_shopv2_api.php?i=2&r=diypage&id=6&comefrom=wxapp&openid=sns_wa_oWJzS5E6FV0vFTKNh9Sr-s7BSShg&mid=&merchid=&authkey=&timestamp=1565255797248 yoxwechatbusinessModel::set_user:BEGIN
[2019-08-08 17:16:36] trace  /app/ewei_shopv2_api.php?i=2&r=diypage&id=6&comefrom=wxapp&openid=sns_wa_oWJzS5E6FV0vFTKNh9Sr-s7BSShg&mid=&merchid=&authkey=&timestamp=1565255797248 yoxwechatbusinessModel::set_user:END
[2019-08-08 17:16:39] trace  /app/ewei_shopv2_api.php?i=2&r=shop.get_shopindex&comefrom=wxapp&openid=sns_wa_oWJzS5E6FV0vFTKNh9Sr-s7BSShg&mid=&merchid=&authkey=&timestamp=1565255800525 yoxwechatbusinessModel::set_user:BEGIN
[2019-08-08 17:16:39] trace  /app/ewei_shopv2_api.php?i=2&r=shop.get_shopindex&comefrom=wxapp&openid=sns_wa_oWJzS5E6FV0vFTKNh9Sr-s7BSShg&mid=&merchid=&authkey=&timestamp=1565255800525 yoxwechatbusinessModel::set_user:END
[2019-08-08 17:16:40] trace  /app/ewei_shopv2_api.php?i=2&r=shop.get_hasnewcoupon&comefrom=wxapp&openid=sns_wa_oWJzS5E6FV0vFTKNh9Sr-s7BSShg&mid=&merchid=&authkey=&timestamp=1565255800551 yoxwechatbusinessModel::set_user:BEGIN
[2019-08-08 17:16:40] trace  /app/ewei_shopv2_api.php?i=2&r=shop.get_hasnewcoupon&comefrom=wxapp&openid=sns_wa_oWJzS5E6FV0vFTKNh9Sr-s7BSShg&mid=&merchid=&authkey=&timestamp=1565255800551 yoxwechatbusinessModel::set_user:END
[2019-08-08 17:16:40] trace  /app/ewei_shopv2_api.php?i=2&r=shop.get_cpinfos&comefrom=wxapp&openid=sns_wa_oWJzS5E6FV0vFTKNh9Sr-s7BSShg&mid=&merchid=&authkey=&timestamp=1565255800578 yoxwechatbusinessModel::set_user:BEGIN
[2019-08-08 17:16:40] trace  /app/ewei_shopv2_api.php?i=2&r=shop.get_cpinfos&comefrom=wxapp&openid=sns_wa_oWJzS5E6FV0vFTKNh9Sr-s7BSShg&mid=&merchid=&authkey=&timestamp=1565255800578 yoxwechatbusinessModel::set_user:END
[2019-08-08 17:16:41] trace  /app/ewei_shopv2_api.php?i=2&r=diypage&type=7&comefrom=wxapp&openid=sns_wa_oWJzS5E6FV0vFTKNh9Sr-s7BSShg&mid=&merchid=&authkey=&timestamp=1565255802102 yoxwechatbusinessModel::set_user:BEGIN
[2019-08-08 17:16:41] trace  /app/ewei_shopv2_api.php?i=2&r=diypage&type=7&comefrom=wxapp&openid=sns_wa_oWJzS5E6FV0vFTKNh9Sr-s7BSShg&mid=&merchid=&authkey=&timestamp=1565255802102 yoxwechatbusinessModel::set_user:END
[2019-08-08 17:16:41] trace  /app/ewei_shopv2_api.php?i=2&r=diypage&id=7&comefrom=wxapp&openid=sns_wa_oWJzS5E6FV0vFTKNh9Sr-s7BSShg&mid=&merchid=&authkey=&timestamp=1565255802365 yoxwechatbusinessModel::set_user:BEGIN
[2019-08-08 17:16:41] trace  /app/ewei_shopv2_api.php?i=2&r=diypage&id=7&comefrom=wxapp&openid=sns_wa_oWJzS5E6FV0vFTKNh9Sr-s7BSShg&mid=&merchid=&authkey=&timestamp=1565255802365 yoxwechatbusinessModel::set_user:END
[2019-08-08 17:16:43] trace  /app/ewei_shopv2_api.php?i=2&r=shop.get_shopindex&comefrom=wxapp&openid=sns_wa_oWJzS5E6FV0vFTKNh9Sr-s7BSShg&mid=&merchid=&authkey=&timestamp=1565255804100 yoxwechatbusinessModel::set_user:BEGIN
[2019-08-08 17:16:43] trace  /app/ewei_shopv2_api.php?i=2&r=shop.get_shopindex&comefrom=wxapp&openid=sns_wa_oWJzS5E6FV0vFTKNh9Sr-s7BSShg&mid=&merchid=&authkey=&timestamp=1565255804100 yoxwechatbusinessModel::set_user:END
[2019-08-08 17:16:43] trace  /app/ewei_shopv2_api.php?i=2&r=shop.get_hasnewcoupon&comefrom=wxapp&openid=sns_wa_oWJzS5E6FV0vFTKNh9Sr-s7BSShg&mid=&merchid=&authkey=&timestamp=1565255804131 yoxwechatbusinessModel::set_user:BEGIN
[2019-08-08 17:16:43] trace  /app/ewei_shopv2_api.php?i=2&r=shop.get_hasnewcoupon&comefrom=wxapp&openid=sns_wa_oWJzS5E6FV0vFTKNh9Sr-s7BSShg&mid=&merchid=&authkey=&timestamp=1565255804131 yoxwechatbusinessModel::set_user:END
[2019-08-08 17:16:43] trace  /app/ewei_shopv2_api.php?i=2&r=shop.get_cpinfos&comefrom=wxapp&openid=sns_wa_oWJzS5E6FV0vFTKNh9Sr-s7BSShg&mid=&merchid=&authkey=&timestamp=1565255804160 yoxwechatbusinessModel::set_user:BEGIN
[2019-08-08 17:16:43] trace  /app/ewei_shopv2_api.php?i=2&r=shop.get_cpinfos&comefrom=wxapp&openid=sns_wa_oWJzS5E6FV0vFTKNh9Sr-s7BSShg&mid=&merchid=&authkey=&timestamp=1565255804160 yoxwechatbusinessModel::set_user:END
[2019-08-08 19:56:24] trace  /app/ewei_shopv2_api.php?i=2&r=black&comefrom=wxapp&openid=sns_wa_oWJzS5I4SwtIvnavadWO1lOR7lAw&authkey=&timestamp=1565265381633 yoxwechatbusinessModel::set_user:BEGIN
[2019-08-08 19:56:24] trace  /app/ewei_shopv2_api.php?i=2&r=black&comefrom=wxapp&openid=sns_wa_oWJzS5I4SwtIvnavadWO1lOR7lAw&authkey=&timestamp=1565265381633 yoxwechatbusinessModel::set_user:END
[2019-08-08 19:56:26] trace  /app/ewei_shopv2_api.php?i=2&r=shop.get_cpinfos&comefrom=wxapp&openid=sns_wa_oWJzS5I4SwtIvnavadWO1lOR7lAw&mid=&merchid=&authkey=&timestamp=1565265381737 yoxwechatbusinessModel::set_user:BEGIN
[2019-08-08 19:56:26] trace  /app/ewei_shopv2_api.php?i=2&r=shop.get_cpinfos&comefrom=wxapp&openid=sns_wa_oWJzS5I4SwtIvnavadWO1lOR7lAw&mid=&merchid=&authkey=&timestamp=1565265381737 yoxwechatbusinessModel::set_user:END
[2019-08-08 19:56:26] trace  /app/ewei_shopv2_api.php?i=2&r=shop.get_hasnewcoupon&comefrom=wxapp&openid=sns_wa_oWJzS5I4SwtIvnavadWO1lOR7lAw&mid=&merchid=&authkey=&timestamp=1565265381732 yoxwechatbusinessModel::set_user:BEGIN
[2019-08-08 19:56:26] trace  /app/ewei_shopv2_api.php?i=2&r=shop.get_hasnewcoupon&comefrom=wxapp&openid=sns_wa_oWJzS5I4SwtIvnavadWO1lOR7lAw&mid=&merchid=&authkey=&timestamp=1565265381732 yoxwechatbusinessModel::set_user:END
[2019-08-08 19:56:26] trace  /app/ewei_shopv2_api.php?i=2&r=shop.get_shopindex&comefrom=wxapp&openid=sns_wa_oWJzS5I4SwtIvnavadWO1lOR7lAw&mid=&merchid=&authkey=&timestamp=1565265381721 yoxwechatbusinessModel::set_user:BEGIN
[2019-08-08 19:56:26] trace  /app/ewei_shopv2_api.php?i=2&r=shop.get_shopindex&comefrom=wxapp&openid=sns_wa_oWJzS5I4SwtIvnavadWO1lOR7lAw&mid=&merchid=&authkey=&timestamp=1565265381721 yoxwechatbusinessModel::set_user:END
[2019-08-08 19:56:26] trace  /app/ewei_shopv2_api.php?i=2&r=diypage&type=home&comefrom=wxapp&openid=sns_wa_oWJzS5I4SwtIvnavadWO1lOR7lAw&mid=&merchid=&authkey=&timestamp=1565265381665 yoxwechatbusinessModel::set_user:BEGIN
[2019-08-08 19:56:26] trace  /app/ewei_shopv2_api.php?i=2&r=diypage&type=home&comefrom=wxapp&openid=sns_wa_oWJzS5I4SwtIvnavadWO1lOR7lAw&mid=&merchid=&authkey=&timestamp=1565265381665 yoxwechatbusinessModel::set_user:END
[2019-08-08 19:56:27] trace  /app/ewei_shopv2_api.php?i=2&r=diypage&type=home&comefrom=wxapp&openid=sns_wa_oWJzS5I4SwtIvnavadWO1lOR7lAw&mid=&merchid=&authkey=&timestamp=1565265386571 yoxwechatbusinessModel::set_user:BEGIN
[2019-08-08 19:56:27] trace  /app/ewei_shopv2_api.php?i=2&r=diypage&type=home&comefrom=wxapp&openid=sns_wa_oWJzS5I4SwtIvnavadWO1lOR7lAw&mid=&merchid=&authkey=&timestamp=1565265386571 yoxwechatbusinessModel::set_user:END
[2019-08-08 19:56:29] trace  /app/ewei_shopv2_api.php?i=2&r=diypage&type=6&comefrom=wxapp&openid=sns_wa_oWJzS5I4SwtIvnavadWO1lOR7lAw&mid=&merchid=&authkey=ZTE1ZlQ3TjVOSEJZM05nZkxJNjdpYmJETEVKWGdYSkFtRXQzaFFGVXozTDVCM0o5ZEJ5S0UzODFRcVFkdGgwcnpHRkJOMlJlUFoyeWZlRHBXdUdLR0JGWXlqWQ%3D%3D&timestamp=1565265389315 yoxwechatbusinessModel::set_user:BEGIN
[2019-08-08 19:56:29] trace  /app/ewei_shopv2_api.php?i=2&r=diypage&type=6&comefrom=wxapp&openid=sns_wa_oWJzS5I4SwtIvnavadWO1lOR7lAw&mid=&merchid=&authkey=ZTE1ZlQ3TjVOSEJZM05nZkxJNjdpYmJETEVKWGdYSkFtRXQzaFFGVXozTDVCM0o5ZEJ5S0UzODFRcVFkdGgwcnpHRkJOMlJlUFoyeWZlRHBXdUdLR0JGWXlqWQ%3D%3D&timestamp=1565265389315 yoxwechatbusinessModel::set_user:END
[2019-08-08 19:56:29] trace  /app/ewei_shopv2_api.php?i=2&r=diypage&id=6&comefrom=wxapp&openid=sns_wa_oWJzS5I4SwtIvnavadWO1lOR7lAw&mid=&merchid=&authkey=ZTE1ZlQ3TjVOSEJZM05nZkxJNjdpYmJETEVKWGdYSkFtRXQzaFFGVXozTDVCM0o5ZEJ5S0UzODFRcVFkdGgwcnpHRkJOMlJlUFoyeWZlRHBXdUdLR0JGWXlqWQ%3D%3D&timestamp=1565265389336 yoxwechatbusinessModel::set_user:BEGIN
[2019-08-08 19:56:29] trace  /app/ewei_shopv2_api.php?i=2&r=diypage&id=6&comefrom=wxapp&openid=sns_wa_oWJzS5I4SwtIvnavadWO1lOR7lAw&mid=&merchid=&authkey=ZTE1ZlQ3TjVOSEJZM05nZkxJNjdpYmJETEVKWGdYSkFtRXQzaFFGVXozTDVCM0o5ZEJ5S0UzODFRcVFkdGgwcnpHRkJOMlJlUFoyeWZlRHBXdUdLR0JGWXlqWQ%3D%3D&timestamp=1565265389336 yoxwechatbusinessModel::set_user:END
[2019-08-08 19:56:33] trace  /app/ewei_shopv2_api.php?i=2&r=shop.get_shopindex&comefrom=wxapp&openid=sns_wa_oWJzS5I4SwtIvnavadWO1lOR7lAw&mid=&merchid=&authkey=&timestamp=1565265393235 yoxwechatbusinessModel::set_user:BEGIN
[2019-08-08 19:56:33] trace  /app/ewei_shopv2_api.php?i=2&r=shop.get_shopindex&comefrom=wxapp&openid=sns_wa_oWJzS5I4SwtIvnavadWO1lOR7lAw&mid=&merchid=&authkey=&timestamp=1565265393235 yoxwechatbusinessModel::set_user:END
[2019-08-08 19:56:33] trace  /app/ewei_shopv2_api.php?i=2&r=shop.get_hasnewcoupon&comefrom=wxapp&openid=sns_wa_oWJzS5I4SwtIvnavadWO1lOR7lAw&mid=&merchid=&authkey=&timestamp=1565265393243 yoxwechatbusinessModel::set_user:BEGIN
[2019-08-08 19:56:33] trace  /app/ewei_shopv2_api.php?i=2&r=shop.get_hasnewcoupon&comefrom=wxapp&openid=sns_wa_oWJzS5I4SwtIvnavadWO1lOR7lAw&mid=&merchid=&authkey=&timestamp=1565265393243 yoxwechatbusinessModel::set_user:END
[2019-08-08 19:56:33] trace  /app/ewei_shopv2_api.php?i=2&r=shop.get_cpinfos&comefrom=wxapp&openid=sns_wa_oWJzS5I4SwtIvnavadWO1lOR7lAw&mid=&merchid=&authkey=&timestamp=1565265393248 yoxwechatbusinessModel::set_user:BEGIN
[2019-08-08 19:56:33] trace  /app/ewei_shopv2_api.php?i=2&r=shop.get_cpinfos&comefrom=wxapp&openid=sns_wa_oWJzS5I4SwtIvnavadWO1lOR7lAw&mid=&merchid=&authkey=&timestamp=1565265393248 yoxwechatbusinessModel::set_user:END
[2019-08-08 19:56:34] trace  /app/ewei_shopv2_api.php?i=2&r=diypage&type=7&comefrom=wxapp&openid=sns_wa_oWJzS5I4SwtIvnavadWO1lOR7lAw&mid=&merchid=&authkey=&timestamp=1565265394376 yoxwechatbusinessModel::set_user:BEGIN
[2019-08-08 19:56:34] trace  /app/ewei_shopv2_api.php?i=2&r=diypage&type=7&comefrom=wxapp&openid=sns_wa_oWJzS5I4SwtIvnavadWO1lOR7lAw&mid=&merchid=&authkey=&timestamp=1565265394376 yoxwechatbusinessModel::set_user:END
[2019-08-08 19:56:34] trace  /app/ewei_shopv2_api.php?i=2&r=diypage&id=7&comefrom=wxapp&openid=sns_wa_oWJzS5I4SwtIvnavadWO1lOR7lAw&mid=&merchid=&authkey=&timestamp=1565265394402 yoxwechatbusinessModel::set_user:BEGIN
[2019-08-08 19:56:34] trace  /app/ewei_shopv2_api.php?i=2&r=diypage&id=7&comefrom=wxapp&openid=sns_wa_oWJzS5I4SwtIvnavadWO1lOR7lAw&mid=&merchid=&authkey=&timestamp=1565265394402 yoxwechatbusinessModel::set_user:END
[2019-08-08 19:56:36] trace  /app/ewei_shopv2_api.php?i=2&r=yoxfriendscircle.friendscircle_list&isajax=1&page=1&comefrom=wxapp&openid=sns_wa_oWJzS5I4SwtIvnavadWO1lOR7lAw&mid=&merchid=&authkey=&timestamp=1565265396101 yoxwechatbusinessModel::set_user:BEGIN
[2019-08-08 19:56:36] trace  /app/ewei_shopv2_api.php?i=2&r=yoxfriendscircle.friendscircle_list&isajax=1&page=1&comefrom=wxapp&openid=sns_wa_oWJzS5I4SwtIvnavadWO1lOR7lAw&mid=&merchid=&authkey=&timestamp=1565265396101 yoxwechatbusinessModel::set_user:END
[2019-08-08 19:56:38] trace  /app/ewei_shopv2_api.php?i=2&r=diypage&id=7&comefrom=wxapp&openid=sns_wa_oWJzS5I4SwtIvnavadWO1lOR7lAw&mid=&merchid=&authkey=&timestamp=1565265397902 yoxwechatbusinessModel::set_user:BEGIN
[2019-08-08 19:56:38] trace  /app/ewei_shopv2_api.php?i=2&r=diypage&id=7&comefrom=wxapp&openid=sns_wa_oWJzS5I4SwtIvnavadWO1lOR7lAw&mid=&merchid=&authkey=&timestamp=1565265397902 yoxwechatbusinessModel::set_user:END
[2019-08-08 19:56:38] trace  /app/ewei_shopv2_api.php?i=2&r=yoxarticlevideo.video&isajax=1&comefrom=wxapp&openid=sns_wa_oWJzS5I4SwtIvnavadWO1lOR7lAw&mid=&merchid=&authkey=&timestamp=1565265398497 yoxwechatbusinessModel::set_user:BEGIN
[2019-08-08 19:56:38] trace  /app/ewei_shopv2_api.php?i=2&r=yoxarticlevideo.video&isajax=1&comefrom=wxapp&openid=sns_wa_oWJzS5I4SwtIvnavadWO1lOR7lAw&mid=&merchid=&authkey=&timestamp=1565265398497 yoxwechatbusinessModel::set_user:END
[2019-08-08 19:56:38] trace  /app/ewei_shopv2_api.php?i=2&r=yoxarticlevideo.article&isajax=1&comefrom=wxapp&openid=sns_wa_oWJzS5I4SwtIvnavadWO1lOR7lAw&mid=&merchid=&authkey=&timestamp=1565265398473 yoxwechatbusinessModel::set_user:BEGIN
[2019-08-08 19:56:38] trace  /app/ewei_shopv2_api.php?i=2&r=yoxarticlevideo.article&isajax=1&comefrom=wxapp&openid=sns_wa_oWJzS5I4SwtIvnavadWO1lOR7lAw&mid=&merchid=&authkey=&timestamp=1565265398473 yoxwechatbusinessModel::set_user:END
[2019-08-08 19:56:41] trace  /app/ewei_shopv2_api.php?i=2&r=yoxarticlevideo.edit&isajax=1&id=87&comefrom=wxapp&openid=sns_wa_oWJzS5I4SwtIvnavadWO1lOR7lAw&mid=&merchid=&authkey=&timestamp=1565265400619 yoxwechatbusinessModel::set_user:BEGIN
[2019-08-08 19:56:41] trace  /app/ewei_shopv2_api.php?i=2&r=yoxarticlevideo.edit&isajax=1&id=87&comefrom=wxapp&openid=sns_wa_oWJzS5I4SwtIvnavadWO1lOR7lAw&mid=&merchid=&authkey=&timestamp=1565265400619 yoxwechatbusinessModel::set_user:END
[2019-08-08 19:56:46] trace  /app/ewei_shopv2_api.php?i=2&r=diypage&id=7&comefrom=wxapp&openid=sns_wa_oWJzS5I4SwtIvnavadWO1lOR7lAw&mid=&merchid=&authkey=&timestamp=1565265405957 yoxwechatbusinessModel::set_user:BEGIN
[2019-08-08 19:56:46] trace  /app/ewei_shopv2_api.php?i=2&r=diypage&id=7&comefrom=wxapp&openid=sns_wa_oWJzS5I4SwtIvnavadWO1lOR7lAw&mid=&merchid=&authkey=&timestamp=1565265405957 yoxwechatbusinessModel::set_user:END
[2019-08-08 19:56:47] trace  /app/ewei_shopv2_api.php?i=2&r=shop.get_shopindex&comefrom=wxapp&openid=sns_wa_oWJzS5I4SwtIvnavadWO1lOR7lAw&mid=&merchid=&authkey=&timestamp=1565265407298 yoxwechatbusinessModel::set_user:BEGIN
[2019-08-08 19:56:47] trace  /app/ewei_shopv2_api.php?i=2&r=shop.get_shopindex&comefrom=wxapp&openid=sns_wa_oWJzS5I4SwtIvnavadWO1lOR7lAw&mid=&merchid=&authkey=&timestamp=1565265407298 yoxwechatbusinessModel::set_user:END
[2019-08-08 19:56:47] trace  /app/ewei_shopv2_api.php?i=2&r=shop.get_hasnewcoupon&comefrom=wxapp&openid=sns_wa_oWJzS5I4SwtIvnavadWO1lOR7lAw&mid=&merchid=&authkey=&timestamp=1565265407303 yoxwechatbusinessModel::set_user:BEGIN
[2019-08-08 19:56:47] trace  /app/ewei_shopv2_api.php?i=2&r=shop.get_hasnewcoupon&comefrom=wxapp&openid=sns_wa_oWJzS5I4SwtIvnavadWO1lOR7lAw&mid=&merchid=&authkey=&timestamp=1565265407303 yoxwechatbusinessModel::set_user:END
[2019-08-08 19:56:47] trace  /app/ewei_shopv2_api.php?i=2&r=shop.get_cpinfos&comefrom=wxapp&openid=sns_wa_oWJzS5I4SwtIvnavadWO1lOR7lAw&mid=&merchid=&authkey=&timestamp=1565265407308 yoxwechatbusinessModel::set_user:BEGIN
[2019-08-08 19:56:47] trace  /app/ewei_shopv2_api.php?i=2&r=shop.get_cpinfos&comefrom=wxapp&openid=sns_wa_oWJzS5I4SwtIvnavadWO1lOR7lAw&mid=&merchid=&authkey=&timestamp=1565265407308 yoxwechatbusinessModel::set_user:END
[2019-08-08 19:56:48] trace  /app/ewei_shopv2_api.php?i=2&r=diypage&type=6&comefrom=wxapp&openid=sns_wa_oWJzS5I4SwtIvnavadWO1lOR7lAw&mid=&merchid=&authkey=&timestamp=1565265408409 yoxwechatbusinessModel::set_user:BEGIN
[2019-08-08 19:56:48] trace  /app/ewei_shopv2_api.php?i=2&r=diypage&type=6&comefrom=wxapp&openid=sns_wa_oWJzS5I4SwtIvnavadWO1lOR7lAw&mid=&merchid=&authkey=&timestamp=1565265408409 yoxwechatbusinessModel::set_user:END
[2019-08-08 19:56:48] trace  /app/ewei_shopv2_api.php?i=2&r=diypage&id=6&comefrom=wxapp&openid=sns_wa_oWJzS5I4SwtIvnavadWO1lOR7lAw&mid=&merchid=&authkey=&timestamp=1565265408431 yoxwechatbusinessModel::set_user:BEGIN
[2019-08-08 19:56:48] trace  /app/ewei_shopv2_api.php?i=2&r=diypage&id=6&comefrom=wxapp&openid=sns_wa_oWJzS5I4SwtIvnavadWO1lOR7lAw&mid=&merchid=&authkey=&timestamp=1565265408431 yoxwechatbusinessModel::set_user:END
[2019-08-08 19:56:51] trace  /app/ewei_shopv2_api.php?i=2&r=shop.get_shopindex&comefrom=wxapp&openid=sns_wa_oWJzS5I4SwtIvnavadWO1lOR7lAw&mid=&merchid=&authkey=&timestamp=1565265411235 yoxwechatbusinessModel::set_user:BEGIN
[2019-08-08 19:56:51] trace  /app/ewei_shopv2_api.php?i=2&r=shop.get_shopindex&comefrom=wxapp&openid=sns_wa_oWJzS5I4SwtIvnavadWO1lOR7lAw&mid=&merchid=&authkey=&timestamp=1565265411235 yoxwechatbusinessModel::set_user:END
[2019-08-08 19:56:51] trace  /app/ewei_shopv2_api.php?i=2&r=shop.get_cpinfos&comefrom=wxapp&openid=sns_wa_oWJzS5I4SwtIvnavadWO1lOR7lAw&mid=&merchid=&authkey=&timestamp=1565265411263 yoxwechatbusinessModel::set_user:BEGIN
[2019-08-08 19:56:51] trace  /app/ewei_shopv2_api.php?i=2&r=shop.get_cpinfos&comefrom=wxapp&openid=sns_wa_oWJzS5I4SwtIvnavadWO1lOR7lAw&mid=&merchid=&authkey=&timestamp=1565265411263 yoxwechatbusinessModel::set_user:END
[2019-08-08 19:56:51] trace  /app/ewei_shopv2_api.php?i=2&r=shop.get_hasnewcoupon&comefrom=wxapp&openid=sns_wa_oWJzS5I4SwtIvnavadWO1lOR7lAw&mid=&merchid=&authkey=&timestamp=1565265411243 yoxwechatbusinessModel::set_user:BEGIN
[2019-08-08 19:56:51] trace  /app/ewei_shopv2_api.php?i=2&r=shop.get_hasnewcoupon&comefrom=wxapp&openid=sns_wa_oWJzS5I4SwtIvnavadWO1lOR7lAw&mid=&merchid=&authkey=&timestamp=1565265411243 yoxwechatbusinessModel::set_user:END
[2019-08-08 19:56:52] trace  /app/ewei_shopv2_api.php?i=2&r=groups&comefrom=wxapp&openid=sns_wa_oWJzS5I4SwtIvnavadWO1lOR7lAw&mid=&merchid=&authkey=&timestamp=1565265412658 yoxwechatbusinessModel::set_user:BEGIN
[2019-08-08 19:56:52] trace  /app/ewei_shopv2_api.php?i=2&r=groups&comefrom=wxapp&openid=sns_wa_oWJzS5I4SwtIvnavadWO1lOR7lAw&mid=&merchid=&authkey=&timestamp=1565265412658 yoxwechatbusinessModel::set_user:END
[2019-08-08 19:56:59] trace  /app/ewei_shopv2_api.php?i=2&r=shop.get_shopindex&comefrom=wxapp&openid=sns_wa_oWJzS5I4SwtIvnavadWO1lOR7lAw&mid=&merchid=&authkey=&timestamp=1565265419433 yoxwechatbusinessModel::set_user:BEGIN
[2019-08-08 19:56:59] trace  /app/ewei_shopv2_api.php?i=2&r=shop.get_shopindex&comefrom=wxapp&openid=sns_wa_oWJzS5I4SwtIvnavadWO1lOR7lAw&mid=&merchid=&authkey=&timestamp=1565265419433 yoxwechatbusinessModel::set_user:END
[2019-08-08 19:56:59] trace  /app/ewei_shopv2_api.php?i=2&r=shop.get_cpinfos&comefrom=wxapp&openid=sns_wa_oWJzS5I4SwtIvnavadWO1lOR7lAw&mid=&merchid=&authkey=&timestamp=1565265419451 yoxwechatbusinessModel::set_user:BEGIN
[2019-08-08 19:56:59] trace  /app/ewei_shopv2_api.php?i=2&r=shop.get_cpinfos&comefrom=wxapp&openid=sns_wa_oWJzS5I4SwtIvnavadWO1lOR7lAw&mid=&merchid=&authkey=&timestamp=1565265419451 yoxwechatbusinessModel::set_user:END
[2019-08-08 19:57:00] trace  /app/ewei_shopv2_api.php?i=2&r=shop.get_hasnewcoupon&comefrom=wxapp&openid=sns_wa_oWJzS5I4SwtIvnavadWO1lOR7lAw&mid=&merchid=&authkey=&timestamp=1565265419447 yoxwechatbusinessModel::set_user:BEGIN
[2019-08-08 19:57:00] trace  /app/ewei_shopv2_api.php?i=2&r=shop.get_hasnewcoupon&comefrom=wxapp&openid=sns_wa_oWJzS5I4SwtIvnavadWO1lOR7lAw&mid=&merchid=&authkey=&timestamp=1565265419447 yoxwechatbusinessModel::set_user:END
[2019-08-08 19:57:00] trace  /app/ewei_shopv2_api.php?i=2&r=yoxwechatbusiness&isajax=1&comefrom=wxapp&openid=sns_wa_oWJzS5I4SwtIvnavadWO1lOR7lAw&mid=&merchid=&authkey=&timestamp=1565265420802 yoxwechatbusinessModel::set_user:BEGIN
[2019-08-08 19:57:00] trace  /app/ewei_shopv2_api.php?i=2&r=yoxwechatbusiness&isajax=1&comefrom=wxapp&openid=sns_wa_oWJzS5I4SwtIvnavadWO1lOR7lAw&mid=&merchid=&authkey=&timestamp=1565265420802 yoxwechatbusinessModel::set_user:END
[2019-08-08 19:57:01] trace  /app/ewei_shopv2_api.php?i=2&r=bargain.act&comefrom=wxapp&openid=sns_wa_oWJzS5I4SwtIvnavadWO1lOR7lAw&mid=&merchid=&authkey=&timestamp=1565265420810 yoxwechatbusinessModel::set_user:BEGIN
[2019-08-08 19:57:01] trace  /app/ewei_shopv2_api.php?i=2&r=bargain.act&comefrom=wxapp&openid=sns_wa_oWJzS5I4SwtIvnavadWO1lOR7lAw&mid=&merchid=&authkey=&timestamp=1565265420810 yoxwechatbusinessModel::set_user:END
[2019-08-08 19:57:05] trace  /app/ewei_shopv2_api.php?i=2&r=groups&comefrom=wxapp&openid=sns_wa_oWJzS5I4SwtIvnavadWO1lOR7lAw&mid=&merchid=&authkey=&timestamp=1565265425530 yoxwechatbusinessModel::set_user:BEGIN
[2019-08-08 19:57:05] trace  /app/ewei_shopv2_api.php?i=2&r=groups&comefrom=wxapp&openid=sns_wa_oWJzS5I4SwtIvnavadWO1lOR7lAw&mid=&merchid=&authkey=&timestamp=1565265425530 yoxwechatbusinessModel::set_user:END
[2019-08-08 19:57:08] trace  /app/ewei_shopv2_api.php?i=2&r=shop.get_shopindex&comefrom=wxapp&openid=sns_wa_oWJzS5I4SwtIvnavadWO1lOR7lAw&mid=&merchid=&authkey=&timestamp=1565265428650 yoxwechatbusinessModel::set_user:BEGIN
[2019-08-08 19:57:08] trace  /app/ewei_shopv2_api.php?i=2&r=shop.get_shopindex&comefrom=wxapp&openid=sns_wa_oWJzS5I4SwtIvnavadWO1lOR7lAw&mid=&merchid=&authkey=&timestamp=1565265428650 yoxwechatbusinessModel::set_user:END
[2019-08-08 19:57:09] trace  /app/ewei_shopv2_api.php?i=2&r=shop.get_cpinfos&comefrom=wxapp&openid=sns_wa_oWJzS5I4SwtIvnavadWO1lOR7lAw&mid=&merchid=&authkey=&timestamp=1565265428662 yoxwechatbusinessModel::set_user:BEGIN
[2019-08-08 19:57:09] trace  /app/ewei_shopv2_api.php?i=2&r=shop.get_cpinfos&comefrom=wxapp&openid=sns_wa_oWJzS5I4SwtIvnavadWO1lOR7lAw&mid=&merchid=&authkey=&timestamp=1565265428662 yoxwechatbusinessModel::set_user:END
[2019-08-08 19:57:09] trace  /app/ewei_shopv2_api.php?i=2&r=shop.get_hasnewcoupon&comefrom=wxapp&openid=sns_wa_oWJzS5I4SwtIvnavadWO1lOR7lAw&mid=&merchid=&authkey=&timestamp=1565265428657 yoxwechatbusinessModel::set_user:BEGIN
[2019-08-08 19:57:09] trace  /app/ewei_shopv2_api.php?i=2&r=shop.get_hasnewcoupon&comefrom=wxapp&openid=sns_wa_oWJzS5I4SwtIvnavadWO1lOR7lAw&mid=&merchid=&authkey=&timestamp=1565265428657 yoxwechatbusinessModel::set_user:END
[2019-08-08 21:30:44] trace  /app/ewei_shopv2_api.php?i=2&r=cacheset&version=&comefrom=wxapp&openid=sns_wa_oWJzS5KxfxG0nxbbxJSHwtJKkwNY&mid=&merchid=&authkey=MzE0OXY0b3o3OXFzdVA0NHk5RGRXaW1aaWxEK3BEaXBVbnRTZW5lTldUc0Z3OC80T2hHREt1UHhnbFFBQmJjTGJrN1JOQ3ox&timestamp=1565271044334 yoxwechatbusinessModel::set_user:BEGIN
[2019-08-08 21:30:45] trace  /app/ewei_shopv2_api.php?i=2&r=cacheset&version=&comefrom=wxapp&openid=sns_wa_oWJzS5KxfxG0nxbbxJSHwtJKkwNY&mid=&merchid=&authkey=NmI5NTRyajZsam1yZmZpWE03WDgwK1FJRmFyRHQzQnM0THdyZnI2VXlmRWJ5UDBLendhbEpuRFpWVjVBSi9WeHVZRmMreEFM&timestamp=1565271044668 yoxwechatbusinessModel::set_user:BEGIN
[2019-08-08 21:31:05] trace  /app/ewei_shopv2_api.php?i=2&r=bargain.act&comefrom=wxapp&openid=sns_wa_oWJzS5KxfxG0nxbbxJSHwtJKkwNY&mid=&merchid=&authkey=&timestamp=1565271065220 yoxwechatbusinessModel::set_user:BEGIN
[2019-08-08 21:31:05] trace  /app/ewei_shopv2_api.php?i=2&r=yoxwechatbusiness&isajax=1&comefrom=wxapp&openid=sns_wa_oWJzS5KxfxG0nxbbxJSHwtJKkwNY&mid=&merchid=&authkey=&timestamp=1565271065205 yoxwechatbusinessModel::set_user:BEGIN
[2019-08-08 21:31:10] trace  /app/ewei_shopv2_api.php?i=2&r=black&comefrom=wxapp&openid=sns_wa_oWJzS5KxfxG0nxbbxJSHwtJKkwNY&mid=&merchid=&authkey=&timestamp=1565271069850 yoxwechatbusinessModel::set_user:BEGIN
[2019-08-08 21:31:10] trace  /app/ewei_shopv2_api.php?i=2&r=diypage&type=home&comefrom=wxapp&openid=sns_wa_oWJzS5KxfxG0nxbbxJSHwtJKkwNY&mid=&merchid=&authkey=&timestamp=1565271069893 yoxwechatbusinessModel::set_user:BEGIN
[2019-08-08 21:31:10] trace  /app/ewei_shopv2_api.php?i=2&r=shop.get_hasnewcoupon&comefrom=wxapp&openid=sns_wa_oWJzS5KxfxG0nxbbxJSHwtJKkwNY&mid=&merchid=&authkey=&timestamp=1565271069952 yoxwechatbusinessModel::set_user:BEGIN
[2019-08-08 21:31:10] trace  /app/ewei_shopv2_api.php?i=2&r=shop.get_shopindex&comefrom=wxapp&openid=sns_wa_oWJzS5KxfxG0nxbbxJSHwtJKkwNY&mid=&merchid=&authkey=&timestamp=1565271069937 yoxwechatbusinessModel::set_user:BEGIN
[2019-08-08 21:31:11] trace  /app/ewei_shopv2_api.php?i=2&r=shop.get_cpinfos&comefrom=wxapp&openid=sns_wa_oWJzS5KxfxG0nxbbxJSHwtJKkwNY&mid=&merchid=&authkey=&timestamp=1565271069965 yoxwechatbusinessModel::set_user:BEGIN
[2019-08-08 22:37:03] trace  /app/ewei_shopv2_api.php?i=2&r=diypage&type=home&comefrom=wxapp&openid=sns_wa_oWJzS5KJZzX1wEbUlU1G62Pv2Mmk&mid=&merchid=&authkey=&timestamp=1565275021125 yoxwechatbusinessModel::set_user:BEGIN
[2019-08-08 22:37:04] trace  /app/ewei_shopv2_api.php?i=2&r=shop.get_cpinfos&comefrom=wxapp&openid=sns_wa_oWJzS5KJZzX1wEbUlU1G62Pv2Mmk&mid=&merchid=&authkey=&timestamp=1565275021163 yoxwechatbusinessModel::set_user:BEGIN
[2019-08-08 22:37:04] trace  /app/ewei_shopv2_api.php?i=2&r=shop.get_hasnewcoupon&comefrom=wxapp&openid=sns_wa_oWJzS5KJZzX1wEbUlU1G62Pv2Mmk&mid=&merchid=&authkey=&timestamp=1565275021156 yoxwechatbusinessModel::set_user:BEGIN
[2019-08-08 22:37:05] trace  /app/ewei_shopv2_api.php?i=2&r=black&comefrom=wxapp&openid=sns_wa_oWJzS5KJZzX1wEbUlU1G62Pv2Mmk&authkey=&timestamp=1565275021104 yoxwechatbusinessModel::set_user:BEGIN
[2019-08-08 22:37:05] trace  /app/ewei_shopv2_api.php?i=2&r=shop.get_shopindex&comefrom=wxapp&openid=sns_wa_oWJzS5KJZzX1wEbUlU1G62Pv2Mmk&mid=&merchid=&authkey=&timestamp=1565275021149 yoxwechatbusinessModel::set_user:BEGIN
