[2019-08-27 15:21:05] trace  /app/ewei_shopv2_api.php?i=2&r=cacheset&version=&comefrom=wxapp&openid=sns_wa_oWJzS5Lr67PcaBKLZBCvjlGbJFBk&mid=&merchid=&authkey=NTJhNzQvNFJxNVVIWDFETU1pa1poZmw5cVJVc2txTHZ6MVZreE5YUTc2SFh0dXZUSzAxTk9JVStmVW5XN2dURVF2ZExsKy9QcDNxME1IT3c1blF5dS80cVVuUQ%3D%3D&timestamp=1566890465777 yoxwechatbusinessModel::set_user:BEGIN
[2019-08-27 15:21:05] trace  /app/ewei_shopv2_api.php?i=2&r=cacheset&version=&comefrom=wxapp&openid=sns_wa_oWJzS5Lr67PcaBKLZBCvjlGbJFBk&mid=&merchid=&authkey=NTJhNzQvNFJxNVVIWDFETU1pa1poZmw5cVJVc2txTHZ6MVZreE5YUTc2SFh0dXZUSzAxTk9JVStmVW5XN2dURVF2ZExsKy9QcDNxME1IT3c1blF5dS80cVVuUQ%3D%3D&timestamp=1566890465777 yoxwechatbusinessModel::set_user:END
[2019-08-27 15:21:06] trace  /app/ewei_shopv2_api.php?i=2&r=cacheset&version=&comefrom=wxapp&openid=sns_wa_oWJzS5Lr67PcaBKLZBCvjlGbJFBk&mid=&merchid=&authkey=Y2FkMGdiWi9XeTVNNzRhdkRabW1Vck4xZ3N0U244clN4M01QMjRFQlBTdzZRU3FjZDFmRnB0Q3BmV0Z0MmZtTFN0R0VZT2xmRFV6UFVCSkRZTm1PZ1lrZHRCNA%3D%3D&timestamp=1566890465880 yoxwechatbusinessModel::set_user:BEGIN
[2019-08-27 15:21:06] trace  /app/ewei_shopv2_api.php?i=2&r=cacheset&version=&comefrom=wxapp&openid=sns_wa_oWJzS5Lr67PcaBKLZBCvjlGbJFBk&mid=&merchid=&authkey=Y2FkMGdiWi9XeTVNNzRhdkRabW1Vck4xZ3N0U244clN4M01QMjRFQlBTdzZRU3FjZDFmRnB0Q3BmV0Z0MmZtTFN0R0VZT2xmRFV6UFVCSkRZTm1PZ1lrZHRCNA%3D%3D&timestamp=1566890465880 yoxwechatbusinessModel::set_user:END
[2019-08-27 15:21:06] trace  /app/ewei_shopv2_api.php?i=2&r=diypage&type=goodsdetail&comefrom=wxapp&openid=sns_wa_oWJzS5Lr67PcaBKLZBCvjlGbJFBk&mid=&merchid=&authkey=&timestamp=1566890466364 yoxwechatbusinessModel::set_user:BEGIN
[2019-08-27 15:21:06] trace  /app/ewei_shopv2_api.php?i=2&r=diypage&type=goodsdetail&comefrom=wxapp&openid=sns_wa_oWJzS5Lr67PcaBKLZBCvjlGbJFBk&mid=&merchid=&authkey=&timestamp=1566890466364 yoxwechatbusinessModel::set_user:END
[2019-08-27 15:21:06] trace  /app/ewei_shopv2_api.php?i=2&r=black&comefrom=wxapp&openid=sns_wa_oWJzS5Lr67PcaBKLZBCvjlGbJFBk&mid=&merchid=&authkey=&timestamp=1566890466362 yoxwechatbusinessModel::set_user:BEGIN
[2019-08-27 15:21:06] trace  /app/ewei_shopv2_api.php?i=2&r=black&comefrom=wxapp&openid=sns_wa_oWJzS5Lr67PcaBKLZBCvjlGbJFBk&mid=&merchid=&authkey=&timestamp=1566890466362 yoxwechatbusinessModel::set_user:END
[2019-08-27 15:21:06] trace  /app/ewei_shopv2_api.php?i=2&r=goods.get_detail&id=63&comefrom=wxapp&openid=sns_wa_oWJzS5Lr67PcaBKLZBCvjlGbJFBk&mid=&merchid=&authkey=&timestamp=1566890466372 yoxwechatbusinessModel::set_user:BEGIN
[2019-08-27 15:21:06] trace  /app/ewei_shopv2_api.php?i=2&r=goods.get_detail&id=63&comefrom=wxapp&openid=sns_wa_oWJzS5Lr67PcaBKLZBCvjlGbJFBk&mid=&merchid=&authkey=&timestamp=1566890466372 yoxwechatbusinessModel::set_user:END
[2019-08-27 15:21:07] trace  /app/ewei_shopv2_api.php?i=2&r=package.get_list&goodsid=63&comefrom=wxapp&openid=sns_wa_oWJzS5Lr67PcaBKLZBCvjlGbJFBk&mid=&merchid=&authkey=&timestamp=1566890467215 yoxwechatbusinessModel::set_user:BEGIN
[2019-08-27 15:21:07] trace  /app/ewei_shopv2_api.php?i=2&r=package.get_list&goodsid=63&comefrom=wxapp&openid=sns_wa_oWJzS5Lr67PcaBKLZBCvjlGbJFBk&mid=&merchid=&authkey=&timestamp=1566890467215 yoxwechatbusinessModel::set_user:END
[2019-08-27 15:21:07] trace  /app/ewei_shopv2_api.php?i=2&r=goods.get_comments&id=63&comefrom=wxapp&openid=sns_wa_oWJzS5Lr67PcaBKLZBCvjlGbJFBk&mid=&merchid=&authkey=&timestamp=1566890467276 yoxwechatbusinessModel::set_user:BEGIN
[2019-08-27 15:21:07] trace  /app/ewei_shopv2_api.php?i=2&r=goods.get_comments&id=63&comefrom=wxapp&openid=sns_wa_oWJzS5Lr67PcaBKLZBCvjlGbJFBk&mid=&merchid=&authkey=&timestamp=1566890467276 yoxwechatbusinessModel::set_user:END
[2019-08-27 15:21:09] trace  /app/ewei_shopv2_api.php?i=2&r=shop.get_shopindex&comefrom=wxapp&openid=sns_wa_oWJzS5Lr67PcaBKLZBCvjlGbJFBk&mid=&merchid=&authkey=&timestamp=1566890469832 yoxwechatbusinessModel::set_user:BEGIN
[2019-08-27 15:21:09] trace  /app/ewei_shopv2_api.php?i=2&r=shop.get_shopindex&comefrom=wxapp&openid=sns_wa_oWJzS5Lr67PcaBKLZBCvjlGbJFBk&mid=&merchid=&authkey=&timestamp=1566890469832 yoxwechatbusinessModel::set_user:END
[2019-08-27 15:21:10] trace  /app/ewei_shopv2_api.php?i=2&r=shop.get_hasnewcoupon&comefrom=wxapp&openid=sns_wa_oWJzS5Lr67PcaBKLZBCvjlGbJFBk&mid=&merchid=&authkey=&timestamp=1566890469841 yoxwechatbusinessModel::set_user:BEGIN
[2019-08-27 15:21:10] trace  /app/ewei_shopv2_api.php?i=2&r=shop.get_hasnewcoupon&comefrom=wxapp&openid=sns_wa_oWJzS5Lr67PcaBKLZBCvjlGbJFBk&mid=&merchid=&authkey=&timestamp=1566890469841 yoxwechatbusinessModel::set_user:END
[2019-08-27 15:21:10] trace  /app/ewei_shopv2_api.php?i=2&r=shop.get_cpinfos&comefrom=wxapp&openid=sns_wa_oWJzS5Lr67PcaBKLZBCvjlGbJFBk&mid=&merchid=&authkey=&timestamp=1566890469845 yoxwechatbusinessModel::set_user:BEGIN
[2019-08-27 15:21:10] trace  /app/ewei_shopv2_api.php?i=2&r=shop.get_cpinfos&comefrom=wxapp&openid=sns_wa_oWJzS5Lr67PcaBKLZBCvjlGbJFBk&mid=&merchid=&authkey=&timestamp=1566890469845 yoxwechatbusinessModel::set_user:END
[2019-08-27 15:21:10] trace  /app/ewei_shopv2_api.php?i=2&r=black&comefrom=wxapp&openid=sns_wa_oWJzS5Lr67PcaBKLZBCvjlGbJFBk&mid=&merchid=&authkey=&timestamp=1566890470484 yoxwechatbusinessModel::set_user:BEGIN
[2019-08-27 15:21:10] trace  /app/ewei_shopv2_api.php?i=2&r=black&comefrom=wxapp&openid=sns_wa_oWJzS5Lr67PcaBKLZBCvjlGbJFBk&mid=&merchid=&authkey=&timestamp=1566890470484 yoxwechatbusinessModel::set_user:END
[2019-08-27 15:21:10] trace  /app/ewei_shopv2_api.php?i=2&r=diypage&type=goodsdetail&comefrom=wxapp&openid=sns_wa_oWJzS5Lr67PcaBKLZBCvjlGbJFBk&mid=&merchid=&authkey=&timestamp=1566890470487 yoxwechatbusinessModel::set_user:BEGIN
[2019-08-27 15:21:10] trace  /app/ewei_shopv2_api.php?i=2&r=diypage&type=goodsdetail&comefrom=wxapp&openid=sns_wa_oWJzS5Lr67PcaBKLZBCvjlGbJFBk&mid=&merchid=&authkey=&timestamp=1566890470487 yoxwechatbusinessModel::set_user:END
[2019-08-27 15:21:10] trace  /app/ewei_shopv2_api.php?i=2&r=goods.get_detail&id=62&comefrom=wxapp&openid=sns_wa_oWJzS5Lr67PcaBKLZBCvjlGbJFBk&mid=&merchid=&authkey=&timestamp=1566890470499 yoxwechatbusinessModel::set_user:BEGIN
[2019-08-27 15:21:10] trace  /app/ewei_shopv2_api.php?i=2&r=goods.get_detail&id=62&comefrom=wxapp&openid=sns_wa_oWJzS5Lr67PcaBKLZBCvjlGbJFBk&mid=&merchid=&authkey=&timestamp=1566890470499 yoxwechatbusinessModel::set_user:END
[2019-08-27 15:21:11] trace  /app/ewei_shopv2_api.php?i=2&r=package.get_list&goodsid=62&comefrom=wxapp&openid=sns_wa_oWJzS5Lr67PcaBKLZBCvjlGbJFBk&mid=&merchid=&authkey=&timestamp=1566890471180 yoxwechatbusinessModel::set_user:BEGIN
[2019-08-27 15:21:11] trace  /app/ewei_shopv2_api.php?i=2&r=package.get_list&goodsid=62&comefrom=wxapp&openid=sns_wa_oWJzS5Lr67PcaBKLZBCvjlGbJFBk&mid=&merchid=&authkey=&timestamp=1566890471180 yoxwechatbusinessModel::set_user:END
[2019-08-27 15:21:11] trace  /app/ewei_shopv2_api.php?i=2&r=goods.get_comments&id=62&comefrom=wxapp&openid=sns_wa_oWJzS5Lr67PcaBKLZBCvjlGbJFBk&mid=&merchid=&authkey=&timestamp=1566890471237 yoxwechatbusinessModel::set_user:BEGIN
[2019-08-27 15:21:11] trace  /app/ewei_shopv2_api.php?i=2&r=goods.get_comments&id=62&comefrom=wxapp&openid=sns_wa_oWJzS5Lr67PcaBKLZBCvjlGbJFBk&mid=&merchid=&authkey=&timestamp=1566890471237 yoxwechatbusinessModel::set_user:END
[2019-08-27 15:21:12] trace  /app/ewei_shopv2_api.php?i=2&r=shop.get_shopindex&comefrom=wxapp&openid=sns_wa_oWJzS5Lr67PcaBKLZBCvjlGbJFBk&mid=&merchid=&authkey=&timestamp=1566890472800 yoxwechatbusinessModel::set_user:BEGIN
[2019-08-27 15:21:12] trace  /app/ewei_shopv2_api.php?i=2&r=shop.get_shopindex&comefrom=wxapp&openid=sns_wa_oWJzS5Lr67PcaBKLZBCvjlGbJFBk&mid=&merchid=&authkey=&timestamp=1566890472800 yoxwechatbusinessModel::set_user:END
[2019-08-27 15:21:12] trace  /app/ewei_shopv2_api.php?i=2&r=shop.get_hasnewcoupon&comefrom=wxapp&openid=sns_wa_oWJzS5Lr67PcaBKLZBCvjlGbJFBk&mid=&merchid=&authkey=&timestamp=1566890472803 yoxwechatbusinessModel::set_user:BEGIN
[2019-08-27 15:21:12] trace  /app/ewei_shopv2_api.php?i=2&r=shop.get_hasnewcoupon&comefrom=wxapp&openid=sns_wa_oWJzS5Lr67PcaBKLZBCvjlGbJFBk&mid=&merchid=&authkey=&timestamp=1566890472803 yoxwechatbusinessModel::set_user:END
[2019-08-27 15:21:13] trace  /app/ewei_shopv2_api.php?i=2&r=shop.get_cpinfos&comefrom=wxapp&openid=sns_wa_oWJzS5Lr67PcaBKLZBCvjlGbJFBk&mid=&merchid=&authkey=&timestamp=1566890472805 yoxwechatbusinessModel::set_user:BEGIN
[2019-08-27 15:21:13] trace  /app/ewei_shopv2_api.php?i=2&r=shop.get_cpinfos&comefrom=wxapp&openid=sns_wa_oWJzS5Lr67PcaBKLZBCvjlGbJFBk&mid=&merchid=&authkey=&timestamp=1566890472805 yoxwechatbusinessModel::set_user:END
[2019-08-27 15:21:17] trace  /app/ewei_shopv2_api.php?i=2&r=diypage&type=home&comefrom=wxapp&openid=sns_wa_oWJzS5Lr67PcaBKLZBCvjlGbJFBk&mid=&merchid=&authkey=&timestamp=1566890477073 yoxwechatbusinessModel::set_user:BEGIN
[2019-08-27 15:21:17] trace  /app/ewei_shopv2_api.php?i=2&r=diypage&type=home&comefrom=wxapp&openid=sns_wa_oWJzS5Lr67PcaBKLZBCvjlGbJFBk&mid=&merchid=&authkey=&timestamp=1566890477073 yoxwechatbusinessModel::set_user:END
[2019-08-27 15:21:18] trace  /app/ewei_shopv2_api.php?i=2&r=diypage&type=home&comefrom=wxapp&openid=sns_wa_oWJzS5Lr67PcaBKLZBCvjlGbJFBk&mid=&merchid=&authkey=&timestamp=1566890478406 yoxwechatbusinessModel::set_user:BEGIN
[2019-08-27 15:21:18] trace  /app/ewei_shopv2_api.php?i=2&r=diypage&type=home&comefrom=wxapp&openid=sns_wa_oWJzS5Lr67PcaBKLZBCvjlGbJFBk&mid=&merchid=&authkey=&timestamp=1566890478406 yoxwechatbusinessModel::set_user:END
[2019-08-27 15:21:45] trace  /app/ewei_shopv2_api.php?i=2&r=diypage&type=6&comefrom=wxapp&openid=sns_wa_oWJzS5Lr67PcaBKLZBCvjlGbJFBk&mid=&merchid=&authkey=&timestamp=1566890505287 yoxwechatbusinessModel::set_user:BEGIN
[2019-08-27 15:21:45] trace  /app/ewei_shopv2_api.php?i=2&r=diypage&type=6&comefrom=wxapp&openid=sns_wa_oWJzS5Lr67PcaBKLZBCvjlGbJFBk&mid=&merchid=&authkey=&timestamp=1566890505287 yoxwechatbusinessModel::set_user:END
[2019-08-27 15:21:45] trace  /app/ewei_shopv2_api.php?i=2&r=diypage&id=6&comefrom=wxapp&openid=sns_wa_oWJzS5Lr67PcaBKLZBCvjlGbJFBk&mid=&merchid=&authkey=&timestamp=1566890505292 yoxwechatbusinessModel::set_user:BEGIN
[2019-08-27 15:21:45] trace  /app/ewei_shopv2_api.php?i=2&r=diypage&id=6&comefrom=wxapp&openid=sns_wa_oWJzS5Lr67PcaBKLZBCvjlGbJFBk&mid=&merchid=&authkey=&timestamp=1566890505292 yoxwechatbusinessModel::set_user:END
[2019-08-27 15:21:48] trace  /app/ewei_shopv2_api.php?i=2&r=shop.get_shopindex&comefrom=wxapp&openid=sns_wa_oWJzS5Lr67PcaBKLZBCvjlGbJFBk&mid=&merchid=&authkey=&timestamp=1566890508311 yoxwechatbusinessModel::set_user:BEGIN
[2019-08-27 15:21:48] trace  /app/ewei_shopv2_api.php?i=2&r=shop.get_shopindex&comefrom=wxapp&openid=sns_wa_oWJzS5Lr67PcaBKLZBCvjlGbJFBk&mid=&merchid=&authkey=&timestamp=1566890508311 yoxwechatbusinessModel::set_user:END
[2019-08-27 15:21:48] trace  /app/ewei_shopv2_api.php?i=2&r=shop.get_hasnewcoupon&comefrom=wxapp&openid=sns_wa_oWJzS5Lr67PcaBKLZBCvjlGbJFBk&mid=&merchid=&authkey=&timestamp=1566890508314 yoxwechatbusinessModel::set_user:BEGIN
[2019-08-27 15:21:48] trace  /app/ewei_shopv2_api.php?i=2&r=shop.get_hasnewcoupon&comefrom=wxapp&openid=sns_wa_oWJzS5Lr67PcaBKLZBCvjlGbJFBk&mid=&merchid=&authkey=&timestamp=1566890508314 yoxwechatbusinessModel::set_user:END
[2019-08-27 15:21:48] trace  /app/ewei_shopv2_api.php?i=2&r=shop.get_cpinfos&comefrom=wxapp&openid=sns_wa_oWJzS5Lr67PcaBKLZBCvjlGbJFBk&mid=&merchid=&authkey=&timestamp=1566890508315 yoxwechatbusinessModel::set_user:BEGIN
[2019-08-27 15:21:48] trace  /app/ewei_shopv2_api.php?i=2&r=shop.get_cpinfos&comefrom=wxapp&openid=sns_wa_oWJzS5Lr67PcaBKLZBCvjlGbJFBk&mid=&merchid=&authkey=&timestamp=1566890508315 yoxwechatbusinessModel::set_user:END
[2019-08-27 15:21:48] trace  /app/ewei_shopv2_api.php?i=2&r=diypage&type=7&comefrom=wxapp&openid=sns_wa_oWJzS5Lr67PcaBKLZBCvjlGbJFBk&mid=&merchid=&authkey=&timestamp=1566890508795 yoxwechatbusinessModel::set_user:BEGIN
[2019-08-27 15:21:48] trace  /app/ewei_shopv2_api.php?i=2&r=diypage&type=7&comefrom=wxapp&openid=sns_wa_oWJzS5Lr67PcaBKLZBCvjlGbJFBk&mid=&merchid=&authkey=&timestamp=1566890508795 yoxwechatbusinessModel::set_user:END
[2019-08-27 15:21:48] trace  /app/ewei_shopv2_api.php?i=2&r=diypage&id=7&comefrom=wxapp&openid=sns_wa_oWJzS5Lr67PcaBKLZBCvjlGbJFBk&mid=&merchid=&authkey=&timestamp=1566890508800 yoxwechatbusinessModel::set_user:BEGIN
[2019-08-27 15:21:48] trace  /app/ewei_shopv2_api.php?i=2&r=diypage&id=7&comefrom=wxapp&openid=sns_wa_oWJzS5Lr67PcaBKLZBCvjlGbJFBk&mid=&merchid=&authkey=&timestamp=1566890508800 yoxwechatbusinessModel::set_user:END
[2019-08-27 15:21:51] trace  /app/ewei_shopv2_api.php?i=2&r=shop.get_shopindex&comefrom=wxapp&openid=sns_wa_oWJzS5Lr67PcaBKLZBCvjlGbJFBk&mid=&merchid=&authkey=&timestamp=1566890511104 yoxwechatbusinessModel::set_user:BEGIN
[2019-08-27 15:21:51] trace  /app/ewei_shopv2_api.php?i=2&r=shop.get_shopindex&comefrom=wxapp&openid=sns_wa_oWJzS5Lr67PcaBKLZBCvjlGbJFBk&mid=&merchid=&authkey=&timestamp=1566890511104 yoxwechatbusinessModel::set_user:END
[2019-08-27 15:21:51] trace  /app/ewei_shopv2_api.php?i=2&r=shop.get_hasnewcoupon&comefrom=wxapp&openid=sns_wa_oWJzS5Lr67PcaBKLZBCvjlGbJFBk&mid=&merchid=&authkey=&timestamp=1566890511107 yoxwechatbusinessModel::set_user:BEGIN
[2019-08-27 15:21:51] trace  /app/ewei_shopv2_api.php?i=2&r=shop.get_hasnewcoupon&comefrom=wxapp&openid=sns_wa_oWJzS5Lr67PcaBKLZBCvjlGbJFBk&mid=&merchid=&authkey=&timestamp=1566890511107 yoxwechatbusinessModel::set_user:END
[2019-08-27 15:21:51] trace  /app/ewei_shopv2_api.php?i=2&r=shop.get_cpinfos&comefrom=wxapp&openid=sns_wa_oWJzS5Lr67PcaBKLZBCvjlGbJFBk&mid=&merchid=&authkey=&timestamp=1566890511109 yoxwechatbusinessModel::set_user:BEGIN
[2019-08-27 15:21:51] trace  /app/ewei_shopv2_api.php?i=2&r=shop.get_cpinfos&comefrom=wxapp&openid=sns_wa_oWJzS5Lr67PcaBKLZBCvjlGbJFBk&mid=&merchid=&authkey=&timestamp=1566890511109 yoxwechatbusinessModel::set_user:END
[2019-08-27 15:21:51] trace  /app/ewei_shopv2_api.php?i=2&r=diypage&type=6&comefrom=wxapp&openid=sns_wa_oWJzS5Lr67PcaBKLZBCvjlGbJFBk&mid=&merchid=&authkey=&timestamp=1566890511519 yoxwechatbusinessModel::set_user:BEGIN
[2019-08-27 15:21:51] trace  /app/ewei_shopv2_api.php?i=2&r=diypage&type=6&comefrom=wxapp&openid=sns_wa_oWJzS5Lr67PcaBKLZBCvjlGbJFBk&mid=&merchid=&authkey=&timestamp=1566890511519 yoxwechatbusinessModel::set_user:END
[2019-08-27 15:21:51] trace  /app/ewei_shopv2_api.php?i=2&r=diypage&id=6&comefrom=wxapp&openid=sns_wa_oWJzS5Lr67PcaBKLZBCvjlGbJFBk&mid=&merchid=&authkey=&timestamp=1566890511528 yoxwechatbusinessModel::set_user:BEGIN
[2019-08-27 15:21:51] trace  /app/ewei_shopv2_api.php?i=2&r=diypage&id=6&comefrom=wxapp&openid=sns_wa_oWJzS5Lr67PcaBKLZBCvjlGbJFBk&mid=&merchid=&authkey=&timestamp=1566890511528 yoxwechatbusinessModel::set_user:END
[2019-08-27 15:21:53] trace  /app/ewei_shopv2_api.php?i=2&r=shop.get_hasnewcoupon&comefrom=wxapp&openid=sns_wa_oWJzS5Lr67PcaBKLZBCvjlGbJFBk&mid=&merchid=&authkey=&timestamp=1566890513431 yoxwechatbusinessModel::set_user:BEGIN
[2019-08-27 15:21:53] trace  /app/ewei_shopv2_api.php?i=2&r=shop.get_hasnewcoupon&comefrom=wxapp&openid=sns_wa_oWJzS5Lr67PcaBKLZBCvjlGbJFBk&mid=&merchid=&authkey=&timestamp=1566890513431 yoxwechatbusinessModel::set_user:END
[2019-08-27 15:21:53] trace  /app/ewei_shopv2_api.php?i=2&r=shop.get_shopindex&comefrom=wxapp&openid=sns_wa_oWJzS5Lr67PcaBKLZBCvjlGbJFBk&mid=&merchid=&authkey=&timestamp=1566890513428 yoxwechatbusinessModel::set_user:BEGIN
[2019-08-27 15:21:53] trace  /app/ewei_shopv2_api.php?i=2&r=shop.get_shopindex&comefrom=wxapp&openid=sns_wa_oWJzS5Lr67PcaBKLZBCvjlGbJFBk&mid=&merchid=&authkey=&timestamp=1566890513428 yoxwechatbusinessModel::set_user:END
[2019-08-27 15:21:53] trace  /app/ewei_shopv2_api.php?i=2&r=shop.get_cpinfos&comefrom=wxapp&openid=sns_wa_oWJzS5Lr67PcaBKLZBCvjlGbJFBk&mid=&merchid=&authkey=&timestamp=1566890513434 yoxwechatbusinessModel::set_user:BEGIN
[2019-08-27 15:21:53] trace  /app/ewei_shopv2_api.php?i=2&r=shop.get_cpinfos&comefrom=wxapp&openid=sns_wa_oWJzS5Lr67PcaBKLZBCvjlGbJFBk&mid=&merchid=&authkey=&timestamp=1566890513434 yoxwechatbusinessModel::set_user:END
[2019-08-27 15:21:55] trace  /app/ewei_shopv2_api.php?i=2&r=yoxsns.board.getlist&isajax=1&page=1&bid=4&comefrom=wxapp&openid=sns_wa_oWJzS5Lr67PcaBKLZBCvjlGbJFBk&mid=&merchid=&authkey=&timestamp=1566890515753 yoxwechatbusinessModel::set_user:BEGIN
[2019-08-27 15:21:55] trace  /app/ewei_shopv2_api.php?i=2&r=yoxsns.board.getlist&isajax=1&page=1&bid=4&comefrom=wxapp&openid=sns_wa_oWJzS5Lr67PcaBKLZBCvjlGbJFBk&mid=&merchid=&authkey=&timestamp=1566890515753 yoxwechatbusinessModel::set_user:END
[2019-08-27 15:21:57] trace  /app/ewei_shopv2_api.php?i=2&r=shop.get_shopindex&comefrom=wxapp&openid=sns_wa_oWJzS5Lr67PcaBKLZBCvjlGbJFBk&mid=&merchid=&authkey=&timestamp=1566890517145 yoxwechatbusinessModel::set_user:BEGIN
[2019-08-27 15:21:57] trace  /app/ewei_shopv2_api.php?i=2&r=shop.get_shopindex&comefrom=wxapp&openid=sns_wa_oWJzS5Lr67PcaBKLZBCvjlGbJFBk&mid=&merchid=&authkey=&timestamp=1566890517145 yoxwechatbusinessModel::set_user:END
[2019-08-27 15:21:57] trace  /app/ewei_shopv2_api.php?i=2&r=shop.get_hasnewcoupon&comefrom=wxapp&openid=sns_wa_oWJzS5Lr67PcaBKLZBCvjlGbJFBk&mid=&merchid=&authkey=&timestamp=1566890517149 yoxwechatbusinessModel::set_user:BEGIN
[2019-08-27 15:21:57] trace  /app/ewei_shopv2_api.php?i=2&r=shop.get_hasnewcoupon&comefrom=wxapp&openid=sns_wa_oWJzS5Lr67PcaBKLZBCvjlGbJFBk&mid=&merchid=&authkey=&timestamp=1566890517149 yoxwechatbusinessModel::set_user:END
[2019-08-27 15:21:57] trace  /app/ewei_shopv2_api.php?i=2&r=shop.get_cpinfos&comefrom=wxapp&openid=sns_wa_oWJzS5Lr67PcaBKLZBCvjlGbJFBk&mid=&merchid=&authkey=&timestamp=1566890517151 yoxwechatbusinessModel::set_user:BEGIN
[2019-08-27 15:21:57] trace  /app/ewei_shopv2_api.php?i=2&r=shop.get_cpinfos&comefrom=wxapp&openid=sns_wa_oWJzS5Lr67PcaBKLZBCvjlGbJFBk&mid=&merchid=&authkey=&timestamp=1566890517151 yoxwechatbusinessModel::set_user:END
[2019-08-27 15:22:00] trace  /app/ewei_shopv2_api.php?i=2&r=goods.get_picker&id=17&comefrom=wxapp&openid=sns_wa_oWJzS5Lr67PcaBKLZBCvjlGbJFBk&mid=&merchid=&authkey=&timestamp=1566890520637 yoxwechatbusinessModel::set_user:BEGIN
[2019-08-27 15:22:00] trace  /app/ewei_shopv2_api.php?i=2&r=goods.get_picker&id=17&comefrom=wxapp&openid=sns_wa_oWJzS5Lr67PcaBKLZBCvjlGbJFBk&mid=&merchid=&authkey=&timestamp=1566890520637 yoxwechatbusinessModel::set_user:END
[2019-08-27 15:22:06] trace  /app/ewei_shopv2_api.php?i=2&r=diypage&type=home&comefrom=wxapp&openid=sns_wa_oWJzS5Lr67PcaBKLZBCvjlGbJFBk&mid=&merchid=&authkey=&timestamp=1566890526234 yoxwechatbusinessModel::set_user:BEGIN
[2019-08-27 15:22:06] trace  /app/ewei_shopv2_api.php?i=2&r=diypage&type=home&comefrom=wxapp&openid=sns_wa_oWJzS5Lr67PcaBKLZBCvjlGbJFBk&mid=&merchid=&authkey=&timestamp=1566890526234 yoxwechatbusinessModel::set_user:END
[2019-08-27 16:27:27] trace  /app/ewei_shopv2_api.php?i=2&r=black&comefrom=wxapp&openid=sns_wa_oWJzS5G_1X53M3ZNszbG6lrzKx5c&authkey=&timestamp=1566894445205 yoxwechatbusinessModel::set_user:BEGIN
[2019-08-27 16:27:27] trace  /app/ewei_shopv2_api.php?i=2&r=black&comefrom=wxapp&openid=sns_wa_oWJzS5G_1X53M3ZNszbG6lrzKx5c&authkey=&timestamp=1566894445205 yoxwechatbusinessModel::set_user:END
[2019-08-27 16:27:28] trace  /app/ewei_shopv2_api.php?i=2&r=shop.get_shopindex&comefrom=wxapp&openid=sns_wa_oWJzS5G_1X53M3ZNszbG6lrzKx5c&mid=&merchid=&authkey=&timestamp=1566894445314 yoxwechatbusinessModel::set_user:BEGIN
[2019-08-27 16:27:28] trace  /app/ewei_shopv2_api.php?i=2&r=shop.get_shopindex&comefrom=wxapp&openid=sns_wa_oWJzS5G_1X53M3ZNszbG6lrzKx5c&mid=&merchid=&authkey=&timestamp=1566894445314 yoxwechatbusinessModel::set_user:END
[2019-08-27 16:27:28] trace  /app/ewei_shopv2_api.php?i=2&r=shop.get_hasnewcoupon&comefrom=wxapp&openid=sns_wa_oWJzS5G_1X53M3ZNszbG6lrzKx5c&mid=&merchid=&authkey=&timestamp=1566894445328 yoxwechatbusinessModel::set_user:BEGIN
[2019-08-27 16:27:28] trace  /app/ewei_shopv2_api.php?i=2&r=shop.get_hasnewcoupon&comefrom=wxapp&openid=sns_wa_oWJzS5G_1X53M3ZNszbG6lrzKx5c&mid=&merchid=&authkey=&timestamp=1566894445328 yoxwechatbusinessModel::set_user:END
[2019-08-27 16:27:29] trace  /app/ewei_shopv2_api.php?i=2&r=diypage&type=home&comefrom=wxapp&openid=sns_wa_oWJzS5G_1X53M3ZNszbG6lrzKx5c&mid=&merchid=&authkey=&timestamp=1566894445263 yoxwechatbusinessModel::set_user:BEGIN
[2019-08-27 16:27:29] trace  /app/ewei_shopv2_api.php?i=2&r=diypage&type=home&comefrom=wxapp&openid=sns_wa_oWJzS5G_1X53M3ZNszbG6lrzKx5c&mid=&merchid=&authkey=&timestamp=1566894445263 yoxwechatbusinessModel::set_user:END
[2019-08-27 16:27:29] trace  /app/ewei_shopv2_api.php?i=2&r=shop.get_cpinfos&comefrom=wxapp&openid=sns_wa_oWJzS5G_1X53M3ZNszbG6lrzKx5c&mid=&merchid=&authkey=&timestamp=1566894445342 yoxwechatbusinessModel::set_user:BEGIN
[2019-08-27 16:27:29] trace  /app/ewei_shopv2_api.php?i=2&r=shop.get_cpinfos&comefrom=wxapp&openid=sns_wa_oWJzS5G_1X53M3ZNszbG6lrzKx5c&mid=&merchid=&authkey=&timestamp=1566894445342 yoxwechatbusinessModel::set_user:END
[2019-08-27 16:27:31] trace  /app/ewei_shopv2_api.php?i=2&r=bargain.act&comefrom=wxapp&openid=sns_wa_oWJzS5G_1X53M3ZNszbG6lrzKx5c&mid=&merchid=&authkey=YjdkNktoSlM4UVdHMjByUzcvcEFDbS82NUdaZzZxQktIT1piSXloeDl1YlFHUzEyYjMvWU9wZndpQzJqZkFkMm1sZk1haG9MRkQ1eHp5blhvWjhPbGZPUXJqTQ%3D%3D&timestamp=1566894450378 yoxwechatbusinessModel::set_user:BEGIN
[2019-08-27 16:27:31] trace  /app/ewei_shopv2_api.php?i=2&r=bargain.act&comefrom=wxapp&openid=sns_wa_oWJzS5G_1X53M3ZNszbG6lrzKx5c&mid=&merchid=&authkey=YjdkNktoSlM4UVdHMjByUzcvcEFDbS82NUdaZzZxQktIT1piSXloeDl1YlFHUzEyYjMvWU9wZndpQzJqZkFkMm1sZk1haG9MRkQ1eHp5blhvWjhPbGZPUXJqTQ%3D%3D&timestamp=1566894450378 yoxwechatbusinessModel::set_user:END
[2019-08-27 16:27:31] trace  /app/ewei_shopv2_api.php?i=2&r=yoxwechatbusiness&isajax=1&comefrom=wxapp&openid=sns_wa_oWJzS5G_1X53M3ZNszbG6lrzKx5c&mid=&merchid=&authkey=YjdkNktoSlM4UVdHMjByUzcvcEFDbS82NUdaZzZxQktIT1piSXloeDl1YlFHUzEyYjMvWU9wZndpQzJqZkFkMm1sZk1haG9MRkQ1eHp5blhvWjhPbGZPUXJqTQ%3D%3D&timestamp=1566894450363 yoxwechatbusinessModel::set_user:BEGIN
[2019-08-27 16:27:31] trace  /app/ewei_shopv2_api.php?i=2&r=yoxwechatbusiness&isajax=1&comefrom=wxapp&openid=sns_wa_oWJzS5G_1X53M3ZNszbG6lrzKx5c&mid=&merchid=&authkey=YjdkNktoSlM4UVdHMjByUzcvcEFDbS82NUdaZzZxQktIT1piSXloeDl1YlFHUzEyYjMvWU9wZndpQzJqZkFkMm1sZk1haG9MRkQ1eHp5blhvWjhPbGZPUXJqTQ%3D%3D&timestamp=1566894450363 yoxwechatbusinessModel::set_user:END
[2019-08-27 16:28:06] trace  /app/ewei_shopv2_api.php?i=2&r=shop.get_hasnewcoupon&comefrom=wxapp&openid=sns_wa_oWJzS5G_1X53M3ZNszbG6lrzKx5c&mid=&merchid=&authkey=OTRkZTZRNFZZTWRBUktFQ3BudGhpMis1RFh4T3pTTnNybnhvZ2VLUkRKS0xhdHpoZnhPWU9tZE5QUUZ4U0JnV0dCeTNUMHRTcFpTVTJvR1JsYmZrMHJsNm1oQQ%3D%3D&timestamp=1566894485530 yoxwechatbusinessModel::set_user:BEGIN
[2019-08-27 16:28:06] trace  /app/ewei_shopv2_api.php?i=2&r=shop.get_hasnewcoupon&comefrom=wxapp&openid=sns_wa_oWJzS5G_1X53M3ZNszbG6lrzKx5c&mid=&merchid=&authkey=OTRkZTZRNFZZTWRBUktFQ3BudGhpMis1RFh4T3pTTnNybnhvZ2VLUkRKS0xhdHpoZnhPWU9tZE5QUUZ4U0JnV0dCeTNUMHRTcFpTVTJvR1JsYmZrMHJsNm1oQQ%3D%3D&timestamp=1566894485530 yoxwechatbusinessModel::set_user:END
[2019-08-27 16:28:06] trace  /app/ewei_shopv2_api.php?i=2&r=shop.get_shopindex&comefrom=wxapp&openid=sns_wa_oWJzS5G_1X53M3ZNszbG6lrzKx5c&mid=&merchid=&authkey=OTRkZTZRNFZZTWRBUktFQ3BudGhpMis1RFh4T3pTTnNybnhvZ2VLUkRKS0xhdHpoZnhPWU9tZE5QUUZ4U0JnV0dCeTNUMHRTcFpTVTJvR1JsYmZrMHJsNm1oQQ%3D%3D&timestamp=1566894485509 yoxwechatbusinessModel::set_user:BEGIN
[2019-08-27 16:28:06] trace  /app/ewei_shopv2_api.php?i=2&r=shop.get_shopindex&comefrom=wxapp&openid=sns_wa_oWJzS5G_1X53M3ZNszbG6lrzKx5c&mid=&merchid=&authkey=OTRkZTZRNFZZTWRBUktFQ3BudGhpMis1RFh4T3pTTnNybnhvZ2VLUkRKS0xhdHpoZnhPWU9tZE5QUUZ4U0JnV0dCeTNUMHRTcFpTVTJvR1JsYmZrMHJsNm1oQQ%3D%3D&timestamp=1566894485509 yoxwechatbusinessModel::set_user:END
[2019-08-27 16:28:06] trace  /app/ewei_shopv2_api.php?i=2&r=shop.get_cpinfos&comefrom=wxapp&openid=sns_wa_oWJzS5G_1X53M3ZNszbG6lrzKx5c&mid=&merchid=&authkey=OTRkZTZRNFZZTWRBUktFQ3BudGhpMis1RFh4T3pTTnNybnhvZ2VLUkRKS0xhdHpoZnhPWU9tZE5QUUZ4U0JnV0dCeTNUMHRTcFpTVTJvR1JsYmZrMHJsNm1oQQ%3D%3D&timestamp=1566894485553 yoxwechatbusinessModel::set_user:BEGIN
[2019-08-27 16:28:06] trace  /app/ewei_shopv2_api.php?i=2&r=shop.get_cpinfos&comefrom=wxapp&openid=sns_wa_oWJzS5G_1X53M3ZNszbG6lrzKx5c&mid=&merchid=&authkey=OTRkZTZRNFZZTWRBUktFQ3BudGhpMis1RFh4T3pTTnNybnhvZ2VLUkRKS0xhdHpoZnhPWU9tZE5QUUZ4U0JnV0dCeTNUMHRTcFpTVTJvR1JsYmZrMHJsNm1oQQ%3D%3D&timestamp=1566894485553 yoxwechatbusinessModel::set_user:END
[2019-08-27 16:28:10] trace  /app/ewei_shopv2_api.php?i=2&r=diypage&type=home&comefrom=wxapp&openid=sns_wa_oWJzS5G_1X53M3ZNszbG6lrzKx5c&mid=&merchid=&authkey=&timestamp=1566894489646 yoxwechatbusinessModel::set_user:BEGIN
[2019-08-27 16:28:10] trace  /app/ewei_shopv2_api.php?i=2&r=diypage&type=home&comefrom=wxapp&openid=sns_wa_oWJzS5G_1X53M3ZNszbG6lrzKx5c&mid=&merchid=&authkey=&timestamp=1566894489646 yoxwechatbusinessModel::set_user:END
[2019-08-27 16:28:10] trace  /app/ewei_shopv2_api.php?i=2&r=black&comefrom=wxapp&openid=sns_wa_oWJzS5G_1X53M3ZNszbG6lrzKx5c&mid=&merchid=&authkey=&timestamp=1566894489610 yoxwechatbusinessModel::set_user:BEGIN
[2019-08-27 16:28:10] trace  /app/ewei_shopv2_api.php?i=2&r=black&comefrom=wxapp&openid=sns_wa_oWJzS5G_1X53M3ZNszbG6lrzKx5c&mid=&merchid=&authkey=&timestamp=1566894489610 yoxwechatbusinessModel::set_user:END
[2019-08-27 16:28:11] trace  /app/ewei_shopv2_api.php?i=2&r=shop.get_cpinfos&comefrom=wxapp&openid=sns_wa_oWJzS5G_1X53M3ZNszbG6lrzKx5c&mid=&merchid=&authkey=&timestamp=1566894489714 yoxwechatbusinessModel::set_user:BEGIN
[2019-08-27 16:28:11] trace  /app/ewei_shopv2_api.php?i=2&r=shop.get_cpinfos&comefrom=wxapp&openid=sns_wa_oWJzS5G_1X53M3ZNszbG6lrzKx5c&mid=&merchid=&authkey=&timestamp=1566894489714 yoxwechatbusinessModel::set_user:END
[2019-08-27 16:28:11] trace  /app/ewei_shopv2_api.php?i=2&r=shop.get_hasnewcoupon&comefrom=wxapp&openid=sns_wa_oWJzS5G_1X53M3ZNszbG6lrzKx5c&mid=&merchid=&authkey=&timestamp=1566894489700 yoxwechatbusinessModel::set_user:BEGIN
[2019-08-27 16:28:11] trace  /app/ewei_shopv2_api.php?i=2&r=shop.get_hasnewcoupon&comefrom=wxapp&openid=sns_wa_oWJzS5G_1X53M3ZNszbG6lrzKx5c&mid=&merchid=&authkey=&timestamp=1566894489700 yoxwechatbusinessModel::set_user:END
[2019-08-27 16:28:11] trace  /app/ewei_shopv2_api.php?i=2&r=shop.get_shopindex&comefrom=wxapp&openid=sns_wa_oWJzS5G_1X53M3ZNszbG6lrzKx5c&mid=&merchid=&authkey=&timestamp=1566894489687 yoxwechatbusinessModel::set_user:BEGIN
[2019-08-27 16:28:11] trace  /app/ewei_shopv2_api.php?i=2&r=shop.get_shopindex&comefrom=wxapp&openid=sns_wa_oWJzS5G_1X53M3ZNszbG6lrzKx5c&mid=&merchid=&authkey=&timestamp=1566894489687 yoxwechatbusinessModel::set_user:END
[2019-08-27 16:28:15] trace  /app/ewei_shopv2_api.php?i=2&r=yoxwechatbusiness&isajax=1&comefrom=wxapp&openid=sns_wa_oWJzS5G_1X53M3ZNszbG6lrzKx5c&mid=&merchid=&authkey=&timestamp=1566894493872 yoxwechatbusinessModel::set_user:BEGIN
[2019-08-27 16:28:15] trace  /app/ewei_shopv2_api.php?i=2&r=yoxwechatbusiness&isajax=1&comefrom=wxapp&openid=sns_wa_oWJzS5G_1X53M3ZNszbG6lrzKx5c&mid=&merchid=&authkey=&timestamp=1566894493872 yoxwechatbusinessModel::set_user:END
[2019-08-27 16:28:15] trace  /app/ewei_shopv2_api.php?i=2&r=bargain.act&comefrom=wxapp&openid=sns_wa_oWJzS5G_1X53M3ZNszbG6lrzKx5c&mid=&merchid=&authkey=&timestamp=1566894493886 yoxwechatbusinessModel::set_user:BEGIN
[2019-08-27 16:28:15] trace  /app/ewei_shopv2_api.php?i=2&r=bargain.act&comefrom=wxapp&openid=sns_wa_oWJzS5G_1X53M3ZNszbG6lrzKx5c&mid=&merchid=&authkey=&timestamp=1566894493886 yoxwechatbusinessModel::set_user:END
[2019-08-27 16:28:24] trace  /app/ewei_shopv2_api.php?i=2&r=yoxwechatbusiness.user.my_info&isajax=1&comefrom=wxapp&openid=sns_wa_oWJzS5G_1X53M3ZNszbG6lrzKx5c&mid=&merchid=&authkey=&timestamp=1566894502811 yoxwechatbusinessModel::set_user:BEGIN
[2019-08-27 16:28:24] trace  /app/ewei_shopv2_api.php?i=2&r=yoxwechatbusiness.user.my_info&isajax=1&comefrom=wxapp&openid=sns_wa_oWJzS5G_1X53M3ZNszbG6lrzKx5c&mid=&merchid=&authkey=&timestamp=1566894502811 yoxwechatbusinessModel::set_user:END
[2019-08-27 16:28:33] trace  /app/ewei_shopv2_api.php?i=2&r=black&comefrom=wxapp&openid=sns_wa_oWJzS5G_1X53M3ZNszbG6lrzKx5c&mid=&merchid=&authkey=&timestamp=1566894511801 yoxwechatbusinessModel::set_user:BEGIN
[2019-08-27 16:28:33] trace  /app/ewei_shopv2_api.php?i=2&r=black&comefrom=wxapp&openid=sns_wa_oWJzS5G_1X53M3ZNszbG6lrzKx5c&mid=&merchid=&authkey=&timestamp=1566894511801 yoxwechatbusinessModel::set_user:END
[2019-08-27 16:28:33] trace  /app/ewei_shopv2_api.php?i=2&r=diypage&type=home&comefrom=wxapp&openid=sns_wa_oWJzS5G_1X53M3ZNszbG6lrzKx5c&mid=&merchid=&authkey=&timestamp=1566894511844 yoxwechatbusinessModel::set_user:BEGIN
[2019-08-27 16:28:33] trace  /app/ewei_shopv2_api.php?i=2&r=diypage&type=home&comefrom=wxapp&openid=sns_wa_oWJzS5G_1X53M3ZNszbG6lrzKx5c&mid=&merchid=&authkey=&timestamp=1566894511844 yoxwechatbusinessModel::set_user:END
[2019-08-27 16:28:33] trace  /app/ewei_shopv2_api.php?i=2&r=shop.get_hasnewcoupon&comefrom=wxapp&openid=sns_wa_oWJzS5G_1X53M3ZNszbG6lrzKx5c&mid=&merchid=&authkey=&timestamp=1566894511917 yoxwechatbusinessModel::set_user:BEGIN
[2019-08-27 16:28:33] trace  /app/ewei_shopv2_api.php?i=2&r=shop.get_hasnewcoupon&comefrom=wxapp&openid=sns_wa_oWJzS5G_1X53M3ZNszbG6lrzKx5c&mid=&merchid=&authkey=&timestamp=1566894511917 yoxwechatbusinessModel::set_user:END
[2019-08-27 16:28:33] trace  /app/ewei_shopv2_api.php?i=2&r=shop.get_shopindex&comefrom=wxapp&openid=sns_wa_oWJzS5G_1X53M3ZNszbG6lrzKx5c&mid=&merchid=&authkey=&timestamp=1566894511893 yoxwechatbusinessModel::set_user:BEGIN
[2019-08-27 16:28:33] trace  /app/ewei_shopv2_api.php?i=2&r=shop.get_shopindex&comefrom=wxapp&openid=sns_wa_oWJzS5G_1X53M3ZNszbG6lrzKx5c&mid=&merchid=&authkey=&timestamp=1566894511893 yoxwechatbusinessModel::set_user:END
[2019-08-27 16:28:38] trace  /app/ewei_shopv2_api.php?i=2&r=shop.get_cpinfos&comefrom=wxapp&openid=sns_wa_oWJzS5G_1X53M3ZNszbG6lrzKx5c&mid=&merchid=&authkey=&timestamp=1566894511961 yoxwechatbusinessModel::set_user:BEGIN
[2019-08-27 16:28:38] trace  /app/ewei_shopv2_api.php?i=2&r=shop.get_cpinfos&comefrom=wxapp&openid=sns_wa_oWJzS5G_1X53M3ZNszbG6lrzKx5c&mid=&merchid=&authkey=&timestamp=1566894511961 yoxwechatbusinessModel::set_user:END
[2019-08-27 16:28:40] trace  /app/ewei_shopv2_api.php?i=2&r=shop.get_category&comefrom=wxapp&openid=sns_wa_oWJzS5G_1X53M3ZNszbG6lrzKx5c&mid=&merchid=&authkey=&timestamp=1566894519718 yoxwechatbusinessModel::set_user:BEGIN
[2019-08-27 16:28:40] trace  /app/ewei_shopv2_api.php?i=2&r=shop.get_category&comefrom=wxapp&openid=sns_wa_oWJzS5G_1X53M3ZNszbG6lrzKx5c&mid=&merchid=&authkey=&timestamp=1566894519718 yoxwechatbusinessModel::set_user:END
[2019-08-27 16:28:48] trace  /app/ewei_shopv2_api.php?i=2&r=shop.get_hasnewcoupon&comefrom=wxapp&openid=sns_wa_oWJzS5G_1X53M3ZNszbG6lrzKx5c&mid=&merchid=&authkey=&timestamp=1566894527244 yoxwechatbusinessModel::set_user:BEGIN
[2019-08-27 16:28:48] trace  /app/ewei_shopv2_api.php?i=2&r=shop.get_hasnewcoupon&comefrom=wxapp&openid=sns_wa_oWJzS5G_1X53M3ZNszbG6lrzKx5c&mid=&merchid=&authkey=&timestamp=1566894527244 yoxwechatbusinessModel::set_user:END
[2019-08-27 16:28:48] trace  /app/ewei_shopv2_api.php?i=2&r=shop.get_shopindex&comefrom=wxapp&openid=sns_wa_oWJzS5G_1X53M3ZNszbG6lrzKx5c&mid=&merchid=&authkey=&timestamp=1566894527217 yoxwechatbusinessModel::set_user:BEGIN
[2019-08-27 16:28:48] trace  /app/ewei_shopv2_api.php?i=2&r=shop.get_shopindex&comefrom=wxapp&openid=sns_wa_oWJzS5G_1X53M3ZNszbG6lrzKx5c&mid=&merchid=&authkey=&timestamp=1566894527217 yoxwechatbusinessModel::set_user:END
[2019-08-27 16:28:48] trace  /app/ewei_shopv2_api.php?i=2&r=shop.get_cpinfos&comefrom=wxapp&openid=sns_wa_oWJzS5G_1X53M3ZNszbG6lrzKx5c&mid=&merchid=&authkey=&timestamp=1566894527264 yoxwechatbusinessModel::set_user:BEGIN
[2019-08-27 16:28:48] trace  /app/ewei_shopv2_api.php?i=2&r=shop.get_cpinfos&comefrom=wxapp&openid=sns_wa_oWJzS5G_1X53M3ZNszbG6lrzKx5c&mid=&merchid=&authkey=&timestamp=1566894527264 yoxwechatbusinessModel::set_user:END
[2019-08-27 16:28:50] trace  /app/ewei_shopv2_api.php?i=2&r=yoxwechatbusiness&isajax=1&comefrom=wxapp&openid=sns_wa_oWJzS5G_1X53M3ZNszbG6lrzKx5c&mid=&merchid=&authkey=&timestamp=1566894528842 yoxwechatbusinessModel::set_user:BEGIN
[2019-08-27 16:28:50] trace  /app/ewei_shopv2_api.php?i=2&r=yoxwechatbusiness&isajax=1&comefrom=wxapp&openid=sns_wa_oWJzS5G_1X53M3ZNszbG6lrzKx5c&mid=&merchid=&authkey=&timestamp=1566894528842 yoxwechatbusinessModel::set_user:END
[2019-08-27 16:28:50] trace  /app/ewei_shopv2_api.php?i=2&r=bargain.act&comefrom=wxapp&openid=sns_wa_oWJzS5G_1X53M3ZNszbG6lrzKx5c&mid=&merchid=&authkey=&timestamp=1566894528871 yoxwechatbusinessModel::set_user:BEGIN
[2019-08-27 16:28:50] trace  /app/ewei_shopv2_api.php?i=2&r=bargain.act&comefrom=wxapp&openid=sns_wa_oWJzS5G_1X53M3ZNszbG6lrzKx5c&mid=&merchid=&authkey=&timestamp=1566894528871 yoxwechatbusinessModel::set_user:END
[2019-08-27 16:28:57] trace  /app/ewei_shopv2_api.php?i=2&r=groups&comefrom=wxapp&openid=sns_wa_oWJzS5G_1X53M3ZNszbG6lrzKx5c&mid=&merchid=&authkey=&timestamp=1566894536104 yoxwechatbusinessModel::set_user:BEGIN
[2019-08-27 16:28:57] trace  /app/ewei_shopv2_api.php?i=2&r=groups&comefrom=wxapp&openid=sns_wa_oWJzS5G_1X53M3ZNszbG6lrzKx5c&mid=&merchid=&authkey=&timestamp=1566894536104 yoxwechatbusinessModel::set_user:END
[2019-08-27 16:29:05] trace  /app/ewei_shopv2_api.php?i=2&r=groups.team&success=&page=1&comefrom=wxapp&openid=sns_wa_oWJzS5G_1X53M3ZNszbG6lrzKx5c&mid=&merchid=&authkey=&timestamp=1566894543857 yoxwechatbusinessModel::set_user:BEGIN
[2019-08-27 16:29:05] trace  /app/ewei_shopv2_api.php?i=2&r=groups.team&success=&page=1&comefrom=wxapp&openid=sns_wa_oWJzS5G_1X53M3ZNszbG6lrzKx5c&mid=&merchid=&authkey=&timestamp=1566894543857 yoxwechatbusinessModel::set_user:END
[2019-08-27 16:29:08] trace  /app/ewei_shopv2_api.php?i=2&r=groups.team&success=1&page=1&comefrom=wxapp&openid=sns_wa_oWJzS5G_1X53M3ZNszbG6lrzKx5c&mid=&merchid=&authkey=&timestamp=1566894546771 yoxwechatbusinessModel::set_user:BEGIN
[2019-08-27 16:29:08] trace  /app/ewei_shopv2_api.php?i=2&r=groups.team&success=1&page=1&comefrom=wxapp&openid=sns_wa_oWJzS5G_1X53M3ZNszbG6lrzKx5c&mid=&merchid=&authkey=&timestamp=1566894546771 yoxwechatbusinessModel::set_user:END
[2019-08-27 16:29:09] trace  /app/ewei_shopv2_api.php?i=2&r=groups.team&success=-1&page=1&comefrom=wxapp&openid=sns_wa_oWJzS5G_1X53M3ZNszbG6lrzKx5c&mid=&merchid=&authkey=&timestamp=1566894548020 yoxwechatbusinessModel::set_user:BEGIN
[2019-08-27 16:29:09] trace  /app/ewei_shopv2_api.php?i=2&r=groups.team&success=-1&page=1&comefrom=wxapp&openid=sns_wa_oWJzS5G_1X53M3ZNszbG6lrzKx5c&mid=&merchid=&authkey=&timestamp=1566894548020 yoxwechatbusinessModel::set_user:END
[2019-08-27 16:29:10] trace  /app/ewei_shopv2_api.php?i=2&r=groups.team&success=0&page=1&comefrom=wxapp&openid=sns_wa_oWJzS5G_1X53M3ZNszbG6lrzKx5c&mid=&merchid=&authkey=&timestamp=1566894548890 yoxwechatbusinessModel::set_user:BEGIN
[2019-08-27 16:29:10] trace  /app/ewei_shopv2_api.php?i=2&r=groups.team&success=0&page=1&comefrom=wxapp&openid=sns_wa_oWJzS5G_1X53M3ZNszbG6lrzKx5c&mid=&merchid=&authkey=&timestamp=1566894548890 yoxwechatbusinessModel::set_user:END
[2019-08-27 16:29:31] trace  /app/ewei_shopv2_api.php?i=2&r=seckill.get_list&comefrom=wxapp&openid=sns_wa_oWJzS5G_1X53M3ZNszbG6lrzKx5c&mid=&merchid=&authkey=&timestamp=1566894570078 yoxwechatbusinessModel::set_user:BEGIN
[2019-08-27 16:29:31] trace  /app/ewei_shopv2_api.php?i=2&r=seckill.get_list&comefrom=wxapp&openid=sns_wa_oWJzS5G_1X53M3ZNszbG6lrzKx5c&mid=&merchid=&authkey=&timestamp=1566894570078 yoxwechatbusinessModel::set_user:END
[2019-08-27 16:29:49] trace  /app/ewei_shopv2_api.php?i=2&r=order.get_list&page=1&status=&merchid=&comefrom=wxapp&openid=sns_wa_oWJzS5G_1X53M3ZNszbG6lrzKx5c&mid=&authkey=&timestamp=1566894588293 yoxwechatbusinessModel::set_user:BEGIN
[2019-08-27 16:29:49] trace  /app/ewei_shopv2_api.php?i=2&r=order.get_list&page=1&status=&merchid=&comefrom=wxapp&openid=sns_wa_oWJzS5G_1X53M3ZNszbG6lrzKx5c&mid=&authkey=&timestamp=1566894588293 yoxwechatbusinessModel::set_user:END
[2019-08-27 16:36:07] trace  /app/ewei_shopv2_api.php?i=2&r=cacheset&version=&comefrom=wxapp&openid=sns_wa_oWJzS5CNdn0mGL6tOKvqPNp_Xsh0&mid=&merchid=&authkey=M2QzYTJTd0hmVFdjMWZUTE9TQno5N2dVOFhISmd6T0FyOGtLU3JMTk5YZ3JERE9uYWxsT1IzbVpwdUpSQTJyYk1sZ2ZBNnhkcGJaTVhKanp6eHRkNEQvMk5VcXlyYjNTUWVjVlR0THV3azVoWkE%3D&timestamp=1566894967578 yoxwechatbusinessModel::set_user:BEGIN
[2019-08-27 16:36:07] trace  /app/ewei_shopv2_api.php?i=2&r=cacheset&version=&comefrom=wxapp&openid=sns_wa_oWJzS5CNdn0mGL6tOKvqPNp_Xsh0&mid=&merchid=&authkey=NzI3ODN6RkxOSFpBZWJibnRNNHo0Y01NdzJEUzBubSs0UFdiczZ0QllaWDQ4SFZQdG5WOVdKa3NSbVZ1RjBKWlM4UVlMZUNV&timestamp=1566894966831 yoxwechatbusinessModel::set_user:BEGIN
[2019-08-27 16:36:12] trace  /app/ewei_shopv2_api.php?i=2&r=black&comefrom=wxapp&openid=sns_wa_oWJzS5CNdn0mGL6tOKvqPNp_Xsh0&mid=&merchid=&authkey=&timestamp=1566894972444 yoxwechatbusinessModel::set_user:BEGIN
[2019-08-27 16:36:12] trace  /app/ewei_shopv2_api.php?i=2&r=diypage&type=home&comefrom=wxapp&openid=sns_wa_oWJzS5CNdn0mGL6tOKvqPNp_Xsh0&mid=&merchid=&authkey=&timestamp=1566894972448 yoxwechatbusinessModel::set_user:BEGIN
[2019-08-27 16:36:12] trace  /app/ewei_shopv2_api.php?i=2&r=shop.get_shopindex&comefrom=wxapp&openid=sns_wa_oWJzS5CNdn0mGL6tOKvqPNp_Xsh0&mid=&merchid=&authkey=&timestamp=1566894972451 yoxwechatbusinessModel::set_user:BEGIN
[2019-08-27 16:36:12] trace  /app/ewei_shopv2_api.php?i=2&r=shop.get_hasnewcoupon&comefrom=wxapp&openid=sns_wa_oWJzS5CNdn0mGL6tOKvqPNp_Xsh0&mid=&merchid=&authkey=&timestamp=1566894972453 yoxwechatbusinessModel::set_user:BEGIN
[2019-08-27 16:36:12] trace  /app/ewei_shopv2_api.php?i=2&r=shop.get_cpinfos&comefrom=wxapp&openid=sns_wa_oWJzS5CNdn0mGL6tOKvqPNp_Xsh0&mid=&merchid=&authkey=&timestamp=1566894972454 yoxwechatbusinessModel::set_user:BEGIN
[2019-08-27 16:36:14] trace  /app/ewei_shopv2_api.php?i=2&r=diypage&type=home&comefrom=wxapp&openid=sns_wa_oWJzS5CNdn0mGL6tOKvqPNp_Xsh0&mid=&merchid=&authkey=MmY5ZDVhWnd0bUkwUVpGZVdPcCtERjZUcUlEQmpiZVhRRlVYUDcydTNWMmkwTWQ0QXRJL3YzTDJwNzVaTHMxZ2NjTnY5dWRNSnhncGU3YkwzbHdBa2xVMSt0L0dpODAvcmdzbkxFV00yN0JZUnc%3D&timestamp=1566894974153 yoxwechatbusinessModel::set_user:BEGIN
[2019-08-27 16:37:03] trace  /app/ewei_shopv2_api.php?i=2&r=diypage&type=home&comefrom=wxapp&openid=sns_wa_oWJzS5CNdn0mGL6tOKvqPNp_Xsh0&mid=&merchid=&authkey=&timestamp=1566895022899 yoxwechatbusinessModel::set_user:BEGIN
[2019-08-27 16:37:32] trace  /app/ewei_shopv2_api.php?i=2&r=diypage&type=home&comefrom=wxapp&openid=sns_wa_oWJzS5CNdn0mGL6tOKvqPNp_Xsh0&mid=&merchid=&authkey=&timestamp=1566895050708 yoxwechatbusinessModel::set_user:BEGIN
[2019-08-27 16:37:35] trace  /app/ewei_shopv2_api.php?i=2&r=diypage&type=7&comefrom=wxapp&openid=sns_wa_oWJzS5CNdn0mGL6tOKvqPNp_Xsh0&mid=&merchid=&authkey=&timestamp=1566895055402 yoxwechatbusinessModel::set_user:BEGIN
[2019-08-27 16:37:35] trace  /app/ewei_shopv2_api.php?i=2&r=diypage&id=7&comefrom=wxapp&openid=sns_wa_oWJzS5CNdn0mGL6tOKvqPNp_Xsh0&mid=&merchid=&authkey=&timestamp=1566895055409 yoxwechatbusinessModel::set_user:BEGIN
[2019-08-27 16:37:37] trace  /app/ewei_shopv2_api.php?i=2&r=shop.get_shopindex&comefrom=wxapp&openid=sns_wa_oWJzS5CNdn0mGL6tOKvqPNp_Xsh0&mid=&merchid=&authkey=&timestamp=1566895057354 yoxwechatbusinessModel::set_user:BEGIN
[2019-08-27 16:37:37] trace  /app/ewei_shopv2_api.php?i=2&r=shop.get_hasnewcoupon&comefrom=wxapp&openid=sns_wa_oWJzS5CNdn0mGL6tOKvqPNp_Xsh0&mid=&merchid=&authkey=&timestamp=1566895057358 yoxwechatbusinessModel::set_user:BEGIN
[2019-08-27 16:37:37] trace  /app/ewei_shopv2_api.php?i=2&r=shop.get_cpinfos&comefrom=wxapp&openid=sns_wa_oWJzS5CNdn0mGL6tOKvqPNp_Xsh0&mid=&merchid=&authkey=&timestamp=1566895057360 yoxwechatbusinessModel::set_user:BEGIN
[2019-08-27 16:37:38] trace  /app/ewei_shopv2_api.php?i=2&r=diypage&type=6&comefrom=wxapp&openid=sns_wa_oWJzS5CNdn0mGL6tOKvqPNp_Xsh0&mid=&merchid=&authkey=&timestamp=1566895058257 yoxwechatbusinessModel::set_user:BEGIN
[2019-08-27 16:37:38] trace  /app/ewei_shopv2_api.php?i=2&r=diypage&id=6&comefrom=wxapp&openid=sns_wa_oWJzS5CNdn0mGL6tOKvqPNp_Xsh0&mid=&merchid=&authkey=&timestamp=1566895058263 yoxwechatbusinessModel::set_user:BEGIN
[2019-08-27 16:37:39] trace  /app/ewei_shopv2_api.php?i=2&r=shop.get_shopindex&comefrom=wxapp&openid=sns_wa_oWJzS5CNdn0mGL6tOKvqPNp_Xsh0&mid=&merchid=&authkey=&timestamp=1566895059630 yoxwechatbusinessModel::set_user:BEGIN
[2019-08-27 16:37:39] trace  /app/ewei_shopv2_api.php?i=2&r=shop.get_hasnewcoupon&comefrom=wxapp&openid=sns_wa_oWJzS5CNdn0mGL6tOKvqPNp_Xsh0&mid=&merchid=&authkey=&timestamp=1566895059633 yoxwechatbusinessModel::set_user:BEGIN
[2019-08-27 16:37:39] trace  /app/ewei_shopv2_api.php?i=2&r=shop.get_cpinfos&comefrom=wxapp&openid=sns_wa_oWJzS5CNdn0mGL6tOKvqPNp_Xsh0&mid=&merchid=&authkey=&timestamp=1566895059634 yoxwechatbusinessModel::set_user:BEGIN
[2019-08-27 16:38:36] trace  /app/ewei_shopv2_api.php?i=2&r=shop.get_shopindex&comefrom=wxapp&openid=sns_wa_oWJzS5CNdn0mGL6tOKvqPNp_Xsh0&mid=&merchid=&authkey=&timestamp=1566895116303 yoxwechatbusinessModel::set_user:BEGIN
[2019-08-27 16:38:36] trace  /app/ewei_shopv2_api.php?i=2&r=shop.get_hasnewcoupon&comefrom=wxapp&openid=sns_wa_oWJzS5CNdn0mGL6tOKvqPNp_Xsh0&mid=&merchid=&authkey=&timestamp=1566895116306 yoxwechatbusinessModel::set_user:BEGIN
[2019-08-27 16:38:36] trace  /app/ewei_shopv2_api.php?i=2&r=shop.get_cpinfos&comefrom=wxapp&openid=sns_wa_oWJzS5CNdn0mGL6tOKvqPNp_Xsh0&mid=&merchid=&authkey=&timestamp=1566895116312 yoxwechatbusinessModel::set_user:BEGIN
[2019-08-27 16:39:18] trace  /app/ewei_shopv2_api.php?i=2&r=shop.get_shopindex&comefrom=wxapp&openid=sns_wa_oWJzS5CNdn0mGL6tOKvqPNp_Xsh0&mid=&merchid=&authkey=MjA4MTgyNDhPcW1YVnV3Qlp3b3draWVyRzVRMHREbnpsMk9ZM2xXRVp4S3psSVkzQUMvaTVFempMaFNNNFpGMmxhbGYwWWRSeTVzb0k0TDZRdStNS0VCcktHcWNVS3dWb01Hc2RzRklKOUZnMEE%3D&timestamp=1566895157816 yoxwechatbusinessModel::set_user:BEGIN
[2019-08-27 16:39:18] trace  /app/ewei_shopv2_api.php?i=2&r=shop.get_hasnewcoupon&comefrom=wxapp&openid=sns_wa_oWJzS5CNdn0mGL6tOKvqPNp_Xsh0&mid=&merchid=&authkey=MjA4MTgyNDhPcW1YVnV3Qlp3b3draWVyRzVRMHREbnpsMk9ZM2xXRVp4S3psSVkzQUMvaTVFempMaFNNNFpGMmxhbGYwWWRSeTVzb0k0TDZRdStNS0VCcktHcWNVS3dWb01Hc2RzRklKOUZnMEE%3D&timestamp=1566895157822 yoxwechatbusinessModel::set_user:BEGIN
[2019-08-27 16:39:18] trace  /app/ewei_shopv2_api.php?i=2&r=shop.get_cpinfos&comefrom=wxapp&openid=sns_wa_oWJzS5CNdn0mGL6tOKvqPNp_Xsh0&mid=&merchid=&authkey=MjA4MTgyNDhPcW1YVnV3Qlp3b3draWVyRzVRMHREbnpsMk9ZM2xXRVp4S3psSVkzQUMvaTVFempMaFNNNFpGMmxhbGYwWWRSeTVzb0k0TDZRdStNS0VCcktHcWNVS3dWb01Hc2RzRklKOUZnMEE%3D&timestamp=1566895157829 yoxwechatbusinessModel::set_user:BEGIN
[2019-08-27 16:39:43] trace  /app/ewei_shopv2_api.php?i=2&r=diypage&type=home&comefrom=wxapp&openid=sns_wa_oWJzS5CNdn0mGL6tOKvqPNp_Xsh0&mid=&merchid=&authkey=NDk1NHJzK3lSTkF1ckwrbWRsaVZMcmNIQTk4dk5RRm5kckVDRlZUeDh0d0I5R2JzRnFBdkRMQktZMUJ2NmxzNldNejdZdFBEcE9abEtFSCs3VzR6SCt3RVp5eVBvYlZGMmlHTWtEWjFUNFBHSXc%3D&timestamp=1566895182917 yoxwechatbusinessModel::set_user:BEGIN
[2019-08-27 17:10:17] trace  /app/ewei_shopv2_api.php?i=2&r=black&comefrom=wxapp&openid=sns_wa_oWJzS5H4n1EHkn_NIDxKJBS1xAYQ&authkey=ZWNmM0tVdjBNYWt1enFjdkRzeHBDdzczbDdDYklkUFR2cmZPRUJoRUtBcUx3engzN0tpZU43a25uVWFGT0RSNHN4SjZFTEs0WFY1bC83RTB3TW84Q0pJT1FrSQ%3D%3D&timestamp=1566897017199 yoxwechatbusinessModel::set_user:BEGIN
[2019-08-27 17:10:17] trace  /app/ewei_shopv2_api.php?i=2&r=black&comefrom=wxapp&openid=sns_wa_oWJzS5H4n1EHkn_NIDxKJBS1xAYQ&authkey=ZWNmM0tVdjBNYWt1enFjdkRzeHBDdzczbDdDYklkUFR2cmZPRUJoRUtBcUx3engzN0tpZU43a25uVWFGT0RSNHN4SjZFTEs0WFY1bC83RTB3TW84Q0pJT1FrSQ%3D%3D&timestamp=1566897017199 yoxwechatbusinessModel::set_user:END
[2019-08-27 17:10:17] trace  /app/ewei_shopv2_api.php?i=2&r=diypage&type=home&comefrom=wxapp&openid=sns_wa_oWJzS5H4n1EHkn_NIDxKJBS1xAYQ&mid=&merchid=&authkey=ZWNmM0tVdjBNYWt1enFjdkRzeHBDdzczbDdDYklkUFR2cmZPRUJoRUtBcUx3engzN0tpZU43a25uVWFGT0RSNHN4SjZFTEs0WFY1bC83RTB3TW84Q0pJT1FrSQ%3D%3D&timestamp=1566897017210 yoxwechatbusinessModel::set_user:BEGIN
[2019-08-27 17:10:17] trace  /app/ewei_shopv2_api.php?i=2&r=diypage&type=home&comefrom=wxapp&openid=sns_wa_oWJzS5H4n1EHkn_NIDxKJBS1xAYQ&mid=&merchid=&authkey=ZWNmM0tVdjBNYWt1enFjdkRzeHBDdzczbDdDYklkUFR2cmZPRUJoRUtBcUx3engzN0tpZU43a25uVWFGT0RSNHN4SjZFTEs0WFY1bC83RTB3TW84Q0pJT1FrSQ%3D%3D&timestamp=1566897017210 yoxwechatbusinessModel::set_user:END
[2019-08-27 17:10:17] trace  /app/ewei_shopv2_api.php?i=2&r=shop.get_hasnewcoupon&comefrom=wxapp&openid=sns_wa_oWJzS5H4n1EHkn_NIDxKJBS1xAYQ&mid=&merchid=&authkey=ZWNmM0tVdjBNYWt1enFjdkRzeHBDdzczbDdDYklkUFR2cmZPRUJoRUtBcUx3engzN0tpZU43a25uVWFGT0RSNHN4SjZFTEs0WFY1bC83RTB3TW84Q0pJT1FrSQ%3D%3D&timestamp=1566897017235 yoxwechatbusinessModel::set_user:BEGIN
[2019-08-27 17:10:17] trace  /app/ewei_shopv2_api.php?i=2&r=shop.get_hasnewcoupon&comefrom=wxapp&openid=sns_wa_oWJzS5H4n1EHkn_NIDxKJBS1xAYQ&mid=&merchid=&authkey=ZWNmM0tVdjBNYWt1enFjdkRzeHBDdzczbDdDYklkUFR2cmZPRUJoRUtBcUx3engzN0tpZU43a25uVWFGT0RSNHN4SjZFTEs0WFY1bC83RTB3TW84Q0pJT1FrSQ%3D%3D&timestamp=1566897017235 yoxwechatbusinessModel::set_user:END
[2019-08-27 17:10:17] trace  /app/ewei_shopv2_api.php?i=2&r=shop.get_shopindex&comefrom=wxapp&openid=sns_wa_oWJzS5H4n1EHkn_NIDxKJBS1xAYQ&mid=&merchid=&authkey=ZWNmM0tVdjBNYWt1enFjdkRzeHBDdzczbDdDYklkUFR2cmZPRUJoRUtBcUx3engzN0tpZU43a25uVWFGT0RSNHN4SjZFTEs0WFY1bC83RTB3TW84Q0pJT1FrSQ%3D%3D&timestamp=1566897017232 yoxwechatbusinessModel::set_user:BEGIN
[2019-08-27 17:10:17] trace  /app/ewei_shopv2_api.php?i=2&r=shop.get_shopindex&comefrom=wxapp&openid=sns_wa_oWJzS5H4n1EHkn_NIDxKJBS1xAYQ&mid=&merchid=&authkey=ZWNmM0tVdjBNYWt1enFjdkRzeHBDdzczbDdDYklkUFR2cmZPRUJoRUtBcUx3engzN0tpZU43a25uVWFGT0RSNHN4SjZFTEs0WFY1bC83RTB3TW84Q0pJT1FrSQ%3D%3D&timestamp=1566897017232 yoxwechatbusinessModel::set_user:END
[2019-08-27 17:10:18] trace  /app/ewei_shopv2_api.php?i=2&r=shop.get_cpinfos&comefrom=wxapp&openid=sns_wa_oWJzS5H4n1EHkn_NIDxKJBS1xAYQ&mid=&merchid=&authkey=ZWNmM0tVdjBNYWt1enFjdkRzeHBDdzczbDdDYklkUFR2cmZPRUJoRUtBcUx3engzN0tpZU43a25uVWFGT0RSNHN4SjZFTEs0WFY1bC83RTB3TW84Q0pJT1FrSQ%3D%3D&timestamp=1566897017237 yoxwechatbusinessModel::set_user:BEGIN
[2019-08-27 17:10:18] trace  /app/ewei_shopv2_api.php?i=2&r=shop.get_cpinfos&comefrom=wxapp&openid=sns_wa_oWJzS5H4n1EHkn_NIDxKJBS1xAYQ&mid=&merchid=&authkey=ZWNmM0tVdjBNYWt1enFjdkRzeHBDdzczbDdDYklkUFR2cmZPRUJoRUtBcUx3engzN0tpZU43a25uVWFGT0RSNHN4SjZFTEs0WFY1bC83RTB3TW84Q0pJT1FrSQ%3D%3D&timestamp=1566897017237 yoxwechatbusinessModel::set_user:END
[2019-08-27 17:20:01] trace  /app/ewei_shopv2_api.php?i=2&r=black&comefrom=wxapp&openid=sns_wa_oWJzS5L-ygS3fvcVHWmQD6mf1pos&authkey=&timestamp=1566897567931 yoxwechatbusinessModel::set_user:BEGIN
[2019-08-27 17:20:03] trace  /app/ewei_shopv2_api.php?i=2&r=shop.get_hasnewcoupon&comefrom=wxapp&openid=sns_wa_oWJzS5L-ygS3fvcVHWmQD6mf1pos&mid=&merchid=&authkey=&timestamp=1566897568028 yoxwechatbusinessModel::set_user:BEGIN
[2019-08-27 17:20:04] trace  /app/ewei_shopv2_api.php?i=2&r=diypage&type=home&comefrom=wxapp&openid=sns_wa_oWJzS5L-ygS3fvcVHWmQD6mf1pos&mid=&merchid=&authkey=&timestamp=1566897567977 yoxwechatbusinessModel::set_user:BEGIN
[2019-08-27 17:20:04] trace  /app/ewei_shopv2_api.php?i=2&r=shop.get_shopindex&comefrom=wxapp&openid=sns_wa_oWJzS5L-ygS3fvcVHWmQD6mf1pos&mid=&merchid=&authkey=&timestamp=1566897568015 yoxwechatbusinessModel::set_user:BEGIN
[2019-08-27 17:20:05] trace  /app/ewei_shopv2_api.php?i=2&r=shop.get_cpinfos&comefrom=wxapp&openid=sns_wa_oWJzS5L-ygS3fvcVHWmQD6mf1pos&mid=&merchid=&authkey=&timestamp=1566897568040 yoxwechatbusinessModel::set_user:BEGIN
[2019-08-27 17:20:30] trace  /app/ewei_shopv2_api.php?i=2&r=shop.get_shopindex&comefrom=wxapp&openid=sns_wa_oWJzS5L-ygS3fvcVHWmQD6mf1pos&mid=&merchid=&authkey=ZWMzMCtULzZQcnIyQ2h6Wmp1cnVZWGY5TXBYSFNYRTZMV2U1YmQ3S0FMbGJZVm1CS2d3K0M3SFJtQmdTam9VWWM5emdzblN3a0tHdkFZMndoTktnZXdaNnZDYw%3D%3D&timestamp=1566897612413 yoxwechatbusinessModel::set_user:BEGIN
[2019-08-27 17:20:40] trace  /app/ewei_shopv2_api.php?i=2&r=shop.get_cpinfos&comefrom=wxapp&openid=sns_wa_oWJzS5L-ygS3fvcVHWmQD6mf1pos&mid=&merchid=&authkey=ZWMzMCtULzZQcnIyQ2h6Wmp1cnVZWGY5TXBYSFNYRTZMV2U1YmQ3S0FMbGJZVm1CS2d3K0M3SFJtQmdTam9VWWM5emdzblN3a0tHdkFZMndoTktnZXdaNnZDYw%3D%3D&timestamp=1566897612441 yoxwechatbusinessModel::set_user:BEGIN
[2019-08-27 17:20:40] trace  /app/ewei_shopv2_api.php?i=2&r=shop.get_hasnewcoupon&comefrom=wxapp&openid=sns_wa_oWJzS5L-ygS3fvcVHWmQD6mf1pos&mid=&merchid=&authkey=ZWMzMCtULzZQcnIyQ2h6Wmp1cnVZWGY5TXBYSFNYRTZMV2U1YmQ3S0FMbGJZVm1CS2d3K0M3SFJtQmdTam9VWWM5emdzblN3a0tHdkFZMndoTktnZXdaNnZDYw%3D%3D&timestamp=1566897612433 yoxwechatbusinessModel::set_user:BEGIN
[2019-08-27 17:24:27] trace  /app/ewei_shopv2_api.php?i=2&r=shop.get_shopindex&comefrom=wxapp&openid=sns_wa_oWJzS5L-ygS3fvcVHWmQD6mf1pos&mid=&merchid=&authkey=NTdjOEIwaTh0WU0wLzdINEpnNkswTWl3V1d1aFJMZUdNMlhZV21ZbThDOWt5UE16ckk4OXhYRGN0UmJpS3Iwd3JQUGw4OFRuS0NDWUZuQW41OHd3Y1pYSkZCZXhDdG1RSGJKKzhUamI4elE0NGc%3D&timestamp=1566897867281 yoxwechatbusinessModel::set_user:BEGIN
[2019-08-27 17:24:27] trace  /app/ewei_shopv2_api.php?i=2&r=shop.get_hasnewcoupon&comefrom=wxapp&openid=sns_wa_oWJzS5L-ygS3fvcVHWmQD6mf1pos&mid=&merchid=&authkey=NTdjOEIwaTh0WU0wLzdINEpnNkswTWl3V1d1aFJMZUdNMlhZV21ZbThDOWt5UE16ckk4OXhYRGN0UmJpS3Iwd3JQUGw4OFRuS0NDWUZuQW41OHd3Y1pYSkZCZXhDdG1RSGJKKzhUamI4elE0NGc%3D&timestamp=1566897867330 yoxwechatbusinessModel::set_user:BEGIN
[2019-08-27 17:24:27] trace  /app/ewei_shopv2_api.php?i=2&r=shop.get_cpinfos&comefrom=wxapp&openid=sns_wa_oWJzS5L-ygS3fvcVHWmQD6mf1pos&mid=&merchid=&authkey=NTdjOEIwaTh0WU0wLzdINEpnNkswTWl3V1d1aFJMZUdNMlhZV21ZbThDOWt5UE16ckk4OXhYRGN0UmJpS3Iwd3JQUGw4OFRuS0NDWUZuQW41OHd3Y1pYSkZCZXhDdG1RSGJKKzhUamI4elE0NGc%3D&timestamp=1566897867428 yoxwechatbusinessModel::set_user:BEGIN
[2019-08-27 17:24:49] trace  /app/ewei_shopv2_api.php?i=2&r=shop.get_shopindex&comefrom=wxapp&openid=sns_wa_oWJzS5L-ygS3fvcVHWmQD6mf1pos&mid=&merchid=&authkey=YzcwOE13eTk1amlhSGZGUWtPN0hqcitJbC84bmU2bVdiZEordU5WMlJHcUJ2bHZPc1dEOFRjRzM4Mk1tZGo2aTI3NkRFQ2R4MG1IZ2ZCeUFBNENzaDBtbXdnR3ptTUt2bjdOL3dNS1AzY0dsTGc%3D&timestamp=1566897889509 yoxwechatbusinessModel::set_user:BEGIN
[2019-08-27 17:24:49] trace  /app/ewei_shopv2_api.php?i=2&r=shop.get_hasnewcoupon&comefrom=wxapp&openid=sns_wa_oWJzS5L-ygS3fvcVHWmQD6mf1pos&mid=&merchid=&authkey=YzcwOE13eTk1amlhSGZGUWtPN0hqcitJbC84bmU2bVdiZEordU5WMlJHcUJ2bHZPc1dEOFRjRzM4Mk1tZGo2aTI3NkRFQ2R4MG1IZ2ZCeUFBNENzaDBtbXdnR3ptTUt2bjdOL3dNS1AzY0dsTGc%3D&timestamp=1566897889521 yoxwechatbusinessModel::set_user:BEGIN
[2019-08-27 17:24:49] trace  /app/ewei_shopv2_api.php?i=2&r=shop.get_cpinfos&comefrom=wxapp&openid=sns_wa_oWJzS5L-ygS3fvcVHWmQD6mf1pos&mid=&merchid=&authkey=YzcwOE13eTk1amlhSGZGUWtPN0hqcitJbC84bmU2bVdiZEordU5WMlJHcUJ2bHZPc1dEOFRjRzM4Mk1tZGo2aTI3NkRFQ2R4MG1IZ2ZCeUFBNENzaDBtbXdnR3ptTUt2bjdOL3dNS1AzY0dsTGc%3D&timestamp=1566897889541 yoxwechatbusinessModel::set_user:BEGIN
[2019-08-27 17:24:53] trace  /app/ewei_shopv2_api.php?i=2&r=shop.get_category&comefrom=wxapp&openid=sns_wa_oWJzS5L-ygS3fvcVHWmQD6mf1pos&mid=&merchid=&authkey=ZTQ0ZGVQK082Q1VZa1ZXSU5oRjk0b1A5eDVIMm85U2I3cFJQMWFVZmJ1c3piUXZDNmtxWDlmakF3djh5WEZxV1RTNTNoY0ljYkltTWdLcXN6WTJWSGhScGFKakdSOWpEb1B3bmZzSTVyWGg0aWc%3D&timestamp=1566897893493 yoxwechatbusinessModel::set_user:BEGIN
[2019-08-27 17:25:10] trace  /app/ewei_shopv2_api.php?i=2&r=black&comefrom=wxapp&openid=sns_wa_oWJzS5L-ygS3fvcVHWmQD6mf1pos&mid=&merchid=&authkey=&timestamp=1566897910393 yoxwechatbusinessModel::set_user:BEGIN
[2019-08-27 17:25:10] trace  /app/ewei_shopv2_api.php?i=2&r=diypage&type=goodsdetail&comefrom=wxapp&openid=sns_wa_oWJzS5L-ygS3fvcVHWmQD6mf1pos&mid=&merchid=&authkey=&timestamp=1566897910482 yoxwechatbusinessModel::set_user:BEGIN
[2019-08-27 17:25:13] trace  /app/ewei_shopv2_api.php?i=2&r=goods.get_detail&id=27&comefrom=wxapp&openid=sns_wa_oWJzS5L-ygS3fvcVHWmQD6mf1pos&mid=&merchid=&authkey=ZGJiN3FQcEJjbCtkR0VTOWtJQzJZVHd5Qno4V2JaZVpQODYxSjlUbUVhU0J1dHlnT3dSYmlTN2FKYXFadVRCOGNhbjM3dkJVcGVyTEg2WnRETndMSE01L295ZnZUQ0N4eGtwZldmY1JaU3dza3c%3D&timestamp=1566897913174 yoxwechatbusinessModel::set_user:BEGIN
[2019-08-27 17:25:13] trace  /app/ewei_shopv2_api.php?i=2&r=goods.get_comments&id=27&comefrom=wxapp&openid=sns_wa_oWJzS5L-ygS3fvcVHWmQD6mf1pos&mid=&merchid=&authkey=&timestamp=1566897913679 yoxwechatbusinessModel::set_user:BEGIN
[2019-08-27 17:25:28] trace  /app/ewei_shopv2_api.php?i=2&r=shop.get_shopindex&comefrom=wxapp&openid=sns_wa_oWJzS5L-ygS3fvcVHWmQD6mf1pos&mid=&merchid=&authkey=&timestamp=1566897928940 yoxwechatbusinessModel::set_user:BEGIN
[2019-08-27 17:25:29] trace  /app/ewei_shopv2_api.php?i=2&r=shop.get_hasnewcoupon&comefrom=wxapp&openid=sns_wa_oWJzS5L-ygS3fvcVHWmQD6mf1pos&mid=&merchid=&authkey=&timestamp=1566897928959 yoxwechatbusinessModel::set_user:BEGIN
[2019-08-27 17:25:29] trace  /app/ewei_shopv2_api.php?i=2&r=shop.get_cpinfos&comefrom=wxapp&openid=sns_wa_oWJzS5L-ygS3fvcVHWmQD6mf1pos&mid=&merchid=&authkey=&timestamp=1566897928970 yoxwechatbusinessModel::set_user:BEGIN
[2019-08-27 17:25:30] trace  /app/ewei_shopv2_api.php?i=2&r=diypage&type=home&comefrom=wxapp&openid=sns_wa_oWJzS5L-ygS3fvcVHWmQD6mf1pos&mid=&merchid=&authkey=&timestamp=1566897930195 yoxwechatbusinessModel::set_user:BEGIN
[2019-08-27 17:25:36] trace  /app/ewei_shopv2_api.php?i=2&r=shop.get_shopindex&comefrom=wxapp&openid=sns_wa_oWJzS5L-ygS3fvcVHWmQD6mf1pos&mid=&merchid=&authkey=&timestamp=1566897936083 yoxwechatbusinessModel::set_user:BEGIN
[2019-08-27 17:25:36] trace  /app/ewei_shopv2_api.php?i=2&r=shop.get_hasnewcoupon&comefrom=wxapp&openid=sns_wa_oWJzS5L-ygS3fvcVHWmQD6mf1pos&mid=&merchid=&authkey=&timestamp=1566897936098 yoxwechatbusinessModel::set_user:BEGIN
[2019-08-27 17:25:36] trace  /app/ewei_shopv2_api.php?i=2&r=shop.get_cpinfos&comefrom=wxapp&openid=sns_wa_oWJzS5L-ygS3fvcVHWmQD6mf1pos&mid=&merchid=&authkey=&timestamp=1566897936110 yoxwechatbusinessModel::set_user:BEGIN
[2019-08-27 17:25:40] trace  /app/ewei_shopv2_api.php?i=2&r=black&comefrom=wxapp&openid=sns_wa_oWJzS5L-ygS3fvcVHWmQD6mf1pos&mid=&merchid=&authkey=MWY3NDFzZjg0V0JtL0hMTHJpNGNVRjE3MnA0OFlwTk1Td1BvUm9nZ2d4REtUdUhSNStaZTN1eDVPYWMvOFJ4VVpza3VwVlhSNGk3akI2WVNqTDVXWDhUVm5KYWZVQ1JKNU9jdXdXaTFwRWovT1E%3D&timestamp=1566897940271 yoxwechatbusinessModel::set_user:BEGIN
[2019-08-27 17:25:40] trace  /app/ewei_shopv2_api.php?i=2&r=diypage&type=home&comefrom=wxapp&openid=sns_wa_oWJzS5L-ygS3fvcVHWmQD6mf1pos&mid=&merchid=&authkey=MWY3NDFzZjg0V0JtL0hMTHJpNGNVRjE3MnA0OFlwTk1Td1BvUm9nZ2d4REtUdUhSNStaZTN1eDVPYWMvOFJ4VVpza3VwVlhSNGk3akI2WVNqTDVXWDhUVm5KYWZVQ1JKNU9jdXdXaTFwRWovT1E%3D&timestamp=1566897940332 yoxwechatbusinessModel::set_user:BEGIN
[2019-08-27 17:25:40] trace  /app/ewei_shopv2_api.php?i=2&r=shop.get_shopindex&comefrom=wxapp&openid=sns_wa_oWJzS5L-ygS3fvcVHWmQD6mf1pos&mid=&merchid=&authkey=MWY3NDFzZjg0V0JtL0hMTHJpNGNVRjE3MnA0OFlwTk1Td1BvUm9nZ2d4REtUdUhSNStaZTN1eDVPYWMvOFJ4VVpza3VwVlhSNGk3akI2WVNqTDVXWDhUVm5KYWZVQ1JKNU9jdXdXaTFwRWovT1E%3D&timestamp=1566897940364 yoxwechatbusinessModel::set_user:BEGIN
[2019-08-27 17:25:40] trace  /app/ewei_shopv2_api.php?i=2&r=shop.get_cpinfos&comefrom=wxapp&openid=sns_wa_oWJzS5L-ygS3fvcVHWmQD6mf1pos&mid=&merchid=&authkey=MWY3NDFzZjg0V0JtL0hMTHJpNGNVRjE3MnA0OFlwTk1Td1BvUm9nZ2d4REtUdUhSNStaZTN1eDVPYWMvOFJ4VVpza3VwVlhSNGk3akI2WVNqTDVXWDhUVm5KYWZVQ1JKNU9jdXdXaTFwRWovT1E%3D&timestamp=1566897940400 yoxwechatbusinessModel::set_user:BEGIN
[2019-08-27 17:25:40] trace  /app/ewei_shopv2_api.php?i=2&r=shop.get_hasnewcoupon&comefrom=wxapp&openid=sns_wa_oWJzS5L-ygS3fvcVHWmQD6mf1pos&mid=&merchid=&authkey=MWY3NDFzZjg0V0JtL0hMTHJpNGNVRjE3MnA0OFlwTk1Td1BvUm9nZ2d4REtUdUhSNStaZTN1eDVPYWMvOFJ4VVpza3VwVlhSNGk3akI2WVNqTDVXWDhUVm5KYWZVQ1JKNU9jdXdXaTFwRWovT1E%3D&timestamp=1566897940380 yoxwechatbusinessModel::set_user:BEGIN
[2019-08-27 17:25:59] trace  /app/ewei_shopv2_api.php?i=2&r=black&comefrom=wxapp&openid=sns_wa_oWJzS5L-ygS3fvcVHWmQD6mf1pos&mid=&merchid=&authkey=&timestamp=1566897959518 yoxwechatbusinessModel::set_user:BEGIN
[2019-08-27 17:25:59] trace  /app/ewei_shopv2_api.php?i=2&r=diypage&type=goodsdetail&comefrom=wxapp&openid=sns_wa_oWJzS5L-ygS3fvcVHWmQD6mf1pos&mid=&merchid=&authkey=&timestamp=1566897959537 yoxwechatbusinessModel::set_user:BEGIN
[2019-08-27 17:26:01] trace  /app/ewei_shopv2_api.php?i=2&r=goods.get_detail&id=17&comefrom=wxapp&openid=sns_wa_oWJzS5L-ygS3fvcVHWmQD6mf1pos&mid=&merchid=&authkey=MjczZk44eDhwNnBiNS83VnZ4TllhWlVnbFR1ZVg4OUVkc3dKUVlKS3lkaDFpS1NHYUY3UjQxb21QZVhBVXh0YzRERmdsTEcxczc0UGo0VkVhNXNDRUJHdDY5OFRqRC9XSDhBZnJTOGxCK0d4SFE%3D&timestamp=1566897961278 yoxwechatbusinessModel::set_user:BEGIN
[2019-08-27 17:26:01] trace  /app/ewei_shopv2_api.php?i=2&r=goods.get_comments&id=17&comefrom=wxapp&openid=sns_wa_oWJzS5L-ygS3fvcVHWmQD6mf1pos&mid=&merchid=&authkey=&timestamp=1566897961651 yoxwechatbusinessModel::set_user:BEGIN
[2019-08-27 17:26:24] trace  /app/ewei_shopv2_api.php?i=2&r=shop.get_shopindex&comefrom=wxapp&openid=sns_wa_oWJzS5L-ygS3fvcVHWmQD6mf1pos&mid=&merchid=&authkey=&timestamp=1566897984161 yoxwechatbusinessModel::set_user:BEGIN
[2019-08-27 17:26:24] trace  /app/ewei_shopv2_api.php?i=2&r=shop.get_hasnewcoupon&comefrom=wxapp&openid=sns_wa_oWJzS5L-ygS3fvcVHWmQD6mf1pos&mid=&merchid=&authkey=&timestamp=1566897984180 yoxwechatbusinessModel::set_user:BEGIN
[2019-08-27 17:26:24] trace  /app/ewei_shopv2_api.php?i=2&r=shop.get_cpinfos&comefrom=wxapp&openid=sns_wa_oWJzS5L-ygS3fvcVHWmQD6mf1pos&mid=&merchid=&authkey=&timestamp=1566897984193 yoxwechatbusinessModel::set_user:BEGIN
[2019-08-27 17:26:31] trace  /app/ewei_shopv2_api.php?i=2&r=shop.get_shopindex&comefrom=wxapp&openid=sns_wa_oWJzS5L-ygS3fvcVHWmQD6mf1pos&mid=&merchid=&authkey=&timestamp=1566897991770 yoxwechatbusinessModel::set_user:BEGIN
[2019-08-27 17:26:31] trace  /app/ewei_shopv2_api.php?i=2&r=shop.get_hasnewcoupon&comefrom=wxapp&openid=sns_wa_oWJzS5L-ygS3fvcVHWmQD6mf1pos&mid=&merchid=&authkey=&timestamp=1566897991806 yoxwechatbusinessModel::set_user:BEGIN
[2019-08-27 17:26:32] trace  /app/ewei_shopv2_api.php?i=2&r=shop.get_cpinfos&comefrom=wxapp&openid=sns_wa_oWJzS5L-ygS3fvcVHWmQD6mf1pos&mid=&merchid=&authkey=&timestamp=1566897991823 yoxwechatbusinessModel::set_user:BEGIN
[2019-08-27 17:26:43] trace  /app/ewei_shopv2_api.php?i=2&r=yoxwechatbusiness&isajax=1&comefrom=wxapp&openid=sns_wa_oWJzS5L-ygS3fvcVHWmQD6mf1pos&mid=&merchid=&authkey=ZDBlMkw3a2Qvc1oyL1VKbGRQRTVJSE1tY2ZnZWMzUEw1amduTkp2aTZkSktrUWZuZnNKbG4yemJtYlE4Z3JSV0IvMG9xcmlxSUhQRTdUTVlRODBvbGFNdXY3bm9MTCt3dmtBdmJhNytocHpKWWc%3D&timestamp=1566898002966 yoxwechatbusinessModel::set_user:BEGIN
[2019-08-27 17:26:43] trace  /app/ewei_shopv2_api.php?i=2&r=bargain.act&comefrom=wxapp&openid=sns_wa_oWJzS5L-ygS3fvcVHWmQD6mf1pos&mid=&merchid=&authkey=ZDBlMkw3a2Qvc1oyL1VKbGRQRTVJSE1tY2ZnZWMzUEw1amduTkp2aTZkSktrUWZuZnNKbG4yemJtYlE4Z3JSV0IvMG9xcmlxSUhQRTdUTVlRODBvbGFNdXY3bm9MTCt3dmtBdmJhNytocHpKWWc%3D&timestamp=1566898003008 yoxwechatbusinessModel::set_user:BEGIN
[2019-08-27 17:27:03] trace  /app/ewei_shopv2_api.php?i=2&r=black&comefrom=wxapp&openid=sns_wa_oWJzS5L-ygS3fvcVHWmQD6mf1pos&mid=&merchid=&authkey=&timestamp=1566898023386 yoxwechatbusinessModel::set_user:BEGIN
[2019-08-27 17:27:03] trace  /app/ewei_shopv2_api.php?i=2&r=diypage&type=home&comefrom=wxapp&openid=sns_wa_oWJzS5L-ygS3fvcVHWmQD6mf1pos&mid=&merchid=&authkey=&timestamp=1566898023532 yoxwechatbusinessModel::set_user:BEGIN
[2019-08-27 17:27:03] trace  /app/ewei_shopv2_api.php?i=2&r=shop.get_shopindex&comefrom=wxapp&openid=sns_wa_oWJzS5L-ygS3fvcVHWmQD6mf1pos&mid=&merchid=&authkey=&timestamp=1566898023604 yoxwechatbusinessModel::set_user:BEGIN
[2019-08-27 17:27:03] trace  /app/ewei_shopv2_api.php?i=2&r=shop.get_hasnewcoupon&comefrom=wxapp&openid=sns_wa_oWJzS5L-ygS3fvcVHWmQD6mf1pos&mid=&merchid=&authkey=&timestamp=1566898023617 yoxwechatbusinessModel::set_user:BEGIN
[2019-08-27 17:27:03] trace  /app/ewei_shopv2_api.php?i=2&r=shop.get_cpinfos&comefrom=wxapp&openid=sns_wa_oWJzS5L-ygS3fvcVHWmQD6mf1pos&mid=&merchid=&authkey=&timestamp=1566898023626 yoxwechatbusinessModel::set_user:BEGIN
[2019-08-27 17:27:31] trace  /app/ewei_shopv2_api.php?i=2&r=black&comefrom=wxapp&openid=sns_wa_oWJzS5L-ygS3fvcVHWmQD6mf1pos&mid=&merchid=&authkey=&timestamp=1566898051007 yoxwechatbusinessModel::set_user:BEGIN
[2019-08-27 17:27:31] trace  /app/ewei_shopv2_api.php?i=2&r=diypage&type=goodsdetail&comefrom=wxapp&openid=sns_wa_oWJzS5L-ygS3fvcVHWmQD6mf1pos&mid=&merchid=&authkey=&timestamp=1566898051071 yoxwechatbusinessModel::set_user:BEGIN
[2019-08-27 17:27:33] trace  /app/ewei_shopv2_api.php?i=2&r=goods.get_detail&id=17&comefrom=wxapp&openid=sns_wa_oWJzS5L-ygS3fvcVHWmQD6mf1pos&mid=&merchid=&authkey=MzgyYmd4UWpkYjc0bDNiUnVNTTdUb1o1L0pvS1Z4aElUdUZCTUV5eTlwR255dFZFdkVvb2d1WUEvSms2aDZtREo3V3JjMTdTUTZodi9HUFNCMzMzMnU1WUFmaw%3D%3D&timestamp=1566898053787 yoxwechatbusinessModel::set_user:BEGIN
[2019-08-27 17:27:33] trace  /app/ewei_shopv2_api.php?i=2&r=goods.get_detail&id=17&comefrom=wxapp&openid=sns_wa_oWJzS5L-ygS3fvcVHWmQD6mf1pos&mid=&merchid=&authkey=MzgyYmd4UWpkYjc0bDNiUnVNTTdUb1o1L0pvS1Z4aElUdUZCTUV5eTlwR255dFZFdkVvb2d1WUEvSms2aDZtREo3V3JjMTdTUTZodi9HUFNCMzMzMnU1WUFmaw%3D%3D&timestamp=1566898053787 yoxwechatbusinessModel::set_user:END
[2019-08-27 17:27:34] trace  /app/ewei_shopv2_api.php?i=2&r=goods.get_comments&id=17&comefrom=wxapp&openid=sns_wa_oWJzS5L-ygS3fvcVHWmQD6mf1pos&mid=&merchid=&authkey=&timestamp=1566898054315 yoxwechatbusinessModel::set_user:BEGIN
[2019-08-27 17:27:34] trace  /app/ewei_shopv2_api.php?i=2&r=goods.get_comments&id=17&comefrom=wxapp&openid=sns_wa_oWJzS5L-ygS3fvcVHWmQD6mf1pos&mid=&merchid=&authkey=&timestamp=1566898054315 yoxwechatbusinessModel::set_user:END
[2019-08-27 17:27:48] trace  /app/ewei_shopv2_api.php?i=2&r=shop.get_shopindex&comefrom=wxapp&openid=sns_wa_oWJzS5L-ygS3fvcVHWmQD6mf1pos&mid=&merchid=&authkey=&timestamp=1566898068722 yoxwechatbusinessModel::set_user:BEGIN
[2019-08-27 17:27:48] trace  /app/ewei_shopv2_api.php?i=2&r=shop.get_shopindex&comefrom=wxapp&openid=sns_wa_oWJzS5L-ygS3fvcVHWmQD6mf1pos&mid=&merchid=&authkey=&timestamp=1566898068722 yoxwechatbusinessModel::set_user:END
[2019-08-27 17:27:48] trace  /app/ewei_shopv2_api.php?i=2&r=shop.get_hasnewcoupon&comefrom=wxapp&openid=sns_wa_oWJzS5L-ygS3fvcVHWmQD6mf1pos&mid=&merchid=&authkey=&timestamp=1566898068757 yoxwechatbusinessModel::set_user:BEGIN
[2019-08-27 17:27:48] trace  /app/ewei_shopv2_api.php?i=2&r=shop.get_hasnewcoupon&comefrom=wxapp&openid=sns_wa_oWJzS5L-ygS3fvcVHWmQD6mf1pos&mid=&merchid=&authkey=&timestamp=1566898068757 yoxwechatbusinessModel::set_user:END
[2019-08-27 17:27:49] trace  /app/ewei_shopv2_api.php?i=2&r=shop.get_cpinfos&comefrom=wxapp&openid=sns_wa_oWJzS5L-ygS3fvcVHWmQD6mf1pos&mid=&merchid=&authkey=&timestamp=1566898068785 yoxwechatbusinessModel::set_user:BEGIN
[2019-08-27 17:27:49] trace  /app/ewei_shopv2_api.php?i=2&r=shop.get_cpinfos&comefrom=wxapp&openid=sns_wa_oWJzS5L-ygS3fvcVHWmQD6mf1pos&mid=&merchid=&authkey=&timestamp=1566898068785 yoxwechatbusinessModel::set_user:END
[2019-08-27 17:28:50] trace  /app/ewei_shopv2_api.php?i=2&r=black&comefrom=wxapp&openid=sns_wa_oWJzS5L-ygS3fvcVHWmQD6mf1pos&mid=&merchid=&authkey=&timestamp=1566898130765 yoxwechatbusinessModel::set_user:BEGIN
[2019-08-27 17:28:50] trace  /app/ewei_shopv2_api.php?i=2&r=black&comefrom=wxapp&openid=sns_wa_oWJzS5L-ygS3fvcVHWmQD6mf1pos&mid=&merchid=&authkey=&timestamp=1566898130765 yoxwechatbusinessModel::set_user:END
[2019-08-27 17:28:51] trace  /app/ewei_shopv2_api.php?i=2&r=diypage&type=goodsdetail&comefrom=wxapp&openid=sns_wa_oWJzS5L-ygS3fvcVHWmQD6mf1pos&mid=&merchid=&authkey=&timestamp=1566898130780 yoxwechatbusinessModel::set_user:BEGIN
[2019-08-27 17:28:51] trace  /app/ewei_shopv2_api.php?i=2&r=diypage&type=goodsdetail&comefrom=wxapp&openid=sns_wa_oWJzS5L-ygS3fvcVHWmQD6mf1pos&mid=&merchid=&authkey=&timestamp=1566898130780 yoxwechatbusinessModel::set_user:END
[2019-08-27 17:28:51] trace  /app/ewei_shopv2_api.php?i=2&r=goods.get_detail&id=17&comefrom=wxapp&openid=sns_wa_oWJzS5L-ygS3fvcVHWmQD6mf1pos&mid=1300&merchid=&authkey=&timestamp=1566898130813 yoxwechatbusinessModel::set_user:BEGIN
[2019-08-27 17:28:51] trace  /app/ewei_shopv2_api.php?i=2&r=goods.get_detail&id=17&comefrom=wxapp&openid=sns_wa_oWJzS5L-ygS3fvcVHWmQD6mf1pos&mid=1300&merchid=&authkey=&timestamp=1566898130813 yoxwechatbusinessModel::set_user:END
[2019-08-27 17:28:51] trace  /app/ewei_shopv2_api.php?i=2&r=goods.get_comments&id=17&comefrom=wxapp&openid=sns_wa_oWJzS5L-ygS3fvcVHWmQD6mf1pos&mid=1300&merchid=&authkey=&timestamp=1566898131760 yoxwechatbusinessModel::set_user:BEGIN
[2019-08-27 17:28:51] trace  /app/ewei_shopv2_api.php?i=2&r=goods.get_comments&id=17&comefrom=wxapp&openid=sns_wa_oWJzS5L-ygS3fvcVHWmQD6mf1pos&mid=1300&merchid=&authkey=&timestamp=1566898131760 yoxwechatbusinessModel::set_user:END
[2019-08-27 17:29:06] trace  /app/ewei_shopv2_api.php?i=2&r=cacheset&version=&comefrom=wxapp&openid=sns_wa_oWJzS5KfBmwscQPf5bgx2PTs2Xyo&mid=1300&merchid=&authkey=ZWE2OTVBcHluN3o4a2VxTDkxZ0hDMTJWRkk2RU5yMm56MGtEL3p2M25OVkZZYlYzVXYzK2hkVm53blAvUkllTkVjVHlJTVFM&timestamp=1566898150650 yoxwechatbusinessModel::set_user:BEGIN
[2019-08-27 17:29:10] trace  /app/ewei_shopv2_api.php?i=2&r=goods.get_detail&id=17&comefrom=wxapp&openid=sns_wa_oWJzS5KfBmwscQPf5bgx2PTs2Xyo&mid=1300&merchid=&authkey=OGFlZlE3Qy8yeUg3aWl1T1dxNGpwOUQ2Z1p5OWtxT2VRSS9TYlJ4NXlhRC8wdmN1THducHhGVmRibkkwNHc0czFOUFZXa3JkU09nNkxXOWFrdjBpR0NIZ1g3dFpTRGhoY2tOMHVnUGdjYjlpS2c%3D&timestamp=1566898153945 yoxwechatbusinessModel::set_user:BEGIN
[2019-08-27 17:31:26] trace  /app/ewei_shopv2_api.php?i=2&r=black&comefrom=wxapp&openid=sns_wa_oWJzS5Adod5mLIhCDqmeF9X_S1tY&authkey=&timestamp=1566898284952 yoxwechatbusinessModel::set_user:BEGIN
[2019-08-27 17:31:26] trace  /app/ewei_shopv2_api.php?i=2&r=shop.get_cpinfos&comefrom=wxapp&openid=sns_wa_oWJzS5Adod5mLIhCDqmeF9X_S1tY&mid=&merchid=&authkey=&timestamp=1566898284977 yoxwechatbusinessModel::set_user:BEGIN
[2019-08-27 17:31:26] trace  /app/ewei_shopv2_api.php?i=2&r=shop.get_hasnewcoupon&comefrom=wxapp&openid=sns_wa_oWJzS5Adod5mLIhCDqmeF9X_S1tY&mid=&merchid=&authkey=&timestamp=1566898284974 yoxwechatbusinessModel::set_user:BEGIN
[2019-08-27 17:31:26] trace  /app/ewei_shopv2_api.php?i=2&r=shop.get_shopindex&comefrom=wxapp&openid=sns_wa_oWJzS5Adod5mLIhCDqmeF9X_S1tY&mid=&merchid=&authkey=&timestamp=1566898284971 yoxwechatbusinessModel::set_user:BEGIN
[2019-08-27 17:31:27] trace  /app/ewei_shopv2_api.php?i=2&r=diypage&type=home&comefrom=wxapp&openid=sns_wa_oWJzS5Adod5mLIhCDqmeF9X_S1tY&mid=&merchid=&authkey=&timestamp=1566898284963 yoxwechatbusinessModel::set_user:BEGIN
[2019-08-27 17:31:32] trace  /app/ewei_shopv2_api.php?i=2&r=diypage&type=home&comefrom=wxapp&openid=sns_wa_oWJzS5Adod5mLIhCDqmeF9X_S1tY&mid=&merchid=&authkey=MjNlNFUwWHZ5b0dPL1ZuNFpObXBpdUY0Q1RpcUROYVFRQUlJejFVanlUYlcrQTlBNm81M05rNTBuYWoxeVB1NldqVzBiNDBPUDdlaVljUmlQYWVLcXgxT1lQK3pqVG1mcGw2cWVBWHRxMk9qMkE%3D&timestamp=1566898292706 yoxwechatbusinessModel::set_user:BEGIN
[2019-08-27 17:31:39] trace  /app/ewei_shopv2_api.php?i=2&r=goods.get_category&comefrom=wxapp&openid=sns_wa_oWJzS5Adod5mLIhCDqmeF9X_S1tY&mid=&merchid=&authkey=&timestamp=1566898299390 yoxwechatbusinessModel::set_user:BEGIN
[2019-08-27 17:31:39] trace  /app/ewei_shopv2_api.php?i=2&r=goods.get_list&page=1&comefrom=wxapp&openid=sns_wa_oWJzS5Adod5mLIhCDqmeF9X_S1tY&mid=&merchid=&authkey=&timestamp=1566898299394 yoxwechatbusinessModel::set_user:BEGIN
[2019-08-27 17:31:44] trace  /app/ewei_shopv2_api.php?i=2&r=shop.get_shopindex&comefrom=wxapp&openid=sns_wa_oWJzS5Adod5mLIhCDqmeF9X_S1tY&mid=&merchid=&authkey=&timestamp=1566898304067 yoxwechatbusinessModel::set_user:BEGIN
[2019-08-27 17:31:44] trace  /app/ewei_shopv2_api.php?i=2&r=shop.get_hasnewcoupon&comefrom=wxapp&openid=sns_wa_oWJzS5Adod5mLIhCDqmeF9X_S1tY&mid=&merchid=&authkey=&timestamp=1566898304080 yoxwechatbusinessModel::set_user:BEGIN
[2019-08-27 17:31:44] trace  /app/ewei_shopv2_api.php?i=2&r=shop.get_cpinfos&comefrom=wxapp&openid=sns_wa_oWJzS5Adod5mLIhCDqmeF9X_S1tY&mid=&merchid=&authkey=&timestamp=1566898304084 yoxwechatbusinessModel::set_user:BEGIN
[2019-08-27 17:31:46] trace  /app/ewei_shopv2_api.php?i=2&r=goods.get_list&page=1&comefrom=wxapp&openid=sns_wa_oWJzS5Adod5mLIhCDqmeF9X_S1tY&mid=&merchid=&authkey=&timestamp=1566898306121 yoxwechatbusinessModel::set_user:BEGIN
[2019-08-27 17:31:46] trace  /app/ewei_shopv2_api.php?i=2&r=goods.get_category&comefrom=wxapp&openid=sns_wa_oWJzS5Adod5mLIhCDqmeF9X_S1tY&mid=&merchid=&authkey=&timestamp=1566898306113 yoxwechatbusinessModel::set_user:BEGIN
[2019-08-27 17:31:47] trace  /app/ewei_shopv2_api.php?i=2&r=goods.get_list&page=2&comefrom=wxapp&openid=sns_wa_oWJzS5Adod5mLIhCDqmeF9X_S1tY&mid=&merchid=&authkey=&timestamp=1566898307282 yoxwechatbusinessModel::set_user:BEGIN
[2019-08-27 17:31:50] trace  /app/ewei_shopv2_api.php?i=2&r=goods.get_list&page=3&comefrom=wxapp&openid=sns_wa_oWJzS5Adod5mLIhCDqmeF9X_S1tY&mid=&merchid=&authkey=&timestamp=1566898310448 yoxwechatbusinessModel::set_user:BEGIN
[2019-08-27 17:31:52] trace  /app/ewei_shopv2_api.php?i=2&r=goods.get_list&page=4&comefrom=wxapp&openid=sns_wa_oWJzS5Adod5mLIhCDqmeF9X_S1tY&mid=&merchid=&authkey=&timestamp=1566898312562 yoxwechatbusinessModel::set_user:BEGIN
[2019-08-27 17:31:53] trace  /app/ewei_shopv2_api.php?i=2&r=goods.get_list&page=5&comefrom=wxapp&openid=sns_wa_oWJzS5Adod5mLIhCDqmeF9X_S1tY&mid=&merchid=&authkey=&timestamp=1566898313767 yoxwechatbusinessModel::set_user:BEGIN
[2019-08-27 17:31:55] trace  /app/ewei_shopv2_api.php?i=2&r=goods.get_list&page=6&comefrom=wxapp&openid=sns_wa_oWJzS5Adod5mLIhCDqmeF9X_S1tY&mid=&merchid=&authkey=&timestamp=1566898315164 yoxwechatbusinessModel::set_user:BEGIN
[2019-08-27 17:31:55] trace  /app/ewei_shopv2_api.php?i=2&r=goods.get_list&page=7&comefrom=wxapp&openid=sns_wa_oWJzS5Adod5mLIhCDqmeF9X_S1tY&mid=&merchid=&authkey=&timestamp=1566898315837 yoxwechatbusinessModel::set_user:BEGIN
[2019-08-27 17:32:12] trace  /app/ewei_shopv2_api.php?i=2&r=goods.get_list&keywords=%E8%88%92%E6%88%91&isrecommand=&ishot=&isnew=&isdiscount=&issendfree=&istime=&cate=&order=&by=&merchid=&page=1&comefrom=wxapp&openid=sns_wa_oWJzS5Adod5mLIhCDqmeF9X_S1tY&mid=&authkey=&timestamp=1566898332670 yoxwechatbusinessModel::set_user:BEGIN
[2019-08-27 17:32:15] trace  /app/ewei_shopv2_api.php?i=2&r=shop.get_shopindex&comefrom=wxapp&openid=sns_wa_oWJzS5Adod5mLIhCDqmeF9X_S1tY&mid=&merchid=&authkey=&timestamp=1566898335551 yoxwechatbusinessModel::set_user:BEGIN
[2019-08-27 17:32:16] trace  /app/ewei_shopv2_api.php?i=2&r=shop.get_cpinfos&comefrom=wxapp&openid=sns_wa_oWJzS5Adod5mLIhCDqmeF9X_S1tY&mid=&merchid=&authkey=&timestamp=1566898335556 yoxwechatbusinessModel::set_user:BEGIN
[2019-08-27 17:32:16] trace  /app/ewei_shopv2_api.php?i=2&r=shop.get_hasnewcoupon&comefrom=wxapp&openid=sns_wa_oWJzS5Adod5mLIhCDqmeF9X_S1tY&mid=&merchid=&authkey=&timestamp=1566898335554 yoxwechatbusinessModel::set_user:BEGIN
[2019-08-27 17:32:19] trace  /app/ewei_shopv2_api.php?i=2&r=shop.get_category&comefrom=wxapp&openid=sns_wa_oWJzS5Adod5mLIhCDqmeF9X_S1tY&mid=&merchid=&authkey=&timestamp=1566898339137 yoxwechatbusinessModel::set_user:BEGIN
[2019-08-27 17:32:58] trace  /app/ewei_shopv2_api.php?i=2&r=goods.get_category&comefrom=wxapp&openid=sns_wa_oWJzS5Adod5mLIhCDqmeF9X_S1tY&mid=&merchid=&authkey=&timestamp=1566898377846 yoxwechatbusinessModel::set_user:BEGIN
[2019-08-27 17:32:59] trace  /app/ewei_shopv2_api.php?i=2&r=goods.get_list&keywords=%E8%88%92%E6%88%91&isrecommand=&ishot=&isnew=&isdiscount=&issendfree=&istime=&cate=&order=&by=desc&merchid=&page=1&comefrom=wxapp&openid=sns_wa_oWJzS5Adod5mLIhCDqmeF9X_S1tY&mid=&authkey=&timestamp=1566898379605 yoxwechatbusinessModel::set_user:BEGIN
[2019-08-27 17:33:03] trace  /app/ewei_shopv2_api.php?i=2&r=shop.get_shopindex&comefrom=wxapp&openid=sns_wa_oWJzS5Adod5mLIhCDqmeF9X_S1tY&mid=&merchid=&authkey=&timestamp=1566898383734 yoxwechatbusinessModel::set_user:BEGIN
[2019-08-27 17:33:04] trace  /app/ewei_shopv2_api.php?i=2&r=shop.get_hasnewcoupon&comefrom=wxapp&openid=sns_wa_oWJzS5Adod5mLIhCDqmeF9X_S1tY&mid=&merchid=&authkey=&timestamp=1566898383737 yoxwechatbusinessModel::set_user:BEGIN
[2019-08-27 17:33:04] trace  /app/ewei_shopv2_api.php?i=2&r=shop.get_cpinfos&comefrom=wxapp&openid=sns_wa_oWJzS5Adod5mLIhCDqmeF9X_S1tY&mid=&merchid=&authkey=&timestamp=1566898383740 yoxwechatbusinessModel::set_user:BEGIN
[2019-08-27 17:33:06] trace  /app/ewei_shopv2_api.php?i=2&r=goods.get_category&comefrom=wxapp&openid=sns_wa_oWJzS5Adod5mLIhCDqmeF9X_S1tY&mid=&merchid=&authkey=&timestamp=1566898386065 yoxwechatbusinessModel::set_user:BEGIN
[2019-08-27 17:33:07] trace  /app/ewei_shopv2_api.php?i=2&r=goods.get_list&keywords=%E8%88%92%E6%88%91&isrecommand=&ishot=&isnew=&isdiscount=&issendfree=&istime=&cate=&order=&by=desc&merchid=&page=1&comefrom=wxapp&openid=sns_wa_oWJzS5Adod5mLIhCDqmeF9X_S1tY&mid=&authkey=&timestamp=1566898387452 yoxwechatbusinessModel::set_user:BEGIN
[2019-08-27 17:33:09] trace  /app/ewei_shopv2_api.php?i=2&r=shop.get_shopindex&comefrom=wxapp&openid=sns_wa_oWJzS5Adod5mLIhCDqmeF9X_S1tY&mid=&merchid=&authkey=&timestamp=1566898389425 yoxwechatbusinessModel::set_user:BEGIN
[2019-08-27 17:33:09] trace  /app/ewei_shopv2_api.php?i=2&r=shop.get_hasnewcoupon&comefrom=wxapp&openid=sns_wa_oWJzS5Adod5mLIhCDqmeF9X_S1tY&mid=&merchid=&authkey=&timestamp=1566898389429 yoxwechatbusinessModel::set_user:BEGIN
[2019-08-27 17:33:09] trace  /app/ewei_shopv2_api.php?i=2&r=shop.get_cpinfos&comefrom=wxapp&openid=sns_wa_oWJzS5Adod5mLIhCDqmeF9X_S1tY&mid=&merchid=&authkey=&timestamp=1566898389433 yoxwechatbusinessModel::set_user:BEGIN
[2019-08-27 17:35:47] trace  /app/ewei_shopv2_api.php?i=2&r=black&comefrom=wxapp&openid=sns_wa_oWJzS5L-ygS3fvcVHWmQD6mf1pos&mid=1300&merchid=&authkey=&timestamp=1566898546711 yoxwechatbusinessModel::set_user:BEGIN
[2019-08-27 17:35:47] trace  /app/ewei_shopv2_api.php?i=2&r=black&comefrom=wxapp&openid=sns_wa_oWJzS5L-ygS3fvcVHWmQD6mf1pos&mid=1300&merchid=&authkey=&timestamp=1566898546711 yoxwechatbusinessModel::set_user:END
[2019-08-27 17:35:47] trace  /app/ewei_shopv2_api.php?i=2&r=diypage&type=goodsdetail&comefrom=wxapp&openid=sns_wa_oWJzS5L-ygS3fvcVHWmQD6mf1pos&mid=1300&merchid=&authkey=&timestamp=1566898546733 yoxwechatbusinessModel::set_user:BEGIN
[2019-08-27 17:35:47] trace  /app/ewei_shopv2_api.php?i=2&r=diypage&type=goodsdetail&comefrom=wxapp&openid=sns_wa_oWJzS5L-ygS3fvcVHWmQD6mf1pos&mid=1300&merchid=&authkey=&timestamp=1566898546733 yoxwechatbusinessModel::set_user:END
[2019-08-27 17:35:47] trace  /app/ewei_shopv2_api.php?i=2&r=goods.get_detail&id=17&comefrom=wxapp&openid=sns_wa_oWJzS5L-ygS3fvcVHWmQD6mf1pos&mid=&merchid=&authkey=&timestamp=1566898546775 yoxwechatbusinessModel::set_user:BEGIN
[2019-08-27 17:35:47] trace  /app/ewei_shopv2_api.php?i=2&r=goods.get_detail&id=17&comefrom=wxapp&openid=sns_wa_oWJzS5L-ygS3fvcVHWmQD6mf1pos&mid=&merchid=&authkey=&timestamp=1566898546775 yoxwechatbusinessModel::set_user:END
[2019-08-27 17:35:47] trace  /app/ewei_shopv2_api.php?i=2&r=goods.get_comments&id=17&comefrom=wxapp&openid=sns_wa_oWJzS5L-ygS3fvcVHWmQD6mf1pos&mid=&merchid=&authkey=&timestamp=1566898547876 yoxwechatbusinessModel::set_user:BEGIN
[2019-08-27 17:35:47] trace  /app/ewei_shopv2_api.php?i=2&r=goods.get_comments&id=17&comefrom=wxapp&openid=sns_wa_oWJzS5L-ygS3fvcVHWmQD6mf1pos&mid=&merchid=&authkey=&timestamp=1566898547876 yoxwechatbusinessModel::set_user:END
[2019-08-27 18:22:58] trace  /app/ewei_shopv2_api.php?i=2&r=black&comefrom=wxapp&openid=sns_wa_oWJzS5I4SwtIvnavadWO1lOR7lAw&authkey=NGM4YTJ0QjZpZWhFNXJNZk44bkx5YmlrODY3RGw3ekNyZlFhdW9yd3RtdlQrRVdNUEIrNmdTNDhUOUx6NzVvbnFldUJyOWE5RVpiUVljTkNDUGhBcnE2TzZucw%3D%3D&timestamp=1566901375792 yoxwechatbusinessModel::set_user:BEGIN
[2019-08-27 18:22:58] trace  /app/ewei_shopv2_api.php?i=2&r=black&comefrom=wxapp&openid=sns_wa_oWJzS5I4SwtIvnavadWO1lOR7lAw&authkey=NGM4YTJ0QjZpZWhFNXJNZk44bkx5YmlrODY3RGw3ekNyZlFhdW9yd3RtdlQrRVdNUEIrNmdTNDhUOUx6NzVvbnFldUJyOWE5RVpiUVljTkNDUGhBcnE2TzZucw%3D%3D&timestamp=1566901375792 yoxwechatbusinessModel::set_user:END
[2019-08-27 18:22:59] trace  /app/ewei_shopv2_api.php?i=2&r=diypage&type=home&comefrom=wxapp&openid=sns_wa_oWJzS5I4SwtIvnavadWO1lOR7lAw&mid=&merchid=&authkey=NGM4YTJ0QjZpZWhFNXJNZk44bkx5YmlrODY3RGw3ekNyZlFhdW9yd3RtdlQrRVdNUEIrNmdTNDhUOUx6NzVvbnFldUJyOWE5RVpiUVljTkNDUGhBcnE2TzZucw%3D%3D&timestamp=1566901375856 yoxwechatbusinessModel::set_user:BEGIN
[2019-08-27 18:22:59] trace  /app/ewei_shopv2_api.php?i=2&r=diypage&type=home&comefrom=wxapp&openid=sns_wa_oWJzS5I4SwtIvnavadWO1lOR7lAw&mid=&merchid=&authkey=NGM4YTJ0QjZpZWhFNXJNZk44bkx5YmlrODY3RGw3ekNyZlFhdW9yd3RtdlQrRVdNUEIrNmdTNDhUOUx6NzVvbnFldUJyOWE5RVpiUVljTkNDUGhBcnE2TzZucw%3D%3D&timestamp=1566901375856 yoxwechatbusinessModel::set_user:END
[2019-08-27 18:22:59] trace  /app/ewei_shopv2_api.php?i=2&r=shop.get_hasnewcoupon&comefrom=wxapp&openid=sns_wa_oWJzS5I4SwtIvnavadWO1lOR7lAw&mid=&merchid=&authkey=NGM4YTJ0QjZpZWhFNXJNZk44bkx5YmlrODY3RGw3ekNyZlFhdW9yd3RtdlQrRVdNUEIrNmdTNDhUOUx6NzVvbnFldUJyOWE5RVpiUVljTkNDUGhBcnE2TzZucw%3D%3D&timestamp=1566901375904 yoxwechatbusinessModel::set_user:BEGIN
[2019-08-27 18:22:59] trace  /app/ewei_shopv2_api.php?i=2&r=shop.get_hasnewcoupon&comefrom=wxapp&openid=sns_wa_oWJzS5I4SwtIvnavadWO1lOR7lAw&mid=&merchid=&authkey=NGM4YTJ0QjZpZWhFNXJNZk44bkx5YmlrODY3RGw3ekNyZlFhdW9yd3RtdlQrRVdNUEIrNmdTNDhUOUx6NzVvbnFldUJyOWE5RVpiUVljTkNDUGhBcnE2TzZucw%3D%3D&timestamp=1566901375904 yoxwechatbusinessModel::set_user:END
[2019-08-27 18:22:59] trace  /app/ewei_shopv2_api.php?i=2&r=shop.get_shopindex&comefrom=wxapp&openid=sns_wa_oWJzS5I4SwtIvnavadWO1lOR7lAw&mid=&merchid=&authkey=NGM4YTJ0QjZpZWhFNXJNZk44bkx5YmlrODY3RGw3ekNyZlFhdW9yd3RtdlQrRVdNUEIrNmdTNDhUOUx6NzVvbnFldUJyOWE5RVpiUVljTkNDUGhBcnE2TzZucw%3D%3D&timestamp=1566901375897 yoxwechatbusinessModel::set_user:BEGIN
[2019-08-27 18:22:59] trace  /app/ewei_shopv2_api.php?i=2&r=shop.get_shopindex&comefrom=wxapp&openid=sns_wa_oWJzS5I4SwtIvnavadWO1lOR7lAw&mid=&merchid=&authkey=NGM4YTJ0QjZpZWhFNXJNZk44bkx5YmlrODY3RGw3ekNyZlFhdW9yd3RtdlQrRVdNUEIrNmdTNDhUOUx6NzVvbnFldUJyOWE5RVpiUVljTkNDUGhBcnE2TzZucw%3D%3D&timestamp=1566901375897 yoxwechatbusinessModel::set_user:END
[2019-08-27 18:22:59] trace  /app/ewei_shopv2_api.php?i=2&r=shop.get_cpinfos&comefrom=wxapp&openid=sns_wa_oWJzS5I4SwtIvnavadWO1lOR7lAw&mid=&merchid=&authkey=NGM4YTJ0QjZpZWhFNXJNZk44bkx5YmlrODY3RGw3ekNyZlFhdW9yd3RtdlQrRVdNUEIrNmdTNDhUOUx6NzVvbnFldUJyOWE5RVpiUVljTkNDUGhBcnE2TzZucw%3D%3D&timestamp=1566901375909 yoxwechatbusinessModel::set_user:BEGIN
[2019-08-27 18:22:59] trace  /app/ewei_shopv2_api.php?i=2&r=shop.get_cpinfos&comefrom=wxapp&openid=sns_wa_oWJzS5I4SwtIvnavadWO1lOR7lAw&mid=&merchid=&authkey=NGM4YTJ0QjZpZWhFNXJNZk44bkx5YmlrODY3RGw3ekNyZlFhdW9yd3RtdlQrRVdNUEIrNmdTNDhUOUx6NzVvbnFldUJyOWE5RVpiUVljTkNDUGhBcnE2TzZucw%3D%3D&timestamp=1566901375909 yoxwechatbusinessModel::set_user:END
[2019-08-27 19:50:51] trace  /app/ewei_shopv2_api.php?i=2&r=cacheset&version=&comefrom=wxapp&openid=sns_wa_oWJzS5N8hbBJ6sq1uj1VEQJ8yiUw&mid=&merchid=&authkey=M2IxYTB1YlZWUDdpRHowWFYwVGdaK041dHBQVGIvdmFlU1RTbGRhVDVEeHlRR1orRlowMTc1WDR6eU03aHhzdDJTK2NmZ1Bi&timestamp=1566906651711 yoxwechatbusinessModel::set_user:BEGIN
