[2019-06-08 00:02:23] trace  /app/ewei_shopv2_api.php?i=2&r=cacheset&version=&comefrom=wxapp&openid=sns_wa_oWJzS5PNScdgjd99Q5JPXDcDMLqo&mid=&merchid=&authkey=YmFkME45RlNzZkJ1bTF3bWZoYmU3Q2dUSHVxRkFDRU5tcXBUQWdRMEpCVkhCYlJITERFakhIdC84bXJ2a2N3bC9DWnY5bkZC&timestamp=1559923343028 yoxwechatbusinessModel::set_user:BEGIN
[2019-06-08 00:02:28] trace  /app/ewei_shopv2_api.php?i=2&r=cacheset&version=&comefrom=wxapp&openid=sns_wa_oWJzS5PNScdgjd99Q5JPXDcDMLqo&mid=&merchid=&authkey=ZGEyNVRhREVqZEFiZlJTWmNsRDFqeUNSeW1Yd01SY3FDQTZrYnlrNTZJNGI1VWF3WXJadGZUeGx1Wm9CaFhwbDFQMmN5VUNN&timestamp=1559923346888 yoxwechatbusinessModel::set_user:BEGIN
[2019-06-08 00:03:13] trace  /app/ewei_shopv2_api.php?i=2&r=shop.get_cpinfos&comefrom=wxapp&openid=sns_wa_oWJzS5PNScdgjd99Q5JPXDcDMLqo&mid=&merchid=&authkey=&timestamp=1559923387481 yoxwechatbusinessModel::set_user:BEGIN
[2019-06-08 00:03:15] trace  /app/ewei_shopv2_api.php?i=2&r=shop.get_hasnewcoupon&comefrom=wxapp&openid=sns_wa_oWJzS5PNScdgjd99Q5JPXDcDMLqo&mid=&merchid=&authkey=&timestamp=1559923387402 yoxwechatbusinessModel::set_user:BEGIN
[2019-06-08 00:03:15] trace  /app/ewei_shopv2_api.php?i=2&r=shop.get_shopindex&comefrom=wxapp&openid=sns_wa_oWJzS5PNScdgjd99Q5JPXDcDMLqo&mid=&merchid=&authkey=&timestamp=1559923387362 yoxwechatbusinessModel::set_user:BEGIN
[2019-06-08 00:03:17] trace  /app/ewei_shopv2_api.php?i=2&r=black&comefrom=wxapp&openid=sns_wa_oWJzS5PNScdgjd99Q5JPXDcDMLqo&mid=&merchid=&authkey=&timestamp=1559923382982 yoxwechatbusinessModel::set_user:BEGIN
[2019-06-08 00:03:17] trace  /app/ewei_shopv2_api.php?i=2&r=diypage&type=goodsdetail&comefrom=wxapp&openid=sns_wa_oWJzS5PNScdgjd99Q5JPXDcDMLqo&mid=&merchid=&authkey=&timestamp=1559923383024 yoxwechatbusinessModel::set_user:BEGIN
[2019-06-08 00:03:18] trace  /app/ewei_shopv2_api.php?i=2&r=diypage&id=6&comefrom=wxapp&openid=sns_wa_oWJzS5PNScdgjd99Q5JPXDcDMLqo&mid=&merchid=&authkey=Zjk0ZFc1ZjYrK0dReTc5b0p6YUtFWGtOLzRkR3hDdDg5WXFhSU1NZTZ4dnljRWF0bVdXdTNMQjU2cFhpVXorRDFydjFGM2ttOC93b1NYdE4vVDJsQkQ0UWdDRQ%3D%3D&timestamp=1559923397284 yoxwechatbusinessModel::set_user:BEGIN
[2019-06-08 00:03:18] trace  /app/ewei_shopv2_api.php?i=2&r=diypage&type=6&comefrom=wxapp&openid=sns_wa_oWJzS5PNScdgjd99Q5JPXDcDMLqo&mid=&merchid=&authkey=Zjk0ZFc1ZjYrK0dReTc5b0p6YUtFWGtOLzRkR3hDdDg5WXFhSU1NZTZ4dnljRWF0bVdXdTNMQjU2cFhpVXorRDFydjFGM2ttOC93b1NYdE4vVDJsQkQ0UWdDRQ%3D%3D&timestamp=1559923397222 yoxwechatbusinessModel::set_user:BEGIN
[2019-06-08 00:03:19] trace  /app/ewei_shopv2_api.php?i=2&r=goods.get_detail&id=29&comefrom=wxapp&openid=sns_wa_oWJzS5PNScdgjd99Q5JPXDcDMLqo&mid=&merchid=&authkey=ODZhN3JoQ2RmMVhGN0ZIM3BaMUJ2aXBybXk2cGFhV3dKOFkrR3FhbjVtSzkyakpuUjZ0OUd3d0oyeU5kOVdwc0YyWEsvdWtJNU9hMjNzQTVpbG1xZk9wSW1wdjczQ09EdG8rZENuMzhaZVc5aGc%3D&timestamp=1559923398752 yoxwechatbusinessModel::set_user:BEGIN
[2019-06-08 00:03:23] trace  /app/ewei_shopv2_api.php?i=2&r=shop.get_hasnewcoupon&comefrom=wxapp&openid=sns_wa_oWJzS5PNScdgjd99Q5JPXDcDMLqo&mid=&merchid=&authkey=&timestamp=1559923402765 yoxwechatbusinessModel::set_user:BEGIN
[2019-06-08 00:03:23] trace  /app/ewei_shopv2_api.php?i=2&r=shop.get_shopindex&comefrom=wxapp&openid=sns_wa_oWJzS5PNScdgjd99Q5JPXDcDMLqo&mid=&merchid=&authkey=&timestamp=1559923402741 yoxwechatbusinessModel::set_user:BEGIN
[2019-06-08 00:03:23] trace  /app/ewei_shopv2_api.php?i=2&r=shop.get_cpinfos&comefrom=wxapp&openid=sns_wa_oWJzS5PNScdgjd99Q5JPXDcDMLqo&mid=&merchid=&authkey=&timestamp=1559923402788 yoxwechatbusinessModel::set_user:BEGIN
[2019-06-08 00:03:21] trace  /app/ewei_shopv2_api.php?i=2&r=goods.get_comments&id=29&comefrom=wxapp&openid=sns_wa_oWJzS5PNScdgjd99Q5JPXDcDMLqo&mid=&merchid=&authkey=&timestamp=1559923400183 yoxwechatbusinessModel::set_user:BEGIN
[2019-06-08 00:07:29] trace  /app/ewei_shopv2_api.php?i=2&r=shop.get_hasnewcoupon&comefrom=wxapp&openid=sns_wa_oWJzS5PNScdgjd99Q5JPXDcDMLqo&mid=&merchid=&authkey=&timestamp=1559923648419 yoxwechatbusinessModel::set_user:BEGIN
[2019-06-08 00:07:30] trace  /app/ewei_shopv2_api.php?i=2&r=shop.get_cpinfos&comefrom=wxapp&openid=sns_wa_oWJzS5PNScdgjd99Q5JPXDcDMLqo&mid=&merchid=&authkey=&timestamp=1559923648453 yoxwechatbusinessModel::set_user:BEGIN
[2019-06-08 00:07:31] trace  /app/ewei_shopv2_api.php?i=2&r=shop.get_shopindex&comefrom=wxapp&openid=sns_wa_oWJzS5PNScdgjd99Q5JPXDcDMLqo&mid=&merchid=&authkey=&timestamp=1559923648392 yoxwechatbusinessModel::set_user:BEGIN
[2019-06-08 00:08:15] trace  /app/ewei_shopv2_api.php?i=2&r=shop.get_hasnewcoupon&comefrom=wxapp&openid=sns_wa_oWJzS5PNScdgjd99Q5JPXDcDMLqo&mid=&merchid=&authkey=MWFjNSs5aFhjeE9ZMHBrTHFZN2o4RWRZTUhybUIrYnIycXQ0bGFXY2tCSVk0Q2xxMnBGa3YzQXVJY3ZJbWk1cWZVQ0VTNXhyb0hQbzgvb3RpYzMyUW84Z2lVREM4aEtzQXBVV05uaFAvbW1YNkE%3D&timestamp=1559923694674 yoxwechatbusinessModel::set_user:BEGIN
[2019-06-08 00:08:15] trace  /app/ewei_shopv2_api.php?i=2&r=shop.get_shopindex&comefrom=wxapp&openid=sns_wa_oWJzS5PNScdgjd99Q5JPXDcDMLqo&mid=&merchid=&authkey=MWFjNSs5aFhjeE9ZMHBrTHFZN2o4RWRZTUhybUIrYnIycXQ0bGFXY2tCSVk0Q2xxMnBGa3YzQXVJY3ZJbWk1cWZVQ0VTNXhyb0hQbzgvb3RpYzMyUW84Z2lVREM4aEtzQXBVV05uaFAvbW1YNkE%3D&timestamp=1559923694649 yoxwechatbusinessModel::set_user:BEGIN
[2019-06-08 00:08:15] trace  /app/ewei_shopv2_api.php?i=2&r=shop.get_cpinfos&comefrom=wxapp&openid=sns_wa_oWJzS5PNScdgjd99Q5JPXDcDMLqo&mid=&merchid=&authkey=MWFjNSs5aFhjeE9ZMHBrTHFZN2o4RWRZTUhybUIrYnIycXQ0bGFXY2tCSVk0Q2xxMnBGa3YzQXVJY3ZJbWk1cWZVQ0VTNXhyb0hQbzgvb3RpYzMyUW84Z2lVREM4aEtzQXBVV05uaFAvbW1YNkE%3D&timestamp=1559923694697 yoxwechatbusinessModel::set_user:BEGIN
[2019-06-08 00:08:28] trace  /app/ewei_shopv2_api.php?i=2&r=shop.get_shopindex&comefrom=wxapp&openid=sns_wa_oWJzS5PNScdgjd99Q5JPXDcDMLqo&mid=&merchid=&authkey=&timestamp=1559923707553 yoxwechatbusinessModel::set_user:BEGIN
[2019-06-08 00:08:28] trace  /app/ewei_shopv2_api.php?i=2&r=shop.get_cpinfos&comefrom=wxapp&openid=sns_wa_oWJzS5PNScdgjd99Q5JPXDcDMLqo&mid=&merchid=&authkey=&timestamp=1559923707606 yoxwechatbusinessModel::set_user:BEGIN
[2019-06-08 00:08:28] trace  /app/ewei_shopv2_api.php?i=2&r=shop.get_hasnewcoupon&comefrom=wxapp&openid=sns_wa_oWJzS5PNScdgjd99Q5JPXDcDMLqo&mid=&merchid=&authkey=&timestamp=1559923707581 yoxwechatbusinessModel::set_user:BEGIN
[2019-06-08 00:08:29] trace  /app/ewei_shopv2_api.php?i=2&r=shop.get_category&comefrom=wxapp&openid=sns_wa_oWJzS5PNScdgjd99Q5JPXDcDMLqo&mid=&merchid=&authkey=&timestamp=1559923709080 yoxwechatbusinessModel::set_user:BEGIN
[2019-06-08 03:19:30] trace  /app/ewei_shopv2_api.php?i=2&r=cacheset&version=&comefrom=wxapp&openid=sns_wa_oWJzS5EowhfQ-QJPdTdgG4gqjWKk&authkey=MmRiMTJKME1yRFNNMkRrMXlYY2pRSXJBL0JFbmtWRWQ0cDB1VWV1Q3Q3VXlqdERzZ3o4dDN2dlpla09lMHhQRVc3QjUzZUpwYTZUbCtEbXlEVkpzT0x0b0Jmbw%3D%3D&timestamp=1559935170691 yoxwechatbusinessModel::set_user:BEGIN
[2019-06-08 03:19:30] trace  /app/ewei_shopv2_api.php?i=2&r=cacheset&version=&comefrom=wxapp&openid=sns_wa_oWJzS5EowhfQ-QJPdTdgG4gqjWKk&authkey=MmRiMTJKME1yRFNNMkRrMXlYY2pRSXJBL0JFbmtWRWQ0cDB1VWV1Q3Q3VXlqdERzZ3o4dDN2dlpla09lMHhQRVc3QjUzZUpwYTZUbCtEbXlEVkpzT0x0b0Jmbw%3D%3D&timestamp=1559935170691 yoxwechatbusinessModel::set_user:END
[2019-06-08 03:19:34] trace  /app/ewei_shopv2_api.php?i=2&r=shop.get_hasnewcoupon&comefrom=wxapp&openid=sns_wa_oWJzS5EowhfQ-QJPdTdgG4gqjWKk&mid=&merchid=&authkey=YTIwZmVFRWhDZEJoWkhFVVdlNHJSS1pIVXhXVTZqU0laYk1SWTZvTHVFRkZ1QW5qR2M4ZzZZS0tCS3VSeksyWEJUd1c0OVVpb1JuV2pLeEQvd2tnOXhYYlBMUQ%3D%3D&timestamp=1559935175004 yoxwechatbusinessModel::set_user:BEGIN
[2019-06-08 03:19:34] trace  /app/ewei_shopv2_api.php?i=2&r=shop.get_hasnewcoupon&comefrom=wxapp&openid=sns_wa_oWJzS5EowhfQ-QJPdTdgG4gqjWKk&mid=&merchid=&authkey=YTIwZmVFRWhDZEJoWkhFVVdlNHJSS1pIVXhXVTZqU0laYk1SWTZvTHVFRkZ1QW5qR2M4ZzZZS0tCS3VSeksyWEJUd1c0OVVpb1JuV2pLeEQvd2tnOXhYYlBMUQ%3D%3D&timestamp=1559935175004 yoxwechatbusinessModel::set_user:END
[2019-06-08 03:19:34] trace  /app/ewei_shopv2_api.php?i=2&r=shop.get_shopindex&comefrom=wxapp&openid=sns_wa_oWJzS5EowhfQ-QJPdTdgG4gqjWKk&mid=&merchid=&authkey=YTIwZmVFRWhDZEJoWkhFVVdlNHJSS1pIVXhXVTZqU0laYk1SWTZvTHVFRkZ1QW5qR2M4ZzZZS0tCS3VSeksyWEJUd1c0OVVpb1JuV2pLeEQvd2tnOXhYYlBMUQ%3D%3D&timestamp=1559935174995 yoxwechatbusinessModel::set_user:BEGIN
[2019-06-08 03:19:34] trace  /app/ewei_shopv2_api.php?i=2&r=black&comefrom=wxapp&openid=sns_wa_oWJzS5EowhfQ-QJPdTdgG4gqjWKk&authkey=YTIwZmVFRWhDZEJoWkhFVVdlNHJSS1pIVXhXVTZqU0laYk1SWTZvTHVFRkZ1QW5qR2M4ZzZZS0tCS3VSeksyWEJUd1c0OVVpb1JuV2pLeEQvd2tnOXhYYlBMUQ%3D%3D&timestamp=1559935174940 yoxwechatbusinessModel::set_user:BEGIN
[2019-06-08 03:19:34] trace  /app/ewei_shopv2_api.php?i=2&r=shop.get_shopindex&comefrom=wxapp&openid=sns_wa_oWJzS5EowhfQ-QJPdTdgG4gqjWKk&mid=&merchid=&authkey=YTIwZmVFRWhDZEJoWkhFVVdlNHJSS1pIVXhXVTZqU0laYk1SWTZvTHVFRkZ1QW5qR2M4ZzZZS0tCS3VSeksyWEJUd1c0OVVpb1JuV2pLeEQvd2tnOXhYYlBMUQ%3D%3D&timestamp=1559935174995 yoxwechatbusinessModel::set_user:END
[2019-06-08 03:19:34] trace  /app/ewei_shopv2_api.php?i=2&r=black&comefrom=wxapp&openid=sns_wa_oWJzS5EowhfQ-QJPdTdgG4gqjWKk&authkey=YTIwZmVFRWhDZEJoWkhFVVdlNHJSS1pIVXhXVTZqU0laYk1SWTZvTHVFRkZ1QW5qR2M4ZzZZS0tCS3VSeksyWEJUd1c0OVVpb1JuV2pLeEQvd2tnOXhYYlBMUQ%3D%3D&timestamp=1559935174940 yoxwechatbusinessModel::set_user:END
[2019-06-08 03:19:34] trace  /app/ewei_shopv2_api.php?i=2&r=diypage&type=home&comefrom=wxapp&openid=sns_wa_oWJzS5EowhfQ-QJPdTdgG4gqjWKk&mid=&merchid=&authkey=YTIwZmVFRWhDZEJoWkhFVVdlNHJSS1pIVXhXVTZqU0laYk1SWTZvTHVFRkZ1QW5qR2M4ZzZZS0tCS3VSeksyWEJUd1c0OVVpb1JuV2pLeEQvd2tnOXhYYlBMUQ%3D%3D&timestamp=1559935174966 yoxwechatbusinessModel::set_user:BEGIN
[2019-06-08 03:19:34] trace  /app/ewei_shopv2_api.php?i=2&r=shop.get_cpinfos&comefrom=wxapp&openid=sns_wa_oWJzS5EowhfQ-QJPdTdgG4gqjWKk&mid=&merchid=&authkey=YTIwZmVFRWhDZEJoWkhFVVdlNHJSS1pIVXhXVTZqU0laYk1SWTZvTHVFRkZ1QW5qR2M4ZzZZS0tCS3VSeksyWEJUd1c0OVVpb1JuV2pLeEQvd2tnOXhYYlBMUQ%3D%3D&timestamp=1559935175011 yoxwechatbusinessModel::set_user:BEGIN
[2019-06-08 03:19:34] trace  /app/ewei_shopv2_api.php?i=2&r=diypage&type=home&comefrom=wxapp&openid=sns_wa_oWJzS5EowhfQ-QJPdTdgG4gqjWKk&mid=&merchid=&authkey=YTIwZmVFRWhDZEJoWkhFVVdlNHJSS1pIVXhXVTZqU0laYk1SWTZvTHVFRkZ1QW5qR2M4ZzZZS0tCS3VSeksyWEJUd1c0OVVpb1JuV2pLeEQvd2tnOXhYYlBMUQ%3D%3D&timestamp=1559935174966 yoxwechatbusinessModel::set_user:END
[2019-06-08 03:19:34] trace  /app/ewei_shopv2_api.php?i=2&r=shop.get_cpinfos&comefrom=wxapp&openid=sns_wa_oWJzS5EowhfQ-QJPdTdgG4gqjWKk&mid=&merchid=&authkey=YTIwZmVFRWhDZEJoWkhFVVdlNHJSS1pIVXhXVTZqU0laYk1SWTZvTHVFRkZ1QW5qR2M4ZzZZS0tCS3VSeksyWEJUd1c0OVVpb1JuV2pLeEQvd2tnOXhYYlBMUQ%3D%3D&timestamp=1559935175011 yoxwechatbusinessModel::set_user:END
[2019-06-08 17:04:12] trace  /app/ewei_shopv2_api.php?i=2&r=diypage&type=home&comefrom=wxapp&openid=sns_wa_oWJzS5I4SwtIvnavadWO1lOR7lAw&mid=&merchid=&authkey=&timestamp=1559984651243 yoxwechatbusinessModel::set_user:BEGIN
[2019-06-08 17:04:12] trace  /app/ewei_shopv2_api.php?i=2&r=diypage&type=home&comefrom=wxapp&openid=sns_wa_oWJzS5I4SwtIvnavadWO1lOR7lAw&mid=&merchid=&authkey=&timestamp=1559984651243 yoxwechatbusinessModel::set_user:END
[2019-06-08 17:04:12] trace  /app/ewei_shopv2_api.php?i=2&r=shop.get_cpinfos&comefrom=wxapp&openid=sns_wa_oWJzS5I4SwtIvnavadWO1lOR7lAw&mid=&merchid=&authkey=&timestamp=1559984651284 yoxwechatbusinessModel::set_user:BEGIN
[2019-06-08 17:04:12] trace  /app/ewei_shopv2_api.php?i=2&r=shop.get_cpinfos&comefrom=wxapp&openid=sns_wa_oWJzS5I4SwtIvnavadWO1lOR7lAw&mid=&merchid=&authkey=&timestamp=1559984651284 yoxwechatbusinessModel::set_user:END
[2019-06-08 17:04:12] trace  /app/ewei_shopv2_api.php?i=2&r=shop.get_hasnewcoupon&comefrom=wxapp&openid=sns_wa_oWJzS5I4SwtIvnavadWO1lOR7lAw&mid=&merchid=&authkey=&timestamp=1559984651280 yoxwechatbusinessModel::set_user:BEGIN
[2019-06-08 17:04:12] trace  /app/ewei_shopv2_api.php?i=2&r=shop.get_shopindex&comefrom=wxapp&openid=sns_wa_oWJzS5I4SwtIvnavadWO1lOR7lAw&mid=&merchid=&authkey=&timestamp=1559984651264 yoxwechatbusinessModel::set_user:BEGIN
[2019-06-08 17:04:12] trace  /app/ewei_shopv2_api.php?i=2&r=shop.get_hasnewcoupon&comefrom=wxapp&openid=sns_wa_oWJzS5I4SwtIvnavadWO1lOR7lAw&mid=&merchid=&authkey=&timestamp=1559984651280 yoxwechatbusinessModel::set_user:END
[2019-06-08 17:04:12] trace  /app/ewei_shopv2_api.php?i=2&r=shop.get_shopindex&comefrom=wxapp&openid=sns_wa_oWJzS5I4SwtIvnavadWO1lOR7lAw&mid=&merchid=&authkey=&timestamp=1559984651264 yoxwechatbusinessModel::set_user:END
[2019-06-08 17:04:15] trace  /app/ewei_shopv2_api.php?i=2&r=groups&comefrom=wxapp&openid=sns_wa_oWJzS5I4SwtIvnavadWO1lOR7lAw&mid=&merchid=&authkey=MmExY0pPMlhWdHl2dUlMK1daemNVSU5mMmR2TWsrbHk5OUZFWW1vV01KeUp5WHhNOTFWTXA4Ui9nM3JWallPc2ZyMStFMGlKaTdpTUoxTVRMeW4reUo4VStiRQ%3D%3D&timestamp=1559984655539 yoxwechatbusinessModel::set_user:BEGIN
[2019-06-08 17:04:15] trace  /app/ewei_shopv2_api.php?i=2&r=groups&comefrom=wxapp&openid=sns_wa_oWJzS5I4SwtIvnavadWO1lOR7lAw&mid=&merchid=&authkey=MmExY0pPMlhWdHl2dUlMK1daemNVSU5mMmR2TWsrbHk5OUZFWW1vV01KeUp5WHhNOTFWTXA4Ui9nM3JWallPc2ZyMStFMGlKaTdpTUoxTVRMeW4reUo4VStiRQ%3D%3D&timestamp=1559984655539 yoxwechatbusinessModel::set_user:END
[2019-06-08 17:04:11] trace  /app/ewei_shopv2_api.php?i=2&r=black&comefrom=wxapp&openid=sns_wa_oWJzS5I4SwtIvnavadWO1lOR7lAw&authkey=&timestamp=1559984651228 yoxwechatbusinessModel::set_user:BEGIN
[2019-06-08 17:04:11] trace  /app/ewei_shopv2_api.php?i=2&r=black&comefrom=wxapp&openid=sns_wa_oWJzS5I4SwtIvnavadWO1lOR7lAw&authkey=&timestamp=1559984651228 yoxwechatbusinessModel::set_user:END
[2019-06-08 17:04:17] trace  /app/ewei_shopv2_api.php?i=2&r=groups.list&timestamp=1559984657824 category=; page=1; comefrom=wxapp; openid=sns_wa_oWJzS5I4SwtIvnavadWO1lOR7lAw; mid=; merchid=; authkey=; 
yoxwechatbusinessModel::set_user:BEGIN
[2019-06-08 17:04:17] trace  /app/ewei_shopv2_api.php?i=2&r=groups.list&timestamp=1559984657824 category=; page=1; comefrom=wxapp; openid=sns_wa_oWJzS5I4SwtIvnavadWO1lOR7lAw; mid=; merchid=; authkey=; 
yoxwechatbusinessModel::set_user:END
[2019-06-08 17:04:19] trace  /app/ewei_shopv2_api.php?i=2&r=groups.order&status=&page=1&comefrom=wxapp&openid=sns_wa_oWJzS5I4SwtIvnavadWO1lOR7lAw&mid=&merchid=&authkey=&timestamp=1559984658985 yoxwechatbusinessModel::set_user:BEGIN
[2019-06-08 17:04:19] trace  /app/ewei_shopv2_api.php?i=2&r=groups.order&status=&page=1&comefrom=wxapp&openid=sns_wa_oWJzS5I4SwtIvnavadWO1lOR7lAw&mid=&merchid=&authkey=&timestamp=1559984658985 yoxwechatbusinessModel::set_user:END
[2019-06-08 17:04:19] trace  /app/ewei_shopv2_api.php?i=2&r=groups.team&success=&page=1&comefrom=wxapp&openid=sns_wa_oWJzS5I4SwtIvnavadWO1lOR7lAw&mid=&merchid=&authkey=&timestamp=1559984659909 yoxwechatbusinessModel::set_user:BEGIN
[2019-06-08 17:04:19] trace  /app/ewei_shopv2_api.php?i=2&r=groups.team&success=&page=1&comefrom=wxapp&openid=sns_wa_oWJzS5I4SwtIvnavadWO1lOR7lAw&mid=&merchid=&authkey=&timestamp=1559984659909 yoxwechatbusinessModel::set_user:END
[2019-06-08 17:04:20] trace  /app/ewei_shopv2_api.php?i=2&r=seckill.get_list&comefrom=wxapp&openid=sns_wa_oWJzS5I4SwtIvnavadWO1lOR7lAw&mid=&merchid=&authkey=&timestamp=1559984660467 yoxwechatbusinessModel::set_user:BEGIN
[2019-06-08 17:04:20] trace  /app/ewei_shopv2_api.php?i=2&r=seckill.get_list&comefrom=wxapp&openid=sns_wa_oWJzS5I4SwtIvnavadWO1lOR7lAw&mid=&merchid=&authkey=&timestamp=1559984660467 yoxwechatbusinessModel::set_user:END
[2019-06-08 17:04:30] trace  /app/ewei_shopv2_api.php?i=2&r=black&comefrom=wxapp&openid=sns_wa_oWJzS5I4SwtIvnavadWO1lOR7lAw&mid=&merchid=&authkey=&timestamp=1559984670028 yoxwechatbusinessModel::set_user:BEGIN
[2019-06-08 17:04:30] trace  /app/ewei_shopv2_api.php?i=2&r=black&comefrom=wxapp&openid=sns_wa_oWJzS5I4SwtIvnavadWO1lOR7lAw&mid=&merchid=&authkey=&timestamp=1559984670028 yoxwechatbusinessModel::set_user:END
[2019-06-08 17:04:30] trace  /app/ewei_shopv2_api.php?i=2&r=shop.get_shopindex&comefrom=wxapp&openid=sns_wa_oWJzS5I4SwtIvnavadWO1lOR7lAw&mid=&merchid=&authkey=&timestamp=1559984670192 yoxwechatbusinessModel::set_user:BEGIN
[2019-06-08 17:04:30] trace  /app/ewei_shopv2_api.php?i=2&r=shop.get_shopindex&comefrom=wxapp&openid=sns_wa_oWJzS5I4SwtIvnavadWO1lOR7lAw&mid=&merchid=&authkey=&timestamp=1559984670192 yoxwechatbusinessModel::set_user:END
[2019-06-08 17:04:30] trace  /app/ewei_shopv2_api.php?i=2&r=diypage&type=home&comefrom=wxapp&openid=sns_wa_oWJzS5I4SwtIvnavadWO1lOR7lAw&mid=&merchid=&authkey=&timestamp=1559984670057 yoxwechatbusinessModel::set_user:BEGIN
[2019-06-08 17:04:30] trace  /app/ewei_shopv2_api.php?i=2&r=shop.get_hasnewcoupon&comefrom=wxapp&openid=sns_wa_oWJzS5I4SwtIvnavadWO1lOR7lAw&mid=&merchid=&authkey=&timestamp=1559984670199 yoxwechatbusinessModel::set_user:BEGIN
[2019-06-08 17:04:30] trace  /app/ewei_shopv2_api.php?i=2&r=shop.get_hasnewcoupon&comefrom=wxapp&openid=sns_wa_oWJzS5I4SwtIvnavadWO1lOR7lAw&mid=&merchid=&authkey=&timestamp=1559984670199 yoxwechatbusinessModel::set_user:END
[2019-06-08 17:04:30] trace  /app/ewei_shopv2_api.php?i=2&r=diypage&type=home&comefrom=wxapp&openid=sns_wa_oWJzS5I4SwtIvnavadWO1lOR7lAw&mid=&merchid=&authkey=&timestamp=1559984670057 yoxwechatbusinessModel::set_user:END
[2019-06-08 17:04:30] trace  /app/ewei_shopv2_api.php?i=2&r=shop.get_cpinfos&comefrom=wxapp&openid=sns_wa_oWJzS5I4SwtIvnavadWO1lOR7lAw&mid=&merchid=&authkey=&timestamp=1559984670204 yoxwechatbusinessModel::set_user:BEGIN
[2019-06-08 17:04:30] trace  /app/ewei_shopv2_api.php?i=2&r=shop.get_cpinfos&comefrom=wxapp&openid=sns_wa_oWJzS5I4SwtIvnavadWO1lOR7lAw&mid=&merchid=&authkey=&timestamp=1559984670204 yoxwechatbusinessModel::set_user:END
[2019-06-08 17:04:33] trace  /app/ewei_shopv2_api.php?i=2&r=diypage&type=7&comefrom=wxapp&openid=sns_wa_oWJzS5I4SwtIvnavadWO1lOR7lAw&mid=&merchid=&authkey=&timestamp=1559984673454 yoxwechatbusinessModel::set_user:BEGIN
[2019-06-08 17:04:33] trace  /app/ewei_shopv2_api.php?i=2&r=diypage&type=7&comefrom=wxapp&openid=sns_wa_oWJzS5I4SwtIvnavadWO1lOR7lAw&mid=&merchid=&authkey=&timestamp=1559984673454 yoxwechatbusinessModel::set_user:END
[2019-06-08 17:04:34] trace  /app/ewei_shopv2_api.php?i=2&r=diypage&id=7&comefrom=wxapp&openid=sns_wa_oWJzS5I4SwtIvnavadWO1lOR7lAw&mid=&merchid=&authkey=&timestamp=1559984673471 yoxwechatbusinessModel::set_user:BEGIN
[2019-06-08 17:04:34] trace  /app/ewei_shopv2_api.php?i=2&r=diypage&id=7&comefrom=wxapp&openid=sns_wa_oWJzS5I4SwtIvnavadWO1lOR7lAw&mid=&merchid=&authkey=&timestamp=1559984673471 yoxwechatbusinessModel::set_user:END
[2019-06-08 17:04:35] trace  /app/ewei_shopv2_api.php?i=2&r=yoxfriendscircle.friendscircle_list&isajax=1&page=1&comefrom=wxapp&openid=sns_wa_oWJzS5I4SwtIvnavadWO1lOR7lAw&mid=&merchid=&authkey=&timestamp=1559984675474 yoxwechatbusinessModel::set_user:BEGIN
[2019-06-08 17:04:35] trace  /app/ewei_shopv2_api.php?i=2&r=yoxfriendscircle.friendscircle_list&isajax=1&page=1&comefrom=wxapp&openid=sns_wa_oWJzS5I4SwtIvnavadWO1lOR7lAw&mid=&merchid=&authkey=&timestamp=1559984675474 yoxwechatbusinessModel::set_user:END
[2019-06-08 17:04:38] trace  /app/ewei_shopv2_api.php?i=2&r=diypage&id=7&comefrom=wxapp&openid=sns_wa_oWJzS5I4SwtIvnavadWO1lOR7lAw&mid=&merchid=&authkey=&timestamp=1559984678186 yoxwechatbusinessModel::set_user:BEGIN
[2019-06-08 17:04:38] trace  /app/ewei_shopv2_api.php?i=2&r=diypage&id=7&comefrom=wxapp&openid=sns_wa_oWJzS5I4SwtIvnavadWO1lOR7lAw&mid=&merchid=&authkey=&timestamp=1559984678186 yoxwechatbusinessModel::set_user:END
[2019-06-08 17:04:38] trace  /app/ewei_shopv2_api.php?i=2&r=yoxdiy.template_list&isajax=1&comefrom=wxapp&openid=sns_wa_oWJzS5I4SwtIvnavadWO1lOR7lAw&mid=&merchid=&authkey=&timestamp=1559984678694 yoxwechatbusinessModel::set_user:BEGIN
[2019-06-08 17:04:38] trace  /app/ewei_shopv2_api.php?i=2&r=yoxdiy.template_list&isajax=1&comefrom=wxapp&openid=sns_wa_oWJzS5I4SwtIvnavadWO1lOR7lAw&mid=&merchid=&authkey=&timestamp=1559984678694 yoxwechatbusinessModel::set_user:END
[2019-06-08 17:04:42] trace  /app/ewei_shopv2_api.php?i=2&r=diypage&id=7&comefrom=wxapp&openid=sns_wa_oWJzS5I4SwtIvnavadWO1lOR7lAw&mid=&merchid=&authkey=&timestamp=1559984682691 yoxwechatbusinessModel::set_user:BEGIN
[2019-06-08 17:04:42] trace  /app/ewei_shopv2_api.php?i=2&r=diypage&id=7&comefrom=wxapp&openid=sns_wa_oWJzS5I4SwtIvnavadWO1lOR7lAw&mid=&merchid=&authkey=&timestamp=1559984682691 yoxwechatbusinessModel::set_user:END
[2019-06-08 17:04:45] trace  /app/ewei_shopv2_api.php?i=2&r=shop.get_shopindex&comefrom=wxapp&openid=sns_wa_oWJzS5I4SwtIvnavadWO1lOR7lAw&mid=&merchid=&authkey=&timestamp=1559984685667 yoxwechatbusinessModel::set_user:BEGIN
[2019-06-08 17:04:45] trace  /app/ewei_shopv2_api.php?i=2&r=shop.get_shopindex&comefrom=wxapp&openid=sns_wa_oWJzS5I4SwtIvnavadWO1lOR7lAw&mid=&merchid=&authkey=&timestamp=1559984685667 yoxwechatbusinessModel::set_user:END
[2019-06-08 17:04:46] trace  /app/ewei_shopv2_api.php?i=2&r=shop.get_hasnewcoupon&comefrom=wxapp&openid=sns_wa_oWJzS5I4SwtIvnavadWO1lOR7lAw&mid=&merchid=&authkey=&timestamp=1559984685673 yoxwechatbusinessModel::set_user:BEGIN
[2019-06-08 17:04:46] trace  /app/ewei_shopv2_api.php?i=2&r=shop.get_hasnewcoupon&comefrom=wxapp&openid=sns_wa_oWJzS5I4SwtIvnavadWO1lOR7lAw&mid=&merchid=&authkey=&timestamp=1559984685673 yoxwechatbusinessModel::set_user:END
[2019-06-08 17:04:46] trace  /app/ewei_shopv2_api.php?i=2&r=shop.get_cpinfos&comefrom=wxapp&openid=sns_wa_oWJzS5I4SwtIvnavadWO1lOR7lAw&mid=&merchid=&authkey=&timestamp=1559984685677 yoxwechatbusinessModel::set_user:BEGIN
[2019-06-08 17:04:46] trace  /app/ewei_shopv2_api.php?i=2&r=shop.get_cpinfos&comefrom=wxapp&openid=sns_wa_oWJzS5I4SwtIvnavadWO1lOR7lAw&mid=&merchid=&authkey=&timestamp=1559984685677 yoxwechatbusinessModel::set_user:END
[2019-06-08 17:40:17] trace  /app/ewei_shopv2_api.php?i=2&r=black&comefrom=wxapp&openid=sns_wa_oWJzS5PuG5xssQSvV9KCUg9mcyB8&authkey=NmE4ZnJTaUNnVm1KZkc1MmF5YkNNbDVUbGl6L3BxZndmaVBZWEhLcVBweGVJUmNwT2lGbVgybmJTUHc3SXJBd3RYdEtNbTJBSlF6cnhRR25BYmxtQ3h4VllaTHIrOE9PK2s2R25qeXVnLzRlZ2c%3D&timestamp=1559986812712 yoxwechatbusinessModel::set_user:BEGIN
[2019-06-08 17:40:17] trace  /app/ewei_shopv2_api.php?i=2&r=shop.get_cpinfos&comefrom=wxapp&openid=sns_wa_oWJzS5PuG5xssQSvV9KCUg9mcyB8&mid=&merchid=&authkey=NmE4ZnJTaUNnVm1KZkc1MmF5YkNNbDVUbGl6L3BxZndmaVBZWEhLcVBweGVJUmNwT2lGbVgybmJTUHc3SXJBd3RYdEtNbTJBSlF6cnhRR25BYmxtQ3h4VllaTHIrOE9PK2s2R25qeXVnLzRlZ2c%3D&timestamp=1559986812880 yoxwechatbusinessModel::set_user:BEGIN
[2019-06-08 17:40:17] trace  /app/ewei_shopv2_api.php?i=2&r=diypage&type=home&comefrom=wxapp&openid=sns_wa_oWJzS5PuG5xssQSvV9KCUg9mcyB8&mid=&merchid=&authkey=NmE4ZnJTaUNnVm1KZkc1MmF5YkNNbDVUbGl6L3BxZndmaVBZWEhLcVBweGVJUmNwT2lGbVgybmJTUHc3SXJBd3RYdEtNbTJBSlF6cnhRR25BYmxtQ3h4VllaTHIrOE9PK2s2R25qeXVnLzRlZ2c%3D&timestamp=1559986812764 yoxwechatbusinessModel::set_user:BEGIN
[2019-06-08 17:40:17] trace  /app/ewei_shopv2_api.php?i=2&r=shop.get_shopindex&comefrom=wxapp&openid=sns_wa_oWJzS5PuG5xssQSvV9KCUg9mcyB8&mid=&merchid=&authkey=NmE4ZnJTaUNnVm1KZkc1MmF5YkNNbDVUbGl6L3BxZndmaVBZWEhLcVBweGVJUmNwT2lGbVgybmJTUHc3SXJBd3RYdEtNbTJBSlF6cnhRR25BYmxtQ3h4VllaTHIrOE9PK2s2R25qeXVnLzRlZ2c%3D&timestamp=1559986812825 yoxwechatbusinessModel::set_user:BEGIN
[2019-06-08 17:40:17] trace  /app/ewei_shopv2_api.php?i=2&r=shop.get_hasnewcoupon&comefrom=wxapp&openid=sns_wa_oWJzS5PuG5xssQSvV9KCUg9mcyB8&mid=&merchid=&authkey=NmE4ZnJTaUNnVm1KZkc1MmF5YkNNbDVUbGl6L3BxZndmaVBZWEhLcVBweGVJUmNwT2lGbVgybmJTUHc3SXJBd3RYdEtNbTJBSlF6cnhRR25BYmxtQ3h4VllaTHIrOE9PK2s2R25qeXVnLzRlZ2c%3D&timestamp=1559986812863 yoxwechatbusinessModel::set_user:BEGIN
[2019-06-08 17:41:04] trace  /app/ewei_shopv2_api.php?i=2&r=shop.get_category&comefrom=wxapp&openid=sns_wa_oWJzS5PuG5xssQSvV9KCUg9mcyB8&mid=&merchid=&authkey=&timestamp=1559986863108 yoxwechatbusinessModel::set_user:BEGIN
[2019-06-08 17:41:45] trace  /app/ewei_shopv2_api.php?i=2&r=goods.get_list&page=1&comefrom=wxapp&openid=sns_wa_oWJzS5PuG5xssQSvV9KCUg9mcyB8&mid=&merchid=&authkey=&timestamp=1559986903949 yoxwechatbusinessModel::set_user:BEGIN
[2019-06-08 17:41:45] trace  /app/ewei_shopv2_api.php?i=2&r=goods.get_category&comefrom=wxapp&openid=sns_wa_oWJzS5PuG5xssQSvV9KCUg9mcyB8&mid=&merchid=&authkey=&timestamp=1559986903924 yoxwechatbusinessModel::set_user:BEGIN
[2019-06-08 17:41:48] trace  /app/ewei_shopv2_api.php?i=2&r=goods.get_list&page=2&comefrom=wxapp&openid=sns_wa_oWJzS5PuG5xssQSvV9KCUg9mcyB8&mid=&merchid=&authkey=&timestamp=1559986906576 yoxwechatbusinessModel::set_user:BEGIN
[2019-06-08 17:42:10] trace  /app/ewei_shopv2_api.php?i=2&r=goods.get_list&page=3&comefrom=wxapp&openid=sns_wa_oWJzS5PuG5xssQSvV9KCUg9mcyB8&mid=&merchid=&authkey=&timestamp=1559986929463 yoxwechatbusinessModel::set_user:BEGIN
[2019-06-08 17:42:11] trace  /app/ewei_shopv2_api.php?i=2&r=goods.get_list&page=3&comefrom=wxapp&openid=sns_wa_oWJzS5PuG5xssQSvV9KCUg9mcyB8&mid=&merchid=&authkey=&timestamp=1559986929980 yoxwechatbusinessModel::set_user:BEGIN
[2019-06-08 17:42:18] trace  /app/ewei_shopv2_api.php?i=2&r=goods.get_list&page=5&comefrom=wxapp&openid=sns_wa_oWJzS5PuG5xssQSvV9KCUg9mcyB8&mid=&merchid=&authkey=&timestamp=1559986937250 yoxwechatbusinessModel::set_user:BEGIN
[2019-06-08 17:42:23] trace  /app/ewei_shopv2_api.php?i=2&r=goods.get_list&page=6&comefrom=wxapp&openid=sns_wa_oWJzS5PuG5xssQSvV9KCUg9mcyB8&mid=&merchid=&authkey=&timestamp=1559986941761 yoxwechatbusinessModel::set_user:BEGIN
[2019-06-08 17:42:23] trace  /app/ewei_shopv2_api.php?i=2&r=goods.get_list&page=6&comefrom=wxapp&openid=sns_wa_oWJzS5PuG5xssQSvV9KCUg9mcyB8&mid=&merchid=&authkey=&timestamp=1559986942161 yoxwechatbusinessModel::set_user:BEGIN
[2019-06-08 17:42:26] trace  /app/ewei_shopv2_api.php?i=2&r=shop.get_shopindex&comefrom=wxapp&openid=sns_wa_oWJzS5PuG5xssQSvV9KCUg9mcyB8&mid=&merchid=&authkey=&timestamp=1559986945510 yoxwechatbusinessModel::set_user:BEGIN
[2019-06-08 17:42:26] trace  /app/ewei_shopv2_api.php?i=2&r=shop.get_hasnewcoupon&comefrom=wxapp&openid=sns_wa_oWJzS5PuG5xssQSvV9KCUg9mcyB8&mid=&merchid=&authkey=&timestamp=1559986945530 yoxwechatbusinessModel::set_user:BEGIN
[2019-06-08 17:42:26] trace  /app/ewei_shopv2_api.php?i=2&r=shop.get_cpinfos&comefrom=wxapp&openid=sns_wa_oWJzS5PuG5xssQSvV9KCUg9mcyB8&mid=&merchid=&authkey=&timestamp=1559986945549 yoxwechatbusinessModel::set_user:BEGIN
[2019-06-08 21:32:51] trace  /app/ewei_shopv2_api.php?i=2&r=black&comefrom=wxapp&openid=sns_wa_oWJzS5PuG5xssQSvV9KCUg9mcyB8&authkey=&timestamp=1560000769564 yoxwechatbusinessModel::set_user:BEGIN
[2019-06-08 21:32:51] trace  /app/ewei_shopv2_api.php?i=2&r=shop.get_shopindex&comefrom=wxapp&openid=sns_wa_oWJzS5PuG5xssQSvV9KCUg9mcyB8&mid=&merchid=&authkey=&timestamp=1560000769658 yoxwechatbusinessModel::set_user:BEGIN
[2019-06-08 21:32:51] trace  /app/ewei_shopv2_api.php?i=2&r=shop.get_cpinfos&comefrom=wxapp&openid=sns_wa_oWJzS5PuG5xssQSvV9KCUg9mcyB8&mid=&merchid=&authkey=&timestamp=1560000769695 yoxwechatbusinessModel::set_user:BEGIN
[2019-06-08 21:32:52] trace  /app/ewei_shopv2_api.php?i=2&r=diypage&type=home&comefrom=wxapp&openid=sns_wa_oWJzS5PuG5xssQSvV9KCUg9mcyB8&mid=&merchid=&authkey=&timestamp=1560000769607 yoxwechatbusinessModel::set_user:BEGIN
[2019-06-08 21:32:51] trace  /app/ewei_shopv2_api.php?i=2&r=shop.get_hasnewcoupon&comefrom=wxapp&openid=sns_wa_oWJzS5PuG5xssQSvV9KCUg9mcyB8&mid=&merchid=&authkey=&timestamp=1560000769679 yoxwechatbusinessModel::set_user:BEGIN
