[2019-08-22 00:05:11] trace  /app/ewei_shopv2_api.php?i=2&r=cacheset&version=&comefrom=wxapp&openid=sns_wa_oWJzS5EmrraWvVf0v0qrETEtJTe0&mid=&merchid=&authkey=YTllZXRKbHdXWVNWZ2l3Nms2R0E1OWxIQ3FvK0ZtSC9nOFhPRXRJemZlRGxtUUg4VmNIYzhhenZIMlFITnYyQ05jclpzdEJS&timestamp=1566403511305 yoxwechatbusinessModel::set_user:BEGIN
[2019-08-22 00:05:11] trace  /app/ewei_shopv2_api.php?i=2&r=cacheset&version=&comefrom=wxapp&openid=sns_wa_oWJzS5EmrraWvVf0v0qrETEtJTe0&mid=&merchid=&authkey=NGU2MWdZWmtGUzIzaTkrZWJ1czcyNHF6VGdZZXI5YldJYWQ4RHJUMkhrdnpwMGpBbGhRRGVNSy8xOHlCQ2dSSDZnMW9oeVFw&timestamp=1566403511334 yoxwechatbusinessModel::set_user:BEGIN
[2019-08-22 00:05:36] trace  /app/ewei_shopv2_api.php?i=2&r=black&comefrom=wxapp&openid=sns_wa_oWJzS5EmrraWvVf0v0qrETEtJTe0&mid=&merchid=&authkey=&timestamp=1566403536495 yoxwechatbusinessModel::set_user:BEGIN
[2019-08-22 00:05:36] trace  /app/ewei_shopv2_api.php?i=2&r=diypage&type=goodsdetail&comefrom=wxapp&openid=sns_wa_oWJzS5EmrraWvVf0v0qrETEtJTe0&mid=&merchid=&authkey=&timestamp=1566403536519 yoxwechatbusinessModel::set_user:BEGIN
[2019-08-22 00:05:37] trace  /app/ewei_shopv2_api.php?i=2&r=goods.get_detail&id=31&comefrom=wxapp&openid=sns_wa_oWJzS5EmrraWvVf0v0qrETEtJTe0&mid=&merchid=&authkey=NWVmYlpTbjhJbWJ2R1ZpQWxLaENyRk9NWFpuS0dIWjh6bkViVmZSOGFmS0FnQTU4STRvVGtUdjFtck56ektvNGdVMk9lWkl0K3Q5TGI2K3NSS054Yk8yZ2RadUVnYXVETU12Zml3dHUxL01ja2c%3D&timestamp=1566403537848 yoxwechatbusinessModel::set_user:BEGIN
[2019-08-22 00:05:38] trace  /app/ewei_shopv2_api.php?i=2&r=goods.get_comments&id=31&comefrom=wxapp&openid=sns_wa_oWJzS5EmrraWvVf0v0qrETEtJTe0&mid=&merchid=&authkey=&timestamp=1566403538263 yoxwechatbusinessModel::set_user:BEGIN
[2019-08-22 00:05:42] trace  /app/ewei_shopv2_api.php?i=2&r=shop.get_shopindex&comefrom=wxapp&openid=sns_wa_oWJzS5EmrraWvVf0v0qrETEtJTe0&mid=&merchid=&authkey=&timestamp=1566403542477 yoxwechatbusinessModel::set_user:BEGIN
[2019-08-22 00:05:42] trace  /app/ewei_shopv2_api.php?i=2&r=shop.get_hasnewcoupon&comefrom=wxapp&openid=sns_wa_oWJzS5EmrraWvVf0v0qrETEtJTe0&mid=&merchid=&authkey=&timestamp=1566403542495 yoxwechatbusinessModel::set_user:BEGIN
[2019-08-22 00:05:42] trace  /app/ewei_shopv2_api.php?i=2&r=shop.get_cpinfos&comefrom=wxapp&openid=sns_wa_oWJzS5EmrraWvVf0v0qrETEtJTe0&mid=&merchid=&authkey=&timestamp=1566403542499 yoxwechatbusinessModel::set_user:BEGIN
[2019-08-22 00:05:47] trace  /app/ewei_shopv2_api.php?i=2&r=yoxwechatbusiness&isajax=1&comefrom=wxapp&openid=sns_wa_oWJzS5EmrraWvVf0v0qrETEtJTe0&mid=&merchid=&authkey=&timestamp=1566403547447 yoxwechatbusinessModel::set_user:BEGIN
[2019-08-22 00:05:47] trace  /app/ewei_shopv2_api.php?i=2&r=bargain.act&comefrom=wxapp&openid=sns_wa_oWJzS5EmrraWvVf0v0qrETEtJTe0&mid=&merchid=&authkey=&timestamp=1566403547455 yoxwechatbusinessModel::set_user:BEGIN
[2019-08-22 00:05:50] trace  /app/ewei_shopv2_api.php?i=2&r=black&comefrom=wxapp&openid=sns_wa_oWJzS5EmrraWvVf0v0qrETEtJTe0&mid=&merchid=&authkey=&timestamp=1566403550527 yoxwechatbusinessModel::set_user:BEGIN
[2019-08-22 00:05:50] trace  /app/ewei_shopv2_api.php?i=2&r=diypage&type=home&comefrom=wxapp&openid=sns_wa_oWJzS5EmrraWvVf0v0qrETEtJTe0&mid=&merchid=&authkey=&timestamp=1566403550560 yoxwechatbusinessModel::set_user:BEGIN
[2019-08-22 00:05:50] trace  /app/ewei_shopv2_api.php?i=2&r=shop.get_shopindex&comefrom=wxapp&openid=sns_wa_oWJzS5EmrraWvVf0v0qrETEtJTe0&mid=&merchid=&authkey=&timestamp=1566403550630 yoxwechatbusinessModel::set_user:BEGIN
[2019-08-22 00:05:50] trace  /app/ewei_shopv2_api.php?i=2&r=shop.get_cpinfos&comefrom=wxapp&openid=sns_wa_oWJzS5EmrraWvVf0v0qrETEtJTe0&mid=&merchid=&authkey=&timestamp=1566403550736 yoxwechatbusinessModel::set_user:BEGIN
[2019-08-22 00:05:51] trace  /app/ewei_shopv2_api.php?i=2&r=shop.get_hasnewcoupon&comefrom=wxapp&openid=sns_wa_oWJzS5EmrraWvVf0v0qrETEtJTe0&mid=&merchid=&authkey=&timestamp=1566403550660 yoxwechatbusinessModel::set_user:BEGIN
[2019-08-22 00:06:04] trace  /app/ewei_shopv2_api.php?i=2&r=shop.get_category&comefrom=wxapp&openid=sns_wa_oWJzS5EmrraWvVf0v0qrETEtJTe0&mid=&merchid=&authkey=&timestamp=1566403564884 yoxwechatbusinessModel::set_user:BEGIN
[2019-08-22 00:06:11] trace  /app/ewei_shopv2_api.php?i=2&r=black&comefrom=wxapp&openid=sns_wa_oWJzS5EmrraWvVf0v0qrETEtJTe0&mid=&merchid=&authkey=&timestamp=1566403571939 yoxwechatbusinessModel::set_user:BEGIN
[2019-08-22 00:06:12] trace  /app/ewei_shopv2_api.php?i=2&r=diypage&type=goodsdetail&comefrom=wxapp&openid=sns_wa_oWJzS5EmrraWvVf0v0qrETEtJTe0&mid=&merchid=&authkey=&timestamp=1566403571953 yoxwechatbusinessModel::set_user:BEGIN
[2019-08-22 00:06:12] trace  /app/ewei_shopv2_api.php?i=2&r=goods.get_detail&id=60&comefrom=wxapp&openid=sns_wa_oWJzS5EmrraWvVf0v0qrETEtJTe0&mid=&merchid=&authkey=NDk2YmNBWkZlVzhXeW1uVndDL0U2YzJIT3BzbytjeC92aGdLS1dKaUU1YnF1R2Q5UTZHZytzSjdXV0hNTnZTNjYyakRYeWE2QWlhWnoxU01nSUY0d0h2RmxTTittNWtMUUtrN2NDVmJMdXoyT1E%3D&timestamp=1566403572955 yoxwechatbusinessModel::set_user:BEGIN
[2019-08-22 00:06:13] trace  /app/ewei_shopv2_api.php?i=2&r=package.get_list&goodsid=60&comefrom=wxapp&openid=sns_wa_oWJzS5EmrraWvVf0v0qrETEtJTe0&mid=&merchid=&authkey=&timestamp=1566403573246 yoxwechatbusinessModel::set_user:BEGIN
[2019-08-22 00:06:13] trace  /app/ewei_shopv2_api.php?i=2&r=goods.get_comments&id=60&comefrom=wxapp&openid=sns_wa_oWJzS5EmrraWvVf0v0qrETEtJTe0&mid=&merchid=&authkey=&timestamp=1566403573393 yoxwechatbusinessModel::set_user:BEGIN
[2019-08-22 00:06:46] trace  /app/ewei_shopv2_api.php?i=2&r=shop.get_shopindex&comefrom=wxapp&openid=sns_wa_oWJzS5EmrraWvVf0v0qrETEtJTe0&mid=&merchid=&authkey=&timestamp=1566403606486 yoxwechatbusinessModel::set_user:BEGIN
[2019-08-22 00:06:46] trace  /app/ewei_shopv2_api.php?i=2&r=shop.get_cpinfos&comefrom=wxapp&openid=sns_wa_oWJzS5EmrraWvVf0v0qrETEtJTe0&mid=&merchid=&authkey=&timestamp=1566403606496 yoxwechatbusinessModel::set_user:BEGIN
[2019-08-22 00:06:46] trace  /app/ewei_shopv2_api.php?i=2&r=shop.get_hasnewcoupon&comefrom=wxapp&openid=sns_wa_oWJzS5EmrraWvVf0v0qrETEtJTe0&mid=&merchid=&authkey=&timestamp=1566403606492 yoxwechatbusinessModel::set_user:BEGIN
[2019-08-22 00:06:49] trace  /app/ewei_shopv2_api.php?i=2&r=diypage&id=6&comefrom=wxapp&openid=sns_wa_oWJzS5EmrraWvVf0v0qrETEtJTe0&mid=&merchid=&authkey=&timestamp=1566403609445 yoxwechatbusinessModel::set_user:BEGIN
[2019-08-22 00:06:49] trace  /app/ewei_shopv2_api.php?i=2&r=diypage&type=6&comefrom=wxapp&openid=sns_wa_oWJzS5EmrraWvVf0v0qrETEtJTe0&mid=&merchid=&authkey=&timestamp=1566403609438 yoxwechatbusinessModel::set_user:BEGIN
[2019-08-22 00:06:53] trace  /app/ewei_shopv2_api.php?i=2&r=shop.get_shopindex&comefrom=wxapp&openid=sns_wa_oWJzS5EmrraWvVf0v0qrETEtJTe0&mid=&merchid=&authkey=&timestamp=1566403613381 yoxwechatbusinessModel::set_user:BEGIN
[2019-08-22 00:06:53] trace  /app/ewei_shopv2_api.php?i=2&r=shop.get_hasnewcoupon&comefrom=wxapp&openid=sns_wa_oWJzS5EmrraWvVf0v0qrETEtJTe0&mid=&merchid=&authkey=&timestamp=1566403613391 yoxwechatbusinessModel::set_user:BEGIN
[2019-08-22 00:06:53] trace  /app/ewei_shopv2_api.php?i=2&r=shop.get_cpinfos&comefrom=wxapp&openid=sns_wa_oWJzS5EmrraWvVf0v0qrETEtJTe0&mid=&merchid=&authkey=&timestamp=1566403613395 yoxwechatbusinessModel::set_user:BEGIN
[2019-08-22 00:06:54] trace  /app/ewei_shopv2_api.php?i=2&r=bargain.act&comefrom=wxapp&openid=sns_wa_oWJzS5EmrraWvVf0v0qrETEtJTe0&mid=&merchid=&authkey=&timestamp=1566403614870 yoxwechatbusinessModel::set_user:BEGIN
[2019-08-22 00:06:54] trace  /app/ewei_shopv2_api.php?i=2&r=yoxwechatbusiness&isajax=1&comefrom=wxapp&openid=sns_wa_oWJzS5EmrraWvVf0v0qrETEtJTe0&mid=&merchid=&authkey=&timestamp=1566403614864 yoxwechatbusinessModel::set_user:BEGIN
[2019-08-22 00:06:59] trace  /app/ewei_shopv2_api.php?i=2&r=black&comefrom=wxapp&openid=sns_wa_oWJzS5EmrraWvVf0v0qrETEtJTe0&mid=&merchid=&authkey=&timestamp=1566403619655 yoxwechatbusinessModel::set_user:BEGIN
[2019-08-22 00:06:59] trace  /app/ewei_shopv2_api.php?i=2&r=diypage&type=home&comefrom=wxapp&openid=sns_wa_oWJzS5EmrraWvVf0v0qrETEtJTe0&mid=&merchid=&authkey=&timestamp=1566403619666 yoxwechatbusinessModel::set_user:BEGIN
[2019-08-22 00:06:59] trace  /app/ewei_shopv2_api.php?i=2&r=shop.get_shopindex&comefrom=wxapp&openid=sns_wa_oWJzS5EmrraWvVf0v0qrETEtJTe0&mid=&merchid=&authkey=&timestamp=1566403619697 yoxwechatbusinessModel::set_user:BEGIN
[2019-08-22 00:07:00] trace  /app/ewei_shopv2_api.php?i=2&r=shop.get_hasnewcoupon&comefrom=wxapp&openid=sns_wa_oWJzS5EmrraWvVf0v0qrETEtJTe0&mid=&merchid=&authkey=&timestamp=1566403619699 yoxwechatbusinessModel::set_user:BEGIN
[2019-08-22 00:07:00] trace  /app/ewei_shopv2_api.php?i=2&r=shop.get_cpinfos&comefrom=wxapp&openid=sns_wa_oWJzS5EmrraWvVf0v0qrETEtJTe0&mid=&merchid=&authkey=&timestamp=1566403619703 yoxwechatbusinessModel::set_user:BEGIN
[2019-08-22 00:22:07] trace  /app/ewei_shopv2_api.php?i=2&r=black&comefrom=wxapp&openid=sns_wa_oWJzS5BLDgISTXBD1NLm9yDy5_X0&authkey=YmI1N1FFSVRWQ2VXQWVUYXAwaCtmU3dKTXlVWXA3dFpnVHdZTUlhZXlqbWlmNGwwR0ZVeU16bVNIZjllQmUxREREdGY0Q1FsMGR3OCt3MUwzQ2lIU2haTkJYSmpWVjl3V3h1RnpiZXlaUkF4RFE%3D&timestamp=1566404526637 yoxwechatbusinessModel::set_user:BEGIN
[2019-08-22 00:22:07] trace  /app/ewei_shopv2_api.php?i=2&r=shop.get_cpinfos&comefrom=wxapp&openid=sns_wa_oWJzS5BLDgISTXBD1NLm9yDy5_X0&mid=&merchid=&authkey=YmI1N1FFSVRWQ2VXQWVUYXAwaCtmU3dKTXlVWXA3dFpnVHdZTUlhZXlqbWlmNGwwR0ZVeU16bVNIZjllQmUxREREdGY0Q1FsMGR3OCt3MUwzQ2lIU2haTkJYSmpWVjl3V3h1RnpiZXlaUkF4RFE%3D&timestamp=1566404526705 yoxwechatbusinessModel::set_user:BEGIN
[2019-08-22 00:22:08] trace  /app/ewei_shopv2_api.php?i=2&r=shop.get_hasnewcoupon&comefrom=wxapp&openid=sns_wa_oWJzS5BLDgISTXBD1NLm9yDy5_X0&mid=&merchid=&authkey=YmI1N1FFSVRWQ2VXQWVUYXAwaCtmU3dKTXlVWXA3dFpnVHdZTUlhZXlqbWlmNGwwR0ZVeU16bVNIZjllQmUxREREdGY0Q1FsMGR3OCt3MUwzQ2lIU2haTkJYSmpWVjl3V3h1RnpiZXlaUkF4RFE%3D&timestamp=1566404526699 yoxwechatbusinessModel::set_user:BEGIN
[2019-08-22 00:22:08] trace  /app/ewei_shopv2_api.php?i=2&r=diypage&type=home&comefrom=wxapp&openid=sns_wa_oWJzS5BLDgISTXBD1NLm9yDy5_X0&mid=&merchid=&authkey=YmI1N1FFSVRWQ2VXQWVUYXAwaCtmU3dKTXlVWXA3dFpnVHdZTUlhZXlqbWlmNGwwR0ZVeU16bVNIZjllQmUxREREdGY0Q1FsMGR3OCt3MUwzQ2lIU2haTkJYSmpWVjl3V3h1RnpiZXlaUkF4RFE%3D&timestamp=1566404526653 yoxwechatbusinessModel::set_user:BEGIN
[2019-08-22 00:22:08] trace  /app/ewei_shopv2_api.php?i=2&r=shop.get_shopindex&comefrom=wxapp&openid=sns_wa_oWJzS5BLDgISTXBD1NLm9yDy5_X0&mid=&merchid=&authkey=YmI1N1FFSVRWQ2VXQWVUYXAwaCtmU3dKTXlVWXA3dFpnVHdZTUlhZXlqbWlmNGwwR0ZVeU16bVNIZjllQmUxREREdGY0Q1FsMGR3OCt3MUwzQ2lIU2haTkJYSmpWVjl3V3h1RnpiZXlaUkF4RFE%3D&timestamp=1566404526692 yoxwechatbusinessModel::set_user:BEGIN
[2019-08-22 00:22:21] trace  /app/ewei_shopv2_api.php?i=2&r=black&comefrom=wxapp&openid=sns_wa_oWJzS5BLDgISTXBD1NLm9yDy5_X0&mid=&merchid=&authkey=ZjFmYVhmYXptSzNpVEhncmt1cGQyakhleHZYSFF5S0V2QUxJR0dhVHdRNWsxMlp0YXpNb1I1Q3o4OGZ6RXd5Qm5tMEZMK3hISVovU2RlaWJDOTlvSUlUZHYrRFYxZ3IzWTRDWWtjMjBmSWpJU2c%3D&timestamp=1566404541791 yoxwechatbusinessModel::set_user:BEGIN
[2019-08-22 00:22:22] trace  /app/ewei_shopv2_api.php?i=2&r=diypage&type=goodsdetail&comefrom=wxapp&openid=sns_wa_oWJzS5BLDgISTXBD1NLm9yDy5_X0&mid=&merchid=&authkey=ZjFmYVhmYXptSzNpVEhncmt1cGQyakhleHZYSFF5S0V2QUxJR0dhVHdRNWsxMlp0YXpNb1I1Q3o4OGZ6RXd5Qm5tMEZMK3hISVovU2RlaWJDOTlvSUlUZHYrRFYxZ3IzWTRDWWtjMjBmSWpJU2c%3D&timestamp=1566404541796 yoxwechatbusinessModel::set_user:BEGIN
[2019-08-22 00:22:23] trace  /app/ewei_shopv2_api.php?i=2&r=goods.get_detail&id=30&comefrom=wxapp&openid=sns_wa_oWJzS5BLDgISTXBD1NLm9yDy5_X0&mid=&merchid=&authkey=MmIzMUdqZ3N3TkJ6NGprdHZkUTM4UytGcU05NDh6N1ZYdk1za1BrUDVjMHpIODJaWFVhZERrRkRNaU5KQ2NwYnc4NDRUeHhKaENOL3MwOEZDTnh5K1JWTktEMVBmSUYwZlB2M0wwVWRiYWswMGc%3D&timestamp=1566404543307 yoxwechatbusinessModel::set_user:BEGIN
[2019-08-22 00:22:23] trace  /app/ewei_shopv2_api.php?i=2&r=goods.get_comments&id=30&comefrom=wxapp&openid=sns_wa_oWJzS5BLDgISTXBD1NLm9yDy5_X0&mid=&merchid=&authkey=&timestamp=1566404543973 yoxwechatbusinessModel::set_user:BEGIN
[2019-08-22 00:22:28] trace  /app/ewei_shopv2_api.php?i=2&r=shop.get_shopindex&comefrom=wxapp&openid=sns_wa_oWJzS5BLDgISTXBD1NLm9yDy5_X0&mid=&merchid=&authkey=&timestamp=1566404548538 yoxwechatbusinessModel::set_user:BEGIN
[2019-08-22 00:22:28] trace  /app/ewei_shopv2_api.php?i=2&r=shop.get_hasnewcoupon&comefrom=wxapp&openid=sns_wa_oWJzS5BLDgISTXBD1NLm9yDy5_X0&mid=&merchid=&authkey=&timestamp=1566404548541 yoxwechatbusinessModel::set_user:BEGIN
[2019-08-22 00:22:28] trace  /app/ewei_shopv2_api.php?i=2&r=shop.get_cpinfos&comefrom=wxapp&openid=sns_wa_oWJzS5BLDgISTXBD1NLm9yDy5_X0&mid=&merchid=&authkey=&timestamp=1566404548544 yoxwechatbusinessModel::set_user:BEGIN
[2019-08-22 00:22:32] trace  /app/ewei_shopv2_api.php?i=2&r=black&comefrom=wxapp&openid=sns_wa_oWJzS5BLDgISTXBD1NLm9yDy5_X0&mid=&merchid=&authkey=&timestamp=1566404552549 yoxwechatbusinessModel::set_user:BEGIN
[2019-08-22 00:22:32] trace  /app/ewei_shopv2_api.php?i=2&r=diypage&type=home&comefrom=wxapp&openid=sns_wa_oWJzS5BLDgISTXBD1NLm9yDy5_X0&mid=&merchid=&authkey=&timestamp=1566404552556 yoxwechatbusinessModel::set_user:BEGIN
[2019-08-22 00:22:32] trace  /app/ewei_shopv2_api.php?i=2&r=shop.get_shopindex&comefrom=wxapp&openid=sns_wa_oWJzS5BLDgISTXBD1NLm9yDy5_X0&mid=&merchid=&authkey=&timestamp=1566404552587 yoxwechatbusinessModel::set_user:BEGIN
[2019-08-22 00:22:33] trace  /app/ewei_shopv2_api.php?i=2&r=shop.get_hasnewcoupon&comefrom=wxapp&openid=sns_wa_oWJzS5BLDgISTXBD1NLm9yDy5_X0&mid=&merchid=&authkey=&timestamp=1566404552589 yoxwechatbusinessModel::set_user:BEGIN
[2019-08-22 00:22:33] trace  /app/ewei_shopv2_api.php?i=2&r=shop.get_cpinfos&comefrom=wxapp&openid=sns_wa_oWJzS5BLDgISTXBD1NLm9yDy5_X0&mid=&merchid=&authkey=&timestamp=1566404552593 yoxwechatbusinessModel::set_user:BEGIN
